Log started at 16.12.2024	16:46:11
Number of used processors (NPROC): 6.
Number of mesh partitions (NPART): 6.
Total Physical Memory = 31.91 Gb, Available Physical Memory = 16.58 Gb
Computer name:	DESKTOP-C408A46
Operating system:	Windows 11 (or higher) (Version 10.0.22631)

Commandline:	"C:\Program Files\SOLIDWORKS Corp\SOLIDWORKS Flow Simulation\BINCFW\efdsolver.exe" /config:"C:\Users\juded\OneDrive\Documents\GitHub\Mechanical\Car shit\32\32.xmlconfig" /guid:cc3b5906-9b89-437c-87d3-18f6e8dd230b /processors:max /m /s /prjnamelm:"Flow Simulation 2023" /prjnamehabout:"Flow Simulation 2023" /companyname:"COSMOS Applications" /prjaliasid:1009 /lang:English /port:54611

SOLIDWORKS 2023 SP2.1
Flow Simulation 2023  x64 / 5965

Project: C:\Users\juded\OneDrive\Documents\GitHub\Mechanical\Car shit\32\32.xmlconfig
Configuration name: Default
Project name: Project(1)
Problem type: external-with-void-internal-space-type
Exclude cavities without flow conditions: ON
NGK: OFF
MBO: OFF
-----------------------------------------------------------------------
Mesher option run = eRunMesherNormal
-----------------------------------------------------------------------

Mesh generation started:	16.12.2024	16:46:11
-----------------------------------------------------------------------
Memory Working Set Current = 15.48 Mb, Memory Working Set Peak = 15.48 Mb
Memory Private Bytes Current = 15.97 Mb, Memory Private Bytes Peak = 15.97 Mb
Process Threads Number: 7
-----------------------------------------------------------------------
Mesher adjust APD = OFF; AdjustAPD_method=0; N_per_Channel = 0; N2_per_Channel = 0
Current CPU = 0 sec
-----------------------------------------------------------------------
Geometries initialization:
-----------------------------------------------------------------------
Loading mesh settings (global/local)...
-----------------------------------------------------------------------
Number of geometries from DB: 1
Geometry(0):
	Guid = {00000000-0000-0000-0000-000000000000}
	Fluid..
	1 Body.
	1 Real body.
	-- Bodyset 0 --
		Tolerance=0.000466146.
		37 Face(s).
			37 of b-spline type.
		0 Face(s) that have no ref faces
		14 Plane surface(s).
		23 B- surface(s).
		56800 Triangle(s).
		Getting triangle connectivities from DB: 0.007 s
		102 Edge(s).
			102 of b-spline type.
		BodyGeom reading: 0.039 s.
		56800 Reference Triangles.
		Getting triangle connectivities from DB (Ref): 0.007 s
		BodyGeom Ref reading: 0.015 s.
Geometry(1):
	Solid.
	-- Bodyset 1 --
	Empty
-----------------------------------------------------------------------
Number of geometries in task: 2
	G : 0	Type: Fluid
	G : 1	Type: Solid
Number of bodysets   in task: 2
-----------------------------------------------------------------------
BodySet (0):
	Making hash and connectivity for Bodyset ...
		CBodyGeom:
		Hash size: {36, 248, 32}.
		Mesh size: {36, 62, 32}.
		Hashing triangles...Ok.
			axis(0) tr sizes: average=48 max=405
			axis(1) tr sizes: average=191 max=912
			axis(2) tr sizes: average=24 max=169
		Number of t-connected sets:1 (cavity=0)
		CBodyGeomRef:
		Hashing triangles...Ok.
			axis(0) tr sizes: average=102 max=780
			axis(1) tr sizes: average=185 max=868
			axis(2) tr sizes: average=51 max=331
	0.0922 s.
Geometries reading and preparing has taken 0.172 s.
-----------------------------------------------------------------------
Mapped triangles:
Hashing rough geometry(bodies) triangulation:
BodySet (0):
	Triangles num=56800
	Triangles box={-0.910101 ,0.913451 ,-5 ,0 ,0.0673929 ,0.998274}
		3d-hash size is 597604 bytes
BodySet (1):
no log info (empty stream)

Mapped triangles processed in 0.062 s.
-----------------------------------------------------------------------
-----------------------------------------------------------------------
Getting sectors:
Number of sectors: 0
-----------------------------------------------------------------------
-----------------------------------------------------------------------
Bodies:     2
Faces:      37
Edges:      102
Triangles:  56800
-----------------------------------------------------------------------

Current CPU = 0 sec
-----------------------------------------------------------------------
Memory Working Set Current = 56.56 Mb, Memory Working Set Peak = 67.42 Mb
Memory Private Bytes Current = 56.09 Mb, Memory Private Bytes Peak = 66.63 Mb
Process Threads Number: 12
-----------------------------------------------------------------------
-----------------------------------------------------------------------
Checking faces on CD...
FCD = [0 0 0 0 0 0]
FCD_conflicts = 0
Time (check faces on CD)=0.000 s
-----------------------------------------------------------------------

-----------------------------------------------------------------------
Mesh dimensions:
				I[0 ]=36
				I[1 ]=62
				I[2 ]=32

Comp. domain size:
				a[0  ]=-3.70754
				a[1  ]=3.71134
				a[2  ]=-9.66151
				a[3  ]=2.79692
				a[4  ]=-2.73056
				a[5  ]=3.79547

Fluid calculated			1
Solid calculated			0
-----------------------------------------------------------------------
MESH Build started...
-----------------------------------------------------------------------
Mesh LEVEL = 1
-----------------------------------------------------------------------
-----------------------------------------------------------------------
CPT-mode xeps:
	D / dh / eps [axis=0] = (7.41888, 0.0807071, 8.07071e-05)
	D / dh / eps [axis=1] = (12.4584, 0.0885539, 8.85539e-05)
	D / dh / eps [axis=2] = (6.52604, 0.0761365, 7.61365e-05)
-----------------------------------------------------------------------
Initial allocation and brick-body-box intersection...OK (0.003 s)
Initial triangle brick intersection...OK (0.002 s)
Setting regions (71424 / 71424)...OK (0.002 s)
-----------------------------------------------------------------------
Base mesh info:
	3D task
	Nx=36
	Ny=62
	Nz=32
	N(Nx*Ny*Nz) = 2232
	Period    axis=[0, 0, 0]
	Symmetry  ni=[0 0 0 0 0 0]
	ZoomingBC ni=[0 0 0 0 0 0]
	Nx=36
		x[0]=-3.70754
		x[1]=-3.42559
		x[2]=-3.15652
		x[3]=-2.89966
		x[4]=-2.65446
		x[5]=-2.42039
		x[6]=-2.19694
		x[7]=-1.98363
		x[8]=-1.78
		x[9]=-1.58561
		x[10]=-1.40005
		x[11]=-1.2229
		x[12]=-1.0538
		x[13]=-0.892365
		x[14]=-0.713496
		x[15]=-0.534632
		x[16]=-0.355769
		x[17]=-0.176906
		x[18]=0.00195764
		x[19]=0.180821
		x[20]=0.359684
		x[21]=0.538548
		x[22]=0.717411
		x[23]=0.896274
		x[24]=1.05769
		x[25]=1.22679
		x[26]=1.40393
		x[27]=1.58949
		x[28]=1.78388
		x[29]=1.98751
		x[30]=2.20082
		x[31]=2.42428
		x[32]=2.65836
		x[33]=2.90358
		x[34]=3.16045
		x[35]=3.42954
		x[36]=3.71134
	Ny=62
		y[0]=-9.66151
		y[1]=-9.36282
		y[2]=-9.07806
		y[3]=-8.80651
		y[4]=-8.54756
		y[5]=-8.30061
		y[6]=-8.06512
		y[7]=-7.84055
		y[8]=-7.62639
		y[9]=-7.42217
		y[10]=-7.22741
		y[11]=-7.04169
		y[12]=-6.86458
		y[13]=-6.68272
		y[14]=-6.50086
		y[15]=-6.319
		y[16]=-6.13714
		y[17]=-5.95528
		y[18]=-5.77342
		y[19]=-5.59157
		y[20]=-5.40971
		y[21]=-5.22785
		y[22]=-5.04599
		y[23]=-4.86413
		y[24]=-4.68227
		y[25]=-4.50041
		y[26]=-4.31855
		y[27]=-4.13669
		y[28]=-3.95483
		y[29]=-3.77297
		y[30]=-3.59111
		y[31]=-3.40925
		y[32]=-3.22739
		y[33]=-3.04553
		y[34]=-2.86367
		y[35]=-2.68181
		y[36]=-2.49995
		y[37]=-2.32085
		y[38]=-2.14175
		y[39]=-1.96265
		y[40]=-1.78355
		y[41]=-1.60445
		y[42]=-1.42535
		y[43]=-1.24625
		y[44]=-1.06715
		y[45]=-0.888046
		y[46]=-0.708946
		y[47]=-0.529845
		y[48]=-0.350745
		y[49]=-0.171644
		y[50]=0.00745635
		y[51]=0.186557
		y[52]=0.369822
		y[53]=0.562344
		y[54]=0.764588
		y[55]=0.977046
		y[56]=1.20023
		y[57]=1.43469
		y[58]=1.68099
		y[59]=1.93973
		y[60]=2.21153
		y[61]=2.49706
		y[62]=2.79692
	Nz=32
		z[0]=-2.73056
		z[1]=-2.44465
		z[2]=-2.17265
		z[3]=-1.91384
		z[4]=-1.66757
		z[5]=-1.43323
		z[6]=-1.21025
		z[7]=-0.998078
		z[8]=-0.796185
		z[9]=-0.604075
		z[10]=-0.421276
		z[11]=-0.247335
		z[12]=-0.0818229
		z[13]=0.0756682
		z[14]=0.227941
		z[15]=0.380215
		z[16]=0.53249
		z[17]=0.684764
		z[18]=0.837038
		z[19]=0.989312
		z[20]=1.14679
		z[21]=1.31229
		z[22]=1.48623
		z[23]=1.66902
		z[24]=1.86113
		z[25]=2.06302
		z[26]=2.2752
		z[27]=2.49819
		z[28]=2.73253
		z[29]=2.97882
		z[30]=3.23765
		z[31]=3.50967
		z[32]=3.79547
-----------------------------------------------------------------------
Input_mesh_settings--------------------------------
Settings 0----------------
	Scope: GLOBAL
	Type:	------MESHER_SETTINGS----------
	RefAllCells           =0
	RefFluidCells         =0
	RefPartCells          =0
	RefSolidCells         =0
	l_SSFR(Capture crit)  =1
	l_curv(Curvature crit)=0
	l_tol(Tolerance crit) =0
	UseChannelRef         =1
	  NCR_method          =0
	  l_NCR               =1
	  N_gap               =5
	  Use d_NCR_min       =0
	  Use d_NCR_max       =0
	CloseThinSlotsHeight         =0
	--END_OF_MESHER_SETTINGS-------
End of input mesh settings-------------------------
-----------------------------------------------------------------------
Memory Working Set Current = 73.72 Mb, Memory Working Set Peak = 73.72 Mb
Memory Private Bytes Current = 74.03 Mb, Memory Private Bytes Peak = 74.03 Mb
Process Threads Number: 12
-----------------------------------------------------------------------
MMP (msh): locals=1, allc_sz=9.41 MB, used_sz=8.72 MB, blks-min-max=27/27
MMP (brx): locals=6, allc_sz=8.62 MB, used_sz=8.20 MB, blks-min-max=14/17
MMP (bcf): locals=0, allc_sz=0.00 MB, used_sz=0.00 MB, blks-min-max=0/0
MMP (xsl): locals=0, allc_sz=0.00 MB, used_sz=0.00 MB, blks-min-max=0/0
NxNyNz = [36, 62, 32]
base_dx=0.203654; 
NxNyNz_reverse = [36, 61, 32]

-----------------------------------------------------------------------
Refining geometries:
-----------------------------------------------------------------------

-----------------------------------------------------------------------
Refining by triangulation...
Refinement input: 71424 bricks
	Checking crit (71424 / 71424)...50 marked (0.066 s)
	Time(refinement): 0.000 s
Setting regions (400 / 71774)...OK (0.001 s)
	Checking crit (0 / 71774)...0 marked (0.001 s)
Refinement result (1 iterations): 71774 bricks (0.076 s)
Refinement input: 71774 bricks
	Checking crit (71374 / 71774)...0 marked (0.003 s)
Refinement result (0 iterations): 71774 bricks (0.004 s)
Collecting and processing rays:
	Adding rays...OK (0.010 s)
	new bricks = 71774 / 71774
	new rays   = 5993 (x=2159, y=1295, z=2539)
	Processing rays...
		Rays process:  0.153 (0.153) s
		Sort xstacks:  0.000 (0.000) s
		Put xstacks:   0.000 (0.000) s
		Total:         0.156 s
	Correcting rays...
		Lame vertices: 0.013 (0.013) s
		Bad rays:      0.000 (0.000) s
		Emit rays:     0.000 (0.000) s
		Correct ray f: 0.000 (0.000) s
		Undef:         0.000 (0.000) s
		Sum:           0.014 (0.014) s
		Total:         0.035 s
	Time (rays): 0.204 s
Capturing (71774 / 71774)...OK (0.005 s)
Refining by triangulation takes 0.29 s
-----------------------------------------------------------------------

-----------------------------------------------------------------------
Refining peculiar surfaces...
Collecting and processing rays:
	Adding rays...OK (0.001 s)
	new bricks = 0 / 71774
	new rays   = 0 (x=0, y=0, z=0)
	Processing rays...
		Rays process:  0.000 (0.000) s
		Sort xstacks:  0.000 (0.000) s
		Put xstacks:   0.000 (0.000) s
		Total:         0.000 s
	Correcting rays...
		Total:         0.000 s
	Time (rays): 0.002 s
Capturing (0 / 71774)...OK (0.001 s)
0 surfaces refined
Refining peculiar surfaces takes 0.007 s
-----------------------------------------------------------------------

-----------------------------------------------------------------------
Base mesh 1 Refining...
Collecting and processing rays:
	Adding rays...OK (0.000 s)
	new bricks = 0 / 71774
	new rays   = 0 (x=0, y=0, z=0)
	Processing rays...
		Rays process:  0.000 (0.000) s
		Sort xstacks:  0.000 (0.000) s
		Put xstacks:   0.000 (0.000) s
		Total:         0.001 s
	Correcting rays...
		Total:         0.000 s
	Time (rays): 0.002 s
Capturing (0 / 71774)...OK (0.001 s)
Refinement input: 71774 bricks
	Checking crit (71374 / 71774)...0 marked (0.001 s)
Refinement result (0 iterations): 71774 bricks (0.003 s)
-----------------------------------------------------------------------
Refining channels...
FYI: CNarrowChannelRefiner::RefineChannels_PRLL
Refinement input: 71774 bricks
	Time(refinement): 0.000 s
Setting regions (192 / 71942)...OK (0.002 s)
Refinement result (1 iterations): 71942 bricks (0.009 s)
Collecting and processing rays:
	Adding rays...OK (0.001 s)
	new bricks = 192 / 71942
	new rays   = 93 (x=35, y=14, z=44)
	Processing rays...
		Rays process:  0.001 (0.001) s
		Sort xstacks:  0.000 (0.000) s
		Put xstacks:   0.000 (0.000) s
		Total:         0.002 s
	Correcting rays...
		Lame vertices: 0.001 (0.001) s
		Bad rays:      0.000 (0.000) s
		Emit rays:     0.000 (0.000) s
		Correct ray f: 0.000 (0.000) s
		Undef:         0.000 (0.000) s
		Sum:           0.001 (0.001) s
		Total:         0.004 s
	Time (rays): 0.008 s
Capturing (192 / 71942)...OK (0.002 s)
FYI: m_iteration_count = 0
FYI: level1 statistics:
     level1_cnt_plus[1]=192;		level1_cnt_minus[1]=0
     level1_cnt_plus[2]=0;		level1_cnt_minus[2]=0
     level1_cnt_plus[3]=0;		level1_cnt_minus[3]=0
     level1_cnt_plus[4]=0;		level1_cnt_minus[4]=0
     level1_cnt_plus[5]=0;		level1_cnt_minus[5]=0
     level1_cnt_plus[6]=0;		level1_cnt_minus[6]=0
     level1_cnt_plus[7]=0;		level1_cnt_minus[7]=0
     level1_cnt_plus[8]=0;		level1_cnt_minus[8]=0
     level1_cnt_plus[9]=0;		level1_cnt_minus[9]=0
Refinement input: 71942 bricks
	Time(refinement): 0.001 s
Setting regions (40 / 71977)...OK (0.001 s)
Refinement result (1 iterations): 71977 bricks (0.010 s)
Collecting and processing rays:
	Adding rays...OK (0.000 s)
	new bricks = 40 / 71977
	new rays   = 16 (x=7, y=0, z=9)
	Processing rays...
		Rays process:  0.000 (0.000) s
		Sort xstacks:  0.000 (0.000) s
		Put xstacks:   0.000 (0.000) s
		Total:         0.001 s
	Correcting rays...
		Lame vertices: 0.001 (0.001) s
		Bad rays:      0.000 (0.000) s
		Emit rays:     0.000 (0.000) s
		Correct ray f: 0.000 (0.000) s
		Undef:         0.000 (0.000) s
		Sum:           0.001 (0.001) s
		Total:         0.002 s
	Time (rays): 0.003 s
Capturing (40 / 71977)...OK (0.005 s)
FYI: m_iteration_count = 1
FYI: level1 statistics:
     level1_cnt_plus[1]=232;		level1_cnt_minus[1]=0
     level1_cnt_plus[2]=0;		level1_cnt_minus[2]=0
     level1_cnt_plus[3]=0;		level1_cnt_minus[3]=0
     level1_cnt_plus[4]=0;		level1_cnt_minus[4]=0
     level1_cnt_plus[5]=0;		level1_cnt_minus[5]=0
     level1_cnt_plus[6]=0;		level1_cnt_minus[6]=0
     level1_cnt_plus[7]=0;		level1_cnt_minus[7]=0
     level1_cnt_plus[8]=0;		level1_cnt_minus[8]=0
     level1_cnt_plus[9]=0;		level1_cnt_minus[9]=0
FYI: m_iteration_count = 2
FYI: level1 statistics:
     level1_cnt_plus[1]=232;		level1_cnt_minus[1]=0
     level1_cnt_plus[2]=0;		level1_cnt_minus[2]=0
     level1_cnt_plus[3]=0;		level1_cnt_minus[3]=0
     level1_cnt_plus[4]=0;		level1_cnt_minus[4]=0
     level1_cnt_plus[5]=0;		level1_cnt_minus[5]=0
     level1_cnt_plus[6]=0;		level1_cnt_minus[6]=0
     level1_cnt_plus[7]=0;		level1_cnt_minus[7]=0
     level1_cnt_plus[8]=0;		level1_cnt_minus[8]=0
     level1_cnt_plus[9]=0;		level1_cnt_minus[9]=0
FYI: level1 statistics:
     level1_cnt_plus[1]=232;		level1_cnt_minus[1]=0
     level1_cnt_plus[2]=0;		level1_cnt_minus[2]=0
     level1_cnt_plus[3]=0;		level1_cnt_minus[3]=0
     level1_cnt_plus[4]=0;		level1_cnt_minus[4]=0
     level1_cnt_plus[5]=0;		level1_cnt_minus[5]=0
     level1_cnt_plus[6]=0;		level1_cnt_minus[6]=0
     level1_cnt_plus[7]=0;		level1_cnt_minus[7]=0
     level1_cnt_plus[8]=0;		level1_cnt_minus[8]=0
     level1_cnt_plus[9]=0;		level1_cnt_minus[9]=0

-----------------------------------------------------------------------
U-shapes refinement...
Refinement input: 71977 bricks
	Checking crit (71345 / 71977)...0 marked (0.011 s)
Refinement result (0 iterations): 71977 bricks (0.013 s)
Collecting and processing rays:
	Adding rays...OK (0.000 s)
	new bricks = 0 / 71977
	new rays   = 0 (x=0, y=0, z=0)
	Processing rays...
		Rays process:  0.000 (0.000) s
		Sort xstacks:  0.000 (0.000) s
		Put xstacks:   0.000 (0.000) s
		Total:         0.000 s
	Correcting rays...
		Total:         0.000 s
	Time (rays): 0.001 s
Capturing (0 / 71977)...OK (0.002 s)
-----------------------------------------------------------------------

-----------------------------------------------------------------------
Equi Distant Refiner:
Equi Distant Refiner takes 0.00 s
-----------------------------------------------------------------------

/-Ray Intersection---------------/ Time	0.891 s
Calls                6102
CorrectRay Calls     0



-----------------------------------------------------------------------
Refining geometries takes 0.459 s
-----------------------------------------------------------------------
-----------------------------------------------------------------------
Memory Working Set Current = 82.49 Mb, Memory Working Set Peak = 82.49 Mb
Memory Private Bytes Current = 82.00 Mb, Memory Private Bytes Peak = 82.00 Mb
Process Threads Number: 12
-----------------------------------------------------------------------
Defect ray count	0
FYI: CNarrowChannelRefiner::RedistributeLevel1_step_1: is started
FYI: CNarrowChannelRefiner::RedistributeLevel1_step_1: is finished (0.002 s)
FYI: level1 statistics:
     level1_cnt_plus[1]=232;		level1_cnt_minus[1]=0
     level1_cnt_plus[2]=0;		level1_cnt_minus[2]=0
     level1_cnt_plus[3]=0;		level1_cnt_minus[3]=0
     level1_cnt_plus[4]=0;		level1_cnt_minus[4]=0
     level1_cnt_plus[5]=0;		level1_cnt_minus[5]=0
     level1_cnt_plus[6]=0;		level1_cnt_minus[6]=0
     level1_cnt_plus[7]=0;		level1_cnt_minus[7]=0
     level1_cnt_plus[8]=0;		level1_cnt_minus[8]=0
     level1_cnt_plus[9]=0;		level1_cnt_minus[9]=0
FYI: CNarrowChannelRefiner::RedistributeLevel1_step_2: is started
FYI: CNarrowChannelRefiner::RedistributeLevel1_step_2: is finished (0.078 s)
FYI: level1 statistics:
     level1_cnt_plus[1]=239;		level1_cnt_minus[1]=0
     level1_cnt_plus[2]=0;		level1_cnt_minus[2]=0
     level1_cnt_plus[3]=0;		level1_cnt_minus[3]=0
     level1_cnt_plus[4]=0;		level1_cnt_minus[4]=0
     level1_cnt_plus[5]=0;		level1_cnt_minus[5]=0
     level1_cnt_plus[6]=0;		level1_cnt_minus[6]=0
     level1_cnt_plus[7]=0;		level1_cnt_minus[7]=0
     level1_cnt_plus[8]=0;		level1_cnt_minus[8]=0
     level1_cnt_plus[9]=0;		level1_cnt_minus[9]=0
FYI: CNarrowChannelRefiner::RedistributeLevel1_step_3: is started
FYI: CNarrowChannelRefiner::RedistributeLevel1_step_3: is finished (0.025 s)
RedistributeLevel1 takes:
FYI: level1 statistics:
     level1_cnt_plus[1]=239;		level1_cnt_minus[1]=354
     level1_cnt_plus[2]=0;		level1_cnt_minus[2]=0
     level1_cnt_plus[3]=0;		level1_cnt_minus[3]=0
     level1_cnt_plus[4]=0;		level1_cnt_minus[4]=0
     level1_cnt_plus[5]=0;		level1_cnt_minus[5]=0
     level1_cnt_plus[6]=0;		level1_cnt_minus[6]=0
     level1_cnt_plus[7]=0;		level1_cnt_minus[7]=0
     level1_cnt_plus[8]=0;		level1_cnt_minus[8]=0
     level1_cnt_plus[9]=0;		level1_cnt_minus[9]=0
-----------------------------------------------------------------------
MSH format builder (Iteration 0)
-----------------------------------------------------------------------
Memory Working Set Current = 84.15 Mb, Memory Working Set Peak = 84.15 Mb
Memory Private Bytes Current = 83.69 Mb, Memory Private Bytes Peak = 83.69 Mb
Process Threads Number: 12
-----------------------------------------------------------------------
Total bricks count: 71977
-----------------------------------------------------------------------
MSH (Real Geometry) format constructor:
	Geom    Count = 2
	Bodyset Count = 2
	3D task
	Getting brick sets...OK (0.003 s)

	Min x-stack xeps = 0.00883911
	D / dh / eps [axis=0] = (7.41888, 0.0807071, 8.07071e-05)
	D / dh / eps [axis=1] = (12.4584, 0.0895499, 8.95499e-05)
	D / dh / eps [axis=2] = (6.52604, 0.0761365, 7.61365e-05)
	Time (xeps): 0.001 s
Level 1
	Set (0)  size: 316
	Set (0)  time: 0.012 s
	Set (1)  size: 316
	Set (1)  time: 0.009 s
Level 0
	Set (0)  size: 35672
	Set (0)  time: 0.030 s
	Set (1)  size: 35673
	Set (1)  time: 0.030 s

	Spread npq bricks...0 marked (0.001 s)

Result:
	Bricks number:                        71977

	Memory usage:                         1.279 MB
	Memory usage (per brick):             0.018 KB
	Construction time:                    0.089 s

	Topology features:
	------------------
	- High quality bricks                   99.99 % (71973)
	- Medium quality bricks                  0.01 % (4)
	- Bad quality bricks                     0.00 % (0)
	- NPQ bricks                             0.01 % (4)
	- Type-1 bricks                          1.44 % (1033)
	- Ribs corrected bricks                  0.00 % (0)
	- Points with geom-info (bricks)         0.02 % (11)
	- Points with closest-info (bricks)      0.00 % (0)
	- Triangulated by center (bricks)        0.01 % (4)
	- Facet w-faces mergings (bricks)        0.00 % (0)
	- To refine (bricks)                     0.00 % (0)
	- Points-count                           0.00 % (0)
	- T-self-intersection-all (bricks)       0.00 % (0)
	- T-self-intersection-simple (bricks)    0.00 % (0)
	- T-self-intersection-complex (bricks)   0.00 % (0)
	- NPQ by reason 1 u-shape                0.00 % (0)
	- NPQ by reason 2 tri-by-ctr             0.00 % (0)
	- NPQ by reason 3 ray-correction         0.00 % (0)
	- NPQ by reason 4 t-self-intersection    0.00 % (0)
	- NPQ by reason 5 non-good               0.01 % (4)
	- NPQ by reason 6 npq-worker             0.00 % (0)

-----------------------------------------------------------------------
Memory Working Set Current = 90.67 Mb, Memory Working Set Peak = 90.67 Mb
Memory Private Bytes Current = 90.33 Mb, Memory Private Bytes Peak = 90.33 Mb
Process Threads Number: 12
-----------------------------------------------------------------------
-----------------------------------------------------------------------
msh-iterations: 1
-----------------------------------------------------------------------
high---q-brick-count =  99.99 % (71977 71973)
medium-q-brick-count =   0.01 % (71977 4)
bad----q-brick-count =   0.00 % (71977 0)
np-----q-brick-count =   0.01 % (71977 4)
-----------------------------------------------------------------------
Free brick parser storage...OK(0.001 s)
-----------------------------------------------------------------------
Memory Working Set Current = 90.72 Mb, Memory Working Set Peak = 90.72 Mb
Memory Private Bytes Current = 90.33 Mb, Memory Private Bytes Peak = 90.33 Mb
Process Threads Number: 12
-----------------------------------------------------------------------
-----------------------------------------------------------------------
MSH --> BCF format (Iteration 0)...
BCF collector...(remove mode=0)
	Time (alloc counter per brick): 0.001 s
	Brick    count: 71977
	Av.f all count: 71866
	Av.s all count: 1217
	Av.f pid count: 1106
	Av.s pid count: 1033
	Faces fs count: 2917
	Faces ff count: 0
	Faces ss count: 0
	Faces bb count: 0
	Faces fe count: 10736
	Faces se count: 0
	Faces fw count: 13653
	Faces af count: 210119
	Faces as count: 3201
	Time (all count): 	0.004 s
	Time (bcf alloc): 	0.001 s
	Time (shifts alloc): 	0.003 s
	Time (shifts init): 	0.003 s
	Time (bcf fill): 	0.009 s
	Time (add av to faces): 0.001 s
	Time (add faces to av): 0.004 s
Time (bcf collect): 		0.029 s
	AV checker...
		Hole marker...
			Subdomains:               1.
			Subdomains (cond):        1.
			Time (sd):      0.015 s.
			Time (sd_cond): 0.014 s.
			Time (potential-hole marking): 	0.001 s
			Time (hole checking): 0.000 s.
			0 av(s) are marked to fill subdomain holes.
		Time (hole marker): 0.032 s.
	Time (check av): 	0.058 s
	Subdomain checker...
		Subdomains construction time: 0.016 s.
		Subdomains sort time: 0.000 s.
			Subdomain 0 (geom_ind=0): 71866 av
			Subdomain 1 (geom_ind=1): 1217 av
		gi: 0, real bodies: 1
		gi: 0, subdomains:  1
		gi: 1, real bodies: 0
		gi: 1, subdomains:  1
		Defect subdomains: 0
	Time (check subdoms): 	0.019 s
Time (bcf iteration total): 	0.107 s
	Time (fw-nb): 		0.001 s
	Fixed mutual fw-nb:     2360 (bb: 0)
	Time (fw-nb mutual): 	0.001 s
	Time (fw-nb sort): 	0.000 s
	Fw-opt BEFORE total:    13653 (fs=2917, ff=0, ss=0)
	Fw-opt AFTER  total:    12290 (fs=1554, ff=0, ss=0, failed fw/br=18/0, big_curv=1, big_poly=0)
	Fw-opt RESULT:          1363 (res/(fs+ff+ss) = 46.73 %)
	Time (fw-opt): 		0.002 s
	Time (fw-re-order): 	0.001 s
	Time (fw-nb): 		0.005 s
	Fixed mutual fw-nb:     24649 (bb: 0)
	Time (fw-nb mutual): 	0.002 s
	Time (fw-nb sort): 	0.001 s
	Time (rfd fix): 	0.000 s
	Time (av convexity): 	0.001 s
	Time (av small volume): 0.000 s
	Time (diagonal fw-nb): 	0.014 s
	Fixed mutual fw-nb:     0 (bb: 0)
	Time (fw-nb mutual): 	0.003 s
	Time (fw-nb sort): 	0.001 s
	Fluid subdomains: 1
	Faces fw-nb diff sd:    0
	Time (fw-nb diff sd): 	0.014 s
Time (bcf calc): 		0.053 s
-----------------------------------------------------------------------
Time (bcf total): 		0.161 s
-----------------------------------------------------------------------
bcf-iterations: 1
-----------------------------------------------------------------------
-----------------------------------------------------------------------
Mega-cv constructor for fluid...
	 0 av's is treated as thin
Relative size generator (threshold = 0.05)...
	Iteration 1 (small cluster count = 91)
	Iteration 2 (small cluster count = 39)
	Iteration 3 (small cluster count = 5)
	Iteration 4 (small cluster count = 2)
	Iteration 5 (small cluster count = 0)
	 85 mega-cv's generated
	 2 mega-cv's removed
Relative size generator is completed OK (0.004 s)
Apply fa-rules to mega-cv clusters fixes...
	Fa-rule violation fixes:       18 of       20 (total cluster# =       90)
OK (0.003 s)
There are 2 clusters with nbrs connected in more than one axis
Convert clusters:
	 81 mega-cv's total
Mega-cv count: 81
Time (mega-cv fill): 	0.000 s
WARNING! Mega-cv normal-direction rule violation counts: rule-I = 2, rule-II = 0
Time (mega-cv total): 	0.020 s
-----------------------------------------------------------------------
Mixing plane rotation regions: NO.
Sliding mesh rotation regions: NO.
Fluid/fluid faces: NO.
-----------------------------------------------------------------------
Memory Working Set Current = 110.61 Mb, Memory Working Set Peak = 121.20 Mb
Memory Private Bytes Current = 128.72 Mb, Memory Private Bytes Peak = 128.72 Mb
Process Threads Number: 12
-----------------------------------------------------------------------
----------------------------------------------------------
BCF --> BCF.GEOMSUBDOM (bridge arrays):
MESH (0):
	Fluid Subdom Constructor: 1 subdom(s).
	Solid Subdom Constructor: 1 subdom(s).
	Net Asm Subdom Constructor: 0 subdom(s).
	GEOMSUBDOM (0): gi=0 Fluid av=71866 cv=71771 fa=210119 fb=0 fw=12290 V=6.016946e+02
	Cache data...OK
	GEOMSUBDOM (1): gi=1 Solid av=1217 cv=1217 fa=3201 fb=0 fw=1554 V=1.491633e+00
	Cache data...OK
	Setting nb of w-faces...OK (0.002 s).
	Correcting nb of w-faces...
	Time(correct_fw_nb)=0.003 s

MESH (0) checking:
	GEOMSUBDOM (0):fa_s=8639.7314735832551378 fb_s=0.0000000000000000 fw_s=463.8337549330117326 fw_nb=98288
	              :d_const(30086)=7.67298e-13 d_linear(26508)=1.27623e-12
	GEOMSUBDOM (1):fa_s=31.4007497923556294 fb_s=0.0000000000000000 fw_s=19.5382927566229014 fw_nb=12424
	              :d_const(306)=5.35381e-12 d_linear(338)=9.82006e-12
MESH (0) checking: OK.
Time (MDS): 	0.104 s
----------------------------------------------------------
-----------------------------------------------------------------------
Memory Working Set Current = 132.51 Mb, Memory Working Set Peak = 132.51 Mb
Memory Private Bytes Current = 149.42 Mb, Memory Private Bytes Peak = 149.42 Mb
Process Threads Number: 12
-----------------------------------------------------------------------

-----------------------------------------------------------------------
BCF CHECKSUM DATA (Mesh 0):

BRICK |Level1| Sum:               593
FACE_A Area Sum:   G.Fluid        8639.7314735832587758
FACE_A Area Sum:   G.Solid        31.4007497923556294
FACE_W Area Sum:                  463.8337549330117326
FACE_W Nb   Sum:                  98288
FACE_W min curvatures sum:        -1577249.82349341
FACE_W max curvatures sum:        4213586.42117666
AV Max Disbalance(Const) :        5.35381e-12 (cid=37105, t={24, 46, 32}, avid=72778, pid=729)
AV Max Disbalance(Linear):        9.82006e-12 (cid=37359, t={28, 60, 32}, avid=72864, pid=814)
-----------------------------------------------------------------------


-----------------------------------------------------------------------
MESHER TOPOLOGY DATA:

BRICKS: Total                 71977
BRICKS: Fluid                 71793
BRICKS: Fluid Partial         1033
BRICKS: Type 1                1033
BRICKS: Max AV number         4

AV:     G.Total               73083
AV:     G.Fluid               71866
AV:     G.Solid               1217

AV:     G.Fluid Thin Profile    0.00 % (0)
AV:     G.Solid Thin Profile    5.83 % (71)

AV:     G.Fluid Thin For Mega   0.00 % (0)
AV:     G.Solid Thin For Mega   5.83 % (71)

AV:     G.Fluid Non-Convex      0.84 % (603)
AV:     G.Solid Non-Convex     40.51 % (493)

AV:     G.Fluid Non-Ess-Convex      0.40 % (289)
AV:     G.Solid Non-Ess-Convex     11.91 % (145)

FACE_A: G.Fluid          (af) 210119 (partially opened 2298)
FACE_A: G.Solid          (as) 3201 (partially opened 2142)

FACE_B: G.Total          (b)  0

FACE_W: G.Total                 12290       Brick/Bound
FACE_W: G.Fluid/Solid    (fs_g) 1554        0           
FACE_W: G.Fluid/Fluid    (ff_g) 0           0           
FACE_W: G.Solid/Solid    (ss_g) 0           0           
FACE_W: G.Fluid/Void     (fv_g) 0           0           
FACE_W: G.Fluid/External (fe_g) 10736
FACE_W: G.Solid/External (se_g) 0

AV/CV max fa count (on brick side):5
AV/CV max fw count:                5
AV/CV max fb count:                0
AV/CV max fw poly count:           14

MEMORY: Total                   21.460 MB
MEMORY: Per Brick               0.305 KB
-----------------------------------------------------------------------

-----------------------------------------------------------------------
Connectivities information:
	Number of conns: 0
-----------------------------------------------------------------------
	Time (gap size): 	0.030 s
-----------------------------------------------------------------------
Memory Working Set Current = 132.56 Mb, Memory Working Set Peak = 132.56 Mb
Memory Private Bytes Current = 149.42 Mb, Memory Private Bytes Peak = 149.42 Mb
Process Threads Number: 12
-----------------------------------------------------------------------
-----------------------------------------------------------------------
Calculating curvature and tolerance criteria...
Curvature: min=0 (cid=0) max=3.14016 (cid=34918)
Tolerance: min=0 (cid=0) max=0.0862389 (cid=32591)
Calculating curvature and tolerance criteria takes 0.095 s
-----------------------------------------------------------------------
MESH Build(FS) finished. Time=1.149 s
-----------------------------------------------------------------------
Current CPU = 1 sec

Nx=36
Ny=62
Nz=32
Max BRICK Level=1
Mesh Level=1
-----------------CModelBodies2MeshMapper::CollectData started -------------------------------
	Time (collect mesh base data): 0.001 s.
	Time (collect model bodies mapping): 0.000 s.
	Time (collect positive bodies mapping): 0.000 s.
	Time (collect fluid bodies mapping): 0.000 s.
-----------------CModelBodies2MeshMapper Report -------------------------------
FluidDomains 1 SolidDomains 1 VoidDomains 0 
Domains RefIndexes
----------------- -------------------------------
	ModelBodies
Total resolved Bodies 0 BodySets 0

--------------------------------------------------------------------------
	Positive geometry Bodies
Total resolved Bodies 1 BodySets 1
BodySet 0
	Bodies list:
			#0	Name: ;	ID: 4c7d610f-93be-4411-86c0-2243319835f6
	Domains list:mesh type	 (0, 1)		 0 


--------------------------------------------------------------------------
	Fluid regions
Total resolved Bodies 1 BodySets 1
BodySet 0	Material: Air; 
	Bodies list:
			#0	Name: ;	ID: 4c7d610f-93be-4411-86c0-2243319835f6
	Domains list:mesh type	 (0, 1)		 0 


--------------------------------------------------------------------------
Collect data takes...0.003 s
-----------------CModelBodies2MeshMapper::CollectData finished successfully-------------------
Saving initial mesh in: C:\Users\juded\OneDrive\Documents\GitHub\Mechanical\Car shit\32\32.fld .
Storing results...
	Estimated CPT size=7.969 MB.
	Time (write bcf): 0.204 s
Storing results takes 0.212 s
-----------------------------------------------------------------------
Memory Working Set Current = 132.92 Mb, Memory Working Set Peak = 132.92 Mb
Memory Private Bytes Current = 149.42 Mb, Memory Private Bytes Peak = 149.42 Mb
Process Threads Number: 12
-----------------------------------------------------------------------
Cleaning memory...
-----------------------------------------------------------------------
Start to free mesher data...
MMP (msh): locals=5, allc_sz=9.49 MB, used_sz=8.80 MB, blks-min-max=1/27
MMP (brx): locals=6, allc_sz=10.15 MB, used_sz=9.40 MB, blks-min-max=15/18
MMP (bcf): locals=6, allc_sz=32.02 MB, used_sz=30.71 MB, blks-min-max=17/38
MMP (xsl): locals=6, allc_sz=0.13 MB, used_sz=0.07 MB, blks-min-max=1/2
Free xsl...            OK	Time=0.000 s
Free ray collector...  OK	Time=0.000 s
Free ray intersector...OK	Time=0.000 s
Free body sets...      OK	Time=0.010 s
Free Geometry DB takes 0.000 s
Free mesh conn...      OK	Time=0.000 s
Free geomsd...         OK	Time=0.000 s
Free mbricks...        OK	Time=0.002 s
Free hash info...      OK	Time=0.001 s
Free bricks-x...       OK	Time=0.001 s
Free bcf...            OK	Time=0.003 s
Free mesh h...         OK	Time=0.000 s
Free bricks arr..      OK	Time=0.000 s
Free bricks tree...    OK	Time=0.000 s
Free mesh pools...     OK	Time=0.008 s
Free bodies mapper...  OK	Time=0.000 s
Free geom crits...     OK	Time=0.000 s
Free cpt regions...    OK	Time=0.000 s
Free peculiar surfs... OK	Time=0.000 s
Free sw-geometries...  OK	Time=0.000 s
Total free mesher data time: 0.029 s
-----------------------------------------------------------------------
Copying... OK
CPT size=2.478 MB (2598437 bytes).
Mesh generation normally finished at	16.12.2024	16:46:13
Mesher CPU = 2 sec
Mesher is finished at	16.12.2024	16:46:13
-----------------------------------------------------------------------
Memory Working Set Current = 35.21 Mb, Memory Working Set Peak = 132.92 Mb
Memory Private Bytes Current = 49.61 Mb, Memory Private Bytes Peak = 149.42 Mb
Process Threads Number: 12
-----------------------------------------------------------------------
Algebra Pool      : mem_usage = 2.06 Mb, allocated count = 0
-----------------------------------------------------------------------
Memory Working Set Current = 33.27 Mb, Memory Working Set Peak = 132.92 Mb
Memory Private Bytes Current = 47.59 Mb, Memory Private Bytes Peak = 149.42 Mb
Process Threads Number: 12
Process Threads Number Peak: 12
-----------------------------------------------------------------------
Log ended at 16.12.2024	16:46:13
