Log started at 19.03.2025	22:36:58
Number of used processors (NPROC): 8.
Number of mesh partitions (NPART): 8.
Total Physical Memory = 17.96 Gb, Available Physical Memory = 10.99 Gb
Computer name:	DESKTOP-9NTJJ53
Operating system:	Windows 10 (Version 10.0.19045)

Commandline:	"C:\Program Files\SOLIDWORKS Corp\SOLIDWORKS Flow Simulation\BINCFW\efdsolver.exe" /config:"D:\GitHub\Mechanical\SeattleSolarCar2024-2025\Aeroshells\new Atticus aero models\48n low nose lowish back - Copy\1\1.xmlconfig" /guid:dcabbe38-c18b-4b0c-af29-ac1922539866 /processors:max /m /s /prjnamelm:"Flow Simulation 2023" /prjnamehabout:"Flow Simulation 2023" /companyname:"COSMOS Applications" /prjaliasid:1009 /lang:English /port:58711

SOLIDWORKS 2023 SP2.1
Flow Simulation 2023  x64 / 5965

Project: D:\GitHub\Mechanical\SeattleSolarCar2024-2025\Aeroshells\new Atticus aero models\48n low nose lowish back - Copy\1\1.xmlconfig
Configuration name: Default
Project name: Project(1)
Problem type: external-with-void-internal-space-type
Exclude cavities without flow conditions: ON
NGK: OFF
MBO: OFF
-----------------------------------------------------------------------
Mesher option run = eRunMesherNormal
-----------------------------------------------------------------------

Mesh generation started:	19.3.2025	22:36:58
-----------------------------------------------------------------------
Memory Working Set Current = 14.97 Mb, Memory Working Set Peak = 14.97 Mb
Memory Private Bytes Current = 16.04 Mb, Memory Private Bytes Peak = 16.04 Mb
Process Threads Number: 7
-----------------------------------------------------------------------
Mesher adjust APD = OFF; AdjustAPD_method=0; N_per_Channel = 0; N2_per_Channel = 0
Current CPU = 0 sec
-----------------------------------------------------------------------
Geometries initialization:
-----------------------------------------------------------------------
Loading mesh settings (global/local)...
-----------------------------------------------------------------------
Number of geometries from DB: 1
Geometry(0):
	Guid = {00000000-0000-0000-0000-000000000000}
	Fluid..
	2 Bodies.
	1 Real body.
	-- Bodyset 0 --
		Tolerance=0.000473713.
		18 Face(s).
			18 of b-spline type.
		0 Face(s) that have no ref faces
		7 Plane surface(s).
		7 B- surface(s).
		4 Extrude surface(s).
		25264 Triangle(s).
		Getting triangle connectivities from DB: 0.003 s
		46 Edge(s).
			46 of b-spline type.
		BodyGeom reading: 0.020 s.
		25264 Reference Triangles.
		Getting triangle connectivities from DB (Ref): 0.002 s
		BodyGeom Ref reading: 0.005 s.
Geometry(1):
	Solid.
	-- Bodyset 1 --
	Empty
-----------------------------------------------------------------------
Number of geometries in task: 2
	G : 0	Type: Fluid
	G : 1	Type: Solid
Number of bodysets   in task: 2
-----------------------------------------------------------------------
BodySet (0):
	Making hash and connectivity for Bodyset ...
		CBodyGeom:
		Hash size: {36, 32, 248}.
		Mesh size: {36, 32, 62}.
		Hashing triangles...Ok.
			axis(0) tr sizes: average=26 max=342
			axis(1) tr sizes: average=17 max=276
			axis(2) tr sizes: average=98 max=446
		Number of t-connected sets:2 (cavity=0)
		CBodyGeomRef:
		Hashing triangles...Ok.
			axis(0) tr sizes: average=47 max=379
			axis(1) tr sizes: average=33 max=289
			axis(2) tr sizes: average=93 max=423
	0.0921 s.
Geometries reading and preparing has taken 0.132 s.
-----------------------------------------------------------------------
Mapped triangles:
Hashing rough geometry(bodies) triangulation:
BodySet (0):
	Triangles num=25264
	Triangles box={-0.340104 ,1.4599 ,0.313917 ,1.26131 ,-1.69632 ,3.28033}
		3d-hash size is 454256 bytes
BodySet (1):
no log info (empty stream)

Mapped triangles processed in 0.086 s.
-----------------------------------------------------------------------
-----------------------------------------------------------------------
Getting sectors:
Number of sectors: 0
-----------------------------------------------------------------------
-----------------------------------------------------------------------
Bodies:     2
Faces:      18
Edges:      46
Triangles:  25264
-----------------------------------------------------------------------

Current CPU = 1 sec
-----------------------------------------------------------------------
Memory Working Set Current = 37.34 Mb, Memory Working Set Peak = 43.46 Mb
Memory Private Bytes Current = 37.02 Mb, Memory Private Bytes Peak = 42.95 Mb
Process Threads Number: 14
-----------------------------------------------------------------------
-----------------------------------------------------------------------
Checking faces on CD...
FCD = [0 0 0 0 0 0]
FCD_conflicts = 0
Time (check faces on CD)=0.000 s
-----------------------------------------------------------------------

-----------------------------------------------------------------------
Mesh dimensions:
				I[0 ]=36
				I[1 ]=32
				I[2 ]=62

Comp. domain size:
				a[0  ]=-3.36117
				a[1  ]=4.46589
				a[2  ]=-2.52838
				a[3  ]=4.1036
				a[4  ]=-6.43344
				a[5  ]=6.12647

Fluid calculated			1
Solid calculated			0
-----------------------------------------------------------------------
MESH Build started...
-----------------------------------------------------------------------
Mesh LEVEL = 1
-----------------------------------------------------------------------
-----------------------------------------------------------------------
CPT-mode xeps:
	D / dh / eps [axis=0] = (7.82706, 0.087485, 8.7485e-05)
	D / dh / eps [axis=1] = (6.63198, 0.0773724, 7.73724e-05)
	D / dh / eps [axis=2] = (12.5599, 0.0893241, 8.93241e-05)
-----------------------------------------------------------------------
Initial allocation and brick-body-box intersection...OK (0.003 s)
Initial triangle brick intersection...OK (0.002 s)
Setting regions (71424 / 71424)...OK (0.001 s)
-----------------------------------------------------------------------
Base mesh info:
	3D task
	Nx=36
	Ny=32
	Nz=62
	N(Nx*Ny*Nz) = 1152
	Period    axis=[0, 0, 0]
	Symmetry  ni=[0 0 0 0 0 0]
	ZoomingBC ni=[0 0 0 0 0 0]
	Nx=36
		x[0]=-3.36117
		x[1]=-3.05122
		x[2]=-2.75655
		x[3]=-2.4763
		x[4]=-2.20978
		x[5]=-1.9563
		x[6]=-1.71523
		x[7]=-1.48597
		x[8]=-1.26793
		x[9]=-1.06056
		x[10]=-0.863344
		x[11]=-0.675784
		x[12]=-0.497407
		x[13]=-0.322437
		x[14]=-0.147466
		x[15]=0.0275053
		x[16]=0.202476
		x[17]=0.377447
		x[18]=0.552418
		x[19]=0.727389
		x[20]=0.90236
		x[21]=1.07733
		x[22]=1.2523
		x[23]=1.42727
		x[24]=1.60224
		x[25]=1.78063
		x[26]=1.96819
		x[27]=2.16541
		x[28]=2.37279
		x[29]=2.59083
		x[30]=2.82011
		x[31]=3.06118
		x[32]=3.31467
		x[33]=3.5812
		x[34]=3.86146
		x[35]=4.15614
		x[36]=4.46589
	Ny=32
		y[0]=-2.52838
		y[1]=-2.23781
		y[2]=-1.96141
		y[3]=-1.69839
		y[4]=-1.44812
		y[5]=-1.20998
		y[6]=-0.983382
		y[7]=-0.767763
		y[8]=-0.562593
		y[9]=-0.367366
		y[10]=-0.181599
		y[11]=-0.00483467
		y[12]=0.163364
		y[13]=0.323411
		y[14]=0.478156
		y[15]=0.632902
		y[16]=0.787648
		y[17]=0.942395
		y[18]=1.09714
		y[19]=1.25189
		y[20]=1.41192
		y[21]=1.58011
		y[22]=1.75687
		y[23]=1.94263
		y[24]=2.13786
		y[25]=2.34303
		y[26]=2.55865
		y[27]=2.78526
		y[28]=3.02341
		y[29]=3.27369
		y[30]=3.53673
		y[31]=3.81316
		y[32]=4.1036
	Nz=62
		z[0]=-6.43344
		z[1]=-6.12992
		z[2]=-5.84054
		z[3]=-5.56458
		z[4]=-5.30142
		z[5]=-5.05047
		z[6]=-4.81115
		z[7]=-4.58293
		z[8]=-4.3653
		z[9]=-4.15776
		z[10]=-3.95984
		z[11]=-3.77111
		z[12]=-3.59113
		z[13]=-3.40841
		z[14]=-3.2257
		z[15]=-3.04299
		z[16]=-2.86027
		z[17]=-2.67756
		z[18]=-2.49485
		z[19]=-2.31214
		z[20]=-2.12942
		z[21]=-1.94671
		z[22]=-1.764
		z[23]=-1.58129
		z[24]=-1.39857
		z[25]=-1.21586
		z[26]=-1.03315
		z[27]=-0.850435
		z[28]=-0.667723
		z[29]=-0.48501
		z[30]=-0.302297
		z[31]=-0.119585
		z[32]=0.063128
		z[33]=0.245841
		z[34]=0.428553
		z[35]=0.611266
		z[36]=0.793978
		z[37]=0.972627
		z[38]=1.15128
		z[39]=1.32992
		z[40]=1.50857
		z[41]=1.68722
		z[42]=1.86587
		z[43]=2.04452
		z[44]=2.22317
		z[45]=2.40182
		z[46]=2.58047
		z[47]=2.75912
		z[48]=2.93777
		z[49]=3.11642
		z[50]=3.29507
		z[51]=3.47371
		z[52]=3.65994
		z[53]=3.85557
		z[54]=4.06109
		z[55]=4.27699
		z[56]=4.50379
		z[57]=4.74205
		z[58]=4.99235
		z[59]=5.25529
		z[60]=5.53152
		z[61]=5.8217
		z[62]=6.12647
-----------------------------------------------------------------------
Input_mesh_settings--------------------------------
Settings 0----------------
	Scope: GLOBAL
	Type:	------MESHER_SETTINGS----------
	RefAllCells           =0
	RefFluidCells         =0
	RefPartCells          =0
	RefSolidCells         =0
	l_SSFR(Capture crit)  =1
	l_curv(Curvature crit)=0
	l_tol(Tolerance crit) =0
	UseChannelRef         =1
	  NCR_method          =0
	  l_NCR               =1
	  N_gap               =5
	  Use d_NCR_min       =0
	  Use d_NCR_max       =0
	CloseThinSlotsHeight         =0
	--END_OF_MESHER_SETTINGS-------
End of input mesh settings-------------------------
-----------------------------------------------------------------------
Memory Working Set Current = 54.51 Mb, Memory Working Set Peak = 54.51 Mb
Memory Private Bytes Current = 55.49 Mb, Memory Private Bytes Peak = 55.49 Mb
Process Threads Number: 14
-----------------------------------------------------------------------
MMP (msh): locals=1, allc_sz=9.41 MB, used_sz=8.72 MB, blks-min-max=27/27
MMP (brx): locals=8, allc_sz=8.96 MB, used_sz=8.20 MB, blks-min-max=13/16
MMP (bcf): locals=0, allc_sz=0.00 MB, used_sz=0.00 MB, blks-min-max=0/0
MMP (xsl): locals=0, allc_sz=0.00 MB, used_sz=0.00 MB, blks-min-max=0/0
NxNyNz = [36, 32, 62]
base_dx=0.209082; 
NxNyNz_reverse = [37, 32, 60]

-----------------------------------------------------------------------
Refining geometries:
-----------------------------------------------------------------------

-----------------------------------------------------------------------
Refining by triangulation...
Refinement input: 71424 bricks
	Checking crit (71424 / 71424)...76 marked (0.033 s)
	Time(refinement): 0.001 s
Setting regions (608 / 71956)...OK (0.001 s)
	Checking crit (0 / 71956)...0 marked (0.001 s)
Refinement result (1 iterations): 71956 bricks (0.042 s)
Refinement input: 71956 bricks
	Checking crit (71348 / 71956)...0 marked (0.002 s)
Refinement result (0 iterations): 71956 bricks (0.003 s)
Collecting and processing rays:
	Adding rays...OK (0.010 s)
	new bricks = 71956 / 71956
	new rays   = 6126 (x=2190, y=2639, z=1297)
	Processing rays...
		Rays process:  0.222 (0.222) s
		Sort xstacks:  0.000 (0.000) s
		Put xstacks:   0.000 (0.000) s
		Total:         0.223 s
	Correcting rays...
		Lame vertices: 0.004 (0.004) s
		Bad rays:      0.000 (0.000) s
		Emit rays:     0.000 (0.000) s
		Correct ray f: 0.000 (0.000) s
		Undef:         0.000 (0.000) s
		Sum:           0.004 (0.004) s
		Total:         0.005 s
	Time (rays): 0.238 s
Capturing (71956 / 71956)...OK (0.004 s)
Refining by triangulation takes 0.287 s
-----------------------------------------------------------------------

-----------------------------------------------------------------------
Refining peculiar surfaces...
Collecting and processing rays:
	Adding rays...OK (0.001 s)
	new bricks = 0 / 71956
	new rays   = 0 (x=0, y=0, z=0)
	Processing rays...
		Rays process:  0.000 (0.000) s
		Sort xstacks:  0.000 (0.000) s
		Put xstacks:   0.000 (0.000) s
		Total:         0.000 s
	Correcting rays...
		Total:         0.000 s
	Time (rays): 0.002 s
Capturing (0 / 71956)...OK (0.001 s)
0 surfaces refined
Refining peculiar surfaces takes 0.003 s
-----------------------------------------------------------------------

-----------------------------------------------------------------------
Base mesh 1 Refining...
Collecting and processing rays:
	Adding rays...OK (0.000 s)
	new bricks = 0 / 71956
	new rays   = 0 (x=0, y=0, z=0)
	Processing rays...
		Rays process:  0.000 (0.000) s
		Sort xstacks:  0.000 (0.000) s
		Put xstacks:   0.000 (0.000) s
		Total:         0.000 s
	Correcting rays...
		Total:         0.000 s
	Time (rays): 0.001 s
Capturing (0 / 71956)...OK (0.001 s)
Refinement input: 71956 bricks
	Checking crit (71348 / 71956)...0 marked (0.001 s)
Refinement result (0 iterations): 71956 bricks (0.002 s)
-----------------------------------------------------------------------
Refining channels...
FYI: CNarrowChannelRefiner::RefineChannels_PRLL
Refinement input: 71956 bricks
	Time(refinement): 0.000 s
Setting regions (344 / 72257)...OK (0.001 s)
Refinement result (1 iterations): 72257 bricks (0.007 s)
Collecting and processing rays:
	Adding rays...OK (0.000 s)
	new bricks = 344 / 72257
	new rays   = 156 (x=4, y=146, z=6)
	Processing rays...
		Rays process:  0.001 (0.001) s
		Sort xstacks:  0.000 (0.000) s
		Put xstacks:   0.000 (0.000) s
		Total:         0.001 s
	Correcting rays...
		Lame vertices: 0.001 (0.001) s
		Bad rays:      0.000 (0.000) s
		Emit rays:     0.000 (0.000) s
		Correct ray f: 0.000 (0.000) s
		Undef:         0.000 (0.000) s
		Sum:           0.001 (0.001) s
		Total:         0.001 s
	Time (rays): 0.003 s
Capturing (344 / 72257)...OK (0.001 s)
FYI: m_iteration_count = 0
FYI: level1 statistics:
     level1_cnt_plus[1]=344;		level1_cnt_minus[1]=0
     level1_cnt_plus[2]=0;		level1_cnt_minus[2]=0
     level1_cnt_plus[3]=0;		level1_cnt_minus[3]=0
     level1_cnt_plus[4]=0;		level1_cnt_minus[4]=0
     level1_cnt_plus[5]=0;		level1_cnt_minus[5]=0
     level1_cnt_plus[6]=0;		level1_cnt_minus[6]=0
     level1_cnt_plus[7]=0;		level1_cnt_minus[7]=0
     level1_cnt_plus[8]=0;		level1_cnt_minus[8]=0
     level1_cnt_plus[9]=0;		level1_cnt_minus[9]=0
Refinement input: 72257 bricks
	Time(refinement): 0.000 s
Setting regions (40 / 72292)...OK (0.001 s)
Refinement result (1 iterations): 72292 bricks (0.006 s)
Collecting and processing rays:
	Adding rays...OK (0.001 s)
	new bricks = 40 / 72292
	new rays   = 7 (x=0, y=7, z=0)
	Processing rays...
		Rays process:  0.000 (0.000) s
		Sort xstacks:  0.000 (0.000) s
		Put xstacks:   0.000 (0.000) s
		Total:         0.000 s
	Correcting rays...
		Lame vertices: 0.000 (0.000) s
		Bad rays:      0.000 (0.000) s
		Emit rays:     0.000 (0.000) s
		Correct ray f: 0.000 (0.000) s
		Undef:         0.000 (0.000) s
		Sum:           0.000 (0.000) s
		Total:         0.001 s
	Time (rays): 0.002 s
Capturing (40 / 72292)...OK (0.001 s)
FYI: m_iteration_count = 1
FYI: level1 statistics:
     level1_cnt_plus[1]=384;		level1_cnt_minus[1]=0
     level1_cnt_plus[2]=0;		level1_cnt_minus[2]=0
     level1_cnt_plus[3]=0;		level1_cnt_minus[3]=0
     level1_cnt_plus[4]=0;		level1_cnt_minus[4]=0
     level1_cnt_plus[5]=0;		level1_cnt_minus[5]=0
     level1_cnt_plus[6]=0;		level1_cnt_minus[6]=0
     level1_cnt_plus[7]=0;		level1_cnt_minus[7]=0
     level1_cnt_plus[8]=0;		level1_cnt_minus[8]=0
     level1_cnt_plus[9]=0;		level1_cnt_minus[9]=0
FYI: m_iteration_count = 2
FYI: level1 statistics:
     level1_cnt_plus[1]=384;		level1_cnt_minus[1]=0
     level1_cnt_plus[2]=0;		level1_cnt_minus[2]=0
     level1_cnt_plus[3]=0;		level1_cnt_minus[3]=0
     level1_cnt_plus[4]=0;		level1_cnt_minus[4]=0
     level1_cnt_plus[5]=0;		level1_cnt_minus[5]=0
     level1_cnt_plus[6]=0;		level1_cnt_minus[6]=0
     level1_cnt_plus[7]=0;		level1_cnt_minus[7]=0
     level1_cnt_plus[8]=0;		level1_cnt_minus[8]=0
     level1_cnt_plus[9]=0;		level1_cnt_minus[9]=0
FYI: level1 statistics:
     level1_cnt_plus[1]=384;		level1_cnt_minus[1]=0
     level1_cnt_plus[2]=0;		level1_cnt_minus[2]=0
     level1_cnt_plus[3]=0;		level1_cnt_minus[3]=0
     level1_cnt_plus[4]=0;		level1_cnt_minus[4]=0
     level1_cnt_plus[5]=0;		level1_cnt_minus[5]=0
     level1_cnt_plus[6]=0;		level1_cnt_minus[6]=0
     level1_cnt_plus[7]=0;		level1_cnt_minus[7]=0
     level1_cnt_plus[8]=0;		level1_cnt_minus[8]=0
     level1_cnt_plus[9]=0;		level1_cnt_minus[9]=0

-----------------------------------------------------------------------
U-shapes refinement...
Refinement input: 72292 bricks
	Checking crit (71300 / 72292)...4 marked (0.006 s)
	Time(refinement): 0.000 s
Setting regions (32 / 72320)...OK (0.001 s)
	Checking crit (0 / 72320)...0 marked (0.001 s)
Refinement result (1 iterations): 72320 bricks (0.014 s)
Collecting and processing rays:
	Adding rays...OK (0.000 s)
	new bricks = 32 / 72320
	new rays   = 14 (x=7, y=0, z=7)
	Processing rays...
		Rays process:  0.000 (0.000) s
		Sort xstacks:  0.000 (0.000) s
		Put xstacks:   0.000 (0.000) s
		Total:         0.000 s
	Correcting rays...
		Lame vertices: 0.000 (0.000) s
		Bad rays:      0.000 (0.000) s
		Emit rays:     0.000 (0.000) s
		Correct ray f: 0.000 (0.000) s
		Undef:         0.000 (0.000) s
		Sum:           0.000 (0.000) s
		Total:         0.001 s
	Time (rays): 0.002 s
Capturing (32 / 72320)...OK (0.001 s)
-----------------------------------------------------------------------

-----------------------------------------------------------------------
Equi Distant Refiner:
Equi Distant Refiner takes 0.00 s
-----------------------------------------------------------------------

/-Ray Intersection---------------/ Time	1.542 s
Calls                6303
CorrectRay Calls     0



-----------------------------------------------------------------------
Refining geometries takes 0.382 s
-----------------------------------------------------------------------
-----------------------------------------------------------------------
Memory Working Set Current = 62.48 Mb, Memory Working Set Peak = 62.48 Mb
Memory Private Bytes Current = 62.63 Mb, Memory Private Bytes Peak = 62.63 Mb
Process Threads Number: 14
-----------------------------------------------------------------------
Defect ray count	0
FYI: CNarrowChannelRefiner::RedistributeLevel1_step_1: is started
FYI: CNarrowChannelRefiner::RedistributeLevel1_step_1: is finished (0.001 s)
FYI: level1 statistics:
     level1_cnt_plus[1]=384;		level1_cnt_minus[1]=0
     level1_cnt_plus[2]=0;		level1_cnt_minus[2]=0
     level1_cnt_plus[3]=0;		level1_cnt_minus[3]=0
     level1_cnt_plus[4]=0;		level1_cnt_minus[4]=0
     level1_cnt_plus[5]=0;		level1_cnt_minus[5]=0
     level1_cnt_plus[6]=0;		level1_cnt_minus[6]=0
     level1_cnt_plus[7]=0;		level1_cnt_minus[7]=0
     level1_cnt_plus[8]=0;		level1_cnt_minus[8]=0
     level1_cnt_plus[9]=0;		level1_cnt_minus[9]=0
FYI: CNarrowChannelRefiner::RedistributeLevel1_step_2: is started
FYI: CNarrowChannelRefiner::RedistributeLevel1_step_2: is finished (0.027 s)
FYI: level1 statistics:
     level1_cnt_plus[1]=392;		level1_cnt_minus[1]=0
     level1_cnt_plus[2]=0;		level1_cnt_minus[2]=0
     level1_cnt_plus[3]=0;		level1_cnt_minus[3]=0
     level1_cnt_plus[4]=0;		level1_cnt_minus[4]=0
     level1_cnt_plus[5]=0;		level1_cnt_minus[5]=0
     level1_cnt_plus[6]=0;		level1_cnt_minus[6]=0
     level1_cnt_plus[7]=0;		level1_cnt_minus[7]=0
     level1_cnt_plus[8]=0;		level1_cnt_minus[8]=0
     level1_cnt_plus[9]=0;		level1_cnt_minus[9]=0
FYI: CNarrowChannelRefiner::RedistributeLevel1_step_3: is started
FYI: CNarrowChannelRefiner::RedistributeLevel1_step_3: is finished (0.008 s)
RedistributeLevel1 takes:
FYI: level1 statistics:
     level1_cnt_plus[1]=392;		level1_cnt_minus[1]=171
     level1_cnt_plus[2]=0;		level1_cnt_minus[2]=0
     level1_cnt_plus[3]=0;		level1_cnt_minus[3]=0
     level1_cnt_plus[4]=0;		level1_cnt_minus[4]=0
     level1_cnt_plus[5]=0;		level1_cnt_minus[5]=0
     level1_cnt_plus[6]=0;		level1_cnt_minus[6]=0
     level1_cnt_plus[7]=0;		level1_cnt_minus[7]=0
     level1_cnt_plus[8]=0;		level1_cnt_minus[8]=0
     level1_cnt_plus[9]=0;		level1_cnt_minus[9]=0
-----------------------------------------------------------------------
MSH format builder (Iteration 0)
-----------------------------------------------------------------------
Memory Working Set Current = 64.18 Mb, Memory Working Set Peak = 64.18 Mb
Memory Private Bytes Current = 64.33 Mb, Memory Private Bytes Peak = 64.33 Mb
Process Threads Number: 14
-----------------------------------------------------------------------
Total bricks count: 72320
-----------------------------------------------------------------------
MSH (Real Geometry) format constructor:
	Geom    Count = 2
	Bodyset Count = 2
	3D task
	Getting brick sets...OK (0.002 s)

	Min x-stack xeps = 0.00100495
	D / dh / eps [axis=0] = (7.82706, 0.087485, 8.7485e-05)
	D / dh / eps [axis=1] = (6.63198, 0.0773731, 7.73731e-05)
	D / dh / eps [axis=2] = (12.5599, 0.0893241, 8.93241e-05)
	Time (xeps): 0.001 s
Level 1
	Set (0)  size: 512
	Set (0)  time: 0.012 s
	Set (1)  size: 512
	Set (1)  time: 0.012 s
Level 0
	Set (0)  size: 35648
	Set (0)  time: 0.027 s
	Set (1)  size: 35648
	Set (1)  time: 0.026 s

	Spread npq bricks...0 marked (0.001 s)

Result:
	Bricks number:                        72320

	Memory usage:                         1.367 MB
	Memory usage (per brick):             0.019 KB
	Construction time:                    0.083 s

	Topology features:
	------------------
	- High quality bricks                  100.00 % (72320)
	- Medium quality bricks                  0.00 % (0)
	- Bad quality bricks                     0.00 % (0)
	- NPQ bricks                             0.00 % (0)
	- Type-1 bricks                          1.53 % (1103)
	- Ribs corrected bricks                  0.00 % (0)
	- Points with geom-info (bricks)         0.00 % (0)
	- Points with closest-info (bricks)      0.00 % (0)
	- Triangulated by center (bricks)        0.00 % (0)
	- Facet w-faces mergings (bricks)        0.00 % (0)
	- To refine (bricks)                     0.00 % (0)
	- Points-count                           0.00 % (0)
	- T-self-intersection-all (bricks)       0.00 % (0)
	- T-self-intersection-simple (bricks)    0.00 % (0)
	- T-self-intersection-complex (bricks)   0.00 % (0)
	- NPQ by reason 1 u-shape                0.00 % (0)
	- NPQ by reason 2 tri-by-ctr             0.00 % (0)
	- NPQ by reason 3 ray-correction         0.00 % (0)
	- NPQ by reason 4 t-self-intersection    0.00 % (0)
	- NPQ by reason 5 non-good               0.00 % (0)
	- NPQ by reason 6 npq-worker             0.00 % (0)

-----------------------------------------------------------------------
Memory Working Set Current = 69.81 Mb, Memory Working Set Peak = 69.81 Mb
Memory Private Bytes Current = 69.51 Mb, Memory Private Bytes Peak = 69.51 Mb
Process Threads Number: 14
-----------------------------------------------------------------------
-----------------------------------------------------------------------
msh-iterations: 1
-----------------------------------------------------------------------
high---q-brick-count = 100.00 % (72320 72320)
medium-q-brick-count =   0.00 % (72320 0)
bad----q-brick-count =   0.00 % (72320 0)
np-----q-brick-count =   0.00 % (72320 0)
-----------------------------------------------------------------------
Free brick parser storage...OK(0.001 s)
-----------------------------------------------------------------------
Memory Working Set Current = 69.85 Mb, Memory Working Set Peak = 69.86 Mb
Memory Private Bytes Current = 69.51 Mb, Memory Private Bytes Peak = 69.51 Mb
Process Threads Number: 14
-----------------------------------------------------------------------
-----------------------------------------------------------------------
MSH --> BCF format (Iteration 0)...
BCF collector...(remove mode=0)
	Time (alloc counter per brick): 0.002 s
	Brick    count: 72320
	Av.f all count: 72272
	Av.s all count: 1457
	Av.f pid count: 1323
	Av.s pid count: 1189
	Faces fs count: 3159
	Faces ff count: 0
	Faces ss count: 0
	Faces bb count: 0
	Faces fe count: 10736
	Faces se count: 0
	Faces fw count: 13895
	Faces af count: 211521
	Faces as count: 3635
	Time (all count): 	0.008 s
	Time (bcf alloc): 	0.001 s
	Time (shifts alloc): 	0.003 s
	Time (shifts init): 	0.003 s
	Time (bcf fill): 	0.013 s
	Time (add av to faces): 0.000 s
	Time (add faces to av): 0.005 s
Time (bcf collect): 		0.038 s
	AV checker...
		Hole marker...
			Subdomains:               1.
			Subdomains (cond):        1.
			Time (sd):      0.021 s.
			Time (sd_cond): 0.020 s.
			Time (potential-hole marking): 	0.001 s
			Time (hole checking): 0.000 s.
			0 av(s) are marked to fill subdomain holes.
		Time (hole marker): 0.045 s.
	Time (check av): 	0.074 s
	Subdomain checker...
		Subdomains construction time: 0.018 s.
		Subdomains sort time: 0.000 s.
			Subdomain 0 (geom_ind=0): 72272 av
			Subdomain 1 (geom_ind=1): 1235 av
			Subdomain 2 (geom_ind=1): 222 av
		gi: 0, real bodies: 1
		gi: 0, subdomains:  1
		gi: 1, real bodies: 0
		gi: 1, subdomains:  2
		Defect subdomains: 0
	Time (check subdoms): 	0.020 s
Time (bcf iteration total): 	0.133 s
	Time (fw-nb): 		0.001 s
	Fixed mutual fw-nb:     2292 (bb: 0)
	Time (fw-nb mutual): 	0.001 s
	Time (fw-nb sort): 	0.000 s
	Fw-opt BEFORE total:    13895 (fs=3159, ff=0, ss=0)
	Fw-opt AFTER  total:    12755 (fs=2019, ff=0, ss=0, failed fw/br=0/0, big_curv=4, big_poly=0)
	Fw-opt RESULT:          1140 (res/(fs+ff+ss) = 36.09 %)
	Time (fw-opt): 		0.003 s
	Time (fw-re-order): 	0.002 s
	Time (fw-nb): 		0.007 s
	Fixed mutual fw-nb:     25600 (bb: 0)
	Time (fw-nb mutual): 	0.003 s
	Time (fw-nb sort): 	0.001 s
	Time (rfd fix): 	0.000 s
	Time (av convexity): 	0.003 s
	Time (av small volume): 0.001 s
	Time (diagonal fw-nb): 	0.017 s
	Fixed mutual fw-nb:     0 (bb: 0)
	Time (fw-nb mutual): 	0.002 s
	Time (fw-nb sort): 	0.001 s
	Fluid subdomains: 1
	Faces fw-nb diff sd:    0
	Time (fw-nb diff sd): 	0.020 s
Time (bcf calc): 		0.067 s
-----------------------------------------------------------------------
Time (bcf total): 		0.200 s
-----------------------------------------------------------------------
bcf-iterations: 1
-----------------------------------------------------------------------
-----------------------------------------------------------------------
Mega-cv constructor for fluid...
	 42 av's is treated as thin
Relative size generator (threshold = 0.05)...
	Iteration 1 (small cluster count = 150)
	Iteration 2 (small cluster count = 82)
	Iteration 3 (small cluster count = 22)
	Iteration 4 (small cluster count = 3)
	Iteration 5 (small cluster count = 0)
	 149 mega-cv's generated
	 9 mega-cv's removed
Relative size generator is completed OK (0.007 s)
Apply fa-rules to mega-cv clusters fixes...
	Fa-rule violation fixes:        2 of        2 (total cluster# =      140)
OK (0.001 s)
Convert clusters:
	 140 mega-cv's total
Mega-cv count: 140
Time (mega-cv fill): 	0.000 s
Time (mega-cv total): 	0.034 s
-----------------------------------------------------------------------
Mixing plane rotation regions: NO.
Sliding mesh rotation regions: NO.
Fluid/fluid faces: NO.
-----------------------------------------------------------------------
Memory Working Set Current = 88.77 Mb, Memory Working Set Peak = 100.14 Mb
Memory Private Bytes Current = 98.52 Mb, Memory Private Bytes Peak = 101.50 Mb
Process Threads Number: 14
-----------------------------------------------------------------------
----------------------------------------------------------
BCF --> BCF.GEOMSUBDOM (bridge arrays):
MESH (0):
	Fluid Subdom Constructor: 1 subdom(s).
	Solid Subdom Constructor: 2 subdom(s).
	Net Asm Subdom Constructor: 0 subdom(s).
	GEOMSUBDOM (0): gi=0 Fluid av=72272 cv=72118 fa=211521 fb=0 fw=12755 V=6.498056e+02
	Cache data...OK
	GEOMSUBDOM (1): gi=1 Solid av=1235 cv=1235 fa=3080 fb=0 fw=1766 V=2.056239e+00
	Cache data...OK
	GEOMSUBDOM (2): gi=1 Solid av=222 cv=222 fa=555 fb=0 fw=253 V=1.091298e-01
	Cache data...OK
	Setting nb of w-faces...OK (0.002 s).
	Correcting nb of w-faces...
	Time(correct_fw_nb)=0.003 s

MESH (0) checking:
	GEOMSUBDOM (0):fa_s=9098.9734733514742402 fb_s=0.0000000000000000 fw_s=489.0178891905864589 fw_nb=101854
	              :d_const(41518)=8.76114e-13 d_linear(50162)=1.45776e-12
	GEOMSUBDOM (1):fa_s=38.5851328991078191 fb_s=0.0000000000000000 fw_s=20.3864281778792460 fw_nb=14004
	              :d_const(811)=8.27268e-12 d_linear(435)=7.7915e-11
	GEOMSUBDOM (2):fa_s=2.9204674258328689 fb_s=0.0000000000000000 fw_s=1.6052645628577102 fw_nb=1986
	              :d_const(6)=3.00219e-15 d_linear(174)=1.28767e-13
MESH (0) checking: OK.
Time (MDS): 	0.140 s
----------------------------------------------------------
-----------------------------------------------------------------------
Memory Working Set Current = 111.03 Mb, Memory Working Set Peak = 111.03 Mb
Memory Private Bytes Current = 119.39 Mb, Memory Private Bytes Peak = 119.39 Mb
Process Threads Number: 14
-----------------------------------------------------------------------

-----------------------------------------------------------------------
BCF CHECKSUM DATA (Mesh 0):

BRICK |Level1| Sum:               563
FACE_A Area Sum:   G.Fluid        9098.9734733514742402
FACE_A Area Sum:   G.Solid        41.5056003249406871
FACE_W Area Sum:                  489.0178891905865157
FACE_W Nb   Sum:                  101854
FACE_W min curvatures sum:        -3867.28110840
FACE_W max curvatures sum:        6324.62149970
AV Max Disbalance(Const) :        8.27268e-12 (cid=53210, t={45, 31, 90}, avid=73604, pid=1076)
AV Max Disbalance(Linear):        7.7915e-11 (cid=30863, t={40, 32, 52}, avid=72584, pid=287)
-----------------------------------------------------------------------


-----------------------------------------------------------------------
MESHER TOPOLOGY DATA:

BRICKS: Total                 72320
BRICKS: Fluid                 72052
BRICKS: Fluid Partial         1103
BRICKS: Type 1                1103
BRICKS: Max AV number         3

AV:     G.Total               73729
AV:     G.Fluid               72272
AV:     G.Solid               1457

AV:     G.Fluid Thin Profile    0.12 % (86)
AV:     G.Solid Thin Profile   15.10 % (220)

AV:     G.Fluid Thin For Mega   0.06 % (42)
AV:     G.Solid Thin For Mega  14.69 % (214)

AV:     G.Fluid Non-Convex      0.90 % (653)
AV:     G.Solid Non-Convex     25.60 % (373)

AV:     G.Fluid Non-Ess-Convex      0.50 % (358)
AV:     G.Solid Non-Ess-Convex      8.92 % (130)

FACE_A: G.Fluid          (af) 211521 (partially opened 2765)
FACE_A: G.Solid          (as) 3635 (partially opened 2445)

FACE_B: G.Total          (b)  0

FACE_W: G.Total                 12755       Brick/Bound
FACE_W: G.Fluid/Solid    (fs_g) 2019        0           
FACE_W: G.Fluid/Fluid    (ff_g) 0           0           
FACE_W: G.Solid/Solid    (ss_g) 0           0           
FACE_W: G.Fluid/Void     (fv_g) 0           0           
FACE_W: G.Fluid/External (fe_g) 10736
FACE_W: G.Solid/External (se_g) 0

AV/CV max fa count (on brick side):5
AV/CV max fw count:                5
AV/CV max fb count:                0
AV/CV max fw poly count:           19

MEMORY: Total                   21.708 MB
MEMORY: Per Brick               0.307 KB
-----------------------------------------------------------------------

-----------------------------------------------------------------------
Connectivities information:
	Number of conns: 0
-----------------------------------------------------------------------
	Time (gap size): 	0.043 s
-----------------------------------------------------------------------
Memory Working Set Current = 111.06 Mb, Memory Working Set Peak = 111.06 Mb
Memory Private Bytes Current = 119.39 Mb, Memory Private Bytes Peak = 119.39 Mb
Process Threads Number: 14
-----------------------------------------------------------------------
-----------------------------------------------------------------------
Calculating curvature and tolerance criteria...
Curvature: min=0 (cid=0) max=3.14159 (cid=37839)
Tolerance: min=0 (cid=0) max=0.112395 (cid=26058)
Calculating curvature and tolerance criteria takes 0.050 s
-----------------------------------------------------------------------
MESH Build(FS) finished. Time=1.040 s
-----------------------------------------------------------------------
Current CPU = 2 sec

Nx=36
Ny=32
Nz=62
Max BRICK Level=1
Mesh Level=1
-----------------CModelBodies2MeshMapper::CollectData started -------------------------------
	Time (collect mesh base data): 0.001 s.
	Time (collect model bodies mapping): 0.000 s.
	Time (collect positive bodies mapping): 0.000 s.
	Time (collect fluid bodies mapping): 0.001 s.
-----------------CModelBodies2MeshMapper Report -------------------------------
FluidDomains 1 SolidDomains 2 VoidDomains 0 
Domains RefIndexes
----------------- -------------------------------
	ModelBodies
Total resolved Bodies 0 BodySets 0

--------------------------------------------------------------------------
	Positive geometry Bodies
Total resolved Bodies 1 BodySets 1
BodySet 0
	Bodies list:
			#0	Name: ;	ID: 0ec299d7-8cd6-42a1-8616-53283bd817d3
	Domains list:mesh type	 (0, 1)		 0 


--------------------------------------------------------------------------
	Fluid regions
Total resolved Bodies 1 BodySets 1
BodySet 0	Material: Air; 
	Bodies list:
			#0	Name: ;	ID: 0ec299d7-8cd6-42a1-8616-53283bd817d3
	Domains list:mesh type	 (0, 1)		 0 


--------------------------------------------------------------------------
Collect data takes...0.002 s
-----------------CModelBodies2MeshMapper::CollectData finished successfully-------------------
Saving initial mesh in: D:\GitHub\Mechanical\SeattleSolarCar2024-2025\Aeroshells\new Atticus aero models\48n low nose lowish back - Copy\1\1.fld .
Storing results...
	Estimated CPT size=8.083 MB.
	Time (write bcf): 0.242 s
Storing results takes 0.250 s
-----------------------------------------------------------------------
Memory Working Set Current = 111.42 Mb, Memory Working Set Peak = 111.42 Mb
Memory Private Bytes Current = 119.39 Mb, Memory Private Bytes Peak = 119.39 Mb
Process Threads Number: 14
-----------------------------------------------------------------------
Cleaning memory...
-----------------------------------------------------------------------
Start to free mesher data...
MMP (msh): locals=8, allc_sz=9.57 MB, used_sz=8.85 MB, blks-min-max=1/27
MMP (brx): locals=8, allc_sz=10.58 MB, used_sz=9.58 MB, blks-min-max=14/17
MMP (bcf): locals=8, allc_sz=32.13 MB, used_sz=31.11 MB, blks-min-max=14/37
MMP (xsl): locals=8, allc_sz=0.12 MB, used_sz=0.08 MB, blks-min-max=1/1
Free xsl...            OK	Time=0.000 s
Free ray collector...  OK	Time=0.000 s
Free ray intersector...OK	Time=0.000 s
Free body sets...      OK	Time=0.006 s
Free Geometry DB takes 0.000 s
Free mesh conn...      OK	Time=0.000 s
Free geomsd...         OK	Time=0.000 s
Free mbricks...        OK	Time=0.002 s
Free hash info...      OK	Time=0.002 s
Free bricks-x...       OK	Time=0.001 s
Free bcf...            OK	Time=0.004 s
Free mesh h...         OK	Time=0.000 s
Free bricks arr..      OK	Time=0.000 s
Free bricks tree...    OK	Time=0.000 s
Free mesh pools...     OK	Time=0.006 s
Free bodies mapper...  OK	Time=0.000 s
Free geom crits...     OK	Time=0.000 s
Free cpt regions...    OK	Time=0.000 s
Free peculiar surfs... OK	Time=0.000 s
Free sw-geometries...  OK	Time=0.000 s
Total free mesher data time: 0.023 s
-----------------------------------------------------------------------
Copying... OK
CPT size=2.512 MB (2634282 bytes).
Mesh generation normally finished at	19.3.2025	22:37:0
Mesher CPU = 2 sec
Mesher is finished at	19.3.2025	22:37:0
-----------------------------------------------------------------------
Memory Working Set Current = 32.68 Mb, Memory Working Set Peak = 111.43 Mb
Memory Private Bytes Current = 38.08 Mb, Memory Private Bytes Peak = 119.39 Mb
Process Threads Number: 14
-----------------------------------------------------------------------
Algebra Pool      : mem_usage = 2.06 Mb, allocated count = 0
-----------------------------------------------------------------------
Memory Working Set Current = 30.71 Mb, Memory Working Set Peak = 111.43 Mb
Memory Private Bytes Current = 36.07 Mb, Memory Private Bytes Peak = 119.39 Mb
Process Threads Number: 14
Process Threads Number Peak: 14
-----------------------------------------------------------------------
Log ended at 19.03.2025	22:37:00
