Log started at 04.12.2024	17:16:05
Number of used processors (NPROC): 4.
Number of mesh partitions (NPART): 4.
Total Physical Memory = 3.99 Gb, Available Physical Memory = 1.34 Gb
Computer name:	ATTICUSCAUD214E
Operating system:	Windows 11 (or higher) (Version 10.0.22000)

Commandline:	"C:\Users\atticuscaudle\SOLIDWORKS Flow Simulation\BINCFW\efdsolver.exe" /config:"X:\2024-25 Solar Car\3\3.xmlconfig" /guid:13285c5a-e713-4a9a-b9b6-478d50d2c211 /processors:max /m /s /prjnamelm:"Flow Simulation 2023" /prjnamehabout:"Flow Simulation 2023" /companyname:"COSMOS Applications" /prjaliasid:1009 /lang:English /port:51669

SOLIDWORKS 2023 SP2.1
Flow Simulation 2023  x64 / 5965

Project: X:\2024-25 Solar Car\3\3.xmlconfig
Configuration name: Default
Project name: Project(1)
Problem type: external-with-void-internal-space-type
Exclude cavities without flow conditions: ON
NGK: OFF
MBO: OFF
-----------------------------------------------------------------------
Mesher option run = eRunMesherNormal
-----------------------------------------------------------------------

Mesh generation started:	4.12.2024	17:16:5
-----------------------------------------------------------------------
Memory Working Set Current = 22.18 Mb, Memory Working Set Peak = 22.18 Mb
Memory Private Bytes Current = 22.81 Mb, Memory Private Bytes Peak = 22.81 Mb
Process Threads Number: 7
-----------------------------------------------------------------------
Mesher adjust APD = OFF; AdjustAPD_method=0; N_per_Channel = 0; N2_per_Channel = 0
Current CPU = 0 sec
-----------------------------------------------------------------------
Geometries initialization:
-----------------------------------------------------------------------
Loading mesh settings (global/local)...
-----------------------------------------------------------------------
Number of geometries from DB: 1
Geometry(0):
	Guid = {00000000-0000-0000-0000-000000000000}
	Fluid..
	1 Body.
	1 Real body.
	-- Bodyset 0 --
		Tolerance=0.0004.
		17 Face(s).
			17 of b-spline type.
		0 Face(s) that have no ref faces
		11 Plane surface(s).
		1 Cylinder surface(s).
		5 Extrude surface(s).
		1488 Triangle(s).
		Getting triangle connectivities from DB: 0.001 s
		40 Edge(s).
			40 of b-spline type.
		BodyGeom reading: 0.025 s.
		1488 Reference Triangles.
		Getting triangle connectivities from DB (Ref): 0.000 s
		BodyGeom Ref reading: 0.001 s.
Geometry(1):
	Solid.
	-- Bodyset 1 --
	Empty
-----------------------------------------------------------------------
Number of geometries in task: 2
	G : 0	Type: Fluid
	G : 1	Type: Solid
Number of bodysets   in task: 2
-----------------------------------------------------------------------
BodySet (0):
	Making hash and connectivity for Bodyset ...
		CBodyGeom:
		Hash size: {36, 32, 66}.
		Mesh size: {36, 32, 66}.
		Hashing triangles...Ok.
			axis(0) tr sizes: average=11 max=110
			axis(1) tr sizes: average=7 max=68
			axis(2) tr sizes: average=34 max=140
		Number of t-connected sets:1 (cavity=0)
		CBodyGeomRef:
		Hashing triangles...Ok.
			axis(0) tr sizes: average=11 max=108
			axis(1) tr sizes: average=7 max=64
			axis(2) tr sizes: average=33 max=138
	0.0332 s.
Geometries reading and preparing has taken 0.063 s.
-----------------------------------------------------------------------
Mapped triangles:
Hashing rough geometry(bodies) triangulation:
BodySet (0):
	Triangles num=1488
	Triangles box={-0.4428 ,1.3572 ,-1.11022e-16 ,0.8 ,-5 ,2.46599e-16}
		3d-hash size is 341492 bytes
BodySet (1):
no log info (empty stream)

Mapped triangles processed in 0.029 s.
-----------------------------------------------------------------------
-----------------------------------------------------------------------
Getting sectors:
Number of sectors: 0
-----------------------------------------------------------------------
-----------------------------------------------------------------------
Bodies:     2
Faces:      17
Edges:      40
Triangles:  1488
-----------------------------------------------------------------------

Current CPU = 1 sec
-----------------------------------------------------------------------
Memory Working Set Current = 30.02 Mb, Memory Working Set Peak = 30.84 Mb
Memory Private Bytes Current = 28.91 Mb, Memory Private Bytes Peak = 30.25 Mb
Process Threads Number: 10
-----------------------------------------------------------------------
-----------------------------------------------------------------------
Checking faces on CD...
FCD = [0 0 0 0 0 0]
FCD_conflicts = 0
Time (check faces on CD)=0.000 s
-----------------------------------------------------------------------

-----------------------------------------------------------------------
Mesh dimensions:
				I[0 ]=36
				I[1 ]=32
				I[2 ]=66

Comp. domain size:
				a[0  ]=-2.8428
				a[1  ]=3.7572
				a[2  ]=-2.4
				a[3  ]=3.2
				a[4  ]=-7.4
				a[5  ]=4

Fluid calculated			1
Solid calculated			0
-----------------------------------------------------------------------
MESH Build started...
-----------------------------------------------------------------------
Mesh LEVEL = 1
-----------------------------------------------------------------------
-----------------------------------------------------------------------
CPT-mode xeps:
	D / dh / eps [axis=0] = (6.6, 0.0734994, 7.34994e-05)
	D / dh / eps [axis=1] = (5.6, 0.0653327, 6.53327e-05)
	D / dh / eps [axis=2] = (11.4, 0.0760489, 7.60489e-05)
-----------------------------------------------------------------------
Initial allocation and brick-body-box intersection...OK (0.007 s)
Initial triangle brick intersection...OK (0.001 s)
Setting regions (76032 / 76032)...OK (0.001 s)
-----------------------------------------------------------------------
Base mesh info:
	3D task
	Nx=36
	Ny=32
	Nz=66
	N(Nx*Ny*Nz) = 1152
	Period    axis=[0, 0, 0]
	Symmetry  ni=[0 0 0 0 0 0]
	ZoomingBC ni=[0 0 0 0 0 0]
	Nx=36
		x[0]=-2.8428
		x[1]=-2.5811
		x[2]=-2.33229
		x[3]=-2.09566
		x[4]=-1.87061
		x[5]=-1.65659
		x[6]=-1.45304
		x[7]=-1.25945
		x[8]=-1.07535
		x[9]=-0.900256
		x[10]=-0.733736
		x[11]=-0.575368
		x[12]=-0.424753
		x[13]=-0.277754
		x[14]=-0.130754
		x[15]=0.0162462
		x[16]=0.163246
		x[17]=0.310246
		x[18]=0.457246
		x[19]=0.604246
		x[20]=0.751246
		x[21]=0.898246
		x[22]=1.04525
		x[23]=1.19225
		x[24]=1.33925
		x[25]=1.48985
		x[26]=1.64821
		x[27]=1.81473
		x[28]=1.98982
		x[29]=2.17392
		x[30]=2.36751
		x[31]=2.57106
		x[32]=2.7851
		x[33]=3.01016
		x[34]=3.2468
		x[35]=3.49564
		x[36]=3.7572
	Ny=32
		y[0]=-2.4
		y[1]=-2.15465
		y[2]=-1.92125
		y[3]=-1.69916
		y[4]=-1.48783
		y[5]=-1.28675
		y[6]=-1.09541
		y[7]=-0.913344
		y[8]=-0.7401
		y[9]=-0.575251
		y[10]=-0.418391
		y[11]=-0.269132
		y[12]=-0.127106
		y[13]=0.00803673
		y[14]=0.138702
		y[15]=0.269369
		y[16]=0.400036
		y[17]=0.530702
		y[18]=0.661369
		y[19]=0.792036
		y[20]=0.927169
		y[21]=1.06919
		y[22]=1.21844
		y[23]=1.3753
		y[24]=1.54014
		y[25]=1.71339
		y[26]=1.89546
		y[27]=2.0868
		y[28]=2.2879
		y[29]=2.49923
		y[30]=2.72134
		y[31]=2.95476
		y[32]=3.2
	Nz=66
		z[0]=-7.4
		z[1]=-7.14268
		z[2]=-6.89776
		z[3]=-6.66459
		z[4]=-6.44261
		z[5]=-6.23128
		z[6]=-6.03008
		z[7]=-5.83854
		z[8]=-5.65619
		z[9]=-5.48258
		z[10]=-5.31731
		z[11]=-5.15996
		z[12]=-5.00349
		z[13]=-4.84702
		z[14]=-4.69055
		z[15]=-4.53408
		z[16]=-4.37761
		z[17]=-4.22114
		z[18]=-4.06467
		z[19]=-3.9082
		z[20]=-3.75173
		z[21]=-3.59526
		z[22]=-3.43879
		z[23]=-3.28232
		z[24]=-3.12585
		z[25]=-2.96938
		z[26]=-2.81291
		z[27]=-2.65643
		z[28]=-2.49996
		z[29]=-2.34227
		z[30]=-2.18458
		z[31]=-2.02689
		z[32]=-1.86919
		z[33]=-1.7115
		z[34]=-1.55381
		z[35]=-1.39612
		z[36]=-1.23843
		z[37]=-1.08073
		z[38]=-0.923041
		z[39]=-0.765348
		z[40]=-0.607656
		z[41]=-0.449964
		z[42]=-0.292271
		z[43]=-0.134579
		z[44]=0.0231132
		z[45]=0.180806
		z[46]=0.338498
		z[47]=0.49619
		z[48]=0.653882
		z[49]=0.811575
		z[50]=0.969267
		z[51]=1.12696
		z[52]=1.28465
		z[53]=1.44234
		z[54]=1.60004
		z[55]=1.75213
		z[56]=1.91161
		z[57]=2.07882
		z[58]=2.25414
		z[59]=2.43796
		z[60]=2.6307
		z[61]=2.83278
		z[62]=3.04467
		z[63]=3.26683
		z[64]=3.49976
		z[65]=3.74399
		z[66]=4
-----------------------------------------------------------------------
Input_mesh_settings--------------------------------
Settings 0----------------
	Scope: GLOBAL
	Type:	------MESHER_SETTINGS----------
	RefAllCells           =0
	RefFluidCells         =0
	RefPartCells          =0
	RefSolidCells         =0
	l_SSFR(Capture crit)  =1
	l_curv(Curvature crit)=0
	l_tol(Tolerance crit) =0
	UseChannelRef         =1
	  NCR_method          =0
	  l_NCR               =1
	  N_gap               =5
	  Use d_NCR_min       =0
	  Use d_NCR_max       =0
	CloseThinSlotsHeight         =0
	--END_OF_MESHER_SETTINGS-------
End of input mesh settings-------------------------
-----------------------------------------------------------------------
Memory Working Set Current = 48.46 Mb, Memory Working Set Peak = 48.46 Mb
Memory Private Bytes Current = 47.63 Mb, Memory Private Bytes Peak = 47.63 Mb
Process Threads Number: 10
-----------------------------------------------------------------------
MMP (msh): locals=1, allc_sz=9.44 MB, used_sz=9.28 MB, blks-min-max=27/27
MMP (brx): locals=4, allc_sz=9.25 MB, used_sz=8.73 MB, blks-min-max=18/19
MMP (bcf): locals=0, allc_sz=0.00 MB, used_sz=0.00 MB, blks-min-max=0/0
MMP (xsl): locals=0, allc_sz=0.00 MB, used_sz=0.00 MB, blks-min-max=0/0
NxNyNz = [36, 32, 66]
base_dx=0.17702; 
NxNyNz_reverse = [37, 32, 64]

-----------------------------------------------------------------------
Refining geometries:
-----------------------------------------------------------------------

-----------------------------------------------------------------------
Refining by triangulation...
Refinement input: 76032 bricks
	Checking crit (76032 / 76032)...24 marked (0.010 s)
	Time(refinement): 0.000 s
Setting regions (192 / 76200)...OK (0.000 s)
	Checking crit (0 / 76200)...0 marked (0.000 s)
Refinement result (1 iterations): 76200 bricks (0.021 s)
Refinement input: 76200 bricks
	Checking crit (76008 / 76200)...0 marked (0.004 s)
Refinement result (0 iterations): 76200 bricks (0.004 s)
Collecting and processing rays:
	Adding rays...OK (0.014 s)
	new bricks = 76200 / 76200
	new rays   = 6090 (x=2270, y=2571, z=1249)
	Processing rays...
		Rays process:  0.006 (0.006) s
		Sort xstacks:  0.000 (0.000) s
		Put xstacks:   0.000 (0.000) s
		Total:         0.008 s
	Correcting rays...
		Lame vertices: 0.008 (0.024) s
		Bad rays:      0.001 (0.001) s
		Emit rays:     0.003 (0.003) s
		Correct ray f: 0.000 (0.000) s
		Undef:         0.000 (0.000) s
		Sum:           0.028 (0.028) s
		Total:         0.028 s
	Time (rays): 0.051 s
Capturing (76200 / 76200)...OK (0.007 s)
Refining by triangulation takes 0.083 s
-----------------------------------------------------------------------

-----------------------------------------------------------------------
Refining peculiar surfaces...
Collecting and processing rays:
	Adding rays...OK (0.000 s)
	new bricks = 0 / 76200
	new rays   = 0 (x=0, y=0, z=0)
	Processing rays...
		Rays process:  0.000 (0.000) s
		Sort xstacks:  0.000 (0.000) s
		Put xstacks:   0.000 (0.000) s
		Total:         0.000 s
	Correcting rays...
		Total:         0.000 s
	Time (rays): 0.001 s
Capturing (0 / 76200)...OK (0.000 s)
0 surfaces refined
Refining peculiar surfaces takes 0.002 s
-----------------------------------------------------------------------

-----------------------------------------------------------------------
Base mesh 1 Refining...
Collecting and processing rays:
	Adding rays...OK (0.000 s)
	new bricks = 0 / 76200
	new rays   = 0 (x=0, y=0, z=0)
	Processing rays...
		Rays process:  0.000 (0.000) s
		Sort xstacks:  0.000 (0.000) s
		Put xstacks:   0.000 (0.000) s
		Total:         0.000 s
	Correcting rays...
		Total:         0.000 s
	Time (rays): 0.001 s
Capturing (0 / 76200)...OK (0.000 s)
Refinement input: 76200 bricks
	Checking crit (76008 / 76200)...0 marked (0.001 s)
Refinement result (0 iterations): 76200 bricks (0.002 s)
-----------------------------------------------------------------------
Refining channels...
FYI: CNarrowChannelRefiner::RefineChannels_PRLL
Refinement input: 76200 bricks
	Time(refinement): 0.000 s
Setting regions (80 / 76270)...OK (0.000 s)
Refinement result (1 iterations): 76270 bricks (0.010 s)
Collecting and processing rays:
	Adding rays...OK (0.000 s)
	new bricks = 80 / 76270
	new rays   = 66 (x=0, y=40, z=26)
	Processing rays...
		Rays process:  0.000 (0.000) s
		Sort xstacks:  0.000 (0.000) s
		Put xstacks:   0.000 (0.000) s
		Total:         0.001 s
	Correcting rays...
		Lame vertices: 0.000 (0.000) s
		Bad rays:      0.000 (0.000) s
		Emit rays:     0.000 (0.000) s
		Correct ray f: 0.000 (0.000) s
		Undef:         0.000 (0.000) s
		Sum:           0.000 (0.000) s
		Total:         0.000 s
	Time (rays): 0.002 s
Capturing (80 / 76270)...OK (0.000 s)
FYI: m_iteration_count = 0
FYI: level1 statistics:
     level1_cnt_plus[1]=80;		level1_cnt_minus[1]=0
     level1_cnt_plus[2]=0;		level1_cnt_minus[2]=0
     level1_cnt_plus[3]=0;		level1_cnt_minus[3]=0
     level1_cnt_plus[4]=0;		level1_cnt_minus[4]=0
     level1_cnt_plus[5]=0;		level1_cnt_minus[5]=0
     level1_cnt_plus[6]=0;		level1_cnt_minus[6]=0
     level1_cnt_plus[7]=0;		level1_cnt_minus[7]=0
     level1_cnt_plus[8]=0;		level1_cnt_minus[8]=0
     level1_cnt_plus[9]=0;		level1_cnt_minus[9]=0
Refinement input: 76270 bricks
	Time(refinement): 0.000 s
Setting regions (64 / 76326)...OK (0.000 s)
Refinement result (1 iterations): 76326 bricks (0.010 s)
Collecting and processing rays:
	Adding rays...OK (0.000 s)
	new bricks = 64 / 76326
	new rays   = 44 (x=8, y=16, z=20)
	Processing rays...
		Rays process:  0.002 (0.002) s
		Sort xstacks:  0.000 (0.000) s
		Put xstacks:   0.000 (0.000) s
		Total:         0.002 s
	Correcting rays...
		Lame vertices: 0.001 (0.001) s
		Bad rays:      0.000 (0.000) s
		Emit rays:     0.000 (0.000) s
		Correct ray f: 0.000 (0.000) s
		Undef:         0.000 (0.000) s
		Sum:           0.001 (0.001) s
		Total:         0.001 s
	Time (rays): 0.004 s
Capturing (64 / 76326)...OK (0.001 s)
FYI: m_iteration_count = 1
FYI: level1 statistics:
     level1_cnt_plus[1]=144;		level1_cnt_minus[1]=0
     level1_cnt_plus[2]=0;		level1_cnt_minus[2]=0
     level1_cnt_plus[3]=0;		level1_cnt_minus[3]=0
     level1_cnt_plus[4]=0;		level1_cnt_minus[4]=0
     level1_cnt_plus[5]=0;		level1_cnt_minus[5]=0
     level1_cnt_plus[6]=0;		level1_cnt_minus[6]=0
     level1_cnt_plus[7]=0;		level1_cnt_minus[7]=0
     level1_cnt_plus[8]=0;		level1_cnt_minus[8]=0
     level1_cnt_plus[9]=0;		level1_cnt_minus[9]=0
FYI: m_iteration_count = 2
FYI: level1 statistics:
     level1_cnt_plus[1]=144;		level1_cnt_minus[1]=0
     level1_cnt_plus[2]=0;		level1_cnt_minus[2]=0
     level1_cnt_plus[3]=0;		level1_cnt_minus[3]=0
     level1_cnt_plus[4]=0;		level1_cnt_minus[4]=0
     level1_cnt_plus[5]=0;		level1_cnt_minus[5]=0
     level1_cnt_plus[6]=0;		level1_cnt_minus[6]=0
     level1_cnt_plus[7]=0;		level1_cnt_minus[7]=0
     level1_cnt_plus[8]=0;		level1_cnt_minus[8]=0
     level1_cnt_plus[9]=0;		level1_cnt_minus[9]=0
FYI: level1 statistics:
     level1_cnt_plus[1]=144;		level1_cnt_minus[1]=0
     level1_cnt_plus[2]=0;		level1_cnt_minus[2]=0
     level1_cnt_plus[3]=0;		level1_cnt_minus[3]=0
     level1_cnt_plus[4]=0;		level1_cnt_minus[4]=0
     level1_cnt_plus[5]=0;		level1_cnt_minus[5]=0
     level1_cnt_plus[6]=0;		level1_cnt_minus[6]=0
     level1_cnt_plus[7]=0;		level1_cnt_minus[7]=0
     level1_cnt_plus[8]=0;		level1_cnt_minus[8]=0
     level1_cnt_plus[9]=0;		level1_cnt_minus[9]=0

-----------------------------------------------------------------------
U-shapes refinement...
Refinement input: 76326 bricks
	Checking crit (75990 / 76326)...0 marked (0.011 s)
Refinement result (0 iterations): 76326 bricks (0.012 s)
Collecting and processing rays:
	Adding rays...OK (0.000 s)
	new bricks = 0 / 76326
	new rays   = 0 (x=0, y=0, z=0)
	Processing rays...
		Rays process:  0.000 (0.000) s
		Sort xstacks:  0.000 (0.000) s
		Put xstacks:   0.000 (0.000) s
		Total:         0.000 s
	Correcting rays...
		Total:         0.000 s
	Time (rays): 0.001 s
Capturing (0 / 76326)...OK (0.001 s)
-----------------------------------------------------------------------

-----------------------------------------------------------------------
Equi Distant Refiner:
Equi Distant Refiner takes 0.00 s
-----------------------------------------------------------------------

/-Ray Intersection---------------/ Time	0.025 s
Calls                6200
CorrectRay Calls     0



-----------------------------------------------------------------------
Refining geometries takes 0.167 s
-----------------------------------------------------------------------
-----------------------------------------------------------------------
Memory Working Set Current = 51.71 Mb, Memory Working Set Peak = 51.71 Mb
Memory Private Bytes Current = 49.92 Mb, Memory Private Bytes Peak = 49.92 Mb
Process Threads Number: 10
-----------------------------------------------------------------------
Defect ray count	0
FYI: CNarrowChannelRefiner::RedistributeLevel1_step_1: is started
FYI: CNarrowChannelRefiner::RedistributeLevel1_step_1: is finished (0.002 s)
FYI: level1 statistics:
     level1_cnt_plus[1]=144;		level1_cnt_minus[1]=0
     level1_cnt_plus[2]=0;		level1_cnt_minus[2]=0
     level1_cnt_plus[3]=0;		level1_cnt_minus[3]=0
     level1_cnt_plus[4]=0;		level1_cnt_minus[4]=0
     level1_cnt_plus[5]=0;		level1_cnt_minus[5]=0
     level1_cnt_plus[6]=0;		level1_cnt_minus[6]=0
     level1_cnt_plus[7]=0;		level1_cnt_minus[7]=0
     level1_cnt_plus[8]=0;		level1_cnt_minus[8]=0
     level1_cnt_plus[9]=0;		level1_cnt_minus[9]=0
FYI: CNarrowChannelRefiner::RedistributeLevel1_step_2: is started
FYI: CNarrowChannelRefiner::RedistributeLevel1_step_2: is finished (0.012 s)
FYI: level1 statistics:
     level1_cnt_plus[1]=144;		level1_cnt_minus[1]=0
     level1_cnt_plus[2]=0;		level1_cnt_minus[2]=0
     level1_cnt_plus[3]=0;		level1_cnt_minus[3]=0
     level1_cnt_plus[4]=0;		level1_cnt_minus[4]=0
     level1_cnt_plus[5]=0;		level1_cnt_minus[5]=0
     level1_cnt_plus[6]=0;		level1_cnt_minus[6]=0
     level1_cnt_plus[7]=0;		level1_cnt_minus[7]=0
     level1_cnt_plus[8]=0;		level1_cnt_minus[8]=0
     level1_cnt_plus[9]=0;		level1_cnt_minus[9]=0
FYI: CNarrowChannelRefiner::RedistributeLevel1_step_3: is started
FYI: CNarrowChannelRefiner::RedistributeLevel1_step_3: is finished (0.017 s)
RedistributeLevel1 takes:
FYI: level1 statistics:
     level1_cnt_plus[1]=144;		level1_cnt_minus[1]=160
     level1_cnt_plus[2]=0;		level1_cnt_minus[2]=0
     level1_cnt_plus[3]=0;		level1_cnt_minus[3]=0
     level1_cnt_plus[4]=0;		level1_cnt_minus[4]=0
     level1_cnt_plus[5]=0;		level1_cnt_minus[5]=0
     level1_cnt_plus[6]=0;		level1_cnt_minus[6]=0
     level1_cnt_plus[7]=0;		level1_cnt_minus[7]=0
     level1_cnt_plus[8]=0;		level1_cnt_minus[8]=0
     level1_cnt_plus[9]=0;		level1_cnt_minus[9]=0
-----------------------------------------------------------------------
MSH format builder (Iteration 0)
-----------------------------------------------------------------------
Memory Working Set Current = 53.29 Mb, Memory Working Set Peak = 53.29 Mb
Memory Private Bytes Current = 51.80 Mb, Memory Private Bytes Peak = 51.80 Mb
Process Threads Number: 10
-----------------------------------------------------------------------
Total bricks count: 76326
-----------------------------------------------------------------------
MSH (Real Geometry) format constructor:
	Geom    Count = 2
	Bodyset Count = 2
	3D task
	Getting brick sets...OK (0.005 s)

	Min x-stack xeps = 0.027985
	D / dh / eps [axis=0] = (6.6, 0.0734994, 7.34994e-05)
	D / dh / eps [axis=1] = (5.6, 0.0653327, 6.53327e-05)
	D / dh / eps [axis=2] = (11.4, 0.0782353, 7.82353e-05)
	Time (xeps): 0.001 s
Level 1
	Set (0)  size: 168
	Set (0)  time: 0.006 s
	Set (1)  size: 168
	Set (1)  time: 0.003 s
Level 0
	Set (0)  size: 37996
	Set (0)  time: 0.052 s
	Set (1)  size: 37994
	Set (1)  time: 0.050 s

	Spread npq bricks...0 marked (0.001 s)

Result:
	Bricks number:                        76326

	Memory usage:                         1.315 MB
	Memory usage (per brick):             0.018 KB
	Construction time:                    0.119 s

	Topology features:
	------------------
	- High quality bricks                  100.00 % (76326)
	- Medium quality bricks                  0.00 % (0)
	- Bad quality bricks                     0.00 % (0)
	- NPQ bricks                             0.00 % (0)
	- Type-1 bricks                          1.63 % (1245)
	- Ribs corrected bricks                  0.00 % (0)
	- Points with geom-info (bricks)         0.00 % (0)
	- Points with closest-info (bricks)      0.00 % (2)
	- Triangulated by center (bricks)        0.00 % (0)
	- Facet w-faces mergings (bricks)        0.00 % (0)
	- To refine (bricks)                     0.00 % (0)
	- Points-count                           0.00 % (0)
	- T-self-intersection-all (bricks)       0.00 % (0)
	- T-self-intersection-simple (bricks)    0.00 % (0)
	- T-self-intersection-complex (bricks)   0.00 % (0)
	- NPQ by reason 1 u-shape                0.00 % (0)
	- NPQ by reason 2 tri-by-ctr             0.00 % (0)
	- NPQ by reason 3 ray-correction         0.00 % (0)
	- NPQ by reason 4 t-self-intersection    0.00 % (0)
	- NPQ by reason 5 non-good               0.00 % (0)
	- NPQ by reason 6 npq-worker             0.00 % (0)

-----------------------------------------------------------------------
Memory Working Set Current = 56.45 Mb, Memory Working Set Peak = 56.45 Mb
Memory Private Bytes Current = 53.39 Mb, Memory Private Bytes Peak = 53.39 Mb
Process Threads Number: 10
-----------------------------------------------------------------------
-----------------------------------------------------------------------
msh-iterations: 1
-----------------------------------------------------------------------
high---q-brick-count = 100.00 % (76326 76326)
medium-q-brick-count =   0.00 % (76326 0)
bad----q-brick-count =   0.00 % (76326 0)
np-----q-brick-count =   0.00 % (76326 0)
-----------------------------------------------------------------------
Free brick parser storage...OK(0.001 s)
-----------------------------------------------------------------------
Memory Working Set Current = 56.51 Mb, Memory Working Set Peak = 56.51 Mb
Memory Private Bytes Current = 53.39 Mb, Memory Private Bytes Peak = 53.39 Mb
Process Threads Number: 10
-----------------------------------------------------------------------
-----------------------------------------------------------------------
MSH --> BCF format (Iteration 0)...
BCF collector...(remove mode=0)
	Time (alloc counter per brick): 0.018 s
	Brick    count: 76326
	Av.f all count: 75882
	Av.s all count: 1819
	Av.f pid count: 1375
	Av.s pid count: 1245
	Faces fs count: 1923
	Faces ff count: 0
	Faces ss count: 0
	Faces bb count: 0
	Faces fe count: 11280
	Faces se count: 0
	Faces fw count: 13203
	Faces af count: 221684
	Faces as count: 4730
	Time (all count): 	0.012 s
	Time (bcf alloc): 	0.003 s
	Time (shifts alloc): 	0.030 s
	Time (shifts init): 	0.030 s
	Time (bcf fill): 	0.031 s
	Time (add av to faces): 0.001 s
	Time (add faces to av): 0.008 s
Time (bcf collect): 		0.107 s
	AV checker...
		Hole marker...
			Subdomains:               1.
			Subdomains (cond):        1.
			Time (sd):      0.016 s.
			Time (sd_cond): 0.017 s.
			Time (potential-hole marking): 	0.001 s
			Time (hole checking): 0.000 s.
			0 av(s) are marked to fill subdomain holes.
		Time (hole marker): 0.037 s.
	Time (check av): 	0.092 s
	Subdomain checker...
		Subdomains construction time: 0.024 s.
		Subdomains sort time: 0.000 s.
			Subdomain 0 (geom_ind=0): 75882 av
			Subdomain 1 (geom_ind=1): 1819 av
		gi: 0, real bodies: 1
		gi: 0, subdomains:  1
		gi: 1, real bodies: 0
		gi: 1, subdomains:  1
		Defect subdomains: 0
	Time (check subdoms): 	0.027 s
Time (bcf iteration total): 	0.229 s
	Time (fw-nb): 		0.003 s
	Fixed mutual fw-nb:     1109 (bb: 0)
	Time (fw-nb mutual): 	0.006 s
	Time (fw-nb sort): 	0.001 s
	Fw-opt BEFORE total:    13203 (fs=1923, ff=0, ss=0)
	Fw-opt AFTER  total:    13120 (fs=1840, ff=0, ss=0, failed fw/br=0/0, big_curv=0, big_poly=0)
	Fw-opt RESULT:          83 (res/(fs+ff+ss) = 4.32 %)
	Time (fw-opt): 		0.006 s
	Time (fw-re-order): 	0.002 s
	Time (fw-nb): 		0.009 s
	Fixed mutual fw-nb:     26315 (bb: 0)
	Time (fw-nb mutual): 	0.010 s
	Time (fw-nb sort): 	0.002 s
	Time (rfd fix): 	0.000 s
	Time (av convexity): 	0.004 s
	Time (av small volume): 0.001 s
	Time (diagonal fw-nb): 	0.035 s
	Fixed mutual fw-nb:     0 (bb: 0)
	Time (fw-nb mutual): 	0.008 s
	Time (fw-nb sort): 	0.003 s
	Fluid subdomains: 1
	Faces fw-nb diff sd:    0
	Time (fw-nb diff sd): 	0.033 s
Time (bcf calc): 		0.128 s
-----------------------------------------------------------------------
Time (bcf total): 		0.358 s
-----------------------------------------------------------------------
bcf-iterations: 1
-----------------------------------------------------------------------
-----------------------------------------------------------------------
Mega-cv constructor for fluid...
	 0 av's is treated as thin
Relative size generator (threshold = 0.05)...
	Iteration 1 (small cluster count = 84)
	Iteration 2 (small cluster count = 47)
	Iteration 3 (small cluster count = 14)
	Iteration 4 (small cluster count = 4)
	Iteration 5 (small cluster count = 2)
	Iteration 6 (small cluster count = 0)
	 78 mega-cv's generated
	 0 mega-cv's removed
Relative size generator is completed OK (0.018 s)
Apply fa-rules to mega-cv clusters fixes...
OK (0.000 s)
Convert clusters:
	 78 mega-cv's total
Mega-cv count: 78
Time (mega-cv fill): 	0.001 s
Time (mega-cv total): 	0.052 s
-----------------------------------------------------------------------
Mixing plane rotation regions: NO.
Sliding mesh rotation regions: NO.
Fluid/fluid faces: NO.
-----------------------------------------------------------------------
Memory Working Set Current = 76.69 Mb, Memory Working Set Peak = 88.97 Mb
Memory Private Bytes Current = 90.80 Mb, Memory Private Bytes Peak = 91.95 Mb
Process Threads Number: 10
-----------------------------------------------------------------------
----------------------------------------------------------
BCF --> BCF.GEOMSUBDOM (bridge arrays):
MESH (0):
	Fluid Subdom Constructor: 1 subdom(s).
	Solid Subdom Constructor: 1 subdom(s).
	Net Asm Subdom Constructor: 0 subdom(s).
	GEOMSUBDOM (0): gi=0 Fluid av=75882 cv=75798 fa=221684 fb=0 fw=13120 V=4.187057e+02
	Cache data...OK
	GEOMSUBDOM (1): gi=1 Solid av=1819 cv=1819 fa=4730 fb=0 fw=1840 V=2.638273e+00
	Cache data...OK
	Setting nb of w-faces...OK (0.005 s).
	Correcting nb of w-faces...
	Time(correct_fw_nb)=0.008 s

MESH (0) checking:
	GEOMSUBDOM (0):fa_s=6913.2615757667526850 fb_s=0.0000000000000000 fw_s=375.7848789014321369 fw_nb=104770
	              :d_const(50861)=2.9854e-12 d_linear(50861)=7.33331e-12
	GEOMSUBDOM (1):fa_s=58.6446445291351495 fb_s=0.0000000000000000 fw_s=23.7048789014320143 fw_nb=14554
	              :d_const(231)=1.14902e-11 d_linear(167)=3.96801e-11
MESH (0) checking: OK.
Time (MDS): 	0.217 s
----------------------------------------------------------
-----------------------------------------------------------------------
Memory Working Set Current = 100.77 Mb, Memory Working Set Peak = 100.77 Mb
Memory Private Bytes Current = 113.53 Mb, Memory Private Bytes Peak = 113.53 Mb
Process Threads Number: 10
-----------------------------------------------------------------------

-----------------------------------------------------------------------
BCF CHECKSUM DATA (Mesh 0):

BRICK |Level1| Sum:               304
FACE_A Area Sum:   G.Fluid        6913.2615757667545040
FACE_A Area Sum:   G.Solid        58.6446445291351495
FACE_W Area Sum:                  375.7848789014320801
FACE_W Nb   Sum:                  104770
FACE_W min curvatures sum:        -3.26008850
FACE_W max curvatures sum:        194.48763064
AV Max Disbalance(Const) :        1.14902e-11 (cid=30405, t={28, 24, 52}, avid=76742, pid=516)
AV Max Disbalance(Linear):        4.62137e-11 (cid=22563, t={40, 36, 38}, avid=22435, pid=264)
-----------------------------------------------------------------------


-----------------------------------------------------------------------
MESHER TOPOLOGY DATA:

BRICKS: Total                 76326
BRICKS: Fluid                 75752
BRICKS: Fluid Partial         1245
BRICKS: Type 1                1245
BRICKS: Max AV number         3

AV:     G.Total               77701
AV:     G.Fluid               75882
AV:     G.Solid               1819

AV:     G.Fluid Thin Profile    0.00 % (0)
AV:     G.Solid Thin Profile    7.15 % (130)

AV:     G.Fluid Thin For Mega   0.00 % (0)
AV:     G.Solid Thin For Mega   5.50 % (100)

AV:     G.Fluid Non-Convex      0.44 % (334)
AV:     G.Solid Non-Convex      5.55 % (101)

AV:     G.Fluid Non-Ess-Convex      0.43 % (326)
AV:     G.Solid Non-Ess-Convex      5.22 % (95)

FACE_A: G.Fluid          (af) 221684 (partially opened 2815)
FACE_A: G.Solid          (as) 4730 (partially opened 2567)

FACE_B: G.Total          (b)  0

FACE_W: G.Total                 13120       Brick/Bound
FACE_W: G.Fluid/Solid    (fs_g) 1840        0           
FACE_W: G.Fluid/Fluid    (ff_g) 0           0           
FACE_W: G.Solid/Solid    (ss_g) 0           0           
FACE_W: G.Fluid/Void     (fv_g) 0           0           
FACE_W: G.Fluid/External (fe_g) 11280
FACE_W: G.Solid/External (se_g) 0

AV/CV max fa count (on brick side):4
AV/CV max fw count:                4
AV/CV max fb count:                0
AV/CV max fw poly count:           14

MEMORY: Total                   22.818 MB
MEMORY: Per Brick               0.306 KB
-----------------------------------------------------------------------

-----------------------------------------------------------------------
Connectivities information:
	Number of conns: 0
-----------------------------------------------------------------------
	Time (gap size): 	0.028 s
-----------------------------------------------------------------------
Memory Working Set Current = 100.91 Mb, Memory Working Set Peak = 100.91 Mb
Memory Private Bytes Current = 113.53 Mb, Memory Private Bytes Peak = 113.53 Mb
Process Threads Number: 10
-----------------------------------------------------------------------
-----------------------------------------------------------------------
Calculating curvature and tolerance criteria...
Curvature: min=0 (cid=0) max=3.14159 (cid=38689)
Tolerance: min=0 (cid=0) max=0.0905306 (cid=50460)
Calculating curvature and tolerance criteria takes 0.027 s
-----------------------------------------------------------------------
MESH Build(FS) finished. Time=1.122 s
-----------------------------------------------------------------------
Current CPU = 2 sec

Nx=36
Ny=32
Nz=66
Max BRICK Level=1
Mesh Level=1
-----------------CModelBodies2MeshMapper::CollectData started -------------------------------
	Time (collect mesh base data): 0.003 s.
	Time (collect model bodies mapping): 0.000 s.
	Time (collect positive bodies mapping): 0.000 s.
	Time (collect fluid bodies mapping): 0.001 s.
-----------------CModelBodies2MeshMapper Report -------------------------------
FluidDomains 1 SolidDomains 1 VoidDomains 0 
Domains RefIndexes
----------------- -------------------------------
	ModelBodies
Total resolved Bodies 0 BodySets 0

--------------------------------------------------------------------------
	Positive geometry Bodies
Total resolved Bodies 1 BodySets 1
BodySet 0
	Bodies list:
			#0	Name: ;	ID: 53ac9d51-bf7f-441c-8adf-9335384b03eb
	Domains list:mesh type	 (0, 1)		 0 


--------------------------------------------------------------------------
	Fluid regions
Total resolved Bodies 1 BodySets 1
BodySet 0	Material: Air; 
	Bodies list:
			#0	Name: ;	ID: 53ac9d51-bf7f-441c-8adf-9335384b03eb
	Domains list:mesh type	 (0, 1)		 0 


--------------------------------------------------------------------------
Collect data takes...0.005 s
-----------------CModelBodies2MeshMapper::CollectData finished successfully-------------------
Saving initial mesh in: X:\2024-25 Solar Car\3\3.fld .
Storing results...
	Estimated CPT size=8.457 MB.
	Time (write bcf): 0.616 s
Storing results takes 1.015 s
-----------------------------------------------------------------------
Memory Working Set Current = 101.42 Mb, Memory Working Set Peak = 101.42 Mb
Memory Private Bytes Current = 113.53 Mb, Memory Private Bytes Peak = 113.53 Mb
Process Threads Number: 10
-----------------------------------------------------------------------
Cleaning memory...
-----------------------------------------------------------------------
Start to free mesher data...
MMP (msh): locals=4, allc_sz=9.51 MB, used_sz=9.33 MB, blks-min-max=1/27
MMP (brx): locals=4, allc_sz=10.67 MB, used_sz=9.92 MB, blks-min-max=19/20
MMP (bcf): locals=4, allc_sz=33.15 MB, used_sz=32.50 MB, blks-min-max=20/40
MMP (xsl): locals=4, allc_sz=0.14 MB, used_sz=0.07 MB, blks-min-max=2/2
Free xsl...            OK	Time=0.000 s
Free ray collector...  OK	Time=0.000 s
Free ray intersector...OK	Time=0.000 s
Free body sets...      OK	Time=0.001 s
Free Geometry DB takes 0.000 s
Free mesh conn...      OK	Time=0.000 s
Free geomsd...         OK	Time=0.000 s
Free mbricks...        OK	Time=0.001 s
Free hash info...      OK	Time=0.001 s
Free bricks-x...       OK	Time=0.000 s
Free bcf...            OK	Time=0.003 s
Free mesh h...         OK	Time=0.000 s
Free bricks arr..      OK	Time=0.000 s
Free bricks tree...    OK	Time=0.000 s
Free mesh pools...     OK	Time=0.007 s
Free bodies mapper...  OK	Time=0.000 s
Free geom crits...     OK	Time=0.000 s
Free cpt regions...    OK	Time=0.000 s
Free peculiar surfs... OK	Time=0.000 s
Free sw-geometries...  OK	Time=0.000 s
Total free mesher data time: 0.016 s
-----------------------------------------------------------------------
Copying... OK
CPT size=2.380 MB (2495686 bytes).
Mesh generation normally finished at	4.12.2024	17:16:20
Mesher CPU = 15 sec
Mesher is finished at	4.12.2024	17:16:20
-----------------------------------------------------------------------
Memory Working Set Current = 37.16 Mb, Memory Working Set Peak = 101.43 Mb
Memory Private Bytes Current = 48.87 Mb, Memory Private Bytes Peak = 113.53 Mb
Process Threads Number: 10
-----------------------------------------------------------------------
Algebra Pool      : mem_usage = 2.25 Mb, allocated count = 0
-----------------------------------------------------------------------
Memory Working Set Current = 35.35 Mb, Memory Working Set Peak = 101.43 Mb
Memory Private Bytes Current = 46.68 Mb, Memory Private Bytes Peak = 113.53 Mb
Process Threads Number: 10
Process Threads Number Peak: 10
-----------------------------------------------------------------------
Log ended at 04.12.2024	17:16:20
