Log started at 12.12.2024	23:35:38
Number of used processors (NPROC): 6.
Number of mesh partitions (NPART): 6.
Total Physical Memory = 31.91 Gb, Available Physical Memory = 18.77 Gb
Computer name:	DESKTOP-C408A46
Operating system:	Windows 11 (or higher) (Version 10.0.22631)

Commandline:	"C:\Program Files\SOLIDWORKS Corp\SOLIDWORKS Flow Simulation\BINCFW\efdsolver.exe" /config:"C:\Users\juded\OneDrive\Desktop\Car shit\7\7.xmlconfig" /guid:1599be10-aa69-4d18-ac6c-5136185b0001 /processors:max /m /s /prjnamelm:"Flow Simulation 2023" /prjnamehabout:"Flow Simulation 2023" /companyname:"COSMOS Applications" /prjaliasid:1009 /lang:English /port:15907

SOLIDWORKS 2023 SP2.1
Flow Simulation 2023  x64 / 5965

Project: C:\Users\juded\OneDrive\Desktop\Car shit\7\7.xmlconfig
Configuration name: Default
Project name: Project(1)
Problem type: external-with-void-internal-space-type
Exclude cavities without flow conditions: ON
NGK: OFF
MBO: OFF
-----------------------------------------------------------------------
Mesher option run = eRunMesherNormal
-----------------------------------------------------------------------

Mesh generation started:	12.12.2024	23:35:38
-----------------------------------------------------------------------
Memory Working Set Current = 15.47 Mb, Memory Working Set Peak = 15.47 Mb
Memory Private Bytes Current = 15.96 Mb, Memory Private Bytes Peak = 15.96 Mb
Process Threads Number: 7
-----------------------------------------------------------------------
Mesher adjust APD = OFF; AdjustAPD_method=0; N_per_Channel = 0; N2_per_Channel = 0
Current CPU = 0 sec
-----------------------------------------------------------------------
Geometries initialization:
-----------------------------------------------------------------------
Loading mesh settings (global/local)...
-----------------------------------------------------------------------
Number of geometries from DB: 1
Geometry(0):
	Guid = {00000000-0000-0000-0000-000000000000}
	Fluid..
	1 Body.
	1 Real body.
	-- Bodyset 0 --
		Tolerance=0.000500007.
		46 Face(s).
			46 of b-spline type.
		0 Face(s) that have no ref faces
		16 Plane surface(s).
		4 Cylinder surface(s).
		26 B- surface(s).
		43932 Triangle(s).
		Getting triangle connectivities from DB: 0.004 s
		126 Edge(s).
			126 of b-spline type.
		BodyGeom reading: 0.024 s.
		43932 Reference Triangles.
		Getting triangle connectivities from DB (Ref): 0.004 s
		BodyGeom Ref reading: 0.007 s.
Geometry(1):
	Solid.
	-- Bodyset 1 --
	Empty
-----------------------------------------------------------------------
Number of geometries in task: 2
	G : 0	Type: Fluid
	G : 1	Type: Solid
Number of bodysets   in task: 2
-----------------------------------------------------------------------
BodySet (0):
	Making hash and connectivity for Bodyset ...
		CBodyGeom:
		Hash size: {34, 272, 32}.
		Mesh size: {34, 68, 32}.
		Hashing triangles...Ok.
			axis(0) tr sizes: average=45 max=288
			axis(1) tr sizes: average=154 max=650
			axis(2) tr sizes: average=24 max=559
		Number of t-connected sets:1 (cavity=0)
		CBodyGeomRef:
		Hashing triangles...Ok.
			axis(0) tr sizes: average=87 max=477
			axis(1) tr sizes: average=146 max=627
			axis(2) tr sizes: average=47 max=875
	0.058 s.
Geometries reading and preparing has taken 0.104 s.
-----------------------------------------------------------------------
Mapped triangles:
Hashing rough geometry(bodies) triangulation:
BodySet (0):
	Triangles num=43932
	Triangles box={-0.9 ,0.9 ,0 ,5 ,1.85972e-05 ,1}
		3d-hash size is 537776 bytes
BodySet (1):
no log info (empty stream)

Mapped triangles processed in 0.055 s.
-----------------------------------------------------------------------
-----------------------------------------------------------------------
Getting sectors:
Number of sectors: 0
-----------------------------------------------------------------------
-----------------------------------------------------------------------
Bodies:     2
Faces:      46
Edges:      126
Triangles:  43932
-----------------------------------------------------------------------

Current CPU = 0 sec
-----------------------------------------------------------------------
Memory Working Set Current = 49.16 Mb, Memory Working Set Peak = 57.58 Mb
Memory Private Bytes Current = 48.70 Mb, Memory Private Bytes Peak = 56.66 Mb
Process Threads Number: 12
-----------------------------------------------------------------------
-----------------------------------------------------------------------
Checking faces on CD...
FCD = [0 0 0 0 0 0]
FCD_conflicts = 0
Time (check faces on CD)=0.000 s
-----------------------------------------------------------------------

-----------------------------------------------------------------------
Mesh dimensions:
				I[0 ]=34
				I[1 ]=68
				I[2 ]=32

Comp. domain size:
				a[0  ]=-3.90005
				a[1  ]=3.90005
				a[2  ]=-6.40512
				a[3  ]=10.0001
				a[4  ]=-3.00005
				a[5  ]=4.00005

Fluid calculated			1
Solid calculated			0
-----------------------------------------------------------------------
MESH Build started...
-----------------------------------------------------------------------
Mesh LEVEL = 1
-----------------------------------------------------------------------
-----------------------------------------------------------------------
CPT-mode xeps:
	D / dh / eps [axis=0] = (7.8001, 0.088199, 8.8199e-05)
	D / dh / eps [axis=1] = (16.4052, 0.0949713, 9.49713e-05)
	D / dh / eps [axis=2] = (7.0001, 0.0816672, 8.16672e-05)
-----------------------------------------------------------------------
Initial allocation and brick-body-box intersection...OK (0.001 s)
Initial triangle brick intersection...OK (0.001 s)
Setting regions (73984 / 73984)...OK (0.001 s)
-----------------------------------------------------------------------
Base mesh info:
	3D task
	Nx=34
	Ny=68
	Nz=32
	N(Nx*Ny*Nz) = 2312
	Period    axis=[0, 0, 0]
	Symmetry  ni=[0 0 0 0 0 0]
	ZoomingBC ni=[0 0 0 0 0 0]
	Nx=34
		x[0]=-3.90005
		x[1]=-3.57215
		x[2]=-3.26065
		x[3]=-2.96463
		x[4]=-2.68332
		x[5]=-2.41599
		x[6]=-2.16195
		x[7]=-1.92053
		x[8]=-1.69112
		x[9]=-1.4731
		x[10]=-1.26592
		x[11]=-1.06904
		x[12]=-0.881946
		x[13]=-0.705548
		x[14]=-0.529147
		x[15]=-0.352745
		x[16]=-0.176344
		x[17]=5.71857e-05
		x[18]=0.176459
		x[19]=0.35286
		x[20]=0.529261
		x[21]=0.705663
		x[22]=0.882064
		x[23]=1.06914
		x[24]=1.26601
		x[25]=1.47318
		x[26]=1.69118
		x[27]=1.92059
		x[28]=2.16201
		x[29]=2.41606
		x[30]=2.6834
		x[31]=2.96473
		x[32]=3.26078
		x[33]=3.57232
		x[34]=3.90005
	Ny=68
		y[0]=-6.40512
		y[1]=-5.91056
		y[2]=-5.44037
		y[3]=-4.99323
		y[4]=-4.56801
		y[5]=-4.16363
		y[6]=-3.77907
		y[7]=-3.41336
		y[8]=-3.06557
		y[9]=-2.73483
		y[10]=-2.4203
		y[11]=-2.12119
		y[12]=-1.83674
		y[13]=-1.56623
		y[14]=-1.30898
		y[15]=-1.06434
		y[16]=-0.831694
		y[17]=-0.610448
		y[18]=-0.400047
		y[19]=-0.199958
		y[20]=-0.00710153
		y[21]=0.185756
		y[22]=0.378614
		y[23]=0.571472
		y[24]=0.76433
		y[25]=0.957188
		y[26]=1.15005
		y[27]=1.3429
		y[28]=1.53576
		y[29]=1.72862
		y[30]=1.92148
		y[31]=2.11434
		y[32]=2.30719
		y[33]=2.50005
		y[34]=2.69571
		y[35]=2.89136
		y[36]=3.08701
		y[37]=3.28267
		y[38]=3.47832
		y[39]=3.67398
		y[40]=3.86963
		y[41]=4.06528
		y[42]=4.26094
		y[43]=4.45659
		y[44]=4.65225
		y[45]=4.8479
		y[46]=5.04355
		y[47]=5.23921
		y[48]=5.43486
		y[49]=5.63051
		y[50]=5.82617
		y[51]=6.02182
		y[52]=6.21748
		y[53]=6.41313
		y[54]=6.60878
		y[55]=6.80444
		y[56]=7.00009
		y[57]=7.19003
		y[58]=7.38922
		y[59]=7.59811
		y[60]=7.81715
		y[61]=8.04686
		y[62]=8.28774
		y[63]=8.54035
		y[64]=8.80525
		y[65]=9.08304
		y[66]=9.37434
		y[67]=9.67982
		y[68]=10.0001
	Nz=32
		z[0]=-3.00005
		z[1]=-2.69337
		z[2]=-2.40161
		z[3]=-2.124
		z[4]=-1.85984
		z[5]=-1.60848
		z[6]=-1.3693
		z[7]=-1.14171
		z[8]=-0.925154
		z[9]=-0.719089
		z[10]=-0.523011
		z[11]=-0.336434
		z[12]=-0.158899
		z[13]=0.0100327
		z[14]=0.173367
		z[15]=0.336703
		z[16]=0.500039
		z[17]=0.663374
		z[18]=0.82671
		z[19]=0.990046
		z[20]=1.15897
		z[21]=1.33649
		z[22]=1.52306
		z[23]=1.71913
		z[24]=1.92519
		z[25]=2.14175
		z[26]=2.36934
		z[27]=2.60853
		z[28]=2.8599
		z[29]=3.12407
		z[30]=3.40171
		z[31]=3.69348
		z[32]=4.00005
-----------------------------------------------------------------------
Input_mesh_settings--------------------------------
Settings 0----------------
	Scope: GLOBAL
	Type:	------MESHER_SETTINGS----------
	RefAllCells           =0
	RefFluidCells         =0
	RefPartCells          =0
	RefSolidCells         =0
	l_SSFR(Capture crit)  =1
	l_curv(Curvature crit)=0
	l_tol(Tolerance crit) =0
	UseChannelRef         =1
	  NCR_method          =0
	  l_NCR               =1
	  N_gap               =5
	  Use d_NCR_min       =0
	  Use d_NCR_max       =0
	CloseThinSlotsHeight         =0
	--END_OF_MESHER_SETTINGS-------
End of input mesh settings-------------------------
-----------------------------------------------------------------------
Memory Working Set Current = 66.87 Mb, Memory Working Set Peak = 66.87 Mb
Memory Private Bytes Current = 67.00 Mb, Memory Private Bytes Peak = 67.00 Mb
Process Threads Number: 12
-----------------------------------------------------------------------
MMP (msh): locals=1, allc_sz=9.43 MB, used_sz=9.03 MB, blks-min-max=27/27
MMP (brx): locals=6, allc_sz=9.11 MB, used_sz=8.49 MB, blks-min-max=15/17
MMP (bcf): locals=0, allc_sz=0.00 MB, used_sz=0.00 MB, blks-min-max=0/0
MMP (xsl): locals=0, allc_sz=0.00 MB, used_sz=0.00 MB, blks-min-max=0/0
NxNyNz = [34, 68, 32]
base_dx=0.229807; 
NxNyNz_reverse = [34, 71, 30]

-----------------------------------------------------------------------
Refining geometries:
-----------------------------------------------------------------------

-----------------------------------------------------------------------
Refining by triangulation...
Refinement input: 73984 bricks
	Checking crit (73984 / 73984)...59 marked (0.036 s)
	Time(refinement): 0.000 s
Setting regions (472 / 74397)...OK (0.001 s)
	Checking crit (0 / 74397)...0 marked (0.000 s)
Refinement result (1 iterations): 74397 bricks (0.041 s)
Refinement input: 74397 bricks
	Checking crit (73925 / 74397)...0 marked (0.002 s)
Refinement result (0 iterations): 74397 bricks (0.002 s)
Collecting and processing rays:
	Adding rays...OK (0.008 s)
	new bricks = 74397 / 74397
	new rays   = 6261 (x=2371, y=1248, z=2642)
	Processing rays...
		Rays process:  0.053 (0.053) s
		Sort xstacks:  0.000 (0.000) s
		Put xstacks:   0.000 (0.000) s
		Total:         0.054 s
	Correcting rays...
		Lame vertices: 0.003 (0.003) s
		Bad rays:      0.000 (0.000) s
		Emit rays:     0.000 (0.000) s
		Correct ray f: 0.000 (0.000) s
		Undef:         0.000 (0.000) s
		Sum:           0.003 (0.003) s
		Total:         0.004 s
	Time (rays): 0.067 s
Capturing (74397 / 74397)...OK (0.002 s)
Refining by triangulation takes 0.114 s
-----------------------------------------------------------------------

-----------------------------------------------------------------------
Refining peculiar surfaces...
Collecting and processing rays:
	Adding rays...OK (0.000 s)
	new bricks = 0 / 74397
	new rays   = 0 (x=0, y=0, z=0)
	Processing rays...
		Rays process:  0.000 (0.000) s
		Sort xstacks:  0.000 (0.000) s
		Put xstacks:   0.000 (0.000) s
		Total:         0.000 s
	Correcting rays...
		Total:         0.000 s
	Time (rays): 0.001 s
Capturing (0 / 74397)...OK (0.001 s)
0 surfaces refined
Refining peculiar surfaces takes 0.002 s
-----------------------------------------------------------------------

-----------------------------------------------------------------------
Base mesh 1 Refining...
Collecting and processing rays:
	Adding rays...OK (0.000 s)
	new bricks = 0 / 74397
	new rays   = 0 (x=0, y=0, z=0)
	Processing rays...
		Rays process:  0.000 (0.000) s
		Sort xstacks:  0.000 (0.000) s
		Put xstacks:   0.000 (0.000) s
		Total:         0.000 s
	Correcting rays...
		Total:         0.000 s
	Time (rays): 0.001 s
Capturing (0 / 74397)...OK (0.001 s)
Refinement input: 74397 bricks
	Checking crit (73925 / 74397)...0 marked (0.001 s)
Refinement result (0 iterations): 74397 bricks (0.001 s)
-----------------------------------------------------------------------
Refining channels...
FYI: CNarrowChannelRefiner::RefineChannels_PRLL
Refinement input: 74397 bricks
	Time(refinement): 0.000 s
Setting regions (128 / 74509)...OK (0.001 s)
Refinement result (1 iterations): 74509 bricks (0.005 s)
Collecting and processing rays:
	Adding rays...OK (0.000 s)
	new bricks = 128 / 74509
	new rays   = 72 (x=25, y=12, z=35)
	Processing rays...
		Rays process:  0.000 (0.000) s
		Sort xstacks:  0.000 (0.000) s
		Put xstacks:   0.000 (0.000) s
		Total:         0.001 s
	Correcting rays...
		Lame vertices: 0.000 (0.000) s
		Bad rays:      0.000 (0.000) s
		Emit rays:     0.000 (0.000) s
		Correct ray f: 0.000 (0.000) s
		Undef:         0.000 (0.000) s
		Sum:           0.000 (0.000) s
		Total:         0.001 s
	Time (rays): 0.002 s
Capturing (128 / 74509)...OK (0.001 s)
FYI: m_iteration_count = 0
FYI: level1 statistics:
     level1_cnt_plus[1]=128;		level1_cnt_minus[1]=0
     level1_cnt_plus[2]=0;		level1_cnt_minus[2]=0
     level1_cnt_plus[3]=0;		level1_cnt_minus[3]=0
     level1_cnt_plus[4]=0;		level1_cnt_minus[4]=0
     level1_cnt_plus[5]=0;		level1_cnt_minus[5]=0
     level1_cnt_plus[6]=0;		level1_cnt_minus[6]=0
     level1_cnt_plus[7]=0;		level1_cnt_minus[7]=0
     level1_cnt_plus[8]=0;		level1_cnt_minus[8]=0
     level1_cnt_plus[9]=0;		level1_cnt_minus[9]=0
Refinement input: 74509 bricks
	Time(refinement): 0.000 s
Setting regions (24 / 74530)...OK (0.001 s)
Refinement result (1 iterations): 74530 bricks (0.005 s)
Collecting and processing rays:
	Adding rays...OK (0.000 s)
	new bricks = 24 / 74530
	new rays   = 8 (x=2, y=0, z=6)
	Processing rays...
		Rays process:  0.000 (0.000) s
		Sort xstacks:  0.000 (0.000) s
		Put xstacks:   0.000 (0.000) s
		Total:         0.000 s
	Correcting rays...
		Lame vertices: 0.000 (0.000) s
		Bad rays:      0.000 (0.000) s
		Emit rays:     0.000 (0.000) s
		Correct ray f: 0.000 (0.000) s
		Undef:         0.000 (0.000) s
		Sum:           0.000 (0.000) s
		Total:         0.001 s
	Time (rays): 0.002 s
Capturing (24 / 74530)...OK (0.001 s)
FYI: m_iteration_count = 1
FYI: level1 statistics:
     level1_cnt_plus[1]=152;		level1_cnt_minus[1]=0
     level1_cnt_plus[2]=0;		level1_cnt_minus[2]=0
     level1_cnt_plus[3]=0;		level1_cnt_minus[3]=0
     level1_cnt_plus[4]=0;		level1_cnt_minus[4]=0
     level1_cnt_plus[5]=0;		level1_cnt_minus[5]=0
     level1_cnt_plus[6]=0;		level1_cnt_minus[6]=0
     level1_cnt_plus[7]=0;		level1_cnt_minus[7]=0
     level1_cnt_plus[8]=0;		level1_cnt_minus[8]=0
     level1_cnt_plus[9]=0;		level1_cnt_minus[9]=0
FYI: m_iteration_count = 2
FYI: level1 statistics:
     level1_cnt_plus[1]=152;		level1_cnt_minus[1]=0
     level1_cnt_plus[2]=0;		level1_cnt_minus[2]=0
     level1_cnt_plus[3]=0;		level1_cnt_minus[3]=0
     level1_cnt_plus[4]=0;		level1_cnt_minus[4]=0
     level1_cnt_plus[5]=0;		level1_cnt_minus[5]=0
     level1_cnt_plus[6]=0;		level1_cnt_minus[6]=0
     level1_cnt_plus[7]=0;		level1_cnt_minus[7]=0
     level1_cnt_plus[8]=0;		level1_cnt_minus[8]=0
     level1_cnt_plus[9]=0;		level1_cnt_minus[9]=0
FYI: level1 statistics:
     level1_cnt_plus[1]=152;		level1_cnt_minus[1]=0
     level1_cnt_plus[2]=0;		level1_cnt_minus[2]=0
     level1_cnt_plus[3]=0;		level1_cnt_minus[3]=0
     level1_cnt_plus[4]=0;		level1_cnt_minus[4]=0
     level1_cnt_plus[5]=0;		level1_cnt_minus[5]=0
     level1_cnt_plus[6]=0;		level1_cnt_minus[6]=0
     level1_cnt_plus[7]=0;		level1_cnt_minus[7]=0
     level1_cnt_plus[8]=0;		level1_cnt_minus[8]=0
     level1_cnt_plus[9]=0;		level1_cnt_minus[9]=0

-----------------------------------------------------------------------
U-shapes refinement...
Refinement input: 74530 bricks
	Checking crit (73906 / 74530)...0 marked (0.006 s)
Refinement result (0 iterations): 74530 bricks (0.006 s)
Collecting and processing rays:
	Adding rays...OK (0.000 s)
	new bricks = 0 / 74530
	new rays   = 0 (x=0, y=0, z=0)
	Processing rays...
		Rays process:  0.000 (0.000) s
		Sort xstacks:  0.000 (0.000) s
		Put xstacks:   0.000 (0.000) s
		Total:         0.000 s
	Correcting rays...
		Total:         0.000 s
	Time (rays): 0.001 s
Capturing (0 / 74530)...OK (0.001 s)
-----------------------------------------------------------------------

-----------------------------------------------------------------------
Equi Distant Refiner:
Equi Distant Refiner takes 0.00 s
-----------------------------------------------------------------------

/-Ray Intersection---------------/ Time	0.277 s
Calls                6341
CorrectRay Calls     0



-----------------------------------------------------------------------
Refining geometries takes 0.194 s
-----------------------------------------------------------------------
-----------------------------------------------------------------------
Memory Working Set Current = 76.64 Mb, Memory Working Set Peak = 76.64 Mb
Memory Private Bytes Current = 76.78 Mb, Memory Private Bytes Peak = 76.78 Mb
Process Threads Number: 12
-----------------------------------------------------------------------
Defect ray count	0
FYI: CNarrowChannelRefiner::RedistributeLevel1_step_1: is started
FYI: CNarrowChannelRefiner::RedistributeLevel1_step_1: is finished (0.001 s)
FYI: level1 statistics:
     level1_cnt_plus[1]=152;		level1_cnt_minus[1]=0
     level1_cnt_plus[2]=0;		level1_cnt_minus[2]=0
     level1_cnt_plus[3]=0;		level1_cnt_minus[3]=0
     level1_cnt_plus[4]=0;		level1_cnt_minus[4]=0
     level1_cnt_plus[5]=0;		level1_cnt_minus[5]=0
     level1_cnt_plus[6]=0;		level1_cnt_minus[6]=0
     level1_cnt_plus[7]=0;		level1_cnt_minus[7]=0
     level1_cnt_plus[8]=0;		level1_cnt_minus[8]=0
     level1_cnt_plus[9]=0;		level1_cnt_minus[9]=0
FYI: CNarrowChannelRefiner::RedistributeLevel1_step_2: is started
FYI: CNarrowChannelRefiner::RedistributeLevel1_step_2: is finished (0.028 s)
FYI: level1 statistics:
     level1_cnt_plus[1]=161;		level1_cnt_minus[1]=0
     level1_cnt_plus[2]=0;		level1_cnt_minus[2]=0
     level1_cnt_plus[3]=0;		level1_cnt_minus[3]=0
     level1_cnt_plus[4]=0;		level1_cnt_minus[4]=0
     level1_cnt_plus[5]=0;		level1_cnt_minus[5]=0
     level1_cnt_plus[6]=0;		level1_cnt_minus[6]=0
     level1_cnt_plus[7]=0;		level1_cnt_minus[7]=0
     level1_cnt_plus[8]=0;		level1_cnt_minus[8]=0
     level1_cnt_plus[9]=0;		level1_cnt_minus[9]=0
FYI: CNarrowChannelRefiner::RedistributeLevel1_step_3: is started
FYI: CNarrowChannelRefiner::RedistributeLevel1_step_3: is finished (0.007 s)
RedistributeLevel1 takes:
FYI: level1 statistics:
     level1_cnt_plus[1]=161;		level1_cnt_minus[1]=253
     level1_cnt_plus[2]=0;		level1_cnt_minus[2]=0
     level1_cnt_plus[3]=0;		level1_cnt_minus[3]=0
     level1_cnt_plus[4]=0;		level1_cnt_minus[4]=0
     level1_cnt_plus[5]=0;		level1_cnt_minus[5]=0
     level1_cnt_plus[6]=0;		level1_cnt_minus[6]=0
     level1_cnt_plus[7]=0;		level1_cnt_minus[7]=0
     level1_cnt_plus[8]=0;		level1_cnt_minus[8]=0
     level1_cnt_plus[9]=0;		level1_cnt_minus[9]=0
-----------------------------------------------------------------------
MSH format builder (Iteration 0)
-----------------------------------------------------------------------
Memory Working Set Current = 78.43 Mb, Memory Working Set Peak = 78.43 Mb
Memory Private Bytes Current = 78.66 Mb, Memory Private Bytes Peak = 78.66 Mb
Process Threads Number: 12
-----------------------------------------------------------------------
Total bricks count: 74530
-----------------------------------------------------------------------
MSH (Real Geometry) format constructor:
	Geom    Count = 2
	Bodyset Count = 2
	3D task
	Getting brick sets...OK (0.002 s)

	Min x-stack xeps = 1.75786e-05
	D / dh / eps [axis=0] = (7.8001, 0.088199, 5.85953e-06)
	D / dh / eps [axis=1] = (16.4052, 0.096429, 5.85953e-06)
	D / dh / eps [axis=2] = (7.0001, 0.0816679, 5.85953e-06)
	Time (xeps): 0.001 s
Level 1
	Set (0)  size: 312
	Set (0)  time: 0.011 s
	Set (1)  size: 312
	Set (1)  time: 0.007 s
Level 0
	Set (0)  size: 36953
	Set (0)  time: 0.017 s
	Set (1)  size: 36953
	Set (1)  time: 0.021 s

	Spread npq bricks...0 marked (0.001 s)

Result:
	Bricks number:                        74530

	Memory usage:                         1.199 MB
	Memory usage (per brick):             0.016 KB
	Construction time:                    0.061 s

	Topology features:
	------------------
	- High quality bricks                  100.00 % (74529)
	- Medium quality bricks                  0.00 % (1)
	- Bad quality bricks                     0.00 % (0)
	- NPQ bricks                             0.00 % (1)
	- Type-1 bricks                          1.18 % (877)
	- Ribs corrected bricks                  0.00 % (0)
	- Points with geom-info (bricks)         0.00 % (1)
	- Points with closest-info (bricks)      0.00 % (0)
	- Triangulated by center (bricks)        0.00 % (1)
	- Facet w-faces mergings (bricks)        0.00 % (0)
	- To refine (bricks)                     0.00 % (0)
	- Points-count                           0.00 % (0)
	- T-self-intersection-all (bricks)       0.00 % (0)
	- T-self-intersection-simple (bricks)    0.00 % (0)
	- T-self-intersection-complex (bricks)   0.00 % (0)
	- NPQ by reason 1 u-shape                0.00 % (0)
	- NPQ by reason 2 tri-by-ctr             0.00 % (0)
	- NPQ by reason 3 ray-correction         0.00 % (0)
	- NPQ by reason 4 t-self-intersection    0.00 % (0)
	- NPQ by reason 5 non-good               0.00 % (1)
	- NPQ by reason 6 npq-worker             0.00 % (0)

-----------------------------------------------------------------------
Memory Working Set Current = 85.19 Mb, Memory Working Set Peak = 85.19 Mb
Memory Private Bytes Current = 87.40 Mb, Memory Private Bytes Peak = 87.40 Mb
Process Threads Number: 12
-----------------------------------------------------------------------
-----------------------------------------------------------------------
msh-iterations: 1
-----------------------------------------------------------------------
high---q-brick-count = 100.00 % (74530 74529)
medium-q-brick-count =   0.00 % (74530 1)
bad----q-brick-count =   0.00 % (74530 0)
np-----q-brick-count =   0.00 % (74530 1)
-----------------------------------------------------------------------
Free brick parser storage...OK(0.001 s)
-----------------------------------------------------------------------
Memory Working Set Current = 85.23 Mb, Memory Working Set Peak = 85.23 Mb
Memory Private Bytes Current = 87.40 Mb, Memory Private Bytes Peak = 87.40 Mb
Process Threads Number: 12
-----------------------------------------------------------------------
-----------------------------------------------------------------------
MSH --> BCF format (Iteration 0)...
BCF collector...(remove mode=0)
	Time (alloc counter per brick): 0.001 s
	Brick    count: 74530
	Av.f all count: 74497
	Av.s all count: 964
	Av.f pid count: 931
	Av.s pid count: 877
	Faces fs count: 2506
	Faces ff count: 0
	Faces ss count: 0
	Faces bb count: 0
	Faces fe count: 11152
	Faces se count: 0
	Faces fw count: 13658
	Faces af count: 217954
	Faces as count: 2455
	Time (all count): 	0.004 s
	Time (bcf alloc): 	0.001 s
	Time (shifts alloc): 	0.002 s
	Time (shifts init): 	0.002 s
	Time (bcf fill): 	0.006 s
	Time (add av to faces): 0.000 s
	Time (add faces to av): 0.003 s
Time (bcf collect): 		0.022 s
	AV checker...
		Hole marker...
			Subdomains:               1.
			Subdomains (cond):        1.
			Time (sd):      0.010 s.
			Time (sd_cond): 0.009 s.
			Time (potential-hole marking): 	0.001 s
			Time (hole checking): 0.000 s.
			0 av(s) are marked to fill subdomain holes.
		Time (hole marker): 0.021 s.
	Time (check av): 	0.037 s
	Subdomain checker...
		Subdomains construction time: 0.010 s.
		Subdomains sort time: 0.000 s.
			Subdomain 0 (geom_ind=0): 74497 av
			Subdomain 1 (geom_ind=1): 964 av
		gi: 0, real bodies: 1
		gi: 0, subdomains:  1
		gi: 1, real bodies: 0
		gi: 1, subdomains:  1
		Defect subdomains: 0
	Time (check subdoms): 	0.011 s
Time (bcf iteration total): 	0.072 s
	Time (fw-nb): 		0.000 s
	Fixed mutual fw-nb:     2174 (bb: 0)
	Time (fw-nb mutual): 	0.001 s
	Time (fw-nb sort): 	0.000 s
	Fw-opt BEFORE total:    13658 (fs=2506, ff=0, ss=0)
	Fw-opt AFTER  total:    12656 (fs=1504, ff=0, ss=0, failed fw/br=2/0, big_curv=8, big_poly=0)
	Fw-opt RESULT:          1002 (res/(fs+ff+ss) = 39.98 %)
	Time (fw-opt): 		0.001 s
	Time (fw-re-order): 	0.001 s
	Time (fw-nb): 		0.003 s
	Fixed mutual fw-nb:     25392 (bb: 0)
	Time (fw-nb mutual): 	0.001 s
	Time (fw-nb sort): 	0.000 s
	Time (rfd fix): 	0.000 s
	Time (av convexity): 	0.001 s
	Time (av small volume): 0.000 s
	Time (diagonal fw-nb): 	0.010 s
	Fixed mutual fw-nb:     0 (bb: 0)
	Time (fw-nb mutual): 	0.001 s
	Time (fw-nb sort): 	0.000 s
	Fluid subdomains: 1
	Faces fw-nb diff sd:    0
	Time (fw-nb diff sd): 	0.010 s
Time (bcf calc): 		0.035 s
-----------------------------------------------------------------------
Time (bcf total): 		0.107 s
-----------------------------------------------------------------------
bcf-iterations: 1
-----------------------------------------------------------------------
-----------------------------------------------------------------------
Mega-cv constructor for fluid...
	 0 av's is treated as thin
Relative size generator (threshold = 0.05)...
	Iteration 1 (small cluster count = 32)
	Iteration 2 (small cluster count = 13)
	Iteration 3 (small cluster count = 2)
	Iteration 4 (small cluster count = 1)
	Iteration 5 (small cluster count = 0)
	 27 mega-cv's generated
	 1 mega-cv's removed
Relative size generator is completed OK (0.003 s)
Apply fa-rules to mega-cv clusters fixes...
	Fa-rule violation fixes:        4 of        4 (total cluster# =       30)
OK (0.001 s)
Convert clusters:
	 26 mega-cv's total
Mega-cv count: 26
Time (mega-cv fill): 	0.000 s
Time (mega-cv total): 	0.015 s
-----------------------------------------------------------------------
Mixing plane rotation regions: NO.
Sliding mesh rotation regions: NO.
Fluid/fluid faces: NO.
-----------------------------------------------------------------------
Memory Working Set Current = 104.55 Mb, Memory Working Set Peak = 116.09 Mb
Memory Private Bytes Current = 132.72 Mb, Memory Private Bytes Peak = 132.72 Mb
Process Threads Number: 12
-----------------------------------------------------------------------
----------------------------------------------------------
BCF --> BCF.GEOMSUBDOM (bridge arrays):
MESH (0):
	Fluid Subdom Constructor: 1 subdom(s).
	Solid Subdom Constructor: 1 subdom(s).
	Net Asm Subdom Constructor: 0 subdom(s).
	GEOMSUBDOM (0): gi=0 Fluid av=74497 cv=74465 fa=217954 fb=0 fw=12656 V=8.946222e+02
	Cache data...OK
	GEOMSUBDOM (1): gi=1 Solid av=964 cv=964 fa=2455 fb=0 fw=1504 V=1.127145e+00
	Cache data...OK
	Setting nb of w-faces...OK (0.001 s).
	Correcting nb of w-faces...
	Time(correct_fw_nb)=0.002 s

MESH (0) checking:
	GEOMSUBDOM (0):fa_s=11398.4667007625102997 fb_s=0.0000000000000000 fw_s=610.7947847107948292 fw_nb=101146
	              :d_const(14867)=4.5997e-13 d_linear(14867)=5.01049e-12
	GEOMSUBDOM (1):fa_s=23.7445676555008944 fb_s=0.0000000000000000 fw_s=15.9908685509274413 fw_nb=11954
	              :d_const(443)=2.10577e-12 d_linear(444)=3.88401e-11
MESH (0) checking: OK.
Time (MDS): 	0.065 s
----------------------------------------------------------
-----------------------------------------------------------------------
Memory Working Set Current = 127.48 Mb, Memory Working Set Peak = 127.48 Mb
Memory Private Bytes Current = 154.83 Mb, Memory Private Bytes Peak = 154.83 Mb
Process Threads Number: 12
-----------------------------------------------------------------------

-----------------------------------------------------------------------
BCF CHECKSUM DATA (Mesh 0):

BRICK |Level1| Sum:               414
FACE_A Area Sum:   G.Fluid        11398.4667007625066617
FACE_A Area Sum:   G.Solid        23.7445676555008980
FACE_W Area Sum:                  610.7947847107948292
FACE_W Nb   Sum:                  101146
FACE_W min curvatures sum:        -1110896.62186439
FACE_W max curvatures sum:        11546397.02907659
AV Max Disbalance(Const) :        2.10577e-12 (cid=42981, t={24, 65, 37}, avid=74989, pid=431)
AV Max Disbalance(Linear):        3.88401e-11 (cid=42982, t={25, 65, 37}, avid=74990, pid=432)
-----------------------------------------------------------------------


-----------------------------------------------------------------------
MESHER TOPOLOGY DATA:

BRICKS: Total                 74530
BRICKS: Fluid                 74443
BRICKS: Fluid Partial         877
BRICKS: Type 1                877
BRICKS: Max AV number         3

AV:     G.Total               75461
AV:     G.Fluid               74497
AV:     G.Solid               964

AV:     G.Fluid Thin Profile    0.00 % (0)
AV:     G.Solid Thin Profile    5.60 % (54)

AV:     G.Fluid Thin For Mega   0.00 % (0)
AV:     G.Solid Thin For Mega   4.77 % (46)

AV:     G.Fluid Non-Convex      0.68 % (509)
AV:     G.Solid Non-Convex     34.34 % (331)

AV:     G.Fluid Non-Ess-Convex      0.48 % (354)
AV:     G.Solid Non-Ess-Convex     17.22 % (166)

FACE_A: G.Fluid          (af) 217954 (partially opened 1936)
FACE_A: G.Solid          (as) 2455 (partially opened 1818)

FACE_B: G.Total          (b)  0

FACE_W: G.Total                 12656       Brick/Bound
FACE_W: G.Fluid/Solid    (fs_g) 1504        0           
FACE_W: G.Fluid/Fluid    (ff_g) 0           0           
FACE_W: G.Solid/Solid    (ss_g) 0           0           
FACE_W: G.Fluid/Void     (fv_g) 0           0           
FACE_W: G.Fluid/External (fe_g) 11152
FACE_W: G.Solid/External (se_g) 0

AV/CV max fa count (on brick side):4
AV/CV max fw count:                4
AV/CV max fb count:                0
AV/CV max fw poly count:           21

MEMORY: Total                   22.156 MB
MEMORY: Per Brick               0.304 KB
-----------------------------------------------------------------------

-----------------------------------------------------------------------
Connectivities information:
	Number of conns: 0
-----------------------------------------------------------------------
	Time (gap size): 	0.014 s
-----------------------------------------------------------------------
Memory Working Set Current = 127.54 Mb, Memory Working Set Peak = 127.54 Mb
Memory Private Bytes Current = 154.84 Mb, Memory Private Bytes Peak = 154.85 Mb
Process Threads Number: 12
-----------------------------------------------------------------------
-----------------------------------------------------------------------
Calculating curvature and tolerance criteria...
Curvature: min=0 (cid=0) max=3.14076 (cid=43448)
Tolerance: min=0 (cid=0) max=0.0723084 (cid=33072)
Calculating curvature and tolerance criteria takes 0.051 s
-----------------------------------------------------------------------
MESH Build(FS) finished. Time=0.592 s
-----------------------------------------------------------------------
Current CPU = 0 sec

Nx=34
Ny=68
Nz=32
Max BRICK Level=1
Mesh Level=1
-----------------CModelBodies2MeshMapper::CollectData started -------------------------------
	Time (collect mesh base data): 0.001 s.
	Time (collect model bodies mapping): 0.000 s.
	Time (collect positive bodies mapping): 0.000 s.
	Time (collect fluid bodies mapping): 0.000 s.
-----------------CModelBodies2MeshMapper Report -------------------------------
FluidDomains 1 SolidDomains 1 VoidDomains 0 
Domains RefIndexes
----------------- -------------------------------
	ModelBodies
Total resolved Bodies 0 BodySets 0

--------------------------------------------------------------------------
	Positive geometry Bodies
Total resolved Bodies 1 BodySets 1
BodySet 0
	Bodies list:
			#0	Name: ;	ID: 296aafc5-4a8c-48de-af38-05a4fcb09bac
	Domains list:mesh type	 (0, 1)		 0 


--------------------------------------------------------------------------
	Fluid regions
Total resolved Bodies 1 BodySets 1
BodySet 0	Material: Air; 
	Bodies list:
			#0	Name: ;	ID: 296aafc5-4a8c-48de-af38-05a4fcb09bac
	Domains list:mesh type	 (0, 1)		 0 


--------------------------------------------------------------------------
Collect data takes...0.002 s
-----------------CModelBodies2MeshMapper::CollectData finished successfully-------------------
Saving initial mesh in: C:\Users\juded\OneDrive\Desktop\Car shit\7\7.fld .
Storing results...
	Estimated CPT size=8.188 MB.
	Time (write bcf): 0.181 s
Storing results takes 0.186 s
-----------------------------------------------------------------------
Memory Working Set Current = 127.88 Mb, Memory Working Set Peak = 127.88 Mb
Memory Private Bytes Current = 154.84 Mb, Memory Private Bytes Peak = 154.85 Mb
Process Threads Number: 12
-----------------------------------------------------------------------
Cleaning memory...
-----------------------------------------------------------------------
Start to free mesher data...
MMP (msh): locals=5, allc_sz=9.55 MB, used_sz=9.11 MB, blks-min-max=1/27
MMP (brx): locals=6, allc_sz=11.03 MB, used_sz=9.53 MB, blks-min-max=16/18
MMP (bcf): locals=6, allc_sz=32.99 MB, used_sz=31.60 MB, blks-min-max=18/37
MMP (xsl): locals=6, allc_sz=0.09 MB, used_sz=0.06 MB, blks-min-max=1/1
Free xsl...            OK	Time=0.000 s
Free ray collector...  OK	Time=0.000 s
Free ray intersector...OK	Time=0.000 s
Free body sets...      OK	Time=0.007 s
Free Geometry DB takes 0.000 s
Free mesh conn...      OK	Time=0.000 s
Free geomsd...         OK	Time=0.000 s
Free mbricks...        OK	Time=0.001 s
Free hash info...      OK	Time=0.001 s
Free bricks-x...       OK	Time=0.001 s
Free bcf...            OK	Time=0.002 s
Free mesh h...         OK	Time=0.000 s
Free bricks arr..      OK	Time=0.000 s
Free bricks tree...    OK	Time=0.000 s
Free mesh pools...     OK	Time=0.006 s
Free bodies mapper...  OK	Time=0.000 s
Free geom crits...     OK	Time=0.000 s
Free cpt regions...    OK	Time=0.000 s
Free peculiar surfs... OK	Time=0.000 s
Free sw-geometries...  OK	Time=0.000 s
Total free mesher data time: 0.021 s
-----------------------------------------------------------------------
Copying... OK
CPT size=2.407 MB (2523689 bytes).
Mesh generation normally finished at	12.12.2024	23:35:38
Mesher CPU = 0 sec
Mesher is finished at	12.12.2024	23:35:38
-----------------------------------------------------------------------
Memory Working Set Current = 36.62 Mb, Memory Working Set Peak = 127.88 Mb
Memory Private Bytes Current = 60.55 Mb, Memory Private Bytes Peak = 154.85 Mb
Process Threads Number: 12
-----------------------------------------------------------------------
Algebra Pool      : mem_usage = 2.25 Mb, allocated count = 0
-----------------------------------------------------------------------
Memory Working Set Current = 34.60 Mb, Memory Working Set Peak = 127.88 Mb
Memory Private Bytes Current = 58.36 Mb, Memory Private Bytes Peak = 154.85 Mb
Process Threads Number: 12
Process Threads Number Peak: 12
-----------------------------------------------------------------------
Log ended at 12.12.2024	23:35:39
