Log started at 20.03.2025	16:50:42
Number of used processors (NPROC): 8.
Number of mesh partitions (NPART): 8.
Total Physical Memory = 17.96 Gb, Available Physical Memory = 10.69 Gb
Computer name:	DESKTOP-9NTJJ53
Operating system:	Windows 10 (Version 10.0.19045)

Commandline:	"C:\Program Files\SOLIDWORKS Corp\SOLIDWORKS Flow Simulation\BINCFW\efdsolver.exe" /config:"D:\GitHub\Mechanical\SeattleSolarCar2024-2025\Aeroshells\new Atticus aero models\44n curved array low nose lowish back - Copy\1\1.xmlconfig" /guid:8e6dbfee-6d27-4734-94cf-c7dc8671d925 /processors:max /m /s /prjnamelm:"Flow Simulation 2023" /prjnamehabout:"Flow Simulation 2023" /companyname:"COSMOS Applications" /prjaliasid:1009 /lang:English /port:59574

SOLIDWORKS 2023 SP2.1
Flow Simulation 2023  x64 / 5965

Project: D:\GitHub\Mechanical\SeattleSolarCar2024-2025\Aeroshells\new Atticus aero models\44n curved array low nose lowish back - Copy\1\1.xmlconfig
Configuration name: Default
Project name: Project(1)
Problem type: external-with-void-internal-space-type
Exclude cavities without flow conditions: ON
NGK: OFF
MBO: OFF
-----------------------------------------------------------------------
Mesher option run = eRunMesherNormal
-----------------------------------------------------------------------

Mesh generation started:	20.3.2025	16:50:42
-----------------------------------------------------------------------
Memory Working Set Current = 14.99 Mb, Memory Working Set Peak = 15.00 Mb
Memory Private Bytes Current = 16.01 Mb, Memory Private Bytes Peak = 16.01 Mb
Process Threads Number: 7
-----------------------------------------------------------------------
Mesher adjust APD = OFF; AdjustAPD_method=0; N_per_Channel = 0; N2_per_Channel = 0
Current CPU = 0 sec
-----------------------------------------------------------------------
Geometries initialization:
-----------------------------------------------------------------------
Loading mesh settings (global/local)...
-----------------------------------------------------------------------
Number of geometries from DB: 1
Geometry(0):
	Guid = {00000000-0000-0000-0000-000000000000}
	Fluid..
	1 Body.
	1 Real body.
	-- Bodyset 0 --
		Tolerance=0.000475199.
		161 Face(s).
			161 of b-spline type.
		0 Face(s) that have no ref faces
		104 Plane surface(s).
		22 Cylinder surface(s).
		7 B- surface(s).
		28 Extrude surface(s).
		28998 Triangle(s).
		Getting triangle connectivities from DB: 0.003 s
		386 Edge(s).
			386 of b-spline type.
		BodyGeom reading: 0.029 s.
		28998 Reference Triangles.
		Getting triangle connectivities from DB (Ref): 0.005 s
		BodyGeom Ref reading: 0.009 s.
Geometry(1):
	Solid.
	-- Bodyset 1 --
	Empty
-----------------------------------------------------------------------
Number of geometries in task: 2
	G : 0	Type: Fluid
	G : 1	Type: Solid
Number of bodysets   in task: 2
-----------------------------------------------------------------------
BodySet (0):
	Making hash and connectivity for Bodyset ...
		CBodyGeom:
		Hash size: {36, 32, 248}.
		Mesh size: {36, 32, 62}.
		Hashing triangles...Ok.
			axis(0) tr sizes: average=27 max=559
			axis(1) tr sizes: average=18 max=190
			axis(2) tr sizes: average=107 max=402
		Number of t-connected sets:1 (cavity=0)
		CBodyGeomRef:
		Hashing triangles...Ok.
			axis(0) tr sizes: average=51 max=709
			axis(1) tr sizes: average=36 max=322
			axis(2) tr sizes: average=101 max=386
	0.0838 s.
Geometries reading and preparing has taken 0.142 s.
-----------------------------------------------------------------------
Mapped triangles:
Hashing rough geometry(bodies) triangulation:
BodySet (0):
	Triangles num=28998
	Triangles box={0.228723 ,2.02872 ,-1.10973 ,-0.159553 ,-1.75672 ,3.21727}
		3d-hash size is 473420 bytes
BodySet (1):
no log info (empty stream)

Mapped triangles processed in 0.083 s.
-----------------------------------------------------------------------
-----------------------------------------------------------------------
Getting sectors:
Number of sectors: 0
-----------------------------------------------------------------------
-----------------------------------------------------------------------
Bodies:     2
Faces:      161
Edges:      386
Triangles:  28998
-----------------------------------------------------------------------

Current CPU = 0 sec
-----------------------------------------------------------------------
Memory Working Set Current = 40.97 Mb, Memory Working Set Peak = 46.59 Mb
Memory Private Bytes Current = 40.62 Mb, Memory Private Bytes Peak = 46.29 Mb
Process Threads Number: 14
-----------------------------------------------------------------------
-----------------------------------------------------------------------
Checking faces on CD...
FCD = [0 0 0 0 0 0]
FCD_conflicts = 0
Time (check faces on CD)=0.000 s
-----------------------------------------------------------------------

-----------------------------------------------------------------------
Mesh dimensions:
				I[0 ]=36
				I[1 ]=32
				I[2 ]=62

Comp. domain size:
				a[0  ]=-2.78537
				a[1  ]=5.0442
				a[2  ]=-3.96114
				a[3  ]=2.69164
				a[4  ]=-6.50872
				a[5  ]=6.0769

Fluid calculated			1
Solid calculated			0
-----------------------------------------------------------------------
MESH Build started...
-----------------------------------------------------------------------
Mesh LEVEL = 1
-----------------------------------------------------------------------
-----------------------------------------------------------------------
CPT-mode xeps:
	D / dh / eps [axis=0] = (7.82957, 0.086859, 8.6859e-05)
	D / dh / eps [axis=1] = (6.65279, 0.0776152, 7.76152e-05)
	D / dh / eps [axis=2] = (12.5856, 0.0893759, 8.93759e-05)
-----------------------------------------------------------------------
Initial allocation and brick-body-box intersection...OK (0.003 s)
Initial triangle brick intersection...OK (0.002 s)
Setting regions (71424 / 71424)...OK (0.001 s)
-----------------------------------------------------------------------
Base mesh info:
	3D task
	Nx=36
	Ny=32
	Nz=62
	N(Nx*Ny*Nz) = 1152
	Period    axis=[0, 0, 0]
	Symmetry  ni=[0 0 0 0 0 0]
	ZoomingBC ni=[0 0 0 0 0 0]
	Nx=36
		x[0]=-2.78537
		x[1]=-2.4744
		x[2]=-2.17877
		x[3]=-1.89762
		x[4]=-1.63025
		x[5]=-1.37599
		x[6]=-1.13418
		x[7]=-0.904228
		x[8]=-0.685543
		x[9]=-0.477575
		x[10]=-0.279799
		x[11]=-0.0917159
		x[12]=0.0871502
		x[13]=0.260868
		x[14]=0.434588
		x[15]=0.608307
		x[16]=0.782027
		x[17]=0.955747
		x[18]=1.12947
		x[19]=1.30319
		x[20]=1.47691
		x[21]=1.65062
		x[22]=1.82434
		x[23]=1.99806
		x[24]=2.17178
		x[25]=2.35068
		x[26]=2.53879
		x[27]=2.73658
		x[28]=2.94457
		x[29]=3.16327
		x[30]=3.39324
		x[31]=3.63505
		x[32]=3.88932
		x[33]=4.15669
		x[34]=4.43783
		x[35]=4.73345
		x[36]=5.0442
	Ny=32
		y[0]=-3.96114
		y[1]=-3.66966
		y[2]=-3.39239
		y[3]=-3.12855
		y[4]=-2.87749
		y[5]=-2.63861
		y[6]=-2.4113
		y[7]=-2.195
		y[8]=-1.98919
		y[9]=-1.79335
		y[10]=-1.607
		y[11]=-1.42968
		y[12]=-1.26095
		y[13]=-1.1004
		y[14]=-0.945172
		y[15]=-0.78994
		y[16]=-0.634708
		y[17]=-0.479476
		y[18]=-0.324245
		y[19]=-0.169013
		y[20]=-0.00847462
		y[21]=0.160243
		y[22]=0.337555
		y[23]=0.5239
		y[24]=0.719738
		y[25]=0.925552
		y[26]=1.14185
		y[27]=1.36917
		y[28]=1.60807
		y[29]=1.85914
		y[30]=2.123
		y[31]=2.4003
		y[32]=2.69164
	Nz=62
		z[0]=-6.50872
		z[1]=-6.20424
		z[2]=-5.91395
		z[3]=-5.63713
		z[4]=-5.37314
		z[5]=-5.1214
		z[6]=-4.88133
		z[7]=-4.6524
		z[8]=-4.43408
		z[9]=-4.22589
		z[10]=-4.02736
		z[11]=-3.83803
		z[12]=-3.65748
		z[13]=-3.47448
		z[14]=-3.29148
		z[15]=-3.10848
		z[16]=-2.92548
		z[17]=-2.74248
		z[18]=-2.55948
		z[19]=-2.37648
		z[20]=-2.19348
		z[21]=-2.01048
		z[22]=-1.82747
		z[23]=-1.64447
		z[24]=-1.46147
		z[25]=-1.27847
		z[26]=-1.09547
		z[27]=-0.912473
		z[28]=-0.729473
		z[29]=-0.546472
		z[30]=-0.363472
		z[31]=-0.180472
		z[32]=0.00252879
		z[33]=0.185529
		z[34]=0.36853
		z[35]=0.55153
		z[36]=0.73453
		z[37]=0.913282
		z[38]=1.09203
		z[39]=1.27079
		z[40]=1.44954
		z[41]=1.62829
		z[42]=1.80705
		z[43]=1.9858
		z[44]=2.16455
		z[45]=2.3433
		z[46]=2.52206
		z[47]=2.70081
		z[48]=2.87956
		z[49]=3.05832
		z[50]=3.23707
		z[51]=3.41582
		z[52]=3.60263
		z[53]=3.79887
		z[54]=4.00503
		z[55]=4.22161
		z[56]=4.44912
		z[57]=4.68813
		z[58]=4.93922
		z[59]=5.20298
		z[60]=5.48008
		z[61]=5.77117
		z[62]=6.0769
-----------------------------------------------------------------------
Input_mesh_settings--------------------------------
Settings 0----------------
	Scope: GLOBAL
	Type:	------MESHER_SETTINGS----------
	RefAllCells           =0
	RefFluidCells         =0
	RefPartCells          =0
	RefSolidCells         =0
	l_SSFR(Capture crit)  =1
	l_curv(Curvature crit)=0
	l_tol(Tolerance crit) =0
	UseChannelRef         =1
	  NCR_method          =0
	  l_NCR               =1
	  N_gap               =5
	  Use d_NCR_min       =0
	  Use d_NCR_max       =0
	CloseThinSlotsHeight         =0
	--END_OF_MESHER_SETTINGS-------
End of input mesh settings-------------------------
-----------------------------------------------------------------------
Memory Working Set Current = 57.62 Mb, Memory Working Set Peak = 57.62 Mb
Memory Private Bytes Current = 58.88 Mb, Memory Private Bytes Peak = 58.88 Mb
Process Threads Number: 14
-----------------------------------------------------------------------
MMP (msh): locals=1, allc_sz=9.41 MB, used_sz=8.72 MB, blks-min-max=27/27
MMP (brx): locals=8, allc_sz=8.92 MB, used_sz=8.20 MB, blks-min-max=13/16
MMP (bcf): locals=0, allc_sz=0.00 MB, used_sz=0.00 MB, blks-min-max=0/0
MMP (xsl): locals=0, allc_sz=0.00 MB, used_sz=0.00 MB, blks-min-max=0/0
NxNyNz = [36, 32, 62]
base_dx=0.20946; 
NxNyNz_reverse = [37, 32, 60]

-----------------------------------------------------------------------
Refining geometries:
-----------------------------------------------------------------------

-----------------------------------------------------------------------
Refining by triangulation...
Refinement input: 71424 bricks
	Checking crit (71424 / 71424)...88 marked (0.036 s)
	Time(refinement): 0.000 s
Setting regions (704 / 72040)...OK (0.002 s)
	Checking crit (0 / 72040)...0 marked (0.001 s)
Refinement result (1 iterations): 72040 bricks (0.046 s)
Refinement input: 72040 bricks
	Checking crit (71336 / 72040)...0 marked (0.003 s)
Refinement result (0 iterations): 72040 bricks (0.003 s)
Collecting and processing rays:
	Adding rays...OK (0.010 s)
	new bricks = 72040 / 72040
	new rays   = 6163 (x=2194, y=2671, z=1298)
	Processing rays...
		Rays process:  0.420 (0.420) s
		Sort xstacks:  0.000 (0.000) s
		Put xstacks:   0.000 (0.000) s
		Total:         0.421 s
	Correcting rays...
		Lame vertices: 0.004 (0.004) s
		Bad rays:      0.000 (0.000) s
		Emit rays:     0.000 (0.000) s
		Correct ray f: 0.000 (0.000) s
		Undef:         0.000 (0.000) s
		Sum:           0.004 (0.004) s
		Total:         0.005 s
	Time (rays): 0.438 s
Capturing (72040 / 72040)...OK (0.004 s)
Refining by triangulation takes 0.492 s
-----------------------------------------------------------------------

-----------------------------------------------------------------------
Refining peculiar surfaces...
Collecting and processing rays:
	Adding rays...OK (0.001 s)
	new bricks = 0 / 72040
	new rays   = 0 (x=0, y=0, z=0)
	Processing rays...
		Rays process:  0.000 (0.000) s
		Sort xstacks:  0.000 (0.000) s
		Put xstacks:   0.000 (0.000) s
		Total:         0.000 s
	Correcting rays...
		Total:         0.000 s
	Time (rays): 0.002 s
Capturing (0 / 72040)...OK (0.001 s)
0 surfaces refined
Refining peculiar surfaces takes 0.004 s
-----------------------------------------------------------------------

-----------------------------------------------------------------------
Base mesh 1 Refining...
Collecting and processing rays:
	Adding rays...OK (0.001 s)
	new bricks = 0 / 72040
	new rays   = 0 (x=0, y=0, z=0)
	Processing rays...
		Rays process:  0.000 (0.000) s
		Sort xstacks:  0.000 (0.000) s
		Put xstacks:   0.000 (0.000) s
		Total:         0.000 s
	Correcting rays...
		Total:         0.000 s
	Time (rays): 0.001 s
Capturing (0 / 72040)...OK (0.001 s)
Refinement input: 72040 bricks
	Checking crit (71336 / 72040)...0 marked (0.002 s)
Refinement result (0 iterations): 72040 bricks (0.003 s)
-----------------------------------------------------------------------
Refining channels...
FYI: CNarrowChannelRefiner::RefineChannels_PRLL
Refinement input: 72040 bricks
	Time(refinement): 0.001 s
Setting regions (296 / 72299)...OK (0.002 s)
Refinement result (1 iterations): 72299 bricks (0.010 s)
Collecting and processing rays:
	Adding rays...OK (0.001 s)
	new bricks = 296 / 72299
	new rays   = 124 (x=25, y=80, z=19)
	Processing rays...
		Rays process:  0.001 (0.001) s
		Sort xstacks:  0.000 (0.000) s
		Put xstacks:   0.000 (0.000) s
		Total:         0.002 s
	Correcting rays...
		Lame vertices: 0.001 (0.001) s
		Bad rays:      0.000 (0.000) s
		Emit rays:     0.000 (0.000) s
		Correct ray f: 0.000 (0.000) s
		Undef:         0.000 (0.000) s
		Sum:           0.001 (0.001) s
		Total:         0.001 s
	Time (rays): 0.004 s
Capturing (296 / 72299)...OK (0.002 s)
FYI: m_iteration_count = 0
FYI: level1 statistics:
     level1_cnt_plus[1]=296;		level1_cnt_minus[1]=0
     level1_cnt_plus[2]=0;		level1_cnt_minus[2]=0
     level1_cnt_plus[3]=0;		level1_cnt_minus[3]=0
     level1_cnt_plus[4]=0;		level1_cnt_minus[4]=0
     level1_cnt_plus[5]=0;		level1_cnt_minus[5]=0
     level1_cnt_plus[6]=0;		level1_cnt_minus[6]=0
     level1_cnt_plus[7]=0;		level1_cnt_minus[7]=0
     level1_cnt_plus[8]=0;		level1_cnt_minus[8]=0
     level1_cnt_plus[9]=0;		level1_cnt_minus[9]=0
Refinement input: 72299 bricks
	Time(refinement): 0.001 s
Setting regions (32 / 72327)...OK (0.002 s)
Refinement result (1 iterations): 72327 bricks (0.010 s)
Collecting and processing rays:
	Adding rays...OK (0.001 s)
	new bricks = 32 / 72327
	new rays   = 7 (x=0, y=4, z=3)
	Processing rays...
		Rays process:  0.000 (0.000) s
		Sort xstacks:  0.000 (0.000) s
		Put xstacks:   0.000 (0.000) s
		Total:         0.000 s
	Correcting rays...
		Lame vertices: 0.001 (0.001) s
		Bad rays:      0.000 (0.000) s
		Emit rays:     0.000 (0.000) s
		Correct ray f: 0.000 (0.000) s
		Undef:         0.000 (0.000) s
		Sum:           0.001 (0.001) s
		Total:         0.001 s
	Time (rays): 0.003 s
Capturing (32 / 72327)...OK (0.001 s)
FYI: m_iteration_count = 1
FYI: level1 statistics:
     level1_cnt_plus[1]=328;		level1_cnt_minus[1]=0
     level1_cnt_plus[2]=0;		level1_cnt_minus[2]=0
     level1_cnt_plus[3]=0;		level1_cnt_minus[3]=0
     level1_cnt_plus[4]=0;		level1_cnt_minus[4]=0
     level1_cnt_plus[5]=0;		level1_cnt_minus[5]=0
     level1_cnt_plus[6]=0;		level1_cnt_minus[6]=0
     level1_cnt_plus[7]=0;		level1_cnt_minus[7]=0
     level1_cnt_plus[8]=0;		level1_cnt_minus[8]=0
     level1_cnt_plus[9]=0;		level1_cnt_minus[9]=0
Refinement input: 72327 bricks
	Time(refinement): 0.001 s
Setting regions (16 / 72341)...OK (0.001 s)
Refinement result (1 iterations): 72341 bricks (0.010 s)
Collecting and processing rays:
	Adding rays...OK (0.001 s)
	new bricks = 16 / 72341
	new rays   = 3 (x=3, y=0, z=0)
	Processing rays...
		Rays process:  0.000 (0.000) s
		Sort xstacks:  0.000 (0.000) s
		Put xstacks:   0.000 (0.000) s
		Total:         0.000 s
	Correcting rays...
		Lame vertices: 0.001 (0.001) s
		Bad rays:      0.000 (0.000) s
		Emit rays:     0.000 (0.000) s
		Correct ray f: 0.000 (0.000) s
		Undef:         0.000 (0.000) s
		Sum:           0.001 (0.001) s
		Total:         0.001 s
	Time (rays): 0.003 s
Capturing (16 / 72341)...OK (0.003 s)
FYI: m_iteration_count = 2
FYI: level1 statistics:
     level1_cnt_plus[1]=344;		level1_cnt_minus[1]=0
     level1_cnt_plus[2]=0;		level1_cnt_minus[2]=0
     level1_cnt_plus[3]=0;		level1_cnt_minus[3]=0
     level1_cnt_plus[4]=0;		level1_cnt_minus[4]=0
     level1_cnt_plus[5]=0;		level1_cnt_minus[5]=0
     level1_cnt_plus[6]=0;		level1_cnt_minus[6]=0
     level1_cnt_plus[7]=0;		level1_cnt_minus[7]=0
     level1_cnt_plus[8]=0;		level1_cnt_minus[8]=0
     level1_cnt_plus[9]=0;		level1_cnt_minus[9]=0
FYI: m_iteration_count = 3
FYI: level1 statistics:
     level1_cnt_plus[1]=344;		level1_cnt_minus[1]=0
     level1_cnt_plus[2]=0;		level1_cnt_minus[2]=0
     level1_cnt_plus[3]=0;		level1_cnt_minus[3]=0
     level1_cnt_plus[4]=0;		level1_cnt_minus[4]=0
     level1_cnt_plus[5]=0;		level1_cnt_minus[5]=0
     level1_cnt_plus[6]=0;		level1_cnt_minus[6]=0
     level1_cnt_plus[7]=0;		level1_cnt_minus[7]=0
     level1_cnt_plus[8]=0;		level1_cnt_minus[8]=0
     level1_cnt_plus[9]=0;		level1_cnt_minus[9]=0
FYI: level1 statistics:
     level1_cnt_plus[1]=344;		level1_cnt_minus[1]=0
     level1_cnt_plus[2]=0;		level1_cnt_minus[2]=0
     level1_cnt_plus[3]=0;		level1_cnt_minus[3]=0
     level1_cnt_plus[4]=0;		level1_cnt_minus[4]=0
     level1_cnt_plus[5]=0;		level1_cnt_minus[5]=0
     level1_cnt_plus[6]=0;		level1_cnt_minus[6]=0
     level1_cnt_plus[7]=0;		level1_cnt_minus[7]=0
     level1_cnt_plus[8]=0;		level1_cnt_minus[8]=0
     level1_cnt_plus[9]=0;		level1_cnt_minus[9]=0

-----------------------------------------------------------------------
U-shapes refinement...
Refinement input: 72341 bricks
	Checking crit (71293 / 72341)...0 marked (0.009 s)
Refinement result (0 iterations): 72341 bricks (0.010 s)
Collecting and processing rays:
	Adding rays...OK (0.001 s)
	new bricks = 0 / 72341
	new rays   = 0 (x=0, y=0, z=0)
	Processing rays...
		Rays process:  0.000 (0.000) s
		Sort xstacks:  0.000 (0.000) s
		Put xstacks:   0.000 (0.000) s
		Total:         0.000 s
	Correcting rays...
		Total:         0.000 s
	Time (rays): 0.001 s
Capturing (0 / 72341)...OK (0.001 s)
-----------------------------------------------------------------------

-----------------------------------------------------------------------
Equi Distant Refiner:
Equi Distant Refiner takes 0.00 s
-----------------------------------------------------------------------

/-Ray Intersection---------------/ Time	2.993 s
Calls                6297
CorrectRay Calls     0



-----------------------------------------------------------------------
Refining geometries takes 0.643 s
-----------------------------------------------------------------------
-----------------------------------------------------------------------
Memory Working Set Current = 66.01 Mb, Memory Working Set Peak = 66.02 Mb
Memory Private Bytes Current = 65.78 Mb, Memory Private Bytes Peak = 65.78 Mb
Process Threads Number: 14
-----------------------------------------------------------------------
Defect ray count	0
FYI: CNarrowChannelRefiner::RedistributeLevel1_step_1: is started
FYI: CNarrowChannelRefiner::RedistributeLevel1_step_1: is finished (0.002 s)
FYI: level1 statistics:
     level1_cnt_plus[1]=344;		level1_cnt_minus[1]=0
     level1_cnt_plus[2]=0;		level1_cnt_minus[2]=0
     level1_cnt_plus[3]=0;		level1_cnt_minus[3]=0
     level1_cnt_plus[4]=0;		level1_cnt_minus[4]=0
     level1_cnt_plus[5]=0;		level1_cnt_minus[5]=0
     level1_cnt_plus[6]=0;		level1_cnt_minus[6]=0
     level1_cnt_plus[7]=0;		level1_cnt_minus[7]=0
     level1_cnt_plus[8]=0;		level1_cnt_minus[8]=0
     level1_cnt_plus[9]=0;		level1_cnt_minus[9]=0
FYI: CNarrowChannelRefiner::RedistributeLevel1_step_2: is started
FYI: CNarrowChannelRefiner::RedistributeLevel1_step_2: is finished (0.033 s)
FYI: level1 statistics:
     level1_cnt_plus[1]=391;		level1_cnt_minus[1]=0
     level1_cnt_plus[2]=0;		level1_cnt_minus[2]=0
     level1_cnt_plus[3]=0;		level1_cnt_minus[3]=0
     level1_cnt_plus[4]=0;		level1_cnt_minus[4]=0
     level1_cnt_plus[5]=0;		level1_cnt_minus[5]=0
     level1_cnt_plus[6]=0;		level1_cnt_minus[6]=0
     level1_cnt_plus[7]=0;		level1_cnt_minus[7]=0
     level1_cnt_plus[8]=0;		level1_cnt_minus[8]=0
     level1_cnt_plus[9]=0;		level1_cnt_minus[9]=0
FYI: CNarrowChannelRefiner::RedistributeLevel1_step_3: is started
FYI: CNarrowChannelRefiner::RedistributeLevel1_step_3: is finished (0.032 s)
RedistributeLevel1 takes:
FYI: level1 statistics:
     level1_cnt_plus[1]=391;		level1_cnt_minus[1]=471
     level1_cnt_plus[2]=0;		level1_cnt_minus[2]=0
     level1_cnt_plus[3]=0;		level1_cnt_minus[3]=0
     level1_cnt_plus[4]=0;		level1_cnt_minus[4]=0
     level1_cnt_plus[5]=0;		level1_cnt_minus[5]=0
     level1_cnt_plus[6]=0;		level1_cnt_minus[6]=0
     level1_cnt_plus[7]=0;		level1_cnt_minus[7]=0
     level1_cnt_plus[8]=0;		level1_cnt_minus[8]=0
     level1_cnt_plus[9]=0;		level1_cnt_minus[9]=0
-----------------------------------------------------------------------
MSH format builder (Iteration 0)
-----------------------------------------------------------------------
Memory Working Set Current = 67.48 Mb, Memory Working Set Peak = 67.49 Mb
Memory Private Bytes Current = 67.47 Mb, Memory Private Bytes Peak = 67.47 Mb
Process Threads Number: 14
-----------------------------------------------------------------------
Total bricks count: 72341
-----------------------------------------------------------------------
MSH (Real Geometry) format constructor:
	Geom    Count = 2
	Bodyset Count = 2
	3D task
	Getting brick sets...OK (0.003 s)

	Min x-stack xeps = 0.000172986
	D / dh / eps [axis=0] = (7.82957, 0.086859, 5.76621e-05)
	D / dh / eps [axis=1] = (6.65279, 0.0776159, 5.76621e-05)
	D / dh / eps [axis=2] = (12.5856, 0.0893759, 5.76621e-05)
	Time (xeps): 0.001 s
Level 1
	Set (0)  size: 524
	Set (0)  time: 0.016 s
	Set (1)  size: 524
	Set (1)  time: 0.013 s
Level 0
	Set (0)  size: 35646
	Set (0)  time: 0.027 s
	Set (1)  size: 35647
	Set (1)  time: 0.025 s

	Spread npq bricks...0 marked (0.002 s)

Result:
	Bricks number:                        72341

	Memory usage:                         1.464 MB
	Memory usage (per brick):             0.021 KB
	Construction time:                    0.090 s

	Topology features:
	------------------
	- High quality bricks                  100.00 % (72341)
	- Medium quality bricks                  0.00 % (0)
	- Bad quality bricks                     0.00 % (0)
	- NPQ bricks                             0.00 % (1)
	- Type-1 bricks                          1.59 % (1153)
	- Ribs corrected bricks                  0.00 % (0)
	- Points with geom-info (bricks)         0.00 % (0)
	- Points with closest-info (bricks)      0.01 % (6)
	- Triangulated by center (bricks)        0.00 % (1)
	- Facet w-faces mergings (bricks)        0.00 % (0)
	- To refine (bricks)                     0.00 % (0)
	- Points-count                           0.00 % (0)
	- T-self-intersection-all (bricks)       0.00 % (0)
	- T-self-intersection-simple (bricks)    0.00 % (0)
	- T-self-intersection-complex (bricks)   0.00 % (0)
	- NPQ by reason 1 u-shape                0.00 % (0)
	- NPQ by reason 2 tri-by-ctr             0.00 % (1)
	- NPQ by reason 3 ray-correction         0.00 % (0)
	- NPQ by reason 4 t-self-intersection    0.00 % (0)
	- NPQ by reason 5 non-good               0.00 % (0)
	- NPQ by reason 6 npq-worker             0.00 % (0)

-----------------------------------------------------------------------
Memory Working Set Current = 74.30 Mb, Memory Working Set Peak = 74.30 Mb
Memory Private Bytes Current = 73.97 Mb, Memory Private Bytes Peak = 73.97 Mb
Process Threads Number: 14
-----------------------------------------------------------------------
-----------------------------------------------------------------------
msh-iterations: 1
-----------------------------------------------------------------------
high---q-brick-count = 100.00 % (72341 72341)
medium-q-brick-count =   0.00 % (72341 0)
bad----q-brick-count =   0.00 % (72341 0)
np-----q-brick-count =   0.00 % (72341 1)
-----------------------------------------------------------------------
Free brick parser storage...OK(0.002 s)
-----------------------------------------------------------------------
Memory Working Set Current = 72.09 Mb, Memory Working Set Peak = 74.35 Mb
Memory Private Bytes Current = 72.55 Mb, Memory Private Bytes Peak = 73.97 Mb
Process Threads Number: 14
-----------------------------------------------------------------------
-----------------------------------------------------------------------
MSH --> BCF format (Iteration 0)...
BCF collector...(remove mode=0)
	Time (alloc counter per brick): 0.003 s
	Brick    count: 72341
	Av.f all count: 72297
	Av.s all count: 1477
	Av.f pid count: 1397
	Av.s pid count: 1189
	Faces fs count: 3867
	Faces ff count: 0
	Faces ss count: 0
	Faces bb count: 0
	Faces fe count: 10736
	Faces se count: 0
	Faces fw count: 14603
	Faces af count: 211574
	Faces as count: 3705
	Time (all count): 	0.008 s
	Time (bcf alloc): 	0.002 s
	Time (shifts alloc): 	0.008 s
	Time (shifts init): 	0.008 s
	Time (bcf fill): 	0.017 s
	Time (add av to faces): 0.001 s
	Time (add faces to av): 0.008 s
Time (bcf collect): 		0.054 s
	AV checker...
		Hole marker...
			Subdomains:               1.
			Subdomains (cond):        1.
			Time (sd):      0.021 s.
			Time (sd_cond): 0.018 s.
			Time (potential-hole marking): 	0.003 s
			Time (hole checking): 0.000 s.
			0 av(s) are marked to fill subdomain holes.
		Time (hole marker): 0.048 s.
	Time (check av): 	0.077 s
	Subdomain checker...
		Subdomains construction time: 0.020 s.
		Subdomains sort time: 0.000 s.
			Subdomain 0 (geom_ind=0): 72297 av
			Subdomain 1 (geom_ind=1): 1477 av
		gi: 0, real bodies: 1
		gi: 0, subdomains:  1
		gi: 1, real bodies: 0
		gi: 1, subdomains:  1
		Defect subdomains: 0
	Time (check subdoms): 	0.022 s
Time (bcf iteration total): 	0.154 s
	Time (fw-nb): 		0.001 s
	Fixed mutual fw-nb:     3173 (bb: 0)
	Time (fw-nb mutual): 	0.002 s
	Time (fw-nb sort): 	0.001 s
	Fw-opt BEFORE total:    14603 (fs=3867, ff=0, ss=0)
	Fw-opt AFTER  total:    13295 (fs=2559, ff=0, ss=0, failed fw/br=0/0, big_curv=5, big_poly=0)
	Fw-opt RESULT:          1308 (res/(fs+ff+ss) = 33.82 %)
	Time (fw-opt): 		0.003 s
	Time (fw-re-order): 	0.003 s
	Time (fw-nb): 		0.008 s
	Fixed mutual fw-nb:     26725 (bb: 0)
	Time (fw-nb mutual): 	0.002 s
	Time (fw-nb sort): 	0.000 s
	Time (rfd fix): 	0.000 s
	Time (av convexity): 	0.002 s
	Time (av small volume): 0.001 s
	Time (diagonal fw-nb): 	0.017 s
	Fixed mutual fw-nb:     0 (bb: 0)
	Time (fw-nb mutual): 	0.002 s
	Time (fw-nb sort): 	0.000 s
	Fluid subdomains: 1
	Faces fw-nb diff sd:    0
	Time (fw-nb diff sd): 	0.025 s
Time (bcf calc): 		0.076 s
-----------------------------------------------------------------------
Time (bcf total): 		0.230 s
-----------------------------------------------------------------------
bcf-iterations: 1
-----------------------------------------------------------------------
-----------------------------------------------------------------------
Mega-cv constructor for fluid...
	 0 av's is treated as thin
Relative size generator (threshold = 0.05)...
	Iteration 1 (small cluster count = 91)
	Iteration 2 (small cluster count = 40)
	Iteration 3 (small cluster count = 5)
	Iteration 4 (small cluster count = 0)
	 91 mega-cv's generated
	 0 mega-cv's removed
Relative size generator is completed OK (0.006 s)
Apply fa-rules to mega-cv clusters fixes...
	Fa-rule violation fixes:        2 of        2 (total cluster# =       91)
OK (0.001 s)
Convert clusters:
	 91 mega-cv's total
Mega-cv count: 91
Time (mega-cv fill): 	0.000 s
Time (mega-cv total): 	0.037 s
-----------------------------------------------------------------------
Mixing plane rotation regions: NO.
Sliding mesh rotation regions: NO.
Fluid/fluid faces: NO.
-----------------------------------------------------------------------
Memory Working Set Current = 90.60 Mb, Memory Working Set Peak = 103.60 Mb
Memory Private Bytes Current = 115.58 Mb, Memory Private Bytes Peak = 118.34 Mb
Process Threads Number: 14
-----------------------------------------------------------------------
----------------------------------------------------------
BCF --> BCF.GEOMSUBDOM (bridge arrays):
MESH (0):
	Fluid Subdom Constructor: 1 subdom(s).
	Solid Subdom Constructor: 1 subdom(s).
	Net Asm Subdom Constructor: 0 subdom(s).
	GEOMSUBDOM (0): gi=0 Fluid av=72297 cv=72205 fa=211574 fb=0 fw=13295 V=6.533913e+02
	Cache data...OK
	GEOMSUBDOM (1): gi=1 Solid av=1477 cv=1477 fa=3705 fb=0 fw=2559 V=2.173996e+00
	Cache data...OK
	Setting nb of w-faces...OK (0.002 s).
	Correcting nb of w-faces...
	Time(correct_fw_nb)=0.003 s

MESH (0) checking:
	GEOMSUBDOM (0):fa_s=9132.6435535714645084 fb_s=0.0000000000000000 fw_s=490.1902101390317057 fw_nb=106166
	              :d_const(64725)=9.48583e-13 d_linear(52058)=4.87087e-12
	GEOMSUBDOM (1):fa_s=41.3375235468996181 fb_s=0.0000000000000000 fw_s=21.4745674294551954 fw_nb=20302
	              :d_const(1475)=6.01089e-11 d_linear(1475)=2.06057e-10
MESH (0) checking: OK.
Time (MDS): 	0.172 s
----------------------------------------------------------
-----------------------------------------------------------------------
Memory Working Set Current = 115.23 Mb, Memory Working Set Peak = 115.23 Mb
Memory Private Bytes Current = 139.22 Mb, Memory Private Bytes Peak = 139.22 Mb
Process Threads Number: 14
-----------------------------------------------------------------------

-----------------------------------------------------------------------
BCF CHECKSUM DATA (Mesh 0):

BRICK |Level1| Sum:               862
FACE_A Area Sum:   G.Fluid        9132.6435535714626894
FACE_A Area Sum:   G.Solid        41.3375235468996252
FACE_W Area Sum:                  490.1902101390317057
FACE_W Nb   Sum:                  106166
FACE_W min curvatures sum:        -5622.71386419
FACE_W max curvatures sum:        9804.30222400
AV Max Disbalance(Const) :        6.01089e-11 (cid=56732, t={40, 32, 96}, avid=73720, pid=1139)
AV Max Disbalance(Linear):        2.06057e-10 (cid=56732, t={40, 32, 96}, avid=73720, pid=1139)
-----------------------------------------------------------------------


-----------------------------------------------------------------------
MESHER TOPOLOGY DATA:

BRICKS: Total                 72341
BRICKS: Fluid                 72053
BRICKS: Fluid Partial         1153
BRICKS: Type 1                1153
BRICKS: Max AV number         5

AV:     G.Total               73774
AV:     G.Fluid               72297
AV:     G.Solid               1477

AV:     G.Fluid Thin Profile    0.05 % (36)
AV:     G.Solid Thin Profile   14.22 % (210)

AV:     G.Fluid Thin For Mega   0.00 % (0)
AV:     G.Solid Thin For Mega  10.70 % (158)

AV:     G.Fluid Non-Convex      1.00 % (722)
AV:     G.Solid Non-Convex     34.87 % (515)

AV:     G.Fluid Non-Ess-Convex      0.58 % (422)
AV:     G.Solid Non-Ess-Convex     15.23 % (225)

FACE_A: G.Fluid          (af) 211574 (partially opened 2897)
FACE_A: G.Solid          (as) 3705 (partially opened 2458)

FACE_B: G.Total          (b)  0

FACE_W: G.Total                 13295       Brick/Bound
FACE_W: G.Fluid/Solid    (fs_g) 2559        0           
FACE_W: G.Fluid/Fluid    (ff_g) 0           0           
FACE_W: G.Solid/Solid    (ss_g) 0           0           
FACE_W: G.Fluid/Void     (fv_g) 0           0           
FACE_W: G.Fluid/External (fe_g) 10736
FACE_W: G.Solid/External (se_g) 0

AV/CV max fa count (on brick side):4
AV/CV max fw count:                4
AV/CV max fb count:                0
AV/CV max fw poly count:           19

MEMORY: Total                   21.830 MB
MEMORY: Per Brick               0.309 KB
-----------------------------------------------------------------------

-----------------------------------------------------------------------
Connectivities information:
	Number of conns: 0
-----------------------------------------------------------------------
	Time (gap size): 	0.040 s
-----------------------------------------------------------------------
Memory Working Set Current = 115.52 Mb, Memory Working Set Peak = 115.53 Mb
Memory Private Bytes Current = 139.38 Mb, Memory Private Bytes Peak = 139.39 Mb
Process Threads Number: 14
-----------------------------------------------------------------------
-----------------------------------------------------------------------
Calculating curvature and tolerance criteria...
Curvature: min=0 (cid=0) max=3.14159 (cid=25933)
Tolerance: min=0 (cid=0) max=0.0917963 (cid=27294)
Calculating curvature and tolerance criteria takes 0.053 s
-----------------------------------------------------------------------
MESH Build(FS) finished. Time=1.413 s
-----------------------------------------------------------------------
Current CPU = 2 sec

Nx=36
Ny=32
Nz=62
Max BRICK Level=1
Mesh Level=1
-----------------CModelBodies2MeshMapper::CollectData started -------------------------------
	Time (collect mesh base data): 0.002 s.
	Time (collect model bodies mapping): 0.000 s.
	Time (collect positive bodies mapping): 0.000 s.
	Time (collect fluid bodies mapping): 0.000 s.
-----------------CModelBodies2MeshMapper Report -------------------------------
FluidDomains 1 SolidDomains 1 VoidDomains 0 
Domains RefIndexes
----------------- -------------------------------
	ModelBodies
Total resolved Bodies 0 BodySets 0

--------------------------------------------------------------------------
	Positive geometry Bodies
Total resolved Bodies 1 BodySets 1
BodySet 0
	Bodies list:
			#0	Name: ;	ID: 8853372b-6938-479a-aca9-335c420b42f9
	Domains list:mesh type	 (0, 1)		 0 


--------------------------------------------------------------------------
	Fluid regions
Total resolved Bodies 1 BodySets 1
BodySet 0	Material: Air; 
	Bodies list:
			#0	Name: ;	ID: 8853372b-6938-479a-aca9-335c420b42f9
	Domains list:mesh type	 (0, 1)		 0 


--------------------------------------------------------------------------
Collect data takes...0.003 s
-----------------CModelBodies2MeshMapper::CollectData finished successfully-------------------
Saving initial mesh in: D:\GitHub\Mechanical\SeattleSolarCar2024-2025\Aeroshells\new Atticus aero models\44n curved array low nose lowish back - Copy\1\1.fld .
Storing results...
	Estimated CPT size=8.156 MB.
	Time (write bcf): 0.252 s
Storing results takes 0.264 s
-----------------------------------------------------------------------
Memory Working Set Current = 116.13 Mb, Memory Working Set Peak = 116.13 Mb
Memory Private Bytes Current = 139.64 Mb, Memory Private Bytes Peak = 139.64 Mb
Process Threads Number: 14
-----------------------------------------------------------------------
Cleaning memory...
-----------------------------------------------------------------------
Start to free mesher data...
MMP (msh): locals=8, allc_sz=9.59 MB, used_sz=8.85 MB, blks-min-max=1/27
MMP (brx): locals=8, allc_sz=10.82 MB, used_sz=9.71 MB, blks-min-max=14/17
MMP (bcf): locals=8, allc_sz=32.36 MB, used_sz=31.34 MB, blks-min-max=11/37
MMP (xsl): locals=8, allc_sz=0.12 MB, used_sz=0.08 MB, blks-min-max=1/1
Free xsl...            OK	Time=0.000 s
Free ray collector...  OK	Time=0.000 s
Free ray intersector...OK	Time=0.000 s
Free body sets...      OK	Time=0.010 s
Free Geometry DB takes 0.000 s
Free mesh conn...      OK	Time=0.000 s
Free geomsd...         OK	Time=0.000 s
Free mbricks...        OK	Time=0.002 s
Free hash info...      OK	Time=0.003 s
Free bricks-x...       OK	Time=0.002 s
Free bcf...            OK	Time=0.007 s
Free mesh h...         OK	Time=0.000 s
Free bricks arr..      OK	Time=0.000 s
Free bricks tree...    OK	Time=0.000 s
Free mesh pools...     OK	Time=0.009 s
Free bodies mapper...  OK	Time=0.000 s
Free geom crits...     OK	Time=0.000 s
Free cpt regions...    OK	Time=0.000 s
Free peculiar surfs... OK	Time=0.000 s
Free sw-geometries...  OK	Time=0.000 s
Total free mesher data time: 0.037 s
-----------------------------------------------------------------------
Copying... OK
CPT size=2.582 MB (2707523 bytes).
Mesh generation normally finished at	20.3.2025	16:50:44
Mesher CPU = 2 sec
Mesher is finished at	20.3.2025	16:50:44
-----------------------------------------------------------------------
Memory Working Set Current = 34.86 Mb, Memory Working Set Peak = 116.13 Mb
Memory Private Bytes Current = 56.87 Mb, Memory Private Bytes Peak = 139.64 Mb
Process Threads Number: 14
-----------------------------------------------------------------------
Algebra Pool      : mem_usage = 2.06 Mb, allocated count = 0
-----------------------------------------------------------------------
Memory Working Set Current = 33.12 Mb, Memory Working Set Peak = 116.13 Mb
Memory Private Bytes Current = 54.86 Mb, Memory Private Bytes Peak = 139.64 Mb
Process Threads Number: 14
Process Threads Number Peak: 14
-----------------------------------------------------------------------
Log ended at 20.03.2025	16:50:44
