Log started at 25.03.2025	07:48:03
Number of used processors (NPROC): 8.
Number of mesh partitions (NPART): 8.
Total Physical Memory = 17.96 Gb, Available Physical Memory = 10.46 Gb
Computer name:	DESKTOP-9NTJJ53
Operating system:	Windows 10 (Version 10.0.19045)

Commandline:	"C:\Program Files\SOLIDWORKS Corp\SOLIDWORKS Flow Simulation\BINCFW\efdsolver.exe" /config:"D:\GitHub\Mechanical\SeattleSolarCar2024-2025\Aeroshells\new Atticus aero models\41n smaller back - Copy\1\1.xmlconfig" /guid:4257446b-c650-4e26-a17a-5992947d6897 /processors:max /m /s /prjnamelm:"Flow Simulation 2023" /prjnamehabout:"Flow Simulation 2023" /companyname:"COSMOS Applications" /prjaliasid:1009 /lang:English /port:62041

SOLIDWORKS 2023 SP2.1
Flow Simulation 2023  x64 / 5965

Project: D:\GitHub\Mechanical\SeattleSolarCar2024-2025\Aeroshells\new Atticus aero models\41n smaller back - Copy\1\1.xmlconfig
Configuration name: Default
Project name: Project(1)
Problem type: external-with-void-internal-space-type
Exclude cavities without flow conditions: ON
NGK: OFF
MBO: OFF
-----------------------------------------------------------------------
Mesher option run = eRunMesherNormal
-----------------------------------------------------------------------

Mesh generation started:	25.3.2025	7:48:3
-----------------------------------------------------------------------
Memory Working Set Current = 14.93 Mb, Memory Working Set Peak = 14.93 Mb
Memory Private Bytes Current = 15.96 Mb, Memory Private Bytes Peak = 15.96 Mb
Process Threads Number: 7
-----------------------------------------------------------------------
Mesher adjust APD = OFF; AdjustAPD_method=0; N_per_Channel = 0; N2_per_Channel = 0
Current CPU = 0 sec
-----------------------------------------------------------------------
Geometries initialization:
-----------------------------------------------------------------------
Loading mesh settings (global/local)...
-----------------------------------------------------------------------
Number of geometries from DB: 1
Geometry(0):
	Guid = {00000000-0000-0000-0000-000000000000}
	Fluid..
	1 Body.
	1 Real body.
	-- Bodyset 0 --
		Tolerance=0.000470933.
		17 Face(s).
			17 of b-spline type.
		0 Face(s) that have no ref faces
		8 Plane surface(s).
		5 B- surface(s).
		4 Extrude surface(s).
		30002 Triangle(s).
		Getting triangle connectivities from DB: 0.004 s
		45 Edge(s).
			45 of b-spline type.
		BodyGeom reading: 0.026 s.
		30002 Reference Triangles.
		Getting triangle connectivities from DB (Ref): 0.004 s
		BodyGeom Ref reading: 0.008 s.
Geometry(1):
	Solid.
	-- Bodyset 1 --
	Empty
-----------------------------------------------------------------------
Number of geometries in task: 2
	G : 0	Type: Fluid
	G : 1	Type: Solid
Number of bodysets   in task: 2
-----------------------------------------------------------------------
BodySet (0):
	Making hash and connectivity for Bodyset ...
		CBodyGeom:
		Hash size: {36, 32, 248}.
		Mesh size: {36, 32, 62}.
		Hashing triangles...Ok.
			axis(0) tr sizes: average=28 max=288
			axis(1) tr sizes: average=18 max=176
			axis(2) tr sizes: average=110 max=563
		Number of t-connected sets:1 (cavity=0)
		CBodyGeomRef:
		Hashing triangles...Ok.
			axis(0) tr sizes: average=52 max=480
			axis(1) tr sizes: average=36 max=272
			axis(2) tr sizes: average=103 max=539
	0.0851 s.
Geometries reading and preparing has taken 0.138 s.
-----------------------------------------------------------------------
Mapped triangles:
Hashing rough geometry(bodies) triangulation:
BodySet (0):
	Triangles num=30002
	Triangles box={0.040939 ,1.84094 ,-1.45659 ,-0.515124 ,-0.00411235 ,4.96917}
		3d-hash size is 480304 bytes
BodySet (1):
no log info (empty stream)

Mapped triangles processed in 0.080 s.
-----------------------------------------------------------------------
-----------------------------------------------------------------------
Getting sectors:
Number of sectors: 0
-----------------------------------------------------------------------
-----------------------------------------------------------------------
Bodies:     2
Faces:      17
Edges:      45
Triangles:  30002
-----------------------------------------------------------------------

Current CPU = 0 sec
-----------------------------------------------------------------------
Memory Working Set Current = 40.91 Mb, Memory Working Set Peak = 46.88 Mb
Memory Private Bytes Current = 40.52 Mb, Memory Private Bytes Peak = 46.43 Mb
Process Threads Number: 14
-----------------------------------------------------------------------
-----------------------------------------------------------------------
Checking faces on CD...
FCD = [0 0 0 0 0 0]
FCD_conflicts = 0
Time (check faces on CD)=0.001 s
-----------------------------------------------------------------------

-----------------------------------------------------------------------
Mesh dimensions:
				I[0 ]=36
				I[1 ]=32
				I[2 ]=62

Comp. domain size:
				a[0  ]=-2.94714
				a[1  ]=4.8303
				a[2  ]=-4.28258
				a[3  ]=2.31048
				a[4  ]=-4.71344
				a[5  ]=7.80391

Fluid calculated			1
Solid calculated			0
-----------------------------------------------------------------------
MESH Build started...
-----------------------------------------------------------------------
Mesh LEVEL = 1
-----------------------------------------------------------------------
-----------------------------------------------------------------------
CPT-mode xeps:
	D / dh / eps [axis=0] = (7.77744, 0.0868212, 8.68212e-05)
	D / dh / eps [axis=1] = (6.59306, 0.0769183, 7.69183e-05)
	D / dh / eps [axis=2] = (12.5173, 0.0893191, 8.93191e-05)
-----------------------------------------------------------------------
Initial allocation and brick-body-box intersection...OK (0.002 s)
Initial triangle brick intersection...OK (0.002 s)
Setting regions (71424 / 71424)...OK (0.002 s)
-----------------------------------------------------------------------
Base mesh info:
	3D task
	Nx=36
	Ny=32
	Nz=62
	N(Nx*Ny*Nz) = 1152
	Period    axis=[0, 0, 0]
	Symmetry  ni=[0 0 0 0 0 0]
	ZoomingBC ni=[0 0 0 0 0 0]
	Nx=36
		x[0]=-2.94714
		x[1]=-2.63902
		x[2]=-2.34608
		x[3]=-2.06748
		x[4]=-1.80253
		x[5]=-1.55054
		x[6]=-1.31089
		x[7]=-1.08297
		x[8]=-0.866212
		x[9]=-0.660065
		x[10]=-0.464011
		x[11]=-0.277554
		x[12]=-0.100226
		x[13]=0.0734163
		x[14]=0.24706
		x[15]=0.420703
		x[16]=0.594347
		x[17]=0.767991
		x[18]=0.941634
		x[19]=1.11528
		x[20]=1.28892
		x[21]=1.46256
		x[22]=1.63621
		x[23]=1.80985
		x[24]=1.9835
		x[25]=2.16082
		x[26]=2.34728
		x[27]=2.54334
		x[28]=2.74949
		x[29]=2.96625
		x[30]=3.19417
		x[31]=3.43383
		x[32]=3.68583
		x[33]=3.95079
		x[34]=4.22941
		x[35]=4.52236
		x[36]=4.8303
	Ny=32
		y[0]=-4.28258
		y[1]=-3.99371
		y[2]=-3.71893
		y[3]=-3.45746
		y[4]=-3.20866
		y[5]=-2.97191
		y[6]=-2.74664
		y[7]=-2.53229
		y[8]=-2.32832
		y[9]=-2.13424
		y[10]=-1.94957
		y[11]=-1.77384
		y[12]=-1.60663
		y[13]=-1.44752
		y[14]=-1.29368
		y[15]=-1.13985
		y[16]=-0.986007
		y[17]=-0.832169
		y[18]=-0.678331
		y[19]=-0.524493
		y[20]=-0.365397
		y[21]=-0.198194
		y[22]=-0.022474
		y[23]=0.162198
		y[24]=0.356277
		y[25]=0.560244
		y[26]=0.774601
		y[27]=0.999878
		y[28]=1.23663
		y[29]=1.48545
		y[30]=1.74694
		y[31]=2.02175
		y[32]=2.31048
	Nz=62
		z[0]=-4.71344
		z[1]=-4.4117
		z[2]=-4.12401
		z[3]=-3.84968
		z[4]=-3.58806
		z[5]=-3.33858
		z[6]=-3.10067
		z[7]=-2.87379
		z[8]=-2.65743
		z[9]=-2.45111
		z[10]=-2.25436
		z[11]=-2.06673
		z[12]=-1.8878
		z[13]=-1.70551
		z[14]=-1.52322
		z[15]=-1.34093
		z[16]=-1.15864
		z[17]=-0.976355
		z[18]=-0.794065
		z[19]=-0.611776
		z[20]=-0.429487
		z[21]=-0.247198
		z[22]=-0.0649085
		z[23]=0.117381
		z[24]=0.29967
		z[25]=0.481959
		z[26]=0.664249
		z[27]=0.846538
		z[28]=1.02883
		z[29]=1.21112
		z[30]=1.39341
		z[31]=1.57569
		z[32]=1.75798
		z[33]=1.94027
		z[34]=2.12256
		z[35]=2.30485
		z[36]=2.48714
		z[37]=2.66578
		z[38]=2.84442
		z[39]=3.02306
		z[40]=3.2017
		z[41]=3.38033
		z[42]=3.55897
		z[43]=3.73761
		z[44]=3.91625
		z[45]=4.09489
		z[46]=4.27353
		z[47]=4.45217
		z[48]=4.63081
		z[49]=4.80945
		z[50]=4.98809
		z[51]=5.16672
		z[52]=5.35186
		z[53]=5.54635
		z[54]=5.75066
		z[55]=5.9653
		z[56]=6.19077
		z[57]=6.42764
		z[58]=6.67646
		z[59]=6.93786
		z[60]=7.21246
		z[61]=7.50093
		z[62]=7.80391
-----------------------------------------------------------------------
Input_mesh_settings--------------------------------
Settings 0----------------
	Scope: GLOBAL
	Type:	------MESHER_SETTINGS----------
	RefAllCells           =0
	RefFluidCells         =0
	RefPartCells          =0
	RefSolidCells         =0
	l_SSFR(Capture crit)  =1
	l_curv(Curvature crit)=0
	l_tol(Tolerance crit) =0
	UseChannelRef         =1
	  NCR_method          =0
	  l_NCR               =1
	  N_gap               =5
	  Use d_NCR_min       =0
	  Use d_NCR_max       =0
	CloseThinSlotsHeight         =0
	--END_OF_MESHER_SETTINGS-------
End of input mesh settings-------------------------
-----------------------------------------------------------------------
Memory Working Set Current = 57.57 Mb, Memory Working Set Peak = 57.57 Mb
Memory Private Bytes Current = 58.78 Mb, Memory Private Bytes Peak = 58.78 Mb
Process Threads Number: 14
-----------------------------------------------------------------------
MMP (msh): locals=1, allc_sz=9.41 MB, used_sz=8.72 MB, blks-min-max=27/27
MMP (brx): locals=8, allc_sz=9.04 MB, used_sz=8.20 MB, blks-min-max=7/16
MMP (bcf): locals=0, allc_sz=0.00 MB, used_sz=0.00 MB, blks-min-max=0/0
MMP (xsl): locals=0, allc_sz=0.00 MB, used_sz=0.00 MB, blks-min-max=0/0
NxNyNz = [36, 32, 62]
base_dx=0.207989; 
NxNyNz_reverse = [37, 32, 60]

-----------------------------------------------------------------------
Refining geometries:
-----------------------------------------------------------------------

-----------------------------------------------------------------------
Refining by triangulation...
Refinement input: 71424 bricks
	Checking crit (71424 / 71424)...86 marked (0.040 s)
	Time(refinement): 0.001 s
Setting regions (688 / 72026)...OK (0.001 s)
	Checking crit (0 / 72026)...0 marked (0.001 s)
Refinement result (1 iterations): 72026 bricks (0.049 s)
Refinement input: 72026 bricks
	Checking crit (71338 / 72026)...0 marked (0.003 s)
Refinement result (0 iterations): 72026 bricks (0.004 s)
Collecting and processing rays:
	Adding rays...OK (0.010 s)
	new bricks = 72026 / 72026
	new rays   = 6163 (x=2205, y=2660, z=1298)
	Processing rays...
		Rays process:  0.489 (0.489) s
		Sort xstacks:  0.000 (0.000) s
		Put xstacks:   0.001 (0.001) s
		Total:         0.490 s
	Correcting rays...
		Lame vertices: 0.004 (0.004) s
		Bad rays:      0.000 (0.000) s
		Emit rays:     0.000 (0.000) s
		Correct ray f: 0.000 (0.000) s
		Undef:         0.000 (0.000) s
		Sum:           0.004 (0.004) s
		Total:         0.005 s
	Time (rays): 0.506 s
Capturing (72026 / 72026)...OK (0.004 s)
Refining by triangulation takes 0.564 s
-----------------------------------------------------------------------

-----------------------------------------------------------------------
Refining peculiar surfaces...
Collecting and processing rays:
	Adding rays...OK (0.001 s)
	new bricks = 0 / 72026
	new rays   = 0 (x=0, y=0, z=0)
	Processing rays...
		Rays process:  0.000 (0.000) s
		Sort xstacks:  0.000 (0.000) s
		Put xstacks:   0.000 (0.000) s
		Total:         0.000 s
	Correcting rays...
		Total:         0.000 s
	Time (rays): 0.002 s
Capturing (0 / 72026)...OK (0.001 s)
0 surfaces refined
Refining peculiar surfaces takes 0.003 s
-----------------------------------------------------------------------

-----------------------------------------------------------------------
Base mesh 1 Refining...
Collecting and processing rays:
	Adding rays...OK (0.000 s)
	new bricks = 0 / 72026
	new rays   = 0 (x=0, y=0, z=0)
	Processing rays...
		Rays process:  0.000 (0.000) s
		Sort xstacks:  0.000 (0.000) s
		Put xstacks:   0.000 (0.000) s
		Total:         0.000 s
	Correcting rays...
		Total:         0.000 s
	Time (rays): 0.001 s
Capturing (0 / 72026)...OK (0.001 s)
Refinement input: 72026 bricks
	Checking crit (71338 / 72026)...0 marked (0.001 s)
Refinement result (0 iterations): 72026 bricks (0.001 s)
-----------------------------------------------------------------------
Refining channels...
FYI: CNarrowChannelRefiner::RefineChannels_PRLL
FYI: m_iteration_count = 0
FYI: level1 statistics:
     level1_cnt_plus[1]=0;		level1_cnt_minus[1]=0
     level1_cnt_plus[2]=0;		level1_cnt_minus[2]=0
     level1_cnt_plus[3]=0;		level1_cnt_minus[3]=0
     level1_cnt_plus[4]=0;		level1_cnt_minus[4]=0
     level1_cnt_plus[5]=0;		level1_cnt_minus[5]=0
     level1_cnt_plus[6]=0;		level1_cnt_minus[6]=0
     level1_cnt_plus[7]=0;		level1_cnt_minus[7]=0
     level1_cnt_plus[8]=0;		level1_cnt_minus[8]=0
     level1_cnt_plus[9]=0;		level1_cnt_minus[9]=0
FYI: level1 statistics:
     level1_cnt_plus[1]=0;		level1_cnt_minus[1]=0
     level1_cnt_plus[2]=0;		level1_cnt_minus[2]=0
     level1_cnt_plus[3]=0;		level1_cnt_minus[3]=0
     level1_cnt_plus[4]=0;		level1_cnt_minus[4]=0
     level1_cnt_plus[5]=0;		level1_cnt_minus[5]=0
     level1_cnt_plus[6]=0;		level1_cnt_minus[6]=0
     level1_cnt_plus[7]=0;		level1_cnt_minus[7]=0
     level1_cnt_plus[8]=0;		level1_cnt_minus[8]=0
     level1_cnt_plus[9]=0;		level1_cnt_minus[9]=0

-----------------------------------------------------------------------
U-shapes refinement...
Refinement input: 72026 bricks
	Checking crit (71338 / 72026)...52 marked (0.006 s)
	Time(refinement): 0.000 s
Setting regions (416 / 72390)...OK (0.001 s)
	Checking crit (0 / 72390)...0 marked (0.001 s)
Refinement result (1 iterations): 72390 bricks (0.013 s)
Collecting and processing rays:
	Adding rays...OK (0.001 s)
	new bricks = 416 / 72390
	new rays   = 215 (x=93, y=104, z=18)
	Processing rays...
		Rays process:  0.001 (0.001) s
		Sort xstacks:  0.000 (0.000) s
		Put xstacks:   0.000 (0.000) s
		Total:         0.002 s
	Correcting rays...
		Lame vertices: 0.001 (0.001) s
		Bad rays:      0.000 (0.000) s
		Emit rays:     0.000 (0.000) s
		Correct ray f: 0.000 (0.000) s
		Undef:         0.000 (0.000) s
		Sum:           0.001 (0.001) s
		Total:         0.001 s
	Time (rays): 0.004 s
Capturing (416 / 72390)...OK (0.001 s)
-----------------------------------------------------------------------

-----------------------------------------------------------------------
Equi Distant Refiner:
Equi Distant Refiner takes 0.00 s
-----------------------------------------------------------------------

/-Ray Intersection---------------/ Time	3.848 s
Calls                6378
CorrectRay Calls     0



-----------------------------------------------------------------------
Refining geometries takes 0.628 s
-----------------------------------------------------------------------
-----------------------------------------------------------------------
Memory Working Set Current = 65.26 Mb, Memory Working Set Peak = 65.27 Mb
Memory Private Bytes Current = 69.38 Mb, Memory Private Bytes Peak = 69.38 Mb
Process Threads Number: 14
-----------------------------------------------------------------------
Defect ray count	0
FYI: CNarrowChannelRefiner::RedistributeLevel1_step_1: is started
FYI: CNarrowChannelRefiner::RedistributeLevel1_step_1: is finished (0.001 s)
FYI: level1 statistics:
     level1_cnt_plus[1]=0;		level1_cnt_minus[1]=0
     level1_cnt_plus[2]=0;		level1_cnt_minus[2]=0
     level1_cnt_plus[3]=0;		level1_cnt_minus[3]=0
     level1_cnt_plus[4]=0;		level1_cnt_minus[4]=0
     level1_cnt_plus[5]=0;		level1_cnt_minus[5]=0
     level1_cnt_plus[6]=0;		level1_cnt_minus[6]=0
     level1_cnt_plus[7]=0;		level1_cnt_minus[7]=0
     level1_cnt_plus[8]=0;		level1_cnt_minus[8]=0
     level1_cnt_plus[9]=0;		level1_cnt_minus[9]=0
FYI: CNarrowChannelRefiner::RedistributeLevel1_step_2: is started
FYI: CNarrowChannelRefiner::RedistributeLevel1_step_2: is finished (0.029 s)
FYI: level1 statistics:
     level1_cnt_plus[1]=0;		level1_cnt_minus[1]=0
     level1_cnt_plus[2]=0;		level1_cnt_minus[2]=0
     level1_cnt_plus[3]=0;		level1_cnt_minus[3]=0
     level1_cnt_plus[4]=0;		level1_cnt_minus[4]=0
     level1_cnt_plus[5]=0;		level1_cnt_minus[5]=0
     level1_cnt_plus[6]=0;		level1_cnt_minus[6]=0
     level1_cnt_plus[7]=0;		level1_cnt_minus[7]=0
     level1_cnt_plus[8]=0;		level1_cnt_minus[8]=0
     level1_cnt_plus[9]=0;		level1_cnt_minus[9]=0
FYI: CNarrowChannelRefiner::RedistributeLevel1_step_3: is started
FYI: CNarrowChannelRefiner::RedistributeLevel1_step_3: is finished (0.004 s)
RedistributeLevel1 takes:
FYI: level1 statistics:
     level1_cnt_plus[1]=0;		level1_cnt_minus[1]=0
     level1_cnt_plus[2]=0;		level1_cnt_minus[2]=0
     level1_cnt_plus[3]=0;		level1_cnt_minus[3]=0
     level1_cnt_plus[4]=0;		level1_cnt_minus[4]=0
     level1_cnt_plus[5]=0;		level1_cnt_minus[5]=0
     level1_cnt_plus[6]=0;		level1_cnt_minus[6]=0
     level1_cnt_plus[7]=0;		level1_cnt_minus[7]=0
     level1_cnt_plus[8]=0;		level1_cnt_minus[8]=0
     level1_cnt_plus[9]=0;		level1_cnt_minus[9]=0
-----------------------------------------------------------------------
MSH format builder (Iteration 0)
-----------------------------------------------------------------------
Memory Working Set Current = 66.95 Mb, Memory Working Set Peak = 66.95 Mb
Memory Private Bytes Current = 71.08 Mb, Memory Private Bytes Peak = 71.08 Mb
Process Threads Number: 14
-----------------------------------------------------------------------
Total bricks count: 72390
-----------------------------------------------------------------------
MSH (Real Geometry) format constructor:
	Geom    Count = 2
	Bodyset Count = 2
	3D task
	Getting brick sets...OK (0.003 s)

	Min x-stack xeps = 0.00554069
	D / dh / eps [axis=0] = (7.77744, 0.0868212, 8.68212e-05)
	D / dh / eps [axis=1] = (6.59306, 0.076919, 7.6919e-05)
	D / dh / eps [axis=2] = (12.5173, 0.0893191, 8.93191e-05)
	Time (xeps): 0.001 s
Level 1
	Set (0)  size: 552
	Set (0)  time: 0.011 s
	Set (1)  size: 552
	Set (1)  time: 0.008 s
Level 0
	Set (0)  size: 35643
	Set (0)  time: 0.027 s
	Set (1)  size: 35643
	Set (1)  time: 0.027 s

	Spread npq bricks...0 marked (0.001 s)

Result:
	Bricks number:                        72390

	Memory usage:                         1.347 MB
	Memory usage (per brick):             0.019 KB
	Construction time:                    0.080 s

	Topology features:
	------------------
	- High quality bricks                  100.00 % (72390)
	- Medium quality bricks                  0.00 % (0)
	- Bad quality bricks                     0.00 % (0)
	- NPQ bricks                             0.00 % (0)
	- Type-1 bricks                          1.53 % (1108)
	- Ribs corrected bricks                  0.00 % (0)
	- Points with geom-info (bricks)         0.00 % (0)
	- Points with closest-info (bricks)      0.00 % (0)
	- Triangulated by center (bricks)        0.00 % (0)
	- Facet w-faces mergings (bricks)        0.00 % (0)
	- To refine (bricks)                     0.00 % (0)
	- Points-count                           0.00 % (0)
	- T-self-intersection-all (bricks)       0.00 % (0)
	- T-self-intersection-simple (bricks)    0.00 % (0)
	- T-self-intersection-complex (bricks)   0.00 % (0)
	- NPQ by reason 1 u-shape                0.00 % (0)
	- NPQ by reason 2 tri-by-ctr             0.00 % (0)
	- NPQ by reason 3 ray-correction         0.00 % (0)
	- NPQ by reason 4 t-self-intersection    0.00 % (0)
	- NPQ by reason 5 non-good               0.00 % (0)
	- NPQ by reason 6 npq-worker             0.00 % (0)

-----------------------------------------------------------------------
Memory Working Set Current = 72.63 Mb, Memory Working Set Peak = 72.64 Mb
Memory Private Bytes Current = 75.98 Mb, Memory Private Bytes Peak = 75.98 Mb
Process Threads Number: 14
-----------------------------------------------------------------------
-----------------------------------------------------------------------
msh-iterations: 1
-----------------------------------------------------------------------
high---q-brick-count = 100.00 % (72390 72390)
medium-q-brick-count =   0.00 % (72390 0)
bad----q-brick-count =   0.00 % (72390 0)
np-----q-brick-count =   0.00 % (72390 0)
-----------------------------------------------------------------------
Free brick parser storage...OK(0.001 s)
-----------------------------------------------------------------------
Memory Working Set Current = 70.43 Mb, Memory Working Set Peak = 72.68 Mb
Memory Private Bytes Current = 73.95 Mb, Memory Private Bytes Peak = 75.98 Mb
Process Threads Number: 14
-----------------------------------------------------------------------
-----------------------------------------------------------------------
MSH --> BCF format (Iteration 0)...
BCF collector...(remove mode=0)
	Time (alloc counter per brick): 0.002 s
	Brick    count: 72390
	Av.f all count: 72265
	Av.s all count: 1405
	Av.f pid count: 1280
	Av.s pid count: 1108
	Faces fs count: 3092
	Faces ff count: 0
	Faces ss count: 0
	Faces bb count: 0
	Faces fe count: 10736
	Faces se count: 0
	Faces fw count: 13828
	Faces af count: 211619
	Faces as count: 3632
	Time (all count): 	0.007 s
	Time (bcf alloc): 	0.001 s
	Time (shifts alloc): 	0.004 s
	Time (shifts init): 	0.004 s
	Time (bcf fill): 	0.017 s
	Time (add av to faces): 0.000 s
	Time (add faces to av): 0.005 s
Time (bcf collect): 		0.043 s
	AV checker...
		Hole marker...
			Subdomains:               1.
			Subdomains (cond):        1.
			Time (sd):      0.021 s.
			Time (sd_cond): 0.021 s.
			Time (potential-hole marking): 	0.001 s
			Time (hole checking): 0.000 s.
			0 av(s) are marked to fill subdomain holes.
		Time (hole marker): 0.045 s.
	Time (check av): 	0.074 s
	Subdomain checker...
		Subdomains construction time: 0.023 s.
		Subdomains sort time: 0.000 s.
			Subdomain 0 (geom_ind=0): 72265 av
			Subdomain 1 (geom_ind=1): 1405 av
		gi: 0, real bodies: 1
		gi: 0, subdomains:  1
		gi: 1, real bodies: 0
		gi: 1, subdomains:  1
		Defect subdomains: 0
	Time (check subdoms): 	0.025 s
Time (bcf iteration total): 	0.142 s
	Time (fw-nb): 		0.001 s
	Fixed mutual fw-nb:     2355 (bb: 0)
	Time (fw-nb mutual): 	0.001 s
	Time (fw-nb sort): 	0.000 s
	Fw-opt BEFORE total:    13828 (fs=3092, ff=0, ss=0)
	Fw-opt AFTER  total:    12554 (fs=1818, ff=0, ss=0, failed fw/br=0/0, big_curv=8, big_poly=0)
	Fw-opt RESULT:          1274 (res/(fs+ff+ss) = 41.20 %)
	Time (fw-opt): 		0.003 s
	Time (fw-re-order): 	0.002 s
	Time (fw-nb): 		0.006 s
	Fixed mutual fw-nb:     25213 (bb: 0)
	Time (fw-nb mutual): 	0.002 s
	Time (fw-nb sort): 	0.001 s
	Time (rfd fix): 	0.000 s
	Time (av convexity): 	0.001 s
	Time (av small volume): 0.001 s
	Time (diagonal fw-nb): 	0.020 s
	Fixed mutual fw-nb:     0 (bb: 0)
	Time (fw-nb mutual): 	0.002 s
	Time (fw-nb sort): 	0.001 s
	Fluid subdomains: 1
	Faces fw-nb diff sd:    0
	Time (fw-nb diff sd): 	0.019 s
Time (bcf calc): 		0.065 s
-----------------------------------------------------------------------
Time (bcf total): 		0.208 s
-----------------------------------------------------------------------
bcf-iterations: 1
-----------------------------------------------------------------------
-----------------------------------------------------------------------
Mega-cv constructor for fluid...
	 0 av's is treated as thin
Relative size generator (threshold = 0.05)...
	Iteration 1 (small cluster count = 196)
	Iteration 2 (small cluster count = 97)
	Iteration 3 (small cluster count = 13)
	Iteration 4 (small cluster count = 2)
	Iteration 5 (small cluster count = 0)
	 195 mega-cv's generated
	 1 mega-cv's removed
Relative size generator is completed OK (0.007 s)
Apply fa-rules to mega-cv clusters fixes...
	Fa-rule violation fixes:        2 of        2 (total cluster# =      194)
OK (0.001 s)
Convert clusters:
	 194 mega-cv's total
Mega-cv count: 194
Time (mega-cv fill): 	0.001 s
Time (mega-cv total): 	0.035 s
-----------------------------------------------------------------------
Mixing plane rotation regions: NO.
Sliding mesh rotation regions: NO.
Fluid/fluid faces: NO.
-----------------------------------------------------------------------
Memory Working Set Current = 88.10 Mb, Memory Working Set Peak = 102.07 Mb
Memory Private Bytes Current = 93.18 Mb, Memory Private Bytes Peak = 107.65 Mb
Process Threads Number: 14
-----------------------------------------------------------------------
----------------------------------------------------------
BCF --> BCF.GEOMSUBDOM (bridge arrays):
MESH (0):
	Fluid Subdom Constructor: 1 subdom(s).
	Solid Subdom Constructor: 1 subdom(s).
	Net Asm Subdom Constructor: 0 subdom(s).
	GEOMSUBDOM (0): gi=0 Fluid av=72265 cv=72069 fa=211619 fb=0 fw=12554 V=6.397493e+02
	Cache data...OK
	GEOMSUBDOM (1): gi=1 Solid av=1405 cv=1405 fa=3632 fb=0 fw=1818 V=2.103837e+00
	Cache data...OK
	Setting nb of w-faces...OK (0.002 s).
	Correcting nb of w-faces...
	Time(correct_fw_nb)=0.005 s

MESH (0) checking:
	GEOMSUBDOM (0):fa_s=9005.6915283128619194 fb_s=0.0000000000000000 fw_s=482.7184661922483428 fw_nb=100286
	              :d_const(45017)=3.12706e-13 d_linear(48502)=1.05643e-12
	GEOMSUBDOM (1):fa_s=40.5050419901779293 fb_s=0.0000000000000000 fw_s=20.4033601984289454 fw_nb=14422
	              :d_const(719)=1.97016e-12 d_linear(696)=1.03339e-11
MESH (0) checking: OK.
Time (MDS): 	0.147 s
----------------------------------------------------------
-----------------------------------------------------------------------
Memory Working Set Current = 112.91 Mb, Memory Working Set Peak = 112.92 Mb
Memory Private Bytes Current = 117.16 Mb, Memory Private Bytes Peak = 117.16 Mb
Process Threads Number: 14
-----------------------------------------------------------------------

-----------------------------------------------------------------------
BCF CHECKSUM DATA (Mesh 0):

BRICK |Level1| Sum:               0
FACE_A Area Sum:   G.Fluid        9005.6915283128619194
FACE_A Area Sum:   G.Solid        40.5050419901779293
FACE_W Area Sum:                  482.7184661922482860
FACE_W Nb   Sum:                  100286
FACE_W min curvatures sum:        -3669.58260192
FACE_W max curvatures sum:        2034.53189698
AV Max Disbalance(Const) :        3.86576e-12 (cid=30673, t={40, 30, 52}, avid=30725, pid=235)
AV Max Disbalance(Linear):        1.87986e-11 (cid=30673, t={40, 30, 52}, avid=30725, pid=235)
-----------------------------------------------------------------------


-----------------------------------------------------------------------
MESHER TOPOLOGY DATA:

BRICKS: Total                 72390
BRICKS: Fluid                 72093
BRICKS: Fluid Partial         1108
BRICKS: Type 1                1108
BRICKS: Max AV number         3

AV:     G.Total               73670
AV:     G.Fluid               72265
AV:     G.Solid               1405

AV:     G.Fluid Thin Profile    0.00 % (0)
AV:     G.Solid Thin Profile   12.24 % (172)

AV:     G.Fluid Thin For Mega   0.00 % (0)
AV:     G.Solid Thin For Mega  10.96 % (154)

AV:     G.Fluid Non-Convex      0.93 % (673)
AV:     G.Solid Non-Convex     32.95 % (463)

AV:     G.Fluid Non-Ess-Convex      0.43 % (308)
AV:     G.Solid Non-Ess-Convex      9.32 % (131)

FACE_A: G.Fluid          (af) 211619 (partially opened 2678)
FACE_A: G.Solid          (as) 3632 (partially opened 2316)

FACE_B: G.Total          (b)  0

FACE_W: G.Total                 12554       Brick/Bound
FACE_W: G.Fluid/Solid    (fs_g) 1818        0           
FACE_W: G.Fluid/Fluid    (ff_g) 0           0           
FACE_W: G.Solid/Solid    (ss_g) 0           0           
FACE_W: G.Fluid/Void     (fv_g) 0           0           
FACE_W: G.Fluid/External (fe_g) 10736
FACE_W: G.Solid/External (se_g) 0

AV/CV max fa count (on brick side):6
AV/CV max fw count:                6
AV/CV max fb count:                0
AV/CV max fw poly count:           15

MEMORY: Total                   21.667 MB
MEMORY: Per Brick               0.306 KB
-----------------------------------------------------------------------

-----------------------------------------------------------------------
Connectivities information:
	Number of conns: 0
-----------------------------------------------------------------------
	Time (gap size): 	0.038 s
-----------------------------------------------------------------------
Memory Working Set Current = 112.96 Mb, Memory Working Set Peak = 112.96 Mb
Memory Private Bytes Current = 117.18 Mb, Memory Private Bytes Peak = 117.18 Mb
Process Threads Number: 14
-----------------------------------------------------------------------
-----------------------------------------------------------------------
Calculating curvature and tolerance criteria...
Curvature: min=0 (cid=0) max=3.14157 (cid=54451)
Tolerance: min=0 (cid=0) max=0.105617 (cid=53276)
Calculating curvature and tolerance criteria takes 0.059 s
-----------------------------------------------------------------------
MESH Build(FS) finished. Time=1.308 s
-----------------------------------------------------------------------
Current CPU = 2 sec

Nx=36
Ny=32
Nz=62
Max BRICK Level=1
Mesh Level=1
-----------------CModelBodies2MeshMapper::CollectData started -------------------------------
	Time (collect mesh base data): 0.001 s.
	Time (collect model bodies mapping): 0.000 s.
	Time (collect positive bodies mapping): 0.000 s.
	Time (collect fluid bodies mapping): 0.000 s.
-----------------CModelBodies2MeshMapper Report -------------------------------
FluidDomains 1 SolidDomains 1 VoidDomains 0 
Domains RefIndexes
----------------- -------------------------------
	ModelBodies
Total resolved Bodies 0 BodySets 0

--------------------------------------------------------------------------
	Positive geometry Bodies
Total resolved Bodies 1 BodySets 1
BodySet 0
	Bodies list:
			#0	Name: ;	ID: dade178f-c466-4b95-b0f1-2037c7780fcd
	Domains list:mesh type	 (0, 1)		 0 


--------------------------------------------------------------------------
	Fluid regions
Total resolved Bodies 1 BodySets 1
BodySet 0	Material: Air; 
	Bodies list:
			#0	Name: ;	ID: dade178f-c466-4b95-b0f1-2037c7780fcd
	Domains list:mesh type	 (0, 1)		 0 


--------------------------------------------------------------------------
Collect data takes...0.002 s
-----------------CModelBodies2MeshMapper::CollectData finished successfully-------------------
Saving initial mesh in: D:\GitHub\Mechanical\SeattleSolarCar2024-2025\Aeroshells\new Atticus aero models\41n smaller back - Copy\1\1.fld .
Storing results...
	Estimated CPT size=8.063 MB.
	Time (write bcf): 0.249 s
Storing results takes 0.257 s
-----------------------------------------------------------------------
Memory Working Set Current = 113.30 Mb, Memory Working Set Peak = 113.31 Mb
Memory Private Bytes Current = 117.19 Mb, Memory Private Bytes Peak = 117.19 Mb
Process Threads Number: 14
-----------------------------------------------------------------------
Cleaning memory...
-----------------------------------------------------------------------
Start to free mesher data...
MMP (msh): locals=8, allc_sz=9.59 MB, used_sz=8.86 MB, blks-min-max=1/27
MMP (brx): locals=8, allc_sz=10.75 MB, used_sz=9.55 MB, blks-min-max=9/17
MMP (bcf): locals=8, allc_sz=31.98 MB, used_sz=31.06 MB, blks-min-max=11/37
MMP (xsl): locals=8, allc_sz=0.12 MB, used_sz=0.08 MB, blks-min-max=1/1
Free xsl...            OK	Time=0.000 s
Free ray collector...  OK	Time=0.000 s
Free ray intersector...OK	Time=0.000 s
Free body sets...      OK	Time=0.006 s
Free Geometry DB takes 0.000 s
Free mesh conn...      OK	Time=0.000 s
Free geomsd...         OK	Time=0.000 s
Free mbricks...        OK	Time=0.002 s
Free hash info...      OK	Time=0.002 s
Free bricks-x...       OK	Time=0.001 s
Free bcf...            OK	Time=0.004 s
Free mesh h...         OK	Time=0.000 s
Free bricks arr..      OK	Time=0.000 s
Free bricks tree...    OK	Time=0.000 s
Free mesh pools...     OK	Time=0.006 s
Free bodies mapper...  OK	Time=0.000 s
Free geom crits...     OK	Time=0.000 s
Free cpt regions...    OK	Time=0.000 s
Free peculiar surfs... OK	Time=0.000 s
Free sw-geometries...  OK	Time=0.000 s
Total free mesher data time: 0.024 s
-----------------------------------------------------------------------
Copying... OK
CPT size=2.541 MB (2664773 bytes).
Mesh generation normally finished at	25.3.2025	7:48:5
Mesher CPU = 2 sec
Mesher is finished at	25.3.2025	7:48:5
-----------------------------------------------------------------------
Memory Working Set Current = 32.41 Mb, Memory Working Set Peak = 113.31 Mb
Memory Private Bytes Current = 33.96 Mb, Memory Private Bytes Peak = 117.19 Mb
Process Threads Number: 14
-----------------------------------------------------------------------
Algebra Pool      : mem_usage = 2.06 Mb, allocated count = 0
-----------------------------------------------------------------------
Memory Working Set Current = 30.45 Mb, Memory Working Set Peak = 113.31 Mb
Memory Private Bytes Current = 31.95 Mb, Memory Private Bytes Peak = 117.19 Mb
Process Threads Number: 14
Process Threads Number Peak: 14
-----------------------------------------------------------------------
Log ended at 25.03.2025	07:48:05
