Log started at 12.12.2024	23:30:28
Number of used processors (NPROC): 6.
Number of mesh partitions (NPART): 6.
Total Physical Memory = 31.91 Gb, Available Physical Memory = 18.91 Gb
Computer name:	DESKTOP-C408A46
Operating system:	Windows 11 (or higher) (Version 10.0.22631)

Commandline:	"C:\Program Files\SOLIDWORKS Corp\SOLIDWORKS Flow Simulation\BINCFW\efdsolver.exe" /config:"C:\Users\juded\OneDrive\Desktop\Car shit\6\6.xmlconfig" /guid:33215913-afb3-4dbc-9812-0c9b2878c24b /processors:max /m /s /prjnamelm:"Flow Simulation 2023" /prjnamehabout:"Flow Simulation 2023" /companyname:"COSMOS Applications" /prjaliasid:1009 /lang:English /port:15533

SOLIDWORKS 2023 SP2.1
Flow Simulation 2023  x64 / 5965

Project: C:\Users\juded\OneDrive\Desktop\Car shit\6\6.xmlconfig
Configuration name: Default
Project name: Project(1)
Problem type: external-with-void-internal-space-type
Exclude cavities without flow conditions: ON
NGK: OFF
MBO: OFF
-----------------------------------------------------------------------
Mesher option run = eRunMesherNormal
-----------------------------------------------------------------------

Mesh generation started:	12.12.2024	23:30:28
-----------------------------------------------------------------------
Memory Working Set Current = 15.50 Mb, Memory Working Set Peak = 15.50 Mb
Memory Private Bytes Current = 16.00 Mb, Memory Private Bytes Peak = 16.00 Mb
Process Threads Number: 7
-----------------------------------------------------------------------
Mesher adjust APD = OFF; AdjustAPD_method=0; N_per_Channel = 0; N2_per_Channel = 0
Current CPU = 0 sec
-----------------------------------------------------------------------
Geometries initialization:
-----------------------------------------------------------------------
Loading mesh settings (global/local)...
-----------------------------------------------------------------------
Number of geometries from DB: 1
Geometry(0):
	Guid = {00000000-0000-0000-0000-000000000000}
	Fluid..
	1 Body.
	1 Real body.
	-- Bodyset 0 --
		Tolerance=0.000500009.
		46 Face(s).
			46 of b-spline type.
		0 Face(s) that have no ref faces
		16 Plane surface(s).
		4 Cylinder surface(s).
		26 B- surface(s).
		45316 Triangle(s).
		Getting triangle connectivities from DB: 0.004 s
		124 Edge(s).
			124 of b-spline type.
		BodyGeom reading: 0.024 s.
		45316 Reference Triangles.
		Getting triangle connectivities from DB (Ref): 0.004 s
		BodyGeom Ref reading: 0.008 s.
Geometry(1):
	Solid.
	-- Bodyset 1 --
	Empty
-----------------------------------------------------------------------
Number of geometries in task: 2
	G : 0	Type: Fluid
	G : 1	Type: Solid
Number of bodysets   in task: 2
-----------------------------------------------------------------------
BodySet (0):
	Making hash and connectivity for Bodyset ...
		CBodyGeom:
		Hash size: {34, 276, 32}.
		Mesh size: {34, 69, 32}.
		Hashing triangles...Ok.
			axis(0) tr sizes: average=45 max=295
			axis(1) tr sizes: average=155 max=719
			axis(2) tr sizes: average=25 max=652
		Number of t-connected sets:1 (cavity=0)
		CBodyGeomRef:
		Hashing triangles...Ok.
			axis(0) tr sizes: average=86 max=495
			axis(1) tr sizes: average=148 max=663
			axis(2) tr sizes: average=47 max=958
	0.0538 s.
Geometries reading and preparing has taken 0.102 s.
-----------------------------------------------------------------------
Mapped triangles:
Hashing rough geometry(bodies) triangulation:
BodySet (0):
	Triangles num=45316
	Triangles box={-0.9 ,0.9 ,0 ,5 ,1.99569e-05 ,1}
		3d-hash size is 547964 bytes
BodySet (1):
no log info (empty stream)

Mapped triangles processed in 0.057 s.
-----------------------------------------------------------------------
-----------------------------------------------------------------------
Getting sectors:
Number of sectors: 0
-----------------------------------------------------------------------
-----------------------------------------------------------------------
Bodies:     2
Faces:      46
Edges:      124
Triangles:  45316
-----------------------------------------------------------------------

Current CPU = 1 sec
-----------------------------------------------------------------------
Memory Working Set Current = 49.91 Mb, Memory Working Set Peak = 58.90 Mb
Memory Private Bytes Current = 49.85 Mb, Memory Private Bytes Peak = 57.98 Mb
Process Threads Number: 12
-----------------------------------------------------------------------
-----------------------------------------------------------------------
Checking faces on CD...
FCD = [0 0 0 0 0 0]
FCD_conflicts = 0
Time (check faces on CD)=0.001 s
-----------------------------------------------------------------------

-----------------------------------------------------------------------
Mesh dimensions:
				I[0 ]=34
				I[1 ]=69
				I[2 ]=32

Comp. domain size:
				a[0  ]=-3.90006
				a[1  ]=3.90006
				a[2  ]=-6.69554
				a[3  ]=10.0001
				a[4  ]=-3.00006
				a[5  ]=4.00006

Fluid calculated			1
Solid calculated			0
-----------------------------------------------------------------------
MESH Build started...
-----------------------------------------------------------------------
Mesh LEVEL = 1
-----------------------------------------------------------------------
-----------------------------------------------------------------------
CPT-mode xeps:
	D / dh / eps [axis=0] = (7.80012, 0.088199, 8.8199e-05)
	D / dh / eps [axis=1] = (16.6956, 0.0949716, 9.49716e-05)
	D / dh / eps [axis=2] = (7.00013, 0.0816675, 8.16675e-05)
-----------------------------------------------------------------------
Initial allocation and brick-body-box intersection...OK (0.002 s)
Initial triangle brick intersection...OK (0.002 s)
Setting regions (75072 / 75072)...OK (0.001 s)
-----------------------------------------------------------------------
Base mesh info:
	3D task
	Nx=34
	Ny=69
	Nz=32
	N(Nx*Ny*Nz) = 2346
	Period    axis=[0, 0, 0]
	Symmetry  ni=[0 0 0 0 0 0]
	ZoomingBC ni=[0 0 0 0 0 0]
	Nx=34
		x[0]=-3.90006
		x[1]=-3.57216
		x[2]=-3.26065
		x[3]=-2.96463
		x[4]=-2.68332
		x[5]=-2.41599
		x[6]=-2.16195
		x[7]=-1.92054
		x[8]=-1.69112
		x[9]=-1.47311
		x[10]=-1.26593
		x[11]=-1.06904
		x[12]=-0.881946
		x[13]=-0.705548
		x[14]=-0.529147
		x[15]=-0.352745
		x[16]=-0.176344
		x[17]=5.71857e-05
		x[18]=0.176459
		x[19]=0.35286
		x[20]=0.529261
		x[21]=0.705663
		x[22]=0.882064
		x[23]=1.06914
		x[24]=1.26601
		x[25]=1.47318
		x[26]=1.69118
		x[27]=1.9206
		x[28]=2.16201
		x[29]=2.41606
		x[30]=2.68341
		x[31]=2.96474
		x[32]=3.26078
		x[33]=3.57232
		x[34]=3.90006
	Ny=69
		y[0]=-6.69554
		y[1]=-6.19778
		y[2]=-5.724
		y[3]=-5.27293
		y[4]=-4.84347
		y[5]=-4.43459
		y[6]=-4.04531
		y[7]=-3.67467
		y[8]=-3.3218
		y[9]=-2.98583
		y[10]=-2.66596
		y[11]=-2.36142
		y[12]=-2.07147
		y[13]=-1.79542
		y[14]=-1.53259
		y[15]=-1.28236
		y[16]=-1.04412
		y[17]=-0.817288
		y[18]=-0.60133
		y[19]=-0.395719
		y[20]=-0.199961
		y[21]=-0.00710345
		y[22]=0.185755
		y[23]=0.378613
		y[24]=0.571471
		y[25]=0.764329
		y[26]=0.957187
		y[27]=1.15004
		y[28]=1.3429
		y[29]=1.53576
		y[30]=1.72862
		y[31]=1.92148
		y[32]=2.11434
		y[33]=2.30719
		y[34]=2.50005
		y[35]=2.69571
		y[36]=2.89136
		y[37]=3.08701
		y[38]=3.28267
		y[39]=3.47832
		y[40]=3.67398
		y[41]=3.86963
		y[42]=4.06529
		y[43]=4.26094
		y[44]=4.45659
		y[45]=4.65225
		y[46]=4.8479
		y[47]=5.04356
		y[48]=5.23921
		y[49]=5.43486
		y[50]=5.63052
		y[51]=5.82617
		y[52]=6.02183
		y[53]=6.21748
		y[54]=6.41314
		y[55]=6.60879
		y[56]=6.80444
		y[57]=7.0001
		y[58]=7.19004
		y[59]=7.38923
		y[60]=7.59811
		y[61]=7.81716
		y[62]=8.04687
		y[63]=8.28775
		y[64]=8.54036
		y[65]=8.80526
		y[66]=9.08305
		y[67]=9.37436
		y[68]=9.67984
		y[69]=10.0001
	Nz=32
		z[0]=-3.00006
		z[1]=-2.69338
		z[2]=-2.40162
		z[3]=-2.12401
		z[4]=-1.85985
		z[5]=-1.60849
		z[6]=-1.36931
		z[7]=-1.14172
		z[8]=-0.925159
		z[9]=-0.719094
		z[10]=-0.523015
		z[11]=-0.336438
		z[12]=-0.158902
		z[13]=0.0100298
		z[14]=0.173365
		z[15]=0.336701
		z[16]=0.500037
		z[17]=0.663373
		z[18]=0.82671
		z[19]=0.990046
		z[20]=1.15897
		z[21]=1.33649
		z[22]=1.52306
		z[23]=1.71913
		z[24]=1.9252
		z[25]=2.14175
		z[26]=2.36935
		z[27]=2.60853
		z[28]=2.8599
		z[29]=3.12408
		z[30]=3.40171
		z[31]=3.69349
		z[32]=4.00006
-----------------------------------------------------------------------
Input_mesh_settings--------------------------------
Settings 0----------------
	Scope: GLOBAL
	Type:	------MESHER_SETTINGS----------
	RefAllCells           =0
	RefFluidCells         =0
	RefPartCells          =0
	RefSolidCells         =0
	l_SSFR(Capture crit)  =1
	l_curv(Curvature crit)=0
	l_tol(Tolerance crit) =0
	UseChannelRef         =1
	  NCR_method          =0
	  l_NCR               =1
	  N_gap               =5
	  Use d_NCR_min       =0
	  Use d_NCR_max       =0
	CloseThinSlotsHeight         =0
	--END_OF_MESHER_SETTINGS-------
End of input mesh settings-------------------------
-----------------------------------------------------------------------
Memory Working Set Current = 67.87 Mb, Memory Working Set Peak = 67.87 Mb
Memory Private Bytes Current = 68.14 Mb, Memory Private Bytes Peak = 68.14 Mb
Process Threads Number: 12
-----------------------------------------------------------------------
MMP (msh): locals=1, allc_sz=9.44 MB, used_sz=9.17 MB, blks-min-max=27/27
MMP (brx): locals=6, allc_sz=9.37 MB, used_sz=8.61 MB, blks-min-max=9/19
MMP (bcf): locals=0, allc_sz=0.00 MB, used_sz=0.00 MB, blks-min-max=0/0
MMP (xsl): locals=0, allc_sz=0.00 MB, used_sz=0.00 MB, blks-min-max=0/0
NxNyNz = [34, 69, 32]
base_dx=0.230045; 
NxNyNz_reverse = [34, 73, 30]

-----------------------------------------------------------------------
Refining geometries:
-----------------------------------------------------------------------

-----------------------------------------------------------------------
Refining by triangulation...
Refinement input: 75072 bricks
	Checking crit (75072 / 75072)...57 marked (0.042 s)
	Time(refinement): 0.000 s
Setting regions (456 / 75471)...OK (0.001 s)
	Checking crit (0 / 75471)...0 marked (0.000 s)
Refinement result (1 iterations): 75471 bricks (0.047 s)
Refinement input: 75471 bricks
	Checking crit (75015 / 75471)...0 marked (0.002 s)
Refinement result (0 iterations): 75471 bricks (0.002 s)
Collecting and processing rays:
	Adding rays...OK (0.008 s)
	new bricks = 75471 / 75471
	new rays   = 6315 (x=2399, y=1248, z=2668)
	Processing rays...
		Rays process:  0.089 (0.089) s
		Sort xstacks:  0.000 (0.000) s
		Put xstacks:   0.000 (0.000) s
		Total:         0.089 s
	Correcting rays...
		Lame vertices: 0.003 (0.003) s
		Bad rays:      0.000 (0.000) s
		Emit rays:     0.000 (0.000) s
		Correct ray f: 0.000 (0.000) s
		Undef:         0.000 (0.000) s
		Sum:           0.003 (0.003) s
		Total:         0.003 s
	Time (rays): 0.102 s
Capturing (75471 / 75471)...OK (0.002 s)
Refining by triangulation takes 0.154 s
-----------------------------------------------------------------------

-----------------------------------------------------------------------
Refining peculiar surfaces...
Collecting and processing rays:
	Adding rays...OK (0.000 s)
	new bricks = 0 / 75471
	new rays   = 0 (x=0, y=0, z=0)
	Processing rays...
		Rays process:  0.000 (0.000) s
		Sort xstacks:  0.000 (0.000) s
		Put xstacks:   0.000 (0.000) s
		Total:         0.000 s
	Correcting rays...
		Total:         0.000 s
	Time (rays): 0.001 s
Capturing (0 / 75471)...OK (0.001 s)
0 surfaces refined
Refining peculiar surfaces takes 0.002 s
-----------------------------------------------------------------------

-----------------------------------------------------------------------
Base mesh 1 Refining...
Collecting and processing rays:
	Adding rays...OK (0.000 s)
	new bricks = 0 / 75471
	new rays   = 0 (x=0, y=0, z=0)
	Processing rays...
		Rays process:  0.000 (0.000) s
		Sort xstacks:  0.000 (0.000) s
		Put xstacks:   0.000 (0.000) s
		Total:         0.000 s
	Correcting rays...
		Total:         0.000 s
	Time (rays): 0.001 s
Capturing (0 / 75471)...OK (0.001 s)
Refinement input: 75471 bricks
	Checking crit (75015 / 75471)...0 marked (0.001 s)
Refinement result (0 iterations): 75471 bricks (0.001 s)
-----------------------------------------------------------------------
Refining channels...
FYI: CNarrowChannelRefiner::RefineChannels_PRLL
Refinement input: 75471 bricks
	Time(refinement): 0.000 s
Setting regions (128 / 75583)...OK (0.001 s)
Refinement result (1 iterations): 75583 bricks (0.005 s)
Collecting and processing rays:
	Adding rays...OK (0.000 s)
	new bricks = 128 / 75583
	new rays   = 54 (x=12, y=0, z=42)
	Processing rays...
		Rays process:  0.000 (0.000) s
		Sort xstacks:  0.000 (0.000) s
		Put xstacks:   0.000 (0.000) s
		Total:         0.001 s
	Correcting rays...
		Lame vertices: 0.000 (0.000) s
		Bad rays:      0.000 (0.000) s
		Emit rays:     0.000 (0.000) s
		Correct ray f: 0.000 (0.000) s
		Undef:         0.000 (0.000) s
		Sum:           0.000 (0.000) s
		Total:         0.001 s
	Time (rays): 0.002 s
Capturing (128 / 75583)...OK (0.001 s)
FYI: m_iteration_count = 0
FYI: level1 statistics:
     level1_cnt_plus[1]=128;		level1_cnt_minus[1]=0
     level1_cnt_plus[2]=0;		level1_cnt_minus[2]=0
     level1_cnt_plus[3]=0;		level1_cnt_minus[3]=0
     level1_cnt_plus[4]=0;		level1_cnt_minus[4]=0
     level1_cnt_plus[5]=0;		level1_cnt_minus[5]=0
     level1_cnt_plus[6]=0;		level1_cnt_minus[6]=0
     level1_cnt_plus[7]=0;		level1_cnt_minus[7]=0
     level1_cnt_plus[8]=0;		level1_cnt_minus[8]=0
     level1_cnt_plus[9]=0;		level1_cnt_minus[9]=0
Refinement input: 75583 bricks
	Time(refinement): 0.000 s
Setting regions (64 / 75639)...OK (0.001 s)
Refinement result (1 iterations): 75639 bricks (0.006 s)
Collecting and processing rays:
	Adding rays...OK (0.000 s)
	new bricks = 64 / 75639
	new rays   = 21 (x=2, y=0, z=19)
	Processing rays...
		Rays process:  0.000 (0.000) s
		Sort xstacks:  0.000 (0.000) s
		Put xstacks:   0.000 (0.000) s
		Total:         0.000 s
	Correcting rays...
		Lame vertices: 0.000 (0.000) s
		Bad rays:      0.000 (0.000) s
		Emit rays:     0.000 (0.000) s
		Correct ray f: 0.000 (0.000) s
		Undef:         0.000 (0.000) s
		Sum:           0.000 (0.000) s
		Total:         0.001 s
	Time (rays): 0.001 s
Capturing (64 / 75639)...OK (0.001 s)
FYI: m_iteration_count = 1
FYI: level1 statistics:
     level1_cnt_plus[1]=192;		level1_cnt_minus[1]=0
     level1_cnt_plus[2]=0;		level1_cnt_minus[2]=0
     level1_cnt_plus[3]=0;		level1_cnt_minus[3]=0
     level1_cnt_plus[4]=0;		level1_cnt_minus[4]=0
     level1_cnt_plus[5]=0;		level1_cnt_minus[5]=0
     level1_cnt_plus[6]=0;		level1_cnt_minus[6]=0
     level1_cnt_plus[7]=0;		level1_cnt_minus[7]=0
     level1_cnt_plus[8]=0;		level1_cnt_minus[8]=0
     level1_cnt_plus[9]=0;		level1_cnt_minus[9]=0
FYI: m_iteration_count = 2
FYI: level1 statistics:
     level1_cnt_plus[1]=192;		level1_cnt_minus[1]=0
     level1_cnt_plus[2]=0;		level1_cnt_minus[2]=0
     level1_cnt_plus[3]=0;		level1_cnt_minus[3]=0
     level1_cnt_plus[4]=0;		level1_cnt_minus[4]=0
     level1_cnt_plus[5]=0;		level1_cnt_minus[5]=0
     level1_cnt_plus[6]=0;		level1_cnt_minus[6]=0
     level1_cnt_plus[7]=0;		level1_cnt_minus[7]=0
     level1_cnt_plus[8]=0;		level1_cnt_minus[8]=0
     level1_cnt_plus[9]=0;		level1_cnt_minus[9]=0
FYI: level1 statistics:
     level1_cnt_plus[1]=192;		level1_cnt_minus[1]=0
     level1_cnt_plus[2]=0;		level1_cnt_minus[2]=0
     level1_cnt_plus[3]=0;		level1_cnt_minus[3]=0
     level1_cnt_plus[4]=0;		level1_cnt_minus[4]=0
     level1_cnt_plus[5]=0;		level1_cnt_minus[5]=0
     level1_cnt_plus[6]=0;		level1_cnt_minus[6]=0
     level1_cnt_plus[7]=0;		level1_cnt_minus[7]=0
     level1_cnt_plus[8]=0;		level1_cnt_minus[8]=0
     level1_cnt_plus[9]=0;		level1_cnt_minus[9]=0

-----------------------------------------------------------------------
U-shapes refinement...
Refinement input: 75639 bricks
	Checking crit (74991 / 75639)...0 marked (0.005 s)
Refinement result (0 iterations): 75639 bricks (0.006 s)
Collecting and processing rays:
	Adding rays...OK (0.000 s)
	new bricks = 0 / 75639
	new rays   = 0 (x=0, y=0, z=0)
	Processing rays...
		Rays process:  0.000 (0.000) s
		Sort xstacks:  0.000 (0.000) s
		Put xstacks:   0.000 (0.000) s
		Total:         0.000 s
	Correcting rays...
		Total:         0.000 s
	Time (rays): 0.001 s
Capturing (0 / 75639)...OK (0.001 s)
-----------------------------------------------------------------------

-----------------------------------------------------------------------
Equi Distant Refiner:
Equi Distant Refiner takes 0.00 s
-----------------------------------------------------------------------

/-Ray Intersection---------------/ Time	0.471 s
Calls                6390
CorrectRay Calls     0



-----------------------------------------------------------------------
Refining geometries takes 0.238 s
-----------------------------------------------------------------------
-----------------------------------------------------------------------
Memory Working Set Current = 77.43 Mb, Memory Working Set Peak = 77.43 Mb
Memory Private Bytes Current = 77.52 Mb, Memory Private Bytes Peak = 77.52 Mb
Process Threads Number: 12
-----------------------------------------------------------------------
Defect ray count	0
FYI: CNarrowChannelRefiner::RedistributeLevel1_step_1: is started
FYI: CNarrowChannelRefiner::RedistributeLevel1_step_1: is finished (0.001 s)
FYI: level1 statistics:
     level1_cnt_plus[1]=192;		level1_cnt_minus[1]=0
     level1_cnt_plus[2]=0;		level1_cnt_minus[2]=0
     level1_cnt_plus[3]=0;		level1_cnt_minus[3]=0
     level1_cnt_plus[4]=0;		level1_cnt_minus[4]=0
     level1_cnt_plus[5]=0;		level1_cnt_minus[5]=0
     level1_cnt_plus[6]=0;		level1_cnt_minus[6]=0
     level1_cnt_plus[7]=0;		level1_cnt_minus[7]=0
     level1_cnt_plus[8]=0;		level1_cnt_minus[8]=0
     level1_cnt_plus[9]=0;		level1_cnt_minus[9]=0
FYI: CNarrowChannelRefiner::RedistributeLevel1_step_2: is started
FYI: CNarrowChannelRefiner::RedistributeLevel1_step_2: is finished (0.030 s)
FYI: level1 statistics:
     level1_cnt_plus[1]=193;		level1_cnt_minus[1]=0
     level1_cnt_plus[2]=0;		level1_cnt_minus[2]=0
     level1_cnt_plus[3]=0;		level1_cnt_minus[3]=0
     level1_cnt_plus[4]=0;		level1_cnt_minus[4]=0
     level1_cnt_plus[5]=0;		level1_cnt_minus[5]=0
     level1_cnt_plus[6]=0;		level1_cnt_minus[6]=0
     level1_cnt_plus[7]=0;		level1_cnt_minus[7]=0
     level1_cnt_plus[8]=0;		level1_cnt_minus[8]=0
     level1_cnt_plus[9]=0;		level1_cnt_minus[9]=0
FYI: CNarrowChannelRefiner::RedistributeLevel1_step_3: is started
FYI: CNarrowChannelRefiner::RedistributeLevel1_step_3: is finished (0.008 s)
RedistributeLevel1 takes:
FYI: level1 statistics:
     level1_cnt_plus[1]=193;		level1_cnt_minus[1]=249
     level1_cnt_plus[2]=0;		level1_cnt_minus[2]=0
     level1_cnt_plus[3]=0;		level1_cnt_minus[3]=0
     level1_cnt_plus[4]=0;		level1_cnt_minus[4]=0
     level1_cnt_plus[5]=0;		level1_cnt_minus[5]=0
     level1_cnt_plus[6]=0;		level1_cnt_minus[6]=0
     level1_cnt_plus[7]=0;		level1_cnt_minus[7]=0
     level1_cnt_plus[8]=0;		level1_cnt_minus[8]=0
     level1_cnt_plus[9]=0;		level1_cnt_minus[9]=0
-----------------------------------------------------------------------
MSH format builder (Iteration 0)
-----------------------------------------------------------------------
Memory Working Set Current = 79.04 Mb, Memory Working Set Peak = 79.04 Mb
Memory Private Bytes Current = 79.40 Mb, Memory Private Bytes Peak = 79.40 Mb
Process Threads Number: 12
-----------------------------------------------------------------------
Total bricks count: 75639
-----------------------------------------------------------------------
MSH (Real Geometry) format constructor:
	Geom    Count = 2
	Bodyset Count = 2
	3D task
	Getting brick sets...OK (0.003 s)

	Min x-stack xeps = 1.73389e-05
	D / dh / eps [axis=0] = (7.80012, 0.088199, 5.77964e-06)
	D / dh / eps [axis=1] = (16.6956, 0.096429, 5.77964e-06)
	D / dh / eps [axis=2] = (7.00013, 0.0816681, 5.77964e-06)
	Time (xeps): 0.001 s
Level 1
	Set (0)  size: 324
	Set (0)  time: 0.010 s
	Set (1)  size: 324
	Set (1)  time: 0.008 s
Level 0
	Set (0)  size: 37496
	Set (0)  time: 0.024 s
	Set (1)  size: 37495
	Set (1)  time: 0.017 s

	Spread npq bricks...0 marked (0.001 s)

Result:
	Bricks number:                        75639

	Memory usage:                         1.202 MB
	Memory usage (per brick):             0.016 KB
	Construction time:                    0.067 s

	Topology features:
	------------------
	- High quality bricks                  100.00 % (75638)
	- Medium quality bricks                  0.00 % (1)
	- Bad quality bricks                     0.00 % (0)
	- NPQ bricks                             0.00 % (1)
	- Type-1 bricks                          1.16 % (877)
	- Ribs corrected bricks                  0.00 % (0)
	- Points with geom-info (bricks)         0.00 % (1)
	- Points with closest-info (bricks)      0.00 % (0)
	- Triangulated by center (bricks)        0.00 % (1)
	- Facet w-faces mergings (bricks)        0.00 % (0)
	- To refine (bricks)                     0.00 % (0)
	- Points-count                           0.00 % (0)
	- T-self-intersection-all (bricks)       0.00 % (0)
	- T-self-intersection-simple (bricks)    0.00 % (0)
	- T-self-intersection-complex (bricks)   0.00 % (0)
	- NPQ by reason 1 u-shape                0.00 % (0)
	- NPQ by reason 2 tri-by-ctr             0.00 % (0)
	- NPQ by reason 3 ray-correction         0.00 % (0)
	- NPQ by reason 4 t-self-intersection    0.00 % (0)
	- NPQ by reason 5 non-good               0.00 % (1)
	- NPQ by reason 6 npq-worker             0.00 % (0)

-----------------------------------------------------------------------
Memory Working Set Current = 86.38 Mb, Memory Working Set Peak = 86.38 Mb
Memory Private Bytes Current = 88.40 Mb, Memory Private Bytes Peak = 88.40 Mb
Process Threads Number: 12
-----------------------------------------------------------------------
-----------------------------------------------------------------------
msh-iterations: 1
-----------------------------------------------------------------------
high---q-brick-count = 100.00 % (75639 75638)
medium-q-brick-count =   0.00 % (75639 1)
bad----q-brick-count =   0.00 % (75639 0)
np-----q-brick-count =   0.00 % (75639 1)
-----------------------------------------------------------------------
Free brick parser storage...OK(0.001 s)
-----------------------------------------------------------------------
Memory Working Set Current = 86.43 Mb, Memory Working Set Peak = 86.43 Mb
Memory Private Bytes Current = 88.40 Mb, Memory Private Bytes Peak = 88.40 Mb
Process Threads Number: 12
-----------------------------------------------------------------------
-----------------------------------------------------------------------
MSH --> BCF format (Iteration 0)...
BCF collector...(remove mode=0)
	Time (alloc counter per brick): 0.001 s
	Brick    count: 75639
	Av.f all count: 75613
	Av.s all count: 969
	Av.f pid count: 943
	Av.s pid count: 877
	Faces fs count: 2446
	Faces ff count: 0
	Faces ss count: 0
	Faces bb count: 0
	Faces fe count: 11284
	Faces se count: 0
	Faces fw count: 13730
	Faces af count: 221207
	Faces as count: 2450
	Time (all count): 	0.005 s
	Time (bcf alloc): 	0.001 s
	Time (shifts alloc): 	0.002 s
	Time (shifts init): 	0.002 s
	Time (bcf fill): 	0.007 s
	Time (add av to faces): 0.000 s
	Time (add faces to av): 0.004 s
Time (bcf collect): 		0.025 s
	AV checker...
		Hole marker...
			Subdomains:               1.
			Subdomains (cond):        1.
			Time (sd):      0.010 s.
			Time (sd_cond): 0.009 s.
			Time (potential-hole marking): 	0.001 s
			Time (hole checking): 0.000 s.
			0 av(s) are marked to fill subdomain holes.
		Time (hole marker): 0.023 s.
	Time (check av): 	0.043 s
	Subdomain checker...
		Subdomains construction time: 0.010 s.
		Subdomains sort time: 0.000 s.
			Subdomain 0 (geom_ind=0): 75613 av
			Subdomain 1 (geom_ind=1): 969 av
		gi: 0, real bodies: 1
		gi: 0, subdomains:  1
		gi: 1, real bodies: 0
		gi: 1, subdomains:  1
		Defect subdomains: 0
	Time (check subdoms): 	0.012 s
Time (bcf iteration total): 	0.081 s
	Time (fw-nb): 		0.001 s
	Fixed mutual fw-nb:     2106 (bb: 0)
	Time (fw-nb mutual): 	0.001 s
	Time (fw-nb sort): 	0.000 s
	Fw-opt BEFORE total:    13730 (fs=2446, ff=0, ss=0)
	Fw-opt AFTER  total:    12791 (fs=1507, ff=0, ss=0, failed fw/br=2/0, big_curv=8, big_poly=0)
	Fw-opt RESULT:          939 (res/(fs+ff+ss) = 38.39 %)
	Time (fw-opt): 		0.002 s
	Time (fw-re-order): 	0.001 s
	Time (fw-nb): 		0.004 s
	Fixed mutual fw-nb:     25648 (bb: 0)
	Time (fw-nb mutual): 	0.002 s
	Time (fw-nb sort): 	0.000 s
	Time (rfd fix): 	0.000 s
	Time (av convexity): 	0.001 s
	Time (av small volume): 0.001 s
	Time (diagonal fw-nb): 	0.012 s
	Fixed mutual fw-nb:     0 (bb: 0)
	Time (fw-nb mutual): 	0.002 s
	Time (fw-nb sort): 	0.000 s
	Fluid subdomains: 1
	Faces fw-nb diff sd:    0
	Time (fw-nb diff sd): 	0.011 s
Time (bcf calc): 		0.044 s
-----------------------------------------------------------------------
Time (bcf total): 		0.126 s
-----------------------------------------------------------------------
bcf-iterations: 1
-----------------------------------------------------------------------
-----------------------------------------------------------------------
Mega-cv constructor for fluid...
	 0 av's is treated as thin
Relative size generator (threshold = 0.05)...
	Iteration 1 (small cluster count = 34)
	Iteration 2 (small cluster count = 13)
	Iteration 3 (small cluster count = 2)
	Iteration 4 (small cluster count = 1)
	Iteration 5 (small cluster count = 0)
	 29 mega-cv's generated
	 1 mega-cv's removed
Relative size generator is completed OK (0.003 s)
Apply fa-rules to mega-cv clusters fixes...
	Fa-rule violation fixes:        4 of        4 (total cluster# =       32)
OK (0.001 s)
Convert clusters:
	 28 mega-cv's total
Mega-cv count: 28
Time (mega-cv fill): 	0.000 s
Time (mega-cv total): 	0.016 s
-----------------------------------------------------------------------
Mixing plane rotation regions: NO.
Sliding mesh rotation regions: NO.
Fluid/fluid faces: NO.
-----------------------------------------------------------------------
Memory Working Set Current = 106.00 Mb, Memory Working Set Peak = 117.51 Mb
Memory Private Bytes Current = 118.13 Mb, Memory Private Bytes Peak = 121.51 Mb
Process Threads Number: 12
-----------------------------------------------------------------------
----------------------------------------------------------
BCF --> BCF.GEOMSUBDOM (bridge arrays):
MESH (0):
	Fluid Subdom Constructor: 1 subdom(s).
	Solid Subdom Constructor: 1 subdom(s).
	Net Asm Subdom Constructor: 0 subdom(s).
	GEOMSUBDOM (0): gi=0 Fluid av=75613 cv=75579 fa=221207 fb=0 fw=12791 V=9.104827e+02
	Cache data...OK
	GEOMSUBDOM (1): gi=1 Solid av=969 cv=969 fa=2450 fb=0 fw=1507 V=1.129452e+00
	Cache data...OK
	Setting nb of w-faces...OK (0.003 s).
	Correcting nb of w-faces...
	Time(correct_fw_nb)=0.003 s

MESH (0) checking:
	GEOMSUBDOM (0):fa_s=11590.6642542863846757 fb_s=0.0000000000000000 fw_s=619.4109430476219131 fw_nb=102258
	              :d_const(57059)=6.74642e-15 d_linear(53235)=4.90119e-14
	GEOMSUBDOM (1):fa_s=23.7986582489518526 fb_s=0.0000000000000000 fw_s=16.0082442093022905 fw_nb=12010
	              :d_const(626)=2.56183e-12 d_linear(626)=2.53952e-11
MESH (0) checking: OK.
Time (MDS): 	0.073 s
----------------------------------------------------------
-----------------------------------------------------------------------
Memory Working Set Current = 129.52 Mb, Memory Working Set Peak = 129.52 Mb
Memory Private Bytes Current = 140.20 Mb, Memory Private Bytes Peak = 140.20 Mb
Process Threads Number: 12
-----------------------------------------------------------------------

-----------------------------------------------------------------------
BCF CHECKSUM DATA (Mesh 0):

BRICK |Level1| Sum:               442
FACE_A Area Sum:   G.Fluid        11590.6642542863792187
FACE_A Area Sum:   G.Solid        23.7986582489518526
FACE_W Area Sum:                  619.4109430476219131
FACE_W Nb   Sum:                  102258
FACE_W min curvatures sum:        -1111369.83484785
FACE_W max curvatures sum:        10946928.38026089
AV Max Disbalance(Const) :        2.56183e-12 (cid=43627, t={38, 67, 37}, avid=76092, pid=423)
AV Max Disbalance(Linear):        2.53952e-11 (cid=43627, t={38, 67, 37}, avid=76092, pid=423)
-----------------------------------------------------------------------


-----------------------------------------------------------------------
MESHER TOPOLOGY DATA:

BRICKS: Total                 75639
BRICKS: Fluid                 75547
BRICKS: Fluid Partial         877
BRICKS: Type 1                877
BRICKS: Max AV number         3

AV:     G.Total               76582
AV:     G.Fluid               75613
AV:     G.Solid               969

AV:     G.Fluid Thin Profile    0.00 % (0)
AV:     G.Solid Thin Profile    6.81 % (66)

AV:     G.Fluid Thin For Mega   0.00 % (0)
AV:     G.Solid Thin For Mega   5.99 % (58)

AV:     G.Fluid Non-Convex      0.64 % (485)
AV:     G.Solid Non-Convex     33.44 % (324)

AV:     G.Fluid Non-Ess-Convex      0.45 % (341)
AV:     G.Solid Non-Ess-Convex     16.62 % (161)

FACE_A: G.Fluid          (af) 221207 (partially opened 1947)
FACE_A: G.Solid          (as) 2450 (partially opened 1811)

FACE_B: G.Total          (b)  0

FACE_W: G.Total                 12791       Brick/Bound
FACE_W: G.Fluid/Solid    (fs_g) 1507        0           
FACE_W: G.Fluid/Fluid    (ff_g) 0           0           
FACE_W: G.Solid/Solid    (ss_g) 0           0           
FACE_W: G.Fluid/Void     (fv_g) 0           0           
FACE_W: G.Fluid/External (fe_g) 11284
FACE_W: G.Solid/External (se_g) 0

AV/CV max fa count (on brick side):4
AV/CV max fw count:                4
AV/CV max fb count:                0
AV/CV max fw poly count:           21

MEMORY: Total                   22.475 MB
MEMORY: Per Brick               0.304 KB
-----------------------------------------------------------------------

-----------------------------------------------------------------------
Connectivities information:
	Number of conns: 0
-----------------------------------------------------------------------
	Time (gap size): 	0.018 s
-----------------------------------------------------------------------
Memory Working Set Current = 129.55 Mb, Memory Working Set Peak = 129.55 Mb
Memory Private Bytes Current = 140.20 Mb, Memory Private Bytes Peak = 140.20 Mb
Process Threads Number: 12
-----------------------------------------------------------------------
-----------------------------------------------------------------------
Calculating curvature and tolerance criteria...
Curvature: min=0 (cid=0) max=3.14076 (cid=44115)
Tolerance: min=0 (cid=0) max=0.0722115 (cid=33575)
Calculating curvature and tolerance criteria takes 0.064 s
-----------------------------------------------------------------------
MESH Build(FS) finished. Time=0.700 s
-----------------------------------------------------------------------
Current CPU = 1 sec

Nx=34
Ny=69
Nz=32
Max BRICK Level=1
Mesh Level=1
-----------------CModelBodies2MeshMapper::CollectData started -------------------------------
	Time (collect mesh base data): 0.001 s.
	Time (collect model bodies mapping): 0.000 s.
	Time (collect positive bodies mapping): 0.000 s.
	Time (collect fluid bodies mapping): 0.000 s.
-----------------CModelBodies2MeshMapper Report -------------------------------
FluidDomains 1 SolidDomains 1 VoidDomains 0 
Domains RefIndexes
----------------- -------------------------------
	ModelBodies
Total resolved Bodies 0 BodySets 0

--------------------------------------------------------------------------
	Positive geometry Bodies
Total resolved Bodies 1 BodySets 1
BodySet 0
	Bodies list:
			#0	Name: ;	ID: 5b051848-f0db-40c4-adca-407a9b1f87c2
	Domains list:mesh type	 (0, 1)		 0 


--------------------------------------------------------------------------
	Fluid regions
Total resolved Bodies 1 BodySets 1
BodySet 0	Material: Air; 
	Bodies list:
			#0	Name: ;	ID: 5b051848-f0db-40c4-adca-407a9b1f87c2
	Domains list:mesh type	 (0, 1)		 0 


--------------------------------------------------------------------------
Collect data takes...0.001 s
-----------------CModelBodies2MeshMapper::CollectData finished successfully-------------------
Saving initial mesh in: C:\Users\juded\OneDrive\Desktop\Car shit\6\6.fld .
Storing results...
	Estimated CPT size=8.302 MB.
	Time (write bcf): 0.181 s
Storing results takes 0.187 s
-----------------------------------------------------------------------
Memory Working Set Current = 129.89 Mb, Memory Working Set Peak = 129.89 Mb
Memory Private Bytes Current = 140.20 Mb, Memory Private Bytes Peak = 140.20 Mb
Process Threads Number: 12
-----------------------------------------------------------------------
Cleaning memory...
-----------------------------------------------------------------------
Start to free mesher data...
MMP (msh): locals=4, allc_sz=9.54 MB, used_sz=9.25 MB, blks-min-max=1/27
MMP (brx): locals=6, allc_sz=11.00 MB, used_sz=9.65 MB, blks-min-max=10/19
MMP (bcf): locals=6, allc_sz=33.66 MB, used_sz=32.04 MB, blks-min-max=17/38
MMP (xsl): locals=6, allc_sz=0.09 MB, used_sz=0.06 MB, blks-min-max=1/1
Free xsl...            OK	Time=0.000 s
Free ray collector...  OK	Time=0.000 s
Free ray intersector...OK	Time=0.000 s
Free body sets...      OK	Time=0.007 s
Free Geometry DB takes 0.000 s
Free mesh conn...      OK	Time=0.000 s
Free geomsd...         OK	Time=0.000 s
Free mbricks...        OK	Time=0.001 s
Free hash info...      OK	Time=0.001 s
Free bricks-x...       OK	Time=0.001 s
Free bcf...            OK	Time=0.003 s
Free mesh h...         OK	Time=0.000 s
Free bricks arr..      OK	Time=0.000 s
Free bricks tree...    OK	Time=0.000 s
Free mesh pools...     OK	Time=0.006 s
Free bodies mapper...  OK	Time=0.000 s
Free geom crits...     OK	Time=0.000 s
Free cpt regions...    OK	Time=0.000 s
Free peculiar surfs... OK	Time=0.000 s
Free sw-geometries...  OK	Time=0.000 s
Total free mesher data time: 0.021 s
-----------------------------------------------------------------------
Copying... OK
CPT size=2.422 MB (2539860 bytes).
Mesh generation normally finished at	12.12.2024	23:30:29
Mesher CPU = 1 sec
Mesher is finished at	12.12.2024	23:30:29
-----------------------------------------------------------------------
Memory Working Set Current = 37.70 Mb, Memory Working Set Peak = 129.89 Mb
Memory Private Bytes Current = 45.11 Mb, Memory Private Bytes Peak = 140.20 Mb
Process Threads Number: 12
-----------------------------------------------------------------------
Algebra Pool      : mem_usage = 2.25 Mb, allocated count = 0
-----------------------------------------------------------------------
Memory Working Set Current = 35.66 Mb, Memory Working Set Peak = 129.89 Mb
Memory Private Bytes Current = 42.91 Mb, Memory Private Bytes Peak = 140.20 Mb
Process Threads Number: 12
Process Threads Number Peak: 12
-----------------------------------------------------------------------
Log ended at 12.12.2024	23:30:29
