Log started at 14.12.2024	01:09:37
Number of used processors (NPROC): 6.
Number of mesh partitions (NPART): 6.
Total Physical Memory = 31.91 Gb, Available Physical Memory = 17.65 Gb
Computer name:	DESKTOP-C408A46
Operating system:	Windows 11 (or higher) (Version 10.0.22631)

Commandline:	"C:\Program Files\SOLIDWORKS Corp\SOLIDWORKS Flow Simulation\BINCFW\efdsolver.exe" /config:"C:\Users\juded\OneDrive\Desktop\Car shit\16\16.xmlconfig" /guid:217e1537-a112-4cde-92e1-40807da81c37 /processors:max /m /s /prjnamelm:"Flow Simulation 2023" /prjnamehabout:"Flow Simulation 2023" /companyname:"COSMOS Applications" /prjaliasid:1009 /lang:English /port:35541

SOLIDWORKS 2023 SP2.1
Flow Simulation 2023  x64 / 5965

Project: C:\Users\juded\OneDrive\Desktop\Car shit\16\16.xmlconfig
Configuration name: Default
Project name: Project(1)
Problem type: external-with-void-internal-space-type
Exclude cavities without flow conditions: ON
NGK: OFF
MBO: OFF
-----------------------------------------------------------------------
Mesher option run = eRunMesherNormal
-----------------------------------------------------------------------

Mesh generation started:	14.12.2024	1:9:37
-----------------------------------------------------------------------
Memory Working Set Current = 15.46 Mb, Memory Working Set Peak = 15.46 Mb
Memory Private Bytes Current = 15.97 Mb, Memory Private Bytes Peak = 15.97 Mb
Process Threads Number: 7
-----------------------------------------------------------------------
Mesher adjust APD = OFF; AdjustAPD_method=0; N_per_Channel = 0; N2_per_Channel = 0
Current CPU = 0 sec
-----------------------------------------------------------------------
Geometries initialization:
-----------------------------------------------------------------------
Loading mesh settings (global/local)...
-----------------------------------------------------------------------
Number of geometries from DB: 1
Geometry(0):
	Guid = {00000000-0000-0000-0000-000000000000}
	Fluid..
	1 Body.
	1 Real body.
	-- Bodyset 0 --
		Tolerance=0.000249833.
		8 Face(s).
			8 of b-spline type.
		0 Face(s) that have no ref faces
		1 Plane surface(s).
		7 B- surface(s).
		65184 Triangle(s).
		Getting triangle connectivities from DB: 0.006 s
		19 Edge(s).
			19 of b-spline type.
		BodyGeom reading: 0.030 s.
		65184 Reference Triangles.
		Getting triangle connectivities from DB (Ref): 0.006 s
		BodyGeom Ref reading: 0.009 s.
Geometry(1):
	Solid.
	-- Bodyset 1 --
	Empty
-----------------------------------------------------------------------
Number of geometries in task: 2
	G : 0	Type: Fluid
	G : 1	Type: Solid
Number of bodysets   in task: 2
-----------------------------------------------------------------------
BodySet (0):
	Making hash and connectivity for Bodyset ...
		CBodyGeom:
		Hash size: {40, 280, 32}.
		Mesh size: {40, 70, 32}.
		Hashing triangles...Ok.
			axis(0) tr sizes: average=46 max=358
			axis(1) tr sizes: average=147 max=762
			axis(2) tr sizes: average=27 max=242
		Number of t-connected sets:1 (cavity=0)
		CBodyGeomRef:
		Hashing triangles...Ok.
			axis(0) tr sizes: average=94 max=567
			axis(1) tr sizes: average=141 max=748
			axis(2) tr sizes: average=54 max=365
	0.0701 s.
Geometries reading and preparing has taken 0.130 s.
-----------------------------------------------------------------------
Mapped triangles:
Hashing rough geometry(bodies) triangulation:
BodySet (0):
	Triangles num=65184
	Triangles box={-0.906952 ,0.907145 ,-3.5 ,0 ,0.0571114 ,0.555071}
		3d-hash size is 744660 bytes
BodySet (1):
no log info (empty stream)

Mapped triangles processed in 0.057 s.
-----------------------------------------------------------------------
-----------------------------------------------------------------------
Getting sectors:
Number of sectors: 0
-----------------------------------------------------------------------
-----------------------------------------------------------------------
Bodies:     2
Faces:      8
Edges:      19
Triangles:  65184
-----------------------------------------------------------------------

Current CPU = 0 sec
-----------------------------------------------------------------------
Memory Working Set Current = 62.12 Mb, Memory Working Set Peak = 74.85 Mb
Memory Private Bytes Current = 61.59 Mb, Memory Private Bytes Peak = 74.15 Mb
Process Threads Number: 12
-----------------------------------------------------------------------
-----------------------------------------------------------------------
Checking faces on CD...
FCD = [0 0 0 0 0 0]
FCD_conflicts = 0
Time (check faces on CD)=0.000 s
-----------------------------------------------------------------------

-----------------------------------------------------------------------
Mesh dimensions:
				I[0 ]=40
				I[1 ]=70
				I[2 ]=32

Comp. domain size:
				a[0  ]=-2.40695
				a[1  ]=2.40657
				a[2  ]=-5.99838
				a[3  ]=1.49901
				a[4  ]=-1.44345
				a[5  ]=2.05421

Fluid calculated			1
Solid calculated			0
-----------------------------------------------------------------------
MESH Build started...
-----------------------------------------------------------------------
Mesh LEVEL = 1
-----------------------------------------------------------------------
-----------------------------------------------------------------------
CPT-mode xeps:
	D / dh / eps [axis=0] = (4.81352, 0.0494217, 4.94217e-05)
	D / dh / eps [axis=1] = (7.49739, 0.0475231, 4.75231e-05)
	D / dh / eps [axis=2] = (3.49767, 0.0408058, 4.08058e-05)
-----------------------------------------------------------------------
Initial allocation and brick-body-box intersection...OK (0.001 s)
Initial triangle brick intersection...OK (0.001 s)
Setting regions (89600 / 89600)...OK (0.001 s)
-----------------------------------------------------------------------
Base mesh info:
	3D task
	Nx=40
	Ny=70
	Nz=32
	N(Nx*Ny*Nz) = 2800
	Period    axis=[0, 0, 0]
	Symmetry  ni=[0 0 0 0 0 0]
	ZoomingBC ni=[0 0 0 0 0 0]
	Nx=40
		x[0]=-2.40695
		x[1]=-2.22883
		x[2]=-2.06012
		x[3]=-1.90029
		x[4]=-1.74886
		x[5]=-1.60538
		x[6]=-1.46945
		x[7]=-1.34067
		x[8]=-1.21865
		x[9]=-1.10305
		x[10]=-0.99353
		x[11]=-0.889763
		x[12]=-0.79092
		x[13]=-0.692075
		x[14]=-0.59323
		x[15]=-0.494385
		x[16]=-0.39554
		x[17]=-0.296695
		x[18]=-0.19785
		x[19]=-0.0990051
		x[20]=-0.000160133
		x[21]=0.0986848
		x[22]=0.19753
		x[23]=0.296375
		x[24]=0.39522
		x[25]=0.494065
		x[26]=0.59291
		x[27]=0.691755
		x[28]=0.790599
		x[29]=0.889444
		x[30]=0.993217
		x[31]=1.10275
		x[32]=1.21835
		x[33]=1.34037
		x[34]=1.46916
		x[35]=1.6051
		x[36]=1.74858
		x[37]=1.90001
		x[38]=2.05985
		x[39]=2.22856
		x[40]=2.40657
	Ny=70
		y[0]=-5.99838
		y[1]=-5.83847
		y[2]=-5.68598
		y[3]=-5.54054
		y[4]=-5.40181
		y[5]=-5.26948
		y[6]=-5.14327
		y[7]=-5.02288
		y[8]=-4.90805
		y[9]=-4.79852
		y[10]=-4.69405
		y[11]=-4.5944
		y[12]=-4.49936
		y[13]=-4.40116
		y[14]=-4.30297
		y[15]=-4.20478
		y[16]=-4.10659
		y[17]=-4.0084
		y[18]=-3.91021
		y[19]=-3.81202
		y[20]=-3.71382
		y[21]=-3.61563
		y[22]=-3.51744
		y[23]=-3.41925
		y[24]=-3.32106
		y[25]=-3.22287
		y[26]=-3.12467
		y[27]=-3.02648
		y[28]=-2.92829
		y[29]=-2.8301
		y[30]=-2.73191
		y[31]=-2.63372
		y[32]=-2.53553
		y[33]=-2.43733
		y[34]=-2.33914
		y[35]=-2.24095
		y[36]=-2.14276
		y[37]=-2.04457
		y[38]=-1.94638
		y[39]=-1.84818
		y[40]=-1.74999
		y[41]=-1.65263
		y[42]=-1.55526
		y[43]=-1.45789
		y[44]=-1.36053
		y[45]=-1.26316
		y[46]=-1.16579
		y[47]=-1.06843
		y[48]=-0.971062
		y[49]=-0.873695
		y[50]=-0.776329
		y[51]=-0.678962
		y[52]=-0.581596
		y[53]=-0.484229
		y[54]=-0.386863
		y[55]=-0.289496
		y[56]=-0.19213
		y[57]=-0.0947632
		y[58]=0.00260328
		y[59]=0.0999698
		y[60]=0.198295
		y[61]=0.301567
		y[62]=0.410034
		y[63]=0.523956
		y[64]=0.643609
		y[65]=0.76928
		y[66]=0.901272
		y[67]=1.0399
		y[68]=1.18551
		y[69]=1.33843
		y[70]=1.49901
	Nz=32
		z[0]=-1.44345
		z[1]=-1.29022
		z[2]=-1.14444
		z[3]=-1.00573
		z[4]=-0.873737
		z[5]=-0.748142
		z[6]=-0.628635
		z[7]=-0.514918
		z[8]=-0.406713
		z[9]=-0.303751
		z[10]=-0.205778
		z[11]=-0.112554
		z[12]=-0.0238465
		z[13]=0.0605617
		z[14]=0.142173
		z[15]=0.223785
		z[16]=0.305398
		z[17]=0.38701
		z[18]=0.468622
		z[19]=0.550234
		z[20]=0.634636
		z[21]=0.723338
		z[22]=0.816559
		z[23]=0.914528
		z[24]=1.01749
		z[25]=1.12569
		z[26]=1.23941
		z[27]=1.35892
		z[28]=1.48452
		z[29]=1.61652
		z[30]=1.75524
		z[31]=1.90103
		z[32]=2.05421
-----------------------------------------------------------------------
Input_mesh_settings--------------------------------
Settings 0----------------
	Scope: GLOBAL
	Type:	------MESHER_SETTINGS----------
	RefAllCells           =0
	RefFluidCells         =0
	RefPartCells          =0
	RefSolidCells         =0
	l_SSFR(Capture crit)  =1
	l_curv(Curvature crit)=0
	l_tol(Tolerance crit) =0
	UseChannelRef         =1
	  NCR_method          =0
	  l_NCR               =1
	  N_gap               =5
	  Use d_NCR_min       =0
	  Use d_NCR_max       =0
	CloseThinSlotsHeight         =0
	--END_OF_MESHER_SETTINGS-------
End of input mesh settings-------------------------
-----------------------------------------------------------------------
Memory Working Set Current = 83.66 Mb, Memory Working Set Peak = 83.66 Mb
Memory Private Bytes Current = 84.19 Mb, Memory Private Bytes Peak = 84.19 Mb
Process Threads Number: 12
-----------------------------------------------------------------------
MMP (msh): locals=1, allc_sz=11.34 MB, used_sz=10.94 MB, blks-min-max=28/28
MMP (brx): locals=6, allc_sz=11.17 MB, used_sz=10.30 MB, blks-min-max=9/19
MMP (bcf): locals=0, allc_sz=0.00 MB, used_sz=0.00 MB, blks-min-max=0/0
MMP (xsl): locals=0, allc_sz=0.00 MB, used_sz=0.00 MB, blks-min-max=0/0
NxNyNz = [40, 70, 32]
base_dx=0.112249; 
NxNyNz_reverse = [43, 67, 31]

-----------------------------------------------------------------------
Refining geometries:
-----------------------------------------------------------------------

-----------------------------------------------------------------------
Refining by triangulation...
Refinement input: 89600 bricks
	Checking crit (89600 / 89600)...20 marked (0.036 s)
	Time(refinement): 0.000 s
Setting regions (160 / 89740)...OK (0.001 s)
	Checking crit (0 / 89740)...0 marked (0.001 s)
Refinement result (1 iterations): 89740 bricks (0.044 s)
Refinement input: 89740 bricks
	Checking crit (89580 / 89740)...0 marked (0.003 s)
Refinement result (0 iterations): 89740 bricks (0.004 s)
Collecting and processing rays:
	Adding rays...OK (0.008 s)
	new bricks = 89740 / 89740
	new rays   = 6787 (x=2396, y=1407, z=2984)
	Processing rays...
		Rays process:  0.072 (0.072) s
		Sort xstacks:  0.000 (0.000) s
		Put xstacks:   0.000 (0.000) s
		Total:         0.073 s
	Correcting rays...
		Lame vertices: 0.003 (0.003) s
		Bad rays:      0.000 (0.000) s
		Emit rays:     0.000 (0.000) s
		Correct ray f: 0.000 (0.000) s
		Undef:         0.000 (0.000) s
		Sum:           0.003 (0.003) s
		Total:         0.003 s
	Time (rays): 0.085 s
Capturing (89740 / 89740)...OK (0.003 s)
Refining by triangulation takes 0.136 s
-----------------------------------------------------------------------

-----------------------------------------------------------------------
Refining peculiar surfaces...
Collecting and processing rays:
	Adding rays...OK (0.001 s)
	new bricks = 0 / 89740
	new rays   = 0 (x=0, y=0, z=0)
	Processing rays...
		Rays process:  0.000 (0.000) s
		Sort xstacks:  0.000 (0.000) s
		Put xstacks:   0.000 (0.000) s
		Total:         0.000 s
	Correcting rays...
		Total:         0.000 s
	Time (rays): 0.002 s
Capturing (0 / 89740)...OK (0.001 s)
0 surfaces refined
Refining peculiar surfaces takes 0.003 s
-----------------------------------------------------------------------

-----------------------------------------------------------------------
Base mesh 1 Refining...
Collecting and processing rays:
	Adding rays...OK (0.000 s)
	new bricks = 0 / 89740
	new rays   = 0 (x=0, y=0, z=0)
	Processing rays...
		Rays process:  0.000 (0.000) s
		Sort xstacks:  0.000 (0.000) s
		Put xstacks:   0.000 (0.000) s
		Total:         0.000 s
	Correcting rays...
		Total:         0.000 s
	Time (rays): 0.001 s
Capturing (0 / 89740)...OK (0.001 s)
Refinement input: 89740 bricks
	Checking crit (89580 / 89740)...0 marked (0.001 s)
Refinement result (0 iterations): 89740 bricks (0.002 s)
-----------------------------------------------------------------------
Refining channels...
FYI: CNarrowChannelRefiner::RefineChannels_PRLL
Refinement input: 89740 bricks
	Time(refinement): 0.000 s
Setting regions (16 / 89754)...OK (0.001 s)
Refinement result (1 iterations): 89754 bricks (0.005 s)
Collecting and processing rays:
	Adding rays...OK (0.000 s)
	new bricks = 16 / 89754
	new rays   = 14 (x=7, y=7, z=0)
	Processing rays...
		Rays process:  0.000 (0.000) s
		Sort xstacks:  0.000 (0.000) s
		Put xstacks:   0.000 (0.000) s
		Total:         0.000 s
	Correcting rays...
		Lame vertices: 0.000 (0.000) s
		Bad rays:      0.000 (0.000) s
		Emit rays:     0.000 (0.000) s
		Correct ray f: 0.000 (0.000) s
		Undef:         0.000 (0.000) s
		Sum:           0.000 (0.000) s
		Total:         0.001 s
	Time (rays): 0.002 s
Capturing (16 / 89754)...OK (0.001 s)
FYI: m_iteration_count = 0
FYI: level1 statistics:
     level1_cnt_plus[1]=16;		level1_cnt_minus[1]=0
     level1_cnt_plus[2]=0;		level1_cnt_minus[2]=0
     level1_cnt_plus[3]=0;		level1_cnt_minus[3]=0
     level1_cnt_plus[4]=0;		level1_cnt_minus[4]=0
     level1_cnt_plus[5]=0;		level1_cnt_minus[5]=0
     level1_cnt_plus[6]=0;		level1_cnt_minus[6]=0
     level1_cnt_plus[7]=0;		level1_cnt_minus[7]=0
     level1_cnt_plus[8]=0;		level1_cnt_minus[8]=0
     level1_cnt_plus[9]=0;		level1_cnt_minus[9]=0
FYI: m_iteration_count = 1
FYI: level1 statistics:
     level1_cnt_plus[1]=16;		level1_cnt_minus[1]=0
     level1_cnt_plus[2]=0;		level1_cnt_minus[2]=0
     level1_cnt_plus[3]=0;		level1_cnt_minus[3]=0
     level1_cnt_plus[4]=0;		level1_cnt_minus[4]=0
     level1_cnt_plus[5]=0;		level1_cnt_minus[5]=0
     level1_cnt_plus[6]=0;		level1_cnt_minus[6]=0
     level1_cnt_plus[7]=0;		level1_cnt_minus[7]=0
     level1_cnt_plus[8]=0;		level1_cnt_minus[8]=0
     level1_cnt_plus[9]=0;		level1_cnt_minus[9]=0
FYI: level1 statistics:
     level1_cnt_plus[1]=16;		level1_cnt_minus[1]=0
     level1_cnt_plus[2]=0;		level1_cnt_minus[2]=0
     level1_cnt_plus[3]=0;		level1_cnt_minus[3]=0
     level1_cnt_plus[4]=0;		level1_cnt_minus[4]=0
     level1_cnt_plus[5]=0;		level1_cnt_minus[5]=0
     level1_cnt_plus[6]=0;		level1_cnt_minus[6]=0
     level1_cnt_plus[7]=0;		level1_cnt_minus[7]=0
     level1_cnt_plus[8]=0;		level1_cnt_minus[8]=0
     level1_cnt_plus[9]=0;		level1_cnt_minus[9]=0

-----------------------------------------------------------------------
U-shapes refinement...
Refinement input: 89754 bricks
	Checking crit (89578 / 89754)...8 marked (0.005 s)
	Time(refinement): 0.000 s
Setting regions (64 / 89810)...OK (0.001 s)
	Checking crit (0 / 89810)...0 marked (0.000 s)
Refinement result (1 iterations): 89810 bricks (0.011 s)
Collecting and processing rays:
	Adding rays...OK (0.000 s)
	new bricks = 64 / 89810
	new rays   = 52 (x=16, y=18, z=18)
	Processing rays...
		Rays process:  0.000 (0.000) s
		Sort xstacks:  0.000 (0.000) s
		Put xstacks:   0.000 (0.000) s
		Total:         0.001 s
	Correcting rays...
		Lame vertices: 0.000 (0.000) s
		Bad rays:      0.000 (0.000) s
		Emit rays:     0.000 (0.000) s
		Correct ray f: 0.000 (0.000) s
		Undef:         0.000 (0.000) s
		Sum:           0.000 (0.000) s
		Total:         0.001 s
	Time (rays): 0.002 s
Capturing (64 / 89810)...OK (0.001 s)
-----------------------------------------------------------------------

-----------------------------------------------------------------------
Equi Distant Refiner:
Equi Distant Refiner takes 0.00 s
-----------------------------------------------------------------------

/-Ray Intersection---------------/ Time	0.430 s
Calls                6853
CorrectRay Calls     0



-----------------------------------------------------------------------
Refining geometries takes 0.211 s
-----------------------------------------------------------------------
-----------------------------------------------------------------------
Memory Working Set Current = 91.29 Mb, Memory Working Set Peak = 91.29 Mb
Memory Private Bytes Current = 90.98 Mb, Memory Private Bytes Peak = 90.98 Mb
Process Threads Number: 12
-----------------------------------------------------------------------
Defect ray count	0
FYI: CNarrowChannelRefiner::RedistributeLevel1_step_1: is started
FYI: CNarrowChannelRefiner::RedistributeLevel1_step_1: is finished (0.001 s)
FYI: level1 statistics:
     level1_cnt_plus[1]=16;		level1_cnt_minus[1]=0
     level1_cnt_plus[2]=0;		level1_cnt_minus[2]=0
     level1_cnt_plus[3]=0;		level1_cnt_minus[3]=0
     level1_cnt_plus[4]=0;		level1_cnt_minus[4]=0
     level1_cnt_plus[5]=0;		level1_cnt_minus[5]=0
     level1_cnt_plus[6]=0;		level1_cnt_minus[6]=0
     level1_cnt_plus[7]=0;		level1_cnt_minus[7]=0
     level1_cnt_plus[8]=0;		level1_cnt_minus[8]=0
     level1_cnt_plus[9]=0;		level1_cnt_minus[9]=0
FYI: CNarrowChannelRefiner::RedistributeLevel1_step_2: is started
FYI: CNarrowChannelRefiner::RedistributeLevel1_step_2: is finished (0.028 s)
FYI: level1 statistics:
     level1_cnt_plus[1]=16;		level1_cnt_minus[1]=0
     level1_cnt_plus[2]=0;		level1_cnt_minus[2]=0
     level1_cnt_plus[3]=0;		level1_cnt_minus[3]=0
     level1_cnt_plus[4]=0;		level1_cnt_minus[4]=0
     level1_cnt_plus[5]=0;		level1_cnt_minus[5]=0
     level1_cnt_plus[6]=0;		level1_cnt_minus[6]=0
     level1_cnt_plus[7]=0;		level1_cnt_minus[7]=0
     level1_cnt_plus[8]=0;		level1_cnt_minus[8]=0
     level1_cnt_plus[9]=0;		level1_cnt_minus[9]=0
FYI: CNarrowChannelRefiner::RedistributeLevel1_step_3: is started
FYI: CNarrowChannelRefiner::RedistributeLevel1_step_3: is finished (0.006 s)
RedistributeLevel1 takes:
FYI: level1 statistics:
     level1_cnt_plus[1]=16;		level1_cnt_minus[1]=27
     level1_cnt_plus[2]=0;		level1_cnt_minus[2]=0
     level1_cnt_plus[3]=0;		level1_cnt_minus[3]=0
     level1_cnt_plus[4]=0;		level1_cnt_minus[4]=0
     level1_cnt_plus[5]=0;		level1_cnt_minus[5]=0
     level1_cnt_plus[6]=0;		level1_cnt_minus[6]=0
     level1_cnt_plus[7]=0;		level1_cnt_minus[7]=0
     level1_cnt_plus[8]=0;		level1_cnt_minus[8]=0
     level1_cnt_plus[9]=0;		level1_cnt_minus[9]=0
-----------------------------------------------------------------------
MSH format builder (Iteration 0)
-----------------------------------------------------------------------
Memory Working Set Current = 93.38 Mb, Memory Working Set Peak = 93.38 Mb
Memory Private Bytes Current = 93.05 Mb, Memory Private Bytes Peak = 93.05 Mb
Process Threads Number: 12
-----------------------------------------------------------------------
Total bricks count: 89810
-----------------------------------------------------------------------
MSH (Real Geometry) format constructor:
	Geom    Count = 2
	Bodyset Count = 2
	3D task
	Getting brick sets...OK (0.002 s)

	Min x-stack xeps = 0.00643694
	D / dh / eps [axis=0] = (4.81352, 0.0494217, 4.94217e-05)
	D / dh / eps [axis=1] = (7.49739, 0.0486832, 4.86832e-05)
	D / dh / eps [axis=2] = (3.49767, 0.0408058, 4.08058e-05)
	Time (xeps): 0.001 s
Level 1
	Set (0)  size: 120
	Set (0)  time: 0.005 s
	Set (1)  size: 120
	Set (1)  time: 0.002 s
Level 0
	Set (0)  size: 44785
	Set (0)  time: 0.027 s
	Set (1)  size: 44785
	Set (1)  time: 0.030 s

	Spread npq bricks...0 marked (0.001 s)

Result:
	Bricks number:                        89810

	Memory usage:                         1.731 MB
	Memory usage (per brick):             0.020 KB
	Construction time:                    0.071 s

	Topology features:
	------------------
	- High quality bricks                  100.00 % (89810)
	- Medium quality bricks                  0.00 % (0)
	- Bad quality bricks                     0.00 % (0)
	- NPQ bricks                             0.00 % (2)
	- Type-1 bricks                          1.81 % (1623)
	- Ribs corrected bricks                  0.00 % (0)
	- Points with geom-info (bricks)         0.00 % (2)
	- Points with closest-info (bricks)      0.00 % (2)
	- Triangulated by center (bricks)        0.00 % (0)
	- Facet w-faces mergings (bricks)        0.00 % (0)
	- To refine (bricks)                     0.00 % (0)
	- Points-count                           0.00 % (0)
	- T-self-intersection-all (bricks)       0.00 % (0)
	- T-self-intersection-simple (bricks)    0.00 % (0)
	- T-self-intersection-complex (bricks)   0.00 % (0)
	- NPQ by reason 1 u-shape                0.00 % (0)
	- NPQ by reason 2 tri-by-ctr             0.00 % (0)
	- NPQ by reason 3 ray-correction         0.00 % (0)
	- NPQ by reason 4 t-self-intersection    0.00 % (0)
	- NPQ by reason 5 non-good               0.00 % (0)
	- NPQ by reason 6 npq-worker             0.00 % (0)

-----------------------------------------------------------------------
Memory Working Set Current = 100.15 Mb, Memory Working Set Peak = 100.15 Mb
Memory Private Bytes Current = 98.62 Mb, Memory Private Bytes Peak = 98.62 Mb
Process Threads Number: 12
-----------------------------------------------------------------------
-----------------------------------------------------------------------
msh-iterations: 1
-----------------------------------------------------------------------
high---q-brick-count = 100.00 % (89810 89810)
medium-q-brick-count =   0.00 % (89810 0)
bad----q-brick-count =   0.00 % (89810 0)
np-----q-brick-count =   0.00 % (89810 2)
-----------------------------------------------------------------------
Free brick parser storage...OK(0.000 s)
-----------------------------------------------------------------------
Memory Working Set Current = 100.20 Mb, Memory Working Set Peak = 100.20 Mb
Memory Private Bytes Current = 98.62 Mb, Memory Private Bytes Peak = 98.62 Mb
Process Threads Number: 12
-----------------------------------------------------------------------
-----------------------------------------------------------------------
MSH --> BCF format (Iteration 0)...
BCF collector...(remove mode=0)
	Time (alloc counter per brick): 0.001 s
	Brick    count: 89810
	Av.f all count: 89395
	Av.s all count: 2048
	Av.f pid count: 1633
	Av.s pid count: 1623
	Faces fs count: 4131
	Faces ff count: 0
	Faces ss count: 0
	Faces bb count: 0
	Faces fe count: 12640
	Faces se count: 0
	Faces fw count: 16771
	Faces af count: 261339
	Faces as count: 5260
	Time (all count): 	0.007 s
	Time (bcf alloc): 	0.001 s
	Time (shifts alloc): 	0.003 s
	Time (shifts init): 	0.003 s
	Time (bcf fill): 	0.010 s
	Time (add av to faces): 0.001 s
	Time (add faces to av): 0.005 s
Time (bcf collect): 		0.033 s
	AV checker...
		Hole marker...
			Subdomains:               1.
			Subdomains (cond):        1.
			Time (sd):      0.013 s.
			Time (sd_cond): 0.013 s.
			Time (potential-hole marking): 	0.001 s
			Time (hole checking): 0.000 s.
			0 av(s) are marked to fill subdomain holes.
		Time (hole marker): 0.030 s.
	Time (check av): 	0.059 s
	Subdomain checker...
		Subdomains construction time: 0.014 s.
		Subdomains sort time: 0.000 s.
			Subdomain 0 (geom_ind=0): 89395 av
			Subdomain 1 (geom_ind=1): 2048 av
		gi: 0, real bodies: 1
		gi: 0, subdomains:  1
		gi: 1, real bodies: 0
		gi: 1, subdomains:  1
		Defect subdomains: 0
	Time (check subdoms): 	0.016 s
Time (bcf iteration total): 	0.109 s
	Time (fw-nb): 		0.001 s
	Fixed mutual fw-nb:     3074 (bb: 0)
	Time (fw-nb mutual): 	0.001 s
	Time (fw-nb sort): 	0.001 s
	Fw-opt BEFORE total:    16771 (fs=4131, ff=0, ss=0)
	Fw-opt AFTER  total:    14797 (fs=2157, ff=0, ss=0, failed fw/br=85/1, big_curv=3, big_poly=0)
	Fw-opt RESULT:          1974 (res/(fs+ff+ss) = 47.79 %)
	Time (fw-opt): 		0.002 s
	Time (fw-re-order): 	0.002 s
	Time (fw-nb): 		0.004 s
	Fixed mutual fw-nb:     29531 (bb: 0)
	Time (fw-nb mutual): 	0.002 s
	Time (fw-nb sort): 	0.000 s
	Time (rfd fix): 	0.000 s
	Time (av convexity): 	0.002 s
	Time (av small volume): 0.001 s
	Time (diagonal fw-nb): 	0.016 s
	Fixed mutual fw-nb:     0 (bb: 0)
	Time (fw-nb mutual): 	0.001 s
	Time (fw-nb sort): 	0.001 s
	Fluid subdomains: 1
	Faces fw-nb diff sd:    0
	Time (fw-nb diff sd): 	0.015 s
Time (bcf calc): 		0.054 s
-----------------------------------------------------------------------
Time (bcf total): 		0.164 s
-----------------------------------------------------------------------
bcf-iterations: 1
-----------------------------------------------------------------------
-----------------------------------------------------------------------
Mega-cv constructor for fluid...
	 0 av's is treated as thin
Relative size generator (threshold = 0.05)...
	Iteration 1 (small cluster count = 377)
	Iteration 2 (small cluster count = 180)
	Iteration 3 (small cluster count = 21)
	Iteration 4 (small cluster count = 6)
	Iteration 5 (small cluster count = 0)
	 375 mega-cv's generated
	 0 mega-cv's removed
Relative size generator is completed OK (0.006 s)
Apply fa-rules to mega-cv clusters fixes...
OK (0.000 s)
Convert clusters:
	 375 mega-cv's total
Mega-cv count: 375
Time (mega-cv fill): 	0.001 s
Time (mega-cv total): 	0.023 s
-----------------------------------------------------------------------
Mixing plane rotation regions: NO.
Sliding mesh rotation regions: NO.
Fluid/fluid faces: NO.
-----------------------------------------------------------------------
Memory Working Set Current = 123.32 Mb, Memory Working Set Peak = 138.07 Mb
Memory Private Bytes Current = 147.87 Mb, Memory Private Bytes Peak = 149.20 Mb
Process Threads Number: 12
-----------------------------------------------------------------------
----------------------------------------------------------
BCF --> BCF.GEOMSUBDOM (bridge arrays):
MESH (0):
	Fluid Subdom Constructor: 1 subdom(s).
	Solid Subdom Constructor: 1 subdom(s).
	Net Asm Subdom Constructor: 0 subdom(s).
	GEOMSUBDOM (0): gi=0 Fluid av=89395 cv=89018 fa=261339 fb=0 fw=14797 V=1.252606e+02
	Cache data...OK
	GEOMSUBDOM (1): gi=1 Solid av=2048 cv=2048 fa=5260 fb=0 fw=2157 V=9.661033e-01
	Cache data...OK
	Setting nb of w-faces...OK (0.002 s).
	Correcting nb of w-faces...
	Time(correct_fw_nb)=0.003 s

MESH (0) checking:
	GEOMSUBDOM (0):fa_s=3273.5118084209889275 fb_s=0.0000000000000000 fw_s=169.9765867512281545 fw_nb=118998
	              :d_const(26143)=9.2702e-13 d_linear(26143)=3.44981e-12
	GEOMSUBDOM (1):fa_s=30.4180763479057390 fb_s=0.0000000000000000 fw_s=11.6799925420574500 fw_nb=17902
	              :d_const(118)=2.25119e-12 d_linear(1304)=8.14757e-12
MESH (0) checking: OK.
Time (MDS): 	0.097 s
----------------------------------------------------------
-----------------------------------------------------------------------
Memory Working Set Current = 151.76 Mb, Memory Working Set Peak = 151.76 Mb
Memory Private Bytes Current = 174.67 Mb, Memory Private Bytes Peak = 174.67 Mb
Process Threads Number: 12
-----------------------------------------------------------------------

-----------------------------------------------------------------------
BCF CHECKSUM DATA (Mesh 0):

BRICK |Level1| Sum:               43
FACE_A Area Sum:   G.Fluid        3273.5118084209843801
FACE_A Area Sum:   G.Solid        30.4180763479057319
FACE_W Area Sum:                  169.9765867512281545
FACE_W Nb   Sum:                  118998
FACE_W min curvatures sum:        -487089.32379982
FACE_W max curvatures sum:        22956569.68350584
AV Max Disbalance(Const) :        2.25123e-12 (cid=51559, t={20, 48, 36}, avid=90831, pid=1048)
AV Max Disbalance(Linear):        8.14757e-12 (cid=54949, t={38, 76, 38}, avid=91377, pid=1557)
-----------------------------------------------------------------------


-----------------------------------------------------------------------
MESHER TOPOLOGY DATA:

BRICKS: Total                 89810
BRICKS: Fluid                 89385
BRICKS: Fluid Partial         1623
BRICKS: Type 1                1623
BRICKS: Max AV number         3

AV:     G.Total               91443
AV:     G.Fluid               89395
AV:     G.Solid               2048

AV:     G.Fluid Thin Profile    0.00 % (0)
AV:     G.Solid Thin Profile    0.49 % (10)

AV:     G.Fluid Thin For Mega   0.00 % (0)
AV:     G.Solid Thin For Mega   0.49 % (10)

AV:     G.Fluid Non-Convex      1.12 % (1000)
AV:     G.Solid Non-Convex     37.65 % (771)

AV:     G.Fluid Non-Ess-Convex      0.39 % (350)
AV:     G.Solid Non-Ess-Convex      8.25 % (169)

FACE_A: G.Fluid          (af) 261339 (partially opened 3297)
FACE_A: G.Solid          (as) 5260 (partially opened 3277)

FACE_B: G.Total          (b)  0

FACE_W: G.Total                 14797       Brick/Bound
FACE_W: G.Fluid/Solid    (fs_g) 2157        0           
FACE_W: G.Fluid/Fluid    (ff_g) 0           0           
FACE_W: G.Solid/Solid    (ss_g) 0           0           
FACE_W: G.Fluid/Void     (fv_g) 0           0           
FACE_W: G.Fluid/External (fe_g) 12640
FACE_W: G.Solid/External (se_g) 0

AV/CV max fa count (on brick side):4
AV/CV max fw count:                4
AV/CV max fb count:                0
AV/CV max fw poly count:           11

MEMORY: Total                   26.777 MB
MEMORY: Per Brick               0.305 KB
-----------------------------------------------------------------------

-----------------------------------------------------------------------
Connectivities information:
	Number of conns: 0
-----------------------------------------------------------------------
	Time (gap size): 	0.023 s
-----------------------------------------------------------------------
Memory Working Set Current = 151.80 Mb, Memory Working Set Peak = 151.80 Mb
Memory Private Bytes Current = 174.67 Mb, Memory Private Bytes Peak = 174.67 Mb
Process Threads Number: 12
-----------------------------------------------------------------------
-----------------------------------------------------------------------
Calculating curvature and tolerance criteria...
Curvature: min=0 (cid=0) max=3.12433 (cid=46828)
Tolerance: min=0 (cid=0) max=0.0573199 (cid=51496)
Calculating curvature and tolerance criteria takes 0.073 s
-----------------------------------------------------------------------
MESH Build(FS) finished. Time=0.763 s
-----------------------------------------------------------------------
Current CPU = 1 sec

Nx=40
Ny=70
Nz=32
Max BRICK Level=1
Mesh Level=1
-----------------CModelBodies2MeshMapper::CollectData started -------------------------------
	Time (collect mesh base data): 0.001 s.
	Time (collect model bodies mapping): 0.000 s.
	Time (collect positive bodies mapping): 0.000 s.
	Time (collect fluid bodies mapping): 0.000 s.
-----------------CModelBodies2MeshMapper Report -------------------------------
FluidDomains 1 SolidDomains 1 VoidDomains 0 
Domains RefIndexes
----------------- -------------------------------
	ModelBodies
Total resolved Bodies 0 BodySets 0

--------------------------------------------------------------------------
	Positive geometry Bodies
Total resolved Bodies 1 BodySets 1
BodySet 0
	Bodies list:
			#0	Name: ;	ID: 50ac71b9-0db3-4340-b582-ebdc2b2224b0
	Domains list:mesh type	 (0, 1)		 0 


--------------------------------------------------------------------------
	Fluid regions
Total resolved Bodies 1 BodySets 1
BodySet 0	Material: Air; 
	Bodies list:
			#0	Name: ;	ID: 50ac71b9-0db3-4340-b582-ebdc2b2224b0
	Domains list:mesh type	 (0, 1)		 0 


--------------------------------------------------------------------------
Collect data takes...0.002 s
-----------------CModelBodies2MeshMapper::CollectData finished successfully-------------------
Saving initial mesh in: C:\Users\juded\OneDrive\Desktop\Car shit\16\16.fld .
Storing results...
	Estimated CPT size=9.989 MB.
	Time (write bcf): 0.229 s
Storing results takes 0.236 s
-----------------------------------------------------------------------
Memory Working Set Current = 152.14 Mb, Memory Working Set Peak = 152.14 Mb
Memory Private Bytes Current = 174.67 Mb, Memory Private Bytes Peak = 174.67 Mb
Process Threads Number: 12
-----------------------------------------------------------------------
Cleaning memory...
-----------------------------------------------------------------------
Start to free mesher data...
MMP (msh): locals=5, allc_sz=11.40 MB, used_sz=10.97 MB, blks-min-max=1/28
MMP (brx): locals=6, allc_sz=12.71 MB, used_sz=11.95 MB, blks-min-max=12/19
MMP (bcf): locals=6, allc_sz=39.73 MB, used_sz=38.43 MB, blks-min-max=19/42
MMP (xsl): locals=6, allc_sz=0.11 MB, used_sz=0.08 MB, blks-min-max=1/2
Free xsl...            OK	Time=0.000 s
Free ray collector...  OK	Time=0.000 s
Free ray intersector...OK	Time=0.000 s
Free body sets...      OK	Time=0.010 s
Free Geometry DB takes 0.000 s
Free mesh conn...      OK	Time=0.000 s
Free geomsd...         OK	Time=0.000 s
Free mbricks...        OK	Time=0.001 s
Free hash info...      OK	Time=0.001 s
Free bricks-x...       OK	Time=0.001 s
Free bcf...            OK	Time=0.003 s
Free mesh h...         OK	Time=0.000 s
Free bricks arr..      OK	Time=0.000 s
Free bricks tree...    OK	Time=0.000 s
Free mesh pools...     OK	Time=0.007 s
Free bodies mapper...  OK	Time=0.000 s
Free geom crits...     OK	Time=0.000 s
Free cpt regions...    OK	Time=0.000 s
Free peculiar surfs... OK	Time=0.000 s
Free sw-geometries...  OK	Time=0.000 s
Total free mesher data time: 0.026 s
-----------------------------------------------------------------------
Copying... OK
CPT size=3.184 MB (3338661 bytes).
Mesh generation normally finished at	14.12.2024	1:9:38
Mesher CPU = 1 sec
Mesher is finished at	14.12.2024	1:9:38
-----------------------------------------------------------------------
Memory Working Set Current = 32.93 Mb, Memory Working Set Peak = 152.14 Mb
Memory Private Bytes Current = 54.43 Mb, Memory Private Bytes Peak = 174.67 Mb
Process Threads Number: 12
-----------------------------------------------------------------------
Algebra Pool      : mem_usage = 2.50 Mb, allocated count = 0
-----------------------------------------------------------------------
Memory Working Set Current = 30.50 Mb, Memory Working Set Peak = 152.14 Mb
Memory Private Bytes Current = 51.98 Mb, Memory Private Bytes Peak = 174.67 Mb
Process Threads Number: 12
Process Threads Number Peak: 12
-----------------------------------------------------------------------
Log ended at 14.12.2024	01:09:38
