Log started at 21.03.2025	16:35:51
Number of used processors (NPROC): 20.
Number of mesh partitions (NPART): 20.
Total Physical Memory = 15.64 Gb, Available Physical Memory = 4.57 Gb
Computer name:	AVI435853SN
Operating system:	Windows 11 (or higher) (Version 10.0.22631)

Commandline:	"C:\Program Files\SOLIDWORKS Corp\SOLIDWORKS Flow Simulation\BINCFW\efdsolver.exe" /config:"C:\Users\5014070\Documents\GitHub\Mechanical\SeattleSolarCar2024-2025\Aeroshells\new Atticus aero models\juds wierd thing, not yet done\7\7.xmlconfig" /guid:22edb3c6-e11f-4ada-901c-c04a33aa5939 /processors:max /m /s /prjnamelm:"Flow Simulation 2023" /prjnamehabout:"Flow Simulation 2023" /companyname:"COSMOS Applications" /prjaliasid:1009 /lang:English /port:52434

SOLIDWORKS 2023 SP2.1
Flow Simulation 2023  x64 / 5965

Project: C:\Users\5014070\Documents\GitHub\Mechanical\SeattleSolarCar2024-2025\Aeroshells\new Atticus aero models\juds wierd thing, not yet done\7\7.xmlconfig
Configuration name: Default
Project name: Project(1)
Problem type: external-with-void-internal-space-type
Exclude cavities without flow conditions: ON
NGK: OFF
MBO: OFF
-----------------------------------------------------------------------
Mesher option run = eRunMesherNormal
-----------------------------------------------------------------------

Mesh generation started:	21.3.2025	16:35:51
-----------------------------------------------------------------------
Memory Working Set Current = 16.12 Mb, Memory Working Set Peak = 16.12 Mb
Memory Private Bytes Current = 16.00 Mb, Memory Private Bytes Peak = 16.00 Mb
Process Threads Number: 7
-----------------------------------------------------------------------
Mesher adjust APD = OFF; AdjustAPD_method=0; N_per_Channel = 0; N2_per_Channel = 0
Current CPU = 0 sec
-----------------------------------------------------------------------
Geometries initialization:
-----------------------------------------------------------------------
Loading mesh settings (global/local)...
-----------------------------------------------------------------------
Number of geometries from DB: 1
Geometry(0):
	Guid = {00000000-0000-0000-0000-000000000000}
	Fluid..
	2 Bodies.
	1 Real body.
	-- Bodyset 0 --
		Tolerance=0.00047631.
		18 Face(s).
			18 of b-spline type.
		0 Face(s) that have no ref faces
		7 Plane surface(s).
		7 B- surface(s).
		4 Extrude surface(s).
		27366 Triangle(s).
		Getting triangle connectivities from DB: 0.002 s
		46 Edge(s).
			46 of b-spline type.
		BodyGeom reading: 0.013 s.
		27366 Reference Triangles.
		Getting triangle connectivities from DB (Ref): 0.001 s
		BodyGeom Ref reading: 0.003 s.
Geometry(1):
	Solid.
	-- Bodyset 1 --
	Empty
-----------------------------------------------------------------------
Number of geometries in task: 2
	G : 0	Type: Fluid
	G : 1	Type: Solid
Number of bodysets   in task: 2
-----------------------------------------------------------------------
BodySet (0):
	Making hash and connectivity for Bodyset ...
		CBodyGeom:
		Hash size: {36, 32, 248}.
		Mesh size: {36, 32, 62}.
		Hashing triangles...Ok.
			axis(0) tr sizes: average=27 max=286
			axis(1) tr sizes: average=19 max=235
			axis(2) tr sizes: average=110 max=619
		Number of t-connected sets:2 (cavity=0)
		CBodyGeomRef:
		Hashing triangles...Ok.
			axis(0) tr sizes: average=50 max=379
			axis(1) tr sizes: average=35 max=339
			axis(2) tr sizes: average=105 max=608
	0.0251 s.
Geometries reading and preparing has taken 0.051 s.
-----------------------------------------------------------------------
Mapped triangles:
Hashing rough geometry(bodies) triangulation:
BodySet (0):
	Triangles num=27366
	Triangles box={0.180886 ,2.05874 ,-1.04871 ,-0.0962067 ,-1.77081 ,3.22609}
		3d-hash size is 464860 bytes
BodySet (1):
no log info (empty stream)

Mapped triangles processed in 0.031 s.
-----------------------------------------------------------------------
-----------------------------------------------------------------------
Getting sectors:
Number of sectors: 0
-----------------------------------------------------------------------
-----------------------------------------------------------------------
Bodies:     2
Faces:      18
Edges:      46
Triangles:  27366
-----------------------------------------------------------------------

Current CPU = 0 sec
-----------------------------------------------------------------------
Memory Working Set Current = 40.65 Mb, Memory Working Set Peak = 46.82 Mb
Memory Private Bytes Current = 39.16 Mb, Memory Private Bytes Peak = 45.21 Mb
Process Threads Number: 26
-----------------------------------------------------------------------
-----------------------------------------------------------------------
Checking faces on CD...
FCD = [0 0 0 0 0 0]
FCD_conflicts = 0
Time (check faces on CD)=0.000 s
-----------------------------------------------------------------------

-----------------------------------------------------------------------
Mesh dimensions:
				I[0 ]=36
				I[1 ]=32
				I[2 ]=62

Comp. domain size:
				a[0  ]=-2.76303
				a[1  ]=5.08176
				a[2  ]=-3.90666
				a[3  ]=2.76168
				a[4  ]=-6.53391
				a[5  ]=6.0886

Fluid calculated			1
Solid calculated			0
-----------------------------------------------------------------------
MESH Build started...
-----------------------------------------------------------------------
Mesh LEVEL = 1
-----------------------------------------------------------------------
-----------------------------------------------------------------------
CPT-mode xeps:
	D / dh / eps [axis=0] = (7.84479, 0.0869362, 8.69362e-05)
	D / dh / eps [axis=1] = (6.66834, 0.0777966, 7.77966e-05)
	D / dh / eps [axis=2] = (12.6225, 0.0897094, 8.97094e-05)
-----------------------------------------------------------------------
Initial allocation and brick-body-box intersection...OK (0.001 s)
Initial triangle brick intersection...OK (0.000 s)
Setting regions (71424 / 71424)...OK (0.000 s)
-----------------------------------------------------------------------
Base mesh info:
	3D task
	Nx=36
	Ny=32
	Nz=62
	N(Nx*Ny*Nz) = 1152
	Period    axis=[0, 0, 0]
	Symmetry  ni=[0 0 0 0 0 0]
	ZoomingBC ni=[0 0 0 0 0 0]
	Nx=36
		x[0]=-2.76303
		x[1]=-2.45134
		x[2]=-2.15502
		x[3]=-1.87321
		x[4]=-1.60522
		x[5]=-1.35037
		x[6]=-1.108
		x[7]=-0.877511
		x[8]=-0.658317
		x[9]=-0.449865
		x[10]=-0.251629
		x[11]=-0.063108
		x[12]=0.116174
		x[13]=0.290047
		x[14]=0.463921
		x[15]=0.637795
		x[16]=0.811669
		x[17]=0.985543
		x[18]=1.15942
		x[19]=1.33329
		x[20]=1.50717
		x[21]=1.68104
		x[22]=1.85491
		x[23]=2.02879
		x[24]=2.20266
		x[25]=2.38197
		x[26]=2.57051
		x[27]=2.76876
		x[28]=2.97723
		x[29]=3.19644
		x[30]=3.42694
		x[31]=3.66932
		x[32]=3.92418
		x[33]=4.19217
		x[34]=4.47396
		x[35]=4.77028
		x[36]=5.08176
	Ny=32
		y[0]=-3.90666
		y[1]=-3.6145
		y[2]=-3.33658
		y[3]=-3.07212
		y[4]=-2.82048
		y[5]=-2.58103
		y[6]=-2.35319
		y[7]=-2.13639
		y[8]=-1.9301
		y[9]=-1.7338
		y[10]=-1.54701
		y[11]=-1.36928
		y[12]=-1.20016
		y[13]=-1.03923
		y[14]=-0.88364
		y[15]=-0.728046
		y[16]=-0.572451
		y[17]=-0.416856
		y[18]=-0.261262
		y[19]=-0.105667
		y[20]=0.0552464
		y[21]=0.224358
		y[22]=0.402085
		y[23]=0.588865
		y[24]=0.785161
		y[25]=0.991457
		y[26]=1.20826
		y[27]=1.43611
		y[28]=1.67557
		y[29]=1.92722
		y[30]=2.1917
		y[31]=2.46965
		y[32]=2.76168
	Nz=62
		z[0]=-6.53391
		z[1]=-6.22872
		z[2]=-5.93776
		z[3]=-5.66029
		z[4]=-5.39568
		z[5]=-5.14335
		z[6]=-4.90272
		z[7]=-4.67325
		z[8]=-4.45443
		z[9]=-4.24575
		z[10]=-4.04675
		z[11]=-3.85698
		z[12]=-3.67601
		z[13]=-3.49242
		z[14]=-3.30884
		z[15]=-3.12526
		z[16]=-2.94167
		z[17]=-2.75809
		z[18]=-2.5745
		z[19]=-2.39092
		z[20]=-2.20734
		z[21]=-2.02375
		z[22]=-1.84017
		z[23]=-1.65659
		z[24]=-1.473
		z[25]=-1.28942
		z[26]=-1.10583
		z[27]=-0.92225
		z[28]=-0.738666
		z[29]=-0.555082
		z[30]=-0.371498
		z[31]=-0.187914
		z[32]=-0.00433025
		z[33]=0.179254
		z[34]=0.362838
		z[35]=0.546421
		z[36]=0.730005
		z[37]=0.909424
		z[38]=1.08884
		z[39]=1.26826
		z[40]=1.44768
		z[41]=1.6271
		z[42]=1.80652
		z[43]=1.98594
		z[44]=2.16536
		z[45]=2.34478
		z[46]=2.5242
		z[47]=2.70362
		z[48]=2.88304
		z[49]=3.06246
		z[50]=3.24188
		z[51]=3.4213
		z[52]=3.60855
		z[53]=3.80525
		z[54]=4.01189
		z[55]=4.22897
		z[56]=4.45702
		z[57]=4.69659
		z[58]=4.94826
		z[59]=5.21264
		z[60]=5.49039
		z[61]=5.78216
		z[62]=6.0886
-----------------------------------------------------------------------
Input_mesh_settings--------------------------------
Settings 0----------------
	Scope: GLOBAL
	Type:	------MESHER_SETTINGS----------
	RefAllCells           =0
	RefFluidCells         =0
	RefPartCells          =0
	RefSolidCells         =0
	l_SSFR(Capture crit)  =1
	l_curv(Curvature crit)=0
	l_tol(Tolerance crit) =0
	UseChannelRef         =1
	  NCR_method          =0
	  l_NCR               =1
	  N_gap               =5
	  Use d_NCR_min       =0
	  Use d_NCR_max       =0
	CloseThinSlotsHeight         =0
	--END_OF_MESHER_SETTINGS-------
End of input mesh settings-------------------------
-----------------------------------------------------------------------
Memory Working Set Current = 58.61 Mb, Memory Working Set Peak = 58.61 Mb
Memory Private Bytes Current = 59.98 Mb, Memory Private Bytes Peak = 59.98 Mb
Process Threads Number: 26
-----------------------------------------------------------------------
MMP (msh): locals=1, allc_sz=9.41 MB, used_sz=8.72 MB, blks-min-max=27/27
MMP (brx): locals=20, allc_sz=9.03 MB, used_sz=8.20 MB, blks-min-max=3/16
MMP (bcf): locals=0, allc_sz=0.00 MB, used_sz=0.00 MB, blks-min-max=0/0
MMP (xsl): locals=0, allc_sz=0.00 MB, used_sz=0.00 MB, blks-min-max=0/0
NxNyNz = [36, 32, 62]
base_dx=0.209962; 
NxNyNz_reverse = [37, 32, 60]

-----------------------------------------------------------------------
Refining geometries:
-----------------------------------------------------------------------

-----------------------------------------------------------------------
Refining by triangulation...
Refinement input: 71424 bricks
	Checking crit (71424 / 71424)...83 marked (0.010 s)
	Time(refinement): 0.000 s
Setting regions (664 / 72005)...OK (0.000 s)
	Checking crit (0 / 72005)...0 marked (0.000 s)
Refinement result (1 iterations): 72005 bricks (0.013 s)
Refinement input: 72005 bricks
	Checking crit (71341 / 72005)...0 marked (0.001 s)
Refinement result (0 iterations): 72005 bricks (0.001 s)
Collecting and processing rays:
	Adding rays...OK (0.003 s)
	new bricks = 72005 / 72005
	new rays   = 6165 (x=2210, y=2652, z=1303)
	Processing rays...
		Rays process:  0.089 (0.089) s
		Sort xstacks:  0.000 (0.000) s
		Put xstacks:   0.000 (0.000) s
		Total:         0.090 s
	Correcting rays...
		Lame vertices: 0.001 (0.001) s
		Bad rays:      0.000 (0.000) s
		Emit rays:     0.000 (0.000) s
		Correct ray f: 0.000 (0.000) s
		Undef:         0.000 (0.000) s
		Sum:           0.001 (0.001) s
		Total:         0.002 s
	Time (rays): 0.096 s
Capturing (72005 / 72005)...OK (0.001 s)
Refining by triangulation takes 0.112 s
-----------------------------------------------------------------------

-----------------------------------------------------------------------
Refining peculiar surfaces...
Collecting and processing rays:
	Adding rays...OK (0.000 s)
	new bricks = 0 / 72005
	new rays   = 0 (x=0, y=0, z=0)
	Processing rays...
		Rays process:  0.000 (0.000) s
		Sort xstacks:  0.000 (0.000) s
		Put xstacks:   0.000 (0.000) s
		Total:         0.000 s
	Correcting rays...
		Total:         0.000 s
	Time (rays): 0.001 s
Capturing (0 / 72005)...OK (0.000 s)
0 surfaces refined
Refining peculiar surfaces takes 0.001 s
-----------------------------------------------------------------------

-----------------------------------------------------------------------
Base mesh 1 Refining...
Collecting and processing rays:
	Adding rays...OK (0.000 s)
	new bricks = 0 / 72005
	new rays   = 0 (x=0, y=0, z=0)
	Processing rays...
		Rays process:  0.000 (0.000) s
		Sort xstacks:  0.000 (0.000) s
		Put xstacks:   0.000 (0.000) s
		Total:         0.000 s
	Correcting rays...
		Total:         0.000 s
	Time (rays): 0.001 s
Capturing (0 / 72005)...OK (0.000 s)
Refinement input: 72005 bricks
	Checking crit (71341 / 72005)...0 marked (0.000 s)
Refinement result (0 iterations): 72005 bricks (0.000 s)
-----------------------------------------------------------------------
Refining channels...
FYI: CNarrowChannelRefiner::RefineChannels_PRLL
Refinement input: 72005 bricks
	Time(refinement): 0.000 s
Setting regions (400 / 72355)...OK (0.000 s)
Refinement result (1 iterations): 72355 bricks (0.002 s)
Collecting and processing rays:
	Adding rays...OK (0.000 s)
	new bricks = 400 / 72355
	new rays   = 162 (x=17, y=133, z=12)
	Processing rays...
		Rays process:  0.000 (0.000) s
		Sort xstacks:  0.000 (0.000) s
		Put xstacks:   0.000 (0.000) s
		Total:         0.001 s
	Correcting rays...
		Lame vertices: 0.000 (0.000) s
		Bad rays:      0.000 (0.000) s
		Emit rays:     0.000 (0.000) s
		Correct ray f: 0.000 (0.000) s
		Undef:         0.000 (0.000) s
		Sum:           0.000 (0.000) s
		Total:         0.001 s
	Time (rays): 0.002 s
Capturing (400 / 72355)...OK (0.000 s)
FYI: m_iteration_count = 0
FYI: level1 statistics:
     level1_cnt_plus[1]=400;		level1_cnt_minus[1]=0
     level1_cnt_plus[2]=0;		level1_cnt_minus[2]=0
     level1_cnt_plus[3]=0;		level1_cnt_minus[3]=0
     level1_cnt_plus[4]=0;		level1_cnt_minus[4]=0
     level1_cnt_plus[5]=0;		level1_cnt_minus[5]=0
     level1_cnt_plus[6]=0;		level1_cnt_minus[6]=0
     level1_cnt_plus[7]=0;		level1_cnt_minus[7]=0
     level1_cnt_plus[8]=0;		level1_cnt_minus[8]=0
     level1_cnt_plus[9]=0;		level1_cnt_minus[9]=0
Refinement input: 72355 bricks
	Time(refinement): 0.000 s
Setting regions (56 / 72404)...OK (0.000 s)
Refinement result (1 iterations): 72404 bricks (0.002 s)
Collecting and processing rays:
	Adding rays...OK (0.000 s)
	new bricks = 56 / 72404
	new rays   = 17 (x=0, y=14, z=3)
	Processing rays...
		Rays process:  0.000 (0.000) s
		Sort xstacks:  0.000 (0.000) s
		Put xstacks:   0.000 (0.000) s
		Total:         0.000 s
	Correcting rays...
		Lame vertices: 0.000 (0.000) s
		Bad rays:      0.000 (0.000) s
		Emit rays:     0.000 (0.000) s
		Correct ray f: 0.000 (0.000) s
		Undef:         0.000 (0.000) s
		Sum:           0.000 (0.000) s
		Total:         0.001 s
	Time (rays): 0.002 s
Capturing (56 / 72404)...OK (0.000 s)
FYI: m_iteration_count = 1
FYI: level1 statistics:
     level1_cnt_plus[1]=456;		level1_cnt_minus[1]=0
     level1_cnt_plus[2]=0;		level1_cnt_minus[2]=0
     level1_cnt_plus[3]=0;		level1_cnt_minus[3]=0
     level1_cnt_plus[4]=0;		level1_cnt_minus[4]=0
     level1_cnt_plus[5]=0;		level1_cnt_minus[5]=0
     level1_cnt_plus[6]=0;		level1_cnt_minus[6]=0
     level1_cnt_plus[7]=0;		level1_cnt_minus[7]=0
     level1_cnt_plus[8]=0;		level1_cnt_minus[8]=0
     level1_cnt_plus[9]=0;		level1_cnt_minus[9]=0
Refinement input: 72404 bricks
	Time(refinement): 0.000 s
Setting regions (8 / 72411)...OK (0.000 s)
Refinement result (1 iterations): 72411 bricks (0.002 s)
Collecting and processing rays:
	Adding rays...OK (0.000 s)
	new bricks = 8 / 72411
	new rays   = 2 (x=0, y=2, z=0)
	Processing rays...
		Rays process:  0.000 (0.000) s
		Sort xstacks:  0.000 (0.000) s
		Put xstacks:   0.000 (0.000) s
		Total:         0.000 s
	Correcting rays...
		Lame vertices: 0.000 (0.000) s
		Bad rays:      0.000 (0.000) s
		Emit rays:     0.000 (0.000) s
		Correct ray f: 0.000 (0.000) s
		Undef:         0.000 (0.000) s
		Sum:           0.000 (0.000) s
		Total:         0.000 s
	Time (rays): 0.001 s
Capturing (8 / 72411)...OK (0.000 s)
FYI: m_iteration_count = 2
FYI: level1 statistics:
     level1_cnt_plus[1]=464;		level1_cnt_minus[1]=0
     level1_cnt_plus[2]=0;		level1_cnt_minus[2]=0
     level1_cnt_plus[3]=0;		level1_cnt_minus[3]=0
     level1_cnt_plus[4]=0;		level1_cnt_minus[4]=0
     level1_cnt_plus[5]=0;		level1_cnt_minus[5]=0
     level1_cnt_plus[6]=0;		level1_cnt_minus[6]=0
     level1_cnt_plus[7]=0;		level1_cnt_minus[7]=0
     level1_cnt_plus[8]=0;		level1_cnt_minus[8]=0
     level1_cnt_plus[9]=0;		level1_cnt_minus[9]=0
FYI: m_iteration_count = 3
FYI: level1 statistics:
     level1_cnt_plus[1]=464;		level1_cnt_minus[1]=0
     level1_cnt_plus[2]=0;		level1_cnt_minus[2]=0
     level1_cnt_plus[3]=0;		level1_cnt_minus[3]=0
     level1_cnt_plus[4]=0;		level1_cnt_minus[4]=0
     level1_cnt_plus[5]=0;		level1_cnt_minus[5]=0
     level1_cnt_plus[6]=0;		level1_cnt_minus[6]=0
     level1_cnt_plus[7]=0;		level1_cnt_minus[7]=0
     level1_cnt_plus[8]=0;		level1_cnt_minus[8]=0
     level1_cnt_plus[9]=0;		level1_cnt_minus[9]=0
FYI: level1 statistics:
     level1_cnt_plus[1]=464;		level1_cnt_minus[1]=0
     level1_cnt_plus[2]=0;		level1_cnt_minus[2]=0
     level1_cnt_plus[3]=0;		level1_cnt_minus[3]=0
     level1_cnt_plus[4]=0;		level1_cnt_minus[4]=0
     level1_cnt_plus[5]=0;		level1_cnt_minus[5]=0
     level1_cnt_plus[6]=0;		level1_cnt_minus[6]=0
     level1_cnt_plus[7]=0;		level1_cnt_minus[7]=0
     level1_cnt_plus[8]=0;		level1_cnt_minus[8]=0
     level1_cnt_plus[9]=0;		level1_cnt_minus[9]=0

-----------------------------------------------------------------------
U-shapes refinement...
Refinement input: 72411 bricks
	Checking crit (71283 / 72411)...4 marked (0.002 s)
	Time(refinement): 0.000 s
Setting regions (32 / 72439)...OK (0.000 s)
	Checking crit (0 / 72439)...0 marked (0.000 s)
Refinement result (1 iterations): 72439 bricks (0.005 s)
Collecting and processing rays:
	Adding rays...OK (0.000 s)
	new bricks = 32 / 72439
	new rays   = 20 (x=8, y=9, z=3)
	Processing rays...
		Rays process:  0.000 (0.000) s
		Sort xstacks:  0.000 (0.000) s
		Put xstacks:   0.000 (0.000) s
		Total:         0.001 s
	Correcting rays...
		Lame vertices: 0.000 (0.000) s
		Bad rays:      0.000 (0.000) s
		Emit rays:     0.000 (0.000) s
		Correct ray f: 0.000 (0.000) s
		Undef:         0.000 (0.000) s
		Sum:           0.000 (0.000) s
		Total:         0.000 s
	Time (rays): 0.001 s
Capturing (32 / 72439)...OK (0.000 s)
-----------------------------------------------------------------------

-----------------------------------------------------------------------
Equi Distant Refiner:
Equi Distant Refiner takes 0.00 s
-----------------------------------------------------------------------

/-Ray Intersection---------------/ Time	1.532 s
Calls                6366
CorrectRay Calls     0



-----------------------------------------------------------------------
Refining geometries takes 0.154 s
-----------------------------------------------------------------------
-----------------------------------------------------------------------
Memory Working Set Current = 69.30 Mb, Memory Working Set Peak = 69.30 Mb
Memory Private Bytes Current = 72.57 Mb, Memory Private Bytes Peak = 72.57 Mb
Process Threads Number: 26
-----------------------------------------------------------------------
Defect ray count	0
FYI: CNarrowChannelRefiner::RedistributeLevel1_step_1: is started
FYI: CNarrowChannelRefiner::RedistributeLevel1_step_1: is finished (0.000 s)
FYI: level1 statistics:
     level1_cnt_plus[1]=464;		level1_cnt_minus[1]=0
     level1_cnt_plus[2]=0;		level1_cnt_minus[2]=0
     level1_cnt_plus[3]=0;		level1_cnt_minus[3]=0
     level1_cnt_plus[4]=0;		level1_cnt_minus[4]=0
     level1_cnt_plus[5]=0;		level1_cnt_minus[5]=0
     level1_cnt_plus[6]=0;		level1_cnt_minus[6]=0
     level1_cnt_plus[7]=0;		level1_cnt_minus[7]=0
     level1_cnt_plus[8]=0;		level1_cnt_minus[8]=0
     level1_cnt_plus[9]=0;		level1_cnt_minus[9]=0
FYI: CNarrowChannelRefiner::RedistributeLevel1_step_2: is started
FYI: CNarrowChannelRefiner::RedistributeLevel1_step_2: is finished (0.009 s)
FYI: level1 statistics:
     level1_cnt_plus[1]=479;		level1_cnt_minus[1]=0
     level1_cnt_plus[2]=0;		level1_cnt_minus[2]=0
     level1_cnt_plus[3]=0;		level1_cnt_minus[3]=0
     level1_cnt_plus[4]=0;		level1_cnt_minus[4]=0
     level1_cnt_plus[5]=0;		level1_cnt_minus[5]=0
     level1_cnt_plus[6]=0;		level1_cnt_minus[6]=0
     level1_cnt_plus[7]=0;		level1_cnt_minus[7]=0
     level1_cnt_plus[8]=0;		level1_cnt_minus[8]=0
     level1_cnt_plus[9]=0;		level1_cnt_minus[9]=0
FYI: CNarrowChannelRefiner::RedistributeLevel1_step_3: is started
FYI: CNarrowChannelRefiner::RedistributeLevel1_step_3: is finished (0.003 s)
RedistributeLevel1 takes:
FYI: level1 statistics:
     level1_cnt_plus[1]=479;		level1_cnt_minus[1]=264
     level1_cnt_plus[2]=0;		level1_cnt_minus[2]=0
     level1_cnt_plus[3]=0;		level1_cnt_minus[3]=0
     level1_cnt_plus[4]=0;		level1_cnt_minus[4]=0
     level1_cnt_plus[5]=0;		level1_cnt_minus[5]=0
     level1_cnt_plus[6]=0;		level1_cnt_minus[6]=0
     level1_cnt_plus[7]=0;		level1_cnt_minus[7]=0
     level1_cnt_plus[8]=0;		level1_cnt_minus[8]=0
     level1_cnt_plus[9]=0;		level1_cnt_minus[9]=0
-----------------------------------------------------------------------
MSH format builder (Iteration 0)
-----------------------------------------------------------------------
Memory Working Set Current = 70.78 Mb, Memory Working Set Peak = 70.78 Mb
Memory Private Bytes Current = 74.27 Mb, Memory Private Bytes Peak = 74.27 Mb
Process Threads Number: 26
-----------------------------------------------------------------------
Total bricks count: 72439
-----------------------------------------------------------------------
MSH (Real Geometry) format constructor:
	Geom    Count = 2
	Bodyset Count = 2
	3D task
	Getting brick sets...OK (0.002 s)

	Min x-stack xeps = 0.000617236
	D / dh / eps [axis=0] = (7.84479, 0.0869362, 8.69362e-05)
	D / dh / eps [axis=1] = (6.66834, 0.0777966, 7.77966e-05)
	D / dh / eps [axis=2] = (12.6225, 0.0897094, 8.97094e-05)
	Time (xeps): 0.000 s
Level 1
	Set (0)  size: 580
	Set (0)  time: 0.019 s
	Set (1)  size: 580
	Set (1)  time: 0.005 s
Level 0
	Set (0)  size: 35640
	Set (0)  time: 0.008 s
	Set (1)  size: 35639
	Set (1)  time: 0.008 s

	Spread npq bricks...0 marked (0.000 s)

Result:
	Bricks number:                        72439

	Memory usage:                         1.488 MB
	Memory usage (per brick):             0.021 KB
	Construction time:                    0.043 s

	Topology features:
	------------------
	- High quality bricks                  100.00 % (72439)
	- Medium quality bricks                  0.00 % (0)
	- Bad quality bricks                     0.00 % (0)
	- NPQ bricks                             0.00 % (3)
	- Type-1 bricks                          1.64 % (1191)
	- Ribs corrected bricks                  0.00 % (0)
	- Points with geom-info (bricks)         0.00 % (0)
	- Points with closest-info (bricks)      0.00 % (0)
	- Triangulated by center (bricks)        0.00 % (1)
	- Facet w-faces mergings (bricks)        0.00 % (0)
	- To refine (bricks)                     0.00 % (0)
	- Points-count                           0.00 % (0)
	- T-self-intersection-all (bricks)       0.00 % (0)
	- T-self-intersection-simple (bricks)    0.00 % (0)
	- T-self-intersection-complex (bricks)   0.00 % (0)
	- NPQ by reason 1 u-shape                0.00 % (2)
	- NPQ by reason 2 tri-by-ctr             0.00 % (1)
	- NPQ by reason 3 ray-correction         0.00 % (0)
	- NPQ by reason 4 t-self-intersection    0.00 % (0)
	- NPQ by reason 5 non-good               0.00 % (0)
	- NPQ by reason 6 npq-worker             0.00 % (0)

-----------------------------------------------------------------------
Memory Working Set Current = 82.66 Mb, Memory Working Set Peak = 82.66 Mb
Memory Private Bytes Current = 86.21 Mb, Memory Private Bytes Peak = 86.21 Mb
Process Threads Number: 26
-----------------------------------------------------------------------
-----------------------------------------------------------------------
msh-iterations: 1
-----------------------------------------------------------------------
high---q-brick-count = 100.00 % (72439 72439)
medium-q-brick-count =   0.00 % (72439 0)
bad----q-brick-count =   0.00 % (72439 0)
np-----q-brick-count =   0.00 % (72439 3)
-----------------------------------------------------------------------
Free brick parser storage...OK(0.001 s)
-----------------------------------------------------------------------
Memory Working Set Current = 80.27 Mb, Memory Working Set Peak = 82.71 Mb
Memory Private Bytes Current = 85.31 Mb, Memory Private Bytes Peak = 86.21 Mb
Process Threads Number: 26
-----------------------------------------------------------------------
-----------------------------------------------------------------------
MSH --> BCF format (Iteration 0)...
BCF collector...(remove mode=0)
	Time (alloc counter per brick): 0.001 s
	Brick    count: 72439
	Av.f all count: 72381
	Av.s all count: 1535
	Av.f pid count: 1426
	Av.s pid count: 1242
	Faces fs count: 4172
	Faces ff count: 0
	Faces ss count: 0
	Faces bb count: 0
	Faces fe count: 10736
	Faces se count: 0
	Faces fw count: 14908
	Faces af count: 211841
	Faces as count: 3892
	Time (all count): 	0.002 s
	Time (bcf alloc): 	0.001 s
	Time (shifts alloc): 	0.002 s
	Time (shifts init): 	0.002 s
	Time (bcf fill): 	0.003 s
	Time (add av to faces): 0.000 s
	Time (add faces to av): 0.002 s
Time (bcf collect): 		0.015 s
	AV checker...
		Hole marker...
			Subdomains:               1.
			Subdomains (cond):        1.
			Time (sd):      0.005 s.
			Time (sd_cond): 0.005 s.
			Time (potential-hole marking): 	0.001 s
			Time (hole checking): 0.000 s.
			0 av(s) are marked to fill subdomain holes.
		Time (hole marker): 0.012 s.
	Time (check av): 	0.018 s
	Subdomain checker...
		Subdomains construction time: 0.004 s.
		Subdomains sort time: 0.000 s.
			Subdomain 0 (geom_ind=0): 72381 av
			Subdomain 1 (geom_ind=1): 1356 av
			Subdomain 2 (geom_ind=1): 179 av
		gi: 0, real bodies: 1
		gi: 0, subdomains:  1
		gi: 1, real bodies: 0
		gi: 1, subdomains:  2
		Defect subdomains: 0
	Time (check subdoms): 	0.005 s
Time (bcf iteration total): 	0.038 s
	Time (fw-nb): 		0.000 s
	Fixed mutual fw-nb:     3236 (bb: 0)
	Time (fw-nb mutual): 	0.001 s
	Time (fw-nb sort): 	0.000 s
	Fw-opt BEFORE total:    14908 (fs=4172, ff=0, ss=0)
	Fw-opt AFTER  total:    12858 (fs=2122, ff=0, ss=0, failed fw/br=5/1, big_curv=9, big_poly=0)
	Fw-opt RESULT:          2050 (res/(fs+ff+ss) = 49.14 %)
	Time (fw-opt): 		0.001 s
	Time (fw-re-order): 	0.001 s
	Time (fw-nb): 		0.001 s
	Fixed mutual fw-nb:     25804 (bb: 0)
	Time (fw-nb mutual): 	0.001 s
	Time (fw-nb sort): 	0.000 s
	Time (rfd fix): 	0.000 s
	Time (av convexity): 	0.000 s
	Time (av small volume): 0.000 s
	Time (diagonal fw-nb): 	0.005 s
	Fixed mutual fw-nb:     0 (bb: 0)
	Time (fw-nb mutual): 	0.001 s
	Time (fw-nb sort): 	0.000 s
	Fluid subdomains: 1
	Faces fw-nb diff sd:    0
	Time (fw-nb diff sd): 	0.006 s
Time (bcf calc): 		0.019 s
-----------------------------------------------------------------------
Time (bcf total): 		0.058 s
-----------------------------------------------------------------------
bcf-iterations: 1
-----------------------------------------------------------------------
-----------------------------------------------------------------------
Mega-cv constructor for fluid...
	 23 av's is treated as thin
Relative size generator (threshold = 0.05)...
	Iteration 1 (small cluster count = 203)
	Iteration 2 (small cluster count = 107)
	Iteration 3 (small cluster count = 32)
	Iteration 4 (small cluster count = 10)
	Iteration 5 (small cluster count = 0)
	 188 mega-cv's generated
	 3 mega-cv's removed
Relative size generator is completed OK (0.002 s)
Apply fa-rules to mega-cv clusters fixes...
	Fa-rule violation fixes:       11 of       11 (total cluster# =      193)
OK (0.001 s)
There are 2 clusters with nbrs connected in more than one axis
Convert clusters:
	 184 mega-cv's total
Mega-cv count: 184
Time (mega-cv fill): 	0.000 s
Time (mega-cv total): 	0.009 s
-----------------------------------------------------------------------
Mixing plane rotation regions: NO.
Sliding mesh rotation regions: NO.
Fluid/fluid faces: NO.
-----------------------------------------------------------------------
Memory Working Set Current = 99.47 Mb, Memory Working Set Peak = 110.16 Mb
Memory Private Bytes Current = 104.65 Mb, Memory Private Bytes Peak = 116.02 Mb
Process Threads Number: 26
-----------------------------------------------------------------------
----------------------------------------------------------
BCF --> BCF.GEOMSUBDOM (bridge arrays):
MESH (0):
	Fluid Subdom Constructor: 1 subdom(s).
	Solid Subdom Constructor: 2 subdom(s).
	Net Asm Subdom Constructor: 0 subdom(s).
	GEOMSUBDOM (0): gi=0 Fluid av=72381 cv=72183 fa=211841 fb=0 fw=12858 V=6.581463e+02
	Cache data...OK
	GEOMSUBDOM (1): gi=1 Solid av=1356 cv=1356 fa=3464 fb=0 fw=1866 V=2.049446e+00
	Cache data...OK
	GEOMSUBDOM (2): gi=1 Solid av=179 cv=179 fa=428 fb=0 fw=256 V=1.098573e-01
	Cache data...OK
	Setting nb of w-faces...OK (0.001 s).
	Correcting nb of w-faces...
	Time(correct_fw_nb)=0.001 s

MESH (0) checking:
	GEOMSUBDOM (0):fa_s=9177.1866777498817100 fb_s=0.0000000000000000 fw_s=493.0236602334499594 fw_nb=102754
	              :d_const(20469)=7.00018e-13 d_linear(20469)=1.99626e-12
	GEOMSUBDOM (1):fa_s=39.4593038837457186 fb_s=0.0000000000000000 fw_s=20.4099058661209369 fw_nb=14784
	              :d_const(29)=1.50416e-11 d_linear(29)=7.43676e-10
	GEOMSUBDOM (2):fa_s=2.6142326720199653 fb_s=0.0000000000000000 fw_s=1.6059236800039636 fw_nb=2106
	              :d_const(103)=3.72131e-12 d_linear(77)=6.25933e-10
MESH (0) checking: OK.
Time (MDS): 	0.030 s
----------------------------------------------------------
-----------------------------------------------------------------------
Memory Working Set Current = 121.63 Mb, Memory Working Set Peak = 121.63 Mb
Memory Private Bytes Current = 125.84 Mb, Memory Private Bytes Peak = 125.84 Mb
Process Threads Number: 26
-----------------------------------------------------------------------

-----------------------------------------------------------------------
BCF CHECKSUM DATA (Mesh 0):

BRICK |Level1| Sum:               743
FACE_A Area Sum:   G.Fluid        9177.1866777498908050
FACE_A Area Sum:   G.Solid        42.0735365557656849
FACE_W Area Sum:                  493.0236602334499594
FACE_W Nb   Sum:                  102754
FACE_W min curvatures sum:        -3800.26028111
FACE_W max curvatures sum:        8278.59355752
AV Max Disbalance(Const) :        1.50416e-11 (cid=33041, t={24, 31, 56}, avid=72640, pid=235)
AV Max Disbalance(Linear):        7.43676e-10 (cid=33041, t={24, 31, 56}, avid=72640, pid=235)
-----------------------------------------------------------------------


-----------------------------------------------------------------------
MESHER TOPOLOGY DATA:

BRICKS: Total                 72439
BRICKS: Fluid                 72146
BRICKS: Fluid Partial         1191
BRICKS: Type 1                1191
BRICKS: Max AV number         4

AV:     G.Total               73916
AV:     G.Fluid               72381
AV:     G.Solid               1535

AV:     G.Fluid Thin Profile    0.07 % (51)
AV:     G.Solid Thin Profile   15.24 % (234)

AV:     G.Fluid Thin For Mega   0.03 % (23)
AV:     G.Solid Thin For Mega  14.66 % (225)

AV:     G.Fluid Non-Convex      1.24 % (899)
AV:     G.Solid Non-Convex     49.38 % (758)

AV:     G.Fluid Non-Ess-Convex      0.52 % (377)
AV:     G.Solid Non-Ess-Convex      9.58 % (147)

FACE_A: G.Fluid          (af) 211841 (partially opened 2981)
FACE_A: G.Solid          (as) 3892 (partially opened 2570)

FACE_B: G.Total          (b)  0

FACE_W: G.Total                 12858       Brick/Bound
FACE_W: G.Fluid/Solid    (fs_g) 2122        0           
FACE_W: G.Fluid/Fluid    (ff_g) 0           0           
FACE_W: G.Solid/Solid    (ss_g) 0           0           
FACE_W: G.Fluid/Void     (fv_g) 0           0           
FACE_W: G.Fluid/External (fe_g) 10736
FACE_W: G.Solid/External (se_g) 0

AV/CV max fa count (on brick side):6
AV/CV max fw count:                6
AV/CV max fb count:                0
AV/CV max fw poly count:           24

MEMORY: Total                   21.780 MB
MEMORY: Per Brick               0.308 KB
-----------------------------------------------------------------------

-----------------------------------------------------------------------
Connectivities information:
	Number of conns: 0
-----------------------------------------------------------------------
	Time (gap size): 	0.011 s
-----------------------------------------------------------------------
Memory Working Set Current = 121.78 Mb, Memory Working Set Peak = 121.78 Mb
Memory Private Bytes Current = 125.89 Mb, Memory Private Bytes Peak = 125.90 Mb
Process Threads Number: 26
-----------------------------------------------------------------------
-----------------------------------------------------------------------
Calculating curvature and tolerance criteria...
Curvature: min=0 (cid=0) max=3.14157 (cid=48459)
Tolerance: min=0 (cid=0) max=0.100537 (cid=28446)
Calculating curvature and tolerance criteria takes 0.018 s
-----------------------------------------------------------------------
MESH Build(FS) finished. Time=0.370 s
-----------------------------------------------------------------------
Current CPU = 0 sec

Nx=36
Ny=32
Nz=62
Max BRICK Level=1
Mesh Level=1
-----------------CModelBodies2MeshMapper::CollectData started -------------------------------
	Time (collect mesh base data): 0.000 s.
	Time (collect model bodies mapping): 0.000 s.
	Time (collect positive bodies mapping): 0.000 s.
	Time (collect fluid bodies mapping): 0.000 s.
-----------------CModelBodies2MeshMapper Report -------------------------------
FluidDomains 1 SolidDomains 2 VoidDomains 0 
Domains RefIndexes
----------------- -------------------------------
	ModelBodies
Total resolved Bodies 0 BodySets 0

--------------------------------------------------------------------------
	Positive geometry Bodies
Total resolved Bodies 1 BodySets 1
BodySet 0
	Bodies list:
			#0	Name: ;	ID: c490c956-00fb-4ca7-af87-a8649012ef3b
	Domains list:mesh type	 (0, 1)		 0 


--------------------------------------------------------------------------
	Fluid regions
Total resolved Bodies 1 BodySets 1
BodySet 0	Material: Air; 
	Bodies list:
			#0	Name: ;	ID: c490c956-00fb-4ca7-af87-a8649012ef3b
	Domains list:mesh type	 (0, 1)		 0 


--------------------------------------------------------------------------
Collect data takes...0.001 s
-----------------CModelBodies2MeshMapper::CollectData finished successfully-------------------
Saving initial mesh in: C:\Users\5014070\Documents\GitHub\Mechanical\SeattleSolarCar2024-2025\Aeroshells\new Atticus aero models\juds wierd thing, not yet done\7\7.fld .
Storing results...
	Estimated CPT size=8.148 MB.
	Time (write bcf): 0.133 s
Storing results takes 0.138 s
-----------------------------------------------------------------------
Memory Working Set Current = 122.10 Mb, Memory Working Set Peak = 122.10 Mb
Memory Private Bytes Current = 125.89 Mb, Memory Private Bytes Peak = 125.90 Mb
Process Threads Number: 26
-----------------------------------------------------------------------
Cleaning memory...
-----------------------------------------------------------------------
Start to free mesher data...
MMP (msh): locals=16, allc_sz=9.66 MB, used_sz=8.86 MB, blks-min-max=1/27
MMP (brx): locals=20, allc_sz=11.11 MB, used_sz=9.77 MB, blks-min-max=6/17
MMP (bcf): locals=20, allc_sz=32.60 MB, used_sz=31.37 MB, blks-min-max=2/33
MMP (xsl): locals=20, allc_sz=0.31 MB, used_sz=0.08 MB, blks-min-max=1/1
Free xsl...            OK	Time=0.000 s
Free ray collector...  OK	Time=0.000 s
Free ray intersector...OK	Time=0.000 s
Free body sets...      OK	Time=0.003 s
Free Geometry DB takes 0.000 s
Free mesh conn...      OK	Time=0.000 s
Free geomsd...         OK	Time=0.000 s
Free mbricks...        OK	Time=0.000 s
Free hash info...      OK	Time=0.000 s
Free bricks-x...       OK	Time=0.000 s
Free bcf...            OK	Time=0.002 s
Free mesh h...         OK	Time=0.000 s
Free bricks arr..      OK	Time=0.000 s
Free bricks tree...    OK	Time=0.000 s
Free mesh pools...     OK	Time=0.004 s
Free bodies mapper...  OK	Time=0.000 s
Free geom crits...     OK	Time=0.000 s
Free cpt regions...    OK	Time=0.000 s
Free peculiar surfs... OK	Time=0.000 s
Free sw-geometries...  OK	Time=0.000 s
Total free mesher data time: 0.013 s
-----------------------------------------------------------------------
Copying... OK
CPT size=2.740 MB (2872608 bytes).
Mesh generation normally finished at	21.3.2025	16:35:52
Mesher CPU = 1 sec
Mesher is finished at	21.3.2025	16:35:52
-----------------------------------------------------------------------
Memory Working Set Current = 37.23 Mb, Memory Working Set Peak = 122.11 Mb
Memory Private Bytes Current = 38.60 Mb, Memory Private Bytes Peak = 125.90 Mb
Process Threads Number: 26
-----------------------------------------------------------------------
Algebra Pool      : mem_usage = 2.06 Mb, allocated count = 0
-----------------------------------------------------------------------
Memory Working Set Current = 35.48 Mb, Memory Working Set Peak = 122.11 Mb
Memory Private Bytes Current = 36.60 Mb, Memory Private Bytes Peak = 125.90 Mb
Process Threads Number: 26
Process Threads Number Peak: 26
-----------------------------------------------------------------------
Log ended at 21.03.2025	16:35:52
