Log started at 13.12.2024	17:15:49
Number of used processors (NPROC): 6.
Number of mesh partitions (NPART): 6.
Total Physical Memory = 31.91 Gb, Available Physical Memory = 19.83 Gb
Computer name:	DESKTOP-C408A46
Operating system:	Windows 11 (or higher) (Version 10.0.22631)

Commandline:	"C:\Program Files\SOLIDWORKS Corp\SOLIDWORKS Flow Simulation\BINCFW\efdsolver.exe" /config:"C:\Users\juded\OneDrive\Desktop\Car shit\11\11.xmlconfig" /guid:df42cd4e-dfe6-4706-a1bf-cf75fd989898 /processors:max /m /s /prjnamelm:"Flow Simulation 2023" /prjnamehabout:"Flow Simulation 2023" /companyname:"COSMOS Applications" /prjaliasid:1009 /lang:English /port:10446

SOLIDWORKS 2023 SP2.1
Flow Simulation 2023  x64 / 5965

Project: C:\Users\juded\OneDrive\Desktop\Car shit\11\11.xmlconfig
Configuration name: Default
Project name: Project(1)
Problem type: external-with-void-internal-space-type
Exclude cavities without flow conditions: ON
NGK: OFF
MBO: OFF
-----------------------------------------------------------------------
Mesher option run = eRunMesherNormal
-----------------------------------------------------------------------

Mesh generation started:	13.12.2024	17:15:49
-----------------------------------------------------------------------
Memory Working Set Current = 15.47 Mb, Memory Working Set Peak = 15.47 Mb
Memory Private Bytes Current = 15.97 Mb, Memory Private Bytes Peak = 15.97 Mb
Process Threads Number: 7
-----------------------------------------------------------------------
Mesher adjust APD = OFF; AdjustAPD_method=0; N_per_Channel = 0; N2_per_Channel = 0
Current CPU = 0 sec
-----------------------------------------------------------------------
Geometries initialization:
-----------------------------------------------------------------------
Loading mesh settings (global/local)...
-----------------------------------------------------------------------
Number of geometries from DB: 1
Geometry(0):
	Guid = {00000000-0000-0000-0000-000000000000}
	Fluid..
	1 Body.
	1 Real body.
	-- Bodyset 0 --
		Tolerance=0.000461359.
		44 Face(s).
			44 of b-spline type.
		0 Face(s) that have no ref faces
		7 Plane surface(s).
		4 Cylinder surface(s).
		33 B- surface(s).
		56096 Triangle(s).
		Getting triangle connectivities from DB: 0.009 s
		114 Edge(s).
			114 of b-spline type.
		BodyGeom reading: 0.038 s.
		56096 Reference Triangles.
		Getting triangle connectivities from DB (Ref): 0.005 s
		BodyGeom Ref reading: 0.009 s.
Geometry(1):
	Solid.
	-- Bodyset 1 --
	Empty
-----------------------------------------------------------------------
Number of geometries in task: 2
	G : 0	Type: Fluid
	G : 1	Type: Solid
Number of bodysets   in task: 2
-----------------------------------------------------------------------
BodySet (0):
	Making hash and connectivity for Bodyset ...
		CBodyGeom:
		Hash size: {34, 248, 32}.
		Mesh size: {34, 62, 32}.
		Hashing triangles...Ok.
			axis(0) tr sizes: average=52 max=309
			axis(1) tr sizes: average=145 max=873
			axis(2) tr sizes: average=39 max=483
		Making triangles connectivity...Ok. (0.003 s).
		The triangle connectivity from DB is incomplete, and #connects added = 1
		Neighbour triangles: 99.99 % (good connect:56090) - 0.01 % (bad connect:6). Min: 1. Max: 3.
		Number of t-connected sets:2 (cavity=1)
		CBodyGeomRef:
		Hashing triangles...Ok.
			axis(0) tr sizes: average=110 max=623
			axis(1) tr sizes: average=136 max=832
			axis(2) tr sizes: average=84 max=626
	0.057 s.
Geometries reading and preparing has taken 0.126 s.
-----------------------------------------------------------------------
Mapped triangles:
Hashing rough geometry(bodies) triangulation:
BodySet (0):
	Triangles num=56096
	Triangles box={-0.631802 ,0.631801 ,0 ,5 ,0.0440507 ,0.95}
		3d-hash size is 560776 bytes
		Making triangles connectivity...Ok. (0.003 s).
		The triangle connectivity from DB is incomplete, and #connects added = 1
		Neighbour triangles: 99.99 % (good connect:56090) - 0.01 % (bad connect:6). Min: 1. Max: 3.
BodySet (1):
no log info (empty stream)

Mapped triangles processed in 0.045 s.
-----------------------------------------------------------------------
-----------------------------------------------------------------------
Getting sectors:
Number of sectors: 0
-----------------------------------------------------------------------
-----------------------------------------------------------------------
Bodies:     2
Faces:      44
Edges:      114
Triangles:  56096
-----------------------------------------------------------------------

Current CPU = 0 sec
-----------------------------------------------------------------------
Memory Working Set Current = 56.46 Mb, Memory Working Set Peak = 67.40 Mb
Memory Private Bytes Current = 56.24 Mb, Memory Private Bytes Peak = 66.89 Mb
Process Threads Number: 12
-----------------------------------------------------------------------
-----------------------------------------------------------------------
Checking faces on CD...
FCD = [0 0 0 0 0 0]
FCD_conflicts = 0
Time (check faces on CD)=0.000 s
-----------------------------------------------------------------------

-----------------------------------------------------------------------
Mesh dimensions:
				I[0 ]=34
				I[1 ]=62
				I[2 ]=32

Comp. domain size:
				a[0  ]=-3.40195
				a[1  ]=3.40131
				a[2  ]=-2.76819
				a[3  ]=9.61359
				a[4  ]=-2.72483
				a[5  ]=3.7342

Fluid calculated			1
Solid calculated			0
-----------------------------------------------------------------------
MESH Build started...
-----------------------------------------------------------------------
Mesh LEVEL = 1
-----------------------------------------------------------------------
-----------------------------------------------------------------------
CPT-mode xeps:
	D / dh / eps [axis=0] = (6.80326, 0.0776003, 7.76003e-05)
	D / dh / eps [axis=1] = (12.3818, 0.0876617, 8.76617e-05)
	D / dh / eps [axis=2] = (6.45903, 0.0753548, 7.53548e-05)
-----------------------------------------------------------------------
Initial allocation and brick-body-box intersection...OK (0.001 s)
Initial triangle brick intersection...OK (0.001 s)
Setting regions (67456 / 67456)...OK (0.002 s)
-----------------------------------------------------------------------
Base mesh info:
	3D task
	Nx=34
	Ny=62
	Nz=32
	N(Nx*Ny*Nz) = 2108
	Period    axis=[0, 0, 0]
	Symmetry  ni=[0 0 0 0 0 0]
	ZoomingBC ni=[0 0 0 0 0 0]
	Nx=34
		x[0]=-3.40195
		x[1]=-3.12125
		x[2]=-2.85376
		x[3]=-2.59878
		x[4]=-2.35574
		x[5]=-2.12406
		x[6]=-1.90322
		x[7]=-1.69271
		x[8]=-1.49205
		x[9]=-1.30078
		x[10]=-1.11845
		x[11]=-0.944659
		x[12]=-0.778994
		x[13]=-0.621078
		x[14]=-0.465878
		x[15]=-0.310676
		x[16]=-0.155475
		x[17]=-0.000273584
		x[18]=0.154928
		x[19]=0.310129
		x[20]=0.465331
		x[21]=0.620532
		x[22]=0.778471
		x[23]=0.944159
		x[24]=1.11798
		x[25]=1.30032
		x[26]=1.49161
		x[27]=1.69228
		x[28]=1.9028
		x[29]=2.12364
		x[30]=2.35532
		x[31]=2.59836
		x[32]=2.85333
		x[33]=3.1208
		x[34]=3.40131
	Ny=62
		y[0]=-2.76819
		y[1]=-2.47121
		y[2]=-2.18861
		y[3]=-1.91959
		y[4]=-1.66351
		y[5]=-1.41974
		y[6]=-1.1877
		y[7]=-0.966816
		y[8]=-0.756556
		y[9]=-0.556408
		y[10]=-0.365885
		y[11]=-0.184525
		y[12]=-0.00555459
		y[13]=0.173416
		y[14]=0.352387
		y[15]=0.531357
		y[16]=0.710328
		y[17]=0.889298
		y[18]=1.06827
		y[19]=1.24724
		y[20]=1.42621
		y[21]=1.60518
		y[22]=1.78415
		y[23]=1.96312
		y[24]=2.14209
		y[25]=2.32106
		y[26]=2.50003
		y[27]=2.68109
		y[28]=2.86216
		y[29]=3.04322
		y[30]=3.22428
		y[31]=3.40534
		y[32]=3.5864
		y[33]=3.76746
		y[34]=3.94852
		y[35]=4.12958
		y[36]=4.31064
		y[37]=4.4917
		y[38]=4.67276
		y[39]=4.85382
		y[40]=5.03488
		y[41]=5.21594
		y[42]=5.397
		y[43]=5.57806
		y[44]=5.75912
		y[45]=5.94018
		y[46]=6.12124
		y[47]=6.3023
		y[48]=6.48337
		y[49]=6.66443
		y[50]=6.84549
		y[51]=7.02081
		y[52]=7.20466
		y[53]=7.39744
		y[54]=7.59959
		y[55]=7.81157
		y[56]=8.03385
		y[57]=8.26693
		y[58]=8.51134
		y[59]=8.76763
		y[60]=9.03637
		y[61]=9.31817
		y[62]=9.61359
	Nz=32
		z[0]=-2.72483
		z[1]=-2.44185
		z[2]=-2.17265
		z[3]=-1.9165
		z[4]=-1.67275
		z[5]=-1.44082
		z[6]=-1.22013
		z[7]=-1.01014
		z[8]=-0.810315
		z[9]=-0.620179
		z[10]=-0.439256
		z[11]=-0.267101
		z[12]=-0.103288
		z[13]=0.0525856
		z[14]=0.203295
		z[15]=0.354006
		z[16]=0.504717
		z[17]=0.655427
		z[18]=0.806138
		z[19]=0.956849
		z[20]=1.11271
		z[21]=1.27651
		z[22]=1.44866
		z[23]=1.62958
		z[24]=1.81971
		z[25]=2.01953
		z[26]=2.22953
		z[27]=2.45023
		z[28]=2.68217
		z[29]=2.92593
		z[30]=3.1821
		z[31]=3.45132
		z[32]=3.7342
-----------------------------------------------------------------------
Input_mesh_settings--------------------------------
Settings 0----------------
	Scope: GLOBAL
	Type:	------MESHER_SETTINGS----------
	RefAllCells           =0
	RefFluidCells         =0
	RefPartCells          =0
	RefSolidCells         =0
	l_SSFR(Capture crit)  =1
	l_curv(Curvature crit)=0
	l_tol(Tolerance crit) =0
	UseChannelRef         =1
	  NCR_method          =0
	  l_NCR               =1
	  N_gap               =5
	  Use d_NCR_min       =0
	  Use d_NCR_max       =0
	CloseThinSlotsHeight         =0
	--END_OF_MESHER_SETTINGS-------
End of input mesh settings-------------------------
-----------------------------------------------------------------------
Memory Working Set Current = 72.46 Mb, Memory Working Set Peak = 72.46 Mb
Memory Private Bytes Current = 74.45 Mb, Memory Private Bytes Peak = 74.45 Mb
Process Threads Number: 12
-----------------------------------------------------------------------
MMP (msh): locals=1, allc_sz=9.38 MB, used_sz=8.24 MB, blks-min-max=27/27
MMP (brx): locals=6, allc_sz=8.99 MB, used_sz=7.74 MB, blks-min-max=7/18
MMP (bcf): locals=0, allc_sz=0.00 MB, used_sz=0.00 MB, blks-min-max=0/0
MMP (xsl): locals=0, allc_sz=0.00 MB, used_sz=0.00 MB, blks-min-max=0/0
NxNyNz = [34, 62, 32]
base_dx=0.200549; 
NxNyNz_reverse = [34, 62, 32]

-----------------------------------------------------------------------
Refining geometries:
-----------------------------------------------------------------------

-----------------------------------------------------------------------
Refining by triangulation...
Refinement input: 67456 bricks
	Checking crit (67456 / 67456)...59 marked (0.050 s)
	Time(refinement): 0.000 s
Setting regions (472 / 67869)...OK (0.001 s)
	Checking crit (0 / 67869)...0 marked (0.000 s)
Refinement result (1 iterations): 67869 bricks (0.055 s)
Refinement input: 67869 bricks
	Checking crit (67397 / 67869)...0 marked (0.001 s)
Refinement result (0 iterations): 67869 bricks (0.002 s)
Collecting and processing rays:
	Adding rays...OK (0.006 s)
	new bricks = 67869 / 67869
	new rays   = 5846 (x=2204, y=1223, z=2419)
	Processing rays...
		Rays process:  0.060 (0.060) s
		Sort xstacks:  0.000 (0.000) s
		Put xstacks:   0.000 (0.000) s
		Total:         0.060 s
	Correcting rays...
		Lame vertices: 0.002 (0.002) s
		Bad rays:      0.000 (0.000) s
		Emit rays:     0.000 (0.000) s
		Correct ray f: 0.000 (0.000) s
		Undef:         0.000 (0.000) s
		Sum:           0.002 (0.002) s
		Total:         0.003 s
	Time (rays): 0.070 s
Capturing (67869 / 67869)...OK (0.002 s)
Refining by triangulation takes 0.13 s
-----------------------------------------------------------------------

-----------------------------------------------------------------------
Refining peculiar surfaces...
Collecting and processing rays:
	Adding rays...OK (0.000 s)
	new bricks = 0 / 67869
	new rays   = 0 (x=0, y=0, z=0)
	Processing rays...
		Rays process:  0.000 (0.000) s
		Sort xstacks:  0.000 (0.000) s
		Put xstacks:   0.000 (0.000) s
		Total:         0.000 s
	Correcting rays...
		Total:         0.000 s
	Time (rays): 0.001 s
Capturing (0 / 67869)...OK (0.001 s)
0 surfaces refined
Refining peculiar surfaces takes 0.002 s
-----------------------------------------------------------------------

-----------------------------------------------------------------------
Base mesh 1 Refining...
Collecting and processing rays:
	Adding rays...OK (0.000 s)
	new bricks = 0 / 67869
	new rays   = 0 (x=0, y=0, z=0)
	Processing rays...
		Rays process:  0.000 (0.000) s
		Sort xstacks:  0.000 (0.000) s
		Put xstacks:   0.000 (0.000) s
		Total:         0.000 s
	Correcting rays...
		Total:         0.000 s
	Time (rays): 0.001 s
Capturing (0 / 67869)...OK (0.001 s)
Refinement input: 67869 bricks
	Checking crit (67397 / 67869)...0 marked (0.001 s)
Refinement result (0 iterations): 67869 bricks (0.001 s)
-----------------------------------------------------------------------
Refining channels...
FYI: CNarrowChannelRefiner::RefineChannels_PRLL
Refinement input: 67869 bricks
	Time(refinement): 0.000 s
Setting regions (96 / 67953)...OK (0.001 s)
Refinement result (1 iterations): 67953 bricks (0.005 s)
Collecting and processing rays:
	Adding rays...OK (0.000 s)
	new bricks = 96 / 67953
	new rays   = 48 (x=15, y=10, z=23)
	Processing rays...
		Rays process:  0.000 (0.000) s
		Sort xstacks:  0.000 (0.000) s
		Put xstacks:   0.000 (0.000) s
		Total:         0.001 s
	Correcting rays...
		Lame vertices: 0.000 (0.000) s
		Bad rays:      0.000 (0.000) s
		Emit rays:     0.000 (0.000) s
		Correct ray f: 0.000 (0.000) s
		Undef:         0.000 (0.000) s
		Sum:           0.000 (0.000) s
		Total:         0.001 s
	Time (rays): 0.002 s
Capturing (96 / 67953)...OK (0.001 s)
FYI: m_iteration_count = 0
FYI: level1 statistics:
     level1_cnt_plus[1]=96;		level1_cnt_minus[1]=0
     level1_cnt_plus[2]=0;		level1_cnt_minus[2]=0
     level1_cnt_plus[3]=0;		level1_cnt_minus[3]=0
     level1_cnt_plus[4]=0;		level1_cnt_minus[4]=0
     level1_cnt_plus[5]=0;		level1_cnt_minus[5]=0
     level1_cnt_plus[6]=0;		level1_cnt_minus[6]=0
     level1_cnt_plus[7]=0;		level1_cnt_minus[7]=0
     level1_cnt_plus[8]=0;		level1_cnt_minus[8]=0
     level1_cnt_plus[9]=0;		level1_cnt_minus[9]=0
FYI: m_iteration_count = 1
FYI: level1 statistics:
     level1_cnt_plus[1]=96;		level1_cnt_minus[1]=0
     level1_cnt_plus[2]=0;		level1_cnt_minus[2]=0
     level1_cnt_plus[3]=0;		level1_cnt_minus[3]=0
     level1_cnt_plus[4]=0;		level1_cnt_minus[4]=0
     level1_cnt_plus[5]=0;		level1_cnt_minus[5]=0
     level1_cnt_plus[6]=0;		level1_cnt_minus[6]=0
     level1_cnt_plus[7]=0;		level1_cnt_minus[7]=0
     level1_cnt_plus[8]=0;		level1_cnt_minus[8]=0
     level1_cnt_plus[9]=0;		level1_cnt_minus[9]=0
FYI: level1 statistics:
     level1_cnt_plus[1]=96;		level1_cnt_minus[1]=0
     level1_cnt_plus[2]=0;		level1_cnt_minus[2]=0
     level1_cnt_plus[3]=0;		level1_cnt_minus[3]=0
     level1_cnt_plus[4]=0;		level1_cnt_minus[4]=0
     level1_cnt_plus[5]=0;		level1_cnt_minus[5]=0
     level1_cnt_plus[6]=0;		level1_cnt_minus[6]=0
     level1_cnt_plus[7]=0;		level1_cnt_minus[7]=0
     level1_cnt_plus[8]=0;		level1_cnt_minus[8]=0
     level1_cnt_plus[9]=0;		level1_cnt_minus[9]=0

-----------------------------------------------------------------------
U-shapes refinement...
Refinement input: 67953 bricks
	Checking crit (67385 / 67953)...0 marked (0.006 s)
Refinement result (0 iterations): 67953 bricks (0.006 s)
Collecting and processing rays:
	Adding rays...OK (0.000 s)
	new bricks = 0 / 67953
	new rays   = 0 (x=0, y=0, z=0)
	Processing rays...
		Rays process:  0.000 (0.000) s
		Sort xstacks:  0.000 (0.000) s
		Put xstacks:   0.000 (0.000) s
		Total:         0.000 s
	Correcting rays...
		Total:         0.000 s
	Time (rays): 0.001 s
Capturing (0 / 67953)...OK (0.001 s)
-----------------------------------------------------------------------

-----------------------------------------------------------------------
Equi Distant Refiner:
Equi Distant Refiner takes 0.00 s
-----------------------------------------------------------------------

/-Ray Intersection---------------/ Time	0.341 s
Calls                5894
CorrectRay Calls     0



-----------------------------------------------------------------------
Refining geometries takes 0.203 s
-----------------------------------------------------------------------
-----------------------------------------------------------------------
Memory Working Set Current = 82.70 Mb, Memory Working Set Peak = 82.70 Mb
Memory Private Bytes Current = 84.34 Mb, Memory Private Bytes Peak = 84.34 Mb
Process Threads Number: 12
-----------------------------------------------------------------------
Defect ray count	0
FYI: CNarrowChannelRefiner::RedistributeLevel1_step_1: is started
FYI: CNarrowChannelRefiner::RedistributeLevel1_step_1: is finished (0.001 s)
FYI: level1 statistics:
     level1_cnt_plus[1]=96;		level1_cnt_minus[1]=0
     level1_cnt_plus[2]=0;		level1_cnt_minus[2]=0
     level1_cnt_plus[3]=0;		level1_cnt_minus[3]=0
     level1_cnt_plus[4]=0;		level1_cnt_minus[4]=0
     level1_cnt_plus[5]=0;		level1_cnt_minus[5]=0
     level1_cnt_plus[6]=0;		level1_cnt_minus[6]=0
     level1_cnt_plus[7]=0;		level1_cnt_minus[7]=0
     level1_cnt_plus[8]=0;		level1_cnt_minus[8]=0
     level1_cnt_plus[9]=0;		level1_cnt_minus[9]=0
FYI: CNarrowChannelRefiner::RedistributeLevel1_step_2: is started
FYI: CNarrowChannelRefiner::RedistributeLevel1_step_2: is finished (0.038 s)
FYI: level1 statistics:
     level1_cnt_plus[1]=99;		level1_cnt_minus[1]=0
     level1_cnt_plus[2]=0;		level1_cnt_minus[2]=0
     level1_cnt_plus[3]=0;		level1_cnt_minus[3]=0
     level1_cnt_plus[4]=0;		level1_cnt_minus[4]=0
     level1_cnt_plus[5]=0;		level1_cnt_minus[5]=0
     level1_cnt_plus[6]=0;		level1_cnt_minus[6]=0
     level1_cnt_plus[7]=0;		level1_cnt_minus[7]=0
     level1_cnt_plus[8]=0;		level1_cnt_minus[8]=0
     level1_cnt_plus[9]=0;		level1_cnt_minus[9]=0
FYI: CNarrowChannelRefiner::RedistributeLevel1_step_3: is started
FYI: CNarrowChannelRefiner::RedistributeLevel1_step_3: is finished (0.011 s)
RedistributeLevel1 takes:
FYI: level1 statistics:
     level1_cnt_plus[1]=99;		level1_cnt_minus[1]=381
     level1_cnt_plus[2]=0;		level1_cnt_minus[2]=0
     level1_cnt_plus[3]=0;		level1_cnt_minus[3]=0
     level1_cnt_plus[4]=0;		level1_cnt_minus[4]=0
     level1_cnt_plus[5]=0;		level1_cnt_minus[5]=0
     level1_cnt_plus[6]=0;		level1_cnt_minus[6]=0
     level1_cnt_plus[7]=0;		level1_cnt_minus[7]=0
     level1_cnt_plus[8]=0;		level1_cnt_minus[8]=0
     level1_cnt_plus[9]=0;		level1_cnt_minus[9]=0
-----------------------------------------------------------------------
MSH format builder (Iteration 0)
-----------------------------------------------------------------------
Memory Working Set Current = 84.38 Mb, Memory Working Set Peak = 84.38 Mb
Memory Private Bytes Current = 86.18 Mb, Memory Private Bytes Peak = 86.18 Mb
Process Threads Number: 12
-----------------------------------------------------------------------
Total bricks count: 67953
-----------------------------------------------------------------------
MSH (Real Geometry) format constructor:
	Geom    Count = 2
	Bodyset Count = 2
	3D task
	Getting brick sets...OK (0.002 s)

	Min x-stack xeps = 1.77872e-06
	D / dh / eps [axis=0] = (6.80326, 0.0776003, 5.92907e-07)
	D / dh / eps [axis=1] = (12.3818, 0.0894853, 5.92907e-07)
	D / dh / eps [axis=2] = (6.45903, 0.0753548, 5.92907e-07)
	Time (xeps): 0.001 s
Level 1
	Set (0)  size: 284
	Set (0)  time: 0.017 s
	Set (1)  size: 284
	Set (1)  time: 0.007 s
Level 0
	Set (0)  size: 33694
	Set (0)  time: 0.016 s
	Set (1)  size: 33691
	Set (1)  time: 0.019 s

	Spread npq bricks...0 marked (0.001 s)

Result:
	Bricks number:                        67953

	Memory usage:                         1.019 MB
	Memory usage (per brick):             0.015 KB
	Construction time:                    0.067 s

	Topology features:
	------------------
	- High quality bricks                  100.00 % (67953)
	- Medium quality bricks                  0.00 % (0)
	- Bad quality bricks                     0.00 % (0)
	- NPQ bricks                             0.00 % (0)
	- Type-1 bricks                          0.96 % (650)
	- Ribs corrected bricks                  0.00 % (0)
	- Points with geom-info (bricks)         0.00 % (0)
	- Points with closest-info (bricks)      0.00 % (0)
	- Triangulated by center (bricks)        0.00 % (0)
	- Facet w-faces mergings (bricks)        0.00 % (0)
	- To refine (bricks)                     0.00 % (0)
	- Points-count                           0.00 % (0)
	- T-self-intersection-all (bricks)       0.00 % (0)
	- T-self-intersection-simple (bricks)    0.00 % (0)
	- T-self-intersection-complex (bricks)   0.00 % (0)
	- NPQ by reason 1 u-shape                0.00 % (0)
	- NPQ by reason 2 tri-by-ctr             0.00 % (0)
	- NPQ by reason 3 ray-correction         0.00 % (0)
	- NPQ by reason 4 t-self-intersection    0.00 % (0)
	- NPQ by reason 5 non-good               0.00 % (0)
	- NPQ by reason 6 npq-worker             0.00 % (0)

-----------------------------------------------------------------------
Memory Working Set Current = 91.87 Mb, Memory Working Set Peak = 91.87 Mb
Memory Private Bytes Current = 93.77 Mb, Memory Private Bytes Peak = 93.77 Mb
Process Threads Number: 12
-----------------------------------------------------------------------
-----------------------------------------------------------------------
msh-iterations: 1
-----------------------------------------------------------------------
high---q-brick-count = 100.00 % (67953 67953)
medium-q-brick-count =   0.00 % (67953 0)
bad----q-brick-count =   0.00 % (67953 0)
np-----q-brick-count =   0.00 % (67953 0)
-----------------------------------------------------------------------
Free brick parser storage...OK(0.001 s)
-----------------------------------------------------------------------
Memory Working Set Current = 91.92 Mb, Memory Working Set Peak = 91.92 Mb
Memory Private Bytes Current = 93.77 Mb, Memory Private Bytes Peak = 93.77 Mb
Process Threads Number: 12
-----------------------------------------------------------------------
-----------------------------------------------------------------------
MSH --> BCF format (Iteration 0)...
BCF collector...(remove mode=0)
	Time (alloc counter per brick): 0.001 s
	Brick    count: 67953
	Av.f all count: 67896
	Av.s all count: 737
	Av.f pid count: 680
	Av.s pid count: 650
	Faces fs count: 2269
	Faces ff count: 0
	Faces ss count: 0
	Faces bb count: 0
	Faces fe count: 10360
	Faces se count: 0
	Faces fw count: 12629
	Faces af count: 198650
	Faces as count: 1850
	Time (all count): 	0.005 s
	Time (bcf alloc): 	0.001 s
	Time (shifts alloc): 	0.002 s
	Time (shifts init): 	0.002 s
	Time (bcf fill): 	0.007 s
	Time (add av to faces): 0.000 s
	Time (add faces to av): 0.004 s
Time (bcf collect): 		0.024 s
	AV checker...
		Hole marker...
			Subdomains:               1.
			Subdomains (cond):        1.
			Time (sd):      0.009 s.
			Time (sd_cond): 0.009 s.
			Time (potential-hole marking): 	0.001 s
			Time (hole checking): 0.000 s.
			0 av(s) are marked to fill subdomain holes.
		Time (hole marker): 0.020 s.
	Time (check av): 	0.037 s
	Subdomain checker...
		Subdomains construction time: 0.008 s.
		Subdomains sort time: 0.000 s.
			Subdomain 0 (geom_ind=0): 67896 av
			Subdomain 1 (geom_ind=1): 737 av
		gi: 0, real bodies: 1
		gi: 0, subdomains:  1
		gi: 1, real bodies: 0
		gi: 1, subdomains:  1
		Defect subdomains: 0
	Time (check subdoms): 	0.010 s
Time (bcf iteration total): 	0.071 s
	Time (fw-nb): 		0.001 s
	Fixed mutual fw-nb:     2157 (bb: 0)
	Time (fw-nb mutual): 	0.001 s
	Time (fw-nb sort): 	0.000 s
	Fw-opt BEFORE total:    12629 (fs=2269, ff=0, ss=0)
	Fw-opt AFTER  total:    11565 (fs=1205, ff=0, ss=0, failed fw/br=0/0, big_curv=5, big_poly=0)
	Fw-opt RESULT:          1064 (res/(fs+ff+ss) = 46.89 %)
	Time (fw-opt): 		0.001 s
	Time (fw-re-order): 	0.001 s
	Time (fw-nb): 		0.003 s
	Fixed mutual fw-nb:     23194 (bb: 0)
	Time (fw-nb mutual): 	0.001 s
	Time (fw-nb sort): 	0.000 s
	Time (rfd fix): 	0.000 s
	Time (av convexity): 	0.001 s
	Time (av small volume): 0.000 s
	Time (diagonal fw-nb): 	0.010 s
	Fixed mutual fw-nb:     0 (bb: 0)
	Time (fw-nb mutual): 	0.001 s
	Time (fw-nb sort): 	0.000 s
	Fluid subdomains: 1
	Faces fw-nb diff sd:    0
	Time (fw-nb diff sd): 	0.009 s
Time (bcf calc): 		0.033 s
-----------------------------------------------------------------------
Time (bcf total): 		0.104 s
-----------------------------------------------------------------------
bcf-iterations: 1
-----------------------------------------------------------------------
-----------------------------------------------------------------------
Mega-cv constructor for fluid...
	 0 av's is treated as thin
Relative size generator (threshold = 0.05)...
	Iteration 1 (small cluster count = 37)
	Iteration 2 (small cluster count = 11)
	Iteration 3 (small cluster count = 0)
	 37 mega-cv's generated
	 0 mega-cv's removed
Relative size generator is completed OK (0.003 s)
Apply fa-rules to mega-cv clusters fixes...
	Fa-rule violation fixes:        3 of        3 (total cluster# =       40)
OK (0.000 s)
Convert clusters:
	 37 mega-cv's total
Mega-cv count: 37
Time (mega-cv fill): 	0.000 s
Time (mega-cv total): 	0.014 s
-----------------------------------------------------------------------
Mixing plane rotation regions: NO.
Sliding mesh rotation regions: NO.
Fluid/fluid faces: NO.
-----------------------------------------------------------------------
Memory Working Set Current = 109.81 Mb, Memory Working Set Peak = 119.71 Mb
Memory Private Bytes Current = 137.25 Mb, Memory Private Bytes Peak = 137.25 Mb
Process Threads Number: 12
-----------------------------------------------------------------------
----------------------------------------------------------
BCF --> BCF.GEOMSUBDOM (bridge arrays):
MESH (0):
	Fluid Subdom Constructor: 1 subdom(s).
	Solid Subdom Constructor: 1 subdom(s).
	Net Asm Subdom Constructor: 0 subdom(s).
	GEOMSUBDOM (0): gi=0 Fluid av=67896 cv=67859 fa=198650 fb=0 fw=11565 V=5.432688e+02
	Cache data...OK
	GEOMSUBDOM (1): gi=1 Solid av=737 cv=737 fa=1850 fb=0 fw=1205 V=8.172021e-01
	Cache data...OK
	Setting nb of w-faces...OK (0.001 s).
	Correcting nb of w-faces...
	Time(correct_fw_nb)=0.002 s

MESH (0) checking:
	GEOMSUBDOM (0):fa_s=7919.8423779598324472 fb_s=0.0000000000000000 fw_s=424.9076644575336559 fw_nb=92416
	              :d_const(54842)=8.21368e-14 d_linear(54842)=1.29978e-13
	GEOMSUBDOM (1):fa_s=16.7046782729404093 fb_s=0.0000000000000000 fw_s=8.6011658644402758 fw_nb=9560
	              :d_const(723)=4.41584e-13 d_linear(612)=3.12084e-10
MESH (0) checking: OK.
Time (MDS): 	0.062 s
----------------------------------------------------------
-----------------------------------------------------------------------
Memory Working Set Current = 130.38 Mb, Memory Working Set Peak = 130.38 Mb
Memory Private Bytes Current = 156.43 Mb, Memory Private Bytes Peak = 156.43 Mb
Process Threads Number: 12
-----------------------------------------------------------------------

-----------------------------------------------------------------------
BCF CHECKSUM DATA (Mesh 0):

BRICK |Level1| Sum:               480
FACE_A Area Sum:   G.Fluid        7919.8423779598315377
FACE_A Area Sum:   G.Solid        16.7046782729404093
FACE_W Area Sum:                  424.9076644575336559
FACE_W Nb   Sum:                  92416
FACE_W min curvatures sum:        -10954578.34895353
FACE_W max curvatures sum:        56504777.80964317
AV Max Disbalance(Const) :        4.41584e-13 (cid=39771, t={32, 79, 36}, avid=68619, pid=636)
AV Max Disbalance(Linear):        3.12084e-10 (cid=39519, t={31, 68, 37}, avid=68535, pid=552)
-----------------------------------------------------------------------


-----------------------------------------------------------------------
MESHER TOPOLOGY DATA:

BRICKS: Total                 67953
BRICKS: Fluid                 67866
BRICKS: Fluid Partial         650
BRICKS: Type 1                650
BRICKS: Max AV number         3

AV:     G.Total               68633
AV:     G.Fluid               67896
AV:     G.Solid               737

AV:     G.Fluid Thin Profile    0.00 % (0)
AV:     G.Solid Thin Profile    4.07 % (30)

AV:     G.Fluid Thin For Mega   0.00 % (0)
AV:     G.Solid Thin For Mega   3.80 % (28)

AV:     G.Fluid Non-Convex      0.65 % (443)
AV:     G.Solid Non-Convex     51.42 % (379)

AV:     G.Fluid Non-Ess-Convex      0.48 % (323)
AV:     G.Solid Non-Ess-Convex     28.36 % (209)

FACE_A: G.Fluid          (af) 198650 (partially opened 1416)
FACE_A: G.Solid          (as) 1850 (partially opened 1343)

FACE_B: G.Total          (b)  0

FACE_W: G.Total                 11565       Brick/Bound
FACE_W: G.Fluid/Solid    (fs_g) 1205        0           
FACE_W: G.Fluid/Fluid    (ff_g) 0           0           
FACE_W: G.Solid/Solid    (ss_g) 0           0           
FACE_W: G.Fluid/Void     (fv_g) 0           0           
FACE_W: G.Fluid/External (fe_g) 10360
FACE_W: G.Solid/External (se_g) 0

AV/CV max fa count (on brick side):4
AV/CV max fw count:                4
AV/CV max fb count:                0
AV/CV max fw poly count:           16

MEMORY: Total                   20.154 MB
MEMORY: Per Brick               0.304 KB
-----------------------------------------------------------------------

-----------------------------------------------------------------------
Connectivities information:
	Number of conns: 0
-----------------------------------------------------------------------
	Time (gap size): 	0.014 s
-----------------------------------------------------------------------
Memory Working Set Current = 130.52 Mb, Memory Working Set Peak = 130.52 Mb
Memory Private Bytes Current = 156.43 Mb, Memory Private Bytes Peak = 156.44 Mb
Process Threads Number: 12
-----------------------------------------------------------------------
-----------------------------------------------------------------------
Calculating curvature and tolerance criteria...
Curvature: min=0 (cid=0) max=3.14159 (cid=39218)
Tolerance: min=0 (cid=0) max=0.0839307 (cid=29958)
Calculating curvature and tolerance criteria takes 0.069 s
-----------------------------------------------------------------------
MESH Build(FS) finished. Time=0.636 s
-----------------------------------------------------------------------
Current CPU = 1 sec

Nx=34
Ny=62
Nz=32
Max BRICK Level=1
Mesh Level=1
-----------------CModelBodies2MeshMapper::CollectData started -------------------------------
	Time (collect mesh base data): 0.001 s.
	Time (collect model bodies mapping): 0.000 s.
	Time (collect positive bodies mapping): 0.000 s.
	Time (collect fluid bodies mapping): 0.000 s.
-----------------CModelBodies2MeshMapper Report -------------------------------
FluidDomains 1 SolidDomains 1 VoidDomains 0 
Domains RefIndexes
----------------- -------------------------------
	ModelBodies
Total resolved Bodies 0 BodySets 0

--------------------------------------------------------------------------
	Positive geometry Bodies
Total resolved Bodies 1 BodySets 1
BodySet 0
	Bodies list:
			#0	Name: ;	ID: b1e40fdf-8365-4a6f-a1e0-1a29448b04a1
	Domains list:mesh type	 (0, 1)		 0 


--------------------------------------------------------------------------
	Fluid regions
Total resolved Bodies 1 BodySets 1
BodySet 0	Material: Air; 
	Bodies list:
			#0	Name: ;	ID: b1e40fdf-8365-4a6f-a1e0-1a29448b04a1
	Domains list:mesh type	 (0, 1)		 0 


--------------------------------------------------------------------------
Collect data takes...0.001 s
-----------------CModelBodies2MeshMapper::CollectData finished successfully-------------------
Saving initial mesh in: C:\Users\juded\OneDrive\Desktop\Car shit\11\11.fld .
Storing results...
	Estimated CPT size=7.425 MB.
	Time (write bcf): 0.165 s
Storing results takes 0.170 s
-----------------------------------------------------------------------
Memory Working Set Current = 130.84 Mb, Memory Working Set Peak = 130.84 Mb
Memory Private Bytes Current = 156.43 Mb, Memory Private Bytes Peak = 156.44 Mb
Process Threads Number: 12
-----------------------------------------------------------------------
Cleaning memory...
-----------------------------------------------------------------------
Start to free mesher data...
MMP (msh): locals=6, allc_sz=9.50 MB, used_sz=8.31 MB, blks-min-max=1/27
MMP (brx): locals=6, allc_sz=9.35 MB, used_sz=8.57 MB, blks-min-max=9/18
MMP (bcf): locals=6, allc_sz=29.53 MB, used_sz=28.71 MB, blks-min-max=11/37
MMP (xsl): locals=6, allc_sz=0.09 MB, used_sz=0.05 MB, blks-min-max=1/1
Free xsl...            OK	Time=0.000 s
Free ray collector...  OK	Time=0.000 s
Free ray intersector...OK	Time=0.000 s
Free body sets...      OK	Time=0.009 s
Free Geometry DB takes 0.000 s
Free mesh conn...      OK	Time=0.000 s
Free geomsd...         OK	Time=0.000 s
Free mbricks...        OK	Time=0.001 s
Free hash info...      OK	Time=0.001 s
Free bricks-x...       OK	Time=0.000 s
Free bcf...            OK	Time=0.002 s
Free mesh h...         OK	Time=0.000 s
Free bricks arr..      OK	Time=0.000 s
Free bricks tree...    OK	Time=0.000 s
Free mesh pools...     OK	Time=0.006 s
Free bodies mapper...  OK	Time=0.000 s
Free geom crits...     OK	Time=0.000 s
Free cpt regions...    OK	Time=0.000 s
Free peculiar surfs... OK	Time=0.000 s
Free sw-geometries...  OK	Time=0.000 s
Total free mesher data time: 0.023 s
-----------------------------------------------------------------------
Copying... OK
CPT size=2.206 MB (2313660 bytes).
Mesh generation normally finished at	13.12.2024	17:15:50
Mesher CPU = 1 sec
Mesher is finished at	13.12.2024	17:15:50
-----------------------------------------------------------------------
Memory Working Set Current = 38.00 Mb, Memory Working Set Peak = 130.84 Mb
Memory Private Bytes Current = 63.07 Mb, Memory Private Bytes Peak = 156.44 Mb
Process Threads Number: 12
-----------------------------------------------------------------------
Algebra Pool      : mem_usage = 2.06 Mb, allocated count = 0
-----------------------------------------------------------------------
Memory Working Set Current = 36.16 Mb, Memory Working Set Peak = 130.84 Mb
Memory Private Bytes Current = 61.07 Mb, Memory Private Bytes Peak = 156.44 Mb
Process Threads Number: 12
Process Threads Number Peak: 12
-----------------------------------------------------------------------
Log ended at 13.12.2024	17:15:50
