Log started at 15.12.2024	14:46:53
Number of used processors (NPROC): 6.
Number of mesh partitions (NPART): 6.
Total Physical Memory = 31.91 Gb, Available Physical Memory = 17.32 Gb
Computer name:	DESKTOP-C408A46
Operating system:	Windows 11 (or higher) (Version 10.0.22631)

Commandline:	"C:\Program Files\SOLIDWORKS Corp\SOLIDWORKS Flow Simulation\BINCFW\efdsolver.exe" /config:"C:\Users\juded\OneDrive\Desktop\Car shit\28\28.xmlconfig" /guid:47ee9b1f-0beb-47e2-8af1-d1213ea41331 /processors:max /m /s /prjnamelm:"Flow Simulation 2023" /prjnamehabout:"Flow Simulation 2023" /companyname:"COSMOS Applications" /prjaliasid:1009 /lang:English /port:57819

SOLIDWORKS 2023 SP2.1
Flow Simulation 2023  x64 / 5965

Project: C:\Users\juded\OneDrive\Desktop\Car shit\28\28.xmlconfig
Configuration name: Default
Project name: Project(1)
Problem type: external-with-void-internal-space-type
Exclude cavities without flow conditions: ON
NGK: OFF
MBO: OFF
-----------------------------------------------------------------------
Mesher option run = eRunMesherNormal
-----------------------------------------------------------------------

Mesh generation started:	15.12.2024	14:46:53
-----------------------------------------------------------------------
Memory Working Set Current = 15.46 Mb, Memory Working Set Peak = 15.46 Mb
Memory Private Bytes Current = 15.96 Mb, Memory Private Bytes Peak = 15.96 Mb
Process Threads Number: 7
-----------------------------------------------------------------------
Mesher adjust APD = OFF; AdjustAPD_method=0; N_per_Channel = 0; N2_per_Channel = 0
Current CPU = 0 sec
-----------------------------------------------------------------------
Geometries initialization:
-----------------------------------------------------------------------
Loading mesh settings (global/local)...
-----------------------------------------------------------------------
Number of geometries from DB: 1
Geometry(0):
	Guid = {00000000-0000-0000-0000-000000000000}
	Fluid..
	1 Body.
	1 Real body.
	-- Bodyset 0 --
		Tolerance=0.000243813.
		27 Face(s).
			27 of b-spline type.
		0 Face(s) that have no ref faces
		11 Plane surface(s).
		16 B- surface(s).
		94332 Triangle(s).
		Getting triangle connectivities from DB: 0.008 s
		81 Edge(s).
			81 of b-spline type.
		BodyGeom reading: 0.040 s.
		94332 Reference Triangles.
		Getting triangle connectivities from DB (Ref): 0.008 s
		BodyGeom Ref reading: 0.014 s.
Geometry(1):
	Solid.
	-- Bodyset 1 --
	Empty
-----------------------------------------------------------------------
Number of geometries in task: 2
	G : 0	Type: Fluid
	G : 1	Type: Solid
Number of bodysets   in task: 2
-----------------------------------------------------------------------
BodySet (0):
	Making hash and connectivity for Bodyset ...
		CBodyGeom:
		Hash size: {44, 344, 32}.
		Mesh size: {44, 86, 32}.
		Hashing triangles...Ok.
			axis(0) tr sizes: average=45 max=539
			axis(1) tr sizes: average=177 max=1066
			axis(2) tr sizes: average=23 max=199
		Number of t-connected sets:1 (cavity=0)
		CBodyGeomRef:
		Hashing triangles...Ok.
			axis(0) tr sizes: average=97 max=961
			axis(1) tr sizes: average=171 max=1050
			axis(2) tr sizes: average=50 max=422
	0.0979 s.
Geometries reading and preparing has taken 0.184 s.
-----------------------------------------------------------------------
Mapped triangles:
Hashing rough geometry(bodies) triangulation:
BodySet (0):
	Triangles num=94332
	Triangles box={-0.911387 ,0.915169 ,-5 ,1.77636e-17 ,0.0671757 ,0.553492}
		3d-hash size is 1052744 bytes
BodySet (1):
no log info (empty stream)

Mapped triangles processed in 0.080 s.
-----------------------------------------------------------------------
-----------------------------------------------------------------------
Getting sectors:
Number of sectors: 0
-----------------------------------------------------------------------
-----------------------------------------------------------------------
Bodies:     2
Faces:      27
Edges:      81
Triangles:  94332
-----------------------------------------------------------------------

Current CPU = 1 sec
-----------------------------------------------------------------------
Memory Working Set Current = 80.43 Mb, Memory Working Set Peak = 98.04 Mb
Memory Private Bytes Current = 80.39 Mb, Memory Private Bytes Peak = 98.00 Mb
Process Threads Number: 12
-----------------------------------------------------------------------
-----------------------------------------------------------------------
Checking faces on CD...
FCD = [0 0 0 0 0 0]
FCD_conflicts = 0
Time (check faces on CD)=0.001 s
-----------------------------------------------------------------------

-----------------------------------------------------------------------
Mesh dimensions:
				I[0 ]=44
				I[1 ]=86
				I[2 ]=32

Comp. domain size:
				a[0  ]=-2.37503
				a[1  ]=2.37925
				a[2  ]=-7.43818
				a[3  ]=1.46296
				a[4  ]=-1.39677
				a[5  ]=2.01662

Fluid calculated			1
Solid calculated			0
-----------------------------------------------------------------------
MESH Build started...
-----------------------------------------------------------------------
Mesh LEVEL = 1
-----------------------------------------------------------------------
-----------------------------------------------------------------------
CPT-mode xeps:
	D / dh / eps [axis=0] = (4.75428, 0.0447982, 4.47982e-05)
	D / dh / eps [axis=1] = (8.90114, 0.0464389, 4.64389e-05)
	D / dh / eps [axis=2] = (3.41339, 0.0398225, 3.98225e-05)
-----------------------------------------------------------------------
Initial allocation and brick-body-box intersection...OK (0.002 s)
Initial triangle brick intersection...OK (0.001 s)
Setting regions (121088 / 121088)...OK (0.002 s)
-----------------------------------------------------------------------
Base mesh info:
	3D task
	Nx=44
	Ny=86
	Nz=32
	N(Nx*Ny*Nz) = 3784
	Period    axis=[0, 0, 0]
	Symmetry  ni=[0 0 0 0 0 0]
	ZoomingBC ni=[0 0 0 0 0 0]
	Nx=44
		x[0]=-2.37503
		x[1]=-2.21563
		x[2]=-2.06391
		x[3]=-1.91945
		x[4]=-1.7819
		x[5]=-1.65093
		x[6]=-1.52624
		x[7]=-1.40751
		x[8]=-1.29446
		x[9]=-1.18682
		x[10]=-1.08433
		x[11]=-0.986747
		x[12]=-0.893834
		x[13]=-0.804237
		x[14]=-0.71464
		x[15]=-0.625043
		x[16]=-0.535445
		x[17]=-0.445848
		x[18]=-0.356251
		x[19]=-0.266653
		x[20]=-0.177056
		x[21]=-0.0874586
		x[22]=0.00213874
		x[23]=0.0917361
		x[24]=0.181333
		x[25]=0.270931
		x[26]=0.360528
		x[27]=0.450125
		x[28]=0.539723
		x[29]=0.62932
		x[30]=0.718918
		x[31]=0.808515
		x[32]=0.898112
		x[33]=0.99103
		x[34]=1.08862
		x[35]=1.19111
		x[36]=1.29875
		x[37]=1.4118
		x[38]=1.53054
		x[39]=1.65524
		x[40]=1.78621
		x[41]=1.92376
		x[42]=2.06823
		x[43]=2.21995
		x[44]=2.37925
	Ny=86
		y[0]=-7.43818
		y[1]=-7.28229
		y[2]=-7.13361
		y[3]=-6.99175
		y[4]=-6.85642
		y[5]=-6.72731
		y[6]=-6.60414
		y[7]=-6.48662
		y[8]=-6.37451
		y[9]=-6.26755
		y[10]=-6.16551
		y[11]=-6.06816
		y[12]=-5.97528
		y[13]=-5.87874
		y[14]=-5.7822
		y[15]=-5.68567
		y[16]=-5.58913
		y[17]=-5.49259
		y[18]=-5.39606
		y[19]=-5.29952
		y[20]=-5.20298
		y[21]=-5.10645
		y[22]=-5.00991
		y[23]=-4.91337
		y[24]=-4.81684
		y[25]=-4.7203
		y[26]=-4.62376
		y[27]=-4.52723
		y[28]=-4.43069
		y[29]=-4.33416
		y[30]=-4.23762
		y[31]=-4.14108
		y[32]=-4.04455
		y[33]=-3.94801
		y[34]=-3.85147
		y[35]=-3.75494
		y[36]=-3.6584
		y[37]=-3.56186
		y[38]=-3.46533
		y[39]=-3.36879
		y[40]=-3.27225
		y[41]=-3.17572
		y[42]=-3.07918
		y[43]=-2.98264
		y[44]=-2.88611
		y[45]=-2.78957
		y[46]=-2.69303
		y[47]=-2.5965
		y[48]=-2.49996
		y[49]=-2.40375
		y[50]=-2.30755
		y[51]=-2.21134
		y[52]=-2.11513
		y[53]=-2.01892
		y[54]=-1.92272
		y[55]=-1.82651
		y[56]=-1.7303
		y[57]=-1.6341
		y[58]=-1.53789
		y[59]=-1.44168
		y[60]=-1.34548
		y[61]=-1.24927
		y[62]=-1.15306
		y[63]=-1.05685
		y[64]=-0.960647
		y[65]=-0.86444
		y[66]=-0.768233
		y[67]=-0.672026
		y[68]=-0.575819
		y[69]=-0.479612
		y[70]=-0.383405
		y[71]=-0.287198
		y[72]=-0.190991
		y[73]=-0.0947842
		y[74]=0.00142281
		y[75]=0.0976298
		y[76]=0.193708
		y[77]=0.294596
		y[78]=0.400535
		y[79]=0.511776
		y[80]=0.628586
		y[81]=0.751242
		y[82]=0.880039
		y[83]=1.01528
		y[84]=1.15729
		y[85]=1.30642
		y[86]=1.46296
	Nz=32
		z[0]=-1.39677
		z[1]=-1.24723
		z[2]=-1.10496
		z[3]=-0.969591
		z[4]=-0.840781
		z[5]=-0.718213
		z[6]=-0.601585
		z[7]=-0.490609
		z[8]=-0.38501
		z[9]=-0.284529
		z[10]=-0.188917
		z[11]=-0.097939
		z[12]=-0.0113694
		z[13]=0.0710049
		z[14]=0.15065
		z[15]=0.230296
		z[16]=0.309941
		z[17]=0.389587
		z[18]=0.469233
		z[19]=0.548879
		z[20]=0.631247
		z[21]=0.717811
		z[22]=0.808786
		z[23]=0.904395
		z[24]=1.00487
		z[25]=1.11047
		z[26]=1.22145
		z[27]=1.33808
		z[28]=1.46065
		z[29]=1.58947
		z[30]=1.72485
		z[31]=1.86713
		z[32]=2.01662
-----------------------------------------------------------------------
Input_mesh_settings--------------------------------
Settings 0----------------
	Scope: GLOBAL
	Type:	------MESHER_SETTINGS----------
	RefAllCells           =0
	RefFluidCells         =0
	RefPartCells          =0
	RefSolidCells         =0
	l_SSFR(Capture crit)  =1
	l_curv(Curvature crit)=0
	l_tol(Tolerance crit) =0
	UseChannelRef         =1
	  NCR_method          =0
	  l_NCR               =1
	  N_gap               =5
	  Use d_NCR_min       =0
	  Use d_NCR_max       =0
	CloseThinSlotsHeight         =0
	--END_OF_MESHER_SETTINGS-------
End of input mesh settings-------------------------
-----------------------------------------------------------------------
Memory Working Set Current = 109.07 Mb, Memory Working Set Peak = 109.07 Mb
Memory Private Bytes Current = 111.38 Mb, Memory Private Bytes Peak = 111.38 Mb
Process Threads Number: 12
-----------------------------------------------------------------------
MMP (msh): locals=1, allc_sz=16.30 MB, used_sz=14.79 MB, blks-min-max=30/30
MMP (brx): locals=6, allc_sz=15.14 MB, used_sz=13.93 MB, blks-min-max=12/21
MMP (bcf): locals=0, allc_sz=0.00 MB, used_sz=0.00 MB, blks-min-max=0/0
MMP (xsl): locals=0, allc_sz=0.00 MB, used_sz=0.00 MB, blks-min-max=0/0
NxNyNz = [44, 86, 32]
base_dx=0.106074; 
NxNyNz_reverse = [45, 84, 32]

-----------------------------------------------------------------------
Refining geometries:
-----------------------------------------------------------------------

-----------------------------------------------------------------------
Refining by triangulation...
Refinement input: 121088 bricks
	Checking crit (121088 / 121088)...67 marked (0.056 s)
	Time(refinement): 0.000 s
Setting regions (536 / 121557)...OK (0.001 s)
	Checking crit (0 / 121557)...0 marked (0.001 s)
Refinement result (1 iterations): 121557 bricks (0.066 s)
Refinement input: 121557 bricks
	Checking crit (121021 / 121557)...0 marked (0.002 s)
Refinement result (0 iterations): 121557 bricks (0.003 s)
Collecting and processing rays:
	Adding rays...OK (0.014 s)
	new bricks = 121557 / 121557
	new rays   = 8748 (x=2951, y=1628, z=4169)
	Processing rays...
		Rays process:  0.135 (0.135) s
		Sort xstacks:  0.000 (0.000) s
		Put xstacks:   0.001 (0.001) s
		Total:         0.136 s
	Correcting rays...
		Lame vertices: 0.005 (0.005) s
		Bad rays:      0.000 (0.000) s
		Emit rays:     0.000 (0.000) s
		Correct ray f: 0.000 (0.000) s
		Undef:         0.000 (0.000) s
		Sum:           0.005 (0.005) s
		Total:         0.005 s
	Time (rays): 0.157 s
Capturing (121557 / 121557)...OK (0.004 s)
Refining by triangulation takes 0.23 s
-----------------------------------------------------------------------

-----------------------------------------------------------------------
Refining peculiar surfaces...
Collecting and processing rays:
	Adding rays...OK (0.001 s)
	new bricks = 0 / 121557
	new rays   = 0 (x=0, y=0, z=0)
	Processing rays...
		Rays process:  0.000 (0.000) s
		Sort xstacks:  0.000 (0.000) s
		Put xstacks:   0.000 (0.000) s
		Total:         0.000 s
	Correcting rays...
		Total:         0.000 s
	Time (rays): 0.001 s
Capturing (0 / 121557)...OK (0.001 s)
0 surfaces refined
Refining peculiar surfaces takes 0.003 s
-----------------------------------------------------------------------

-----------------------------------------------------------------------
Base mesh 1 Refining...
Collecting and processing rays:
	Adding rays...OK (0.001 s)
	new bricks = 0 / 121557
	new rays   = 0 (x=0, y=0, z=0)
	Processing rays...
		Rays process:  0.000 (0.000) s
		Sort xstacks:  0.000 (0.000) s
		Put xstacks:   0.000 (0.000) s
		Total:         0.000 s
	Correcting rays...
		Total:         0.000 s
	Time (rays): 0.001 s
Capturing (0 / 121557)...OK (0.001 s)
Refinement input: 121557 bricks
	Checking crit (121021 / 121557)...0 marked (0.001 s)
Refinement result (0 iterations): 121557 bricks (0.002 s)
-----------------------------------------------------------------------
Refining channels...
FYI: CNarrowChannelRefiner::RefineChannels_PRLL
Refinement input: 121557 bricks
	Time(refinement): 0.000 s
Setting regions (280 / 121802)...OK (0.001 s)
Refinement result (1 iterations): 121802 bricks (0.008 s)
Collecting and processing rays:
	Adding rays...OK (0.000 s)
	new bricks = 280 / 121802
	new rays   = 127 (x=33, y=8, z=86)
	Processing rays...
		Rays process:  0.001 (0.001) s
		Sort xstacks:  0.000 (0.000) s
		Put xstacks:   0.000 (0.000) s
		Total:         0.001 s
	Correcting rays...
		Lame vertices: 0.000 (0.000) s
		Bad rays:      0.000 (0.000) s
		Emit rays:     0.000 (0.000) s
		Correct ray f: 0.000 (0.000) s
		Undef:         0.000 (0.000) s
		Sum:           0.000 (0.000) s
		Total:         0.001 s
	Time (rays): 0.002 s
Capturing (280 / 121802)...OK (0.001 s)
FYI: m_iteration_count = 0
FYI: level1 statistics:
     level1_cnt_plus[1]=280;		level1_cnt_minus[1]=0
     level1_cnt_plus[2]=0;		level1_cnt_minus[2]=0
     level1_cnt_plus[3]=0;		level1_cnt_minus[3]=0
     level1_cnt_plus[4]=0;		level1_cnt_minus[4]=0
     level1_cnt_plus[5]=0;		level1_cnt_minus[5]=0
     level1_cnt_plus[6]=0;		level1_cnt_minus[6]=0
     level1_cnt_plus[7]=0;		level1_cnt_minus[7]=0
     level1_cnt_plus[8]=0;		level1_cnt_minus[8]=0
     level1_cnt_plus[9]=0;		level1_cnt_minus[9]=0
Refinement input: 121802 bricks
	Time(refinement): 0.000 s
Setting regions (32 / 121830)...OK (0.001 s)
Refinement result (1 iterations): 121830 bricks (0.008 s)
Collecting and processing rays:
	Adding rays...OK (0.000 s)
	new bricks = 32 / 121830
	new rays   = 8 (x=3, y=0, z=5)
	Processing rays...
		Rays process:  0.000 (0.000) s
		Sort xstacks:  0.000 (0.000) s
		Put xstacks:   0.000 (0.000) s
		Total:         0.000 s
	Correcting rays...
		Lame vertices: 0.000 (0.000) s
		Bad rays:      0.000 (0.000) s
		Emit rays:     0.000 (0.000) s
		Correct ray f: 0.000 (0.000) s
		Undef:         0.000 (0.000) s
		Sum:           0.000 (0.000) s
		Total:         0.001 s
	Time (rays): 0.002 s
Capturing (32 / 121830)...OK (0.001 s)
FYI: m_iteration_count = 1
FYI: level1 statistics:
     level1_cnt_plus[1]=312;		level1_cnt_minus[1]=0
     level1_cnt_plus[2]=0;		level1_cnt_minus[2]=0
     level1_cnt_plus[3]=0;		level1_cnt_minus[3]=0
     level1_cnt_plus[4]=0;		level1_cnt_minus[4]=0
     level1_cnt_plus[5]=0;		level1_cnt_minus[5]=0
     level1_cnt_plus[6]=0;		level1_cnt_minus[6]=0
     level1_cnt_plus[7]=0;		level1_cnt_minus[7]=0
     level1_cnt_plus[8]=0;		level1_cnt_minus[8]=0
     level1_cnt_plus[9]=0;		level1_cnt_minus[9]=0
Refinement input: 121830 bricks
	Time(refinement): 0.000 s
Setting regions (8 / 121837)...OK (0.001 s)
Refinement result (1 iterations): 121837 bricks (0.008 s)
Collecting and processing rays:
	Adding rays...OK (0.000 s)
	new bricks = 8 / 121837
	new rays   = 2 (x=0, y=0, z=2)
	Processing rays...
		Rays process:  0.000 (0.000) s
		Sort xstacks:  0.000 (0.000) s
		Put xstacks:   0.000 (0.000) s
		Total:         0.000 s
	Correcting rays...
		Lame vertices: 0.000 (0.000) s
		Bad rays:      0.000 (0.000) s
		Emit rays:     0.000 (0.000) s
		Correct ray f: 0.000 (0.000) s
		Undef:         0.000 (0.000) s
		Sum:           0.000 (0.000) s
		Total:         0.001 s
	Time (rays): 0.002 s
Capturing (8 / 121837)...OK (0.001 s)
FYI: m_iteration_count = 2
FYI: level1 statistics:
     level1_cnt_plus[1]=320;		level1_cnt_minus[1]=0
     level1_cnt_plus[2]=0;		level1_cnt_minus[2]=0
     level1_cnt_plus[3]=0;		level1_cnt_minus[3]=0
     level1_cnt_plus[4]=0;		level1_cnt_minus[4]=0
     level1_cnt_plus[5]=0;		level1_cnt_minus[5]=0
     level1_cnt_plus[6]=0;		level1_cnt_minus[6]=0
     level1_cnt_plus[7]=0;		level1_cnt_minus[7]=0
     level1_cnt_plus[8]=0;		level1_cnt_minus[8]=0
     level1_cnt_plus[9]=0;		level1_cnt_minus[9]=0
FYI: m_iteration_count = 3
FYI: level1 statistics:
     level1_cnt_plus[1]=320;		level1_cnt_minus[1]=0
     level1_cnt_plus[2]=0;		level1_cnt_minus[2]=0
     level1_cnt_plus[3]=0;		level1_cnt_minus[3]=0
     level1_cnt_plus[4]=0;		level1_cnt_minus[4]=0
     level1_cnt_plus[5]=0;		level1_cnt_minus[5]=0
     level1_cnt_plus[6]=0;		level1_cnt_minus[6]=0
     level1_cnt_plus[7]=0;		level1_cnt_minus[7]=0
     level1_cnt_plus[8]=0;		level1_cnt_minus[8]=0
     level1_cnt_plus[9]=0;		level1_cnt_minus[9]=0
FYI: level1 statistics:
     level1_cnt_plus[1]=320;		level1_cnt_minus[1]=0
     level1_cnt_plus[2]=0;		level1_cnt_minus[2]=0
     level1_cnt_plus[3]=0;		level1_cnt_minus[3]=0
     level1_cnt_plus[4]=0;		level1_cnt_minus[4]=0
     level1_cnt_plus[5]=0;		level1_cnt_minus[5]=0
     level1_cnt_plus[6]=0;		level1_cnt_minus[6]=0
     level1_cnt_plus[7]=0;		level1_cnt_minus[7]=0
     level1_cnt_plus[8]=0;		level1_cnt_minus[8]=0
     level1_cnt_plus[9]=0;		level1_cnt_minus[9]=0

-----------------------------------------------------------------------
U-shapes refinement...
Refinement input: 121837 bricks
	Checking crit (120981 / 121837)...12 marked (0.007 s)
	Time(refinement): 0.000 s
Setting regions (96 / 121921)...OK (0.001 s)
	Checking crit (0 / 121921)...0 marked (0.001 s)
Refinement result (1 iterations): 121921 bricks (0.016 s)
Collecting and processing rays:
	Adding rays...OK (0.001 s)
	new bricks = 96 / 121921
	new rays   = 77 (x=25, y=18, z=34)
	Processing rays...
		Rays process:  0.007 (0.007) s
		Sort xstacks:  0.000 (0.000) s
		Put xstacks:   0.000 (0.000) s
		Total:         0.007 s
	Correcting rays...
		Lame vertices: 0.001 (0.001) s
		Bad rays:      0.000 (0.000) s
		Emit rays:     0.000 (0.000) s
		Correct ray f: 0.000 (0.000) s
		Undef:         0.000 (0.000) s
		Sum:           0.001 (0.001) s
		Total:         0.001 s
	Time (rays): 0.009 s
Capturing (96 / 121921)...OK (0.001 s)
-----------------------------------------------------------------------

-----------------------------------------------------------------------
Equi Distant Refiner:
Equi Distant Refiner takes 0.00 s
-----------------------------------------------------------------------

/-Ray Intersection---------------/ Time	0.772 s
Calls                8962
CorrectRay Calls     0



-----------------------------------------------------------------------
Refining geometries takes 0.371 s
-----------------------------------------------------------------------
-----------------------------------------------------------------------
Memory Working Set Current = 121.24 Mb, Memory Working Set Peak = 121.24 Mb
Memory Private Bytes Current = 122.66 Mb, Memory Private Bytes Peak = 122.66 Mb
Process Threads Number: 12
-----------------------------------------------------------------------
Defect ray count	0
FYI: CNarrowChannelRefiner::RedistributeLevel1_step_1: is started
FYI: CNarrowChannelRefiner::RedistributeLevel1_step_1: is finished (0.001 s)
FYI: level1 statistics:
     level1_cnt_plus[1]=320;		level1_cnt_minus[1]=0
     level1_cnt_plus[2]=0;		level1_cnt_minus[2]=0
     level1_cnt_plus[3]=0;		level1_cnt_minus[3]=0
     level1_cnt_plus[4]=0;		level1_cnt_minus[4]=0
     level1_cnt_plus[5]=0;		level1_cnt_minus[5]=0
     level1_cnt_plus[6]=0;		level1_cnt_minus[6]=0
     level1_cnt_plus[7]=0;		level1_cnt_minus[7]=0
     level1_cnt_plus[8]=0;		level1_cnt_minus[8]=0
     level1_cnt_plus[9]=0;		level1_cnt_minus[9]=0
FYI: CNarrowChannelRefiner::RedistributeLevel1_step_2: is started
FYI: CNarrowChannelRefiner::RedistributeLevel1_step_2: is finished (0.043 s)
FYI: level1 statistics:
     level1_cnt_plus[1]=328;		level1_cnt_minus[1]=0
     level1_cnt_plus[2]=0;		level1_cnt_minus[2]=0
     level1_cnt_plus[3]=0;		level1_cnt_minus[3]=0
     level1_cnt_plus[4]=0;		level1_cnt_minus[4]=0
     level1_cnt_plus[5]=0;		level1_cnt_minus[5]=0
     level1_cnt_plus[6]=0;		level1_cnt_minus[6]=0
     level1_cnt_plus[7]=0;		level1_cnt_minus[7]=0
     level1_cnt_plus[8]=0;		level1_cnt_minus[8]=0
     level1_cnt_plus[9]=0;		level1_cnt_minus[9]=0
FYI: CNarrowChannelRefiner::RedistributeLevel1_step_3: is started
FYI: CNarrowChannelRefiner::RedistributeLevel1_step_3: is finished (0.034 s)
RedistributeLevel1 takes:
FYI: level1 statistics:
     level1_cnt_plus[1]=328;		level1_cnt_minus[1]=380
     level1_cnt_plus[2]=0;		level1_cnt_minus[2]=0
     level1_cnt_plus[3]=0;		level1_cnt_minus[3]=0
     level1_cnt_plus[4]=0;		level1_cnt_minus[4]=0
     level1_cnt_plus[5]=0;		level1_cnt_minus[5]=0
     level1_cnt_plus[6]=0;		level1_cnt_minus[6]=0
     level1_cnt_plus[7]=0;		level1_cnt_minus[7]=0
     level1_cnt_plus[8]=0;		level1_cnt_minus[8]=0
     level1_cnt_plus[9]=0;		level1_cnt_minus[9]=0
-----------------------------------------------------------------------
MSH format builder (Iteration 0)
-----------------------------------------------------------------------
Memory Working Set Current = 124.06 Mb, Memory Working Set Peak = 124.06 Mb
Memory Private Bytes Current = 125.48 Mb, Memory Private Bytes Peak = 125.48 Mb
Process Threads Number: 12
-----------------------------------------------------------------------
Total bricks count: 121921
-----------------------------------------------------------------------
MSH (Real Geometry) format constructor:
	Geom    Count = 2
	Bodyset Count = 2
	3D task
	Getting brick sets...OK (0.004 s)

	Min x-stack xeps = 6.18868e-06
	D / dh / eps [axis=0] = (4.75428, 0.0447982, 2.06289e-06)
	D / dh / eps [axis=1] = (8.90114, 0.0481035, 2.06289e-06)
	D / dh / eps [axis=2] = (3.41339, 0.0398225, 2.06289e-06)
	Time (xeps): 0.001 s
Level 1
	Set (0)  size: 476
	Set (0)  time: 0.011 s
	Set (1)  size: 476
	Set (1)  time: 0.008 s
Level 0
	Set (0)  size: 60486
	Set (0)  time: 0.040 s
	Set (1)  size: 60483
	Set (1)  time: 0.041 s

	Spread npq bricks...0 marked (0.001 s)

Result:
	Bricks number:                        121921

	Memory usage:                         2.825 MB
	Memory usage (per brick):             0.024 KB
	Construction time:                    0.109 s

	Topology features:
	------------------
	- High quality bricks                  100.00 % (121921)
	- Medium quality bricks                  0.00 % (0)
	- Bad quality bricks                     0.00 % (0)
	- NPQ bricks                             0.00 % (1)
	- Type-1 bricks                          2.47 % (3015)
	- Ribs corrected bricks                  0.00 % (0)
	- Points with geom-info (bricks)         0.00 % (0)
	- Points with closest-info (bricks)      0.00 % (6)
	- Triangulated by center (bricks)        0.00 % (1)
	- Facet w-faces mergings (bricks)        0.00 % (0)
	- To refine (bricks)                     0.00 % (0)
	- Points-count                           0.00 % (0)
	- T-self-intersection-all (bricks)       0.00 % (0)
	- T-self-intersection-simple (bricks)    0.00 % (0)
	- T-self-intersection-complex (bricks)   0.00 % (0)
	- NPQ by reason 1 u-shape                0.00 % (0)
	- NPQ by reason 2 tri-by-ctr             0.00 % (1)
	- NPQ by reason 3 ray-correction         0.00 % (0)
	- NPQ by reason 4 t-self-intersection    0.00 % (0)
	- NPQ by reason 5 non-good               0.00 % (0)
	- NPQ by reason 6 npq-worker             0.00 % (0)

-----------------------------------------------------------------------
Memory Working Set Current = 132.52 Mb, Memory Working Set Peak = 132.52 Mb
Memory Private Bytes Current = 134.44 Mb, Memory Private Bytes Peak = 134.44 Mb
Process Threads Number: 12
-----------------------------------------------------------------------
-----------------------------------------------------------------------
msh-iterations: 1
-----------------------------------------------------------------------
high---q-brick-count = 100.00 % (121921 121921)
medium-q-brick-count =   0.00 % (121921 0)
bad----q-brick-count =   0.00 % (121921 0)
np-----q-brick-count =   0.00 % (121921 1)
-----------------------------------------------------------------------
Free brick parser storage...OK(0.001 s)
-----------------------------------------------------------------------
Memory Working Set Current = 132.57 Mb, Memory Working Set Peak = 132.57 Mb
Memory Private Bytes Current = 134.44 Mb, Memory Private Bytes Peak = 134.44 Mb
Process Threads Number: 12
-----------------------------------------------------------------------
-----------------------------------------------------------------------
MSH --> BCF format (Iteration 0)...
BCF collector...(remove mode=0)
	Time (alloc counter per brick): 0.002 s
	Brick    count: 121921
	Av.f all count: 120856
	Av.s all count: 4171
	Av.f pid count: 3104
	Av.s pid count: 3017
	Faces fs count: 6833
	Faces ff count: 0
	Faces ss count: 0
	Faces bb count: 0
	Faces fe count: 15888
	Faces se count: 0
	Faces fw count: 22721
	Faces af count: 353705
	Faces as count: 11062
	Time (all count): 	0.008 s
	Time (bcf alloc): 	0.001 s
	Time (shifts alloc): 	0.004 s
	Time (shifts init): 	0.004 s
	Time (bcf fill): 	0.013 s
	Time (add av to faces): 0.001 s
	Time (add faces to av): 0.008 s
Time (bcf collect): 		0.043 s
	AV checker...
		Hole marker...
			Subdomains:               1.
			Subdomains (cond):        1.
			Time (sd):      0.022 s.
			Time (sd_cond): 0.025 s.
			Time (potential-hole marking): 	0.002 s
			Time (hole checking): 0.000 s.
			0 av(s) are marked to fill subdomain holes.
		Time (hole marker): 0.054 s.
	Time (check av): 	0.090 s
	Subdomain checker...
		Subdomains construction time: 0.023 s.
		Subdomains sort time: 0.000 s.
			Subdomain 0 (geom_ind=0): 120856 av
			Subdomain 1 (geom_ind=1): 4171 av
		gi: 0, real bodies: 1
		gi: 0, subdomains:  1
		gi: 1, real bodies: 0
		gi: 1, subdomains:  1
		Defect subdomains: 0
	Time (check subdoms): 	0.025 s
Time (bcf iteration total): 	0.160 s
	Time (fw-nb): 		0.001 s
	Fixed mutual fw-nb:     4415 (bb: 0)
	Time (fw-nb mutual): 	0.001 s
	Time (fw-nb sort): 	0.000 s
	Fw-opt BEFORE total:    22721 (fs=6833, ff=0, ss=0)
	Fw-opt AFTER  total:    19936 (fs=4048, ff=0, ss=0, failed fw/br=157/1, big_curv=3, big_poly=0)
	Fw-opt RESULT:          2785 (res/(fs+ff+ss) = 40.76 %)
	Time (fw-opt): 		0.004 s
	Time (fw-re-order): 	0.003 s
	Time (fw-nb): 		0.005 s
	Fixed mutual fw-nb:     39831 (bb: 0)
	Time (fw-nb mutual): 	0.002 s
	Time (fw-nb sort): 	0.001 s
	Time (rfd fix): 	0.000 s
	Time (av convexity): 	0.001 s
	Time (av small volume): 0.001 s
	Time (diagonal fw-nb): 	0.022 s
	Fixed mutual fw-nb:     0 (bb: 0)
	Time (fw-nb mutual): 	0.002 s
	Time (fw-nb sort): 	0.001 s
	Fluid subdomains: 1
	Faces fw-nb diff sd:    0
	Time (fw-nb diff sd): 	0.027 s
Time (bcf calc): 		0.081 s
-----------------------------------------------------------------------
Time (bcf total): 		0.241 s
-----------------------------------------------------------------------
bcf-iterations: 1
-----------------------------------------------------------------------
-----------------------------------------------------------------------
Mega-cv constructor for fluid...
	 2 av's is treated as thin
Relative size generator (threshold = 0.05)...
	Iteration 1 (small cluster count = 304)
	Iteration 2 (small cluster count = 152)
	Iteration 3 (small cluster count = 54)
	Iteration 4 (small cluster count = 22)
	Iteration 5 (small cluster count = 5)
	Iteration 6 (small cluster count = 1)
	Iteration 7 (small cluster count = 0)
	 270 mega-cv's generated
	 9 mega-cv's removed
Relative size generator is completed OK (0.006 s)
Apply fa-rules to mega-cv clusters fixes...
	Fa-rule violation fixes:       18 of       18 (total cluster# =      268)
OK (0.002 s)
Convert clusters:
	 262 mega-cv's total
Mega-cv count: 262
Time (mega-cv fill): 	0.000 s
Time (mega-cv total): 	0.031 s
-----------------------------------------------------------------------
Mixing plane rotation regions: NO.
Sliding mesh rotation regions: NO.
Fluid/fluid faces: NO.
-----------------------------------------------------------------------
Memory Working Set Current = 165.56 Mb, Memory Working Set Peak = 185.14 Mb
Memory Private Bytes Current = 177.74 Mb, Memory Private Bytes Peak = 190.75 Mb
Process Threads Number: 12
-----------------------------------------------------------------------
----------------------------------------------------------
BCF --> BCF.GEOMSUBDOM (bridge arrays):
MESH (0):
	Fluid Subdom Constructor: 1 subdom(s).
	Solid Subdom Constructor: 1 subdom(s).
	Net Asm Subdom Constructor: 0 subdom(s).
	GEOMSUBDOM (0): gi=0 Fluid av=120856 cv=120559 fa=353705 fb=0 fw=19936 V=1.431576e+02
	Cache data...OK
	GEOMSUBDOM (1): gi=1 Solid av=4171 cv=4171 fa=11062 fb=0 fw=4048 V=1.291880e+00
	Cache data...OK
	Setting nb of w-faces...OK (0.003 s).
	Correcting nb of w-faces...
	Time(correct_fw_nb)=0.003 s

MESH (0) checking:
	GEOMSUBDOM (0):fa_s=3952.6600892414917325 fb_s=0.0000000000000000 fw_s=196.4322461285059944 fw_nb=160566
	              :d_const(63178)=1.2387e-12 d_linear(62266)=2.20487e-12
	GEOMSUBDOM (1):fa_s=47.8778553866109746 fb_s=0.0000000000000000 fw_s=18.5727424463257584 fw_nb=33486
	              :d_const(1433)=2.63323e-11 d_linear(1430)=1.10222e-10
MESH (0) checking: OK.
Time (MDS): 	0.129 s
----------------------------------------------------------
-----------------------------------------------------------------------
Memory Working Set Current = 204.64 Mb, Memory Working Set Peak = 204.64 Mb
Memory Private Bytes Current = 214.36 Mb, Memory Private Bytes Peak = 214.36 Mb
Process Threads Number: 12
-----------------------------------------------------------------------

-----------------------------------------------------------------------
BCF CHECKSUM DATA (Mesh 0):

BRICK |Level1| Sum:               708
FACE_A Area Sum:   G.Fluid        3952.6600892414990085
FACE_A Area Sum:   G.Solid        47.8778553866109817
FACE_W Area Sum:                  196.4322461285059944
FACE_W Nb   Sum:                  160566
FACE_W min curvatures sum:        -715684.18057944
FACE_W max curvatures sum:        313765.10890369
AV Max Disbalance(Const) :        2.63323e-11 (cid=74412, t={22, 76, 38}, avid=124583, pid=2573)
AV Max Disbalance(Linear):        1.10222e-10 (cid=74368, t={22, 74, 38}, avid=124561, pid=2551)
-----------------------------------------------------------------------


-----------------------------------------------------------------------
MESHER TOPOLOGY DATA:

BRICKS: Total                 121921
BRICKS: Fluid                 120767
BRICKS: Fluid Partial         3015
BRICKS: Type 1                3015
BRICKS: Max AV number         4

AV:     G.Total               125027
AV:     G.Fluid               120856
AV:     G.Solid               4171

AV:     G.Fluid Thin Profile    0.00 % (2)
AV:     G.Solid Thin Profile    2.11 % (88)

AV:     G.Fluid Thin For Mega   0.00 % (2)
AV:     G.Solid Thin For Mega   2.04 % (85)

AV:     G.Fluid Non-Convex      1.14 % (1372)
AV:     G.Solid Non-Convex     30.74 % (1282)

AV:     G.Fluid Non-Ess-Convex      0.50 % (610)
AV:     G.Solid Non-Ess-Convex      6.47 % (270)

FACE_A: G.Fluid          (af) 353705 (partially opened 6304)
FACE_A: G.Solid          (as) 11062 (partially opened 6122)

FACE_B: G.Total          (b)  0

FACE_W: G.Total                 19936       Brick/Bound
FACE_W: G.Fluid/Solid    (fs_g) 4048        0           
FACE_W: G.Fluid/Fluid    (ff_g) 0           0           
FACE_W: G.Solid/Solid    (ss_g) 0           0           
FACE_W: G.Fluid/Void     (fv_g) 0           0           
FACE_W: G.Fluid/External (fe_g) 15888
FACE_W: G.Solid/External (se_g) 0

AV/CV max fa count (on brick side):5
AV/CV max fw count:                5
AV/CV max fb count:                0
AV/CV max fw poly count:           65

MEMORY: Total                   36.622 MB
MEMORY: Per Brick               0.308 KB
-----------------------------------------------------------------------

-----------------------------------------------------------------------
Connectivities information:
	Number of conns: 0
-----------------------------------------------------------------------
	Time (gap size): 	0.050 s
-----------------------------------------------------------------------
Memory Working Set Current = 204.68 Mb, Memory Working Set Peak = 204.68 Mb
Memory Private Bytes Current = 214.36 Mb, Memory Private Bytes Peak = 214.36 Mb
Process Threads Number: 12
-----------------------------------------------------------------------
-----------------------------------------------------------------------
Calculating curvature and tolerance criteria...
Curvature: min=0 (cid=0) max=3.14154 (cid=50657)
Tolerance: min=0 (cid=0) max=0.0607704 (cid=62619)
Calculating curvature and tolerance criteria takes 0.096 s
-----------------------------------------------------------------------
MESH Build(FS) finished. Time=1.185 s
-----------------------------------------------------------------------
Current CPU = 2 sec

Nx=44
Ny=86
Nz=32
Max BRICK Level=1
Mesh Level=1
-----------------CModelBodies2MeshMapper::CollectData started -------------------------------
	Time (collect mesh base data): 0.002 s.
	Time (collect model bodies mapping): 0.000 s.
	Time (collect positive bodies mapping): 0.000 s.
	Time (collect fluid bodies mapping): 0.001 s.
-----------------CModelBodies2MeshMapper Report -------------------------------
FluidDomains 1 SolidDomains 1 VoidDomains 0 
Domains RefIndexes
----------------- -------------------------------
	ModelBodies
Total resolved Bodies 0 BodySets 0

--------------------------------------------------------------------------
	Positive geometry Bodies
Total resolved Bodies 1 BodySets 1
BodySet 0
	Bodies list:
			#0	Name: ;	ID: eea4bb0e-25b4-46ca-bf63-435ffad1622d
	Domains list:mesh type	 (0, 1)		 0 


--------------------------------------------------------------------------
	Fluid regions
Total resolved Bodies 1 BodySets 1
BodySet 0	Material: Air; 
	Bodies list:
			#0	Name: ;	ID: eea4bb0e-25b4-46ca-bf63-435ffad1622d
	Domains list:mesh type	 (0, 1)		 0 


--------------------------------------------------------------------------
Collect data takes...0.004 s
-----------------CModelBodies2MeshMapper::CollectData finished successfully-------------------
Saving initial mesh in: C:\Users\juded\OneDrive\Desktop\Car shit\28\28.fld .
Storing results...
	Estimated CPT size=13.808 MB.
	Time (write bcf): 0.346 s
Storing results takes 0.358 s
-----------------------------------------------------------------------
Memory Working Set Current = 205.00 Mb, Memory Working Set Peak = 205.00 Mb
Memory Private Bytes Current = 214.36 Mb, Memory Private Bytes Peak = 214.36 Mb
Process Threads Number: 12
-----------------------------------------------------------------------
Cleaning memory...
-----------------------------------------------------------------------
Start to free mesher data...
MMP (msh): locals=6, allc_sz=16.49 MB, used_sz=14.90 MB, blks-min-max=1/30
MMP (brx): locals=6, allc_sz=18.63 MB, used_sz=16.99 MB, blks-min-max=15/22
MMP (bcf): locals=6, allc_sz=54.95 MB, used_sz=52.87 MB, blks-min-max=20/41
MMP (xsl): locals=6, allc_sz=0.24 MB, used_sz=0.17 MB, blks-min-max=1/4
Free xsl...            OK	Time=0.000 s
Free ray collector...  OK	Time=0.000 s
Free ray intersector...OK	Time=0.000 s
Free body sets...      OK	Time=0.013 s
Free Geometry DB takes 0.000 s
Free mesh conn...      OK	Time=0.000 s
Free geomsd...         OK	Time=0.000 s
Free mbricks...        OK	Time=0.001 s
Free hash info...      OK	Time=0.002 s
Free bricks-x...       OK	Time=0.001 s
Free bcf...            OK	Time=0.004 s
Free mesh h...         OK	Time=0.000 s
Free bricks arr..      OK	Time=0.000 s
Free bricks tree...    OK	Time=0.000 s
Free mesh pools...     OK	Time=0.009 s
Free bodies mapper...  OK	Time=0.000 s
Free geom crits...     OK	Time=0.000 s
Free cpt regions...    OK	Time=0.000 s
Free peculiar surfs... OK	Time=0.000 s
Free sw-geometries...  OK	Time=0.000 s
Total free mesher data time: 0.033 s
-----------------------------------------------------------------------
Copying... OK
CPT size=4.491 MB (4709678 bytes).
Mesh generation normally finished at	15.12.2024	14:46:55
Mesher CPU = 2 sec
Mesher is finished at	15.12.2024	14:46:55
-----------------------------------------------------------------------
Memory Working Set Current = 37.37 Mb, Memory Working Set Peak = 205.00 Mb
Memory Private Bytes Current = 42.11 Mb, Memory Private Bytes Peak = 214.36 Mb
Process Threads Number: 12
-----------------------------------------------------------------------
Algebra Pool      : mem_usage = 3.38 Mb, allocated count = 0
-----------------------------------------------------------------------
Memory Working Set Current = 34.08 Mb, Memory Working Set Peak = 205.00 Mb
Memory Private Bytes Current = 38.79 Mb, Memory Private Bytes Peak = 214.36 Mb
Process Threads Number: 12
Process Threads Number Peak: 12
-----------------------------------------------------------------------
Log ended at 15.12.2024	14:46:55
