Log started at 25.03.2025	00:01:18
Number of used processors (NPROC): 8.
Number of mesh partitions (NPART): 8.
Total Physical Memory = 17.96 Gb, Available Physical Memory = 10.24 Gb
Computer name:	DESKTOP-9NTJJ53
Operating system:	Windows 10 (Version 10.0.19045)

Commandline:	"C:\Program Files\SOLIDWORKS Corp\SOLIDWORKS Flow Simulation\BINCFW\efdsolver.exe" /config:"D:\GitHub\Mechanical\SeattleSolarCar2024-2025\Aeroshells\new Atticus aero models\41n smaller back - Copy\1\1.xmlconfig" /guid:37e02305-071b-452a-9176-14cec9ad6c51 /processors:max /m /s /prjnamelm:"Flow Simulation 2023" /prjnamehabout:"Flow Simulation 2023" /companyname:"COSMOS Applications" /prjaliasid:1009 /lang:English /port:63771

SOLIDWORKS 2023 SP2.1
Flow Simulation 2023  x64 / 5965

Project: D:\GitHub\Mechanical\SeattleSolarCar2024-2025\Aeroshells\new Atticus aero models\41n smaller back - Copy\1\1.xmlconfig
Configuration name: Default
Project name: Project(1)
Problem type: external-with-void-internal-space-type
Exclude cavities without flow conditions: ON
NGK: OFF
MBO: OFF
-----------------------------------------------------------------------
Mesher option run = eRunMesherNormal
-----------------------------------------------------------------------

Mesh generation started:	25.3.2025	0:1:18
-----------------------------------------------------------------------
Memory Working Set Current = 14.93 Mb, Memory Working Set Peak = 14.93 Mb
Memory Private Bytes Current = 15.95 Mb, Memory Private Bytes Peak = 15.95 Mb
Process Threads Number: 7
-----------------------------------------------------------------------
Mesher adjust APD = OFF; AdjustAPD_method=0; N_per_Channel = 0; N2_per_Channel = 0
Current CPU = 0 sec
-----------------------------------------------------------------------
Geometries initialization:
-----------------------------------------------------------------------
Loading mesh settings (global/local)...
-----------------------------------------------------------------------
Number of geometries from DB: 1
Geometry(0):
	Guid = {00000000-0000-0000-0000-000000000000}
	Fluid..
	1 Body.
	1 Real body.
	-- Bodyset 0 --
		Tolerance=0.000469916.
		17 Face(s).
			17 of b-spline type.
		0 Face(s) that have no ref faces
		8 Plane surface(s).
		5 B- surface(s).
		4 Extrude surface(s).
		29580 Triangle(s).
		Getting triangle connectivities from DB: 0.003 s
		47 Edge(s).
			47 of b-spline type.
		BodyGeom reading: 0.021 s.
		29580 Reference Triangles.
		Getting triangle connectivities from DB (Ref): 0.003 s
		BodyGeom Ref reading: 0.005 s.
Geometry(1):
	Solid.
	-- Bodyset 1 --
	Empty
-----------------------------------------------------------------------
Number of geometries in task: 2
	G : 0	Type: Fluid
	G : 1	Type: Solid
Number of bodysets   in task: 2
-----------------------------------------------------------------------
BodySet (0):
	Making hash and connectivity for Bodyset ...
		CBodyGeom:
		Hash size: {36, 32, 248}.
		Mesh size: {36, 32, 62}.
		Hashing triangles...Ok.
			axis(0) tr sizes: average=28 max=266
			axis(1) tr sizes: average=19 max=265
			axis(2) tr sizes: average=113 max=560
		Number of t-connected sets:1 (cavity=0)
		CBodyGeomRef:
		Hashing triangles...Ok.
			axis(0) tr sizes: average=52 max=576
			axis(1) tr sizes: average=36 max=349
			axis(2) tr sizes: average=106 max=529
	0.0715 s.
Geometries reading and preparing has taken 0.113 s.
-----------------------------------------------------------------------
Mapped triangles:
Hashing rough geometry(bodies) triangulation:
BodySet (0):
	Triangles num=29580
	Triangles box={0.155695 ,1.95569 ,-1.51499 ,-0.575697 ,-0.179942 ,4.79646}
		3d-hash size is 480740 bytes
BodySet (1):
no log info (empty stream)

Mapped triangles processed in 0.073 s.
-----------------------------------------------------------------------
-----------------------------------------------------------------------
Getting sectors:
Number of sectors: 0
-----------------------------------------------------------------------
-----------------------------------------------------------------------
Bodies:     2
Faces:      17
Edges:      47
Triangles:  29580
-----------------------------------------------------------------------

Current CPU = 0 sec
-----------------------------------------------------------------------
Memory Working Set Current = 39.71 Mb, Memory Working Set Peak = 46.77 Mb
Memory Private Bytes Current = 39.43 Mb, Memory Private Bytes Peak = 46.31 Mb
Process Threads Number: 14
-----------------------------------------------------------------------
-----------------------------------------------------------------------
Checking faces on CD...
FCD = [0 0 0 0 0 0]
FCD_conflicts = 0
Time (check faces on CD)=0.000 s
-----------------------------------------------------------------------

-----------------------------------------------------------------------
Mesh dimensions:
				I[0 ]=36
				I[1 ]=32
				I[2 ]=62

Comp. domain size:
				a[0  ]=-2.82236
				a[1  ]=4.93551
				a[2  ]=-4.33488
				a[3  ]=2.24393
				a[4  ]=-4.8791
				a[5  ]=7.62198

Fluid calculated			1
Solid calculated			0
-----------------------------------------------------------------------
MESH Build started...
-----------------------------------------------------------------------
Mesh LEVEL = 1
-----------------------------------------------------------------------
-----------------------------------------------------------------------
CPT-mode xeps:
	D / dh / eps [axis=0] = (7.75787, 0.0865205, 8.65205e-05)
	D / dh / eps [axis=1] = (6.57882, 0.0767522, 7.67522e-05)
	D / dh / eps [axis=2] = (12.5011, 0.0892702, 8.92702e-05)
-----------------------------------------------------------------------
Initial allocation and brick-body-box intersection...OK (0.003 s)
Initial triangle brick intersection...OK (0.002 s)
Setting regions (71424 / 71424)...OK (0.001 s)
-----------------------------------------------------------------------
Base mesh info:
	3D task
	Nx=36
	Ny=32
	Nz=62
	N(Nx*Ny*Nz) = 1152
	Period    axis=[0, 0, 0]
	Symmetry  ni=[0 0 0 0 0 0]
	ZoomingBC ni=[0 0 0 0 0 0]
	Nx=36
		x[0]=-2.82236
		x[1]=-2.51491
		x[2]=-2.22261
		x[3]=-1.94461
		x[4]=-1.68023
		x[5]=-1.42879
		x[6]=-1.18966
		x[7]=-0.962236
		x[8]=-0.745947
		x[9]=-0.540247
		x[10]=-0.344618
		x[11]=-0.158566
		x[12]=0.0183773
		x[13]=0.191418
		x[14]=0.364461
		x[15]=0.537503
		x[16]=0.710545
		x[17]=0.883587
		x[18]=1.05663
		x[19]=1.22967
		x[20]=1.40271
		x[21]=1.57576
		x[22]=1.7488
		x[23]=1.92184
		x[24]=2.09488
		x[25]=2.27182
		x[26]=2.45787
		x[27]=2.6535
		x[28]=2.8592
		x[29]=3.07549
		x[30]=3.30292
		x[31]=3.54205
		x[32]=3.7935
		x[33]=4.0579
		x[34]=4.33591
		x[35]=4.62823
		x[36]=4.93551
	Ny=32
		y[0]=-4.33488
		y[1]=-4.04664
		y[2]=-3.77245
		y[3]=-3.51155
		y[4]=-3.26328
		y[5]=-3.02705
		y[6]=-2.80227
		y[7]=-2.58838
		y[8]=-2.38485
		y[9]=-2.19119
		y[10]=-2.00691
		y[11]=-1.83156
		y[12]=-1.66471
		y[13]=-1.50595
		y[14]=-1.35245
		y[15]=-1.19894
		y[16]=-1.04543
		y[17]=-0.891928
		y[18]=-0.738422
		y[19]=-0.584916
		y[20]=-0.426163
		y[21]=-0.259322
		y[22]=-0.0839813
		y[23]=0.100292
		y[24]=0.293952
		y[25]=0.497478
		y[26]=0.711372
		y[27]=0.936163
		y[28]=1.17241
		y[29]=1.42068
		y[30]=1.68161
		y[31]=1.95583
		y[32]=2.24393
	Nz=62
		z[0]=-4.8791
		z[1]=-4.57801
		z[2]=-4.29095
		z[3]=-4.0172
		z[4]=-3.75615
		z[5]=-3.50721
		z[6]=-3.26981
		z[7]=-3.04342
		z[8]=-2.82753
		z[9]=-2.62166
		z[10]=-2.42533
		z[11]=-2.2381
		z[12]=-2.05956
		z[13]=-1.87744
		z[14]=-1.69532
		z[15]=-1.5132
		z[16]=-1.33108
		z[17]=-1.14896
		z[18]=-0.966844
		z[19]=-0.784724
		z[20]=-0.602604
		z[21]=-0.420485
		z[22]=-0.238365
		z[23]=-0.0562451
		z[24]=0.125875
		z[25]=0.307994
		z[26]=0.490114
		z[27]=0.672234
		z[28]=0.854354
		z[29]=1.03647
		z[30]=1.21859
		z[31]=1.40071
		z[32]=1.58283
		z[33]=1.76495
		z[34]=1.94707
		z[35]=2.12919
		z[36]=2.31131
		z[37]=2.48992
		z[38]=2.66854
		z[39]=2.84715
		z[40]=3.02576
		z[41]=3.20437
		z[42]=3.38298
		z[43]=3.56159
		z[44]=3.74021
		z[45]=3.91882
		z[46]=4.09743
		z[47]=4.27604
		z[48]=4.45465
		z[49]=4.63327
		z[50]=4.81188
		z[51]=4.99049
		z[52]=5.17523
		z[53]=5.3693
		z[54]=5.57317
		z[55]=5.78734
		z[56]=6.01233
		z[57]=6.24868
		z[58]=6.49698
		z[59]=6.75781
		z[60]=7.03181
		z[61]=7.31966
		z[62]=7.62198
-----------------------------------------------------------------------
Input_mesh_settings--------------------------------
Settings 0----------------
	Scope: GLOBAL
	Type:	------MESHER_SETTINGS----------
	RefAllCells           =0
	RefFluidCells         =0
	RefPartCells          =0
	RefSolidCells         =0
	l_SSFR(Capture crit)  =1
	l_curv(Curvature crit)=0
	l_tol(Tolerance crit) =0
	UseChannelRef         =1
	  NCR_method          =0
	  l_NCR               =1
	  N_gap               =5
	  Use d_NCR_min       =0
	  Use d_NCR_max       =0
	CloseThinSlotsHeight         =0
	--END_OF_MESHER_SETTINGS-------
End of input mesh settings-------------------------
-----------------------------------------------------------------------
Memory Working Set Current = 57.05 Mb, Memory Working Set Peak = 57.05 Mb
Memory Private Bytes Current = 58.71 Mb, Memory Private Bytes Peak = 58.71 Mb
Process Threads Number: 14
-----------------------------------------------------------------------
MMP (msh): locals=1, allc_sz=9.41 MB, used_sz=8.72 MB, blks-min-max=27/27
MMP (brx): locals=8, allc_sz=9.44 MB, used_sz=8.20 MB, blks-min-max=13/16
MMP (bcf): locals=0, allc_sz=0.00 MB, used_sz=0.00 MB, blks-min-max=0/0
MMP (xsl): locals=0, allc_sz=0.00 MB, used_sz=0.00 MB, blks-min-max=0/0
NxNyNz = [36, 32, 62]
base_dx=0.207572; 
NxNyNz_reverse = [37, 32, 60]

-----------------------------------------------------------------------
Refining geometries:
-----------------------------------------------------------------------

-----------------------------------------------------------------------
Refining by triangulation...
Refinement input: 71424 bricks
	Checking crit (71424 / 71424)...81 marked (0.034 s)
	Time(refinement): 0.000 s
Setting regions (648 / 71991)...OK (0.001 s)
	Checking crit (0 / 71991)...0 marked (0.001 s)
Refinement result (1 iterations): 71991 bricks (0.043 s)
Refinement input: 71991 bricks
	Checking crit (71343 / 71991)...0 marked (0.002 s)
Refinement result (0 iterations): 71991 bricks (0.003 s)
Collecting and processing rays:
	Adding rays...OK (0.008 s)
	new bricks = 71991 / 71991
	new rays   = 6163 (x=2202, y=2653, z=1308)
	Processing rays...
		Rays process:  0.330 (0.330) s
		Sort xstacks:  0.000 (0.000) s
		Put xstacks:   0.000 (0.000) s
		Total:         0.331 s
	Correcting rays...
		Lame vertices: 0.004 (0.004) s
		Bad rays:      0.000 (0.000) s
		Emit rays:     0.000 (0.000) s
		Correct ray f: 0.000 (0.000) s
		Undef:         0.000 (0.000) s
		Sum:           0.004 (0.004) s
		Total:         0.004 s
	Time (rays): 0.344 s
Capturing (71991 / 71991)...OK (0.003 s)
Refining by triangulation takes 0.393 s
-----------------------------------------------------------------------

-----------------------------------------------------------------------
Refining peculiar surfaces...
Collecting and processing rays:
	Adding rays...OK (0.001 s)
	new bricks = 0 / 71991
	new rays   = 0 (x=0, y=0, z=0)
	Processing rays...
		Rays process:  0.000 (0.000) s
		Sort xstacks:  0.000 (0.000) s
		Put xstacks:   0.000 (0.000) s
		Total:         0.000 s
	Correcting rays...
		Total:         0.000 s
	Time (rays): 0.002 s
Capturing (0 / 71991)...OK (0.001 s)
0 surfaces refined
Refining peculiar surfaces takes 0.003 s
-----------------------------------------------------------------------

-----------------------------------------------------------------------
Base mesh 1 Refining...
Collecting and processing rays:
	Adding rays...OK (0.001 s)
	new bricks = 0 / 71991
	new rays   = 0 (x=0, y=0, z=0)
	Processing rays...
		Rays process:  0.000 (0.000) s
		Sort xstacks:  0.000 (0.000) s
		Put xstacks:   0.000 (0.000) s
		Total:         0.000 s
	Correcting rays...
		Total:         0.000 s
	Time (rays): 0.001 s
Capturing (0 / 71991)...OK (0.001 s)
Refinement input: 71991 bricks
	Checking crit (71343 / 71991)...0 marked (0.001 s)
Refinement result (0 iterations): 71991 bricks (0.001 s)
-----------------------------------------------------------------------
Refining channels...
FYI: CNarrowChannelRefiner::RefineChannels_PRLL
Refinement input: 71991 bricks
	Time(refinement): 0.000 s
Setting regions (16 / 72005)...OK (0.001 s)
Refinement result (1 iterations): 72005 bricks (0.006 s)
Collecting and processing rays:
	Adding rays...OK (0.000 s)
	new bricks = 16 / 72005
	new rays   = 5 (x=0, y=5, z=0)
	Processing rays...
		Rays process:  0.000 (0.000) s
		Sort xstacks:  0.000 (0.000) s
		Put xstacks:   0.000 (0.000) s
		Total:         0.000 s
	Correcting rays...
		Lame vertices: 0.000 (0.000) s
		Bad rays:      0.000 (0.000) s
		Emit rays:     0.000 (0.000) s
		Correct ray f: 0.000 (0.000) s
		Undef:         0.000 (0.000) s
		Sum:           0.000 (0.000) s
		Total:         0.001 s
	Time (rays): 0.002 s
Capturing (16 / 72005)...OK (0.001 s)
FYI: m_iteration_count = 0
FYI: level1 statistics:
     level1_cnt_plus[1]=16;		level1_cnt_minus[1]=0
     level1_cnt_plus[2]=0;		level1_cnt_minus[2]=0
     level1_cnt_plus[3]=0;		level1_cnt_minus[3]=0
     level1_cnt_plus[4]=0;		level1_cnt_minus[4]=0
     level1_cnt_plus[5]=0;		level1_cnt_minus[5]=0
     level1_cnt_plus[6]=0;		level1_cnt_minus[6]=0
     level1_cnt_plus[7]=0;		level1_cnt_minus[7]=0
     level1_cnt_plus[8]=0;		level1_cnt_minus[8]=0
     level1_cnt_plus[9]=0;		level1_cnt_minus[9]=0
FYI: m_iteration_count = 1
FYI: level1 statistics:
     level1_cnt_plus[1]=16;		level1_cnt_minus[1]=0
     level1_cnt_plus[2]=0;		level1_cnt_minus[2]=0
     level1_cnt_plus[3]=0;		level1_cnt_minus[3]=0
     level1_cnt_plus[4]=0;		level1_cnt_minus[4]=0
     level1_cnt_plus[5]=0;		level1_cnt_minus[5]=0
     level1_cnt_plus[6]=0;		level1_cnt_minus[6]=0
     level1_cnt_plus[7]=0;		level1_cnt_minus[7]=0
     level1_cnt_plus[8]=0;		level1_cnt_minus[8]=0
     level1_cnt_plus[9]=0;		level1_cnt_minus[9]=0
FYI: level1 statistics:
     level1_cnt_plus[1]=16;		level1_cnt_minus[1]=0
     level1_cnt_plus[2]=0;		level1_cnt_minus[2]=0
     level1_cnt_plus[3]=0;		level1_cnt_minus[3]=0
     level1_cnt_plus[4]=0;		level1_cnt_minus[4]=0
     level1_cnt_plus[5]=0;		level1_cnt_minus[5]=0
     level1_cnt_plus[6]=0;		level1_cnt_minus[6]=0
     level1_cnt_plus[7]=0;		level1_cnt_minus[7]=0
     level1_cnt_plus[8]=0;		level1_cnt_minus[8]=0
     level1_cnt_plus[9]=0;		level1_cnt_minus[9]=0

-----------------------------------------------------------------------
U-shapes refinement...
Refinement input: 72005 bricks
	Checking crit (71341 / 72005)...12 marked (0.006 s)
	Time(refinement): 0.000 s
Setting regions (96 / 72089)...OK (0.001 s)
	Checking crit (0 / 72089)...0 marked (0.001 s)
Refinement result (1 iterations): 72089 bricks (0.014 s)
Collecting and processing rays:
	Adding rays...OK (0.000 s)
	new bricks = 96 / 72089
	new rays   = 67 (x=23, y=26, z=18)
	Processing rays...
		Rays process:  0.001 (0.001) s
		Sort xstacks:  0.000 (0.000) s
		Put xstacks:   0.000 (0.000) s
		Total:         0.001 s
	Correcting rays...
		Lame vertices: 0.000 (0.000) s
		Bad rays:      0.000 (0.000) s
		Emit rays:     0.000 (0.000) s
		Correct ray f: 0.000 (0.000) s
		Undef:         0.000 (0.000) s
		Sum:           0.000 (0.000) s
		Total:         0.001 s
	Time (rays): 0.002 s
Capturing (96 / 72089)...OK (0.001 s)
-----------------------------------------------------------------------

-----------------------------------------------------------------------
Equi Distant Refiner:
Equi Distant Refiner takes 0.00 s
-----------------------------------------------------------------------

/-Ray Intersection---------------/ Time	2.364 s
Calls                6235
CorrectRay Calls     0



-----------------------------------------------------------------------
Refining geometries takes 0.468 s
-----------------------------------------------------------------------
-----------------------------------------------------------------------
Memory Working Set Current = 64.17 Mb, Memory Working Set Peak = 64.18 Mb
Memory Private Bytes Current = 65.12 Mb, Memory Private Bytes Peak = 65.12 Mb
Process Threads Number: 14
-----------------------------------------------------------------------
Defect ray count	0
FYI: CNarrowChannelRefiner::RedistributeLevel1_step_1: is started
FYI: CNarrowChannelRefiner::RedistributeLevel1_step_1: is finished (0.001 s)
FYI: level1 statistics:
     level1_cnt_plus[1]=16;		level1_cnt_minus[1]=0
     level1_cnt_plus[2]=0;		level1_cnt_minus[2]=0
     level1_cnt_plus[3]=0;		level1_cnt_minus[3]=0
     level1_cnt_plus[4]=0;		level1_cnt_minus[4]=0
     level1_cnt_plus[5]=0;		level1_cnt_minus[5]=0
     level1_cnt_plus[6]=0;		level1_cnt_minus[6]=0
     level1_cnt_plus[7]=0;		level1_cnt_minus[7]=0
     level1_cnt_plus[8]=0;		level1_cnt_minus[8]=0
     level1_cnt_plus[9]=0;		level1_cnt_minus[9]=0
FYI: CNarrowChannelRefiner::RedistributeLevel1_step_2: is started
FYI: CNarrowChannelRefiner::RedistributeLevel1_step_2: is finished (0.026 s)
FYI: level1 statistics:
     level1_cnt_plus[1]=16;		level1_cnt_minus[1]=0
     level1_cnt_plus[2]=0;		level1_cnt_minus[2]=0
     level1_cnt_plus[3]=0;		level1_cnt_minus[3]=0
     level1_cnt_plus[4]=0;		level1_cnt_minus[4]=0
     level1_cnt_plus[5]=0;		level1_cnt_minus[5]=0
     level1_cnt_plus[6]=0;		level1_cnt_minus[6]=0
     level1_cnt_plus[7]=0;		level1_cnt_minus[7]=0
     level1_cnt_plus[8]=0;		level1_cnt_minus[8]=0
     level1_cnt_plus[9]=0;		level1_cnt_minus[9]=0
FYI: CNarrowChannelRefiner::RedistributeLevel1_step_3: is started
FYI: CNarrowChannelRefiner::RedistributeLevel1_step_3: is finished (0.007 s)
RedistributeLevel1 takes:
FYI: level1 statistics:
     level1_cnt_plus[1]=16;		level1_cnt_minus[1]=56
     level1_cnt_plus[2]=0;		level1_cnt_minus[2]=0
     level1_cnt_plus[3]=0;		level1_cnt_minus[3]=0
     level1_cnt_plus[4]=0;		level1_cnt_minus[4]=0
     level1_cnt_plus[5]=0;		level1_cnt_minus[5]=0
     level1_cnt_plus[6]=0;		level1_cnt_minus[6]=0
     level1_cnt_plus[7]=0;		level1_cnt_minus[7]=0
     level1_cnt_plus[8]=0;		level1_cnt_minus[8]=0
     level1_cnt_plus[9]=0;		level1_cnt_minus[9]=0
-----------------------------------------------------------------------
MSH format builder (Iteration 0)
-----------------------------------------------------------------------
Memory Working Set Current = 65.64 Mb, Memory Working Set Peak = 65.64 Mb
Memory Private Bytes Current = 66.82 Mb, Memory Private Bytes Peak = 66.82 Mb
Process Threads Number: 14
-----------------------------------------------------------------------
Total bricks count: 72089
-----------------------------------------------------------------------
MSH (Real Geometry) format constructor:
	Geom    Count = 2
	Bodyset Count = 2
	3D task
	Getting brick sets...OK (0.002 s)

	Min x-stack xeps = 0.0249954
	D / dh / eps [axis=0] = (7.75787, 0.0865205, 8.65205e-05)
	D / dh / eps [axis=1] = (6.57882, 0.0767529, 7.67529e-05)
	D / dh / eps [axis=2] = (12.5011, 0.0893056, 8.93056e-05)
	Time (xeps): 0.001 s
Level 1
	Set (0)  size: 380
	Set (0)  time: 0.029 s
	Set (1)  size: 380
	Set (1)  time: 0.013 s
Level 0
	Set (0)  size: 35664
	Set (0)  time: 0.029 s
	Set (1)  size: 35665
	Set (1)  time: 0.030 s

	Spread npq bricks...0 marked (0.001 s)

Result:
	Bricks number:                        72089

	Memory usage:                         1.267 MB
	Memory usage (per brick):             0.018 KB
	Construction time:                    0.106 s

	Topology features:
	------------------
	- High quality bricks                  100.00 % (72089)
	- Medium quality bricks                  0.00 % (0)
	- Bad quality bricks                     0.00 % (0)
	- NPQ bricks                             0.00 % (0)
	- Type-1 bricks                          1.38 % (995)
	- Ribs corrected bricks                  0.00 % (0)
	- Points with geom-info (bricks)         0.00 % (0)
	- Points with closest-info (bricks)      0.00 % (0)
	- Triangulated by center (bricks)        0.00 % (0)
	- Facet w-faces mergings (bricks)        0.00 % (0)
	- To refine (bricks)                     0.00 % (0)
	- Points-count                           0.00 % (0)
	- T-self-intersection-all (bricks)       0.00 % (0)
	- T-self-intersection-simple (bricks)    0.00 % (0)
	- T-self-intersection-complex (bricks)   0.00 % (0)
	- NPQ by reason 1 u-shape                0.00 % (0)
	- NPQ by reason 2 tri-by-ctr             0.00 % (0)
	- NPQ by reason 3 ray-correction         0.00 % (0)
	- NPQ by reason 4 t-self-intersection    0.00 % (0)
	- NPQ by reason 5 non-good               0.00 % (0)
	- NPQ by reason 6 npq-worker             0.00 % (0)

-----------------------------------------------------------------------
Memory Working Set Current = 71.64 Mb, Memory Working Set Peak = 71.65 Mb
Memory Private Bytes Current = 71.87 Mb, Memory Private Bytes Peak = 71.87 Mb
Process Threads Number: 14
-----------------------------------------------------------------------
-----------------------------------------------------------------------
msh-iterations: 1
-----------------------------------------------------------------------
high---q-brick-count = 100.00 % (72089 72089)
medium-q-brick-count =   0.00 % (72089 0)
bad----q-brick-count =   0.00 % (72089 0)
np-----q-brick-count =   0.00 % (72089 0)
-----------------------------------------------------------------------
Free brick parser storage...OK(0.001 s)
-----------------------------------------------------------------------
Memory Working Set Current = 69.48 Mb, Memory Working Set Peak = 71.70 Mb
Memory Private Bytes Current = 70.04 Mb, Memory Private Bytes Peak = 71.87 Mb
Process Threads Number: 14
-----------------------------------------------------------------------
-----------------------------------------------------------------------
MSH --> BCF format (Iteration 0)...
BCF collector...(remove mode=0)
	Time (alloc counter per brick): 0.001 s
	Brick    count: 72089
	Av.f all count: 72061
	Av.s all count: 1196
	Av.f pid count: 1166
	Av.s pid count: 997
	Faces fs count: 2822
	Faces ff count: 0
	Faces ss count: 0
	Faces bb count: 0
	Faces fe count: 10736
	Faces se count: 0
	Faces fw count: 13558
	Faces af count: 210957
	Faces as count: 2956
	Time (all count): 	0.007 s
	Time (bcf alloc): 	0.001 s
	Time (shifts alloc): 	0.004 s
	Time (shifts init): 	0.004 s
	Time (bcf fill): 	0.012 s
	Time (add av to faces): 0.000 s
	Time (add faces to av): 0.005 s
Time (bcf collect): 		0.036 s
	AV checker...
		Hole marker...
			Subdomains:               1.
			Subdomains (cond):        1.
			Time (sd):      0.018 s.
			Time (sd_cond): 0.017 s.
			Time (potential-hole marking): 	0.001 s
			Time (hole checking): 0.000 s.
			0 av(s) are marked to fill subdomain holes.
		Time (hole marker): 0.037 s.
	Time (check av): 	0.064 s
	Subdomain checker...
		Subdomains construction time: 0.017 s.
		Subdomains sort time: 0.000 s.
			Subdomain 0 (geom_ind=0): 72061 av
			Subdomain 1 (geom_ind=1): 1196 av
		gi: 0, real bodies: 1
		gi: 0, subdomains:  1
		gi: 1, real bodies: 0
		gi: 1, subdomains:  1
		Defect subdomains: 0
	Time (check subdoms): 	0.018 s
Time (bcf iteration total): 	0.119 s
	Time (fw-nb): 		0.001 s
	Fixed mutual fw-nb:     2197 (bb: 0)
	Time (fw-nb mutual): 	0.001 s
	Time (fw-nb sort): 	0.000 s
	Fw-opt BEFORE total:    13558 (fs=2822, ff=0, ss=0)
	Fw-opt AFTER  total:    12451 (fs=1715, ff=0, ss=0, failed fw/br=6/0, big_curv=8, big_poly=0)
	Fw-opt RESULT:          1107 (res/(fs+ff+ss) = 39.23 %)
	Time (fw-opt): 		0.002 s
	Time (fw-re-order): 	0.002 s
	Time (fw-nb): 		0.004 s
	Fixed mutual fw-nb:     24978 (bb: 0)
	Time (fw-nb mutual): 	0.002 s
	Time (fw-nb sort): 	0.000 s
	Time (rfd fix): 	0.000 s
	Time (av convexity): 	0.001 s
	Time (av small volume): 0.000 s
	Time (diagonal fw-nb): 	0.013 s
	Fixed mutual fw-nb:     0 (bb: 0)
	Time (fw-nb mutual): 	0.001 s
	Time (fw-nb sort): 	0.000 s
	Fluid subdomains: 1
	Faces fw-nb diff sd:    0
	Time (fw-nb diff sd): 	0.018 s
Time (bcf calc): 		0.053 s
-----------------------------------------------------------------------
Time (bcf total): 		0.172 s
-----------------------------------------------------------------------
bcf-iterations: 1
-----------------------------------------------------------------------
-----------------------------------------------------------------------
Mega-cv constructor for fluid...
	 0 av's is treated as thin
Relative size generator (threshold = 0.05)...
	Iteration 1 (small cluster count = 126)
	Iteration 2 (small cluster count = 61)
	Iteration 3 (small cluster count = 9)
	Iteration 4 (small cluster count = 3)
	Iteration 5 (small cluster count = 0)
	 125 mega-cv's generated
	 0 mega-cv's removed
Relative size generator is completed OK (0.005 s)
Apply fa-rules to mega-cv clusters fixes...
OK (0.000 s)
Convert clusters:
	 125 mega-cv's total
Mega-cv count: 125
Time (mega-cv fill): 	0.000 s
Time (mega-cv total): 	0.030 s
-----------------------------------------------------------------------
Mixing plane rotation regions: NO.
Sliding mesh rotation regions: NO.
Fluid/fluid faces: NO.
-----------------------------------------------------------------------
Memory Working Set Current = 88.84 Mb, Memory Working Set Peak = 100.89 Mb
Memory Private Bytes Current = 114.52 Mb, Memory Private Bytes Peak = 115.96 Mb
Process Threads Number: 14
-----------------------------------------------------------------------
----------------------------------------------------------
BCF --> BCF.GEOMSUBDOM (bridge arrays):
MESH (0):
	Fluid Subdom Constructor: 1 subdom(s).
	Solid Subdom Constructor: 1 subdom(s).
	Net Asm Subdom Constructor: 0 subdom(s).
	GEOMSUBDOM (0): gi=0 Fluid av=72061 cv=71933 fa=210957 fb=0 fw=12451 V=6.358942e+02
	Cache data...OK
	GEOMSUBDOM (1): gi=1 Solid av=1196 cv=1196 fa=2956 fb=0 fw=1715 V=2.130886e+00
	Cache data...OK
	Setting nb of w-faces...OK (0.002 s).
	Correcting nb of w-faces...
	Time(correct_fw_nb)=0.003 s

MESH (0) checking:
	GEOMSUBDOM (0):fa_s=8967.5308969230991352 fb_s=0.0000000000000000 fw_s=481.1384652893116822 fw_nb=99562
	              :d_const(64483)=3.43833e-13 d_linear(48491)=7.39692e-13
	GEOMSUBDOM (1):fa_s=38.8015357741064975 fb_s=0.0000000000000000 fw_s=20.6151763664765966 fw_nb=13698
	              :d_const(764)=8.40346e-12 d_linear(764)=3.26821e-11
MESH (0) checking: OK.
Time (MDS): 	0.131 s
----------------------------------------------------------
-----------------------------------------------------------------------
Memory Working Set Current = 112.20 Mb, Memory Working Set Peak = 112.21 Mb
Memory Private Bytes Current = 136.80 Mb, Memory Private Bytes Peak = 136.80 Mb
Process Threads Number: 14
-----------------------------------------------------------------------

-----------------------------------------------------------------------
BCF CHECKSUM DATA (Mesh 0):

BRICK |Level1| Sum:               72
FACE_A Area Sum:   G.Fluid        8967.5308969230936782
FACE_A Area Sum:   G.Solid        38.8015357741064975
FACE_W Area Sum:                  481.1384652893116254
FACE_W Nb   Sum:                  99562
FACE_W min curvatures sum:        -3786.67633082
FACE_W max curvatures sum:        2503.58254831
AV Max Disbalance(Const) :        8.40346e-12 (cid=55295, t={29, 32, 94}, avid=73167, pid=915)
AV Max Disbalance(Linear):        4.74984e-11 (cid=29474, t={30, 30, 50}, avid=29511, pid=149)
-----------------------------------------------------------------------


-----------------------------------------------------------------------
MESHER TOPOLOGY DATA:

BRICKS: Total                 72089
BRICKS: Fluid                 71890
BRICKS: Fluid Partial         995
BRICKS: Type 1                995
BRICKS: Max AV number         3

AV:     G.Total               73257
AV:     G.Fluid               72061
AV:     G.Solid               1196

AV:     G.Fluid Thin Profile    0.00 % (2)
AV:     G.Solid Thin Profile   14.30 % (171)

AV:     G.Fluid Thin For Mega   0.00 % (0)
AV:     G.Solid Thin For Mega  13.29 % (159)

AV:     G.Fluid Non-Convex      0.80 % (580)
AV:     G.Solid Non-Convex     36.79 % (440)

AV:     G.Fluid Non-Ess-Convex      0.41 % (293)
AV:     G.Solid Non-Ess-Convex     11.20 % (134)

FACE_A: G.Fluid          (af) 210957 (partially opened 2431)
FACE_A: G.Solid          (as) 2956 (partially opened 2073)

FACE_B: G.Total          (b)  0

FACE_W: G.Total                 12451       Brick/Bound
FACE_W: G.Fluid/Solid    (fs_g) 1715        0           
FACE_W: G.Fluid/Fluid    (ff_g) 0           0           
FACE_W: G.Solid/Solid    (ss_g) 0           0           
FACE_W: G.Fluid/Void     (fv_g) 0           0           
FACE_W: G.Fluid/External (fe_g) 10736
FACE_W: G.Solid/External (se_g) 0

AV/CV max fa count (on brick side):6
AV/CV max fw count:                6
AV/CV max fb count:                0
AV/CV max fw poly count:           16

MEMORY: Total                   21.536 MB
MEMORY: Per Brick               0.306 KB
-----------------------------------------------------------------------

-----------------------------------------------------------------------
Connectivities information:
	Number of conns: 0
-----------------------------------------------------------------------
	Time (gap size): 	0.037 s
-----------------------------------------------------------------------
Memory Working Set Current = 112.24 Mb, Memory Working Set Peak = 112.24 Mb
Memory Private Bytes Current = 136.80 Mb, Memory Private Bytes Peak = 136.80 Mb
Process Threads Number: 14
-----------------------------------------------------------------------
-----------------------------------------------------------------------
Calculating curvature and tolerance criteria...
Curvature: min=0 (cid=0) max=3.14158 (cid=50539)
Tolerance: min=0 (cid=0) max=0.0994541 (cid=52968)
Calculating curvature and tolerance criteria takes 0.057 s
-----------------------------------------------------------------------
MESH Build(FS) finished. Time=1.100 s
-----------------------------------------------------------------------
Current CPU = 1 sec

Nx=36
Ny=32
Nz=62
Max BRICK Level=1
Mesh Level=1
-----------------CModelBodies2MeshMapper::CollectData started -------------------------------
	Time (collect mesh base data): 0.001 s.
	Time (collect model bodies mapping): 0.000 s.
	Time (collect positive bodies mapping): 0.000 s.
	Time (collect fluid bodies mapping): 0.001 s.
-----------------CModelBodies2MeshMapper Report -------------------------------
FluidDomains 1 SolidDomains 1 VoidDomains 0 
Domains RefIndexes
----------------- -------------------------------
	ModelBodies
Total resolved Bodies 0 BodySets 0

--------------------------------------------------------------------------
	Positive geometry Bodies
Total resolved Bodies 1 BodySets 1
BodySet 0
	Bodies list:
			#0	Name: ;	ID: 27e503da-8090-4b82-a52b-324432e66b02
	Domains list:mesh type	 (0, 1)		 0 


--------------------------------------------------------------------------
	Fluid regions
Total resolved Bodies 1 BodySets 1
BodySet 0	Material: Air; 
	Bodies list:
			#0	Name: ;	ID: 27e503da-8090-4b82-a52b-324432e66b02
	Domains list:mesh type	 (0, 1)		 0 


--------------------------------------------------------------------------
Collect data takes...0.002 s
-----------------CModelBodies2MeshMapper::CollectData finished successfully-------------------
Saving initial mesh in: D:\GitHub\Mechanical\SeattleSolarCar2024-2025\Aeroshells\new Atticus aero models\41n smaller back - Copy\1\1.fld .
Storing results...
	Estimated CPT size=7.991 MB.
	Time (write bcf): 0.231 s
Storing results takes 0.239 s
-----------------------------------------------------------------------
Memory Working Set Current = 112.57 Mb, Memory Working Set Peak = 112.58 Mb
Memory Private Bytes Current = 136.80 Mb, Memory Private Bytes Peak = 136.80 Mb
Process Threads Number: 14
-----------------------------------------------------------------------
Cleaning memory...
-----------------------------------------------------------------------
Start to free mesher data...
MMP (msh): locals=8, allc_sz=9.54 MB, used_sz=8.81 MB, blks-min-max=1/27
MMP (brx): locals=8, allc_sz=10.47 MB, used_sz=9.39 MB, blks-min-max=14/17
MMP (bcf): locals=8, allc_sz=31.91 MB, used_sz=30.80 MB, blks-min-max=15/37
MMP (xsl): locals=8, allc_sz=0.12 MB, used_sz=0.07 MB, blks-min-max=1/1
Free xsl...            OK	Time=0.000 s
Free ray collector...  OK	Time=0.000 s
Free ray intersector...OK	Time=0.000 s
Free body sets...      OK	Time=0.006 s
Free Geometry DB takes 0.000 s
Free mesh conn...      OK	Time=0.000 s
Free geomsd...         OK	Time=0.000 s
Free mbricks...        OK	Time=0.002 s
Free hash info...      OK	Time=0.001 s
Free bricks-x...       OK	Time=0.001 s
Free bcf...            OK	Time=0.004 s
Free mesh h...         OK	Time=0.000 s
Free bricks arr..      OK	Time=0.000 s
Free bricks tree...    OK	Time=0.000 s
Free mesh pools...     OK	Time=0.006 s
Free bodies mapper...  OK	Time=0.000 s
Free geom crits...     OK	Time=0.000 s
Free cpt regions...    OK	Time=0.000 s
Free peculiar surfs... OK	Time=0.000 s
Free sw-geometries...  OK	Time=0.000 s
Total free mesher data time: 0.023 s
-----------------------------------------------------------------------
Copying... OK
CPT size=2.467 MB (2586718 bytes).
Mesh generation normally finished at	25.3.2025	0:1:19
Mesher CPU = 1 sec
Mesher is finished at	25.3.2025	0:1:19
-----------------------------------------------------------------------
Memory Working Set Current = 31.73 Mb, Memory Working Set Peak = 112.58 Mb
Memory Private Bytes Current = 54.17 Mb, Memory Private Bytes Peak = 136.80 Mb
Process Threads Number: 14
-----------------------------------------------------------------------
Algebra Pool      : mem_usage = 2.06 Mb, allocated count = 0
-----------------------------------------------------------------------
Memory Working Set Current = 29.78 Mb, Memory Working Set Peak = 112.58 Mb
Memory Private Bytes Current = 52.16 Mb, Memory Private Bytes Peak = 136.80 Mb
Process Threads Number: 14
Process Threads Number Peak: 14
-----------------------------------------------------------------------
Log ended at 25.03.2025	00:01:19
