Log started at 14.12.2024	23:31:40
Number of used processors (NPROC): 6.
Number of mesh partitions (NPART): 6.
Total Physical Memory = 31.91 Gb, Available Physical Memory = 16.74 Gb
Computer name:	DESKTOP-C408A46
Operating system:	Windows 11 (or higher) (Version 10.0.22631)

Commandline:	"C:\Program Files\SOLIDWORKS Corp\SOLIDWORKS Flow Simulation\BINCFW\efdsolver.exe" /config:"C:\Users\juded\OneDrive\Desktop\Car shit\27\27.xmlconfig" /guid:e832d890-631d-418c-8b2a-5944c2acf049 /processors:max /m /s /prjnamelm:"Flow Simulation 2023" /prjnamehabout:"Flow Simulation 2023" /companyname:"COSMOS Applications" /prjaliasid:1009 /lang:English /port:64255

SOLIDWORKS 2023 SP2.1
Flow Simulation 2023  x64 / 5965

Project: C:\Users\juded\OneDrive\Desktop\Car shit\27\27.xmlconfig
Configuration name: Default
Project name: Project(1)
Problem type: external-with-void-internal-space-type
Exclude cavities without flow conditions: ON
NGK: OFF
MBO: OFF
-----------------------------------------------------------------------
Mesher option run = eRunMesherNormal
-----------------------------------------------------------------------

Mesh generation started:	14.12.2024	23:31:40
-----------------------------------------------------------------------
Memory Working Set Current = 15.46 Mb, Memory Working Set Peak = 15.46 Mb
Memory Private Bytes Current = 15.96 Mb, Memory Private Bytes Peak = 15.96 Mb
Process Threads Number: 7
-----------------------------------------------------------------------
Mesher adjust APD = OFF; AdjustAPD_method=0; N_per_Channel = 0; N2_per_Channel = 0
Current CPU = 0 sec
-----------------------------------------------------------------------
Geometries initialization:
-----------------------------------------------------------------------
Loading mesh settings (global/local)...
-----------------------------------------------------------------------
Number of geometries from DB: 1
Geometry(0):
	Guid = {00000000-0000-0000-0000-000000000000}
	Fluid..
	1 Body.
	1 Real body.
	-- Bodyset 0 --
		Tolerance=0.000243813.
		27 Face(s).
			27 of b-spline type.
		0 Face(s) that have no ref faces
		8 Plane surface(s).
		19 B- surface(s).
		93634 Triangle(s).
		Getting triangle connectivities from DB: 0.008 s
		81 Edge(s).
			81 of b-spline type.
		BodyGeom reading: 0.042 s.
		93634 Reference Triangles.
		Getting triangle connectivities from DB (Ref): 0.008 s
		BodyGeom Ref reading: 0.013 s.
Geometry(1):
	Solid.
	-- Bodyset 1 --
	Empty
-----------------------------------------------------------------------
Number of geometries in task: 2
	G : 0	Type: Fluid
	G : 1	Type: Solid
Number of bodysets   in task: 2
-----------------------------------------------------------------------
BodySet (0):
	Making hash and connectivity for Bodyset ...
		CBodyGeom:
		Hash size: {44, 344, 32}.
		Mesh size: {44, 86, 32}.
		Hashing triangles...Ok.
			axis(0) tr sizes: average=45 max=401
			axis(1) tr sizes: average=177 max=1065
			axis(2) tr sizes: average=23 max=254
		Number of t-connected sets:1 (cavity=0)
		CBodyGeomRef:
		Hashing triangles...Ok.
			axis(0) tr sizes: average=96 max=945
			axis(1) tr sizes: average=170 max=1053
			axis(2) tr sizes: average=50 max=475
	0.0827 s.
Geometries reading and preparing has taken 0.168 s.
-----------------------------------------------------------------------
Mapped triangles:
Hashing rough geometry(bodies) triangulation:
BodySet (0):
	Triangles num=93634
	Triangles box={-0.911387 ,0.91517 ,-5 ,-3.70842e-05 ,0.0671758 ,0.553494}
		3d-hash size is 1048908 bytes
BodySet (1):
no log info (empty stream)

Mapped triangles processed in 0.078 s.
-----------------------------------------------------------------------
-----------------------------------------------------------------------
Getting sectors:
Number of sectors: 0
-----------------------------------------------------------------------
-----------------------------------------------------------------------
Bodies:     2
Faces:      27
Edges:      81
Triangles:  93634
-----------------------------------------------------------------------

Current CPU = 1 sec
-----------------------------------------------------------------------
Memory Working Set Current = 80.05 Mb, Memory Working Set Peak = 98.63 Mb
Memory Private Bytes Current = 79.51 Mb, Memory Private Bytes Peak = 98.21 Mb
Process Threads Number: 12
-----------------------------------------------------------------------
-----------------------------------------------------------------------
Checking faces on CD...
FCD = [0 0 0 0 0 0]
FCD_conflicts = 0
Time (check faces on CD)=0.001 s
-----------------------------------------------------------------------

-----------------------------------------------------------------------
Mesh dimensions:
				I[0 ]=44
				I[1 ]=86
				I[2 ]=32

Comp. domain size:
				a[0  ]=-2.37503
				a[1  ]=2.37924
				a[2  ]=-7.43818
				a[3  ]=1.46289
				a[4  ]=-1.39677
				a[5  ]=2.01662

Fluid calculated			1
Solid calculated			0
-----------------------------------------------------------------------
MESH Build started...
-----------------------------------------------------------------------
Mesh LEVEL = 1
-----------------------------------------------------------------------
-----------------------------------------------------------------------
CPT-mode xeps:
	D / dh / eps [axis=0] = (4.75427, 0.044798, 4.4798e-05)
	D / dh / eps [axis=1] = (8.90108, 0.0464389, 4.64389e-05)
	D / dh / eps [axis=2] = (3.41339, 0.0398225, 3.98225e-05)
-----------------------------------------------------------------------
Initial allocation and brick-body-box intersection...OK (0.002 s)
Initial triangle brick intersection...OK (0.001 s)
Setting regions (121088 / 121088)...OK (0.001 s)
-----------------------------------------------------------------------
Base mesh info:
	3D task
	Nx=44
	Ny=86
	Nz=32
	N(Nx*Ny*Nz) = 3784
	Period    axis=[0, 0, 0]
	Symmetry  ni=[0 0 0 0 0 0]
	ZoomingBC ni=[0 0 0 0 0 0]
	Nx=44
		x[0]=-2.37503
		x[1]=-2.21563
		x[2]=-2.06391
		x[3]=-1.91945
		x[4]=-1.7819
		x[5]=-1.65093
		x[6]=-1.52624
		x[7]=-1.40751
		x[8]=-1.29446
		x[9]=-1.18682
		x[10]=-1.08433
		x[11]=-0.986747
		x[12]=-0.893834
		x[13]=-0.804238
		x[14]=-0.714641
		x[15]=-0.625044
		x[16]=-0.535447
		x[17]=-0.445849
		x[18]=-0.356252
		x[19]=-0.266655
		x[20]=-0.177058
		x[21]=-0.0874612
		x[22]=0.00213587
		x[23]=0.0917329
		x[24]=0.18133
		x[25]=0.270927
		x[26]=0.360524
		x[27]=0.450121
		x[28]=0.539718
		x[29]=0.629315
		x[30]=0.718912
		x[31]=0.808509
		x[32]=0.898107
		x[33]=0.991024
		x[34]=1.08861
		x[35]=1.1911
		x[36]=1.29875
		x[37]=1.4118
		x[38]=1.53053
		x[39]=1.65524
		x[40]=1.7862
		x[41]=1.92376
		x[42]=2.06822
		x[43]=2.21994
		x[44]=2.37924
	Ny=86
		y[0]=-7.43818
		y[1]=-7.28229
		y[2]=-7.1336
		y[3]=-6.99175
		y[4]=-6.85642
		y[5]=-6.72731
		y[6]=-6.60414
		y[7]=-6.48662
		y[8]=-6.37451
		y[9]=-6.26755
		y[10]=-6.16551
		y[11]=-6.06816
		y[12]=-5.97528
		y[13]=-5.87874
		y[14]=-5.78221
		y[15]=-5.68567
		y[16]=-5.58913
		y[17]=-5.4926
		y[18]=-5.39606
		y[19]=-5.29953
		y[20]=-5.20299
		y[21]=-5.10646
		y[22]=-5.00992
		y[23]=-4.91338
		y[24]=-4.81685
		y[25]=-4.72031
		y[26]=-4.62378
		y[27]=-4.52724
		y[28]=-4.43071
		y[29]=-4.33417
		y[30]=-4.23763
		y[31]=-4.1411
		y[32]=-4.04456
		y[33]=-3.94803
		y[34]=-3.85149
		y[35]=-3.75496
		y[36]=-3.65842
		y[37]=-3.56188
		y[38]=-3.46535
		y[39]=-3.36881
		y[40]=-3.27228
		y[41]=-3.17574
		y[42]=-3.07921
		y[43]=-2.98267
		y[44]=-2.88613
		y[45]=-2.7896
		y[46]=-2.69306
		y[47]=-2.59653
		y[48]=-2.49999
		y[49]=-2.40379
		y[50]=-2.30758
		y[51]=-2.21137
		y[52]=-2.11517
		y[53]=-2.01896
		y[54]=-1.92276
		y[55]=-1.82655
		y[56]=-1.73035
		y[57]=-1.63414
		y[58]=-1.53793
		y[59]=-1.44173
		y[60]=-1.34552
		y[61]=-1.24932
		y[62]=-1.15311
		y[63]=-1.0569
		y[64]=-0.960699
		y[65]=-0.864493
		y[66]=-0.768288
		y[67]=-0.672082
		y[68]=-0.575876
		y[69]=-0.47967
		y[70]=-0.383464
		y[71]=-0.287258
		y[72]=-0.191053
		y[73]=-0.0948468
		y[74]=0.00135897
		y[75]=0.0975648
		y[76]=0.193643
		y[77]=0.294531
		y[78]=0.40047
		y[79]=0.511711
		y[80]=0.628521
		y[81]=0.751177
		y[82]=0.879973
		y[83]=1.01522
		y[84]=1.15723
		y[85]=1.30635
		y[86]=1.46289
	Nz=32
		z[0]=-1.39677
		z[1]=-1.24722
		z[2]=-1.10496
		z[3]=-0.969591
		z[4]=-0.840781
		z[5]=-0.718213
		z[6]=-0.601585
		z[7]=-0.490608
		z[8]=-0.38501
		z[9]=-0.284529
		z[10]=-0.188917
		z[11]=-0.0979389
		z[12]=-0.0113694
		z[13]=0.0710049
		z[14]=0.15065
		z[15]=0.230296
		z[16]=0.309941
		z[17]=0.389587
		z[18]=0.469233
		z[19]=0.548878
		z[20]=0.631247
		z[21]=0.717811
		z[22]=0.808786
		z[23]=0.904395
		z[24]=1.00487
		z[25]=1.11047
		z[26]=1.22145
		z[27]=1.33808
		z[28]=1.46065
		z[29]=1.58947
		z[30]=1.72485
		z[31]=1.86713
		z[32]=2.01662
-----------------------------------------------------------------------
Input_mesh_settings--------------------------------
Settings 0----------------
	Scope: GLOBAL
	Type:	------MESHER_SETTINGS----------
	RefAllCells           =0
	RefFluidCells         =0
	RefPartCells          =0
	RefSolidCells         =0
	l_SSFR(Capture crit)  =1
	l_curv(Curvature crit)=0
	l_tol(Tolerance crit) =0
	UseChannelRef         =1
	  NCR_method          =0
	  l_NCR               =1
	  N_gap               =5
	  Use d_NCR_min       =0
	  Use d_NCR_max       =0
	CloseThinSlotsHeight         =0
	--END_OF_MESHER_SETTINGS-------
End of input mesh settings-------------------------
-----------------------------------------------------------------------
Memory Working Set Current = 108.78 Mb, Memory Working Set Peak = 108.78 Mb
Memory Private Bytes Current = 111.54 Mb, Memory Private Bytes Peak = 111.54 Mb
Process Threads Number: 12
-----------------------------------------------------------------------
MMP (msh): locals=1, allc_sz=16.30 MB, used_sz=14.79 MB, blks-min-max=30/30
MMP (brx): locals=6, allc_sz=15.34 MB, used_sz=13.93 MB, blks-min-max=13/20
MMP (bcf): locals=0, allc_sz=0.00 MB, used_sz=0.00 MB, blks-min-max=0/0
MMP (xsl): locals=0, allc_sz=0.00 MB, used_sz=0.00 MB, blks-min-max=0/0
NxNyNz = [44, 86, 32]
base_dx=0.106074; 
NxNyNz_reverse = [45, 84, 32]

-----------------------------------------------------------------------
Refining geometries:
-----------------------------------------------------------------------

-----------------------------------------------------------------------
Refining by triangulation...
Refinement input: 121088 bricks
	Checking crit (121088 / 121088)...69 marked (0.046 s)
	Time(refinement): 0.000 s
Setting regions (552 / 121571)...OK (0.001 s)
	Checking crit (0 / 121571)...0 marked (0.001 s)
Refinement result (1 iterations): 121571 bricks (0.055 s)
Refinement input: 121571 bricks
	Checking crit (121019 / 121571)...0 marked (0.002 s)
Refinement result (0 iterations): 121571 bricks (0.003 s)
Collecting and processing rays:
	Adding rays...OK (0.015 s)
	new bricks = 121571 / 121571
	new rays   = 8760 (x=2956, y=1628, z=4176)
	Processing rays...
		Rays process:  0.162 (0.162) s
		Sort xstacks:  0.000 (0.000) s
		Put xstacks:   0.001 (0.001) s
		Total:         0.163 s
	Correcting rays...
		Lame vertices: 0.004 (0.004) s
		Bad rays:      0.000 (0.000) s
		Emit rays:     0.000 (0.000) s
		Correct ray f: 0.000 (0.000) s
		Undef:         0.000 (0.000) s
		Sum:           0.004 (0.004) s
		Total:         0.005 s
	Time (rays): 0.184 s
Capturing (121571 / 121571)...OK (0.005 s)
Refining by triangulation takes 0.246 s
-----------------------------------------------------------------------

-----------------------------------------------------------------------
Refining peculiar surfaces...
Collecting and processing rays:
	Adding rays...OK (0.001 s)
	new bricks = 0 / 121571
	new rays   = 0 (x=0, y=0, z=0)
	Processing rays...
		Rays process:  0.000 (0.000) s
		Sort xstacks:  0.000 (0.000) s
		Put xstacks:   0.000 (0.000) s
		Total:         0.000 s
	Correcting rays...
		Total:         0.000 s
	Time (rays): 0.001 s
Capturing (0 / 121571)...OK (0.001 s)
0 surfaces refined
Refining peculiar surfaces takes 0.002 s
-----------------------------------------------------------------------

-----------------------------------------------------------------------
Base mesh 1 Refining...
Collecting and processing rays:
	Adding rays...OK (0.000 s)
	new bricks = 0 / 121571
	new rays   = 0 (x=0, y=0, z=0)
	Processing rays...
		Rays process:  0.000 (0.000) s
		Sort xstacks:  0.000 (0.000) s
		Put xstacks:   0.000 (0.000) s
		Total:         0.000 s
	Correcting rays...
		Total:         0.000 s
	Time (rays): 0.001 s
Capturing (0 / 121571)...OK (0.001 s)
Refinement input: 121571 bricks
	Checking crit (121019 / 121571)...0 marked (0.001 s)
Refinement result (0 iterations): 121571 bricks (0.002 s)
-----------------------------------------------------------------------
Refining channels...
FYI: CNarrowChannelRefiner::RefineChannels_PRLL
Refinement input: 121571 bricks
	Time(refinement): 0.000 s
Setting regions (296 / 121830)...OK (0.001 s)
Refinement result (1 iterations): 121830 bricks (0.009 s)
Collecting and processing rays:
	Adding rays...OK (0.001 s)
	new bricks = 296 / 121830
	new rays   = 133 (x=33, y=8, z=92)
	Processing rays...
		Rays process:  0.001 (0.001) s
		Sort xstacks:  0.000 (0.000) s
		Put xstacks:   0.000 (0.000) s
		Total:         0.001 s
	Correcting rays...
		Lame vertices: 0.001 (0.001) s
		Bad rays:      0.000 (0.000) s
		Emit rays:     0.000 (0.000) s
		Correct ray f: 0.000 (0.000) s
		Undef:         0.000 (0.000) s
		Sum:           0.001 (0.001) s
		Total:         0.001 s
	Time (rays): 0.004 s
Capturing (296 / 121830)...OK (0.001 s)
FYI: m_iteration_count = 0
FYI: level1 statistics:
     level1_cnt_plus[1]=296;		level1_cnt_minus[1]=0
     level1_cnt_plus[2]=0;		level1_cnt_minus[2]=0
     level1_cnt_plus[3]=0;		level1_cnt_minus[3]=0
     level1_cnt_plus[4]=0;		level1_cnt_minus[4]=0
     level1_cnt_plus[5]=0;		level1_cnt_minus[5]=0
     level1_cnt_plus[6]=0;		level1_cnt_minus[6]=0
     level1_cnt_plus[7]=0;		level1_cnt_minus[7]=0
     level1_cnt_plus[8]=0;		level1_cnt_minus[8]=0
     level1_cnt_plus[9]=0;		level1_cnt_minus[9]=0
Refinement input: 121830 bricks
	Time(refinement): 0.000 s
Setting regions (32 / 121858)...OK (0.001 s)
Refinement result (1 iterations): 121858 bricks (0.008 s)
Collecting and processing rays:
	Adding rays...OK (0.001 s)
	new bricks = 32 / 121858
	new rays   = 8 (x=3, y=0, z=5)
	Processing rays...
		Rays process:  0.000 (0.000) s
		Sort xstacks:  0.000 (0.000) s
		Put xstacks:   0.000 (0.000) s
		Total:         0.000 s
	Correcting rays...
		Lame vertices: 0.001 (0.001) s
		Bad rays:      0.000 (0.000) s
		Emit rays:     0.000 (0.000) s
		Correct ray f: 0.000 (0.000) s
		Undef:         0.000 (0.000) s
		Sum:           0.001 (0.001) s
		Total:         0.001 s
	Time (rays): 0.002 s
Capturing (32 / 121858)...OK (0.001 s)
FYI: m_iteration_count = 1
FYI: level1 statistics:
     level1_cnt_plus[1]=328;		level1_cnt_minus[1]=0
     level1_cnt_plus[2]=0;		level1_cnt_minus[2]=0
     level1_cnt_plus[3]=0;		level1_cnt_minus[3]=0
     level1_cnt_plus[4]=0;		level1_cnt_minus[4]=0
     level1_cnt_plus[5]=0;		level1_cnt_minus[5]=0
     level1_cnt_plus[6]=0;		level1_cnt_minus[6]=0
     level1_cnt_plus[7]=0;		level1_cnt_minus[7]=0
     level1_cnt_plus[8]=0;		level1_cnt_minus[8]=0
     level1_cnt_plus[9]=0;		level1_cnt_minus[9]=0
Refinement input: 121858 bricks
	Time(refinement): 0.000 s
Setting regions (8 / 121865)...OK (0.001 s)
Refinement result (1 iterations): 121865 bricks (0.008 s)
Collecting and processing rays:
	Adding rays...OK (0.001 s)
	new bricks = 8 / 121865
	new rays   = 2 (x=0, y=0, z=2)
	Processing rays...
		Rays process:  0.000 (0.000) s
		Sort xstacks:  0.000 (0.000) s
		Put xstacks:   0.000 (0.000) s
		Total:         0.000 s
	Correcting rays...
		Lame vertices: 0.001 (0.001) s
		Bad rays:      0.000 (0.000) s
		Emit rays:     0.000 (0.000) s
		Correct ray f: 0.000 (0.000) s
		Undef:         0.000 (0.000) s
		Sum:           0.001 (0.001) s
		Total:         0.001 s
	Time (rays): 0.002 s
Capturing (8 / 121865)...OK (0.001 s)
FYI: m_iteration_count = 2
FYI: level1 statistics:
     level1_cnt_plus[1]=336;		level1_cnt_minus[1]=0
     level1_cnt_plus[2]=0;		level1_cnt_minus[2]=0
     level1_cnt_plus[3]=0;		level1_cnt_minus[3]=0
     level1_cnt_plus[4]=0;		level1_cnt_minus[4]=0
     level1_cnt_plus[5]=0;		level1_cnt_minus[5]=0
     level1_cnt_plus[6]=0;		level1_cnt_minus[6]=0
     level1_cnt_plus[7]=0;		level1_cnt_minus[7]=0
     level1_cnt_plus[8]=0;		level1_cnt_minus[8]=0
     level1_cnt_plus[9]=0;		level1_cnt_minus[9]=0
FYI: m_iteration_count = 3
FYI: level1 statistics:
     level1_cnt_plus[1]=336;		level1_cnt_minus[1]=0
     level1_cnt_plus[2]=0;		level1_cnt_minus[2]=0
     level1_cnt_plus[3]=0;		level1_cnt_minus[3]=0
     level1_cnt_plus[4]=0;		level1_cnt_minus[4]=0
     level1_cnt_plus[5]=0;		level1_cnt_minus[5]=0
     level1_cnt_plus[6]=0;		level1_cnt_minus[6]=0
     level1_cnt_plus[7]=0;		level1_cnt_minus[7]=0
     level1_cnt_plus[8]=0;		level1_cnt_minus[8]=0
     level1_cnt_plus[9]=0;		level1_cnt_minus[9]=0
FYI: level1 statistics:
     level1_cnt_plus[1]=336;		level1_cnt_minus[1]=0
     level1_cnt_plus[2]=0;		level1_cnt_minus[2]=0
     level1_cnt_plus[3]=0;		level1_cnt_minus[3]=0
     level1_cnt_plus[4]=0;		level1_cnt_minus[4]=0
     level1_cnt_plus[5]=0;		level1_cnt_minus[5]=0
     level1_cnt_plus[6]=0;		level1_cnt_minus[6]=0
     level1_cnt_plus[7]=0;		level1_cnt_minus[7]=0
     level1_cnt_plus[8]=0;		level1_cnt_minus[8]=0
     level1_cnt_plus[9]=0;		level1_cnt_minus[9]=0

-----------------------------------------------------------------------
U-shapes refinement...
Refinement input: 121865 bricks
	Checking crit (120977 / 121865)...12 marked (0.007 s)
	Time(refinement): 0.000 s
Setting regions (96 / 121949)...OK (0.001 s)
	Checking crit (0 / 121949)...0 marked (0.001 s)
Refinement result (1 iterations): 121949 bricks (0.016 s)
Collecting and processing rays:
	Adding rays...OK (0.001 s)
	new bricks = 96 / 121949
	new rays   = 76 (x=24, y=18, z=34)
	Processing rays...
		Rays process:  0.000 (0.000) s
		Sort xstacks:  0.000 (0.000) s
		Put xstacks:   0.000 (0.000) s
		Total:         0.001 s
	Correcting rays...
		Lame vertices: 0.001 (0.001) s
		Bad rays:      0.000 (0.000) s
		Emit rays:     0.000 (0.000) s
		Correct ray f: 0.000 (0.000) s
		Undef:         0.000 (0.000) s
		Sum:           0.001 (0.001) s
		Total:         0.001 s
	Time (rays): 0.003 s
Capturing (96 / 121949)...OK (0.001 s)
-----------------------------------------------------------------------

-----------------------------------------------------------------------
Equi Distant Refiner:
Equi Distant Refiner takes 0.00 s
-----------------------------------------------------------------------

/-Ray Intersection---------------/ Time	0.905 s
Calls                8979
CorrectRay Calls     0



-----------------------------------------------------------------------
Refining geometries takes 0.383 s
-----------------------------------------------------------------------
-----------------------------------------------------------------------
Memory Working Set Current = 119.46 Mb, Memory Working Set Peak = 119.46 Mb
Memory Private Bytes Current = 120.57 Mb, Memory Private Bytes Peak = 120.57 Mb
Process Threads Number: 12
-----------------------------------------------------------------------
Defect ray count	0
FYI: CNarrowChannelRefiner::RedistributeLevel1_step_1: is started
FYI: CNarrowChannelRefiner::RedistributeLevel1_step_1: is finished (0.001 s)
FYI: level1 statistics:
     level1_cnt_plus[1]=336;		level1_cnt_minus[1]=0
     level1_cnt_plus[2]=0;		level1_cnt_minus[2]=0
     level1_cnt_plus[3]=0;		level1_cnt_minus[3]=0
     level1_cnt_plus[4]=0;		level1_cnt_minus[4]=0
     level1_cnt_plus[5]=0;		level1_cnt_minus[5]=0
     level1_cnt_plus[6]=0;		level1_cnt_minus[6]=0
     level1_cnt_plus[7]=0;		level1_cnt_minus[7]=0
     level1_cnt_plus[8]=0;		level1_cnt_minus[8]=0
     level1_cnt_plus[9]=0;		level1_cnt_minus[9]=0
FYI: CNarrowChannelRefiner::RedistributeLevel1_step_2: is started
FYI: CNarrowChannelRefiner::RedistributeLevel1_step_2: is finished (0.044 s)
FYI: level1 statistics:
     level1_cnt_plus[1]=343;		level1_cnt_minus[1]=0
     level1_cnt_plus[2]=0;		level1_cnt_minus[2]=0
     level1_cnt_plus[3]=0;		level1_cnt_minus[3]=0
     level1_cnt_plus[4]=0;		level1_cnt_minus[4]=0
     level1_cnt_plus[5]=0;		level1_cnt_minus[5]=0
     level1_cnt_plus[6]=0;		level1_cnt_minus[6]=0
     level1_cnt_plus[7]=0;		level1_cnt_minus[7]=0
     level1_cnt_plus[8]=0;		level1_cnt_minus[8]=0
     level1_cnt_plus[9]=0;		level1_cnt_minus[9]=0
FYI: CNarrowChannelRefiner::RedistributeLevel1_step_3: is started
FYI: CNarrowChannelRefiner::RedistributeLevel1_step_3: is finished (0.029 s)
RedistributeLevel1 takes:
FYI: level1 statistics:
     level1_cnt_plus[1]=343;		level1_cnt_minus[1]=381
     level1_cnt_plus[2]=0;		level1_cnt_minus[2]=0
     level1_cnt_plus[3]=0;		level1_cnt_minus[3]=0
     level1_cnt_plus[4]=0;		level1_cnt_minus[4]=0
     level1_cnt_plus[5]=0;		level1_cnt_minus[5]=0
     level1_cnt_plus[6]=0;		level1_cnt_minus[6]=0
     level1_cnt_plus[7]=0;		level1_cnt_minus[7]=0
     level1_cnt_plus[8]=0;		level1_cnt_minus[8]=0
     level1_cnt_plus[9]=0;		level1_cnt_minus[9]=0
-----------------------------------------------------------------------
MSH format builder (Iteration 0)
-----------------------------------------------------------------------
Memory Working Set Current = 122.28 Mb, Memory Working Set Peak = 122.28 Mb
Memory Private Bytes Current = 123.39 Mb, Memory Private Bytes Peak = 123.39 Mb
Process Threads Number: 12
-----------------------------------------------------------------------
Total bricks count: 121949
-----------------------------------------------------------------------
MSH (Real Geometry) format constructor:
	Geom    Count = 2
	Bodyset Count = 2
	3D task
	Getting brick sets...OK (0.004 s)

	Min x-stack xeps = 6.1503e-06
	D / dh / eps [axis=0] = (4.75427, 0.044798, 2.0501e-06)
	D / dh / eps [axis=1] = (8.90108, 0.0481029, 2.0501e-06)
	D / dh / eps [axis=2] = (3.41339, 0.0398225, 2.0501e-06)
	Time (xeps): 0.001 s
Level 1
	Set (0)  size: 492
	Set (0)  time: 0.010 s
	Set (1)  size: 492
	Set (1)  time: 0.006 s
Level 0
	Set (0)  size: 60484
	Set (0)  time: 0.034 s
	Set (1)  size: 60481
	Set (1)  time: 0.035 s

	Spread npq bricks...0 marked (0.001 s)

Result:
	Bricks number:                        121949

	Memory usage:                         2.849 MB
	Memory usage (per brick):             0.024 KB
	Construction time:                    0.093 s

	Topology features:
	------------------
	- High quality bricks                  100.00 % (121949)
	- Medium quality bricks                  0.00 % (0)
	- Bad quality bricks                     0.00 % (0)
	- NPQ bricks                             0.00 % (1)
	- Type-1 bricks                          2.49 % (3033)
	- Ribs corrected bricks                  0.00 % (0)
	- Points with geom-info (bricks)         0.00 % (0)
	- Points with closest-info (bricks)      0.00 % (0)
	- Triangulated by center (bricks)        0.00 % (1)
	- Facet w-faces mergings (bricks)        0.00 % (0)
	- To refine (bricks)                     0.00 % (0)
	- Points-count                           0.00 % (0)
	- T-self-intersection-all (bricks)       0.00 % (0)
	- T-self-intersection-simple (bricks)    0.00 % (0)
	- T-self-intersection-complex (bricks)   0.00 % (0)
	- NPQ by reason 1 u-shape                0.00 % (0)
	- NPQ by reason 2 tri-by-ctr             0.00 % (1)
	- NPQ by reason 3 ray-correction         0.00 % (0)
	- NPQ by reason 4 t-self-intersection    0.00 % (0)
	- NPQ by reason 5 non-good               0.00 % (0)
	- NPQ by reason 6 npq-worker             0.00 % (0)

-----------------------------------------------------------------------
Memory Working Set Current = 132.09 Mb, Memory Working Set Peak = 132.09 Mb
Memory Private Bytes Current = 133.36 Mb, Memory Private Bytes Peak = 133.36 Mb
Process Threads Number: 12
-----------------------------------------------------------------------
-----------------------------------------------------------------------
msh-iterations: 1
-----------------------------------------------------------------------
high---q-brick-count = 100.00 % (121949 121949)
medium-q-brick-count =   0.00 % (121949 0)
bad----q-brick-count =   0.00 % (121949 0)
np-----q-brick-count =   0.00 % (121949 1)
-----------------------------------------------------------------------
Free brick parser storage...OK(0.001 s)
-----------------------------------------------------------------------
Memory Working Set Current = 132.13 Mb, Memory Working Set Peak = 132.13 Mb
Memory Private Bytes Current = 133.36 Mb, Memory Private Bytes Peak = 133.36 Mb
Process Threads Number: 12
-----------------------------------------------------------------------
-----------------------------------------------------------------------
MSH --> BCF format (Iteration 0)...
BCF collector...(remove mode=0)
	Time (alloc counter per brick): 0.002 s
	Brick    count: 121949
	Av.f all count: 120865
	Av.s all count: 4191
	Av.f pid count: 3105
	Av.s pid count: 3035
	Faces fs count: 7033
	Faces ff count: 0
	Faces ss count: 0
	Faces bb count: 0
	Faces fe count: 15888
	Faces se count: 0
	Faces fw count: 22921
	Faces af count: 353734
	Faces as count: 11144
	Time (all count): 	0.007 s
	Time (bcf alloc): 	0.001 s
	Time (shifts alloc): 	0.003 s
	Time (shifts init): 	0.003 s
	Time (bcf fill): 	0.013 s
	Time (add av to faces): 0.001 s
	Time (add faces to av): 0.007 s
Time (bcf collect): 		0.041 s
	AV checker...
		Hole marker...
			Subdomains:               1.
			Subdomains (cond):        1.
			Time (sd):      0.017 s.
			Time (sd_cond): 0.018 s.
			Time (potential-hole marking): 	0.002 s
			Time (hole checking): 0.000 s.
			0 av(s) are marked to fill subdomain holes.
		Time (hole marker): 0.039 s.
	Time (check av): 	0.068 s
	Subdomain checker...
		Subdomains construction time: 0.016 s.
		Subdomains sort time: 0.000 s.
			Subdomain 0 (geom_ind=0): 120865 av
			Subdomain 1 (geom_ind=1): 4191 av
		gi: 0, real bodies: 1
		gi: 0, subdomains:  1
		gi: 1, real bodies: 0
		gi: 1, subdomains:  1
		Defect subdomains: 0
	Time (check subdoms): 	0.019 s
Time (bcf iteration total): 	0.129 s
	Time (fw-nb): 		0.001 s
	Fixed mutual fw-nb:     4615 (bb: 0)
	Time (fw-nb mutual): 	0.001 s
	Time (fw-nb sort): 	0.000 s
	Fw-opt BEFORE total:    22921 (fs=7033, ff=0, ss=0)
	Fw-opt AFTER  total:    19829 (fs=3941, ff=0, ss=0, failed fw/br=25/1, big_curv=3, big_poly=0)
	Fw-opt RESULT:          3092 (res/(fs+ff+ss) = 43.96 %)
	Time (fw-opt): 		0.003 s
	Time (fw-re-order): 	0.002 s
	Time (fw-nb): 		0.004 s
	Fixed mutual fw-nb:     39756 (bb: 0)
	Time (fw-nb mutual): 	0.002 s
	Time (fw-nb sort): 	0.000 s
	Time (rfd fix): 	0.000 s
	Time (av convexity): 	0.001 s
	Time (av small volume): 0.001 s
	Time (diagonal fw-nb): 	0.017 s
	Fixed mutual fw-nb:     0 (bb: 0)
	Time (fw-nb mutual): 	0.003 s
	Time (fw-nb sort): 	0.000 s
	Fluid subdomains: 1
	Faces fw-nb diff sd:    0
	Time (fw-nb diff sd): 	0.019 s
Time (bcf calc): 		0.064 s
-----------------------------------------------------------------------
Time (bcf total): 		0.193 s
-----------------------------------------------------------------------
bcf-iterations: 1
-----------------------------------------------------------------------
-----------------------------------------------------------------------
Mega-cv constructor for fluid...
	 2 av's is treated as thin
Relative size generator (threshold = 0.05)...
	Iteration 1 (small cluster count = 292)
	Iteration 2 (small cluster count = 124)
	Iteration 3 (small cluster count = 27)
	Iteration 4 (small cluster count = 3)
	Iteration 5 (small cluster count = 1)
	Iteration 6 (small cluster count = 0)
	 266 mega-cv's generated
	 10 mega-cv's removed
Relative size generator is completed OK (0.005 s)
Apply fa-rules to mega-cv clusters fixes...
	Fa-rule violation fixes:        8 of        8 (total cluster# =      263)
OK (0.001 s)
Convert clusters:
	 257 mega-cv's total
Mega-cv count: 257
Time (mega-cv fill): 	0.000 s
Time (mega-cv total): 	0.026 s
-----------------------------------------------------------------------
Mixing plane rotation regions: NO.
Sliding mesh rotation regions: NO.
Fluid/fluid faces: NO.
-----------------------------------------------------------------------
Memory Working Set Current = 164.51 Mb, Memory Working Set Peak = 184.61 Mb
Memory Private Bytes Current = 192.69 Mb, Memory Private Bytes Peak = 192.69 Mb
Process Threads Number: 12
-----------------------------------------------------------------------
----------------------------------------------------------
BCF --> BCF.GEOMSUBDOM (bridge arrays):
MESH (0):
	Fluid Subdom Constructor: 1 subdom(s).
	Solid Subdom Constructor: 1 subdom(s).
	Net Asm Subdom Constructor: 0 subdom(s).
	GEOMSUBDOM (0): gi=0 Fluid av=120865 cv=120573 fa=353734 fb=0 fw=19829 V=1.431551e+02
	Cache data...OK
	GEOMSUBDOM (1): gi=1 Solid av=4191 cv=4191 fa=11144 fb=0 fw=3941 V=1.293068e+00
	Cache data...OK
	Setting nb of w-faces...OK (0.002 s).
	Correcting nb of w-faces...
	Time(correct_fw_nb)=0.003 s

MESH (0) checking:
	GEOMSUBDOM (0):fa_s=3952.6364201304982089 fb_s=0.0000000000000000 fw_s=196.4329594498151437 fw_nb=158596
	              :d_const(62253)=2.32741e-13 d_linear(62253)=6.46734e-13
	GEOMSUBDOM (1):fa_s=47.9714827907047834 fb_s=0.0000000000000000 fw_s=18.5747186848437309 fw_nb=31516
	              :d_const(1430)=8.04411e-12 d_linear(1430)=9.27232e-11
MESH (0) checking: OK.
Time (MDS): 	0.115 s
----------------------------------------------------------
-----------------------------------------------------------------------
Memory Working Set Current = 202.67 Mb, Memory Working Set Peak = 202.67 Mb
Memory Private Bytes Current = 229.42 Mb, Memory Private Bytes Peak = 229.42 Mb
Process Threads Number: 12
-----------------------------------------------------------------------

-----------------------------------------------------------------------
BCF CHECKSUM DATA (Mesh 0):

BRICK |Level1| Sum:               724
FACE_A Area Sum:   G.Fluid        3952.6364201305004826
FACE_A Area Sum:   G.Solid        47.9714827907047834
FACE_W Area Sum:                  196.4329594498151721
FACE_W Nb   Sum:                  158596
FACE_W min curvatures sum:        -715674.85194987
FACE_W max curvatures sum:        316371.47148533
AV Max Disbalance(Const) :        8.0441e-12 (cid=74396, t={22, 74, 38}, avid=124590, pid=2569)
AV Max Disbalance(Linear):        9.27232e-11 (cid=74396, t={22, 74, 38}, avid=124590, pid=2569)
-----------------------------------------------------------------------


-----------------------------------------------------------------------
MESHER TOPOLOGY DATA:

BRICKS: Total                 121949
BRICKS: Fluid                 120793
BRICKS: Fluid Partial         3033
BRICKS: Type 1                3033
BRICKS: Max AV number         4

AV:     G.Total               125056
AV:     G.Fluid               120865
AV:     G.Solid               4191

AV:     G.Fluid Thin Profile    0.00 % (2)
AV:     G.Solid Thin Profile    1.69 % (71)

AV:     G.Fluid Thin For Mega   0.00 % (2)
AV:     G.Solid Thin For Mega   1.62 % (68)

AV:     G.Fluid Non-Convex      1.10 % (1332)
AV:     G.Solid Non-Convex     33.07 % (1386)

AV:     G.Fluid Non-Ess-Convex      0.44 % (534)
AV:     G.Solid Non-Ess-Convex      5.18 % (217)

FACE_A: G.Fluid          (af) 353734 (partially opened 6310)
FACE_A: G.Solid          (as) 11144 (partially opened 6163)

FACE_B: G.Total          (b)  0

FACE_W: G.Total                 19829       Brick/Bound
FACE_W: G.Fluid/Solid    (fs_g) 3941        0           
FACE_W: G.Fluid/Fluid    (ff_g) 0           0           
FACE_W: G.Solid/Solid    (ss_g) 0           0           
FACE_W: G.Fluid/Void     (fv_g) 0           0           
FACE_W: G.Fluid/External (fe_g) 15888
FACE_W: G.Solid/External (se_g) 0

AV/CV max fa count (on brick side):5
AV/CV max fw count:                5
AV/CV max fb count:                0
AV/CV max fw poly count:           57

MEMORY: Total                   36.601 MB
MEMORY: Per Brick               0.307 KB
-----------------------------------------------------------------------

-----------------------------------------------------------------------
Connectivities information:
	Number of conns: 0
-----------------------------------------------------------------------
	Time (gap size): 	0.044 s
-----------------------------------------------------------------------
Memory Working Set Current = 202.71 Mb, Memory Working Set Peak = 202.71 Mb
Memory Private Bytes Current = 229.42 Mb, Memory Private Bytes Peak = 229.42 Mb
Process Threads Number: 12
-----------------------------------------------------------------------
-----------------------------------------------------------------------
Calculating curvature and tolerance criteria...
Curvature: min=0 (cid=0) max=3.14154 (cid=50657)
Tolerance: min=0 (cid=0) max=0.0607611 (cid=62619)
Calculating curvature and tolerance criteria takes 0.089 s
-----------------------------------------------------------------------
MESH Build(FS) finished. Time=1.089 s
-----------------------------------------------------------------------
Current CPU = 2 sec

Nx=44
Ny=86
Nz=32
Max BRICK Level=1
Mesh Level=1
-----------------CModelBodies2MeshMapper::CollectData started -------------------------------
	Time (collect mesh base data): 0.001 s.
	Time (collect model bodies mapping): 0.000 s.
	Time (collect positive bodies mapping): 0.000 s.
	Time (collect fluid bodies mapping): 0.000 s.
-----------------CModelBodies2MeshMapper Report -------------------------------
FluidDomains 1 SolidDomains 1 VoidDomains 0 
Domains RefIndexes
----------------- -------------------------------
	ModelBodies
Total resolved Bodies 0 BodySets 0

--------------------------------------------------------------------------
	Positive geometry Bodies
Total resolved Bodies 1 BodySets 1
BodySet 0
	Bodies list:
			#0	Name: ;	ID: f73c93fb-6d38-463c-a8b1-beae42d52be0
	Domains list:mesh type	 (0, 1)		 0 


--------------------------------------------------------------------------
	Fluid regions
Total resolved Bodies 1 BodySets 1
BodySet 0	Material: Air; 
	Bodies list:
			#0	Name: ;	ID: f73c93fb-6d38-463c-a8b1-beae42d52be0
	Domains list:mesh type	 (0, 1)		 0 


--------------------------------------------------------------------------
Collect data takes...0.002 s
-----------------CModelBodies2MeshMapper::CollectData finished successfully-------------------
Saving initial mesh in: C:\Users\juded\OneDrive\Desktop\Car shit\27\27.fld .
Storing results...
	Estimated CPT size=13.809 MB.
	Time (write bcf): 0.340 s
Storing results takes 0.350 s
-----------------------------------------------------------------------
Memory Working Set Current = 203.02 Mb, Memory Working Set Peak = 203.02 Mb
Memory Private Bytes Current = 229.42 Mb, Memory Private Bytes Peak = 229.42 Mb
Process Threads Number: 12
-----------------------------------------------------------------------
Cleaning memory...
-----------------------------------------------------------------------
Start to free mesher data...
MMP (msh): locals=6, allc_sz=16.46 MB, used_sz=14.91 MB, blks-min-max=1/30
MMP (brx): locals=6, allc_sz=18.10 MB, used_sz=17.03 MB, blks-min-max=15/21
MMP (bcf): locals=6, allc_sz=55.38 MB, used_sz=52.89 MB, blks-min-max=21/43
MMP (xsl): locals=6, allc_sz=0.23 MB, used_sz=0.17 MB, blks-min-max=2/3
Free xsl...            OK	Time=0.000 s
Free ray collector...  OK	Time=0.000 s
Free ray intersector...OK	Time=0.000 s
Free body sets...      OK	Time=0.014 s
Free Geometry DB takes 0.000 s
Free mesh conn...      OK	Time=0.000 s
Free geomsd...         OK	Time=0.000 s
Free mbricks...        OK	Time=0.001 s
Free hash info...      OK	Time=0.002 s
Free bricks-x...       OK	Time=0.001 s
Free bcf...            OK	Time=0.005 s
Free mesh h...         OK	Time=0.000 s
Free bricks arr..      OK	Time=0.000 s
Free bricks tree...    OK	Time=0.000 s
Free mesh pools...     OK	Time=0.009 s
Free bodies mapper...  OK	Time=0.000 s
Free geom crits...     OK	Time=0.000 s
Free cpt regions...    OK	Time=0.000 s
Free peculiar surfs... OK	Time=0.000 s
Free sw-geometries...  OK	Time=0.000 s
Total free mesher data time: 0.036 s
-----------------------------------------------------------------------
Copying... OK
CPT size=4.511 MB (4730495 bytes).
Mesh generation normally finished at	14.12.2024	23:31:42
Mesher CPU = 2 sec
Mesher is finished at	14.12.2024	23:31:42
-----------------------------------------------------------------------
Memory Working Set Current = 38.69 Mb, Memory Working Set Peak = 203.02 Mb
Memory Private Bytes Current = 59.51 Mb, Memory Private Bytes Peak = 229.42 Mb
Process Threads Number: 12
-----------------------------------------------------------------------
Algebra Pool      : mem_usage = 3.38 Mb, allocated count = 0
-----------------------------------------------------------------------
Memory Working Set Current = 35.40 Mb, Memory Working Set Peak = 203.02 Mb
Memory Private Bytes Current = 56.19 Mb, Memory Private Bytes Peak = 229.42 Mb
Process Threads Number: 12
Process Threads Number Peak: 12
-----------------------------------------------------------------------
Log ended at 14.12.2024	23:31:42
