OK
Log started at 14.12.2024	23:18:59
Number of used processors (NPROC): 6.
Number of mesh partitions (NPART): 6.
Total Physical Memory = 31.91 Gb, Available Physical Memory = 17.05 Gb
Computer name:	DESKTOP-C408A46
Operating system:	Windows 11 (or higher) (Version 10.0.22631)

Commandline:	"C:\Program Files\SOLIDWORKS Corp\SOLIDWORKS Flow Simulation\BINCFW\efdsolver.exe" /config:"C:\Users\juded\OneDrive\Desktop\Car shit\26\26.xmlconfig" /guid:e992ab13-a0db-45d4-9dcf-31da2aa9ff02 /processors:max /m /s /prjnamelm:"Flow Simulation 2023" /prjnamehabout:"Flow Simulation 2023" /companyname:"COSMOS Applications" /prjaliasid:1009 /lang:English /port:1432

SOLIDWORKS 2023 SP2.1
Flow Simulation 2023  x64 / 5965

Project: C:\Users\juded\OneDrive\Desktop\Car shit\26\26.xmlconfig
Configuration name: Default
Project name: Project(1)
Problem type: external-with-void-internal-space-type
Exclude cavities without flow conditions: ON
NGK: OFF
MBO: OFF
-----------------------------------------------------------------------
Mesher option run = eRunMesherNormal
-----------------------------------------------------------------------

Mesh generation started:	14.12.2024	23:18:59
-----------------------------------------------------------------------
Memory Working Set Current = 15.45 Mb, Memory Working Set Peak = 15.45 Mb
Memory Private Bytes Current = 15.95 Mb, Memory Private Bytes Peak = 15.95 Mb
Process Threads Number: 7
-----------------------------------------------------------------------
Mesher adjust APD = OFF; AdjustAPD_method=0; N_per_Channel = 0; N2_per_Channel = 0
Current CPU = 0 sec
-----------------------------------------------------------------------
Geometries initialization:
-----------------------------------------------------------------------
Loading mesh settings (global/local)...
-----------------------------------------------------------------------
Number of geometries from DB: 1
Geometry(0):
	Guid = {00000000-0000-0000-0000-000000000000}
	Fluid..
	1 Body.
	1 Real body.
	-- Bodyset 0 --
		Tolerance=0.000243813.
		25 Face(s).
			25 of b-spline type.
		0 Face(s) that have no ref faces
		9 Plane surface(s).
		16 B- surface(s).
		93064 Triangle(s).
		Getting triangle connectivities from DB: 0.008 s
		75 Edge(s).
			75 of b-spline type.
		BodyGeom reading: 0.045 s.
		93064 Reference Triangles.
		Getting triangle connectivities from DB (Ref): 0.007 s
		BodyGeom Ref reading: 0.013 s.
Geometry(1):
	Solid.
	-- Bodyset 1 --
	Empty
-----------------------------------------------------------------------
Number of geometries in task: 2
	G : 0	Type: Fluid
	G : 1	Type: Solid
Number of bodysets   in task: 2
-----------------------------------------------------------------------
BodySet (0):
	Making hash and connectivity for Bodyset ...
		CBodyGeom:
		Hash size: {44, 344, 32}.
		Mesh size: {44, 86, 32}.
		Hashing triangles...Ok.
			axis(0) tr sizes: average=45 max=389
			axis(1) tr sizes: average=176 max=1064
			axis(2) tr sizes: average=23 max=225
		Number of t-connected sets:1 (cavity=0)
		CBodyGeomRef:
		Hashing triangles...Ok.
			axis(0) tr sizes: average=95 max=944
			axis(1) tr sizes: average=169 max=1037
			axis(2) tr sizes: average=50 max=421
	0.112 s.
Geometries reading and preparing has taken 0.205 s.
-----------------------------------------------------------------------
Mapped triangles:
Hashing rough geometry(bodies) triangulation:
BodySet (0):
	Triangles num=93064
	Triangles box={-0.911387 ,0.91517 ,-5 ,2.06979e-17 ,0.0671757 ,0.553492}
		3d-hash size is 1044868 bytes
BodySet (1):
no log info (empty stream)

Mapped triangles processed in 0.092 s.
-----------------------------------------------------------------------
-----------------------------------------------------------------------
Getting sectors:
Number of sectors: 0
-----------------------------------------------------------------------
-----------------------------------------------------------------------
Bodies:     2
Faces:      25
Edges:      75
Triangles:  93064
-----------------------------------------------------------------------

Current CPU = 0 sec
-----------------------------------------------------------------------
Memory Working Set Current = 79.90 Mb, Memory Working Set Peak = 97.22 Mb
Memory Private Bytes Current = 79.98 Mb, Memory Private Bytes Peak = 96.74 Mb
Process Threads Number: 12
-----------------------------------------------------------------------
-----------------------------------------------------------------------
Checking faces on CD...
FCD = [0 0 0 0 0 0]
FCD_conflicts = 0
Time (check faces on CD)=0.001 s
-----------------------------------------------------------------------

-----------------------------------------------------------------------
Mesh dimensions:
				I[0 ]=44
				I[1 ]=86
				I[2 ]=32

Comp. domain size:
				a[0  ]=-2.37503
				a[1  ]=2.37924
				a[2  ]=-7.43818
				a[3  ]=1.46293
				a[4  ]=-1.39677
				a[5  ]=2.01661

Fluid calculated			1
Solid calculated			0
-----------------------------------------------------------------------
MESH Build started...
-----------------------------------------------------------------------
Mesh LEVEL = 1
-----------------------------------------------------------------------
-----------------------------------------------------------------------
CPT-mode xeps:
	D / dh / eps [axis=0] = (4.75427, 0.044798, 4.4798e-05)
	D / dh / eps [axis=1] = (8.90111, 0.0464388, 4.64388e-05)
	D / dh / eps [axis=2] = (3.41338, 0.0398225, 3.98225e-05)
-----------------------------------------------------------------------
Initial allocation and brick-body-box intersection...OK (0.003 s)
Initial triangle brick intersection...OK (0.002 s)
Setting regions (121088 / 121088)...OK (0.002 s)
-----------------------------------------------------------------------
Base mesh info:
	3D task
	Nx=44
	Ny=86
	Nz=32
	N(Nx*Ny*Nz) = 3784
	Period    axis=[0, 0, 0]
	Symmetry  ni=[0 0 0 0 0 0]
	ZoomingBC ni=[0 0 0 0 0 0]
	Nx=44
		x[0]=-2.37503
		x[1]=-2.21563
		x[2]=-2.06391
		x[3]=-1.91945
		x[4]=-1.7819
		x[5]=-1.65093
		x[6]=-1.52624
		x[7]=-1.40751
		x[8]=-1.29446
		x[9]=-1.18682
		x[10]=-1.08433
		x[11]=-0.986747
		x[12]=-0.893834
		x[13]=-0.804238
		x[14]=-0.714641
		x[15]=-0.625044
		x[16]=-0.535447
		x[17]=-0.445849
		x[18]=-0.356252
		x[19]=-0.266655
		x[20]=-0.177058
		x[21]=-0.0874612
		x[22]=0.00213587
		x[23]=0.0917329
		x[24]=0.18133
		x[25]=0.270927
		x[26]=0.360524
		x[27]=0.450121
		x[28]=0.539718
		x[29]=0.629315
		x[30]=0.718912
		x[31]=0.808509
		x[32]=0.898107
		x[33]=0.991024
		x[34]=1.08861
		x[35]=1.1911
		x[36]=1.29875
		x[37]=1.4118
		x[38]=1.53053
		x[39]=1.65523
		x[40]=1.7862
		x[41]=1.92375
		x[42]=2.06822
		x[43]=2.21994
		x[44]=2.37924
	Ny=86
		y[0]=-7.43818
		y[1]=-7.28229
		y[2]=-7.1336
		y[3]=-6.99175
		y[4]=-6.85642
		y[5]=-6.72731
		y[6]=-6.60414
		y[7]=-6.48662
		y[8]=-6.37451
		y[9]=-6.26755
		y[10]=-6.16551
		y[11]=-6.06816
		y[12]=-5.97528
		y[13]=-5.87874
		y[14]=-5.7822
		y[15]=-5.68567
		y[16]=-5.58913
		y[17]=-5.4926
		y[18]=-5.39606
		y[19]=-5.29952
		y[20]=-5.20299
		y[21]=-5.10645
		y[22]=-5.00991
		y[23]=-4.91338
		y[24]=-4.81684
		y[25]=-4.72031
		y[26]=-4.62377
		y[27]=-4.52723
		y[28]=-4.4307
		y[29]=-4.33416
		y[30]=-4.23763
		y[31]=-4.14109
		y[32]=-4.04455
		y[33]=-3.94802
		y[34]=-3.85148
		y[35]=-3.75494
		y[36]=-3.65841
		y[37]=-3.56187
		y[38]=-3.46534
		y[39]=-3.3688
		y[40]=-3.27226
		y[41]=-3.17573
		y[42]=-3.07919
		y[43]=-2.98265
		y[44]=-2.88612
		y[45]=-2.78958
		y[46]=-2.69305
		y[47]=-2.59651
		y[48]=-2.49997
		y[49]=-2.40377
		y[50]=-2.30756
		y[51]=-2.21135
		y[52]=-2.11515
		y[53]=-2.01894
		y[54]=-1.92273
		y[55]=-1.82653
		y[56]=-1.73032
		y[57]=-1.63412
		y[58]=-1.53791
		y[59]=-1.4417
		y[60]=-1.3455
		y[61]=-1.24929
		y[62]=-1.15308
		y[63]=-1.05688
		y[64]=-0.96067
		y[65]=-0.864464
		y[66]=-0.768257
		y[67]=-0.672051
		y[68]=-0.575844
		y[69]=-0.479638
		y[70]=-0.383431
		y[71]=-0.287225
		y[72]=-0.191018
		y[73]=-0.0948116
		y[74]=0.00139491
		y[75]=0.0976014
		y[76]=0.193679
		y[77]=0.294568
		y[78]=0.400506
		y[79]=0.511747
		y[80]=0.628557
		y[81]=0.751213
		y[82]=0.880009
		y[83]=1.01525
		y[84]=1.15726
		y[85]=1.30639
		y[86]=1.46293
	Nz=32
		z[0]=-1.39677
		z[1]=-1.24722
		z[2]=-1.10496
		z[3]=-0.96959
		z[4]=-0.84078
		z[5]=-0.718212
		z[6]=-0.601584
		z[7]=-0.490608
		z[8]=-0.38501
		z[9]=-0.284529
		z[10]=-0.188917
		z[11]=-0.0979388
		z[12]=-0.0113694
		z[13]=0.0710049
		z[14]=0.15065
		z[15]=0.230296
		z[16]=0.309941
		z[17]=0.389587
		z[18]=0.469232
		z[19]=0.548878
		z[20]=0.631246
		z[21]=0.717811
		z[22]=0.808785
		z[23]=0.904394
		z[24]=1.00487
		z[25]=1.11047
		z[26]=1.22145
		z[27]=1.33808
		z[28]=1.46065
		z[29]=1.58947
		z[30]=1.72485
		z[31]=1.86713
		z[32]=2.01661
-----------------------------------------------------------------------
Input_mesh_settings--------------------------------
Settings 0----------------
	Scope: GLOBAL
	Type:	------MESHER_SETTINGS----------
	RefAllCells           =0
	RefFluidCells         =0
	RefPartCells          =0
	RefSolidCells         =0
	l_SSFR(Capture crit)  =1
	l_curv(Curvature crit)=0
	l_tol(Tolerance crit) =0
	UseChannelRef         =1
	  NCR_method          =0
	  l_NCR               =1
	  N_gap               =5
	  Use d_NCR_min       =0
	  Use d_NCR_max       =0
	CloseThinSlotsHeight         =0
	--END_OF_MESHER_SETTINGS-------
End of input mesh settings-------------------------
-----------------------------------------------------------------------
Memory Working Set Current = 108.60 Mb, Memory Working Set Peak = 108.60 Mb
Memory Private Bytes Current = 111.66 Mb, Memory Private Bytes Peak = 111.66 Mb
Process Threads Number: 12
-----------------------------------------------------------------------
MMP (msh): locals=1, allc_sz=16.30 MB, used_sz=14.79 MB, blks-min-max=30/30
MMP (brx): locals=6, allc_sz=15.91 MB, used_sz=13.93 MB, blks-min-max=10/22
MMP (bcf): locals=0, allc_sz=0.00 MB, used_sz=0.00 MB, blks-min-max=0/0
MMP (xsl): locals=0, allc_sz=0.00 MB, used_sz=0.00 MB, blks-min-max=0/0
NxNyNz = [44, 86, 32]
base_dx=0.106074; 
NxNyNz_reverse = [45, 84, 32]

-----------------------------------------------------------------------
Refining geometries:
-----------------------------------------------------------------------

-----------------------------------------------------------------------
Refining by triangulation...
Refinement input: 121088 bricks
	Checking crit (121088 / 121088)...65 marked (0.074 s)
	Time(refinement): 0.001 s
Setting regions (520 / 121543)...OK (0.013 s)
	Checking crit (0 / 121543)...0 marked (0.002 s)
Refinement result (1 iterations): 121543 bricks (0.116 s)
Refinement input: 121543 bricks
	Checking crit (121023 / 121543)...0 marked (0.006 s)
Refinement result (0 iterations): 121543 bricks (0.007 s)
Collecting and processing rays:
	Adding rays...OK (0.019 s)
	new bricks = 121543 / 121543
	new rays   = 8733 (x=2946, y=1618, z=4169)
	Processing rays...
		Rays process:  0.155 (0.155) s
		Sort xstacks:  0.000 (0.000) s
		Put xstacks:   0.001 (0.001) s
		Total:         0.156 s
	Correcting rays...
		Lame vertices: 0.005 (0.005) s
		Bad rays:      0.000 (0.000) s
		Emit rays:     0.000 (0.000) s
		Correct ray f: 0.000 (0.000) s
		Undef:         0.000 (0.000) s
		Sum:           0.005 (0.005) s
		Total:         0.005 s
	Time (rays): 0.182 s
Capturing (121543 / 121543)...OK (0.005 s)
Refining by triangulation takes 0.311 s
-----------------------------------------------------------------------

-----------------------------------------------------------------------
Refining peculiar surfaces...
Collecting and processing rays:
	Adding rays...OK (0.001 s)
	new bricks = 0 / 121543
	new rays   = 0 (x=0, y=0, z=0)
	Processing rays...
		Rays process:  0.000 (0.000) s
		Sort xstacks:  0.000 (0.000) s
		Put xstacks:   0.000 (0.000) s
		Total:         0.000 s
	Correcting rays...
		Total:         0.000 s
	Time (rays): 0.002 s
Capturing (0 / 121543)...OK (0.001 s)
0 surfaces refined
Refining peculiar surfaces takes 0.003 s
-----------------------------------------------------------------------

-----------------------------------------------------------------------
Base mesh 1 Refining...
Collecting and processing rays:
	Adding rays...OK (0.001 s)
	new bricks = 0 / 121543
	new rays   = 0 (x=0, y=0, z=0)
	Processing rays...
		Rays process:  0.000 (0.000) s
		Sort xstacks:  0.000 (0.000) s
		Put xstacks:   0.000 (0.000) s
		Total:         0.000 s
	Correcting rays...
		Total:         0.000 s
	Time (rays): 0.001 s
Capturing (0 / 121543)...OK (0.001 s)
Refinement input: 121543 bricks
	Checking crit (121023 / 121543)...0 marked (0.002 s)
Refinement result (0 iterations): 121543 bricks (0.003 s)
-----------------------------------------------------------------------
Refining channels...
FYI: CNarrowChannelRefiner::RefineChannels_PRLL
Refinement input: 121543 bricks
	Time(refinement): 0.000 s
Setting regions (264 / 121774)...OK (0.001 s)
Refinement result (1 iterations): 121774 bricks (0.008 s)
Collecting and processing rays:
	Adding rays...OK (0.001 s)
	new bricks = 264 / 121774
	new rays   = 130 (x=31, y=10, z=89)
	Processing rays...
		Rays process:  0.001 (0.001) s
		Sort xstacks:  0.000 (0.000) s
		Put xstacks:   0.000 (0.000) s
		Total:         0.001 s
	Correcting rays...
		Lame vertices: 0.001 (0.001) s
		Bad rays:      0.000 (0.000) s
		Emit rays:     0.000 (0.000) s
		Correct ray f: 0.000 (0.000) s
		Undef:         0.000 (0.000) s
		Sum:           0.001 (0.001) s
		Total:         0.003 s
	Time (rays): 0.005 s
Capturing (264 / 121774)...OK (0.001 s)
FYI: m_iteration_count = 0
FYI: level1 statistics:
     level1_cnt_plus[1]=264;		level1_cnt_minus[1]=0
     level1_cnt_plus[2]=0;		level1_cnt_minus[2]=0
     level1_cnt_plus[3]=0;		level1_cnt_minus[3]=0
     level1_cnt_plus[4]=0;		level1_cnt_minus[4]=0
     level1_cnt_plus[5]=0;		level1_cnt_minus[5]=0
     level1_cnt_plus[6]=0;		level1_cnt_minus[6]=0
     level1_cnt_plus[7]=0;		level1_cnt_minus[7]=0
     level1_cnt_plus[8]=0;		level1_cnt_minus[8]=0
     level1_cnt_plus[9]=0;		level1_cnt_minus[9]=0
Refinement input: 121774 bricks
	Time(refinement): 0.000 s
Setting regions (16 / 121788)...OK (0.001 s)
Refinement result (1 iterations): 121788 bricks (0.008 s)
Collecting and processing rays:
	Adding rays...OK (0.001 s)
	new bricks = 16 / 121788
	new rays   = 5 (x=0, y=0, z=5)
	Processing rays...
		Rays process:  0.000 (0.000) s
		Sort xstacks:  0.000 (0.000) s
		Put xstacks:   0.000 (0.000) s
		Total:         0.000 s
	Correcting rays...
		Lame vertices: 0.001 (0.001) s
		Bad rays:      0.000 (0.000) s
		Emit rays:     0.000 (0.000) s
		Correct ray f: 0.000 (0.000) s
		Undef:         0.000 (0.000) s
		Sum:           0.001 (0.001) s
		Total:         0.001 s
	Time (rays): 0.002 s
Capturing (16 / 121788)...OK (0.001 s)
FYI: m_iteration_count = 1
FYI: level1 statistics:
     level1_cnt_plus[1]=280;		level1_cnt_minus[1]=0
     level1_cnt_plus[2]=0;		level1_cnt_minus[2]=0
     level1_cnt_plus[3]=0;		level1_cnt_minus[3]=0
     level1_cnt_plus[4]=0;		level1_cnt_minus[4]=0
     level1_cnt_plus[5]=0;		level1_cnt_minus[5]=0
     level1_cnt_plus[6]=0;		level1_cnt_minus[6]=0
     level1_cnt_plus[7]=0;		level1_cnt_minus[7]=0
     level1_cnt_plus[8]=0;		level1_cnt_minus[8]=0
     level1_cnt_plus[9]=0;		level1_cnt_minus[9]=0
Refinement input: 121788 bricks
	Time(refinement): 0.000 s
Setting regions (8 / 121795)...OK (0.001 s)
Refinement result (1 iterations): 121795 bricks (0.009 s)
Collecting and processing rays:
	Adding rays...OK (0.001 s)
	new bricks = 8 / 121795
	new rays   = 2 (x=0, y=0, z=2)
	Processing rays...
		Rays process:  0.000 (0.000) s
		Sort xstacks:  0.000 (0.000) s
		Put xstacks:   0.000 (0.000) s
		Total:         0.000 s
	Correcting rays...
		Lame vertices: 0.001 (0.001) s
		Bad rays:      0.000 (0.000) s
		Emit rays:     0.000 (0.000) s
		Correct ray f: 0.000 (0.000) s
		Undef:         0.000 (0.000) s
		Sum:           0.001 (0.001) s
		Total:         0.001 s
	Time (rays): 0.002 s
Capturing (8 / 121795)...OK (0.001 s)
FYI: m_iteration_count = 2
FYI: level1 statistics:
     level1_cnt_plus[1]=288;		level1_cnt_minus[1]=0
     level1_cnt_plus[2]=0;		level1_cnt_minus[2]=0
     level1_cnt_plus[3]=0;		level1_cnt_minus[3]=0
     level1_cnt_plus[4]=0;		level1_cnt_minus[4]=0
     level1_cnt_plus[5]=0;		level1_cnt_minus[5]=0
     level1_cnt_plus[6]=0;		level1_cnt_minus[6]=0
     level1_cnt_plus[7]=0;		level1_cnt_minus[7]=0
     level1_cnt_plus[8]=0;		level1_cnt_minus[8]=0
     level1_cnt_plus[9]=0;		level1_cnt_minus[9]=0
FYI: m_iteration_count = 3
FYI: level1 statistics:
     level1_cnt_plus[1]=288;		level1_cnt_minus[1]=0
     level1_cnt_plus[2]=0;		level1_cnt_minus[2]=0
     level1_cnt_plus[3]=0;		level1_cnt_minus[3]=0
     level1_cnt_plus[4]=0;		level1_cnt_minus[4]=0
     level1_cnt_plus[5]=0;		level1_cnt_minus[5]=0
     level1_cnt_plus[6]=0;		level1_cnt_minus[6]=0
     level1_cnt_plus[7]=0;		level1_cnt_minus[7]=0
     level1_cnt_plus[8]=0;		level1_cnt_minus[8]=0
     level1_cnt_plus[9]=0;		level1_cnt_minus[9]=0
FYI: level1 statistics:
     level1_cnt_plus[1]=288;		level1_cnt_minus[1]=0
     level1_cnt_plus[2]=0;		level1_cnt_minus[2]=0
     level1_cnt_plus[3]=0;		level1_cnt_minus[3]=0
     level1_cnt_plus[4]=0;		level1_cnt_minus[4]=0
     level1_cnt_plus[5]=0;		level1_cnt_minus[5]=0
     level1_cnt_plus[6]=0;		level1_cnt_minus[6]=0
     level1_cnt_plus[7]=0;		level1_cnt_minus[7]=0
     level1_cnt_plus[8]=0;		level1_cnt_minus[8]=0
     level1_cnt_plus[9]=0;		level1_cnt_minus[9]=0

-----------------------------------------------------------------------
U-shapes refinement...
Refinement input: 121795 bricks
	Checking crit (120987 / 121795)...12 marked (0.010 s)
	Time(refinement): 0.000 s
Setting regions (96 / 121879)...OK (0.001 s)
	Checking crit (0 / 121879)...0 marked (0.001 s)
Refinement result (1 iterations): 121879 bricks (0.021 s)
Collecting and processing rays:
	Adding rays...OK (0.002 s)
	new bricks = 96 / 121879
	new rays   = 77 (x=25, y=18, z=34)
	Processing rays...
		Rays process:  0.006 (0.006) s
		Sort xstacks:  0.000 (0.000) s
		Put xstacks:   0.000 (0.000) s
		Total:         0.007 s
	Correcting rays...
		Lame vertices: 0.001 (0.001) s
		Bad rays:      0.000 (0.000) s
		Emit rays:     0.000 (0.000) s
		Correct ray f: 0.000 (0.000) s
		Undef:         0.000 (0.000) s
		Sum:           0.001 (0.001) s
		Total:         0.001 s
	Time (rays): 0.010 s
Capturing (96 / 121879)...OK (0.001 s)
-----------------------------------------------------------------------

-----------------------------------------------------------------------
Equi Distant Refiner:
Equi Distant Refiner takes 0.00 s
-----------------------------------------------------------------------

/-Ray Intersection---------------/ Time	0.878 s
Calls                8947
CorrectRay Calls     0



-----------------------------------------------------------------------
Refining geometries takes 0.480 s
-----------------------------------------------------------------------
-----------------------------------------------------------------------
Memory Working Set Current = 118.67 Mb, Memory Working Set Peak = 118.67 Mb
Memory Private Bytes Current = 120.66 Mb, Memory Private Bytes Peak = 120.66 Mb
Process Threads Number: 12
-----------------------------------------------------------------------
Defect ray count	0
FYI: CNarrowChannelRefiner::RedistributeLevel1_step_1: is started
FYI: CNarrowChannelRefiner::RedistributeLevel1_step_1: is finished (0.002 s)
FYI: level1 statistics:
     level1_cnt_plus[1]=288;		level1_cnt_minus[1]=0
     level1_cnt_plus[2]=0;		level1_cnt_minus[2]=0
     level1_cnt_plus[3]=0;		level1_cnt_minus[3]=0
     level1_cnt_plus[4]=0;		level1_cnt_minus[4]=0
     level1_cnt_plus[5]=0;		level1_cnt_minus[5]=0
     level1_cnt_plus[6]=0;		level1_cnt_minus[6]=0
     level1_cnt_plus[7]=0;		level1_cnt_minus[7]=0
     level1_cnt_plus[8]=0;		level1_cnt_minus[8]=0
     level1_cnt_plus[9]=0;		level1_cnt_minus[9]=0
FYI: CNarrowChannelRefiner::RedistributeLevel1_step_2: is started
FYI: CNarrowChannelRefiner::RedistributeLevel1_step_2: is finished (0.059 s)
FYI: level1 statistics:
     level1_cnt_plus[1]=295;		level1_cnt_minus[1]=0
     level1_cnt_plus[2]=0;		level1_cnt_minus[2]=0
     level1_cnt_plus[3]=0;		level1_cnt_minus[3]=0
     level1_cnt_plus[4]=0;		level1_cnt_minus[4]=0
     level1_cnt_plus[5]=0;		level1_cnt_minus[5]=0
     level1_cnt_plus[6]=0;		level1_cnt_minus[6]=0
     level1_cnt_plus[7]=0;		level1_cnt_minus[7]=0
     level1_cnt_plus[8]=0;		level1_cnt_minus[8]=0
     level1_cnt_plus[9]=0;		level1_cnt_minus[9]=0
FYI: CNarrowChannelRefiner::RedistributeLevel1_step_3: is started
FYI: CNarrowChannelRefiner::RedistributeLevel1_step_3: is finished (0.043 s)
RedistributeLevel1 takes:
FYI: level1 statistics:
     level1_cnt_plus[1]=295;		level1_cnt_minus[1]=366
     level1_cnt_plus[2]=0;		level1_cnt_minus[2]=0
     level1_cnt_plus[3]=0;		level1_cnt_minus[3]=0
     level1_cnt_plus[4]=0;		level1_cnt_minus[4]=0
     level1_cnt_plus[5]=0;		level1_cnt_minus[5]=0
     level1_cnt_plus[6]=0;		level1_cnt_minus[6]=0
     level1_cnt_plus[7]=0;		level1_cnt_minus[7]=0
     level1_cnt_plus[8]=0;		level1_cnt_minus[8]=0
     level1_cnt_plus[9]=0;		level1_cnt_minus[9]=0
-----------------------------------------------------------------------
MSH format builder (Iteration 0)
-----------------------------------------------------------------------
Memory Working Set Current = 121.48 Mb, Memory Working Set Peak = 121.48 Mb
Memory Private Bytes Current = 123.48 Mb, Memory Private Bytes Peak = 123.48 Mb
Process Threads Number: 12
-----------------------------------------------------------------------
Total bricks count: 121879
-----------------------------------------------------------------------
MSH (Real Geometry) format constructor:
	Geom    Count = 2
	Bodyset Count = 2
	3D task
	Getting brick sets...OK (0.005 s)

	Min x-stack xeps = 6.17344e-06
	D / dh / eps [axis=0] = (4.75427, 0.044798, 2.05781e-06)
	D / dh / eps [axis=1] = (8.90111, 0.0481032, 2.05781e-06)
	D / dh / eps [axis=2] = (3.41338, 0.0398225, 2.05781e-06)
	Time (xeps): 0.002 s
Level 1
	Set (0)  size: 452
	Set (0)  time: 0.017 s
	Set (1)  size: 452
	Set (1)  time: 0.008 s
Level 0
	Set (0)  size: 60488
	Set (0)  time: 0.042 s
	Set (1)  size: 60487
	Set (1)  time: 0.044 s

	Spread npq bricks...0 marked (0.002 s)

Result:
	Bricks number:                        121879

	Memory usage:                         2.817 MB
	Memory usage (per brick):             0.024 KB
	Construction time:                    0.121 s

	Topology features:
	------------------
	- High quality bricks                  100.00 % (121879)
	- Medium quality bricks                  0.00 % (0)
	- Bad quality bricks                     0.00 % (0)
	- NPQ bricks                             0.00 % (0)
	- Type-1 bricks                          2.46 % (3003)
	- Ribs corrected bricks                  0.00 % (0)
	- Points with geom-info (bricks)         0.00 % (0)
	- Points with closest-info (bricks)      0.00 % (0)
	- Triangulated by center (bricks)        0.00 % (0)
	- Facet w-faces mergings (bricks)        0.00 % (0)
	- To refine (bricks)                     0.00 % (0)
	- Points-count                           0.00 % (0)
	- T-self-intersection-all (bricks)       0.00 % (0)
	- T-self-intersection-simple (bricks)    0.00 % (0)
	- T-self-intersection-complex (bricks)   0.00 % (0)
	- NPQ by reason 1 u-shape                0.00 % (0)
	- NPQ by reason 2 tri-by-ctr             0.00 % (0)
	- NPQ by reason 3 ray-correction         0.00 % (0)
	- NPQ by reason 4 t-self-intersection    0.00 % (0)
	- NPQ by reason 5 non-good               0.00 % (0)
	- NPQ by reason 6 npq-worker             0.00 % (0)

-----------------------------------------------------------------------
Memory Working Set Current = 131.25 Mb, Memory Working Set Peak = 131.25 Mb
Memory Private Bytes Current = 133.21 Mb, Memory Private Bytes Peak = 133.21 Mb
Process Threads Number: 12
-----------------------------------------------------------------------
-----------------------------------------------------------------------
msh-iterations: 1
-----------------------------------------------------------------------
high---q-brick-count = 100.00 % (121879 121879)
medium-q-brick-count =   0.00 % (121879 0)
bad----q-brick-count =   0.00 % (121879 0)
np-----q-brick-count =   0.00 % (121879 0)
-----------------------------------------------------------------------
Free brick parser storage...OK(0.001 s)
-----------------------------------------------------------------------
Memory Working Set Current = 131.30 Mb, Memory Working Set Peak = 131.30 Mb
Memory Private Bytes Current = 133.21 Mb, Memory Private Bytes Peak = 133.21 Mb
Process Threads Number: 12
-----------------------------------------------------------------------
-----------------------------------------------------------------------
MSH --> BCF format (Iteration 0)...
BCF collector...(remove mode=0)
	Time (alloc counter per brick): 0.003 s
	Brick    count: 121879
	Av.f all count: 120825
	Av.s all count: 4131
	Av.f pid count: 3075
	Av.s pid count: 3005
	Faces fs count: 6853
	Faces ff count: 0
	Faces ss count: 0
	Faces bb count: 0
	Faces fe count: 15888
	Faces se count: 0
	Faces fw count: 22741
	Faces af count: 353606
	Faces as count: 10962
	Time (all count): 	0.006 s
	Time (bcf alloc): 	0.003 s
	Time (shifts alloc): 	0.006 s
	Time (shifts init): 	0.006 s
	Time (bcf fill): 	0.023 s
	Time (add av to faces): 0.001 s
	Time (add faces to av): 0.009 s
Time (bcf collect): 		0.060 s
	AV checker...
		Hole marker...
			Subdomains:               1.
			Subdomains (cond):        1.
			Time (sd):      0.029 s.
			Time (sd_cond): 0.027 s.
			Time (potential-hole marking): 	0.002 s
			Time (hole checking): 0.000 s.
			0 av(s) are marked to fill subdomain holes.
		Time (hole marker): 0.063 s.
	Time (check av): 	0.103 s
	Subdomain checker...
		Subdomains construction time: 0.018 s.
		Subdomains sort time: 0.000 s.
			Subdomain 0 (geom_ind=0): 120825 av
			Subdomain 1 (geom_ind=1): 4131 av
		gi: 0, real bodies: 1
		gi: 0, subdomains:  1
		gi: 1, real bodies: 0
		gi: 1, subdomains:  1
		Defect subdomains: 0
	Time (check subdoms): 	0.021 s
Time (bcf iteration total): 	0.186 s
	Time (fw-nb): 		0.001 s
	Fixed mutual fw-nb:     4460 (bb: 0)
	Time (fw-nb mutual): 	0.001 s
	Time (fw-nb sort): 	0.002 s
	Fw-opt BEFORE total:    22741 (fs=6853, ff=0, ss=0)
	Fw-opt AFTER  total:    19749 (fs=3861, ff=0, ss=0, failed fw/br=15/2, big_curv=3, big_poly=0)
	Fw-opt RESULT:          2992 (res/(fs+ff+ss) = 43.66 %)
	Time (fw-opt): 		0.005 s
	Time (fw-re-order): 	0.003 s
	Time (fw-nb): 		0.005 s
	Fixed mutual fw-nb:     39596 (bb: 0)
	Time (fw-nb mutual): 	0.003 s
	Time (fw-nb sort): 	0.001 s
	Time (rfd fix): 	0.000 s
	Time (av convexity): 	0.003 s
	Time (av small volume): 0.001 s
	Time (diagonal fw-nb): 	0.022 s
	Fixed mutual fw-nb:     0 (bb: 0)
	Time (fw-nb mutual): 	0.003 s
	Time (fw-nb sort): 	0.001 s
	Fluid subdomains: 1
	Faces fw-nb diff sd:    0
	Time (fw-nb diff sd): 	0.019 s
Time (bcf calc): 		0.078 s
-----------------------------------------------------------------------
Time (bcf total): 		0.264 s
-----------------------------------------------------------------------
bcf-iterations: 1
-----------------------------------------------------------------------
-----------------------------------------------------------------------
Mega-cv constructor for fluid...
	 2 av's is treated as thin
Relative size generator (threshold = 0.05)...
	Iteration 1 (small cluster count = 288)
	Iteration 2 (small cluster count = 123)
	Iteration 3 (small cluster count = 29)
	Iteration 4 (small cluster count = 6)
	Iteration 5 (small cluster count = 2)
	Iteration 6 (small cluster count = 0)
	 263 mega-cv's generated
	 11 mega-cv's removed
Relative size generator is completed OK (0.006 s)
Apply fa-rules to mega-cv clusters fixes...
	Fa-rule violation fixes:        7 of        7 (total cluster# =      258)
OK (0.001 s)
Convert clusters:
	 253 mega-cv's total
Mega-cv count: 253
Time (mega-cv fill): 	0.000 s
Time (mega-cv total): 	0.029 s
-----------------------------------------------------------------------
Mixing plane rotation regions: NO.
Sliding mesh rotation regions: NO.
Fluid/fluid faces: NO.
-----------------------------------------------------------------------
Memory Working Set Current = 163.70 Mb, Memory Working Set Peak = 183.87 Mb
Memory Private Bytes Current = 176.36 Mb, Memory Private Bytes Peak = 189.49 Mb
Process Threads Number: 12
-----------------------------------------------------------------------
----------------------------------------------------------
BCF --> BCF.GEOMSUBDOM (bridge arrays):
MESH (0):
	Fluid Subdom Constructor: 1 subdom(s).
	Solid Subdom Constructor: 1 subdom(s).
	Net Asm Subdom Constructor: 0 subdom(s).
	GEOMSUBDOM (0): gi=0 Fluid av=120825 cv=120537 fa=353606 fb=0 fw=19749 V=1.431552e+02
	Cache data...OK
	GEOMSUBDOM (1): gi=1 Solid av=4131 cv=4131 fa=10962 fb=0 fw=3861 V=1.293320e+00
	Cache data...OK
	Setting nb of w-faces...OK (0.003 s).
	Correcting nb of w-faces...
	Time(correct_fw_nb)=0.003 s

MESH (0) checking:
	GEOMSUBDOM (0):fa_s=3952.5355623457608090 fb_s=0.0000000000000000 fw_s=196.4395224128531652 fw_nb=157890
	              :d_const(62234)=3.25615e-13 d_linear(62234)=9.04661e-13
	GEOMSUBDOM (1):fa_s=47.8443767636447248 fb_s=0.0000000000000000 fw_s=18.5808548573169503 fw_nb=30810
	              :d_const(1383)=1.12541e-11 d_linear(1383)=1.29606e-10
MESH (0) checking: OK.
Time (MDS): 	0.137 s
----------------------------------------------------------
-----------------------------------------------------------------------
Memory Working Set Current = 202.18 Mb, Memory Working Set Peak = 202.18 Mb
Memory Private Bytes Current = 211.86 Mb, Memory Private Bytes Peak = 211.86 Mb
Process Threads Number: 12
-----------------------------------------------------------------------

-----------------------------------------------------------------------
BCF CHECKSUM DATA (Mesh 0):

BRICK |Level1| Sum:               661
FACE_A Area Sum:   G.Fluid        3952.5355623457530783
FACE_A Area Sum:   G.Solid        47.8443767636447319
FACE_W Area Sum:                  196.4395224128531936
FACE_W Nb   Sum:                  157890
FACE_W min curvatures sum:        -715701.84954914
FACE_W max curvatures sum:        318470.62170841
AV Max Disbalance(Const) :        1.12541e-11 (cid=74326, t={22, 74, 38}, avid=124490, pid=2539)
AV Max Disbalance(Linear):        1.29606e-10 (cid=74326, t={22, 74, 38}, avid=124490, pid=2539)
-----------------------------------------------------------------------


-----------------------------------------------------------------------
MESHER TOPOLOGY DATA:

BRICKS: Total                 121879
BRICKS: Fluid                 120753
BRICKS: Fluid Partial         3003
BRICKS: Type 1                3003
BRICKS: Max AV number         4

AV:     G.Total               124956
AV:     G.Fluid               120825
AV:     G.Solid               4131

AV:     G.Fluid Thin Profile    0.00 % (2)
AV:     G.Solid Thin Profile    1.72 % (71)

AV:     G.Fluid Thin For Mega   0.00 % (2)
AV:     G.Solid Thin For Mega   1.65 % (68)

AV:     G.Fluid Non-Convex      1.20 % (1449)
AV:     G.Solid Non-Convex     29.80 % (1231)

AV:     G.Fluid Non-Ess-Convex      0.43 % (522)
AV:     G.Solid Non-Ess-Convex      4.89 % (202)

FACE_A: G.Fluid          (af) 353606 (partially opened 6243)
FACE_A: G.Solid          (as) 10962 (partially opened 6096)

FACE_B: G.Total          (b)  0

FACE_W: G.Total                 19749       Brick/Bound
FACE_W: G.Fluid/Solid    (fs_g) 3861        0           
FACE_W: G.Fluid/Fluid    (ff_g) 0           0           
FACE_W: G.Solid/Solid    (ss_g) 0           0           
FACE_W: G.Fluid/Void     (fv_g) 0           0           
FACE_W: G.Fluid/External (fe_g) 15888
FACE_W: G.Solid/External (se_g) 0

AV/CV max fa count (on brick side):5
AV/CV max fw count:                5
AV/CV max fb count:                0
AV/CV max fw poly count:           57

MEMORY: Total                   36.558 MB
MEMORY: Per Brick               0.307 KB
-----------------------------------------------------------------------

-----------------------------------------------------------------------
Connectivities information:
	Number of conns: 0
-----------------------------------------------------------------------
	Time (gap size): 	0.080 s
-----------------------------------------------------------------------
Memory Working Set Current = 202.21 Mb, Memory Working Set Peak = 202.21 Mb
Memory Private Bytes Current = 211.86 Mb, Memory Private Bytes Peak = 211.86 Mb
Process Threads Number: 12
-----------------------------------------------------------------------
-----------------------------------------------------------------------
Calculating curvature and tolerance criteria...
Curvature: min=0 (cid=0) max=3.14154 (cid=50657)
Tolerance: min=0 (cid=0) max=0.06077 (cid=62570)
Calculating curvature and tolerance criteria takes 0.111 s
-----------------------------------------------------------------------
MESH Build(FS) finished. Time=1.471 s
-----------------------------------------------------------------------
Current CPU = 1 sec

Nx=44
Ny=86
Nz=32
Max BRICK Level=1
Mesh Level=1
-----------------CModelBodies2MeshMapper::CollectData started -------------------------------
	Time (collect mesh base data): 0.002 s.
	Time (collect model bodies mapping): 0.000 s.
	Time (collect positive bodies mapping): 0.000 s.
	Time (collect fluid bodies mapping): 0.000 s.
-----------------CModelBodies2MeshMapper Report -------------------------------
FluidDomains 1 SolidDomains 1 VoidDomains 0 
Domains RefIndexes
----------------- -------------------------------
	ModelBodies
Total resolved Bodies 0 BodySets 0

--------------------------------------------------------------------------
	Positive geometry Bodies
Total resolved Bodies 1 BodySets 1
BodySet 0
	Bodies list:
			#0	Name: ;	ID: ed89c205-27b5-43c7-8a11-3a65f6dd355d
	Domains list:mesh type	 (0, 1)		 0 


--------------------------------------------------------------------------
	Fluid regions
Total resolved Bodies 1 BodySets 1
BodySet 0	Material: Air; 
	Bodies list:
			#0	Name: ;	ID: ed89c205-27b5-43c7-8a11-3a65f6dd355d
	Domains list:mesh type	 (0, 1)		 0 


--------------------------------------------------------------------------
Collect data takes...0.003 s
-----------------CModelBodies2MeshMapper::CollectData finished successfully-------------------
Saving initial mesh in: C:\Users\juded\OneDrive\Desktop\Car shit\26\26.fld .
Storing results...
	Estimated CPT size=13.784 MB.
	Time (write bcf): 0.347 s
Storing results takes 0.359 s
-----------------------------------------------------------------------
Memory Working Set Current = 202.54 Mb, Memory Working Set Peak = 202.54 Mb
Memory Private Bytes Current = 211.86 Mb, Memory Private Bytes Peak = 211.86 Mb
Process Threads Number: 12
-----------------------------------------------------------------------
Cleaning memory...
-----------------------------------------------------------------------
Start to free mesher data...
MMP (msh): locals=4, allc_sz=16.45 MB, used_sz=14.90 MB, blks-min-max=1/30
MMP (brx): locals=6, allc_sz=18.94 MB, used_sz=16.97 MB, blks-min-max=15/22
MMP (bcf): locals=6, allc_sz=53.67 MB, used_sz=52.80 MB, blks-min-max=20/46
MMP (xsl): locals=6, allc_sz=0.21 MB, used_sz=0.16 MB, blks-min-max=2/2
Free xsl...            OK	Time=0.000 s
Free ray collector...  OK	Time=0.000 s
Free ray intersector...OK	Time=0.000 s
Free body sets...      OK	Time=0.016 s
Free Geometry DB takes 0.000 s
Free mesh conn...      OK	Time=0.000 s
Free geomsd...         OK	Time=0.000 s
Free mbricks...        OK	Time=0.001 s
Free hash info...      OK	Time=0.002 s
Free bricks-x...       OK	Time=0.001 s
Free bcf...            OK	Time=0.005 s
Free mesh h...         OK	Time=0.000 s
Free bricks arr..      OK	Time=0.000 s
Free bricks tree...    OK	Time=0.000 s
Free mesh pools...     OK	Time=0.009 s
Free bodies mapper...  OK	Time=0.000 s
Free geom crits...     OK	Time=0.000 s
Free cpt regions...    OK	Time=0.000 s
Free peculiar surfs... OK	Time=0.000 s
Free sw-geometries...  OK	Time=0.000 s
Total free mesher data time: 0.037 s
-----------------------------------------------------------------------
Copying... OK
CPT size=4.476 MB (4693448 bytes).
Mesh generation normally finished at	14.12.2024	23:19:1
Mesher CPU = 2 sec
Mesher is finished at	14.12.2024	23:19:1
-----------------------------------------------------------------------
Memory Working Set Current = 37.51 Mb, Memory Working Set Peak = 202.54 Mb
Memory Private Bytes Current = 43.93 Mb, Memory Private Bytes Peak = 211.86 Mb
Process Threads Number: 12
-----------------------------------------------------------------------
Algebra Pool      : mem_usage = 3.38 Mb, allocated count = 0
-----------------------------------------------------------------------
Memory Working Set Current = 34.22 Mb, Memory Working Set Peak = 202.54 Mb
Memory Private Bytes Current = 40.61 Mb, Memory Private Bytes Peak = 211.86 Mb
Process Threads Number: 12
Process Threads Number Peak: 12
-----------------------------------------------------------------------
Log ended at 14.12.2024	23:19:01
