Log started at 02.12.2024	08:05:49
Number of used processors (NPROC): 4.
Number of mesh partitions (NPART): 4.
Total Physical Memory = 3.99 Gb, Available Physical Memory = 0.86 Gb
Computer name:	ATTICUSCAUD214E
Operating system:	Windows 11 (or higher) (Version 10.0.22000)

Commandline:	"C:\Users\atticuscaudle\SOLIDWORKS Flow Simulation\BINCFW\efdsolver.exe" /config:"X:\2024-25 Solar Car\1\1.xmlconfig" /guid:b34087fa-cc46-4cc2-a12a-a21bfe675ebb /processors:max /m /s /prjnamelm:"Flow Simulation 2023" /prjnamehabout:"Flow Simulation 2023" /companyname:"COSMOS Applications" /prjaliasid:1009 /lang:English /port:64454

SOLIDWORKS 2023 SP2.1
Flow Simulation 2023  x64 / 5965

Project: X:\2024-25 Solar Car\1\1.xmlconfig
Configuration name: Default
Project name: Project(1)
Problem type: external-with-void-internal-space-type
Exclude cavities without flow conditions: ON
NGK: OFF
MBO: OFF
-----------------------------------------------------------------------
Mesher option run = eRunMesherNormal
-----------------------------------------------------------------------

Mesh generation started:	2.12.2024	8:5:49
-----------------------------------------------------------------------
Memory Working Set Current = 22.05 Mb, Memory Working Set Peak = 22.05 Mb
Memory Private Bytes Current = 22.57 Mb, Memory Private Bytes Peak = 22.57 Mb
Process Threads Number: 7
-----------------------------------------------------------------------
Mesher adjust APD = OFF; AdjustAPD_method=0; N_per_Channel = 0; N2_per_Channel = 0
Current CPU = 0 sec
-----------------------------------------------------------------------
Geometries initialization:
-----------------------------------------------------------------------
Loading mesh settings (global/local)...
-----------------------------------------------------------------------
Number of geometries from DB: 1
Geometry(0):
	Guid = {00000000-0000-0000-0000-000000000000}
	Fluid..
	1 Body.
	1 Real body.
	-- Bodyset 0 --
		Tolerance=0.000410778.
		16 Face(s).
			16 of b-spline type.
		0 Face(s) that have no ref faces
		3 Plane surface(s).
		1 Cylinder surface(s).
		12 B- surface(s).
		43810 Triangle(s).
		Getting triangle connectivities from DB: 0.008 s
		46 Edge(s).
			46 of b-spline type.
		BodyGeom reading: 0.148 s.
		43810 Reference Triangles.
		Getting triangle connectivities from DB (Ref): 0.010 s
		BodyGeom Ref reading: 0.022 s.
Geometry(1):
	Solid.
	-- Bodyset 1 --
	Empty
-----------------------------------------------------------------------
Number of geometries in task: 2
	G : 0	Type: Fluid
	G : 1	Type: Solid
Number of bodysets   in task: 2
-----------------------------------------------------------------------
BodySet (0):
	Making hash and connectivity for Bodyset ...
		CBodyGeom:
		Hash size: {36, 32, 192}.
		Mesh size: {36, 32, 64}.
		Hashing triangles...Ok.
			axis(0) tr sizes: average=36 max=350
			axis(1) tr sizes: average=25 max=380
			axis(2) tr sizes: average=96 max=464
		Number of t-connected sets:1 (cavity=0)
		CBodyGeomRef:
		Hashing triangles...Ok.
			axis(0) tr sizes: average=61 max=447
			axis(1) tr sizes: average=44 max=488
			axis(2) tr sizes: average=91 max=457
	0.273 s.
Geometries reading and preparing has taken 0.513 s.
-----------------------------------------------------------------------
Mapped triangles:
Hashing rough geometry(bodies) triangulation:
BodySet (0):
	Triangles num=43810
	Triangles box={-0.0201485 ,1.82015 ,-0.899946 ,-0.0961712 ,0 ,4.85}
		3d-hash size is 555288 bytes
BodySet (1):
no log info (empty stream)

Mapped triangles processed in 0.117 s.
-----------------------------------------------------------------------
-----------------------------------------------------------------------
Getting sectors:
Number of sectors: 0
-----------------------------------------------------------------------
-----------------------------------------------------------------------
Bodies:     2
Faces:      16
Edges:      46
Triangles:  43810
-----------------------------------------------------------------------

Current CPU = 1 sec
-----------------------------------------------------------------------
Memory Working Set Current = 55.66 Mb, Memory Working Set Peak = 71.64 Mb
Memory Private Bytes Current = 55.23 Mb, Memory Private Bytes Peak = 70.61 Mb
Process Threads Number: 10
-----------------------------------------------------------------------
-----------------------------------------------------------------------
Checking faces on CD...
FCD = [0 0 0 0 0 0]
FCD_conflicts = 0
Time (check faces on CD)=0.000 s
-----------------------------------------------------------------------

-----------------------------------------------------------------------
Mesh dimensions:
				I[0 ]=36
				I[1 ]=32
				I[2 ]=64

Comp. domain size:
				a[0  ]=-2.48941
				a[1  ]=4.28941
				a[2  ]=-3.3647
				a[3  ]=2.38619
				a[4  ]=-4.10784
				a[5  ]=7.31967

Fluid calculated			1
Solid calculated			0
-----------------------------------------------------------------------
MESH Build started...
-----------------------------------------------------------------------
Mesh LEVEL = 1
-----------------------------------------------------------------------
-----------------------------------------------------------------------
CPT-mode xeps:
	D / dh / eps [axis=0] = (6.77881, 0.0755197, 7.55197e-05)
	D / dh / eps [axis=1] = (5.75089, 0.0670931, 6.70931e-05)
	D / dh / eps [axis=2] = (11.4275, 0.0780869, 7.80869e-05)
-----------------------------------------------------------------------
Initial allocation and brick-body-box intersection...OK (0.005 s)
Initial triangle brick intersection...OK (0.002 s)
Setting regions (73728 / 73728)...OK (0.001 s)
-----------------------------------------------------------------------
Base mesh info:
	3D task
	Nx=36
	Ny=32
	Nz=64
	N(Nx*Ny*Nz) = 1152
	Period    axis=[0, 0, 0]
	Symmetry  ni=[0 0 0 0 0 0]
	ZoomingBC ni=[0 0 0 0 0 0]
	Nx=36
		x[0]=-2.48941
		x[1]=-2.22065
		x[2]=-1.96513
		x[3]=-1.72213
		x[4]=-1.49102
		x[5]=-1.27122
		x[6]=-1.06219
		x[7]=-0.863391
		x[8]=-0.674323
		x[9]=-0.494512
		x[10]=-0.323504
		x[11]=-0.160868
		x[12]=-0.00619461
		x[13]=0.144845
		x[14]=0.295885
		x[15]=0.446926
		x[16]=0.597966
		x[17]=0.749007
		x[18]=0.900047
		x[19]=1.05109
		x[20]=1.20213
		x[21]=1.35317
		x[22]=1.50421
		x[23]=1.65525
		x[24]=1.80629
		x[25]=1.96095
		x[26]=2.12358
		x[27]=2.29459
		x[28]=2.4744
		x[29]=2.66346
		x[30]=2.86227
		x[31]=3.07131
		x[32]=3.29111
		x[33]=3.52223
		x[34]=3.76526
		x[35]=4.02079
		x[36]=4.28941
	Ny=32
		y[0]=-3.3647
		y[1]=-3.11273
		y[2]=-2.87305
		y[3]=-2.64498
		y[4]=-2.42796
		y[5]=-2.22145
		y[6]=-2.02496
		y[7]=-1.83799
		y[8]=-1.66007
		y[9]=-1.49078
		y[10]=-1.3297
		y[11]=-1.17642
		y[12]=-1.03056
		y[13]=-0.891779
		y[14]=-0.757592
		y[15]=-0.623405
		y[16]=-0.489217
		y[17]=-0.35503
		y[18]=-0.220843
		y[19]=-0.0866551
		y[20]=0.0521194
		y[21]=0.197964
		y[22]=0.351239
		y[23]=0.512321
		y[24]=0.68161
		y[25]=0.859523
		y[26]=1.0465
		y[27]=1.243
		y[28]=1.44951
		y[29]=1.66654
		y[30]=1.89463
		y[31]=2.13434
		y[32]=2.38619
	Nz=64
		z[0]=-4.10784
		z[1]=-3.84478
		z[2]=-3.59395
		z[3]=-3.35474
		z[4]=-3.12659
		z[5]=-2.90899
		z[6]=-2.70147
		z[7]=-2.50355
		z[8]=-2.31479
		z[9]=-2.13476
		z[10]=-1.96306
		z[11]=-1.79931
		z[12]=-1.64314
		z[13]=-1.48031
		z[14]=-1.31749
		z[15]=-1.15466
		z[16]=-0.991834
		z[17]=-0.829008
		z[18]=-0.666182
		z[19]=-0.503356
		z[20]=-0.34053
		z[21]=-0.177705
		z[22]=-0.0148787
		z[23]=0.147947
		z[24]=0.310773
		z[25]=0.473599
		z[26]=0.636425
		z[27]=0.79925
		z[28]=0.962076
		z[29]=1.1249
		z[30]=1.28773
		z[31]=1.45055
		z[32]=1.61338
		z[33]=1.77621
		z[34]=1.93903
		z[35]=2.10186
		z[36]=2.26468
		z[37]=2.42751
		z[38]=2.5895
		z[39]=2.75149
		z[40]=2.91348
		z[41]=3.07547
		z[42]=3.23746
		z[43]=3.39945
		z[44]=3.56144
		z[45]=3.72343
		z[46]=3.88542
		z[47]=4.04741
		z[48]=4.2094
		z[49]=4.37139
		z[50]=4.53338
		z[51]=4.69537
		z[52]=4.85736
		z[53]=5.01935
		z[54]=5.18091
		z[55]=5.35062
		z[56]=5.52889
		z[57]=5.71615
		z[58]=5.91284
		z[59]=6.11946
		z[60]=6.3365
		z[61]=6.56447
		z[62]=6.80395
		z[63]=7.0555
		z[64]=7.31967
-----------------------------------------------------------------------
Input_mesh_settings--------------------------------
Settings 0----------------
	Scope: GLOBAL
	Type:	------MESHER_SETTINGS----------
	RefAllCells           =0
	RefFluidCells         =0
	RefPartCells          =0
	RefSolidCells         =0
	l_SSFR(Capture crit)  =1
	l_curv(Curvature crit)=0
	l_tol(Tolerance crit) =0
	UseChannelRef         =1
	  NCR_method          =0
	  l_NCR               =1
	  N_gap               =5
	  Use d_NCR_min       =0
	  Use d_NCR_max       =0
	CloseThinSlotsHeight         =0
	--END_OF_MESHER_SETTINGS-------
End of input mesh settings-------------------------
-----------------------------------------------------------------------
Memory Working Set Current = 73.84 Mb, Memory Working Set Peak = 73.84 Mb
Memory Private Bytes Current = 74.02 Mb, Memory Private Bytes Peak = 74.02 Mb
Process Threads Number: 10
-----------------------------------------------------------------------
MMP (msh): locals=1, allc_sz=9.43 MB, used_sz=9.00 MB, blks-min-max=27/27
MMP (brx): locals=4, allc_sz=9.30 MB, used_sz=8.46 MB, blks-min-max=12/21
MMP (bcf): locals=0, allc_sz=0.00 MB, used_sz=0.00 MB, blks-min-max=0/0
MMP (xsl): locals=0, allc_sz=0.00 MB, used_sz=0.00 MB, blks-min-max=0/0
NxNyNz = [36, 32, 64]
base_dx=0.18219; 
NxNyNz_reverse = [37, 32, 63]

-----------------------------------------------------------------------
Refining geometries:
-----------------------------------------------------------------------

-----------------------------------------------------------------------
Refining by triangulation...
Refinement input: 73728 bricks
	Checking crit (73728 / 73728)...71 marked (0.211 s)
	Time(refinement): 0.001 s
Setting regions (568 / 74225)...OK (0.001 s)
	Checking crit (0 / 74225)...0 marked (0.001 s)
Refinement result (1 iterations): 74225 bricks (0.225 s)
Refinement input: 74225 bricks
	Checking crit (73657 / 74225)...0 marked (0.007 s)
Refinement result (0 iterations): 74225 bricks (0.007 s)
Collecting and processing rays:
	Adding rays...OK (0.016 s)
	new bricks = 74225 / 74225
	new rays   = 6233 (x=2251, y=2690, z=1292)
	Processing rays...
		Rays process:  0.986 (0.986) s
		Sort xstacks:  0.000 (0.000) s
		Put xstacks:   0.001 (0.001) s
		Total:         0.990 s
	Correcting rays...
		Lame vertices: 0.023 (0.023) s
		Bad rays:      0.000 (0.000) s
		Emit rays:     0.000 (0.000) s
		Correct ray f: 0.000 (0.000) s
		Undef:         0.000 (0.000) s
		Sum:           0.023 (0.023) s
		Total:         0.024 s
	Time (rays): 1.032 s
Capturing (74225 / 74225)...OK (0.023 s)
Refining by triangulation takes 1.288 s
-----------------------------------------------------------------------

-----------------------------------------------------------------------
Refining peculiar surfaces...
Collecting and processing rays:
	Adding rays...OK (0.000 s)
	new bricks = 0 / 74225
	new rays   = 0 (x=0, y=0, z=0)
	Processing rays...
		Rays process:  0.000 (0.000) s
		Sort xstacks:  0.000 (0.000) s
		Put xstacks:   0.000 (0.000) s
		Total:         0.000 s
	Correcting rays...
		Total:         0.000 s
	Time (rays): 0.002 s
Capturing (0 / 74225)...OK (0.001 s)
0 surfaces refined
Refining peculiar surfaces takes 0.003 s
-----------------------------------------------------------------------

-----------------------------------------------------------------------
Base mesh 1 Refining...
Collecting and processing rays:
	Adding rays...OK (0.000 s)
	new bricks = 0 / 74225
	new rays   = 0 (x=0, y=0, z=0)
	Processing rays...
		Rays process:  0.000 (0.000) s
		Sort xstacks:  0.000 (0.000) s
		Put xstacks:   0.000 (0.000) s
		Total:         0.000 s
	Correcting rays...
		Total:         0.000 s
	Time (rays): 0.001 s
Capturing (0 / 74225)...OK (0.001 s)
Refinement input: 74225 bricks
	Checking crit (73657 / 74225)...0 marked (0.001 s)
Refinement result (0 iterations): 74225 bricks (0.002 s)
-----------------------------------------------------------------------
Refining channels...
FYI: CNarrowChannelRefiner::RefineChannels_PRLL
Refinement input: 74225 bricks
	Time(refinement): 0.002 s
Setting regions (16 / 74239)...OK (0.001 s)
Refinement result (1 iterations): 74239 bricks (0.015 s)
Collecting and processing rays:
	Adding rays...OK (0.000 s)
	new bricks = 16 / 74239
	new rays   = 6 (x=0, y=6, z=0)
	Processing rays...
		Rays process:  0.000 (0.000) s
		Sort xstacks:  0.000 (0.000) s
		Put xstacks:   0.000 (0.000) s
		Total:         0.001 s
	Correcting rays...
		Lame vertices: 0.000 (0.000) s
		Bad rays:      0.000 (0.000) s
		Emit rays:     0.000 (0.000) s
		Correct ray f: 0.000 (0.000) s
		Undef:         0.000 (0.000) s
		Sum:           0.000 (0.000) s
		Total:         0.001 s
	Time (rays): 0.002 s
Capturing (16 / 74239)...OK (0.001 s)
FYI: m_iteration_count = 0
FYI: level1 statistics:
     level1_cnt_plus[1]=16;		level1_cnt_minus[1]=0
     level1_cnt_plus[2]=0;		level1_cnt_minus[2]=0
     level1_cnt_plus[3]=0;		level1_cnt_minus[3]=0
     level1_cnt_plus[4]=0;		level1_cnt_minus[4]=0
     level1_cnt_plus[5]=0;		level1_cnt_minus[5]=0
     level1_cnt_plus[6]=0;		level1_cnt_minus[6]=0
     level1_cnt_plus[7]=0;		level1_cnt_minus[7]=0
     level1_cnt_plus[8]=0;		level1_cnt_minus[8]=0
     level1_cnt_plus[9]=0;		level1_cnt_minus[9]=0
FYI: m_iteration_count = 1
FYI: level1 statistics:
     level1_cnt_plus[1]=16;		level1_cnt_minus[1]=0
     level1_cnt_plus[2]=0;		level1_cnt_minus[2]=0
     level1_cnt_plus[3]=0;		level1_cnt_minus[3]=0
     level1_cnt_plus[4]=0;		level1_cnt_minus[4]=0
     level1_cnt_plus[5]=0;		level1_cnt_minus[5]=0
     level1_cnt_plus[6]=0;		level1_cnt_minus[6]=0
     level1_cnt_plus[7]=0;		level1_cnt_minus[7]=0
     level1_cnt_plus[8]=0;		level1_cnt_minus[8]=0
     level1_cnt_plus[9]=0;		level1_cnt_minus[9]=0
FYI: level1 statistics:
     level1_cnt_plus[1]=16;		level1_cnt_minus[1]=0
     level1_cnt_plus[2]=0;		level1_cnt_minus[2]=0
     level1_cnt_plus[3]=0;		level1_cnt_minus[3]=0
     level1_cnt_plus[4]=0;		level1_cnt_minus[4]=0
     level1_cnt_plus[5]=0;		level1_cnt_minus[5]=0
     level1_cnt_plus[6]=0;		level1_cnt_minus[6]=0
     level1_cnt_plus[7]=0;		level1_cnt_minus[7]=0
     level1_cnt_plus[8]=0;		level1_cnt_minus[8]=0
     level1_cnt_plus[9]=0;		level1_cnt_minus[9]=0

-----------------------------------------------------------------------
U-shapes refinement...
Refinement input: 74239 bricks
	Checking crit (73655 / 74239)...8 marked (0.013 s)
	Time(refinement): 0.001 s
Setting regions (64 / 74295)...OK (0.001 s)
	Checking crit (0 / 74295)...0 marked (0.000 s)
Refinement result (1 iterations): 74295 bricks (0.025 s)
Collecting and processing rays:
	Adding rays...OK (0.000 s)
	new bricks = 64 / 74295
	new rays   = 59 (x=9, y=32, z=18)
	Processing rays...
		Rays process:  0.014 (0.014) s
		Sort xstacks:  0.000 (0.000) s
		Put xstacks:   0.000 (0.000) s
		Total:         0.015 s
	Correcting rays...
		Lame vertices: 0.001 (0.001) s
		Bad rays:      0.000 (0.000) s
		Emit rays:     0.000 (0.000) s
		Correct ray f: 0.000 (0.000) s
		Undef:         0.000 (0.000) s
		Sum:           0.001 (0.001) s
		Total:         0.001 s
	Time (rays): 0.016 s
Capturing (64 / 74295)...OK (0.001 s)
-----------------------------------------------------------------------

-----------------------------------------------------------------------
Equi Distant Refiner:
Equi Distant Refiner takes 0.00 s
-----------------------------------------------------------------------

/-Ray Intersection---------------/ Time	3.938 s
Calls                6298
CorrectRay Calls     0



-----------------------------------------------------------------------
Refining geometries takes 1.646 s
-----------------------------------------------------------------------
-----------------------------------------------------------------------
Memory Working Set Current = 80.96 Mb, Memory Working Set Peak = 80.96 Mb
Memory Private Bytes Current = 80.02 Mb, Memory Private Bytes Peak = 80.02 Mb
Process Threads Number: 10
-----------------------------------------------------------------------
Defect ray count	0
FYI: CNarrowChannelRefiner::RedistributeLevel1_step_1: is started
FYI: CNarrowChannelRefiner::RedistributeLevel1_step_1: is finished (0.003 s)
FYI: level1 statistics:
     level1_cnt_plus[1]=16;		level1_cnt_minus[1]=0
     level1_cnt_plus[2]=0;		level1_cnt_minus[2]=0
     level1_cnt_plus[3]=0;		level1_cnt_minus[3]=0
     level1_cnt_plus[4]=0;		level1_cnt_minus[4]=0
     level1_cnt_plus[5]=0;		level1_cnt_minus[5]=0
     level1_cnt_plus[6]=0;		level1_cnt_minus[6]=0
     level1_cnt_plus[7]=0;		level1_cnt_minus[7]=0
     level1_cnt_plus[8]=0;		level1_cnt_minus[8]=0
     level1_cnt_plus[9]=0;		level1_cnt_minus[9]=0
FYI: CNarrowChannelRefiner::RedistributeLevel1_step_2: is started
FYI: CNarrowChannelRefiner::RedistributeLevel1_step_2: is finished (0.173 s)
FYI: level1 statistics:
     level1_cnt_plus[1]=16;		level1_cnt_minus[1]=0
     level1_cnt_plus[2]=0;		level1_cnt_minus[2]=0
     level1_cnt_plus[3]=0;		level1_cnt_minus[3]=0
     level1_cnt_plus[4]=0;		level1_cnt_minus[4]=0
     level1_cnt_plus[5]=0;		level1_cnt_minus[5]=0
     level1_cnt_plus[6]=0;		level1_cnt_minus[6]=0
     level1_cnt_plus[7]=0;		level1_cnt_minus[7]=0
     level1_cnt_plus[8]=0;		level1_cnt_minus[8]=0
     level1_cnt_plus[9]=0;		level1_cnt_minus[9]=0
FYI: CNarrowChannelRefiner::RedistributeLevel1_step_3: is started
FYI: CNarrowChannelRefiner::RedistributeLevel1_step_3: is finished (0.009 s)
RedistributeLevel1 takes:
FYI: level1 statistics:
     level1_cnt_plus[1]=16;		level1_cnt_minus[1]=62
     level1_cnt_plus[2]=0;		level1_cnt_minus[2]=0
     level1_cnt_plus[3]=0;		level1_cnt_minus[3]=0
     level1_cnt_plus[4]=0;		level1_cnt_minus[4]=0
     level1_cnt_plus[5]=0;		level1_cnt_minus[5]=0
     level1_cnt_plus[6]=0;		level1_cnt_minus[6]=0
     level1_cnt_plus[7]=0;		level1_cnt_minus[7]=0
     level1_cnt_plus[8]=0;		level1_cnt_minus[8]=0
     level1_cnt_plus[9]=0;		level1_cnt_minus[9]=0
-----------------------------------------------------------------------
MSH format builder (Iteration 0)
-----------------------------------------------------------------------
Memory Working Set Current = 82.79 Mb, Memory Working Set Peak = 82.79 Mb
Memory Private Bytes Current = 81.97 Mb, Memory Private Bytes Peak = 81.97 Mb
Process Threads Number: 10
-----------------------------------------------------------------------
Total bricks count: 74295
-----------------------------------------------------------------------
MSH (Real Geometry) format constructor:
	Geom    Count = 2
	Bodyset Count = 2
	3D task
	Getting brick sets...OK (0.005 s)

	Min x-stack xeps = 0.00772304
	D / dh / eps [axis=0] = (6.77881, 0.0755197, 7.55197e-05)
	D / dh / eps [axis=1] = (5.75089, 0.0670937, 6.70937e-05)
	D / dh / eps [axis=2] = (11.4275, 0.0809951, 8.09951e-05)
	Time (xeps): 0.001 s
Level 1
	Set (0)  size: 324
	Set (0)  time: 0.030 s
	Set (1)  size: 324
	Set (1)  time: 0.022 s
Level 0
	Set (0)  size: 36824
	Set (0)  time: 0.068 s
	Set (1)  size: 36823
	Set (1)  time: 0.062 s

	Spread npq bricks...0 marked (0.001 s)

Result:
	Bricks number:                        74295

	Memory usage:                         1.423 MB
	Memory usage (per brick):             0.020 KB
	Construction time:                    0.194 s

	Topology features:
	------------------
	- High quality bricks                  100.00 % (74295)
	- Medium quality bricks                  0.00 % (0)
	- Bad quality bricks                     0.00 % (0)
	- NPQ bricks                             0.00 % (0)
	- Type-1 bricks                          1.62 % (1205)
	- Ribs corrected bricks                  0.00 % (0)
	- Points with geom-info (bricks)         0.00 % (0)
	- Points with closest-info (bricks)      0.00 % (0)
	- Triangulated by center (bricks)        0.00 % (0)
	- Facet w-faces mergings (bricks)        0.00 % (0)
	- To refine (bricks)                     0.00 % (0)
	- Points-count                           0.00 % (0)
	- T-self-intersection-all (bricks)       0.00 % (0)
	- T-self-intersection-simple (bricks)    0.00 % (0)
	- T-self-intersection-complex (bricks)   0.00 % (0)
	- NPQ by reason 1 u-shape                0.00 % (0)
	- NPQ by reason 2 tri-by-ctr             0.00 % (0)
	- NPQ by reason 3 ray-correction         0.00 % (0)
	- NPQ by reason 4 t-self-intersection    0.00 % (0)
	- NPQ by reason 5 non-good               0.00 % (0)
	- NPQ by reason 6 npq-worker             0.00 % (0)

-----------------------------------------------------------------------
Memory Working Set Current = 88.18 Mb, Memory Working Set Peak = 88.18 Mb
Memory Private Bytes Current = 86.19 Mb, Memory Private Bytes Peak = 86.19 Mb
Process Threads Number: 10
-----------------------------------------------------------------------
-----------------------------------------------------------------------
msh-iterations: 1
-----------------------------------------------------------------------
high---q-brick-count = 100.00 % (74295 74295)
medium-q-brick-count =   0.00 % (74295 0)
bad----q-brick-count =   0.00 % (74295 0)
np-----q-brick-count =   0.00 % (74295 0)
-----------------------------------------------------------------------
Free brick parser storage...OK(0.001 s)
-----------------------------------------------------------------------
Memory Working Set Current = 88.25 Mb, Memory Working Set Peak = 88.25 Mb
Memory Private Bytes Current = 86.19 Mb, Memory Private Bytes Peak = 86.19 Mb
Process Threads Number: 10
-----------------------------------------------------------------------
-----------------------------------------------------------------------
MSH --> BCF format (Iteration 0)...
BCF collector...(remove mode=0)
	Time (alloc counter per brick): 0.015 s
	Brick    count: 74295
	Av.f all count: 74023
	Av.s all count: 1627
	Av.f pid count: 1353
	Av.s pid count: 1207
	Faces fs count: 3588
	Faces ff count: 0
	Faces ss count: 0
	Faces bb count: 0
	Faces fe count: 11008
	Faces se count: 0
	Faces fw count: 14596
	Faces af count: 216465
	Faces as count: 4196
	Time (all count): 	0.009 s
	Time (bcf alloc): 	0.010 s
	Time (shifts alloc): 	0.024 s
	Time (shifts init): 	0.024 s
	Time (bcf fill): 	0.048 s
	Time (add av to faces): 0.002 s
	Time (add faces to av): 0.042 s
Time (bcf collect): 		0.159 s
	AV checker...
		Hole marker...
			Subdomains:               1.
			Subdomains (cond):        1.
			Time (sd):      0.054 s.
			Time (sd_cond): 0.023 s.
			Time (potential-hole marking): 	0.001 s
			Time (hole checking): 0.000 s.
			0 av(s) are marked to fill subdomain holes.
		Time (hole marker): 0.094 s.
	Time (check av): 	0.143 s
	Subdomain checker...
		Subdomains construction time: 0.057 s.
		Subdomains sort time: 0.000 s.
			Subdomain 0 (geom_ind=0): 74023 av
			Subdomain 1 (geom_ind=1): 1627 av
		gi: 0, real bodies: 1
		gi: 0, subdomains:  1
		gi: 1, real bodies: 0
		gi: 1, subdomains:  1
		Defect subdomains: 0
	Time (check subdoms): 	0.060 s
Time (bcf iteration total): 	0.372 s
	Time (fw-nb): 		0.005 s
	Fixed mutual fw-nb:     2785 (bb: 0)
	Time (fw-nb mutual): 	0.007 s
	Time (fw-nb sort): 	0.003 s
	Fw-opt BEFORE total:    14596 (fs=3588, ff=0, ss=0)
	Fw-opt AFTER  total:    12804 (fs=1796, ff=0, ss=0, failed fw/br=1/1, big_curv=0, big_poly=0)
	Fw-opt RESULT:          1792 (res/(fs+ff+ss) = 49.94 %)
	Time (fw-opt): 		0.018 s
	Time (fw-re-order): 	0.002 s
	Time (fw-nb): 		0.009 s
	Fixed mutual fw-nb:     25701 (bb: 0)
	Time (fw-nb mutual): 	0.020 s
	Time (fw-nb sort): 	0.002 s
	Time (rfd fix): 	0.000 s
	Time (av convexity): 	0.003 s
	Time (av small volume): 0.001 s
	Time (diagonal fw-nb): 	0.027 s
	Fixed mutual fw-nb:     0 (bb: 0)
	Time (fw-nb mutual): 	0.002 s
	Time (fw-nb sort): 	0.002 s
	Fluid subdomains: 1
	Faces fw-nb diff sd:    0
	Time (fw-nb diff sd): 	0.037 s
Time (bcf calc): 		0.143 s
-----------------------------------------------------------------------
Time (bcf total): 		0.516 s
-----------------------------------------------------------------------
bcf-iterations: 1
-----------------------------------------------------------------------
-----------------------------------------------------------------------
Mega-cv constructor for fluid...
	 2 av's is treated as thin
Relative size generator (threshold = 0.05)...
	Iteration 1 (small cluster count = 120)
	Iteration 2 (small cluster count = 49)
	Iteration 3 (small cluster count = 3)
	Iteration 4 (small cluster count = 0)
	 118 mega-cv's generated
	 0 mega-cv's removed
Relative size generator is completed OK (0.015 s)
Apply fa-rules to mega-cv clusters fixes...
	Fa-rule violation fixes:        2 of        2 (total cluster# =      118)
OK (0.001 s)
Convert clusters:
	 118 mega-cv's total
Mega-cv count: 118
Time (mega-cv fill): 	0.001 s
Time (mega-cv total): 	0.060 s
-----------------------------------------------------------------------
Mixing plane rotation regions: NO.
Sliding mesh rotation regions: NO.
Fluid/fluid faces: NO.
-----------------------------------------------------------------------
Memory Working Set Current = 108.53 Mb, Memory Working Set Peak = 120.03 Mb
Memory Private Bytes Current = 124.20 Mb, Memory Private Bytes Peak = 124.20 Mb
Process Threads Number: 10
-----------------------------------------------------------------------
----------------------------------------------------------
BCF --> BCF.GEOMSUBDOM (bridge arrays):
MESH (0):
	Fluid Subdom Constructor: 1 subdom(s).
	Solid Subdom Constructor: 1 subdom(s).
	Net Asm Subdom Constructor: 0 subdom(s).
	GEOMSUBDOM (0): gi=0 Fluid av=74023 cv=73903 fa=216465 fb=0 fw=12804 V=4.429525e+02
	Cache data...OK
	GEOMSUBDOM (1): gi=1 Solid av=1627 cv=1627 fa=4196 fb=0 fw=1796 V=2.539870e+00
	Cache data...OK
	Setting nb of w-faces...OK (0.015 s).
	Correcting nb of w-faces...
	Time(correct_fw_nb)=0.005 s

MESH (0) checking:
	GEOMSUBDOM (0):fa_s=7111.6508542547453544 fb_s=0.0000000000000000 fw_s=383.2695486437770001 fw_nb=102194
	              :d_const(23993)=2.26151e-13 d_linear(23984)=8.84292e-13
	GEOMSUBDOM (1):fa_s=51.3203461147941127 fb_s=0.0000000000000000 fw_s=18.9345069102933152 fw_nb=14154
	              :d_const(3)=3.62972e-13 d_linear(447)=5.90797e-12
MESH (0) checking: OK.
Time (MDS): 	0.365 s
----------------------------------------------------------
-----------------------------------------------------------------------
Memory Working Set Current = 131.36 Mb, Memory Working Set Peak = 131.36 Mb
Memory Private Bytes Current = 145.65 Mb, Memory Private Bytes Peak = 145.65 Mb
Process Threads Number: 10
-----------------------------------------------------------------------

-----------------------------------------------------------------------
BCF CHECKSUM DATA (Mesh 0):

BRICK |Level1| Sum:               78
FACE_A Area Sum:   G.Fluid        7111.6508542547380785
FACE_A Area Sum:   G.Solid        51.3203461147941127
FACE_W Area Sum:                  383.2695486437769432
FACE_W Nb   Sum:                  102194
FACE_W min curvatures sum:        -1141.08363450
FACE_W max curvatures sum:        1757.17919240
AV Max Disbalance(Const) :        3.62972e-13 (cid=34139, t={32, 30, 58}, avid=74300, pid=273)
AV Max Disbalance(Linear):        5.90797e-12 (cid=28439, t={48, 36, 48}, avid=74159, pid=136)
-----------------------------------------------------------------------


-----------------------------------------------------------------------
MESHER TOPOLOGY DATA:

BRICKS: Total                 74295
BRICKS: Fluid                 73875
BRICKS: Fluid Partial         1205
BRICKS: Type 1                1205
BRICKS: Max AV number         3

AV:     G.Total               75650
AV:     G.Fluid               74023
AV:     G.Solid               1627

AV:     G.Fluid Thin Profile    0.00 % (2)
AV:     G.Solid Thin Profile    9.10 % (148)

AV:     G.Fluid Thin For Mega   0.00 % (2)
AV:     G.Solid Thin For Mega   9.10 % (148)

AV:     G.Fluid Non-Convex      1.13 % (837)
AV:     G.Solid Non-Convex     36.26 % (590)

AV:     G.Fluid Non-Ess-Convex      0.46 % (337)
AV:     G.Solid Non-Ess-Convex      2.09 % (34)

FACE_A: G.Fluid          (af) 216465 (partially opened 2787)
FACE_A: G.Solid          (as) 4196 (partially opened 2543)

FACE_B: G.Total          (b)  0

FACE_W: G.Total                 12804       Brick/Bound
FACE_W: G.Fluid/Solid    (fs_g) 1796        0           
FACE_W: G.Fluid/Fluid    (ff_g) 0           0           
FACE_W: G.Solid/Solid    (ss_g) 0           0           
FACE_W: G.Fluid/Void     (fv_g) 0           0           
FACE_W: G.Fluid/External (fe_g) 11008
FACE_W: G.Solid/External (se_g) 0

AV/CV max fa count (on brick side):4
AV/CV max fw count:                4
AV/CV max fb count:                0
AV/CV max fw poly count:           15

MEMORY: Total                   22.224 MB
MEMORY: Per Brick               0.306 KB
-----------------------------------------------------------------------

-----------------------------------------------------------------------
Connectivities information:
	Number of conns: 0
-----------------------------------------------------------------------
	Time (gap size): 	0.062 s
-----------------------------------------------------------------------
Memory Working Set Current = 131.39 Mb, Memory Working Set Peak = 131.39 Mb
Memory Private Bytes Current = 145.65 Mb, Memory Private Bytes Peak = 145.65 Mb
Process Threads Number: 10
-----------------------------------------------------------------------
-----------------------------------------------------------------------
Calculating curvature and tolerance criteria...
Curvature: min=0 (cid=0) max=3.14084 (cid=26012)
Tolerance: min=0 (cid=0) max=0.0731267 (cid=26008)
Calculating curvature and tolerance criteria takes 0.295 s
-----------------------------------------------------------------------
MESH Build(FS) finished. Time=3.573 s
-----------------------------------------------------------------------
Current CPU = 6 sec

Nx=36
Ny=32
Nz=64
Max BRICK Level=1
Mesh Level=1
-----------------CModelBodies2MeshMapper::CollectData started -------------------------------
	Time (collect mesh base data): 0.011 s.
	Time (collect model bodies mapping): 0.000 s.
	Time (collect positive bodies mapping): 0.000 s.
	Time (collect fluid bodies mapping): 0.002 s.
-----------------CModelBodies2MeshMapper Report -------------------------------
FluidDomains 1 SolidDomains 1 VoidDomains 0 
Domains RefIndexes
----------------- -------------------------------
	ModelBodies
Total resolved Bodies 0 BodySets 0

--------------------------------------------------------------------------
	Positive geometry Bodies
Total resolved Bodies 1 BodySets 1
BodySet 0
	Bodies list:
			#0	Name: ;	ID: abc4628d-cbde-4230-954a-c0d3cd1232a5
	Domains list:mesh type	 (0, 1)		 0 


--------------------------------------------------------------------------
	Fluid regions
Total resolved Bodies 1 BodySets 1
BodySet 0	Material: Air; 
	Bodies list:
			#0	Name: ;	ID: abc4628d-cbde-4230-954a-c0d3cd1232a5
	Domains list:mesh type	 (0, 1)		 0 


--------------------------------------------------------------------------
Collect data takes...0.016 s
-----------------CModelBodies2MeshMapper::CollectData finished successfully-------------------
Saving initial mesh in: X:\2024-25 Solar Car\1\1.fld .
Storing results...
	Estimated CPT size=8.284 MB.
	Time (write bcf): 0.565 s
Storing results takes 0.985 s
-----------------------------------------------------------------------
Memory Working Set Current = 131.81 Mb, Memory Working Set Peak = 131.81 Mb
Memory Private Bytes Current = 145.65 Mb, Memory Private Bytes Peak = 145.65 Mb
Process Threads Number: 10
-----------------------------------------------------------------------
Cleaning memory...
-----------------------------------------------------------------------
Start to free mesher data...
MMP (msh): locals=3, allc_sz=9.52 MB, used_sz=9.08 MB, blks-min-max=2/27
MMP (brx): locals=4, allc_sz=11.40 MB, used_sz=9.86 MB, blks-min-max=14/22
MMP (bcf): locals=4, allc_sz=32.77 MB, used_sz=31.90 MB, blks-min-max=20/39
MMP (xsl): locals=4, allc_sz=0.14 MB, used_sz=0.08 MB, blks-min-max=2/2
Free xsl...            OK	Time=0.002 s
Free ray collector...  OK	Time=0.000 s
Free ray intersector...OK	Time=0.000 s
Free body sets...      OK	Time=0.020 s
Free Geometry DB takes 0.000 s
Free mesh conn...      OK	Time=0.000 s
Free geomsd...         OK	Time=0.000 s
Free mbricks...        OK	Time=0.002 s
Free hash info...      OK	Time=0.001 s
Free bricks-x...       OK	Time=0.000 s
Free bcf...            OK	Time=0.004 s
Free mesh h...         OK	Time=0.000 s
Free bricks arr..      OK	Time=0.000 s
Free bricks tree...    OK	Time=0.000 s
Free mesh pools...     OK	Time=0.004 s
Free bodies mapper...  OK	Time=0.000 s
Free geom crits...     OK	Time=0.000 s
Free cpt regions...    OK	Time=0.000 s
Free peculiar surfs... OK	Time=0.000 s
Free sw-geometries...  OK	Time=0.000 s
Total free mesher data time: 0.038 s
-----------------------------------------------------------------------
Copying... OK
CPT size=2.695 MB (2825418 bytes).
Mesh generation normally finished at	2.12.2024	8:6:22
Mesher CPU = 33 sec
Mesher is finished at	2.12.2024	8:6:22
-----------------------------------------------------------------------
Memory Working Set Current = 41.76 Mb, Memory Working Set Peak = 131.82 Mb
Memory Private Bytes Current = 53.38 Mb, Memory Private Bytes Peak = 145.65 Mb
Process Threads Number: 10
-----------------------------------------------------------------------
Algebra Pool      : mem_usage = 2.25 Mb, allocated count = 0
-----------------------------------------------------------------------
Memory Working Set Current = 39.78 Mb, Memory Working Set Peak = 131.82 Mb
Memory Private Bytes Current = 51.18 Mb, Memory Private Bytes Peak = 145.65 Mb
Process Threads Number: 10
Process Threads Number Peak: 10
-----------------------------------------------------------------------
Log ended at 02.12.2024	08:06:27
