Log started at 20.03.2025	07:53:36
Number of used processors (NPROC): 8.
Number of mesh partitions (NPART): 8.
Total Physical Memory = 17.96 Gb, Available Physical Memory = 10.95 Gb
Computer name:	DESKTOP-9NTJJ53
Operating system:	Windows 10 (Version 10.0.19045)

Commandline:	"C:\Program Files\SOLIDWORKS Corp\SOLIDWORKS Flow Simulation\BINCFW\efdsolver.exe" /config:"D:\GitHub\Mechanical\SeattleSolarCar2024-2025\Aeroshells\new Atticus aero models\50n curved array - Copy\3\3.xmlconfig" /guid:55f6967c-18bb-420a-a2be-8d527b4fa1e4 /processors:max /m /s /prjnamelm:"Flow Simulation 2023" /prjnamehabout:"Flow Simulation 2023" /companyname:"COSMOS Applications" /prjaliasid:1009 /lang:English /port:56652

SOLIDWORKS 2023 SP2.1
Flow Simulation 2023  x64 / 5965

Project: D:\GitHub\Mechanical\SeattleSolarCar2024-2025\Aeroshells\new Atticus aero models\50n curved array - Copy\3\3.xmlconfig
Configuration name: Default
Project name: Project(1)
Problem type: external-with-void-internal-space-type
Exclude cavities without flow conditions: ON
NGK: OFF
MBO: OFF
-----------------------------------------------------------------------
Mesher option run = eRunMesherNormal
-----------------------------------------------------------------------

Mesh generation started:	20.3.2025	7:53:36
-----------------------------------------------------------------------
Memory Working Set Current = 14.92 Mb, Memory Working Set Peak = 14.93 Mb
Memory Private Bytes Current = 15.93 Mb, Memory Private Bytes Peak = 15.93 Mb
Process Threads Number: 7
-----------------------------------------------------------------------
Mesher adjust APD = OFF; AdjustAPD_method=0; N_per_Channel = 0; N2_per_Channel = 0
Current CPU = 0 sec
-----------------------------------------------------------------------
Geometries initialization:
-----------------------------------------------------------------------
Loading mesh settings (global/local)...
-----------------------------------------------------------------------
Number of geometries from DB: 1
Geometry(0):
	Guid = {00000000-0000-0000-0000-000000000000}
	Fluid..
	1 Body.
	1 Real body.
	-- Bodyset 0 --
		Tolerance=0.000475199.
		19 Face(s).
			19 of b-spline type.
		0 Face(s) that have no ref faces
		8 Plane surface(s).
		7 B- surface(s).
		4 Extrude surface(s).
		27792 Triangle(s).
		Getting triangle connectivities from DB: 0.003 s
		50 Edge(s).
			50 of b-spline type.
		BodyGeom reading: 0.023 s.
		27792 Reference Triangles.
		Getting triangle connectivities from DB (Ref): 0.004 s
		BodyGeom Ref reading: 0.007 s.
Geometry(1):
	Solid.
	-- Bodyset 1 --
	Empty
-----------------------------------------------------------------------
Number of geometries in task: 2
	G : 0	Type: Fluid
	G : 1	Type: Solid
Number of bodysets   in task: 2
-----------------------------------------------------------------------
BodySet (0):
	Making hash and connectivity for Bodyset ...
		CBodyGeom:
		Hash size: {36, 32, 248}.
		Mesh size: {36, 32, 62}.
		Hashing triangles...Ok.
			axis(0) tr sizes: average=26 max=231
			axis(1) tr sizes: average=17 max=190
			axis(2) tr sizes: average=107 max=402
		Number of t-connected sets:1 (cavity=0)
		CBodyGeomRef:
		Hashing triangles...Ok.
			axis(0) tr sizes: average=48 max=398
			axis(1) tr sizes: average=35 max=323
			axis(2) tr sizes: average=102 max=386
	0.0931 s.
Geometries reading and preparing has taken 0.139 s.
-----------------------------------------------------------------------
Mapped triangles:
Hashing rough geometry(bodies) triangulation:
BodySet (0):
	Triangles num=27792
	Triangles box={0.2361 ,2.0361 ,-1.04812 ,-0.0979463 ,-1.751 ,3.22299}
		3d-hash size is 467328 bytes
BodySet (1):
no log info (empty stream)

Mapped triangles processed in 0.069 s.
-----------------------------------------------------------------------
-----------------------------------------------------------------------
Getting sectors:
Number of sectors: 0
-----------------------------------------------------------------------
-----------------------------------------------------------------------
Bodies:     2
Faces:      19
Edges:      50
Triangles:  27792
-----------------------------------------------------------------------

Current CPU = 1 sec
-----------------------------------------------------------------------
Memory Working Set Current = 38.59 Mb, Memory Working Set Peak = 45.71 Mb
Memory Private Bytes Current = 38.31 Mb, Memory Private Bytes Peak = 45.55 Mb
Process Threads Number: 14
-----------------------------------------------------------------------
-----------------------------------------------------------------------
Checking faces on CD...
FCD = [0 0 0 0 0 0]
FCD_conflicts = 0
Time (check faces on CD)=0.000 s
-----------------------------------------------------------------------

-----------------------------------------------------------------------
Mesh dimensions:
				I[0 ]=36
				I[1 ]=32
				I[2 ]=62

Comp. domain size:
				a[0  ]=-2.778
				a[1  ]=5.05157
				a[2  ]=-3.89954
				a[3  ]=2.75325
				a[4  ]=-6.50299
				a[5  ]=6.08262

Fluid calculated			1
Solid calculated			0
-----------------------------------------------------------------------
MESH Build started...
-----------------------------------------------------------------------
Mesh LEVEL = 1
-----------------------------------------------------------------------
-----------------------------------------------------------------------
CPT-mode xeps:
	D / dh / eps [axis=0] = (7.82957, 0.086859, 8.6859e-05)
	D / dh / eps [axis=1] = (6.65279, 0.0776152, 7.76152e-05)
	D / dh / eps [axis=2] = (12.5856, 0.0893759, 8.93759e-05)
-----------------------------------------------------------------------
Initial allocation and brick-body-box intersection...OK (0.003 s)
Initial triangle brick intersection...OK (0.002 s)
Setting regions (71424 / 71424)...OK (0.002 s)
-----------------------------------------------------------------------
Base mesh info:
	3D task
	Nx=36
	Ny=32
	Nz=62
	N(Nx*Ny*Nz) = 1152
	Period    axis=[0, 0, 0]
	Symmetry  ni=[0 0 0 0 0 0]
	ZoomingBC ni=[0 0 0 0 0 0]
	Nx=36
		x[0]=-2.778
		x[1]=-2.46702
		x[2]=-2.17139
		x[3]=-1.89024
		x[4]=-1.62288
		x[5]=-1.36861
		x[6]=-1.12681
		x[7]=-0.896851
		x[8]=-0.678166
		x[9]=-0.470199
		x[10]=-0.272423
		x[11]=-0.084339
		x[12]=0.0945271
		x[13]=0.268245
		x[14]=0.441965
		x[15]=0.615684
		x[16]=0.789404
		x[17]=0.963123
		x[18]=1.13684
		x[19]=1.31056
		x[20]=1.48428
		x[21]=1.658
		x[22]=1.83172
		x[23]=2.00544
		x[24]=2.17916
		x[25]=2.35805
		x[26]=2.54616
		x[27]=2.74396
		x[28]=2.95195
		x[29]=3.17065
		x[30]=3.40062
		x[31]=3.64243
		x[32]=3.8967
		x[33]=4.16406
		x[34]=4.4452
		x[35]=4.74082
		x[36]=5.05157
	Ny=32
		y[0]=-3.89954
		y[1]=-3.60806
		y[2]=-3.33078
		y[3]=-3.06694
		y[4]=-2.81589
		y[5]=-2.577
		y[6]=-2.34969
		y[7]=-2.13339
		y[8]=-1.92758
		y[9]=-1.73174
		y[10]=-1.54539
		y[11]=-1.36807
		y[12]=-1.19934
		y[13]=-1.03879
		y[14]=-0.883565
		y[15]=-0.728333
		y[16]=-0.573101
		y[17]=-0.417869
		y[18]=-0.262638
		y[19]=-0.107406
		y[20]=0.0531323
		y[21]=0.221849
		y[22]=0.399162
		y[23]=0.585507
		y[24]=0.781345
		y[25]=0.987159
		y[26]=1.20346
		y[27]=1.43078
		y[28]=1.66968
		y[29]=1.92074
		y[30]=2.1846
		y[31]=2.4619
		y[32]=2.75325
	Nz=62
		z[0]=-6.50299
		z[1]=-6.19851
		z[2]=-5.90823
		z[3]=-5.6314
		z[4]=-5.36742
		z[5]=-5.11568
		z[6]=-4.87561
		z[7]=-4.64668
		z[8]=-4.42836
		z[9]=-4.22017
		z[10]=-4.02163
		z[11]=-3.8323
		z[12]=-3.65175
		z[13]=-3.46875
		z[14]=-3.28575
		z[15]=-3.10275
		z[16]=-2.91975
		z[17]=-2.73675
		z[18]=-2.55375
		z[19]=-2.37075
		z[20]=-2.18775
		z[21]=-2.00475
		z[22]=-1.82175
		z[23]=-1.63875
		z[24]=-1.45575
		z[25]=-1.27275
		z[26]=-1.08975
		z[27]=-0.906749
		z[28]=-0.723748
		z[29]=-0.540748
		z[30]=-0.357748
		z[31]=-0.174747
		z[32]=0.00825315
		z[33]=0.191254
		z[34]=0.374254
		z[35]=0.557254
		z[36]=0.740255
		z[37]=0.919006
		z[38]=1.09776
		z[39]=1.27651
		z[40]=1.45526
		z[41]=1.63402
		z[42]=1.81277
		z[43]=1.99152
		z[44]=2.17028
		z[45]=2.34903
		z[46]=2.52778
		z[47]=2.70653
		z[48]=2.88529
		z[49]=3.06404
		z[50]=3.24279
		z[51]=3.42155
		z[52]=3.60835
		z[53]=3.8046
		z[54]=4.01076
		z[55]=4.22733
		z[56]=4.45485
		z[57]=4.69386
		z[58]=4.94494
		z[59]=5.20871
		z[60]=5.4858
		z[61]=5.77689
		z[62]=6.08262
-----------------------------------------------------------------------
Input_mesh_settings--------------------------------
Settings 0----------------
	Scope: GLOBAL
	Type:	------MESHER_SETTINGS----------
	RefAllCells           =0
	RefFluidCells         =0
	RefPartCells          =0
	RefSolidCells         =0
	l_SSFR(Capture crit)  =1
	l_curv(Curvature crit)=0
	l_tol(Tolerance crit) =0
	UseChannelRef         =1
	  NCR_method          =0
	  l_NCR               =1
	  N_gap               =5
	  Use d_NCR_min       =0
	  Use d_NCR_max       =0
	CloseThinSlotsHeight         =0
	--END_OF_MESHER_SETTINGS-------
End of input mesh settings-------------------------
-----------------------------------------------------------------------
Memory Working Set Current = 56.07 Mb, Memory Working Set Peak = 56.07 Mb
Memory Private Bytes Current = 57.27 Mb, Memory Private Bytes Peak = 57.27 Mb
Process Threads Number: 14
-----------------------------------------------------------------------
MMP (msh): locals=1, allc_sz=9.41 MB, used_sz=8.72 MB, blks-min-max=27/27
MMP (brx): locals=8, allc_sz=9.28 MB, used_sz=8.20 MB, blks-min-max=7/16
MMP (bcf): locals=0, allc_sz=0.00 MB, used_sz=0.00 MB, blks-min-max=0/0
MMP (xsl): locals=0, allc_sz=0.00 MB, used_sz=0.00 MB, blks-min-max=0/0
NxNyNz = [36, 32, 62]
base_dx=0.20946; 
NxNyNz_reverse = [37, 32, 60]

-----------------------------------------------------------------------
Refining geometries:
-----------------------------------------------------------------------

-----------------------------------------------------------------------
Refining by triangulation...
Refinement input: 71424 bricks
	Checking crit (71424 / 71424)...80 marked (0.032 s)
	Time(refinement): 0.000 s
Setting regions (640 / 71984)...OK (0.001 s)
	Checking crit (0 / 71984)...0 marked (0.001 s)
Refinement result (1 iterations): 71984 bricks (0.040 s)
Refinement input: 71984 bricks
	Checking crit (71344 / 71984)...0 marked (0.003 s)
Refinement result (0 iterations): 71984 bricks (0.003 s)
Collecting and processing rays:
	Adding rays...OK (0.008 s)
	new bricks = 71984 / 71984
	new rays   = 6139 (x=2194, y=2647, z=1298)
	Processing rays...
		Rays process:  0.415 (0.415) s
		Sort xstacks:  0.000 (0.000) s
		Put xstacks:   0.000 (0.000) s
		Total:         0.416 s
	Correcting rays...
		Lame vertices: 0.004 (0.004) s
		Bad rays:      0.000 (0.000) s
		Emit rays:     0.000 (0.000) s
		Correct ray f: 0.000 (0.000) s
		Undef:         0.000 (0.000) s
		Sum:           0.004 (0.004) s
		Total:         0.005 s
	Time (rays): 0.430 s
Capturing (71984 / 71984)...OK (0.003 s)
Refining by triangulation takes 0.478 s
-----------------------------------------------------------------------

-----------------------------------------------------------------------
Refining peculiar surfaces...
Collecting and processing rays:
	Adding rays...OK (0.001 s)
	new bricks = 0 / 71984
	new rays   = 0 (x=0, y=0, z=0)
	Processing rays...
		Rays process:  0.000 (0.000) s
		Sort xstacks:  0.000 (0.000) s
		Put xstacks:   0.000 (0.000) s
		Total:         0.000 s
	Correcting rays...
		Total:         0.000 s
	Time (rays): 0.002 s
Capturing (0 / 71984)...OK (0.001 s)
0 surfaces refined
Refining peculiar surfaces takes 0.003 s
-----------------------------------------------------------------------

-----------------------------------------------------------------------
Base mesh 1 Refining...
Collecting and processing rays:
	Adding rays...OK (0.000 s)
	new bricks = 0 / 71984
	new rays   = 0 (x=0, y=0, z=0)
	Processing rays...
		Rays process:  0.000 (0.000) s
		Sort xstacks:  0.000 (0.000) s
		Put xstacks:   0.000 (0.000) s
		Total:         0.000 s
	Correcting rays...
		Total:         0.000 s
	Time (rays): 0.001 s
Capturing (0 / 71984)...OK (0.001 s)
Refinement input: 71984 bricks
	Checking crit (71344 / 71984)...0 marked (0.001 s)
Refinement result (0 iterations): 71984 bricks (0.001 s)
-----------------------------------------------------------------------
Refining channels...
FYI: CNarrowChannelRefiner::RefineChannels_PRLL
Refinement input: 71984 bricks
	Time(refinement): 0.000 s
Setting regions (328 / 72271)...OK (0.001 s)
Refinement result (1 iterations): 72271 bricks (0.007 s)
Collecting and processing rays:
	Adding rays...OK (0.001 s)
	new bricks = 328 / 72271
	new rays   = 136 (x=25, y=92, z=19)
	Processing rays...
		Rays process:  0.001 (0.001) s
		Sort xstacks:  0.000 (0.000) s
		Put xstacks:   0.000 (0.000) s
		Total:         0.001 s
	Correcting rays...
		Lame vertices: 0.000 (0.000) s
		Bad rays:      0.000 (0.000) s
		Emit rays:     0.000 (0.000) s
		Correct ray f: 0.000 (0.000) s
		Undef:         0.000 (0.000) s
		Sum:           0.000 (0.000) s
		Total:         0.001 s
	Time (rays): 0.003 s
Capturing (328 / 72271)...OK (0.001 s)
FYI: m_iteration_count = 0
FYI: level1 statistics:
     level1_cnt_plus[1]=328;		level1_cnt_minus[1]=0
     level1_cnt_plus[2]=0;		level1_cnt_minus[2]=0
     level1_cnt_plus[3]=0;		level1_cnt_minus[3]=0
     level1_cnt_plus[4]=0;		level1_cnt_minus[4]=0
     level1_cnt_plus[5]=0;		level1_cnt_minus[5]=0
     level1_cnt_plus[6]=0;		level1_cnt_minus[6]=0
     level1_cnt_plus[7]=0;		level1_cnt_minus[7]=0
     level1_cnt_plus[8]=0;		level1_cnt_minus[8]=0
     level1_cnt_plus[9]=0;		level1_cnt_minus[9]=0
Refinement input: 72271 bricks
	Time(refinement): 0.000 s
Setting regions (48 / 72313)...OK (0.001 s)
Refinement result (1 iterations): 72313 bricks (0.007 s)
Collecting and processing rays:
	Adding rays...OK (0.000 s)
	new bricks = 48 / 72313
	new rays   = 15 (x=0, y=12, z=3)
	Processing rays...
		Rays process:  0.000 (0.000) s
		Sort xstacks:  0.000 (0.000) s
		Put xstacks:   0.000 (0.000) s
		Total:         0.001 s
	Correcting rays...
		Lame vertices: 0.001 (0.001) s
		Bad rays:      0.000 (0.000) s
		Emit rays:     0.000 (0.000) s
		Correct ray f: 0.000 (0.000) s
		Undef:         0.000 (0.000) s
		Sum:           0.001 (0.001) s
		Total:         0.001 s
	Time (rays): 0.003 s
Capturing (48 / 72313)...OK (0.001 s)
FYI: m_iteration_count = 1
FYI: level1 statistics:
     level1_cnt_plus[1]=376;		level1_cnt_minus[1]=0
     level1_cnt_plus[2]=0;		level1_cnt_minus[2]=0
     level1_cnt_plus[3]=0;		level1_cnt_minus[3]=0
     level1_cnt_plus[4]=0;		level1_cnt_minus[4]=0
     level1_cnt_plus[5]=0;		level1_cnt_minus[5]=0
     level1_cnt_plus[6]=0;		level1_cnt_minus[6]=0
     level1_cnt_plus[7]=0;		level1_cnt_minus[7]=0
     level1_cnt_plus[8]=0;		level1_cnt_minus[8]=0
     level1_cnt_plus[9]=0;		level1_cnt_minus[9]=0
Refinement input: 72313 bricks
	Time(refinement): 0.000 s
Setting regions (16 / 72327)...OK (0.001 s)
Refinement result (1 iterations): 72327 bricks (0.006 s)
Collecting and processing rays:
	Adding rays...OK (0.000 s)
	new bricks = 16 / 72327
	new rays   = 3 (x=3, y=0, z=0)
	Processing rays...
		Rays process:  0.000 (0.000) s
		Sort xstacks:  0.000 (0.000) s
		Put xstacks:   0.000 (0.000) s
		Total:         0.000 s
	Correcting rays...
		Lame vertices: 0.000 (0.000) s
		Bad rays:      0.000 (0.000) s
		Emit rays:     0.000 (0.000) s
		Correct ray f: 0.000 (0.000) s
		Undef:         0.000 (0.000) s
		Sum:           0.000 (0.000) s
		Total:         0.001 s
	Time (rays): 0.002 s
Capturing (16 / 72327)...OK (0.001 s)
FYI: m_iteration_count = 2
FYI: level1 statistics:
     level1_cnt_plus[1]=392;		level1_cnt_minus[1]=0
     level1_cnt_plus[2]=0;		level1_cnt_minus[2]=0
     level1_cnt_plus[3]=0;		level1_cnt_minus[3]=0
     level1_cnt_plus[4]=0;		level1_cnt_minus[4]=0
     level1_cnt_plus[5]=0;		level1_cnt_minus[5]=0
     level1_cnt_plus[6]=0;		level1_cnt_minus[6]=0
     level1_cnt_plus[7]=0;		level1_cnt_minus[7]=0
     level1_cnt_plus[8]=0;		level1_cnt_minus[8]=0
     level1_cnt_plus[9]=0;		level1_cnt_minus[9]=0
FYI: m_iteration_count = 3
FYI: level1 statistics:
     level1_cnt_plus[1]=392;		level1_cnt_minus[1]=0
     level1_cnt_plus[2]=0;		level1_cnt_minus[2]=0
     level1_cnt_plus[3]=0;		level1_cnt_minus[3]=0
     level1_cnt_plus[4]=0;		level1_cnt_minus[4]=0
     level1_cnt_plus[5]=0;		level1_cnt_minus[5]=0
     level1_cnt_plus[6]=0;		level1_cnt_minus[6]=0
     level1_cnt_plus[7]=0;		level1_cnt_minus[7]=0
     level1_cnt_plus[8]=0;		level1_cnt_minus[8]=0
     level1_cnt_plus[9]=0;		level1_cnt_minus[9]=0
FYI: level1 statistics:
     level1_cnt_plus[1]=392;		level1_cnt_minus[1]=0
     level1_cnt_plus[2]=0;		level1_cnt_minus[2]=0
     level1_cnt_plus[3]=0;		level1_cnt_minus[3]=0
     level1_cnt_plus[4]=0;		level1_cnt_minus[4]=0
     level1_cnt_plus[5]=0;		level1_cnt_minus[5]=0
     level1_cnt_plus[6]=0;		level1_cnt_minus[6]=0
     level1_cnt_plus[7]=0;		level1_cnt_minus[7]=0
     level1_cnt_plus[8]=0;		level1_cnt_minus[8]=0
     level1_cnt_plus[9]=0;		level1_cnt_minus[9]=0

-----------------------------------------------------------------------
U-shapes refinement...
Refinement input: 72327 bricks
	Checking crit (71295 / 72327)...0 marked (0.006 s)
Refinement result (0 iterations): 72327 bricks (0.006 s)
Collecting and processing rays:
	Adding rays...OK (0.001 s)
	new bricks = 0 / 72327
	new rays   = 0 (x=0, y=0, z=0)
	Processing rays...
		Rays process:  0.000 (0.000) s
		Sort xstacks:  0.000 (0.000) s
		Put xstacks:   0.000 (0.000) s
		Total:         0.000 s
	Correcting rays...
		Total:         0.000 s
	Time (rays): 0.001 s
Capturing (0 / 72327)...OK (0.001 s)
-----------------------------------------------------------------------

-----------------------------------------------------------------------
Equi Distant Refiner:
Equi Distant Refiner takes 0.00 s
-----------------------------------------------------------------------

/-Ray Intersection---------------/ Time	2.919 s
Calls                6293
CorrectRay Calls     0



-----------------------------------------------------------------------
Refining geometries takes 0.582 s
-----------------------------------------------------------------------
-----------------------------------------------------------------------
Memory Working Set Current = 64.31 Mb, Memory Working Set Peak = 64.31 Mb
Memory Private Bytes Current = 64.31 Mb, Memory Private Bytes Peak = 64.31 Mb
Process Threads Number: 14
-----------------------------------------------------------------------
Defect ray count	0
FYI: CNarrowChannelRefiner::RedistributeLevel1_step_1: is started
FYI: CNarrowChannelRefiner::RedistributeLevel1_step_1: is finished (0.001 s)
FYI: level1 statistics:
     level1_cnt_plus[1]=392;		level1_cnt_minus[1]=0
     level1_cnt_plus[2]=0;		level1_cnt_minus[2]=0
     level1_cnt_plus[3]=0;		level1_cnt_minus[3]=0
     level1_cnt_plus[4]=0;		level1_cnt_minus[4]=0
     level1_cnt_plus[5]=0;		level1_cnt_minus[5]=0
     level1_cnt_plus[6]=0;		level1_cnt_minus[6]=0
     level1_cnt_plus[7]=0;		level1_cnt_minus[7]=0
     level1_cnt_plus[8]=0;		level1_cnt_minus[8]=0
     level1_cnt_plus[9]=0;		level1_cnt_minus[9]=0
FYI: CNarrowChannelRefiner::RedistributeLevel1_step_2: is started
FYI: CNarrowChannelRefiner::RedistributeLevel1_step_2: is finished (0.023 s)
FYI: level1 statistics:
     level1_cnt_plus[1]=406;		level1_cnt_minus[1]=0
     level1_cnt_plus[2]=0;		level1_cnt_minus[2]=0
     level1_cnt_plus[3]=0;		level1_cnt_minus[3]=0
     level1_cnt_plus[4]=0;		level1_cnt_minus[4]=0
     level1_cnt_plus[5]=0;		level1_cnt_minus[5]=0
     level1_cnt_plus[6]=0;		level1_cnt_minus[6]=0
     level1_cnt_plus[7]=0;		level1_cnt_minus[7]=0
     level1_cnt_plus[8]=0;		level1_cnt_minus[8]=0
     level1_cnt_plus[9]=0;		level1_cnt_minus[9]=0
FYI: CNarrowChannelRefiner::RedistributeLevel1_step_3: is started
FYI: CNarrowChannelRefiner::RedistributeLevel1_step_3: is finished (0.022 s)
RedistributeLevel1 takes:
FYI: level1 statistics:
     level1_cnt_plus[1]=406;		level1_cnt_minus[1]=440
     level1_cnt_plus[2]=0;		level1_cnt_minus[2]=0
     level1_cnt_plus[3]=0;		level1_cnt_minus[3]=0
     level1_cnt_plus[4]=0;		level1_cnt_minus[4]=0
     level1_cnt_plus[5]=0;		level1_cnt_minus[5]=0
     level1_cnt_plus[6]=0;		level1_cnt_minus[6]=0
     level1_cnt_plus[7]=0;		level1_cnt_minus[7]=0
     level1_cnt_plus[8]=0;		level1_cnt_minus[8]=0
     level1_cnt_plus[9]=0;		level1_cnt_minus[9]=0
-----------------------------------------------------------------------
MSH format builder (Iteration 0)
-----------------------------------------------------------------------
Memory Working Set Current = 65.98 Mb, Memory Working Set Peak = 65.98 Mb
Memory Private Bytes Current = 66.00 Mb, Memory Private Bytes Peak = 66.00 Mb
Process Threads Number: 14
-----------------------------------------------------------------------
Total bricks count: 72327
-----------------------------------------------------------------------
MSH (Real Geometry) format constructor:
	Geom    Count = 2
	Bodyset Count = 2
	3D task
	Getting brick sets...OK (0.002 s)

	Min x-stack xeps = 0.000172986
	D / dh / eps [axis=0] = (7.82957, 0.086859, 5.76621e-05)
	D / dh / eps [axis=1] = (6.65279, 0.0776159, 5.76621e-05)
	D / dh / eps [axis=2] = (12.5856, 0.0893759, 5.76621e-05)
	Time (xeps): 0.001 s
Level 1
	Set (0)  size: 516
	Set (0)  time: 0.013 s
	Set (1)  size: 516
	Set (1)  time: 0.011 s
Level 0
	Set (0)  size: 35647
	Set (0)  time: 0.029 s
	Set (1)  size: 35648
	Set (1)  time: 0.026 s

	Spread npq bricks...0 marked (0.001 s)

Result:
	Bricks number:                        72327

	Memory usage:                         1.348 MB
	Memory usage (per brick):             0.019 KB
	Construction time:                    0.085 s

	Topology features:
	------------------
	- High quality bricks                  100.00 % (72327)
	- Medium quality bricks                  0.00 % (0)
	- Bad quality bricks                     0.00 % (0)
	- NPQ bricks                             0.00 % (1)
	- Type-1 bricks                          1.51 % (1093)
	- Ribs corrected bricks                  0.00 % (0)
	- Points with geom-info (bricks)         0.00 % (0)
	- Points with closest-info (bricks)      0.00 % (0)
	- Triangulated by center (bricks)        0.00 % (1)
	- Facet w-faces mergings (bricks)        0.00 % (0)
	- To refine (bricks)                     0.00 % (0)
	- Points-count                           0.00 % (0)
	- T-self-intersection-all (bricks)       0.00 % (0)
	- T-self-intersection-simple (bricks)    0.00 % (0)
	- T-self-intersection-complex (bricks)   0.00 % (0)
	- NPQ by reason 1 u-shape                0.00 % (0)
	- NPQ by reason 2 tri-by-ctr             0.00 % (1)
	- NPQ by reason 3 ray-correction         0.00 % (0)
	- NPQ by reason 4 t-self-intersection    0.00 % (0)
	- NPQ by reason 5 non-good               0.00 % (0)
	- NPQ by reason 6 npq-worker             0.00 % (0)

-----------------------------------------------------------------------
Memory Working Set Current = 71.25 Mb, Memory Working Set Peak = 71.26 Mb
Memory Private Bytes Current = 70.37 Mb, Memory Private Bytes Peak = 70.37 Mb
Process Threads Number: 14
-----------------------------------------------------------------------
-----------------------------------------------------------------------
msh-iterations: 1
-----------------------------------------------------------------------
high---q-brick-count = 100.00 % (72327 72327)
medium-q-brick-count =   0.00 % (72327 0)
bad----q-brick-count =   0.00 % (72327 0)
np-----q-brick-count =   0.00 % (72327 1)
-----------------------------------------------------------------------
Free brick parser storage...OK(0.001 s)
-----------------------------------------------------------------------
Memory Working Set Current = 71.30 Mb, Memory Working Set Peak = 71.30 Mb
Memory Private Bytes Current = 70.37 Mb, Memory Private Bytes Peak = 70.37 Mb
Process Threads Number: 14
-----------------------------------------------------------------------
-----------------------------------------------------------------------
MSH --> BCF format (Iteration 0)...
BCF collector...(remove mode=0)
	Time (alloc counter per brick): 0.002 s
	Brick    count: 72327
	Av.f all count: 72247
	Av.s all count: 1387
	Av.f pid count: 1301
	Av.s pid count: 1099
	Faces fs count: 3133
	Faces ff count: 0
	Faces ss count: 0
	Faces bb count: 0
	Faces fe count: 10736
	Faces se count: 0
	Faces fw count: 13869
	Faces af count: 211442
	Faces as count: 3545
	Time (all count): 	0.006 s
	Time (bcf alloc): 	0.001 s
	Time (shifts alloc): 	0.004 s
	Time (shifts init): 	0.004 s
	Time (bcf fill): 	0.015 s
	Time (add av to faces): 0.000 s
	Time (add faces to av): 0.006 s
Time (bcf collect): 		0.040 s
	AV checker...
		Hole marker...
			Subdomains:               1.
			Subdomains (cond):        1.
			Time (sd):      0.018 s.
			Time (sd_cond): 0.017 s.
			Time (potential-hole marking): 	0.001 s
			Time (hole checking): 0.000 s.
			0 av(s) are marked to fill subdomain holes.
		Time (hole marker): 0.039 s.
	Time (check av): 	0.065 s
	Subdomain checker...
		Subdomains construction time: 0.017 s.
		Subdomains sort time: 0.000 s.
			Subdomain 0 (geom_ind=0): 72247 av
			Subdomain 1 (geom_ind=1): 1387 av
		gi: 0, real bodies: 1
		gi: 0, subdomains:  1
		gi: 1, real bodies: 0
		gi: 1, subdomains:  1
		Defect subdomains: 0
	Time (check subdoms): 	0.019 s
Time (bcf iteration total): 	0.125 s
	Time (fw-nb): 		0.001 s
	Fixed mutual fw-nb:     2373 (bb: 0)
	Time (fw-nb mutual): 	0.001 s
	Time (fw-nb sort): 	0.000 s
	Fw-opt BEFORE total:    13869 (fs=3133, ff=0, ss=0)
	Fw-opt AFTER  total:    12667 (fs=1931, ff=0, ss=0, failed fw/br=0/0, big_curv=5, big_poly=0)
	Fw-opt RESULT:          1202 (res/(fs+ff+ss) = 38.37 %)
	Time (fw-opt): 		0.002 s
	Time (fw-re-order): 	0.002 s
	Time (fw-nb): 		0.005 s
	Fixed mutual fw-nb:     25421 (bb: 0)
	Time (fw-nb mutual): 	0.002 s
	Time (fw-nb sort): 	0.000 s
	Time (rfd fix): 	0.000 s
	Time (av convexity): 	0.001 s
	Time (av small volume): 0.000 s
	Time (diagonal fw-nb): 	0.014 s
	Fixed mutual fw-nb:     0 (bb: 0)
	Time (fw-nb mutual): 	0.001 s
	Time (fw-nb sort): 	0.001 s
	Fluid subdomains: 1
	Faces fw-nb diff sd:    0
	Time (fw-nb diff sd): 	0.019 s
Time (bcf calc): 		0.056 s
-----------------------------------------------------------------------
Time (bcf total): 		0.181 s
-----------------------------------------------------------------------
bcf-iterations: 1
-----------------------------------------------------------------------
-----------------------------------------------------------------------
Mega-cv constructor for fluid...
	 0 av's is treated as thin
Relative size generator (threshold = 0.05)...
	Iteration 1 (small cluster count = 77)
	Iteration 2 (small cluster count = 33)
	Iteration 3 (small cluster count = 3)
	Iteration 4 (small cluster count = 0)
	 77 mega-cv's generated
	 0 mega-cv's removed
Relative size generator is completed OK (0.005 s)
Apply fa-rules to mega-cv clusters fixes...
	Fa-rule violation fixes:        2 of        2 (total cluster# =       77)
OK (0.001 s)
Convert clusters:
	 77 mega-cv's total
Mega-cv count: 77
Time (mega-cv fill): 	0.000 s
Time (mega-cv total): 	0.030 s
-----------------------------------------------------------------------
Mixing plane rotation regions: NO.
Sliding mesh rotation regions: NO.
Fluid/fluid faces: NO.
-----------------------------------------------------------------------
Memory Working Set Current = 89.64 Mb, Memory Working Set Peak = 101.17 Mb
Memory Private Bytes Current = 106.70 Mb, Memory Private Bytes Peak = 106.70 Mb
Process Threads Number: 14
-----------------------------------------------------------------------
----------------------------------------------------------
BCF --> BCF.GEOMSUBDOM (bridge arrays):
MESH (0):
	Fluid Subdom Constructor: 1 subdom(s).
	Solid Subdom Constructor: 1 subdom(s).
	Net Asm Subdom Constructor: 0 subdom(s).
	GEOMSUBDOM (0): gi=0 Fluid av=72247 cv=72169 fa=211442 fb=0 fw=12667 V=6.533926e+02
	Cache data...OK
	GEOMSUBDOM (1): gi=1 Solid av=1387 cv=1387 fa=3545 fb=0 fw=1931 V=2.172705e+00
	Cache data...OK
	Setting nb of w-faces...OK (0.002 s).
	Correcting nb of w-faces...
	Time(correct_fw_nb)=0.003 s

MESH (0) checking:
	GEOMSUBDOM (0):fa_s=9132.5133664736786159 fb_s=0.0000000000000000 fw_s=489.7260799449992987 fw_nb=101230
	              :d_const(64689)=9.49392e-13 d_linear(52022)=4.84182e-12
	GEOMSUBDOM (1):fa_s=41.2933806228934372 fb_s=0.0000000000000000 fw_s=21.0104372354231081 fw_nb=15366
	              :d_const(1385)=6.07929e-11 d_linear(1385)=2.07677e-10
MESH (0) checking: OK.
Time (MDS): 	0.135 s
----------------------------------------------------------
-----------------------------------------------------------------------
Memory Working Set Current = 111.88 Mb, Memory Working Set Peak = 111.88 Mb
Memory Private Bytes Current = 127.75 Mb, Memory Private Bytes Peak = 127.75 Mb
Process Threads Number: 14
-----------------------------------------------------------------------

-----------------------------------------------------------------------
BCF CHECKSUM DATA (Mesh 0):

BRICK |Level1| Sum:               846
FACE_A Area Sum:   G.Fluid        9132.5133664736767969
FACE_A Area Sum:   G.Solid        41.2933806228934372
FACE_W Area Sum:                  489.7260799449992987
FACE_W Nb   Sum:                  101230
FACE_W min curvatures sum:        -5528.21219126
FACE_W max curvatures sum:        8116.79043930
AV Max Disbalance(Const) :        6.07929e-11 (cid=56718, t={40, 32, 96}, avid=73580, pid=1049)
AV Max Disbalance(Linear):        2.07677e-10 (cid=56718, t={40, 32, 96}, avid=73580, pid=1049)
-----------------------------------------------------------------------


-----------------------------------------------------------------------
MESHER TOPOLOGY DATA:

BRICKS: Total                 72327
BRICKS: Fluid                 72039
BRICKS: Fluid Partial         1093
BRICKS: Type 1                1093
BRICKS: Max AV number         3

AV:     G.Total               73634
AV:     G.Fluid               72247
AV:     G.Solid               1387

AV:     G.Fluid Thin Profile    0.01 % (6)
AV:     G.Solid Thin Profile   15.00 % (208)

AV:     G.Fluid Thin For Mega   0.00 % (0)
AV:     G.Solid Thin For Mega  13.70 % (190)

AV:     G.Fluid Non-Convex      0.85 % (615)
AV:     G.Solid Non-Convex     34.10 % (473)

AV:     G.Fluid Non-Ess-Convex      0.46 % (335)
AV:     G.Solid Non-Ess-Convex     12.62 % (175)

FACE_A: G.Fluid          (af) 211442 (partially opened 2701)
FACE_A: G.Solid          (as) 3545 (partially opened 2304)

FACE_B: G.Total          (b)  0

FACE_W: G.Total                 12667       Brick/Bound
FACE_W: G.Fluid/Solid    (fs_g) 1931        0           
FACE_W: G.Fluid/Fluid    (ff_g) 0           0           
FACE_W: G.Solid/Solid    (ss_g) 0           0           
FACE_W: G.Fluid/Void     (fv_g) 0           0           
FACE_W: G.Fluid/External (fe_g) 10736
FACE_W: G.Solid/External (se_g) 0

AV/CV max fa count (on brick side):4
AV/CV max fw count:                4
AV/CV max fb count:                0
AV/CV max fw poly count:           19

MEMORY: Total                   21.675 MB
MEMORY: Per Brick               0.307 KB
-----------------------------------------------------------------------

-----------------------------------------------------------------------
Connectivities information:
	Number of conns: 0
-----------------------------------------------------------------------
	Time (gap size): 	0.034 s
-----------------------------------------------------------------------
Memory Working Set Current = 111.92 Mb, Memory Working Set Peak = 111.93 Mb
Memory Private Bytes Current = 127.76 Mb, Memory Private Bytes Peak = 127.77 Mb
Process Threads Number: 14
-----------------------------------------------------------------------
-----------------------------------------------------------------------
Calculating curvature and tolerance criteria...
Curvature: min=0 (cid=0) max=3.14156 (cid=50644)
Tolerance: min=0 (cid=0) max=0.0917963 (cid=27294)
Calculating curvature and tolerance criteria takes 0.049 s
-----------------------------------------------------------------------
MESH Build(FS) finished. Time=1.215 s
-----------------------------------------------------------------------
Current CPU = 2 sec

Nx=36
Ny=32
Nz=62
Max BRICK Level=1
Mesh Level=1
-----------------CModelBodies2MeshMapper::CollectData started -------------------------------
	Time (collect mesh base data): 0.001 s.
	Time (collect model bodies mapping): 0.000 s.
	Time (collect positive bodies mapping): 0.000 s.
	Time (collect fluid bodies mapping): 0.000 s.
-----------------CModelBodies2MeshMapper Report -------------------------------
FluidDomains 1 SolidDomains 1 VoidDomains 0 
Domains RefIndexes
----------------- -------------------------------
	ModelBodies
Total resolved Bodies 0 BodySets 0

--------------------------------------------------------------------------
	Positive geometry Bodies
Total resolved Bodies 1 BodySets 1
BodySet 0
	Bodies list:
			#0	Name: ;	ID: d8a1691b-efe0-426a-a9d0-c54aa8a29c02
	Domains list:mesh type	 (0, 1)		 0 


--------------------------------------------------------------------------
	Fluid regions
Total resolved Bodies 1 BodySets 1
BodySet 0	Material: Air; 
	Bodies list:
			#0	Name: ;	ID: d8a1691b-efe0-426a-a9d0-c54aa8a29c02
	Domains list:mesh type	 (0, 1)		 0 


--------------------------------------------------------------------------
Collect data takes...0.002 s
-----------------CModelBodies2MeshMapper::CollectData finished successfully-------------------
Saving initial mesh in: D:\GitHub\Mechanical\SeattleSolarCar2024-2025\Aeroshells\new Atticus aero models\50n curved array - Copy\3\3.fld .
Storing results...
	Estimated CPT size=8.065 MB.
	Time (write bcf): 0.241 s
Storing results takes 0.250 s
-----------------------------------------------------------------------
Memory Working Set Current = 112.26 Mb, Memory Working Set Peak = 112.26 Mb
Memory Private Bytes Current = 127.76 Mb, Memory Private Bytes Peak = 127.77 Mb
Process Threads Number: 14
-----------------------------------------------------------------------
Cleaning memory...
-----------------------------------------------------------------------
Start to free mesher data...
MMP (msh): locals=8, allc_sz=9.56 MB, used_sz=8.85 MB, blks-min-max=1/27
MMP (brx): locals=8, allc_sz=10.55 MB, used_sz=9.54 MB, blks-min-max=10/17
MMP (bcf): locals=8, allc_sz=31.86 MB, used_sz=31.05 MB, blks-min-max=12/37
MMP (xsl): locals=8, allc_sz=0.12 MB, used_sz=0.07 MB, blks-min-max=1/1
Free xsl...            OK	Time=0.000 s
Free ray collector...  OK	Time=0.000 s
Free ray intersector...OK	Time=0.000 s
Free body sets...      OK	Time=0.005 s
Free Geometry DB takes 0.000 s
Free mesh conn...      OK	Time=0.000 s
Free geomsd...         OK	Time=0.000 s
Free mbricks...        OK	Time=0.002 s
Free hash info...      OK	Time=0.002 s
Free bricks-x...       OK	Time=0.001 s
Free bcf...            OK	Time=0.004 s
Free mesh h...         OK	Time=0.000 s
Free bricks arr..      OK	Time=0.000 s
Free bricks tree...    OK	Time=0.000 s
Free mesh pools...     OK	Time=0.006 s
Free bodies mapper...  OK	Time=0.000 s
Free geom crits...     OK	Time=0.000 s
Free cpt regions...    OK	Time=0.000 s
Free peculiar surfs... OK	Time=0.000 s
Free sw-geometries...  OK	Time=0.000 s
Total free mesher data time: 0.023 s
-----------------------------------------------------------------------
Copying... OK
CPT size=2.515 MB (2637043 bytes).
Mesh generation normally finished at	20.3.2025	7:53:38
Mesher CPU = 2 sec
Mesher is finished at	20.3.2025	7:53:38
-----------------------------------------------------------------------
Memory Working Set Current = 32.33 Mb, Memory Working Set Peak = 112.26 Mb
Memory Private Bytes Current = 44.98 Mb, Memory Private Bytes Peak = 127.77 Mb
Process Threads Number: 14
-----------------------------------------------------------------------
Algebra Pool      : mem_usage = 2.06 Mb, allocated count = 0
-----------------------------------------------------------------------
Memory Working Set Current = 30.37 Mb, Memory Working Set Peak = 112.26 Mb
Memory Private Bytes Current = 42.97 Mb, Memory Private Bytes Peak = 127.77 Mb
Process Threads Number: 14
Process Threads Number Peak: 14
-----------------------------------------------------------------------
Log ended at 20.03.2025	07:53:38
