Log started at 19.03.2025	16:49:22
Number of used processors (NPROC): 8.
Number of mesh partitions (NPART): 8.
Total Physical Memory = 17.96 Gb, Available Physical Memory = 11.41 Gb
Computer name:	DESKTOP-9NTJJ53
Operating system:	Windows 10 (Version 10.0.19045)

Commandline:	"C:\Program Files\SOLIDWORKS Corp\SOLIDWORKS Flow Simulation\BINCFW\efdsolver.exe" /config:"D:\GitHub\Mechanical\SeattleSolarCar2024-2025\Aeroshells\solid car new\8\8.xmlconfig" /guid:93b36d1e-088e-47ca-a87c-526010627e72 /processors:max /m /s /prjnamelm:"Flow Simulation 2023" /prjnamehabout:"Flow Simulation 2023" /companyname:"COSMOS Applications" /prjaliasid:1009 /lang:English /port:56194

SOLIDWORKS 2023 SP2.1
Flow Simulation 2023  x64 / 5965

Project: D:\GitHub\Mechanical\SeattleSolarCar2024-2025\Aeroshells\solid car new\8\8.xmlconfig
Configuration name: Default
Project name: Project(1)
Problem type: external-with-void-internal-space-type
Exclude cavities without flow conditions: ON
NGK: OFF
MBO: OFF
-----------------------------------------------------------------------
Mesher option run = eRunMesherNormal
-----------------------------------------------------------------------

Mesh generation started:	19.3.2025	16:49:22
-----------------------------------------------------------------------
Memory Working Set Current = 14.93 Mb, Memory Working Set Peak = 14.94 Mb
Memory Private Bytes Current = 15.94 Mb, Memory Private Bytes Peak = 15.94 Mb
Process Threads Number: 7
-----------------------------------------------------------------------
Mesher adjust APD = OFF; AdjustAPD_method=0; N_per_Channel = 0; N2_per_Channel = 0
Current CPU = 0 sec
-----------------------------------------------------------------------
Geometries initialization:
-----------------------------------------------------------------------
Loading mesh settings (global/local)...
-----------------------------------------------------------------------
Number of geometries from DB: 1
Geometry(0):
	Guid = {00000000-0000-0000-0000-000000000000}
	Fluid..
	2 Bodies.
	1 Real body.
	-- Bodyset 0 --
		Tolerance=0.000469171.
		21 Face(s).
			21 of b-spline type.
		0 Face(s) that have no ref faces
		6 Plane surface(s).
		11 B- surface(s).
		4 Extrude surface(s).
		22922 Triangle(s).
		Getting triangle connectivities from DB: 0.003 s
		51 Edge(s).
			51 of b-spline type.
		BodyGeom reading: 0.020 s.
		22922 Reference Triangles.
		Getting triangle connectivities from DB (Ref): 0.002 s
		BodyGeom Ref reading: 0.004 s.
Geometry(1):
	Solid.
	-- Bodyset 1 --
	Empty
-----------------------------------------------------------------------
Number of geometries in task: 2
	G : 0	Type: Fluid
	G : 1	Type: Solid
Number of bodysets   in task: 2
-----------------------------------------------------------------------
BodySet (0):
	Making hash and connectivity for Bodyset ...
		CBodyGeom:
		Hash size: {36, 32, 186}.
		Mesh size: {36, 32, 62}.
		Hashing triangles...Ok.
			axis(0) tr sizes: average=27 max=313
			axis(1) tr sizes: average=18 max=242
			axis(2) tr sizes: average=97 max=465
		Number of t-connected sets:2 (cavity=0)
		CBodyGeomRef:
		Hashing triangles...Ok.
			axis(0) tr sizes: average=44 max=328
			axis(1) tr sizes: average=30 max=331
			axis(2) tr sizes: average=92 max=454
	0.0679 s.
Geometries reading and preparing has taken 0.105 s.
-----------------------------------------------------------------------
Mapped triangles:
Hashing rough geometry(bodies) triangulation:
BodySet (0):
	Triangles num=22922
	Triangles box={-0.584257 ,1.21574 ,0.536477 ,1.47478 ,-3.04086 ,1.95114}
		3d-hash size is 441176 bytes
BodySet (1):
no log info (empty stream)

Mapped triangles processed in 0.073 s.
-----------------------------------------------------------------------
-----------------------------------------------------------------------
Getting sectors:
Number of sectors: 0
-----------------------------------------------------------------------
-----------------------------------------------------------------------
Bodies:     2
Faces:      21
Edges:      51
Triangles:  22922
-----------------------------------------------------------------------

Current CPU = 0 sec
-----------------------------------------------------------------------
Memory Working Set Current = 36.06 Mb, Memory Working Set Peak = 40.80 Mb
Memory Private Bytes Current = 35.62 Mb, Memory Private Bytes Peak = 40.34 Mb
Process Threads Number: 14
-----------------------------------------------------------------------
-----------------------------------------------------------------------
Checking faces on CD...
FCD = [0 0 0 0 0 0]
FCD_conflicts = 0
Time (check faces on CD)=0.000 s
-----------------------------------------------------------------------

-----------------------------------------------------------------------
Mesh dimensions:
				I[0 ]=36
				I[1 ]=32
				I[2 ]=62

Comp. domain size:
				a[0  ]=-3.56522
				a[1  ]=4.19669
				a[2  ]=-2.27859
				a[3  ]=4.28981
				a[4  ]=-7.73257
				a[5  ]=4.77751

Fluid calculated			1
Solid calculated			0
-----------------------------------------------------------------------
MESH Build started...
-----------------------------------------------------------------------
Mesh LEVEL = 1
-----------------------------------------------------------------------
-----------------------------------------------------------------------
CPT-mode xeps:
	D / dh / eps [axis=0] = (7.76191, 0.0870502, 8.70502e-05)
	D / dh / eps [axis=1] = (6.5684, 0.0766306, 7.66306e-05)
	D / dh / eps [axis=2] = (12.5101, 0.0891289, 8.91289e-05)
-----------------------------------------------------------------------
Initial allocation and brick-body-box intersection...OK (0.002 s)
Initial triangle brick intersection...OK (0.001 s)
Setting regions (71424 / 71424)...OK (0.001 s)
-----------------------------------------------------------------------
Base mesh info:
	3D task
	Nx=36
	Ny=32
	Nz=62
	N(Nx*Ny*Nz) = 1152
	Period    axis=[0, 0, 0]
	Symmetry  ni=[0 0 0 0 0 0]
	ZoomingBC ni=[0 0 0 0 0 0]
	Nx=36
		x[0]=-3.56522
		x[1]=-3.25824
		x[2]=-2.96638
		x[3]=-2.68881
		x[4]=-2.42483
		x[5]=-2.17378
		x[6]=-1.93501
		x[7]=-1.70793
		x[8]=-1.49198
		x[9]=-1.28659
		x[10]=-1.09126
		x[11]=-0.905491
		x[12]=-0.728818
		x[13]=-0.554717
		x[14]=-0.380616
		x[15]=-0.206515
		x[16]=-0.0324135
		x[17]=0.141688
		x[18]=0.315789
		x[19]=0.48989
		x[20]=0.663991
		x[21]=0.838093
		x[22]=1.01219
		x[23]=1.18629
		x[24]=1.3604
		x[25]=1.53709
		x[26]=1.72288
		x[27]=1.91822
		x[28]=2.12363
		x[29]=2.3396
		x[30]=2.56668
		x[31]=2.80546
		x[32]=3.05652
		x[33]=3.3205
		x[34]=3.59807
		x[35]=3.88992
		x[36]=4.19669
	Ny=32
		y[0]=-2.27859
		y[1]=-1.99081
		y[2]=-1.71705
		y[3]=-1.45655
		y[4]=-1.20868
		y[5]=-0.972827
		y[6]=-0.748399
		y[7]=-0.534847
		y[8]=-0.331644
		y[9]=-0.138288
		y[10]=0.0456975
		y[11]=0.220767
		y[12]=0.387353
		y[13]=0.545866
		y[14]=0.699128
		y[15]=0.85239
		y[16]=1.00565
		y[17]=1.15892
		y[18]=1.31218
		y[19]=1.46544
		y[20]=1.62394
		y[21]=1.79052
		y[22]=1.96558
		y[23]=2.14956
		y[24]=2.34292
		y[25]=2.54612
		y[26]=2.75968
		y[27]=2.98411
		y[28]=3.21998
		y[29]=3.46786
		y[30]=3.72838
		y[31]=4.00216
		y[32]=4.28981
	Nz=62
		z[0]=-7.73257
		z[1]=-7.43196
		z[2]=-7.14535
		z[3]=-6.87204
		z[4]=-6.6114
		z[5]=-6.36286
		z[6]=-6.12583
		z[7]=-5.8998
		z[8]=-5.68426
		z[9]=-5.47871
		z[10]=-5.28269
		z[11]=-5.09576
		z[12]=-4.9175
		z[13]=-4.73507
		z[14]=-4.55264
		z[15]=-4.37021
		z[16]=-4.18778
		z[17]=-4.00534
		z[18]=-3.82291
		z[19]=-3.64048
		z[20]=-3.45805
		z[21]=-3.27562
		z[22]=-3.09319
		z[23]=-2.91076
		z[24]=-2.72832
		z[25]=-2.54589
		z[26]=-2.36346
		z[27]=-2.18103
		z[28]=-1.9986
		z[29]=-1.81617
		z[30]=-1.63373
		z[31]=-1.4513
		z[32]=-1.26887
		z[33]=-1.08644
		z[34]=-0.904008
		z[35]=-0.721576
		z[36]=-0.539145
		z[37]=-0.359856
		z[38]=-0.180567
		z[39]=-0.00127714
		z[40]=0.178012
		z[41]=0.357302
		z[42]=0.536591
		z[43]=0.71588
		z[44]=0.89517
		z[45]=1.07446
		z[46]=1.25375
		z[47]=1.43304
		z[48]=1.61233
		z[49]=1.79162
		z[50]=1.97091
		z[51]=2.1502
		z[52]=2.33465
		z[53]=2.52841
		z[54]=2.73197
		z[55]=2.9458
		z[56]=3.17043
		z[57]=3.40641
		z[58]=3.65431
		z[59]=3.91473
		z[60]=4.1883
		z[61]=4.47568
		z[62]=4.77751
-----------------------------------------------------------------------
Input_mesh_settings--------------------------------
Settings 0----------------
	Scope: GLOBAL
	Type:	------MESHER_SETTINGS----------
	RefAllCells           =0
	RefFluidCells         =0
	RefPartCells          =0
	RefSolidCells         =0
	l_SSFR(Capture crit)  =1
	l_curv(Curvature crit)=0
	l_tol(Tolerance crit) =0
	UseChannelRef         =1
	  NCR_method          =0
	  l_NCR               =1
	  N_gap               =5
	  Use d_NCR_min       =0
	  Use d_NCR_max       =0
	CloseThinSlotsHeight         =0
	--END_OF_MESHER_SETTINGS-------
End of input mesh settings-------------------------
-----------------------------------------------------------------------
Memory Working Set Current = 53.11 Mb, Memory Working Set Peak = 53.12 Mb
Memory Private Bytes Current = 54.08 Mb, Memory Private Bytes Peak = 54.08 Mb
Process Threads Number: 14
-----------------------------------------------------------------------
MMP (msh): locals=1, allc_sz=9.41 MB, used_sz=8.72 MB, blks-min-max=27/27
MMP (brx): locals=8, allc_sz=9.12 MB, used_sz=8.20 MB, blks-min-max=13/16
MMP (bcf): locals=0, allc_sz=0.00 MB, used_sz=0.00 MB, blks-min-max=0/0
MMP (xsl): locals=0, allc_sz=0.00 MB, used_sz=0.00 MB, blks-min-max=0/0
NxNyNz = [36, 32, 62]
base_dx=0.207549; 
NxNyNz_reverse = [37, 32, 60]

-----------------------------------------------------------------------
Refining geometries:
-----------------------------------------------------------------------

-----------------------------------------------------------------------
Refining by triangulation...
Refinement input: 71424 bricks
	Checking crit (71424 / 71424)...82 marked (0.030 s)
	Time(refinement): 0.000 s
Setting regions (656 / 71998)...OK (0.001 s)
	Checking crit (0 / 71998)...0 marked (0.001 s)
Refinement result (1 iterations): 71998 bricks (0.038 s)
Refinement input: 71998 bricks
	Checking crit (71342 / 71998)...0 marked (0.003 s)
Refinement result (0 iterations): 71998 bricks (0.003 s)
Collecting and processing rays:
	Adding rays...OK (0.009 s)
	new bricks = 71998 / 71998
	new rays   = 6146 (x=2193, y=2658, z=1295)
	Processing rays...
		Rays process:  0.314 (0.314) s
		Sort xstacks:  0.000 (0.000) s
		Put xstacks:   0.000 (0.000) s
		Total:         0.315 s
	Correcting rays...
		Lame vertices: 0.004 (0.004) s
		Bad rays:      0.000 (0.000) s
		Emit rays:     0.000 (0.000) s
		Correct ray f: 0.000 (0.000) s
		Undef:         0.000 (0.000) s
		Sum:           0.004 (0.004) s
		Total:         0.004 s
	Time (rays): 0.330 s
Capturing (71998 / 71998)...OK (0.003 s)
Refining by triangulation takes 0.375 s
-----------------------------------------------------------------------

-----------------------------------------------------------------------
Refining peculiar surfaces...
Collecting and processing rays:
	Adding rays...OK (0.001 s)
	new bricks = 0 / 71998
	new rays   = 0 (x=0, y=0, z=0)
	Processing rays...
		Rays process:  0.000 (0.000) s
		Sort xstacks:  0.000 (0.000) s
		Put xstacks:   0.000 (0.000) s
		Total:         0.000 s
	Correcting rays...
		Total:         0.000 s
	Time (rays): 0.002 s
Capturing (0 / 71998)...OK (0.001 s)
0 surfaces refined
Refining peculiar surfaces takes 0.003 s
-----------------------------------------------------------------------

-----------------------------------------------------------------------
Base mesh 1 Refining...
Collecting and processing rays:
	Adding rays...OK (0.000 s)
	new bricks = 0 / 71998
	new rays   = 0 (x=0, y=0, z=0)
	Processing rays...
		Rays process:  0.000 (0.000) s
		Sort xstacks:  0.000 (0.000) s
		Put xstacks:   0.000 (0.000) s
		Total:         0.000 s
	Correcting rays...
		Total:         0.000 s
	Time (rays): 0.001 s
Capturing (0 / 71998)...OK (0.001 s)
Refinement input: 71998 bricks
	Checking crit (71342 / 71998)...0 marked (0.001 s)
Refinement result (0 iterations): 71998 bricks (0.001 s)
-----------------------------------------------------------------------
Refining channels...
FYI: CNarrowChannelRefiner::RefineChannels_PRLL
Refinement input: 71998 bricks
	Time(refinement): 0.000 s
Setting regions (208 / 72180)...OK (0.001 s)
Refinement result (1 iterations): 72180 bricks (0.006 s)
Collecting and processing rays:
	Adding rays...OK (0.000 s)
	new bricks = 208 / 72180
	new rays   = 88 (x=0, y=88, z=0)
	Processing rays...
		Rays process:  0.000 (0.000) s
		Sort xstacks:  0.000 (0.000) s
		Put xstacks:   0.000 (0.000) s
		Total:         0.001 s
	Correcting rays...
		Lame vertices: 0.000 (0.000) s
		Bad rays:      0.000 (0.000) s
		Emit rays:     0.000 (0.000) s
		Correct ray f: 0.000 (0.000) s
		Undef:         0.000 (0.000) s
		Sum:           0.000 (0.000) s
		Total:         0.001 s
	Time (rays): 0.003 s
Capturing (208 / 72180)...OK (0.001 s)
FYI: m_iteration_count = 0
FYI: level1 statistics:
     level1_cnt_plus[1]=208;		level1_cnt_minus[1]=0
     level1_cnt_plus[2]=0;		level1_cnt_minus[2]=0
     level1_cnt_plus[3]=0;		level1_cnt_minus[3]=0
     level1_cnt_plus[4]=0;		level1_cnt_minus[4]=0
     level1_cnt_plus[5]=0;		level1_cnt_minus[5]=0
     level1_cnt_plus[6]=0;		level1_cnt_minus[6]=0
     level1_cnt_plus[7]=0;		level1_cnt_minus[7]=0
     level1_cnt_plus[8]=0;		level1_cnt_minus[8]=0
     level1_cnt_plus[9]=0;		level1_cnt_minus[9]=0
FYI: m_iteration_count = 1
FYI: level1 statistics:
     level1_cnt_plus[1]=208;		level1_cnt_minus[1]=0
     level1_cnt_plus[2]=0;		level1_cnt_minus[2]=0
     level1_cnt_plus[3]=0;		level1_cnt_minus[3]=0
     level1_cnt_plus[4]=0;		level1_cnt_minus[4]=0
     level1_cnt_plus[5]=0;		level1_cnt_minus[5]=0
     level1_cnt_plus[6]=0;		level1_cnt_minus[6]=0
     level1_cnt_plus[7]=0;		level1_cnt_minus[7]=0
     level1_cnt_plus[8]=0;		level1_cnt_minus[8]=0
     level1_cnt_plus[9]=0;		level1_cnt_minus[9]=0
FYI: level1 statistics:
     level1_cnt_plus[1]=208;		level1_cnt_minus[1]=0
     level1_cnt_plus[2]=0;		level1_cnt_minus[2]=0
     level1_cnt_plus[3]=0;		level1_cnt_minus[3]=0
     level1_cnt_plus[4]=0;		level1_cnt_minus[4]=0
     level1_cnt_plus[5]=0;		level1_cnt_minus[5]=0
     level1_cnt_plus[6]=0;		level1_cnt_minus[6]=0
     level1_cnt_plus[7]=0;		level1_cnt_minus[7]=0
     level1_cnt_plus[8]=0;		level1_cnt_minus[8]=0
     level1_cnt_plus[9]=0;		level1_cnt_minus[9]=0

-----------------------------------------------------------------------
U-shapes refinement...
Refinement input: 72180 bricks
	Checking crit (71316 / 72180)...0 marked (0.006 s)
Refinement result (0 iterations): 72180 bricks (0.006 s)
Collecting and processing rays:
	Adding rays...OK (0.001 s)
	new bricks = 0 / 72180
	new rays   = 0 (x=0, y=0, z=0)
	Processing rays...
		Rays process:  0.000 (0.000) s
		Sort xstacks:  0.000 (0.000) s
		Put xstacks:   0.000 (0.000) s
		Total:         0.000 s
	Correcting rays...
		Total:         0.000 s
	Time (rays): 0.001 s
Capturing (0 / 72180)...OK (0.001 s)
-----------------------------------------------------------------------

-----------------------------------------------------------------------
Equi Distant Refiner:
Equi Distant Refiner takes 0.00 s
-----------------------------------------------------------------------

/-Ray Intersection---------------/ Time	2.200 s
Calls                6234
CorrectRay Calls     0



-----------------------------------------------------------------------
Refining geometries takes 0.439 s
-----------------------------------------------------------------------
-----------------------------------------------------------------------
Memory Working Set Current = 59.83 Mb, Memory Working Set Peak = 59.83 Mb
Memory Private Bytes Current = 60.69 Mb, Memory Private Bytes Peak = 60.69 Mb
Process Threads Number: 14
-----------------------------------------------------------------------
Defect ray count	0
FYI: CNarrowChannelRefiner::RedistributeLevel1_step_1: is started
FYI: CNarrowChannelRefiner::RedistributeLevel1_step_1: is finished (0.001 s)
FYI: level1 statistics:
     level1_cnt_plus[1]=208;		level1_cnt_minus[1]=0
     level1_cnt_plus[2]=0;		level1_cnt_minus[2]=0
     level1_cnt_plus[3]=0;		level1_cnt_minus[3]=0
     level1_cnt_plus[4]=0;		level1_cnt_minus[4]=0
     level1_cnt_plus[5]=0;		level1_cnt_minus[5]=0
     level1_cnt_plus[6]=0;		level1_cnt_minus[6]=0
     level1_cnt_plus[7]=0;		level1_cnt_minus[7]=0
     level1_cnt_plus[8]=0;		level1_cnt_minus[8]=0
     level1_cnt_plus[9]=0;		level1_cnt_minus[9]=0
FYI: CNarrowChannelRefiner::RedistributeLevel1_step_2: is started
FYI: CNarrowChannelRefiner::RedistributeLevel1_step_2: is finished (0.022 s)
FYI: level1 statistics:
     level1_cnt_plus[1]=208;		level1_cnt_minus[1]=0
     level1_cnt_plus[2]=0;		level1_cnt_minus[2]=0
     level1_cnt_plus[3]=0;		level1_cnt_minus[3]=0
     level1_cnt_plus[4]=0;		level1_cnt_minus[4]=0
     level1_cnt_plus[5]=0;		level1_cnt_minus[5]=0
     level1_cnt_plus[6]=0;		level1_cnt_minus[6]=0
     level1_cnt_plus[7]=0;		level1_cnt_minus[7]=0
     level1_cnt_plus[8]=0;		level1_cnt_minus[8]=0
     level1_cnt_plus[9]=0;		level1_cnt_minus[9]=0
FYI: CNarrowChannelRefiner::RedistributeLevel1_step_3: is started
FYI: CNarrowChannelRefiner::RedistributeLevel1_step_3: is finished (0.042 s)
RedistributeLevel1 takes:
FYI: level1 statistics:
     level1_cnt_plus[1]=208;		level1_cnt_minus[1]=548
     level1_cnt_plus[2]=0;		level1_cnt_minus[2]=0
     level1_cnt_plus[3]=0;		level1_cnt_minus[3]=0
     level1_cnt_plus[4]=0;		level1_cnt_minus[4]=0
     level1_cnt_plus[5]=0;		level1_cnt_minus[5]=0
     level1_cnt_plus[6]=0;		level1_cnt_minus[6]=0
     level1_cnt_plus[7]=0;		level1_cnt_minus[7]=0
     level1_cnt_plus[8]=0;		level1_cnt_minus[8]=0
     level1_cnt_plus[9]=0;		level1_cnt_minus[9]=0
-----------------------------------------------------------------------
MSH format builder (Iteration 0)
-----------------------------------------------------------------------
Memory Working Set Current = 61.51 Mb, Memory Working Set Peak = 61.52 Mb
Memory Private Bytes Current = 62.38 Mb, Memory Private Bytes Peak = 62.38 Mb
Process Threads Number: 14
-----------------------------------------------------------------------
Total bricks count: 72180
-----------------------------------------------------------------------
MSH (Real Geometry) format constructor:
	Geom    Count = 2
	Bodyset Count = 2
	3D task
	Getting brick sets...OK (0.002 s)

	Min x-stack xeps = 0.00241922
	D / dh / eps [axis=0] = (7.76191, 0.0870502, 8.70502e-05)
	D / dh / eps [axis=1] = (6.5684, 0.0766313, 7.66313e-05)
	D / dh / eps [axis=2] = (12.5101, 0.0896443, 8.96443e-05)
	Time (xeps): 0.001 s
Level 1
	Set (0)  size: 432
	Set (0)  time: 0.010 s
	Set (1)  size: 432
	Set (1)  time: 0.009 s
Level 0
	Set (0)  size: 35658
	Set (0)  time: 0.025 s
	Set (1)  size: 35658
	Set (1)  time: 0.025 s

	Spread npq bricks...0 marked (0.001 s)

Result:
	Bricks number:                        72180

	Memory usage:                         1.274 MB
	Memory usage (per brick):             0.018 KB
	Construction time:                    0.074 s

	Topology features:
	------------------
	- High quality bricks                  100.00 % (72179)
	- Medium quality bricks                  0.00 % (1)
	- Bad quality bricks                     0.00 % (0)
	- NPQ bricks                             0.00 % (1)
	- Type-1 bricks                          1.31 % (942)
	- Ribs corrected bricks                  0.00 % (0)
	- Points with geom-info (bricks)         0.00 % (1)
	- Points with closest-info (bricks)      0.00 % (0)
	- Triangulated by center (bricks)        0.00 % (1)
	- Facet w-faces mergings (bricks)        0.00 % (0)
	- To refine (bricks)                     0.00 % (0)
	- Points-count                           0.00 % (0)
	- T-self-intersection-all (bricks)       0.00 % (0)
	- T-self-intersection-simple (bricks)    0.00 % (0)
	- T-self-intersection-complex (bricks)   0.00 % (0)
	- NPQ by reason 1 u-shape                0.00 % (0)
	- NPQ by reason 2 tri-by-ctr             0.00 % (0)
	- NPQ by reason 3 ray-correction         0.00 % (0)
	- NPQ by reason 4 t-self-intersection    0.00 % (0)
	- NPQ by reason 5 non-good               0.00 % (1)
	- NPQ by reason 6 npq-worker             0.00 % (0)

-----------------------------------------------------------------------
Memory Working Set Current = 67.70 Mb, Memory Working Set Peak = 67.70 Mb
Memory Private Bytes Current = 67.63 Mb, Memory Private Bytes Peak = 67.63 Mb
Process Threads Number: 14
-----------------------------------------------------------------------
-----------------------------------------------------------------------
msh-iterations: 1
-----------------------------------------------------------------------
high---q-brick-count = 100.00 % (72180 72179)
medium-q-brick-count =   0.00 % (72180 1)
bad----q-brick-count =   0.00 % (72180 0)
np-----q-brick-count =   0.00 % (72180 1)
-----------------------------------------------------------------------
Free brick parser storage...OK(0.001 s)
-----------------------------------------------------------------------
Memory Working Set Current = 65.75 Mb, Memory Working Set Peak = 67.75 Mb
Memory Private Bytes Current = 66.13 Mb, Memory Private Bytes Peak = 67.63 Mb
Process Threads Number: 14
-----------------------------------------------------------------------
-----------------------------------------------------------------------
MSH --> BCF format (Iteration 0)...
BCF collector...(remove mode=0)
	Time (alloc counter per brick): 0.001 s
	Brick    count: 72180
	Av.f all count: 72128
	Av.s all count: 1278
	Av.f pid count: 1134
	Av.s pid count: 1034
	Faces fs count: 2911
	Faces ff count: 0
	Faces ss count: 0
	Faces bb count: 0
	Faces fe count: 10736
	Faces se count: 0
	Faces fw count: 13647
	Faces af count: 211167
	Faces as count: 3157
	Time (all count): 	0.007 s
	Time (bcf alloc): 	0.001 s
	Time (shifts alloc): 	0.003 s
	Time (shifts init): 	0.003 s
	Time (bcf fill): 	0.012 s
	Time (add av to faces): 0.000 s
	Time (add faces to av): 0.005 s
Time (bcf collect): 		0.035 s
	AV checker...
		Hole marker...
			Subdomains:               1.
			Subdomains (cond):        1.
			Time (sd):      0.018 s.
			Time (sd_cond): 0.017 s.
			Time (potential-hole marking): 	0.001 s
			Time (hole checking): 0.000 s.
			0 av(s) are marked to fill subdomain holes.
		Time (hole marker): 0.037 s.
	Time (check av): 	0.064 s
	Subdomain checker...
		Subdomains construction time: 0.017 s.
		Subdomains sort time: 0.000 s.
			Subdomain 0 (geom_ind=0): 72128 av
			Subdomain 1 (geom_ind=1): 1052 av
			Subdomain 2 (geom_ind=1): 226 av
		gi: 0, real bodies: 1
		gi: 0, subdomains:  1
		gi: 1, real bodies: 0
		gi: 1, subdomains:  2
		Defect subdomains: 0
	Time (check subdoms): 	0.019 s
Time (bcf iteration total): 	0.119 s
	Time (fw-nb): 		0.001 s
	Fixed mutual fw-nb:     2225 (bb: 0)
	Time (fw-nb mutual): 	0.001 s
	Time (fw-nb sort): 	0.000 s
	Fw-opt BEFORE total:    13647 (fs=2911, ff=0, ss=0)
	Fw-opt AFTER  total:    12553 (fs=1817, ff=0, ss=0, failed fw/br=0/0, big_curv=3, big_poly=0)
	Fw-opt RESULT:          1094 (res/(fs+ff+ss) = 37.58 %)
	Time (fw-opt): 		0.003 s
	Time (fw-re-order): 	0.001 s
	Time (fw-nb): 		0.005 s
	Fixed mutual fw-nb:     25198 (bb: 0)
	Time (fw-nb mutual): 	0.002 s
	Time (fw-nb sort): 	0.000 s
	Time (rfd fix): 	0.000 s
	Time (av convexity): 	0.001 s
	Time (av small volume): 0.000 s
	Time (diagonal fw-nb): 	0.014 s
	Fixed mutual fw-nb:     0 (bb: 0)
	Time (fw-nb mutual): 	0.002 s
	Time (fw-nb sort): 	0.000 s
	Fluid subdomains: 1
	Faces fw-nb diff sd:    0
	Time (fw-nb diff sd): 	0.019 s
Time (bcf calc): 		0.055 s
-----------------------------------------------------------------------
Time (bcf total): 		0.174 s
-----------------------------------------------------------------------
bcf-iterations: 1
-----------------------------------------------------------------------
-----------------------------------------------------------------------
Mega-cv constructor for fluid...
	 46 av's is treated as thin
Relative size generator (threshold = 0.05)...
	Iteration 1 (small cluster count = 58)
	Iteration 2 (small cluster count = 29)
	Iteration 3 (small cluster count = 3)
	Iteration 4 (small cluster count = 0)
	 56 mega-cv's generated
	 0 mega-cv's removed
Relative size generator is completed OK (0.005 s)
Apply fa-rules to mega-cv clusters fixes...
	Fa-rule violation fixes:        4 of        4 (total cluster# =       58)
OK (0.001 s)
Convert clusters:
	 56 mega-cv's total
Mega-cv count: 56
Time (mega-cv fill): 	0.000 s
Time (mega-cv total): 	0.030 s
-----------------------------------------------------------------------
Mixing plane rotation regions: NO.
Sliding mesh rotation regions: NO.
Fluid/fluid faces: NO.
-----------------------------------------------------------------------
Memory Working Set Current = 83.80 Mb, Memory Working Set Peak = 97.21 Mb
Memory Private Bytes Current = 109.76 Mb, Memory Private Bytes Peak = 112.58 Mb
Process Threads Number: 14
-----------------------------------------------------------------------
----------------------------------------------------------
BCF --> BCF.GEOMSUBDOM (bridge arrays):
MESH (0):
	Fluid Subdom Constructor: 1 subdom(s).
	Solid Subdom Constructor: 2 subdom(s).
	Net Asm Subdom Constructor: 0 subdom(s).
	GEOMSUBDOM (0): gi=0 Fluid av=72128 cv=72070 fa=211167 fb=0 fw=12553 V=6.357216e+02
	Cache data...OK
	GEOMSUBDOM (1): gi=1 Solid av=1052 cv=1052 fa=2594 fb=0 fw=1561 V=1.974838e+00
	Cache data...OK
	GEOMSUBDOM (2): gi=1 Solid av=226 cv=226 fa=563 fb=0 fw=256 V=1.094596e-01
	Cache data...OK
	Setting nb of w-faces...OK (0.002 s).
	Correcting nb of w-faces...
	Time(correct_fw_nb)=0.003 s

MESH (0) checking:
	GEOMSUBDOM (0):fa_s=8966.4077498812621343 fb_s=0.0000000000000000 fw_s=482.4597536744776676 fw_nb=100344
	              :d_const(44975)=5.64851e-13 d_linear(49899)=1.49136e-12
	GEOMSUBDOM (1):fa_s=36.0947066111633745 fb_s=0.0000000000000000 fw_s=20.3382873898826659 fw_nb=12470
	              :d_const(601)=7.44519e-12 d_linear(758)=2.42197e-11
	GEOMSUBDOM (2):fa_s=2.9325915014211206 fb_s=0.0000000000000000 fw_s=1.6079434180907333 fw_nb=2010
	              :d_const(35)=7.21339e-15 d_linear(224)=2.45818e-13
MESH (0) checking: OK.
Time (MDS): 	0.126 s
----------------------------------------------------------
-----------------------------------------------------------------------
Memory Working Set Current = 108.46 Mb, Memory Working Set Peak = 108.46 Mb
Memory Private Bytes Current = 133.32 Mb, Memory Private Bytes Peak = 133.32 Mb
Process Threads Number: 14
-----------------------------------------------------------------------

-----------------------------------------------------------------------
BCF CHECKSUM DATA (Mesh 0):

BRICK |Level1| Sum:               756
FACE_A Area Sum:   G.Fluid        8966.4077498812657723
FACE_A Area Sum:   G.Solid        39.0272981125845035
FACE_W Area Sum:                  482.4597536744776107
FACE_W Nb   Sum:                  100344
FACE_W min curvatures sum:        -2683.35074140
FACE_W max curvatures sum:        5069.98786217
AV Max Disbalance(Const) :        7.4452e-12 (cid=50710, t={46, 31, 86}, avid=73203, pid=859)
AV Max Disbalance(Linear):        2.42197e-11 (cid=41497, t={34, 38, 70}, avid=72894, pid=634)
-----------------------------------------------------------------------


-----------------------------------------------------------------------
MESHER TOPOLOGY DATA:

BRICKS: Total                 72180
BRICKS: Fluid                 71936
BRICKS: Fluid Partial         942
BRICKS: Type 1                942
BRICKS: Max AV number         4

AV:     G.Total               73406
AV:     G.Fluid               72128
AV:     G.Solid               1278

AV:     G.Fluid Thin Profile    0.13 % (92)
AV:     G.Solid Thin Profile   15.02 % (192)

AV:     G.Fluid Thin For Mega   0.06 % (46)
AV:     G.Solid Thin For Mega  13.54 % (173)

AV:     G.Fluid Non-Convex      0.81 % (582)
AV:     G.Solid Non-Convex     27.39 % (350)

AV:     G.Fluid Non-Ess-Convex      0.44 % (315)
AV:     G.Solid Non-Ess-Convex      9.55 % (122)

FACE_A: G.Fluid          (af) 211167 (partially opened 2389)
FACE_A: G.Solid          (as) 3157 (partially opened 2104)

FACE_B: G.Total          (b)  0

FACE_W: G.Total                 12553       Brick/Bound
FACE_W: G.Fluid/Solid    (fs_g) 1817        0           
FACE_W: G.Fluid/Fluid    (ff_g) 0           0           
FACE_W: G.Solid/Solid    (ss_g) 0           0           
FACE_W: G.Fluid/Void     (fv_g) 0           0           
FACE_W: G.Fluid/External (fe_g) 10736
FACE_W: G.Solid/External (se_g) 0

AV/CV max fa count (on brick side):5
AV/CV max fw count:                5
AV/CV max fb count:                0
AV/CV max fw poly count:           16

MEMORY: Total                   21.589 MB
MEMORY: Per Brick               0.306 KB
-----------------------------------------------------------------------

-----------------------------------------------------------------------
Connectivities information:
	Number of conns: 0
-----------------------------------------------------------------------
	Time (gap size): 	0.029 s
-----------------------------------------------------------------------
Memory Working Set Current = 108.51 Mb, Memory Working Set Peak = 108.52 Mb
Memory Private Bytes Current = 133.32 Mb, Memory Private Bytes Peak = 133.32 Mb
Process Threads Number: 14
-----------------------------------------------------------------------
-----------------------------------------------------------------------
Calculating curvature and tolerance criteria...
Curvature: min=0 (cid=0) max=3.14159 (cid=42534)
Tolerance: min=0 (cid=0) max=0.124706 (cid=26021)
Calculating curvature and tolerance criteria takes 0.046 s
-----------------------------------------------------------------------
MESH Build(FS) finished. Time=1.047 s
-----------------------------------------------------------------------
Current CPU = 1 sec

Nx=36
Ny=32
Nz=62
Max BRICK Level=1
Mesh Level=1
-----------------CModelBodies2MeshMapper::CollectData started -------------------------------
	Time (collect mesh base data): 0.001 s.
	Time (collect model bodies mapping): 0.000 s.
	Time (collect positive bodies mapping): 0.000 s.
	Time (collect fluid bodies mapping): 0.000 s.
-----------------CModelBodies2MeshMapper Report -------------------------------
FluidDomains 1 SolidDomains 2 VoidDomains 0 
Domains RefIndexes
----------------- -------------------------------
	ModelBodies
Total resolved Bodies 0 BodySets 0

--------------------------------------------------------------------------
	Positive geometry Bodies
Total resolved Bodies 1 BodySets 1
BodySet 0
	Bodies list:
			#0	Name: ;	ID: aaee975a-6694-4464-9207-90e5f3ca1e6e
	Domains list:mesh type	 (0, 1)		 0 


--------------------------------------------------------------------------
	Fluid regions
Total resolved Bodies 1 BodySets 1
BodySet 0	Material: Air; 
	Bodies list:
			#0	Name: ;	ID: aaee975a-6694-4464-9207-90e5f3ca1e6e
	Domains list:mesh type	 (0, 1)		 0 


--------------------------------------------------------------------------
Collect data takes...0.002 s
-----------------CModelBodies2MeshMapper::CollectData finished successfully-------------------
Saving initial mesh in: D:\GitHub\Mechanical\SeattleSolarCar2024-2025\Aeroshells\solid car new\8\8.fld .
Storing results...
	Estimated CPT size=8.011 MB.
	Time (write bcf): 0.233 s
Storing results takes 0.240 s
-----------------------------------------------------------------------
Memory Working Set Current = 108.87 Mb, Memory Working Set Peak = 108.88 Mb
Memory Private Bytes Current = 133.32 Mb, Memory Private Bytes Peak = 133.32 Mb
Process Threads Number: 14
-----------------------------------------------------------------------
Cleaning memory...
-----------------------------------------------------------------------
Start to free mesher data...
MMP (msh): locals=7, allc_sz=9.58 MB, used_sz=8.83 MB, blks-min-max=1/27
MMP (brx): locals=8, allc_sz=10.49 MB, used_sz=9.41 MB, blks-min-max=14/16
MMP (bcf): locals=8, allc_sz=32.05 MB, used_sz=30.89 MB, blks-min-max=16/36
MMP (xsl): locals=8, allc_sz=0.12 MB, used_sz=0.07 MB, blks-min-max=1/1
Free xsl...            OK	Time=0.000 s
Free ray collector...  OK	Time=0.000 s
Free ray intersector...OK	Time=0.000 s
Free body sets...      OK	Time=0.004 s
Free Geometry DB takes 0.000 s
Free mesh conn...      OK	Time=0.000 s
Free geomsd...         OK	Time=0.000 s
Free mbricks...        OK	Time=0.002 s
Free hash info...      OK	Time=0.001 s
Free bricks-x...       OK	Time=0.001 s
Free bcf...            OK	Time=0.004 s
Free mesh h...         OK	Time=0.000 s
Free bricks arr..      OK	Time=0.000 s
Free bricks tree...    OK	Time=0.000 s
Free mesh pools...     OK	Time=0.006 s
Free bodies mapper...  OK	Time=0.000 s
Free geom crits...     OK	Time=0.000 s
Free cpt regions...    OK	Time=0.000 s
Free peculiar surfs... OK	Time=0.000 s
Free sw-geometries...  OK	Time=0.000 s
Total free mesher data time: 0.021 s
-----------------------------------------------------------------------
Copying... OK
CPT size=2.437 MB (2555511 bytes).
Mesh generation normally finished at	19.3.2025	16:49:24
Mesher CPU = 2 sec
Mesher is finished at	19.3.2025	16:49:24
-----------------------------------------------------------------------
Memory Working Set Current = 32.77 Mb, Memory Working Set Peak = 108.88 Mb
Memory Private Bytes Current = 54.77 Mb, Memory Private Bytes Peak = 133.32 Mb
Process Threads Number: 14
-----------------------------------------------------------------------
Algebra Pool      : mem_usage = 2.06 Mb, allocated count = 0
-----------------------------------------------------------------------
Memory Working Set Current = 30.82 Mb, Memory Working Set Peak = 108.88 Mb
Memory Private Bytes Current = 52.77 Mb, Memory Private Bytes Peak = 133.32 Mb
Process Threads Number: 14
Process Threads Number Peak: 14
-----------------------------------------------------------------------
Log ended at 19.03.2025	16:49:24
