Log started at 24.03.2025	15:25:58
Number of used processors (NPROC): 8.
Number of mesh partitions (NPART): 8.
Total Physical Memory = 17.96 Gb, Available Physical Memory = 10.78 Gb
Computer name:	DESKTOP-9NTJJ53
Operating system:	Windows 10 (Version 10.0.19045)

Commandline:	"C:\Program Files\SOLIDWORKS Corp\SOLIDWORKS Flow Simulation\BINCFW\efdsolver.exe" /config:"D:\GitHub\Mechanical\SeattleSolarCar2024-2025\Aeroshells\new Atticus aero models\41n smaller back - Copy\1\1.xmlconfig" /guid:4e85a85b-aeaa-41fe-b80b-7adeb6b1c8ed /processors:max /m /s /prjnamelm:"Flow Simulation 2023" /prjnamehabout:"Flow Simulation 2023" /companyname:"COSMOS Applications" /prjaliasid:1009 /lang:English /port:60978

SOLIDWORKS 2023 SP2.1
Flow Simulation 2023  x64 / 5965

Project: D:\GitHub\Mechanical\SeattleSolarCar2024-2025\Aeroshells\new Atticus aero models\41n smaller back - Copy\1\1.xmlconfig
Configuration name: Default
Project name: Project(1)
Problem type: external-with-void-internal-space-type
Exclude cavities without flow conditions: ON
NGK: OFF
MBO: OFF
-----------------------------------------------------------------------
Mesher option run = eRunMesherNormal
-----------------------------------------------------------------------

Mesh generation started:	24.3.2025	15:25:58
-----------------------------------------------------------------------
Memory Working Set Current = 14.91 Mb, Memory Working Set Peak = 14.92 Mb
Memory Private Bytes Current = 15.93 Mb, Memory Private Bytes Peak = 15.93 Mb
Process Threads Number: 7
-----------------------------------------------------------------------
Mesher adjust APD = OFF; AdjustAPD_method=0; N_per_Channel = 0; N2_per_Channel = 0
Current CPU = 0 sec
-----------------------------------------------------------------------
Geometries initialization:
-----------------------------------------------------------------------
Loading mesh settings (global/local)...
-----------------------------------------------------------------------
Number of geometries from DB: 1
Geometry(0):
	Guid = {00000000-0000-0000-0000-000000000000}
	Fluid..
	1 Body.
	1 Real body.
	-- Bodyset 0 --
		Tolerance=0.000473017.
		17 Face(s).
			17 of b-spline type.
		0 Face(s) that have no ref faces
		8 Plane surface(s).
		5 B- surface(s).
		4 Extrude surface(s).
		30704 Triangle(s).
		Getting triangle connectivities from DB: 0.006 s
		47 Edge(s).
			47 of b-spline type.
		BodyGeom reading: 0.029 s.
		30704 Reference Triangles.
		Getting triangle connectivities from DB (Ref): 0.005 s
		BodyGeom Ref reading: 0.008 s.
Geometry(1):
	Solid.
	-- Bodyset 1 --
	Empty
-----------------------------------------------------------------------
Number of geometries in task: 2
	G : 0	Type: Fluid
	G : 1	Type: Solid
Number of bodysets   in task: 2
-----------------------------------------------------------------------
BodySet (0):
	Making hash and connectivity for Bodyset ...
		CBodyGeom:
		Hash size: {36, 32, 248}.
		Mesh size: {36, 32, 62}.
		Hashing triangles...Ok.
			axis(0) tr sizes: average=28 max=246
			axis(1) tr sizes: average=18 max=264
			axis(2) tr sizes: average=115 max=607
		Number of t-connected sets:1 (cavity=0)
		CBodyGeomRef:
		Hashing triangles...Ok.
			axis(0) tr sizes: average=52 max=412
			axis(1) tr sizes: average=37 max=337
			axis(2) tr sizes: average=109 max=584
	0.0773 s.
Geometries reading and preparing has taken 0.132 s.
-----------------------------------------------------------------------
Mapped triangles:
Hashing rough geometry(bodies) triangulation:
BodySet (0):
	Triangles num=30704
	Triangles box={0.127286 ,1.92729 ,-1.35357 ,-0.408063 ,-0.07606 ,4.89583}
		3d-hash size is 483104 bytes
BodySet (1):
no log info (empty stream)

Mapped triangles processed in 0.081 s.
-----------------------------------------------------------------------
-----------------------------------------------------------------------
Getting sectors:
Number of sectors: 0
-----------------------------------------------------------------------
-----------------------------------------------------------------------
Bodies:     2
Faces:      17
Edges:      47
Triangles:  30704
-----------------------------------------------------------------------

Current CPU = 0 sec
-----------------------------------------------------------------------
Memory Working Set Current = 40.45 Mb, Memory Working Set Peak = 47.44 Mb
Memory Private Bytes Current = 40.27 Mb, Memory Private Bytes Peak = 46.97 Mb
Process Threads Number: 14
-----------------------------------------------------------------------
-----------------------------------------------------------------------
Checking faces on CD...
FCD = [0 0 0 0 0 0]
FCD_conflicts = 0
Time (check faces on CD)=0.001 s
-----------------------------------------------------------------------

-----------------------------------------------------------------------
Mesh dimensions:
				I[0 ]=36
				I[1 ]=32
				I[2 ]=62

Comp. domain size:
				a[0  ]=-2.87599
				a[1  ]=4.93145
				a[2  ]=-4.19194
				a[3  ]=2.4303
				a[4  ]=-4.80623
				a[5  ]=7.74447

Fluid calculated			1
Solid calculated			0
-----------------------------------------------------------------------
MESH Build started...
-----------------------------------------------------------------------
Mesh LEVEL = 1
-----------------------------------------------------------------------
-----------------------------------------------------------------------
CPT-mode xeps:
	D / dh / eps [axis=0] = (7.80743, 0.0870243, 8.70243e-05)
	D / dh / eps [axis=1] = (6.62224, 0.0772588, 7.72588e-05)
	D / dh / eps [axis=2] = (12.5507, 0.0893468, 8.93468e-05)
-----------------------------------------------------------------------
Initial allocation and brick-body-box intersection...OK (0.003 s)
Initial triangle brick intersection...OK (0.002 s)
Setting regions (71424 / 71424)...OK (0.001 s)
-----------------------------------------------------------------------
Base mesh info:
	3D task
	Nx=36
	Ny=32
	Nz=62
	N(Nx*Ny*Nz) = 1152
	Period    axis=[0, 0, 0]
	Symmetry  ni=[0 0 0 0 0 0]
	ZoomingBC ni=[0 0 0 0 0 0]
	Nx=36
		x[0]=-2.87599
		x[1]=-2.56651
		x[2]=-2.27228
		x[3]=-1.99245
		x[4]=-1.72632
		x[5]=-1.47322
		x[6]=-1.23252
		x[7]=-1.00359
		x[8]=-0.785879
		x[9]=-0.578823
		x[10]=-0.381903
		x[11]=-0.194624
		x[12]=-0.0165139
		x[13]=0.157535
		x[14]=0.331585
		x[15]=0.505634
		x[16]=0.679684
		x[17]=0.853734
		x[18]=1.02778
		x[19]=1.20183
		x[20]=1.37588
		x[21]=1.54993
		x[22]=1.72398
		x[23]=1.89803
		x[24]=2.07208
		x[25]=2.25018
		x[26]=2.43746
		x[27]=2.63437
		x[28]=2.84143
		x[29]=3.05915
		x[30]=3.28807
		x[31]=3.52879
		x[32]=3.7819
		x[33]=4.04804
		x[34]=4.32788
		x[35]=4.62214
		x[36]=4.93145
	Ny=32
		y[0]=-4.19194
		y[1]=-3.9018
		y[2]=-3.6258
		y[3]=-3.36317
		y[4]=-3.11327
		y[5]=-2.87548
		y[6]=-2.64921
		y[7]=-2.43391
		y[8]=-2.22904
		y[9]=-2.0341
		y[10]=-1.8486
		y[11]=-1.6721
		y[12]=-1.50415
		y[13]=-1.34434
		y[14]=-1.18982
		y[15]=-1.0353
		y[16]=-0.88078
		y[17]=-0.726261
		y[18]=-0.571742
		y[19]=-0.417223
		y[20]=-0.257422
		y[21]=-0.0894795
		y[22]=0.0870185
		y[23]=0.272508
		y[24]=0.467447
		y[25]=0.672316
		y[26]=0.887622
		y[27]=1.1139
		y[28]=1.3517
		y[29]=1.60161
		y[30]=1.86426
		y[31]=2.14029
		y[32]=2.4303
	Nz=62
		z[0]=-4.80623
		z[1]=-4.50315
		z[2]=-4.2142
		z[3]=-3.93865
		z[4]=-3.67587
		z[5]=-3.42529
		z[6]=-3.18632
		z[7]=-2.95844
		z[8]=-2.74113
		z[9]=-2.53389
		z[10]=-2.33627
		z[11]=-2.14781
		z[12]=-1.96809
		z[13]=-1.78545
		z[14]=-1.60281
		z[15]=-1.42018
		z[16]=-1.23754
		z[17]=-1.0549
		z[18]=-0.872267
		z[19]=-0.689631
		z[20]=-0.506994
		z[21]=-0.324357
		z[22]=-0.141721
		z[23]=0.0409161
		z[24]=0.223553
		z[25]=0.406189
		z[26]=0.588826
		z[27]=0.771463
		z[28]=0.9541
		z[29]=1.13674
		z[30]=1.31937
		z[31]=1.50201
		z[32]=1.68465
		z[33]=1.86728
		z[34]=2.04992
		z[35]=2.23256
		z[36]=2.41519
		z[37]=2.59389
		z[38]=2.77258
		z[39]=2.95128
		z[40]=3.12997
		z[41]=3.30866
		z[42]=3.48736
		z[43]=3.66605
		z[44]=3.84475
		z[45]=4.02344
		z[46]=4.20214
		z[47]=4.38083
		z[48]=4.55953
		z[49]=4.73822
		z[50]=4.91692
		z[51]=5.09561
		z[52]=5.28156
		z[53]=5.47691
		z[54]=5.68213
		z[55]=5.89771
		z[56]=6.12418
		z[57]=6.36209
		z[58]=6.61202
		z[59]=6.87458
		z[60]=7.1504
		z[61]=7.44015
		z[62]=7.74447
-----------------------------------------------------------------------
Input_mesh_settings--------------------------------
Settings 0----------------
	Scope: GLOBAL
	Type:	------MESHER_SETTINGS----------
	RefAllCells           =0
	RefFluidCells         =0
	RefPartCells          =0
	RefSolidCells         =0
	l_SSFR(Capture crit)  =1
	l_curv(Curvature crit)=0
	l_tol(Tolerance crit) =0
	UseChannelRef         =1
	  NCR_method          =0
	  l_NCR               =1
	  N_gap               =5
	  Use d_NCR_min       =0
	  Use d_NCR_max       =0
	CloseThinSlotsHeight         =0
	--END_OF_MESHER_SETTINGS-------
End of input mesh settings-------------------------
-----------------------------------------------------------------------
Memory Working Set Current = 57.72 Mb, Memory Working Set Peak = 57.73 Mb
Memory Private Bytes Current = 58.68 Mb, Memory Private Bytes Peak = 58.68 Mb
Process Threads Number: 14
-----------------------------------------------------------------------
MMP (msh): locals=1, allc_sz=9.41 MB, used_sz=8.72 MB, blks-min-max=27/27
MMP (brx): locals=8, allc_sz=9.03 MB, used_sz=8.20 MB, blks-min-max=8/18
MMP (bcf): locals=0, allc_sz=0.00 MB, used_sz=0.00 MB, blks-min-max=0/0
MMP (xsl): locals=0, allc_sz=0.00 MB, used_sz=0.00 MB, blks-min-max=0/0
NxNyNz = [36, 32, 62]
base_dx=0.20875; 
NxNyNz_reverse = [37, 32, 60]

-----------------------------------------------------------------------
Refining geometries:
-----------------------------------------------------------------------

-----------------------------------------------------------------------
Refining by triangulation...
Refinement input: 71424 bricks
	Checking crit (71424 / 71424)...77 marked (0.047 s)
	Time(refinement): 0.000 s
Setting regions (616 / 71963)...OK (0.001 s)
	Checking crit (0 / 71963)...0 marked (0.002 s)
Refinement result (1 iterations): 71963 bricks (0.058 s)
Refinement input: 71963 bricks
	Checking crit (71347 / 71963)...0 marked (0.004 s)
Refinement result (0 iterations): 71963 bricks (0.005 s)
Collecting and processing rays:
	Adding rays...OK (0.013 s)
	new bricks = 71963 / 71963
	new rays   = 6130 (x=2194, y=2641, z=1295)
	Processing rays...
		Rays process:  0.498 (0.498) s
		Sort xstacks:  0.000 (0.000) s
		Put xstacks:   0.000 (0.000) s
		Total:         0.499 s
	Correcting rays...
		Lame vertices: 0.004 (0.004) s
		Bad rays:      0.000 (0.000) s
		Emit rays:     0.000 (0.000) s
		Correct ray f: 0.000 (0.000) s
		Undef:         0.000 (0.000) s
		Sum:           0.004 (0.004) s
		Total:         0.005 s
	Time (rays): 0.518 s
Capturing (71963 / 71963)...OK (0.004 s)
Refining by triangulation takes 0.586 s
-----------------------------------------------------------------------

-----------------------------------------------------------------------
Refining peculiar surfaces...
Collecting and processing rays:
	Adding rays...OK (0.001 s)
	new bricks = 0 / 71963
	new rays   = 0 (x=0, y=0, z=0)
	Processing rays...
		Rays process:  0.000 (0.000) s
		Sort xstacks:  0.000 (0.000) s
		Put xstacks:   0.000 (0.000) s
		Total:         0.000 s
	Correcting rays...
		Total:         0.000 s
	Time (rays): 0.002 s
Capturing (0 / 71963)...OK (0.001 s)
0 surfaces refined
Refining peculiar surfaces takes 0.003 s
-----------------------------------------------------------------------

-----------------------------------------------------------------------
Base mesh 1 Refining...
Collecting and processing rays:
	Adding rays...OK (0.000 s)
	new bricks = 0 / 71963
	new rays   = 0 (x=0, y=0, z=0)
	Processing rays...
		Rays process:  0.000 (0.000) s
		Sort xstacks:  0.000 (0.000) s
		Put xstacks:   0.000 (0.000) s
		Total:         0.000 s
	Correcting rays...
		Total:         0.000 s
	Time (rays): 0.001 s
Capturing (0 / 71963)...OK (0.002 s)
Refinement input: 71963 bricks
	Checking crit (71347 / 71963)...0 marked (0.002 s)
Refinement result (0 iterations): 71963 bricks (0.003 s)
-----------------------------------------------------------------------
Refining channels...
FYI: CNarrowChannelRefiner::RefineChannels_PRLL
Refinement input: 71963 bricks
	Time(refinement): 0.000 s
Setting regions (144 / 72089)...OK (0.001 s)
Refinement result (1 iterations): 72089 bricks (0.007 s)
Collecting and processing rays:
	Adding rays...OK (0.000 s)
	new bricks = 144 / 72089
	new rays   = 60 (x=9, y=42, z=9)
	Processing rays...
		Rays process:  0.001 (0.001) s
		Sort xstacks:  0.000 (0.000) s
		Put xstacks:   0.000 (0.000) s
		Total:         0.001 s
	Correcting rays...
		Lame vertices: 0.000 (0.000) s
		Bad rays:      0.000 (0.000) s
		Emit rays:     0.000 (0.000) s
		Correct ray f: 0.000 (0.000) s
		Undef:         0.000 (0.000) s
		Sum:           0.000 (0.000) s
		Total:         0.001 s
	Time (rays): 0.003 s
Capturing (144 / 72089)...OK (0.001 s)
FYI: m_iteration_count = 0
FYI: level1 statistics:
     level1_cnt_plus[1]=144;		level1_cnt_minus[1]=0
     level1_cnt_plus[2]=0;		level1_cnt_minus[2]=0
     level1_cnt_plus[3]=0;		level1_cnt_minus[3]=0
     level1_cnt_plus[4]=0;		level1_cnt_minus[4]=0
     level1_cnt_plus[5]=0;		level1_cnt_minus[5]=0
     level1_cnt_plus[6]=0;		level1_cnt_minus[6]=0
     level1_cnt_plus[7]=0;		level1_cnt_minus[7]=0
     level1_cnt_plus[8]=0;		level1_cnt_minus[8]=0
     level1_cnt_plus[9]=0;		level1_cnt_minus[9]=0
Refinement input: 72089 bricks
	Time(refinement): 0.001 s
Setting regions (16 / 72103)...OK (0.001 s)
Refinement result (1 iterations): 72103 bricks (0.008 s)
Collecting and processing rays:
	Adding rays...OK (0.001 s)
	new bricks = 16 / 72103
	new rays   = 0 (x=0, y=0, z=0)
	Processing rays...
		Rays process:  0.000 (0.000) s
		Sort xstacks:  0.000 (0.000) s
		Put xstacks:   0.000 (0.000) s
		Total:         0.000 s
	Correcting rays...
		Total:         0.000 s
	Time (rays): 0.001 s
Capturing (16 / 72103)...OK (0.001 s)
FYI: m_iteration_count = 1
FYI: level1 statistics:
     level1_cnt_plus[1]=160;		level1_cnt_minus[1]=0
     level1_cnt_plus[2]=0;		level1_cnt_minus[2]=0
     level1_cnt_plus[3]=0;		level1_cnt_minus[3]=0
     level1_cnt_plus[4]=0;		level1_cnt_minus[4]=0
     level1_cnt_plus[5]=0;		level1_cnt_minus[5]=0
     level1_cnt_plus[6]=0;		level1_cnt_minus[6]=0
     level1_cnt_plus[7]=0;		level1_cnt_minus[7]=0
     level1_cnt_plus[8]=0;		level1_cnt_minus[8]=0
     level1_cnt_plus[9]=0;		level1_cnt_minus[9]=0
FYI: m_iteration_count = 2
FYI: level1 statistics:
     level1_cnt_plus[1]=160;		level1_cnt_minus[1]=0
     level1_cnt_plus[2]=0;		level1_cnt_minus[2]=0
     level1_cnt_plus[3]=0;		level1_cnt_minus[3]=0
     level1_cnt_plus[4]=0;		level1_cnt_minus[4]=0
     level1_cnt_plus[5]=0;		level1_cnt_minus[5]=0
     level1_cnt_plus[6]=0;		level1_cnt_minus[6]=0
     level1_cnt_plus[7]=0;		level1_cnt_minus[7]=0
     level1_cnt_plus[8]=0;		level1_cnt_minus[8]=0
     level1_cnt_plus[9]=0;		level1_cnt_minus[9]=0
FYI: level1 statistics:
     level1_cnt_plus[1]=160;		level1_cnt_minus[1]=0
     level1_cnt_plus[2]=0;		level1_cnt_minus[2]=0
     level1_cnt_plus[3]=0;		level1_cnt_minus[3]=0
     level1_cnt_plus[4]=0;		level1_cnt_minus[4]=0
     level1_cnt_plus[5]=0;		level1_cnt_minus[5]=0
     level1_cnt_plus[6]=0;		level1_cnt_minus[6]=0
     level1_cnt_plus[7]=0;		level1_cnt_minus[7]=0
     level1_cnt_plus[8]=0;		level1_cnt_minus[8]=0
     level1_cnt_plus[9]=0;		level1_cnt_minus[9]=0

-----------------------------------------------------------------------
U-shapes refinement...
Refinement input: 72103 bricks
	Checking crit (71327 / 72103)...14 marked (0.006 s)
	Time(refinement): 0.000 s
Setting regions (112 / 72201)...OK (0.001 s)
	Checking crit (0 / 72201)...0 marked (0.001 s)
Refinement result (1 iterations): 72201 bricks (0.014 s)
Collecting and processing rays:
	Adding rays...OK (0.000 s)
	new bricks = 112 / 72201
	new rays   = 80 (x=26, y=36, z=18)
	Processing rays...
		Rays process:  0.001 (0.001) s
		Sort xstacks:  0.000 (0.000) s
		Put xstacks:   0.000 (0.000) s
		Total:         0.001 s
	Correcting rays...
		Lame vertices: 0.001 (0.001) s
		Bad rays:      0.000 (0.000) s
		Emit rays:     0.000 (0.000) s
		Correct ray f: 0.000 (0.000) s
		Undef:         0.000 (0.000) s
		Sum:           0.001 (0.001) s
		Total:         0.001 s
	Time (rays): 0.003 s
Capturing (112 / 72201)...OK (0.001 s)
-----------------------------------------------------------------------

-----------------------------------------------------------------------
Equi Distant Refiner:
Equi Distant Refiner takes 0.00 s
-----------------------------------------------------------------------

/-Ray Intersection---------------/ Time	3.905 s
Calls                6270
CorrectRay Calls     0



-----------------------------------------------------------------------
Refining geometries takes 0.688 s
-----------------------------------------------------------------------
-----------------------------------------------------------------------
Memory Working Set Current = 64.68 Mb, Memory Working Set Peak = 64.69 Mb
Memory Private Bytes Current = 65.35 Mb, Memory Private Bytes Peak = 65.35 Mb
Process Threads Number: 14
-----------------------------------------------------------------------
Defect ray count	0
FYI: CNarrowChannelRefiner::RedistributeLevel1_step_1: is started
FYI: CNarrowChannelRefiner::RedistributeLevel1_step_1: is finished (0.001 s)
FYI: level1 statistics:
     level1_cnt_plus[1]=160;		level1_cnt_minus[1]=0
     level1_cnt_plus[2]=0;		level1_cnt_minus[2]=0
     level1_cnt_plus[3]=0;		level1_cnt_minus[3]=0
     level1_cnt_plus[4]=0;		level1_cnt_minus[4]=0
     level1_cnt_plus[5]=0;		level1_cnt_minus[5]=0
     level1_cnt_plus[6]=0;		level1_cnt_minus[6]=0
     level1_cnt_plus[7]=0;		level1_cnt_minus[7]=0
     level1_cnt_plus[8]=0;		level1_cnt_minus[8]=0
     level1_cnt_plus[9]=0;		level1_cnt_minus[9]=0
FYI: CNarrowChannelRefiner::RedistributeLevel1_step_2: is started
FYI: CNarrowChannelRefiner::RedistributeLevel1_step_2: is finished (0.033 s)
FYI: level1 statistics:
     level1_cnt_plus[1]=160;		level1_cnt_minus[1]=0
     level1_cnt_plus[2]=0;		level1_cnt_minus[2]=0
     level1_cnt_plus[3]=0;		level1_cnt_minus[3]=0
     level1_cnt_plus[4]=0;		level1_cnt_minus[4]=0
     level1_cnt_plus[5]=0;		level1_cnt_minus[5]=0
     level1_cnt_plus[6]=0;		level1_cnt_minus[6]=0
     level1_cnt_plus[7]=0;		level1_cnt_minus[7]=0
     level1_cnt_plus[8]=0;		level1_cnt_minus[8]=0
     level1_cnt_plus[9]=0;		level1_cnt_minus[9]=0
FYI: CNarrowChannelRefiner::RedistributeLevel1_step_3: is started
FYI: CNarrowChannelRefiner::RedistributeLevel1_step_3: is finished (0.008 s)
RedistributeLevel1 takes:
FYI: level1 statistics:
     level1_cnt_plus[1]=160;		level1_cnt_minus[1]=156
     level1_cnt_plus[2]=0;		level1_cnt_minus[2]=0
     level1_cnt_plus[3]=0;		level1_cnt_minus[3]=0
     level1_cnt_plus[4]=0;		level1_cnt_minus[4]=0
     level1_cnt_plus[5]=0;		level1_cnt_minus[5]=0
     level1_cnt_plus[6]=0;		level1_cnt_minus[6]=0
     level1_cnt_plus[7]=0;		level1_cnt_minus[7]=0
     level1_cnt_plus[8]=0;		level1_cnt_minus[8]=0
     level1_cnt_plus[9]=0;		level1_cnt_minus[9]=0
-----------------------------------------------------------------------
MSH format builder (Iteration 0)
-----------------------------------------------------------------------
Memory Working Set Current = 66.22 Mb, Memory Working Set Peak = 66.23 Mb
Memory Private Bytes Current = 67.04 Mb, Memory Private Bytes Peak = 67.04 Mb
Process Threads Number: 14
-----------------------------------------------------------------------
Total bricks count: 72201
-----------------------------------------------------------------------
MSH (Real Geometry) format constructor:
	Geom    Count = 2
	Bodyset Count = 2
	3D task
	Getting brick sets...OK (0.002 s)

	Min x-stack xeps = 0.000134832
	D / dh / eps [axis=0] = (7.80743, 0.0870243, 4.49439e-05)
	D / dh / eps [axis=1] = (6.62224, 0.0772595, 4.49439e-05)
	D / dh / eps [axis=2] = (12.5507, 0.0893468, 4.49439e-05)
	Time (xeps): 0.001 s
Level 1
	Set (0)  size: 444
	Set (0)  time: 0.011 s
	Set (1)  size: 444
	Set (1)  time: 0.009 s
Level 0
	Set (0)  size: 35657
	Set (0)  time: 0.030 s
	Set (1)  size: 35656
	Set (1)  time: 0.030 s

	Spread npq bricks...0 marked (0.001 s)

Result:
	Bricks number:                        72201

	Memory usage:                         1.313 MB
	Memory usage (per brick):             0.019 KB
	Construction time:                    0.085 s

	Topology features:
	------------------
	- High quality bricks                  100.00 % (72201)
	- Medium quality bricks                  0.00 % (0)
	- Bad quality bricks                     0.00 % (0)
	- NPQ bricks                             0.00 % (2)
	- Type-1 bricks                          1.49 % (1078)
	- Ribs corrected bricks                  0.00 % (0)
	- Points with geom-info (bricks)         0.00 % (0)
	- Points with closest-info (bricks)      0.00 % (0)
	- Triangulated by center (bricks)        0.00 % (2)
	- Facet w-faces mergings (bricks)        0.00 % (0)
	- To refine (bricks)                     0.00 % (0)
	- Points-count                           0.00 % (0)
	- T-self-intersection-all (bricks)       0.00 % (0)
	- T-self-intersection-simple (bricks)    0.00 % (0)
	- T-self-intersection-complex (bricks)   0.00 % (0)
	- NPQ by reason 1 u-shape                0.00 % (0)
	- NPQ by reason 2 tri-by-ctr             0.00 % (2)
	- NPQ by reason 3 ray-correction         0.00 % (0)
	- NPQ by reason 4 t-self-intersection    0.00 % (0)
	- NPQ by reason 5 non-good               0.00 % (0)
	- NPQ by reason 6 npq-worker             0.00 % (0)

-----------------------------------------------------------------------
Memory Working Set Current = 72.05 Mb, Memory Working Set Peak = 72.06 Mb
Memory Private Bytes Current = 71.79 Mb, Memory Private Bytes Peak = 71.79 Mb
Process Threads Number: 14
-----------------------------------------------------------------------
-----------------------------------------------------------------------
msh-iterations: 1
-----------------------------------------------------------------------
high---q-brick-count = 100.00 % (72201 72201)
medium-q-brick-count =   0.00 % (72201 0)
bad----q-brick-count =   0.00 % (72201 0)
np-----q-brick-count =   0.00 % (72201 2)
-----------------------------------------------------------------------
Free brick parser storage...OK(0.001 s)
-----------------------------------------------------------------------
Memory Working Set Current = 72.11 Mb, Memory Working Set Peak = 72.11 Mb
Memory Private Bytes Current = 71.79 Mb, Memory Private Bytes Peak = 71.79 Mb
Process Threads Number: 14
-----------------------------------------------------------------------
-----------------------------------------------------------------------
MSH --> BCF format (Iteration 0)...
BCF collector...(remove mode=0)
	Time (alloc counter per brick): 0.002 s
	Brick    count: 72201
	Av.f all count: 72117
	Av.s all count: 1327
	Av.f pid count: 1241
	Av.s pid count: 1080
	Faces fs count: 2948
	Faces ff count: 0
	Faces ss count: 0
	Faces bb count: 0
	Faces fe count: 10736
	Faces se count: 0
	Faces fw count: 13684
	Faces af count: 211066
	Faces as count: 3375
	Time (all count): 	0.006 s
	Time (bcf alloc): 	0.001 s
	Time (shifts alloc): 	0.004 s
	Time (shifts init): 	0.004 s
	Time (bcf fill): 	0.014 s
	Time (add av to faces): 0.001 s
	Time (add faces to av): 0.007 s
Time (bcf collect): 		0.041 s
	AV checker...
		Hole marker...
			Subdomains:               1.
			Subdomains (cond):        1.
			Time (sd):      0.018 s.
			Time (sd_cond): 0.021 s.
			Time (potential-hole marking): 	0.001 s
			Time (hole checking): 0.000 s.
			0 av(s) are marked to fill subdomain holes.
		Time (hole marker): 0.042 s.
	Time (check av): 	0.070 s
	Subdomain checker...
		Subdomains construction time: 0.019 s.
		Subdomains sort time: 0.000 s.
			Subdomain 0 (geom_ind=0): 72117 av
			Subdomain 1 (geom_ind=1): 1327 av
		gi: 0, real bodies: 1
		gi: 0, subdomains:  1
		gi: 1, real bodies: 0
		gi: 1, subdomains:  1
		Defect subdomains: 0
	Time (check subdoms): 	0.022 s
Time (bcf iteration total): 	0.134 s
	Time (fw-nb): 		0.001 s
	Fixed mutual fw-nb:     2250 (bb: 0)
	Time (fw-nb mutual): 	0.002 s
	Time (fw-nb sort): 	0.000 s
	Fw-opt BEFORE total:    13684 (fs=2948, ff=0, ss=0)
	Fw-opt AFTER  total:    12522 (fs=1786, ff=0, ss=0, failed fw/br=2/0, big_curv=10, big_poly=0)
	Fw-opt RESULT:          1162 (res/(fs+ff+ss) = 39.42 %)
	Time (fw-opt): 		0.003 s
	Time (fw-re-order): 	0.002 s
	Time (fw-nb): 		0.005 s
	Fixed mutual fw-nb:     25122 (bb: 0)
	Time (fw-nb mutual): 	0.002 s
	Time (fw-nb sort): 	0.000 s
	Time (rfd fix): 	0.000 s
	Time (av convexity): 	0.001 s
	Time (av small volume): 0.000 s
	Time (diagonal fw-nb): 	0.014 s
	Fixed mutual fw-nb:     0 (bb: 0)
	Time (fw-nb mutual): 	0.002 s
	Time (fw-nb sort): 	0.001 s
	Fluid subdomains: 1
	Faces fw-nb diff sd:    0
	Time (fw-nb diff sd): 	0.020 s
Time (bcf calc): 		0.061 s
-----------------------------------------------------------------------
Time (bcf total): 		0.195 s
-----------------------------------------------------------------------
bcf-iterations: 1
-----------------------------------------------------------------------
-----------------------------------------------------------------------
Mega-cv constructor for fluid...
	 0 av's is treated as thin
Relative size generator (threshold = 0.05)...
	Iteration 1 (small cluster count = 132)
	Iteration 2 (small cluster count = 62)
	Iteration 3 (small cluster count = 8)
	Iteration 4 (small cluster count = 2)
	Iteration 5 (small cluster count = 0)
	 128 mega-cv's generated
	 0 mega-cv's removed
Relative size generator is completed OK (0.006 s)
Apply fa-rules to mega-cv clusters fixes...
	Fa-rule violation fixes:        4 of        4 (total cluster# =      129)
OK (0.001 s)
There are 2 clusters with nbrs connected in more than one axis
Convert clusters:
	 128 mega-cv's total
Mega-cv count: 128
Time (mega-cv fill): 	0.000 s
Time (mega-cv total): 	0.035 s
-----------------------------------------------------------------------
Mixing plane rotation regions: NO.
Sliding mesh rotation regions: NO.
Fluid/fluid faces: NO.
-----------------------------------------------------------------------
Memory Working Set Current = 91.52 Mb, Memory Working Set Peak = 102.20 Mb
Memory Private Bytes Current = 108.82 Mb, Memory Private Bytes Peak = 108.82 Mb
Process Threads Number: 14
-----------------------------------------------------------------------
----------------------------------------------------------
BCF --> BCF.GEOMSUBDOM (bridge arrays):
MESH (0):
	Fluid Subdom Constructor: 1 subdom(s).
	Solid Subdom Constructor: 1 subdom(s).
	Net Asm Subdom Constructor: 0 subdom(s).
	GEOMSUBDOM (0): gi=0 Fluid av=72117 cv=71983 fa=211066 fb=0 fw=12522 V=6.467609e+02
	Cache data...OK
	GEOMSUBDOM (1): gi=1 Solid av=1327 cv=1327 fa=3375 fb=0 fw=1786 V=2.144289e+00
	Cache data...OK
	Setting nb of w-faces...OK (0.002 s).
	Correcting nb of w-faces...
	Time(correct_fw_nb)=0.004 s

MESH (0) checking:
	GEOMSUBDOM (0):fa_s=9069.8548720726157626 fb_s=0.0000000000000000 fw_s=486.2700490180667430 fw_nb=100096
	              :d_const(51876)=4.90762e-13 d_linear(64489)=2.73188e-12
	GEOMSUBDOM (1):fa_s=40.2098369277867320 fb_s=0.0000000000000000 fw_s=20.6595907169655710 fw_nb=14232
	              :d_const(167)=1.84771e-12 d_linear(29)=1.26914e-11
MESH (0) checking: OK.
Time (MDS): 	0.153 s
----------------------------------------------------------
-----------------------------------------------------------------------
Memory Working Set Current = 113.60 Mb, Memory Working Set Peak = 113.61 Mb
Memory Private Bytes Current = 129.45 Mb, Memory Private Bytes Peak = 129.45 Mb
Process Threads Number: 14
-----------------------------------------------------------------------

-----------------------------------------------------------------------
BCF CHECKSUM DATA (Mesh 0):

BRICK |Level1| Sum:               316
FACE_A Area Sum:   G.Fluid        9069.8548720726175816
FACE_A Area Sum:   G.Solid        40.2098369277867249
FACE_W Area Sum:                  486.2700490180667430
FACE_W Nb   Sum:                  100096
FACE_W min curvatures sum:        -3928.40668048
FACE_W max curvatures sum:        2665.54602679
AV Max Disbalance(Const) :        1.84772e-12 (cid=35344, t={46, 30, 61}, avid=72457, pid=300)
AV Max Disbalance(Linear):        1.26914e-11 (cid=35313, t={25, 30, 61}, avid=72430, pid=283)
-----------------------------------------------------------------------


-----------------------------------------------------------------------
MESHER TOPOLOGY DATA:

BRICKS: Total                 72201
BRICKS: Fluid                 71954
BRICKS: Fluid Partial         1078
BRICKS: Type 1                1078
BRICKS: Max AV number         3

AV:     G.Total               73444
AV:     G.Fluid               72117
AV:     G.Solid               1327

AV:     G.Fluid Thin Profile    0.00 % (2)
AV:     G.Solid Thin Profile   12.28 % (163)

AV:     G.Fluid Thin For Mega   0.00 % (0)
AV:     G.Solid Thin For Mega  10.93 % (145)

AV:     G.Fluid Non-Convex      0.83 % (595)
AV:     G.Solid Non-Convex     35.57 % (472)

AV:     G.Fluid Non-Ess-Convex      0.43 % (307)
AV:     G.Solid Non-Ess-Convex     10.55 % (140)

FACE_A: G.Fluid          (af) 211066 (partially opened 2582)
FACE_A: G.Solid          (as) 3375 (partially opened 2253)

FACE_B: G.Total          (b)  0

FACE_W: G.Total                 12522       Brick/Bound
FACE_W: G.Fluid/Solid    (fs_g) 1786        0           
FACE_W: G.Fluid/Fluid    (ff_g) 0           0           
FACE_W: G.Solid/Solid    (ss_g) 0           0           
FACE_W: G.Fluid/Void     (fv_g) 0           0           
FACE_W: G.Fluid/External (fe_g) 10736
FACE_W: G.Solid/External (se_g) 0

AV/CV max fa count (on brick side):6
AV/CV max fw count:                6
AV/CV max fb count:                0
AV/CV max fw poly count:           16

MEMORY: Total                   21.598 MB
MEMORY: Per Brick               0.306 KB
-----------------------------------------------------------------------

-----------------------------------------------------------------------
Connectivities information:
	Number of conns: 0
-----------------------------------------------------------------------
	Time (gap size): 	0.036 s
-----------------------------------------------------------------------
Memory Working Set Current = 113.63 Mb, Memory Working Set Peak = 113.64 Mb
Memory Private Bytes Current = 129.45 Mb, Memory Private Bytes Peak = 129.45 Mb
Process Threads Number: 14
-----------------------------------------------------------------------
-----------------------------------------------------------------------
Calculating curvature and tolerance criteria...
Curvature: min=0 (cid=0) max=3.14159 (cid=50563)
Tolerance: min=0 (cid=0) max=0.0918172 (cid=26057)
Calculating curvature and tolerance criteria takes 0.058 s
-----------------------------------------------------------------------
MESH Build(FS) finished. Time=1.372 s
-----------------------------------------------------------------------
Current CPU = 1 sec

Nx=36
Ny=32
Nz=62
Max BRICK Level=1
Mesh Level=1
-----------------CModelBodies2MeshMapper::CollectData started -------------------------------
	Time (collect mesh base data): 0.001 s.
	Time (collect model bodies mapping): 0.000 s.
	Time (collect positive bodies mapping): 0.000 s.
	Time (collect fluid bodies mapping): 0.000 s.
-----------------CModelBodies2MeshMapper Report -------------------------------
FluidDomains 1 SolidDomains 1 VoidDomains 0 
Domains RefIndexes
----------------- -------------------------------
	ModelBodies
Total resolved Bodies 0 BodySets 0

--------------------------------------------------------------------------
	Positive geometry Bodies
Total resolved Bodies 1 BodySets 1
BodySet 0
	Bodies list:
			#0	Name: ;	ID: c1abbc9f-6b3b-49cb-8fd7-ab1983fe6b74
	Domains list:mesh type	 (0, 1)		 0 


--------------------------------------------------------------------------
	Fluid regions
Total resolved Bodies 1 BodySets 1
BodySet 0	Material: Air; 
	Bodies list:
			#0	Name: ;	ID: c1abbc9f-6b3b-49cb-8fd7-ab1983fe6b74
	Domains list:mesh type	 (0, 1)		 0 


--------------------------------------------------------------------------
Collect data takes...0.002 s
-----------------CModelBodies2MeshMapper::CollectData finished successfully-------------------
Saving initial mesh in: D:\GitHub\Mechanical\SeattleSolarCar2024-2025\Aeroshells\new Atticus aero models\41n smaller back - Copy\1\1.fld .
Storing results...
	Estimated CPT size=8.028 MB.
	Time (write bcf): 0.246 s
Storing results takes 0.254 s
-----------------------------------------------------------------------
Memory Working Set Current = 113.99 Mb, Memory Working Set Peak = 113.99 Mb
Memory Private Bytes Current = 129.45 Mb, Memory Private Bytes Peak = 129.45 Mb
Process Threads Number: 14
-----------------------------------------------------------------------
Cleaning memory...
-----------------------------------------------------------------------
Start to free mesher data...
MMP (msh): locals=7, allc_sz=9.56 MB, used_sz=8.83 MB, blks-min-max=1/27
MMP (brx): locals=8, allc_sz=10.40 MB, used_sz=9.48 MB, blks-min-max=10/18
MMP (bcf): locals=8, allc_sz=31.94 MB, used_sz=30.92 MB, blks-min-max=9/40
MMP (xsl): locals=8, allc_sz=0.12 MB, used_sz=0.07 MB, blks-min-max=1/1
Free xsl...            OK	Time=0.000 s
Free ray collector...  OK	Time=0.000 s
Free ray intersector...OK	Time=0.000 s
Free body sets...      OK	Time=0.007 s
Free Geometry DB takes 0.000 s
Free mesh conn...      OK	Time=0.000 s
Free geomsd...         OK	Time=0.000 s
Free mbricks...        OK	Time=0.002 s
Free hash info...      OK	Time=0.002 s
Free bricks-x...       OK	Time=0.001 s
Free bcf...            OK	Time=0.004 s
Free mesh h...         OK	Time=0.000 s
Free bricks arr..      OK	Time=0.000 s
Free bricks tree...    OK	Time=0.000 s
Free mesh pools...     OK	Time=0.006 s
Free bodies mapper...  OK	Time=0.000 s
Free geom crits...     OK	Time=0.000 s
Free cpt regions...    OK	Time=0.000 s
Free peculiar surfs... OK	Time=0.000 s
Free sw-geometries...  OK	Time=0.000 s
Total free mesher data time: 0.025 s
-----------------------------------------------------------------------
Copying... OK
CPT size=2.504 MB (2625273 bytes).
Mesh generation normally finished at	24.3.2025	15:26:0
Mesher CPU = 2 sec
Mesher is finished at	24.3.2025	15:26:0
-----------------------------------------------------------------------
Memory Working Set Current = 32.16 Mb, Memory Working Set Peak = 113.99 Mb
Memory Private Bytes Current = 47.64 Mb, Memory Private Bytes Peak = 129.45 Mb
Process Threads Number: 14
-----------------------------------------------------------------------
Algebra Pool      : mem_usage = 2.06 Mb, allocated count = 0
-----------------------------------------------------------------------
Memory Working Set Current = 30.21 Mb, Memory Working Set Peak = 113.99 Mb
Memory Private Bytes Current = 45.63 Mb, Memory Private Bytes Peak = 129.45 Mb
Process Threads Number: 14
Process Threads Number Peak: 14
-----------------------------------------------------------------------
Log ended at 24.03.2025	15:26:00
