Log started at 20.03.2025	17:47:17
Number of used processors (NPROC): 20.
Number of mesh partitions (NPART): 20.
Total Physical Memory = 15.64 Gb, Available Physical Memory = 4.81 Gb
Computer name:	AVI435853SN
Operating system:	Windows 11 (or higher) (Version 10.0.22631)

Commandline:	"C:\Program Files\SOLIDWORKS Corp\SOLIDWORKS Flow Simulation\BINCFW\efdsolver.exe" /config:"C:\Users\5014070\Documents\GitHub\Mechanical\SeattleSolarCar2024-2025\Aeroshells\new Atticus aero models\44n curved array low nose lowish back\6\6.xmlconfig" /guid:ee817487-679f-4532-a4eb-da6292def070 /processors:max /m /s /prjnamelm:"Flow Simulation 2023" /prjnamehabout:"Flow Simulation 2023" /companyname:"COSMOS Applications" /prjaliasid:1009 /lang:English /port:56181

SOLIDWORKS 2023 SP2.1
Flow Simulation 2023  x64 / 5965

Project: C:\Users\5014070\Documents\GitHub\Mechanical\SeattleSolarCar2024-2025\Aeroshells\new Atticus aero models\44n curved array low nose lowish back\6\6.xmlconfig
Configuration name: Default
Project name: Project(1)
Problem type: external-with-void-internal-space-type
Exclude cavities without flow conditions: ON
NGK: OFF
MBO: OFF
-----------------------------------------------------------------------
Mesher option run = eRunMesherNormal
-----------------------------------------------------------------------

Mesh generation started:	20.3.2025	17:47:17
-----------------------------------------------------------------------
Memory Working Set Current = 16.12 Mb, Memory Working Set Peak = 16.12 Mb
Memory Private Bytes Current = 16.03 Mb, Memory Private Bytes Peak = 16.03 Mb
Process Threads Number: 7
-----------------------------------------------------------------------
Mesher adjust APD = OFF; AdjustAPD_method=0; N_per_Channel = 0; N2_per_Channel = 0
Current CPU = 0 sec
-----------------------------------------------------------------------
Geometries initialization:
-----------------------------------------------------------------------
Loading mesh settings (global/local)...
-----------------------------------------------------------------------
Number of geometries from DB: 1
Geometry(0):
	Guid = {00000000-0000-0000-0000-000000000000}
	Fluid..
	1 Body.
	1 Real body.
	-- Bodyset 0 --
		Tolerance=0.000475199.
		49 Face(s).
			49 of b-spline type.
		0 Face(s) that have no ref faces
		30 Plane surface(s).
		4 Cylinder surface(s).
		7 B- surface(s).
		8 Extrude surface(s).
		28396 Triangle(s).
		Getting triangle connectivities from DB: 0.003 s
		126 Edge(s).
			126 of b-spline type.
		BodyGeom reading: 0.097 s.
		28396 Reference Triangles.
		Getting triangle connectivities from DB (Ref): 0.002 s
		BodyGeom Ref reading: 0.005 s.
Geometry(1):
	Solid.
	-- Bodyset 1 --
	Empty
-----------------------------------------------------------------------
Number of geometries in task: 2
	G : 0	Type: Fluid
	G : 1	Type: Solid
Number of bodysets   in task: 2
-----------------------------------------------------------------------
BodySet (0):
	Making hash and connectivity for Bodyset ...
		CBodyGeom:
		Hash size: {36, 32, 248}.
		Mesh size: {36, 32, 62}.
		Hashing triangles...Ok.
			axis(0) tr sizes: average=25 max=231
			axis(1) tr sizes: average=18 max=193
			axis(2) tr sizes: average=106 max=402
		Number of t-connected sets:1 (cavity=0)
		CBodyGeomRef:
		Hashing triangles...Ok.
			axis(0) tr sizes: average=46 max=398
			axis(1) tr sizes: average=36 max=322
			axis(2) tr sizes: average=101 max=398
	0.0233 s.
Geometries reading and preparing has taken 0.136 s.
-----------------------------------------------------------------------
Mapped triangles:
Hashing rough geometry(bodies) triangulation:
BodySet (0):
	Triangles num=28396
	Triangles box={-0.319085 ,1.48091 ,-1.05168 ,-0.101501 ,-1.72918 ,3.24482}
		3d-hash size is 473152 bytes
BodySet (1):
no log info (empty stream)

Mapped triangles processed in 0.025 s.
-----------------------------------------------------------------------
-----------------------------------------------------------------------
Getting sectors:
Number of sectors: 0
-----------------------------------------------------------------------
-----------------------------------------------------------------------
Bodies:     2
Faces:      49
Edges:      126
Triangles:  28396
-----------------------------------------------------------------------

Current CPU = 0 sec
-----------------------------------------------------------------------
Memory Working Set Current = 42.43 Mb, Memory Working Set Peak = 48.48 Mb
Memory Private Bytes Current = 40.95 Mb, Memory Private Bytes Peak = 46.93 Mb
Process Threads Number: 26
-----------------------------------------------------------------------
-----------------------------------------------------------------------
Checking faces on CD...
FCD = [0 0 0 0 0 0]
FCD_conflicts = 0
Time (check faces on CD)=0.001 s
-----------------------------------------------------------------------

-----------------------------------------------------------------------
Mesh dimensions:
				I[0 ]=36
				I[1 ]=32
				I[2 ]=62

Comp. domain size:
				a[0  ]=-3.33318
				a[1  ]=4.49639
				a[2  ]=-3.90309
				a[3  ]=2.7497
				a[4  ]=-6.48117
				a[5  ]=6.10444

Fluid calculated			1
Solid calculated			0
-----------------------------------------------------------------------
MESH Build started...
-----------------------------------------------------------------------
Mesh LEVEL = 1
-----------------------------------------------------------------------
-----------------------------------------------------------------------
CPT-mode xeps:
	D / dh / eps [axis=0] = (7.82957, 0.086859, 8.6859e-05)
	D / dh / eps [axis=1] = (6.65279, 0.0776152, 7.76152e-05)
	D / dh / eps [axis=2] = (12.5856, 0.089376, 8.9376e-05)
-----------------------------------------------------------------------
Initial allocation and brick-body-box intersection...OK (0.001 s)
Initial triangle brick intersection...OK (0.001 s)
Setting regions (71424 / 71424)...OK (0.001 s)
-----------------------------------------------------------------------
Base mesh info:
	3D task
	Nx=36
	Ny=32
	Nz=62
	N(Nx*Ny*Nz) = 1152
	Period    axis=[0, 0, 0]
	Symmetry  ni=[0 0 0 0 0 0]
	ZoomingBC ni=[0 0 0 0 0 0]
	Nx=36
		x[0]=-3.33318
		x[1]=-3.02221
		x[2]=-2.72658
		x[3]=-2.44543
		x[4]=-2.17806
		x[5]=-1.9238
		x[6]=-1.68199
		x[7]=-1.45204
		x[8]=-1.23335
		x[9]=-1.02538
		x[10]=-0.827608
		x[11]=-0.639524
		x[12]=-0.460658
		x[13]=-0.28694
		x[14]=-0.113221
		x[15]=0.060499
		x[16]=0.234219
		x[17]=0.407938
		x[18]=0.581658
		x[19]=0.755377
		x[20]=0.929097
		x[21]=1.10282
		x[22]=1.27654
		x[23]=1.45026
		x[24]=1.62398
		x[25]=1.80287
		x[26]=1.99098
		x[27]=2.18878
		x[28]=2.39676
		x[29]=2.61546
		x[30]=2.84543
		x[31]=3.08724
		x[32]=3.34151
		x[33]=3.60888
		x[34]=3.89002
		x[35]=4.18564
		x[36]=4.49639
	Ny=32
		y[0]=-3.90309
		y[1]=-3.61161
		y[2]=-3.33434
		y[3]=-3.0705
		y[4]=-2.81944
		y[5]=-2.58055
		y[6]=-2.35324
		y[7]=-2.13695
		y[8]=-1.93113
		y[9]=-1.73529
		y[10]=-1.54894
		y[11]=-1.37163
		y[12]=-1.2029
		y[13]=-1.04235
		y[14]=-0.88712
		y[15]=-0.731888
		y[16]=-0.576656
		y[17]=-0.421424
		y[18]=-0.266193
		y[19]=-0.110961
		y[20]=0.0495772
		y[21]=0.218294
		y[22]=0.395607
		y[23]=0.581952
		y[24]=0.777789
		y[25]=0.983604
		y[26]=1.1999
		y[27]=1.42722
		y[28]=1.66612
		y[29]=1.91719
		y[30]=2.18105
		y[31]=2.45835
		y[32]=2.7497
	Nz=62
		z[0]=-6.48117
		z[1]=-6.1767
		z[2]=-5.88641
		z[3]=-5.60959
		z[4]=-5.3456
		z[5]=-5.09386
		z[6]=-4.85379
		z[7]=-4.62486
		z[8]=-4.40654
		z[9]=-4.19835
		z[10]=-3.99981
		z[11]=-3.81049
		z[12]=-3.62994
		z[13]=-3.44694
		z[14]=-3.26394
		z[15]=-3.08094
		z[16]=-2.89794
		z[17]=-2.71493
		z[18]=-2.53193
		z[19]=-2.34893
		z[20]=-2.16593
		z[21]=-1.98293
		z[22]=-1.79993
		z[23]=-1.61693
		z[24]=-1.43393
		z[25]=-1.25093
		z[26]=-1.06793
		z[27]=-0.884929
		z[28]=-0.701929
		z[29]=-0.518928
		z[30]=-0.335928
		z[31]=-0.152927
		z[32]=0.0300734
		z[33]=0.213074
		z[34]=0.396074
		z[35]=0.579075
		z[36]=0.762076
		z[37]=0.940828
		z[38]=1.11958
		z[39]=1.29833
		z[40]=1.47709
		z[41]=1.65584
		z[42]=1.83459
		z[43]=2.01335
		z[44]=2.1921
		z[45]=2.37085
		z[46]=2.54961
		z[47]=2.72836
		z[48]=2.90711
		z[49]=3.08586
		z[50]=3.26462
		z[51]=3.44337
		z[52]=3.63018
		z[53]=3.82642
		z[54]=4.03258
		z[55]=4.24916
		z[56]=4.47667
		z[57]=4.71568
		z[58]=4.96676
		z[59]=5.23053
		z[60]=5.50763
		z[61]=5.79872
		z[62]=6.10444
-----------------------------------------------------------------------
Input_mesh_settings--------------------------------
Settings 0----------------
	Scope: GLOBAL
	Type:	------MESHER_SETTINGS----------
	RefAllCells           =0
	RefFluidCells         =0
	RefPartCells          =0
	RefSolidCells         =0
	l_SSFR(Capture crit)  =1
	l_curv(Curvature crit)=0
	l_tol(Tolerance crit) =0
	UseChannelRef         =1
	  NCR_method          =0
	  l_NCR               =1
	  N_gap               =5
	  Use d_NCR_min       =0
	  Use d_NCR_max       =0
	CloseThinSlotsHeight         =0
	--END_OF_MESHER_SETTINGS-------
End of input mesh settings-------------------------
-----------------------------------------------------------------------
Memory Working Set Current = 59.26 Mb, Memory Working Set Peak = 59.26 Mb
Memory Private Bytes Current = 59.57 Mb, Memory Private Bytes Peak = 59.57 Mb
Process Threads Number: 26
-----------------------------------------------------------------------
MMP (msh): locals=1, allc_sz=9.41 MB, used_sz=8.72 MB, blks-min-max=27/27
MMP (brx): locals=20, allc_sz=9.35 MB, used_sz=8.20 MB, blks-min-max=3/15
MMP (bcf): locals=0, allc_sz=0.00 MB, used_sz=0.00 MB, blks-min-max=0/0
MMP (xsl): locals=0, allc_sz=0.00 MB, used_sz=0.00 MB, blks-min-max=0/0
NxNyNz = [36, 32, 62]
base_dx=0.209461; 
NxNyNz_reverse = [37, 32, 60]

-----------------------------------------------------------------------
Refining geometries:
-----------------------------------------------------------------------

-----------------------------------------------------------------------
Refining by triangulation...
Refinement input: 71424 bricks
	Checking crit (71424 / 71424)...116 marked (0.010 s)
	Time(refinement): 0.000 s
Setting regions (928 / 72236)...OK (0.000 s)
	Checking crit (0 / 72236)...0 marked (0.000 s)
Refinement result (1 iterations): 72236 bricks (0.014 s)
Refinement input: 72236 bricks
	Checking crit (71308 / 72236)...0 marked (0.001 s)
Refinement result (0 iterations): 72236 bricks (0.001 s)
Collecting and processing rays:
	Adding rays...OK (0.005 s)
	new bricks = 72236 / 72236
	new rays   = 6234 (x=2259, y=2653, z=1322)
	Processing rays...
		Rays process:  0.088 (0.088) s
		Sort xstacks:  0.000 (0.000) s
		Put xstacks:   0.000 (0.000) s
		Total:         0.089 s
	Correcting rays...
		Lame vertices: 0.001 (0.001) s
		Bad rays:      0.000 (0.000) s
		Emit rays:     0.000 (0.000) s
		Correct ray f: 0.000 (0.000) s
		Undef:         0.000 (0.000) s
		Sum:           0.001 (0.001) s
		Total:         0.002 s
	Time (rays): 0.097 s
Capturing (72236 / 72236)...OK (0.001 s)
Refining by triangulation takes 0.113 s
-----------------------------------------------------------------------

-----------------------------------------------------------------------
Refining peculiar surfaces...
Collecting and processing rays:
	Adding rays...OK (0.000 s)
	new bricks = 0 / 72236
	new rays   = 0 (x=0, y=0, z=0)
	Processing rays...
		Rays process:  0.000 (0.000) s
		Sort xstacks:  0.000 (0.000) s
		Put xstacks:   0.000 (0.000) s
		Total:         0.000 s
	Correcting rays...
		Total:         0.000 s
	Time (rays): 0.001 s
Capturing (0 / 72236)...OK (0.000 s)
0 surfaces refined
Refining peculiar surfaces takes 0.002 s
-----------------------------------------------------------------------

-----------------------------------------------------------------------
Base mesh 1 Refining...
Collecting and processing rays:
	Adding rays...OK (0.000 s)
	new bricks = 0 / 72236
	new rays   = 0 (x=0, y=0, z=0)
	Processing rays...
		Rays process:  0.000 (0.000) s
		Sort xstacks:  0.000 (0.000) s
		Put xstacks:   0.000 (0.000) s
		Total:         0.000 s
	Correcting rays...
		Total:         0.000 s
	Time (rays): 0.001 s
Capturing (0 / 72236)...OK (0.000 s)
Refinement input: 72236 bricks
	Checking crit (71308 / 72236)...0 marked (0.000 s)
Refinement result (0 iterations): 72236 bricks (0.000 s)
-----------------------------------------------------------------------
Refining channels...
FYI: CNarrowChannelRefiner::RefineChannels_PRLL
Refinement input: 72236 bricks
	Time(refinement): 0.000 s
Setting regions (1352 / 73419)...OK (0.001 s)
Refinement result (1 iterations): 73419 bricks (0.002 s)
Collecting and processing rays:
	Adding rays...OK (0.000 s)
	new bricks = 1352 / 73419
	new rays   = 414 (x=36, y=333, z=45)
	Processing rays...
		Rays process:  0.001 (0.001) s
		Sort xstacks:  0.000 (0.000) s
		Put xstacks:   0.000 (0.000) s
		Total:         0.001 s
	Correcting rays...
		Lame vertices: 0.000 (0.000) s
		Bad rays:      0.000 (0.000) s
		Emit rays:     0.000 (0.000) s
		Correct ray f: 0.000 (0.000) s
		Undef:         0.000 (0.000) s
		Sum:           0.000 (0.000) s
		Total:         0.001 s
	Time (rays): 0.003 s
Capturing (1352 / 73419)...OK (0.001 s)
FYI: m_iteration_count = 0
FYI: level1 statistics:
     level1_cnt_plus[1]=1352;		level1_cnt_minus[1]=0
     level1_cnt_plus[2]=0;		level1_cnt_minus[2]=0
     level1_cnt_plus[3]=0;		level1_cnt_minus[3]=0
     level1_cnt_plus[4]=0;		level1_cnt_minus[4]=0
     level1_cnt_plus[5]=0;		level1_cnt_minus[5]=0
     level1_cnt_plus[6]=0;		level1_cnt_minus[6]=0
     level1_cnt_plus[7]=0;		level1_cnt_minus[7]=0
     level1_cnt_plus[8]=0;		level1_cnt_minus[8]=0
     level1_cnt_plus[9]=0;		level1_cnt_minus[9]=0
Refinement input: 73419 bricks
	Time(refinement): 0.000 s
Setting regions (80 / 73489)...OK (0.001 s)
Refinement result (1 iterations): 73489 bricks (0.003 s)
Collecting and processing rays:
	Adding rays...OK (0.000 s)
	new bricks = 80 / 73489
	new rays   = 17 (x=0, y=14, z=3)
	Processing rays...
		Rays process:  0.000 (0.000) s
		Sort xstacks:  0.000 (0.000) s
		Put xstacks:   0.000 (0.000) s
		Total:         0.001 s
	Correcting rays...
		Lame vertices: 0.000 (0.000) s
		Bad rays:      0.000 (0.000) s
		Emit rays:     0.000 (0.000) s
		Correct ray f: 0.000 (0.000) s
		Undef:         0.000 (0.000) s
		Sum:           0.000 (0.000) s
		Total:         0.000 s
	Time (rays): 0.001 s
Capturing (80 / 73489)...OK (0.000 s)
FYI: m_iteration_count = 1
FYI: level1 statistics:
     level1_cnt_plus[1]=1432;		level1_cnt_minus[1]=0
     level1_cnt_plus[2]=0;		level1_cnt_minus[2]=0
     level1_cnt_plus[3]=0;		level1_cnt_minus[3]=0
     level1_cnt_plus[4]=0;		level1_cnt_minus[4]=0
     level1_cnt_plus[5]=0;		level1_cnt_minus[5]=0
     level1_cnt_plus[6]=0;		level1_cnt_minus[6]=0
     level1_cnt_plus[7]=0;		level1_cnt_minus[7]=0
     level1_cnt_plus[8]=0;		level1_cnt_minus[8]=0
     level1_cnt_plus[9]=0;		level1_cnt_minus[9]=0
Refinement input: 73489 bricks
	Time(refinement): 0.000 s
Setting regions (16 / 73503)...OK (0.001 s)
Refinement result (1 iterations): 73503 bricks (0.003 s)
Collecting and processing rays:
	Adding rays...OK (0.000 s)
	new bricks = 16 / 73503
	new rays   = 3 (x=3, y=0, z=0)
	Processing rays...
		Rays process:  0.000 (0.000) s
		Sort xstacks:  0.000 (0.000) s
		Put xstacks:   0.000 (0.000) s
		Total:         0.000 s
	Correcting rays...
		Lame vertices: 0.000 (0.000) s
		Bad rays:      0.000 (0.000) s
		Emit rays:     0.000 (0.000) s
		Correct ray f: 0.000 (0.000) s
		Undef:         0.000 (0.000) s
		Sum:           0.000 (0.000) s
		Total:         0.000 s
	Time (rays): 0.001 s
Capturing (16 / 73503)...OK (0.000 s)
FYI: m_iteration_count = 2
FYI: level1 statistics:
     level1_cnt_plus[1]=1448;		level1_cnt_minus[1]=0
     level1_cnt_plus[2]=0;		level1_cnt_minus[2]=0
     level1_cnt_plus[3]=0;		level1_cnt_minus[3]=0
     level1_cnt_plus[4]=0;		level1_cnt_minus[4]=0
     level1_cnt_plus[5]=0;		level1_cnt_minus[5]=0
     level1_cnt_plus[6]=0;		level1_cnt_minus[6]=0
     level1_cnt_plus[7]=0;		level1_cnt_minus[7]=0
     level1_cnt_plus[8]=0;		level1_cnt_minus[8]=0
     level1_cnt_plus[9]=0;		level1_cnt_minus[9]=0
FYI: m_iteration_count = 3
FYI: level1 statistics:
     level1_cnt_plus[1]=1448;		level1_cnt_minus[1]=0
     level1_cnt_plus[2]=0;		level1_cnt_minus[2]=0
     level1_cnt_plus[3]=0;		level1_cnt_minus[3]=0
     level1_cnt_plus[4]=0;		level1_cnt_minus[4]=0
     level1_cnt_plus[5]=0;		level1_cnt_minus[5]=0
     level1_cnt_plus[6]=0;		level1_cnt_minus[6]=0
     level1_cnt_plus[7]=0;		level1_cnt_minus[7]=0
     level1_cnt_plus[8]=0;		level1_cnt_minus[8]=0
     level1_cnt_plus[9]=0;		level1_cnt_minus[9]=0
FYI: level1 statistics:
     level1_cnt_plus[1]=1448;		level1_cnt_minus[1]=0
     level1_cnt_plus[2]=0;		level1_cnt_minus[2]=0
     level1_cnt_plus[3]=0;		level1_cnt_minus[3]=0
     level1_cnt_plus[4]=0;		level1_cnt_minus[4]=0
     level1_cnt_plus[5]=0;		level1_cnt_minus[5]=0
     level1_cnt_plus[6]=0;		level1_cnt_minus[6]=0
     level1_cnt_plus[7]=0;		level1_cnt_minus[7]=0
     level1_cnt_plus[8]=0;		level1_cnt_minus[8]=0
     level1_cnt_plus[9]=0;		level1_cnt_minus[9]=0

-----------------------------------------------------------------------
U-shapes refinement...
Refinement input: 73503 bricks
	Checking crit (71127 / 73503)...0 marked (0.001 s)
Refinement result (0 iterations): 73503 bricks (0.001 s)
Collecting and processing rays:
	Adding rays...OK (0.000 s)
	new bricks = 0 / 73503
	new rays   = 0 (x=0, y=0, z=0)
	Processing rays...
		Rays process:  0.000 (0.000) s
		Sort xstacks:  0.000 (0.000) s
		Put xstacks:   0.000 (0.000) s
		Total:         0.000 s
	Correcting rays...
		Total:         0.000 s
	Time (rays): 0.001 s
Capturing (0 / 73503)...OK (0.000 s)
-----------------------------------------------------------------------

-----------------------------------------------------------------------
Equi Distant Refiner:
Equi Distant Refiner takes 0.00 s
-----------------------------------------------------------------------

/-Ray Intersection---------------/ Time	1.407 s
Calls                6668
CorrectRay Calls     0



-----------------------------------------------------------------------
Refining geometries takes 0.151 s
-----------------------------------------------------------------------
-----------------------------------------------------------------------
Memory Working Set Current = 72.89 Mb, Memory Working Set Peak = 72.89 Mb
Memory Private Bytes Current = 76.02 Mb, Memory Private Bytes Peak = 76.02 Mb
Process Threads Number: 26
-----------------------------------------------------------------------
Defect ray count	0
FYI: CNarrowChannelRefiner::RedistributeLevel1_step_1: is started
FYI: CNarrowChannelRefiner::RedistributeLevel1_step_1: is finished (0.000 s)
FYI: level1 statistics:
     level1_cnt_plus[1]=1448;		level1_cnt_minus[1]=0
     level1_cnt_plus[2]=0;		level1_cnt_minus[2]=0
     level1_cnt_plus[3]=0;		level1_cnt_minus[3]=0
     level1_cnt_plus[4]=0;		level1_cnt_minus[4]=0
     level1_cnt_plus[5]=0;		level1_cnt_minus[5]=0
     level1_cnt_plus[6]=0;		level1_cnt_minus[6]=0
     level1_cnt_plus[7]=0;		level1_cnt_minus[7]=0
     level1_cnt_plus[8]=0;		level1_cnt_minus[8]=0
     level1_cnt_plus[9]=0;		level1_cnt_minus[9]=0
FYI: CNarrowChannelRefiner::RedistributeLevel1_step_2: is started
FYI: CNarrowChannelRefiner::RedistributeLevel1_step_2: is finished (0.007 s)
FYI: level1 statistics:
     level1_cnt_plus[1]=1610;		level1_cnt_minus[1]=0
     level1_cnt_plus[2]=0;		level1_cnt_minus[2]=0
     level1_cnt_plus[3]=0;		level1_cnt_minus[3]=0
     level1_cnt_plus[4]=0;		level1_cnt_minus[4]=0
     level1_cnt_plus[5]=0;		level1_cnt_minus[5]=0
     level1_cnt_plus[6]=0;		level1_cnt_minus[6]=0
     level1_cnt_plus[7]=0;		level1_cnt_minus[7]=0
     level1_cnt_plus[8]=0;		level1_cnt_minus[8]=0
     level1_cnt_plus[9]=0;		level1_cnt_minus[9]=0
FYI: CNarrowChannelRefiner::RedistributeLevel1_step_3: is started
FYI: CNarrowChannelRefiner::RedistributeLevel1_step_3: is finished (0.004 s)
RedistributeLevel1 takes:
FYI: level1 statistics:
     level1_cnt_plus[1]=1610;		level1_cnt_minus[1]=756
     level1_cnt_plus[2]=0;		level1_cnt_minus[2]=0
     level1_cnt_plus[3]=0;		level1_cnt_minus[3]=0
     level1_cnt_plus[4]=0;		level1_cnt_minus[4]=0
     level1_cnt_plus[5]=0;		level1_cnt_minus[5]=0
     level1_cnt_plus[6]=0;		level1_cnt_minus[6]=0
     level1_cnt_plus[7]=0;		level1_cnt_minus[7]=0
     level1_cnt_plus[8]=0;		level1_cnt_minus[8]=0
     level1_cnt_plus[9]=0;		level1_cnt_minus[9]=0
-----------------------------------------------------------------------
MSH format builder (Iteration 0)
-----------------------------------------------------------------------
Memory Working Set Current = 74.92 Mb, Memory Working Set Peak = 74.92 Mb
Memory Private Bytes Current = 77.99 Mb, Memory Private Bytes Peak = 77.99 Mb
Process Threads Number: 26
-----------------------------------------------------------------------
Total bricks count: 73503
-----------------------------------------------------------------------
MSH (Real Geometry) format constructor:
	Geom    Count = 2
	Bodyset Count = 2
	3D task
	Getting brick sets...OK (0.002 s)

	Min x-stack xeps = 1.778e-07
	D / dh / eps [axis=0] = (7.82957, 0.086859, 5.92667e-08)
	D / dh / eps [axis=1] = (6.65279, 0.0776152, 5.92667e-08)
	D / dh / eps [axis=2] = (12.5856, 0.089376, 5.92667e-08)
	Time (xeps): 0.000 s
Level 1
	Set (0)  size: 1188
	Set (0)  time: 0.006 s
	Set (1)  size: 1188
	Set (1)  time: 0.005 s
Level 0
	Set (0)  size: 35563
	Set (0)  time: 0.005 s
	Set (1)  size: 35564
	Set (1)  time: 0.005 s

	Spread npq bricks...0 marked (0.000 s)

Result:
	Bricks number:                        73503

	Memory usage:                         1.753 MB
	Memory usage (per brick):             0.024 KB
	Construction time:                    0.025 s

	Topology features:
	------------------
	- High quality bricks                  100.00 % (73503)
	- Medium quality bricks                  0.00 % (0)
	- Bad quality bricks                     0.00 % (0)
	- NPQ bricks                             0.00 % (0)
	- Type-1 bricks                          2.19 % (1611)
	- Ribs corrected bricks                  0.00 % (0)
	- Points with geom-info (bricks)         0.00 % (0)
	- Points with closest-info (bricks)      0.00 % (0)
	- Triangulated by center (bricks)        0.00 % (0)
	- Facet w-faces mergings (bricks)        0.00 % (0)
	- To refine (bricks)                     0.00 % (0)
	- Points-count                           0.00 % (0)
	- T-self-intersection-all (bricks)       0.00 % (0)
	- T-self-intersection-simple (bricks)    0.00 % (0)
	- T-self-intersection-complex (bricks)   0.00 % (0)
	- NPQ by reason 1 u-shape                0.00 % (0)
	- NPQ by reason 2 tri-by-ctr             0.00 % (0)
	- NPQ by reason 3 ray-correction         0.00 % (0)
	- NPQ by reason 4 t-self-intersection    0.00 % (0)
	- NPQ by reason 5 non-good               0.00 % (0)
	- NPQ by reason 6 npq-worker             0.00 % (0)

-----------------------------------------------------------------------
Memory Working Set Current = 88.70 Mb, Memory Working Set Peak = 88.70 Mb
Memory Private Bytes Current = 91.52 Mb, Memory Private Bytes Peak = 91.52 Mb
Process Threads Number: 26
-----------------------------------------------------------------------
-----------------------------------------------------------------------
msh-iterations: 1
-----------------------------------------------------------------------
high---q-brick-count = 100.00 % (73503 73503)
medium-q-brick-count =   0.00 % (73503 0)
bad----q-brick-count =   0.00 % (73503 0)
np-----q-brick-count =   0.00 % (73503 0)
-----------------------------------------------------------------------
Free brick parser storage...OK(0.002 s)
-----------------------------------------------------------------------
Memory Working Set Current = 83.65 Mb, Memory Working Set Peak = 88.75 Mb
Memory Private Bytes Current = 86.31 Mb, Memory Private Bytes Peak = 91.52 Mb
Process Threads Number: 26
-----------------------------------------------------------------------
-----------------------------------------------------------------------
MSH --> BCF format (Iteration 0)...
BCF collector...(remove mode=0)
	Time (alloc counter per brick): 0.001 s
	Brick    count: 73503
	Av.f all count: 73511
	Av.s all count: 2035
	Av.f pid count: 2037
	Av.s pid count: 1617
	Faces fs count: 4556
	Faces ff count: 0
	Faces ss count: 0
	Faces bb count: 0
	Faces fe count: 10736
	Faces se count: 0
	Faces fw count: 15292
	Faces af count: 215267
	Faces as count: 5245
	Time (all count): 	0.001 s
	Time (bcf alloc): 	0.001 s
	Time (shifts alloc): 	0.002 s
	Time (shifts init): 	0.002 s
	Time (bcf fill): 	0.003 s
	Time (add av to faces): 0.000 s
	Time (add faces to av): 0.002 s
Time (bcf collect): 		0.013 s
	AV checker...
		Hole marker...
			Subdomains:               1.
			Subdomains (cond):        1.
			Time (sd):      0.004 s.
			Time (sd_cond): 0.005 s.
			Time (potential-hole marking): 	0.000 s
			Time (hole checking): 0.000 s.
			0 av(s) are marked to fill subdomain holes.
		Time (hole marker): 0.011 s.
	Time (check av): 	0.015 s
	Subdomain checker...
		Subdomains construction time: 0.005 s.
		Subdomains sort time: 0.000 s.
			Subdomain 0 (geom_ind=0): 73511 av
			Subdomain 1 (geom_ind=1): 2035 av
		gi: 0, real bodies: 1
		gi: 0, subdomains:  1
		gi: 1, real bodies: 0
		gi: 1, subdomains:  1
		Defect subdomains: 0
	Time (check subdoms): 	0.006 s
Time (bcf iteration total): 	0.035 s
	Time (fw-nb): 		0.000 s
	Fixed mutual fw-nb:     3099 (bb: 0)
	Time (fw-nb mutual): 	0.001 s
	Time (fw-nb sort): 	0.000 s
	Fw-opt BEFORE total:    15292 (fs=4556, ff=0, ss=0)
	Fw-opt AFTER  total:    13917 (fs=3181, ff=0, ss=0, failed fw/br=5/0, big_curv=6, big_poly=0)
	Fw-opt RESULT:          1375 (res/(fs+ff+ss) = 30.18 %)
	Time (fw-opt): 		0.001 s
	Time (fw-re-order): 	0.001 s
	Time (fw-nb): 		0.001 s
	Fixed mutual fw-nb:     27949 (bb: 0)
	Time (fw-nb mutual): 	0.001 s
	Time (fw-nb sort): 	0.000 s
	Time (rfd fix): 	0.000 s
	Time (av convexity): 	0.000 s
	Time (av small volume): 0.000 s
	Time (diagonal fw-nb): 	0.004 s
	Fixed mutual fw-nb:     0 (bb: 0)
	Time (fw-nb mutual): 	0.001 s
	Time (fw-nb sort): 	0.000 s
	Fluid subdomains: 1
	Faces fw-nb diff sd:    0
	Time (fw-nb diff sd): 	0.005 s
Time (bcf calc): 		0.019 s
-----------------------------------------------------------------------
Time (bcf total): 		0.054 s
-----------------------------------------------------------------------
bcf-iterations: 1
-----------------------------------------------------------------------
-----------------------------------------------------------------------
Mega-cv constructor for fluid...
	 0 av's is treated as thin
Relative size generator (threshold = 0.05)...
	Iteration 1 (small cluster count = 123)
	Iteration 2 (small cluster count = 58)
	Iteration 3 (small cluster count = 14)
	Iteration 4 (small cluster count = 3)
	Iteration 5 (small cluster count = 0)
	 123 mega-cv's generated
	 0 mega-cv's removed
Relative size generator is completed OK (0.002 s)
Apply fa-rules to mega-cv clusters fixes...
	Fa-rule violation fixes:        2 of        2 (total cluster# =      123)
OK (0.000 s)
Convert clusters:
	 123 mega-cv's total
Mega-cv count: 123
Time (mega-cv fill): 	0.000 s
Time (mega-cv total): 	0.011 s
-----------------------------------------------------------------------
Mixing plane rotation regions: NO.
Sliding mesh rotation regions: NO.
Fluid/fluid faces: NO.
-----------------------------------------------------------------------
Memory Working Set Current = 105.56 Mb, Memory Working Set Peak = 116.27 Mb
Memory Private Bytes Current = 109.48 Mb, Memory Private Bytes Peak = 121.06 Mb
Process Threads Number: 26
-----------------------------------------------------------------------
----------------------------------------------------------
BCF --> BCF.GEOMSUBDOM (bridge arrays):
MESH (0):
	Fluid Subdom Constructor: 1 subdom(s).
	Solid Subdom Constructor: 1 subdom(s).
	Net Asm Subdom Constructor: 0 subdom(s).
	GEOMSUBDOM (0): gi=0 Fluid av=73511 cv=73385 fa=215267 fb=0 fw=13917 V=6.533936e+02
	Cache data...OK
	GEOMSUBDOM (1): gi=1 Solid av=2035 cv=2035 fa=5245 fb=0 fw=3181 V=2.172197e+00
	Cache data...OK
	Setting nb of w-faces...OK (0.001 s).
	Correcting nb of w-faces...
	Time(correct_fw_nb)=0.001 s

MESH (0) checking:
	GEOMSUBDOM (0):fa_s=9143.8423452689039550 fb_s=0.0000000000000000 fw_s=492.0519442242815558 fw_nb=111226
	              :d_const(30343)=1.05353e-12 d_linear(53238)=4.82312e-12
	GEOMSUBDOM (1):fa_s=44.6092667953861621 fb_s=0.0000000000000000 fw_s=23.3360616896243585 fw_nb=25362
	              :d_const(2033)=6.01121e-11 d_linear(514)=3.22654e-07
MESH (0) checking: OK.
Time (MDS): 	0.033 s
----------------------------------------------------------
-----------------------------------------------------------------------
Memory Working Set Current = 128.50 Mb, Memory Working Set Peak = 128.50 Mb
Memory Private Bytes Current = 131.52 Mb, Memory Private Bytes Peak = 131.52 Mb
Process Threads Number: 26
-----------------------------------------------------------------------

-----------------------------------------------------------------------
BCF CHECKSUM DATA (Mesh 0):

BRICK |Level1| Sum:               2366
FACE_A Area Sum:   G.Fluid        9143.8423452689021360
FACE_A Area Sum:   G.Solid        44.6092667953861621
FACE_W Area Sum:                  492.0519442242814989
FACE_W Nb   Sum:                  111226
FACE_W min curvatures sum:        -6016.94386238
FACE_W max curvatures sum:        8367.08298501
AV Max Disbalance(Const) :        6.01121e-11 (cid=57894, t={40, 32, 96}, avid=75492, pid=1567)
AV Max Disbalance(Linear):        3.22654e-07 (cid=26095, t={25, 34, 44}, avid=73587, pid=74)
-----------------------------------------------------------------------


-----------------------------------------------------------------------
MESHER TOPOLOGY DATA:

BRICKS: Total                 73503
BRICKS: Fluid                 73085
BRICKS: Fluid Partial         1611
BRICKS: Type 1                1611
BRICKS: Max AV number         4

AV:     G.Total               75546
AV:     G.Fluid               73511
AV:     G.Solid               2035

AV:     G.Fluid Thin Profile    0.01 % (6)
AV:     G.Solid Thin Profile   20.05 % (408)

AV:     G.Fluid Thin For Mega   0.00 % (0)
AV:     G.Solid Thin For Mega  16.90 % (344)

AV:     G.Fluid Non-Convex      1.10 % (811)
AV:     G.Solid Non-Convex     30.07 % (612)

AV:     G.Fluid Non-Ess-Convex      0.59 % (433)
AV:     G.Solid Non-Ess-Convex     14.89 % (303)

FACE_A: G.Fluid          (af) 215267 (partially opened 4200)
FACE_A: G.Solid          (as) 5245 (partially opened 3367)

FACE_B: G.Total          (b)  0

FACE_W: G.Total                 13917       Brick/Bound
FACE_W: G.Fluid/Solid    (fs_g) 3181        0           
FACE_W: G.Fluid/Fluid    (ff_g) 0           0           
FACE_W: G.Solid/Solid    (ss_g) 0           0           
FACE_W: G.Fluid/Void     (fv_g) 0           0           
FACE_W: G.Fluid/External (fe_g) 10736
FACE_W: G.Solid/External (se_g) 0

AV/CV max fa count (on brick side):4
AV/CV max fw count:                4
AV/CV max fb count:                0
AV/CV max fw poly count:           19

MEMORY: Total                   22.414 MB
MEMORY: Per Brick               0.312 KB
-----------------------------------------------------------------------

-----------------------------------------------------------------------
Connectivities information:
	Number of conns: 0
-----------------------------------------------------------------------
	Time (gap size): 	0.008 s
-----------------------------------------------------------------------
Memory Working Set Current = 128.65 Mb, Memory Working Set Peak = 128.65 Mb
Memory Private Bytes Current = 131.59 Mb, Memory Private Bytes Peak = 131.59 Mb
Process Threads Number: 26
-----------------------------------------------------------------------
-----------------------------------------------------------------------
Calculating curvature and tolerance criteria...
Curvature: min=0 (cid=0) max=3.14159 (cid=25827)
Tolerance: min=0 (cid=0) max=0.0819449 (cid=51831)
Calculating curvature and tolerance criteria takes 0.012 s
-----------------------------------------------------------------------
MESH Build(FS) finished. Time=0.338 s
-----------------------------------------------------------------------
Current CPU = 0 sec

Nx=36
Ny=32
Nz=62
Max BRICK Level=1
Mesh Level=1
-----------------CModelBodies2MeshMapper::CollectData started -------------------------------
	Time (collect mesh base data): 0.000 s.
	Time (collect model bodies mapping): 0.000 s.
	Time (collect positive bodies mapping): 0.000 s.
	Time (collect fluid bodies mapping): 0.000 s.
-----------------CModelBodies2MeshMapper Report -------------------------------
FluidDomains 1 SolidDomains 1 VoidDomains 0 
Domains RefIndexes
----------------- -------------------------------
	ModelBodies
Total resolved Bodies 0 BodySets 0

--------------------------------------------------------------------------
	Positive geometry Bodies
Total resolved Bodies 1 BodySets 1
BodySet 0
	Bodies list:
			#0	Name: ;	ID: 04357542-ab3b-4f23-87cc-06da692d7e2e
	Domains list:mesh type	 (0, 1)		 0 


--------------------------------------------------------------------------
	Fluid regions
Total resolved Bodies 1 BodySets 1
BodySet 0	Material: Air; 
	Bodies list:
			#0	Name: ;	ID: 04357542-ab3b-4f23-87cc-06da692d7e2e
	Domains list:mesh type	 (0, 1)		 0 


--------------------------------------------------------------------------
Collect data takes...0.002 s
-----------------CModelBodies2MeshMapper::CollectData finished successfully-------------------
Saving initial mesh in: C:\Users\5014070\Documents\GitHub\Mechanical\SeattleSolarCar2024-2025\Aeroshells\new Atticus aero models\44n curved array low nose lowish back\6\6.fld .
Storing results...
	Estimated CPT size=8.453 MB.
	Time (write bcf): 0.138 s
Storing results takes 0.142 s
-----------------------------------------------------------------------
Memory Working Set Current = 129.17 Mb, Memory Working Set Peak = 129.17 Mb
Memory Private Bytes Current = 131.79 Mb, Memory Private Bytes Peak = 131.79 Mb
Process Threads Number: 26
-----------------------------------------------------------------------
Cleaning memory...
-----------------------------------------------------------------------
Start to free mesher data...
MMP (msh): locals=20, allc_sz=9.84 MB, used_sz=9.01 MB, blks-min-max=1/27
MMP (brx): locals=20, allc_sz=11.52 MB, used_sz=10.31 MB, blks-min-max=6/16
MMP (bcf): locals=20, allc_sz=33.73 MB, used_sz=32.35 MB, blks-min-max=10/42
MMP (xsl): locals=20, allc_sz=0.31 MB, used_sz=0.11 MB, blks-min-max=1/1
Free xsl...            OK	Time=0.000 s
Free ray collector...  OK	Time=0.000 s
Free ray intersector...OK	Time=0.000 s
Free body sets...      OK	Time=0.003 s
Free Geometry DB takes 0.000 s
Free mesh conn...      OK	Time=0.000 s
Free geomsd...         OK	Time=0.000 s
Free mbricks...        OK	Time=0.000 s
Free hash info...      OK	Time=0.000 s
Free bricks-x...       OK	Time=0.000 s
Free bcf...            OK	Time=0.002 s
Free mesh h...         OK	Time=0.000 s
Free bricks arr..      OK	Time=0.000 s
Free bricks tree...    OK	Time=0.000 s
Free mesh pools...     OK	Time=0.004 s
Free bodies mapper...  OK	Time=0.000 s
Free geom crits...     OK	Time=0.000 s
Free cpt regions...    OK	Time=0.000 s
Free peculiar surfs... OK	Time=0.000 s
Free sw-geometries...  OK	Time=0.000 s
Total free mesher data time: 0.012 s
-----------------------------------------------------------------------
Copying... OK
CPT size=2.807 MB (2943118 bytes).
Mesh generation normally finished at	20.3.2025	17:47:18
Mesher CPU = 1 sec
Mesher is finished at	20.3.2025	17:47:18
-----------------------------------------------------------------------
Memory Working Set Current = 41.37 Mb, Memory Working Set Peak = 129.17 Mb
Memory Private Bytes Current = 43.48 Mb, Memory Private Bytes Peak = 131.81 Mb
Process Threads Number: 26
-----------------------------------------------------------------------
Algebra Pool      : mem_usage = 2.06 Mb, allocated count = 0
-----------------------------------------------------------------------
Memory Working Set Current = 39.38 Mb, Memory Working Set Peak = 129.17 Mb
Memory Private Bytes Current = 41.48 Mb, Memory Private Bytes Peak = 131.81 Mb
Process Threads Number: 26
Process Threads Number Peak: 26
-----------------------------------------------------------------------
Log ended at 20.03.2025	17:47:18
