Log started at 20.03.2025	09:42:17
Number of used processors (NPROC): 8.
Number of mesh partitions (NPART): 8.
Total Physical Memory = 17.96 Gb, Available Physical Memory = 11.18 Gb
Computer name:	DESKTOP-9NTJJ53
Operating system:	Windows 10 (Version 10.0.19045)

Commandline:	"C:\Program Files\SOLIDWORKS Corp\SOLIDWORKS Flow Simulation\BINCFW\efdsolver.exe" /config:"D:\GitHub\Mechanical\SeattleSolarCar2024-2025\Aeroshells\new Atticus aero models\44n curved array low nose lowish back - Copy\1\1.xmlconfig" /guid:bd8b2a71-7cc6-45ac-891a-bac4743d3ba8 /processors:max /m /s /prjnamelm:"Flow Simulation 2023" /prjnamehabout:"Flow Simulation 2023" /companyname:"COSMOS Applications" /prjaliasid:1009 /lang:English /port:57266

SOLIDWORKS 2023 SP2.1
Flow Simulation 2023  x64 / 5965

Project: D:\GitHub\Mechanical\SeattleSolarCar2024-2025\Aeroshells\new Atticus aero models\44n curved array low nose lowish back - Copy\1\1.xmlconfig
Configuration name: Default
Project name: Project(1)
Problem type: external-with-void-internal-space-type
Exclude cavities without flow conditions: ON
NGK: OFF
MBO: OFF
-----------------------------------------------------------------------
Mesher option run = eRunMesherNormal
-----------------------------------------------------------------------

Mesh generation started:	20.3.2025	9:42:17
-----------------------------------------------------------------------
Memory Working Set Current = 14.98 Mb, Memory Working Set Peak = 14.99 Mb
Memory Private Bytes Current = 16.05 Mb, Memory Private Bytes Peak = 16.05 Mb
Process Threads Number: 7
-----------------------------------------------------------------------
Mesher adjust APD = OFF; AdjustAPD_method=0; N_per_Channel = 0; N2_per_Channel = 0
Current CPU = 0 sec
-----------------------------------------------------------------------
Geometries initialization:
-----------------------------------------------------------------------
Loading mesh settings (global/local)...
-----------------------------------------------------------------------
Number of geometries from DB: 1
Geometry(0):
	Guid = {00000000-0000-0000-0000-000000000000}
	Fluid..
	1 Body.
	1 Real body.
	-- Bodyset 0 --
		Tolerance=0.000474654.
		19 Face(s).
			19 of b-spline type.
		0 Face(s) that have no ref faces
		8 Plane surface(s).
		7 B- surface(s).
		4 Extrude surface(s).
		27760 Triangle(s).
		Getting triangle connectivities from DB: 0.003 s
		50 Edge(s).
			50 of b-spline type.
		BodyGeom reading: 0.024 s.
		27760 Reference Triangles.
		Getting triangle connectivities from DB (Ref): 0.004 s
		BodyGeom Ref reading: 0.007 s.
Geometry(1):
	Solid.
	-- Bodyset 1 --
	Empty
-----------------------------------------------------------------------
Number of geometries in task: 2
	G : 0	Type: Fluid
	G : 1	Type: Solid
Number of bodysets   in task: 2
-----------------------------------------------------------------------
BodySet (0):
	Making hash and connectivity for Bodyset ...
		CBodyGeom:
		Hash size: {248, 32, 36}.
		Mesh size: {62, 32, 36}.
		Hashing triangles...Ok.
			axis(0) tr sizes: average=108 max=419
			axis(1) tr sizes: average=17 max=199
			axis(2) tr sizes: average=26 max=237
		Number of t-connected sets:1 (cavity=0)
		CBodyGeomRef:
		Hashing triangles...Ok.
			axis(0) tr sizes: average=102 max=400
			axis(1) tr sizes: average=34 max=321
			axis(2) tr sizes: average=48 max=360
	0.071 s.
Geometries reading and preparing has taken 0.121 s.
-----------------------------------------------------------------------
Mapped triangles:
Hashing rough geometry(bodies) triangulation:
BodySet (0):
	Triangles num=27760
	Triangles box={0.735841 ,5.71018 ,-0.583917 ,0.36527 ,-0.89 ,0.91}
		3d-hash size is 466308 bytes
BodySet (1):
no log info (empty stream)

Mapped triangles processed in 0.084 s.
-----------------------------------------------------------------------
-----------------------------------------------------------------------
Getting sectors:
Number of sectors: 0
-----------------------------------------------------------------------
-----------------------------------------------------------------------
Bodies:     2
Faces:      19
Edges:      50
Triangles:  27760
-----------------------------------------------------------------------

Current CPU = 1 sec
-----------------------------------------------------------------------
Memory Working Set Current = 38.70 Mb, Memory Working Set Peak = 45.08 Mb
Memory Private Bytes Current = 38.20 Mb, Memory Private Bytes Peak = 44.61 Mb
Process Threads Number: 14
-----------------------------------------------------------------------
-----------------------------------------------------------------------
Checking faces on CD...
FCD = [0 0 0 0 0 0]
FCD_conflicts = 0
Time (check faces on CD)=0.000 s
-----------------------------------------------------------------------

-----------------------------------------------------------------------
Mesh dimensions:
				I[0 ]=62
				I[1 ]=32
				I[2 ]=36

Comp. domain size:
				a[0  ]=-2.12017
				a[1  ]=10.4567
				a[2  ]=-3.43196
				a[3  ]=3.2132
				a[4  ]=-3.90265
				a[5  ]=3.92411

Fluid calculated			1
Solid calculated			0
-----------------------------------------------------------------------
MESH Build started...
-----------------------------------------------------------------------
Mesh LEVEL = 1
-----------------------------------------------------------------------
-----------------------------------------------------------------------
CPT-mode xeps:
	D / dh / eps [axis=0] = (12.5769, 0.0893678, 8.93678e-05)
	D / dh / eps [axis=1] = (6.64516, 0.0775262, 7.75262e-05)
	D / dh / eps [axis=2] = (7.82676, 0.0870114, 8.70114e-05)
-----------------------------------------------------------------------
Initial allocation and brick-body-box intersection...OK (0.002 s)
Initial triangle brick intersection...OK (0.002 s)
Setting regions (71424 / 71424)...OK (0.001 s)
-----------------------------------------------------------------------
Base mesh info:
	3D task
	Nx=62
	Ny=32
	Nz=36
	N(Nx*Ny*Nz) = 1984
	Period    axis=[0, 0, 0]
	Symmetry  ni=[0 0 0 0 0 0]
	ZoomingBC ni=[0 0 0 0 0 0]
	Nx=62
		x[0]=-2.12017
		x[1]=-1.81463
		x[2]=-1.52387
		x[3]=-1.24711
		x[4]=-0.983646
		x[5]=-0.732856
		x[6]=-0.494128
		x[7]=-0.26688
		x[8]=-0.0505614
		x[9]=0.155354
		x[10]=0.351367
		x[11]=0.537953
		x[12]=0.716689
		x[13]=0.895427
		x[14]=1.07417
		x[15]=1.2529
		x[16]=1.43164
		x[17]=1.61038
		x[18]=1.78912
		x[19]=1.96786
		x[20]=2.14659
		x[21]=2.32533
		x[22]=2.50407
		x[23]=2.68281
		x[24]=2.86155
		x[25]=3.04028
		x[26]=3.21902
		x[27]=3.40193
		x[28]=3.58484
		x[29]=3.76775
		x[30]=3.95066
		x[31]=4.13357
		x[32]=4.31648
		x[33]=4.49939
		x[34]=4.6823
		x[35]=4.86521
		x[36]=5.04812
		x[37]=5.23103
		x[38]=5.41394
		x[39]=5.59685
		x[40]=5.77976
		x[41]=5.96267
		x[42]=6.14558
		x[43]=6.32849
		x[44]=6.5114
		x[45]=6.6943
		x[46]=6.87721
		x[47]=7.06012
		x[48]=7.24303
		x[49]=7.42594
		x[50]=7.60885
		x[51]=7.7892
		x[52]=7.97833
		x[53]=8.17665
		x[54]=8.38461
		x[55]=8.60269
		x[56]=8.83137
		x[57]=9.07116
		x[58]=9.32262
		x[59]=9.58631
		x[60]=9.86282
		x[61]=10.1528
		x[62]=10.4567
	Ny=32
		y[0]=-3.43196
		y[1]=-3.14081
		y[2]=-2.86386
		y[3]=-2.60032
		y[4]=-2.34955
		y[5]=-2.11094
		y[6]=-1.88389
		y[7]=-1.66784
		y[8]=-1.46226
		y[9]=-1.26665
		y[10]=-1.08051
		y[11]=-0.903396
		y[12]=-0.734864
		y[13]=-0.574498
		y[14]=-0.419446
		y[15]=-0.264392
		y[16]=-0.109338
		y[17]=0.0457157
		y[18]=0.200769
		y[19]=0.355823
		y[20]=0.516177
		y[21]=0.684701
		y[22]=0.86181
		y[23]=1.04794
		y[24]=1.24355
		y[25]=1.44913
		y[26]=1.66518
		y[27]=1.89224
		y[28]=2.13087
		y[29]=2.38165
		y[30]=2.6452
		y[31]=2.92219
		y[32]=3.2132
	Nz=36
		z[0]=-3.90265
		z[1]=-3.59213
		z[2]=-3.29689
		z[3]=-3.0161
		z[4]=-2.74906
		z[5]=-2.49509
		z[6]=-2.25355
		z[7]=-2.02384
		z[8]=-1.80538
		z[9]=-1.59761
		z[10]=-1.40001
		z[11]=-1.21209
		z[12]=-1.03337
		z[13]=-0.859346
		z[14]=-0.685323
		z[15]=-0.511299
		z[16]=-0.337275
		z[17]=-0.163251
		z[18]=0.0107726
		z[19]=0.184796
		z[20]=0.35882
		z[21]=0.532844
		z[22]=0.706868
		z[23]=0.880892
		z[24]=1.05492
		z[25]=1.23362
		z[26]=1.42152
		z[27]=1.6191
		z[28]=1.82686
		z[29]=2.04532
		z[30]=2.27503
		z[31]=2.51657
		z[32]=2.77055
		z[33]=3.03761
		z[34]=3.31842
		z[35]=3.6137
		z[36]=3.92411
-----------------------------------------------------------------------
Input_mesh_settings--------------------------------
Settings 0----------------
	Scope: GLOBAL
	Type:	------MESHER_SETTINGS----------
	RefAllCells           =0
	RefFluidCells         =0
	RefPartCells          =0
	RefSolidCells         =0
	l_SSFR(Capture crit)  =1
	l_curv(Curvature crit)=0
	l_tol(Tolerance crit) =0
	UseChannelRef         =1
	  NCR_method          =0
	  l_NCR               =1
	  N_gap               =5
	  Use d_NCR_min       =0
	  Use d_NCR_max       =0
	CloseThinSlotsHeight         =0
	--END_OF_MESHER_SETTINGS-------
End of input mesh settings-------------------------
-----------------------------------------------------------------------
Memory Working Set Current = 56.27 Mb, Memory Working Set Peak = 56.28 Mb
Memory Private Bytes Current = 57.72 Mb, Memory Private Bytes Peak = 57.72 Mb
Process Threads Number: 14
-----------------------------------------------------------------------
MMP (msh): locals=1, allc_sz=9.41 MB, used_sz=8.72 MB, blks-min-max=27/27
MMP (brx): locals=8, allc_sz=9.48 MB, used_sz=8.20 MB, blks-min-max=6/16
MMP (bcf): locals=0, allc_sz=0.00 MB, used_sz=0.00 MB, blks-min-max=0/0
MMP (xsl): locals=0, allc_sz=0.00 MB, used_sz=0.00 MB, blks-min-max=0/0
NxNyNz = [62, 32, 36]
base_dx=0.209308; 
NxNyNz_reverse = [60, 32, 37]

-----------------------------------------------------------------------
Refining geometries:
-----------------------------------------------------------------------

-----------------------------------------------------------------------
Refining by triangulation...
Refinement input: 71424 bricks
	Checking crit (71424 / 71424)...84 marked (0.033 s)
	Time(refinement): 0.001 s
Setting regions (672 / 72012)...OK (0.002 s)
	Checking crit (0 / 72012)...0 marked (0.001 s)
Refinement result (1 iterations): 72012 bricks (0.045 s)
Refinement input: 72012 bricks
	Checking crit (71340 / 72012)...0 marked (0.003 s)
Refinement result (0 iterations): 72012 bricks (0.004 s)
Collecting and processing rays:
	Adding rays...OK (0.010 s)
	new bricks = 72012 / 72012
	new rays   = 6163 (x=1304, y=2661, z=2198)
	Processing rays...
		Rays process:  0.214 (0.214) s
		Sort xstacks:  0.000 (0.000) s
		Put xstacks:   0.000 (0.000) s
		Total:         0.215 s
	Correcting rays...
		Lame vertices: 0.004 (0.004) s
		Bad rays:      0.000 (0.000) s
		Emit rays:     0.000 (0.000) s
		Correct ray f: 0.000 (0.000) s
		Undef:         0.000 (0.000) s
		Sum:           0.004 (0.004) s
		Total:         0.005 s
	Time (rays): 0.231 s
Capturing (72012 / 72012)...OK (0.003 s)
Refining by triangulation takes 0.283 s
-----------------------------------------------------------------------

-----------------------------------------------------------------------
Refining peculiar surfaces...
Collecting and processing rays:
	Adding rays...OK (0.001 s)
	new bricks = 0 / 72012
	new rays   = 0 (x=0, y=0, z=0)
	Processing rays...
		Rays process:  0.000 (0.000) s
		Sort xstacks:  0.000 (0.000) s
		Put xstacks:   0.000 (0.000) s
		Total:         0.000 s
	Correcting rays...
		Total:         0.000 s
	Time (rays): 0.002 s
Capturing (0 / 72012)...OK (0.001 s)
0 surfaces refined
Refining peculiar surfaces takes 0.003 s
-----------------------------------------------------------------------

-----------------------------------------------------------------------
Base mesh 1 Refining...
Collecting and processing rays:
	Adding rays...OK (0.001 s)
	new bricks = 0 / 72012
	new rays   = 0 (x=0, y=0, z=0)
	Processing rays...
		Rays process:  0.000 (0.000) s
		Sort xstacks:  0.000 (0.000) s
		Put xstacks:   0.000 (0.000) s
		Total:         0.000 s
	Correcting rays...
		Total:         0.000 s
	Time (rays): 0.002 s
Capturing (0 / 72012)...OK (0.002 s)
Refinement input: 72012 bricks
	Checking crit (71340 / 72012)...0 marked (0.001 s)
Refinement result (0 iterations): 72012 bricks (0.002 s)
-----------------------------------------------------------------------
Refining channels...
FYI: CNarrowChannelRefiner::RefineChannels_PRLL
Refinement input: 72012 bricks
	Time(refinement): 0.000 s
Setting regions (288 / 72264)...OK (0.001 s)
Refinement result (1 iterations): 72264 bricks (0.007 s)
Collecting and processing rays:
	Adding rays...OK (0.001 s)
	new bricks = 288 / 72264
	new rays   = 108 (x=6, y=87, z=15)
	Processing rays...
		Rays process:  0.001 (0.001) s
		Sort xstacks:  0.000 (0.000) s
		Put xstacks:   0.000 (0.000) s
		Total:         0.001 s
	Correcting rays...
		Lame vertices: 0.001 (0.001) s
		Bad rays:      0.000 (0.000) s
		Emit rays:     0.000 (0.000) s
		Correct ray f: 0.000 (0.000) s
		Undef:         0.000 (0.000) s
		Sum:           0.001 (0.001) s
		Total:         0.001 s
	Time (rays): 0.003 s
Capturing (288 / 72264)...OK (0.001 s)
FYI: m_iteration_count = 0
FYI: level1 statistics:
     level1_cnt_plus[1]=288;		level1_cnt_minus[1]=0
     level1_cnt_plus[2]=0;		level1_cnt_minus[2]=0
     level1_cnt_plus[3]=0;		level1_cnt_minus[3]=0
     level1_cnt_plus[4]=0;		level1_cnt_minus[4]=0
     level1_cnt_plus[5]=0;		level1_cnt_minus[5]=0
     level1_cnt_plus[6]=0;		level1_cnt_minus[6]=0
     level1_cnt_plus[7]=0;		level1_cnt_minus[7]=0
     level1_cnt_plus[8]=0;		level1_cnt_minus[8]=0
     level1_cnt_plus[9]=0;		level1_cnt_minus[9]=0
Refinement input: 72264 bricks
	Time(refinement): 0.001 s
Setting regions (96 / 72348)...OK (0.001 s)
Refinement result (1 iterations): 72348 bricks (0.009 s)
Collecting and processing rays:
	Adding rays...OK (0.001 s)
	new bricks = 96 / 72348
	new rays   = 26 (x=6, y=20, z=0)
	Processing rays...
		Rays process:  0.000 (0.000) s
		Sort xstacks:  0.000 (0.000) s
		Put xstacks:   0.000 (0.000) s
		Total:         0.000 s
	Correcting rays...
		Lame vertices: 0.000 (0.000) s
		Bad rays:      0.000 (0.000) s
		Emit rays:     0.000 (0.000) s
		Correct ray f: 0.000 (0.000) s
		Undef:         0.000 (0.000) s
		Sum:           0.000 (0.000) s
		Total:         0.001 s
	Time (rays): 0.002 s
Capturing (96 / 72348)...OK (0.001 s)
FYI: m_iteration_count = 1
FYI: level1 statistics:
     level1_cnt_plus[1]=384;		level1_cnt_minus[1]=0
     level1_cnt_plus[2]=0;		level1_cnt_minus[2]=0
     level1_cnt_plus[3]=0;		level1_cnt_minus[3]=0
     level1_cnt_plus[4]=0;		level1_cnt_minus[4]=0
     level1_cnt_plus[5]=0;		level1_cnt_minus[5]=0
     level1_cnt_plus[6]=0;		level1_cnt_minus[6]=0
     level1_cnt_plus[7]=0;		level1_cnt_minus[7]=0
     level1_cnt_plus[8]=0;		level1_cnt_minus[8]=0
     level1_cnt_plus[9]=0;		level1_cnt_minus[9]=0
Refinement input: 72348 bricks
	Time(refinement): 0.000 s
Setting regions (16 / 72362)...OK (0.001 s)
Refinement result (1 iterations): 72362 bricks (0.006 s)
Collecting and processing rays:
	Adding rays...OK (0.001 s)
	new bricks = 16 / 72362
	new rays   = 3 (x=0, y=0, z=3)
	Processing rays...
		Rays process:  0.000 (0.000) s
		Sort xstacks:  0.000 (0.000) s
		Put xstacks:   0.000 (0.000) s
		Total:         0.000 s
	Correcting rays...
		Lame vertices: 0.000 (0.000) s
		Bad rays:      0.000 (0.000) s
		Emit rays:     0.000 (0.000) s
		Correct ray f: 0.000 (0.000) s
		Undef:         0.000 (0.000) s
		Sum:           0.000 (0.000) s
		Total:         0.001 s
	Time (rays): 0.002 s
Capturing (16 / 72362)...OK (0.001 s)
FYI: m_iteration_count = 2
FYI: level1 statistics:
     level1_cnt_plus[1]=400;		level1_cnt_minus[1]=0
     level1_cnt_plus[2]=0;		level1_cnt_minus[2]=0
     level1_cnt_plus[3]=0;		level1_cnt_minus[3]=0
     level1_cnt_plus[4]=0;		level1_cnt_minus[4]=0
     level1_cnt_plus[5]=0;		level1_cnt_minus[5]=0
     level1_cnt_plus[6]=0;		level1_cnt_minus[6]=0
     level1_cnt_plus[7]=0;		level1_cnt_minus[7]=0
     level1_cnt_plus[8]=0;		level1_cnt_minus[8]=0
     level1_cnt_plus[9]=0;		level1_cnt_minus[9]=0
FYI: m_iteration_count = 3
FYI: level1 statistics:
     level1_cnt_plus[1]=400;		level1_cnt_minus[1]=0
     level1_cnt_plus[2]=0;		level1_cnt_minus[2]=0
     level1_cnt_plus[3]=0;		level1_cnt_minus[3]=0
     level1_cnt_plus[4]=0;		level1_cnt_minus[4]=0
     level1_cnt_plus[5]=0;		level1_cnt_minus[5]=0
     level1_cnt_plus[6]=0;		level1_cnt_minus[6]=0
     level1_cnt_plus[7]=0;		level1_cnt_minus[7]=0
     level1_cnt_plus[8]=0;		level1_cnt_minus[8]=0
     level1_cnt_plus[9]=0;		level1_cnt_minus[9]=0
FYI: level1 statistics:
     level1_cnt_plus[1]=400;		level1_cnt_minus[1]=0
     level1_cnt_plus[2]=0;		level1_cnt_minus[2]=0
     level1_cnt_plus[3]=0;		level1_cnt_minus[3]=0
     level1_cnt_plus[4]=0;		level1_cnt_minus[4]=0
     level1_cnt_plus[5]=0;		level1_cnt_minus[5]=0
     level1_cnt_plus[6]=0;		level1_cnt_minus[6]=0
     level1_cnt_plus[7]=0;		level1_cnt_minus[7]=0
     level1_cnt_plus[8]=0;		level1_cnt_minus[8]=0
     level1_cnt_plus[9]=0;		level1_cnt_minus[9]=0

-----------------------------------------------------------------------
U-shapes refinement...
Refinement input: 72362 bricks
	Checking crit (71290 / 72362)...0 marked (0.006 s)
Refinement result (0 iterations): 72362 bricks (0.007 s)
Collecting and processing rays:
	Adding rays...OK (0.001 s)
	new bricks = 0 / 72362
	new rays   = 0 (x=0, y=0, z=0)
	Processing rays...
		Rays process:  0.000 (0.000) s
		Sort xstacks:  0.000 (0.000) s
		Put xstacks:   0.000 (0.000) s
		Total:         0.000 s
	Correcting rays...
		Total:         0.000 s
	Time (rays): 0.002 s
Capturing (0 / 72362)...OK (0.002 s)
-----------------------------------------------------------------------

-----------------------------------------------------------------------
Equi Distant Refiner:
Equi Distant Refiner takes 0.00 s
-----------------------------------------------------------------------

/-Ray Intersection---------------/ Time	1.447 s
Calls                6300
CorrectRay Calls     0



-----------------------------------------------------------------------
Refining geometries takes 0.397 s
-----------------------------------------------------------------------
-----------------------------------------------------------------------
Memory Working Set Current = 65.29 Mb, Memory Working Set Peak = 65.29 Mb
Memory Private Bytes Current = 70.69 Mb, Memory Private Bytes Peak = 70.69 Mb
Process Threads Number: 14
-----------------------------------------------------------------------
Defect ray count	0
FYI: CNarrowChannelRefiner::RedistributeLevel1_step_1: is started
FYI: CNarrowChannelRefiner::RedistributeLevel1_step_1: is finished (0.002 s)
FYI: level1 statistics:
     level1_cnt_plus[1]=400;		level1_cnt_minus[1]=0
     level1_cnt_plus[2]=0;		level1_cnt_minus[2]=0
     level1_cnt_plus[3]=0;		level1_cnt_minus[3]=0
     level1_cnt_plus[4]=0;		level1_cnt_minus[4]=0
     level1_cnt_plus[5]=0;		level1_cnt_minus[5]=0
     level1_cnt_plus[6]=0;		level1_cnt_minus[6]=0
     level1_cnt_plus[7]=0;		level1_cnt_minus[7]=0
     level1_cnt_plus[8]=0;		level1_cnt_minus[8]=0
     level1_cnt_plus[9]=0;		level1_cnt_minus[9]=0
FYI: CNarrowChannelRefiner::RedistributeLevel1_step_2: is started
FYI: CNarrowChannelRefiner::RedistributeLevel1_step_2: is finished (0.028 s)
FYI: level1 statistics:
     level1_cnt_plus[1]=408;		level1_cnt_minus[1]=0
     level1_cnt_plus[2]=0;		level1_cnt_minus[2]=0
     level1_cnt_plus[3]=0;		level1_cnt_minus[3]=0
     level1_cnt_plus[4]=0;		level1_cnt_minus[4]=0
     level1_cnt_plus[5]=0;		level1_cnt_minus[5]=0
     level1_cnt_plus[6]=0;		level1_cnt_minus[6]=0
     level1_cnt_plus[7]=0;		level1_cnt_minus[7]=0
     level1_cnt_plus[8]=0;		level1_cnt_minus[8]=0
     level1_cnt_plus[9]=0;		level1_cnt_minus[9]=0
FYI: CNarrowChannelRefiner::RedistributeLevel1_step_3: is started
FYI: CNarrowChannelRefiner::RedistributeLevel1_step_3: is finished (0.044 s)
RedistributeLevel1 takes:
FYI: level1 statistics:
     level1_cnt_plus[1]=408;		level1_cnt_minus[1]=632
     level1_cnt_plus[2]=0;		level1_cnt_minus[2]=0
     level1_cnt_plus[3]=0;		level1_cnt_minus[3]=0
     level1_cnt_plus[4]=0;		level1_cnt_minus[4]=0
     level1_cnt_plus[5]=0;		level1_cnt_minus[5]=0
     level1_cnt_plus[6]=0;		level1_cnt_minus[6]=0
     level1_cnt_plus[7]=0;		level1_cnt_minus[7]=0
     level1_cnt_plus[8]=0;		level1_cnt_minus[8]=0
     level1_cnt_plus[9]=0;		level1_cnt_minus[9]=0
-----------------------------------------------------------------------
MSH format builder (Iteration 0)
-----------------------------------------------------------------------
Memory Working Set Current = 66.96 Mb, Memory Working Set Peak = 66.97 Mb
Memory Private Bytes Current = 72.38 Mb, Memory Private Bytes Peak = 72.38 Mb
Process Threads Number: 14
-----------------------------------------------------------------------
Total bricks count: 72362
-----------------------------------------------------------------------
MSH (Real Geometry) format constructor:
	Geom    Count = 2
	Bodyset Count = 2
	3D task
	Getting brick sets...OK (0.002 s)

	Min x-stack xeps = 0.000192096
	D / dh / eps [axis=0] = (12.5769, 0.0893691, 6.40319e-05)
	D / dh / eps [axis=1] = (6.64516, 0.0775269, 6.40319e-05)
	D / dh / eps [axis=2] = (7.82676, 0.0870114, 6.40319e-05)
	Time (xeps): 0.001 s
Level 1
	Set (0)  size: 536
	Set (0)  time: 0.013 s
	Set (1)  size: 536
	Set (1)  time: 0.011 s
Level 0
	Set (0)  size: 35645
	Set (0)  time: 0.028 s
	Set (1)  size: 35645
	Set (1)  time: 0.026 s

	Spread npq bricks...1 marked (0.001 s)

Result:
	Bricks number:                        72362

	Memory usage:                         1.330 MB
	Memory usage (per brick):             0.019 KB
	Construction time:                    0.083 s

	Topology features:
	------------------
	- High quality bricks                  100.00 % (72360)
	- Medium quality bricks                  0.00 % (2)
	- Bad quality bricks                     0.00 % (0)
	- NPQ bricks                             0.01 % (5)
	- Type-1 bricks                          1.48 % (1069)
	- Ribs corrected bricks                  0.00 % (0)
	- Points with geom-info (bricks)         0.01 % (6)
	- Points with closest-info (bricks)      0.00 % (0)
	- Triangulated by center (bricks)        0.01 % (4)
	- Facet w-faces mergings (bricks)        0.00 % (0)
	- To refine (bricks)                     0.00 % (0)
	- Points-count                           0.00 % (0)
	- T-self-intersection-all (bricks)       0.00 % (0)
	- T-self-intersection-simple (bricks)    0.00 % (0)
	- T-self-intersection-complex (bricks)   0.00 % (0)
	- NPQ by reason 1 u-shape                0.00 % (1)
	- NPQ by reason 2 tri-by-ctr             0.00 % (2)
	- NPQ by reason 3 ray-correction         0.00 % (0)
	- NPQ by reason 4 t-self-intersection    0.00 % (0)
	- NPQ by reason 5 non-good               0.00 % (2)
	- NPQ by reason 6 npq-worker             0.00 % (0)

-----------------------------------------------------------------------
Memory Working Set Current = 71.65 Mb, Memory Working Set Peak = 71.66 Mb
Memory Private Bytes Current = 75.82 Mb, Memory Private Bytes Peak = 75.82 Mb
Process Threads Number: 14
-----------------------------------------------------------------------
-----------------------------------------------------------------------
msh-iterations: 1
-----------------------------------------------------------------------
high---q-brick-count = 100.00 % (72362 72360)
medium-q-brick-count =   0.00 % (72362 2)
bad----q-brick-count =   0.00 % (72362 0)
np-----q-brick-count =   0.01 % (72362 6)
-----------------------------------------------------------------------
Free brick parser storage...OK(0.001 s)
-----------------------------------------------------------------------
Memory Working Set Current = 71.70 Mb, Memory Working Set Peak = 71.70 Mb
Memory Private Bytes Current = 75.82 Mb, Memory Private Bytes Peak = 75.82 Mb
Process Threads Number: 14
-----------------------------------------------------------------------
-----------------------------------------------------------------------
MSH --> BCF format (Iteration 0)...
BCF collector...(remove mode=0)
	Time (alloc counter per brick): 0.002 s
	Brick    count: 72362
	Av.f all count: 72255
	Av.s all count: 1373
	Av.f pid count: 1252
	Av.s pid count: 1083
	Faces fs count: 3024
	Faces ff count: 0
	Faces ss count: 0
	Faces bb count: 0
	Faces fe count: 10736
	Faces se count: 0
	Faces fw count: 13760
	Faces af count: 211497
	Faces as count: 3526
	Time (all count): 	0.007 s
	Time (bcf alloc): 	0.001 s
	Time (shifts alloc): 	0.005 s
	Time (shifts init): 	0.005 s
	Time (bcf fill): 	0.021 s
	Time (add av to faces): 0.001 s
	Time (add faces to av): 0.006 s
Time (bcf collect): 		0.048 s
	AV checker...
		Hole marker...
			Subdomains:               1.
			Subdomains (cond):        1.
			Time (sd):      0.019 s.
			Time (sd_cond): 0.023 s.
			Time (potential-hole marking): 	0.001 s
			Time (hole checking): 0.000 s.
			0 av(s) are marked to fill subdomain holes.
		Time (hole marker): 0.046 s.
	Time (check av): 	0.078 s
	Subdomain checker...
		Subdomains construction time: 0.022 s.
		Subdomains sort time: 0.000 s.
			Subdomain 0 (geom_ind=0): 72255 av
			Subdomain 1 (geom_ind=1): 1373 av
		gi: 0, real bodies: 1
		gi: 0, subdomains:  1
		gi: 1, real bodies: 0
		gi: 1, subdomains:  1
		Defect subdomains: 0
	Time (check subdoms): 	0.024 s
Time (bcf iteration total): 	0.151 s
	Time (fw-nb): 		0.001 s
	Fixed mutual fw-nb:     2306 (bb: 0)
	Time (fw-nb mutual): 	0.001 s
	Time (fw-nb sort): 	0.000 s
	Fw-opt BEFORE total:    13760 (fs=3024, ff=0, ss=0)
	Fw-opt AFTER  total:    12633 (fs=1897, ff=0, ss=0, failed fw/br=0/0, big_curv=10, big_poly=0)
	Fw-opt RESULT:          1127 (res/(fs+ff+ss) = 37.27 %)
	Time (fw-opt): 		0.002 s
	Time (fw-re-order): 	0.002 s
	Time (fw-nb): 		0.005 s
	Fixed mutual fw-nb:     25345 (bb: 0)
	Time (fw-nb mutual): 	0.002 s
	Time (fw-nb sort): 	0.000 s
	Time (rfd fix): 	0.000 s
	Time (av convexity): 	0.001 s
	Time (av small volume): 0.000 s
	Time (diagonal fw-nb): 	0.017 s
	Fixed mutual fw-nb:     0 (bb: 0)
	Time (fw-nb mutual): 	0.001 s
	Time (fw-nb sort): 	0.001 s
	Fluid subdomains: 1
	Faces fw-nb diff sd:    0
	Time (fw-nb diff sd): 	0.027 s
Time (bcf calc): 		0.068 s
-----------------------------------------------------------------------
Time (bcf total): 		0.219 s
-----------------------------------------------------------------------
bcf-iterations: 1
-----------------------------------------------------------------------
-----------------------------------------------------------------------
Mega-cv constructor for fluid...
	 4 av's is treated as thin
Relative size generator (threshold = 0.05)...
	Iteration 1 (small cluster count = 90)
	Iteration 2 (small cluster count = 42)
	Iteration 3 (small cluster count = 11)
	Iteration 4 (small cluster count = 3)
	Iteration 5 (small cluster count = 1)
	Iteration 6 (small cluster count = 0)
	 86 mega-cv's generated
	 0 mega-cv's removed
Relative size generator is completed OK (0.007 s)
Apply fa-rules to mega-cv clusters fixes...
	Fa-rule violation fixes:        2 of        2 (total cluster# =       86)
OK (0.001 s)
There are 2 clusters with nbrs connected in more than one axis
Convert clusters:
	 86 mega-cv's total
Mega-cv count: 86
Time (mega-cv fill): 	0.000 s
Time (mega-cv total): 	0.037 s
-----------------------------------------------------------------------
Mixing plane rotation regions: NO.
Sliding mesh rotation regions: NO.
Fluid/fluid faces: NO.
-----------------------------------------------------------------------
Memory Working Set Current = 87.75 Mb, Memory Working Set Peak = 101.31 Mb
Memory Private Bytes Current = 93.91 Mb, Memory Private Bytes Peak = 107.59 Mb
Process Threads Number: 14
-----------------------------------------------------------------------
----------------------------------------------------------
BCF --> BCF.GEOMSUBDOM (bridge arrays):
MESH (0):
	Fluid Subdom Constructor: 1 subdom(s).
	Solid Subdom Constructor: 1 subdom(s).
	Net Asm Subdom Constructor: 0 subdom(s).
	GEOMSUBDOM (0): gi=0 Fluid av=72255 cv=72157 fa=211497 fb=0 fw=12633 V=6.519586e+02
	Cache data...OK
	GEOMSUBDOM (1): gi=1 Solid av=1373 cv=1373 fa=3526 fb=0 fw=1897 V=2.166486e+00
	Cache data...OK
	Setting nb of w-faces...OK (0.002 s).
	Correcting nb of w-faces...
	Time(correct_fw_nb)=0.003 s

MESH (0) checking:
	GEOMSUBDOM (0):fa_s=9119.8646569858865405 fb_s=0.0000000000000000 fw_s=489.1576988914097797 fw_nb=101016
	              :d_const(25661)=5.98556e-13 d_linear(7577)=1.5026e-12
	GEOMSUBDOM (1):fa_s=41.0071643464531093 fb_s=0.0000000000000000 fw_s=21.1140253968349683 fw_nb=15152
	              :d_const(645)=6.69869e-12 d_linear(130)=9.99001e-11
MESH (0) checking: OK.
Time (MDS): 	0.164 s
----------------------------------------------------------
-----------------------------------------------------------------------
Memory Working Set Current = 112.56 Mb, Memory Working Set Peak = 112.56 Mb
Memory Private Bytes Current = 117.28 Mb, Memory Private Bytes Peak = 117.28 Mb
Process Threads Number: 14
-----------------------------------------------------------------------

-----------------------------------------------------------------------
BCF CHECKSUM DATA (Mesh 0):

BRICK |Level1| Sum:               1040
FACE_A Area Sum:   G.Fluid        9119.8646569858901785
FACE_A Area Sum:   G.Solid        41.0071643464531235
FACE_W Area Sum:                  489.1576988914098365
FACE_W Nb   Sum:                  101016
FACE_W min curvatures sum:        -4776.97497230
FACE_W max curvatures sum:        6994.97111307
AV Max Disbalance(Const) :        6.69869e-12 (cid=43375, t={30, 32, 43}, avid=73499, pid=954)
AV Max Disbalance(Linear):        9.99001e-11 (cid=26983, t={34, 32, 26}, avid=72357, pid=102)
-----------------------------------------------------------------------


-----------------------------------------------------------------------
MESHER TOPOLOGY DATA:

BRICKS: Total                 72362
BRICKS: Fluid                 72072
BRICKS: Fluid Partial         1069
BRICKS: Type 1                1069
BRICKS: Max AV number         3

AV:     G.Total               73628
AV:     G.Fluid               72255
AV:     G.Solid               1373

AV:     G.Fluid Thin Profile    0.02 % (14)
AV:     G.Solid Thin Profile   13.33 % (183)

AV:     G.Fluid Thin For Mega   0.01 % (4)
AV:     G.Solid Thin For Mega  11.87 % (163)

AV:     G.Fluid Non-Convex      0.87 % (627)
AV:     G.Solid Non-Convex     30.59 % (420)

AV:     G.Fluid Non-Ess-Convex      0.49 % (354)
AV:     G.Solid Non-Ess-Convex     12.38 % (170)

FACE_A: G.Fluid          (af) 211497 (partially opened 2605)
FACE_A: G.Solid          (as) 3526 (partially opened 2274)

FACE_B: G.Total          (b)  0

FACE_W: G.Total                 12633       Brick/Bound
FACE_W: G.Fluid/Solid    (fs_g) 1897        0           
FACE_W: G.Fluid/Fluid    (ff_g) 0           0           
FACE_W: G.Solid/Solid    (ss_g) 0           0           
FACE_W: G.Fluid/Void     (fv_g) 0           0           
FACE_W: G.Fluid/External (fe_g) 10736
FACE_W: G.Solid/External (se_g) 0

AV/CV max fa count (on brick side):4
AV/CV max fw count:                4
AV/CV max fb count:                0
AV/CV max fw poly count:           19

MEMORY: Total                   21.670 MB
MEMORY: Per Brick               0.307 KB
-----------------------------------------------------------------------

-----------------------------------------------------------------------
Connectivities information:
	Number of conns: 0
-----------------------------------------------------------------------
	Time (gap size): 	0.038 s
-----------------------------------------------------------------------
Memory Working Set Current = 112.59 Mb, Memory Working Set Peak = 112.59 Mb
Memory Private Bytes Current = 117.28 Mb, Memory Private Bytes Peak = 117.28 Mb
Process Threads Number: 14
-----------------------------------------------------------------------
-----------------------------------------------------------------------
Calculating curvature and tolerance criteria...
Curvature: min=0 (cid=0) max=3.14158 (cid=37273)
Tolerance: min=0 (cid=0) max=0.0792526 (cid=26903)
Calculating curvature and tolerance criteria takes 0.050 s
-----------------------------------------------------------------------
MESH Build(FS) finished. Time=1.133 s
-----------------------------------------------------------------------
Current CPU = 2 sec

Nx=62
Ny=32
Nz=36
Max BRICK Level=1
Mesh Level=1
-----------------CModelBodies2MeshMapper::CollectData started -------------------------------
	Time (collect mesh base data): 0.001 s.
	Time (collect model bodies mapping): 0.000 s.
	Time (collect positive bodies mapping): 0.000 s.
	Time (collect fluid bodies mapping): 0.000 s.
-----------------CModelBodies2MeshMapper Report -------------------------------
FluidDomains 1 SolidDomains 1 VoidDomains 0 
Domains RefIndexes
----------------- -------------------------------
	ModelBodies
Total resolved Bodies 0 BodySets 0

--------------------------------------------------------------------------
	Positive geometry Bodies
Total resolved Bodies 1 BodySets 1
BodySet 0
	Bodies list:
			#0	Name: ;	ID: 3a832e6a-0c3e-4d5e-ad00-9617cbc324e6
	Domains list:mesh type	 (0, 1)		 0 


--------------------------------------------------------------------------
	Fluid regions
Total resolved Bodies 1 BodySets 1
BodySet 0	Material: Air; 
	Bodies list:
			#0	Name: ;	ID: 3a832e6a-0c3e-4d5e-ad00-9617cbc324e6
	Domains list:mesh type	 (0, 1)		 0 


--------------------------------------------------------------------------
Collect data takes...0.002 s
-----------------CModelBodies2MeshMapper::CollectData finished successfully-------------------
Saving initial mesh in: D:\GitHub\Mechanical\SeattleSolarCar2024-2025\Aeroshells\new Atticus aero models\44n curved array low nose lowish back - Copy\1\1.fld .
Storing results...
	Estimated CPT size=8.058 MB.
	Time (write bcf): 0.244 s
Storing results takes 0.254 s
-----------------------------------------------------------------------
Memory Working Set Current = 112.94 Mb, Memory Working Set Peak = 112.94 Mb
Memory Private Bytes Current = 117.28 Mb, Memory Private Bytes Peak = 117.28 Mb
Process Threads Number: 14
-----------------------------------------------------------------------
Cleaning memory...
-----------------------------------------------------------------------
Start to free mesher data...
MMP (msh): locals=8, allc_sz=9.60 MB, used_sz=8.85 MB, blks-min-max=1/27
MMP (brx): locals=8, allc_sz=10.51 MB, used_sz=9.52 MB, blks-min-max=9/17
MMP (bcf): locals=8, allc_sz=32.07 MB, used_sz=31.02 MB, blks-min-max=8/37
MMP (xsl): locals=8, allc_sz=0.12 MB, used_sz=0.07 MB, blks-min-max=1/1
Free xsl...            OK	Time=0.000 s
Free ray collector...  OK	Time=0.000 s
Free ray intersector...OK	Time=0.000 s
Free body sets...      OK	Time=0.008 s
Free Geometry DB takes 0.000 s
Free mesh conn...      OK	Time=0.000 s
Free geomsd...         OK	Time=0.000 s
Free mbricks...        OK	Time=0.002 s
Free hash info...      OK	Time=0.002 s
Free bricks-x...       OK	Time=0.001 s
Free bcf...            OK	Time=0.005 s
Free mesh h...         OK	Time=0.000 s
Free bricks arr..      OK	Time=0.000 s
Free bricks tree...    OK	Time=0.000 s
Free mesh pools...     OK	Time=0.006 s
Free bodies mapper...  OK	Time=0.000 s
Free geom crits...     OK	Time=0.000 s
Free cpt regions...    OK	Time=0.000 s
Free peculiar surfs... OK	Time=0.000 s
Free sw-geometries...  OK	Time=0.000 s
Total free mesher data time: 0.027 s
-----------------------------------------------------------------------
Copying... OK
CPT size=2.520 MB (2642892 bytes).
Mesh generation normally finished at	20.3.2025	9:42:20
Mesher CPU = 3 sec
Mesher is finished at	20.3.2025	9:42:20
-----------------------------------------------------------------------
Memory Working Set Current = 32.75 Mb, Memory Working Set Peak = 112.94 Mb
Memory Private Bytes Current = 35.70 Mb, Memory Private Bytes Peak = 117.28 Mb
Process Threads Number: 14
-----------------------------------------------------------------------
Algebra Pool      : mem_usage = 2.06 Mb, allocated count = 0
-----------------------------------------------------------------------
Memory Working Set Current = 30.80 Mb, Memory Working Set Peak = 112.94 Mb
Memory Private Bytes Current = 33.70 Mb, Memory Private Bytes Peak = 117.28 Mb
Process Threads Number: 14
Process Threads Number Peak: 14
-----------------------------------------------------------------------
Log ended at 20.03.2025	09:42:20
