Log started at 14.12.2024	18:21:03
Number of used processors (NPROC): 6.
Number of mesh partitions (NPART): 6.
Total Physical Memory = 31.91 Gb, Available Physical Memory = 17.49 Gb
Computer name:	DESKTOP-C408A46
Operating system:	Windows 11 (or higher) (Version 10.0.22631)

Commandline:	"C:\Program Files\SOLIDWORKS Corp\SOLIDWORKS Flow Simulation\BINCFW\efdsolver.exe" /config:"C:\Users\juded\OneDrive\Desktop\Car shit\18\18.xmlconfig" /guid:a52ff461-25c8-4612-b747-b77cf2b66162 /processors:max /m /s /prjnamelm:"Flow Simulation 2023" /prjnamehabout:"Flow Simulation 2023" /companyname:"COSMOS Applications" /prjaliasid:1009 /lang:English /port:64853

SOLIDWORKS 2023 SP2.1
Flow Simulation 2023  x64 / 5965

Project: C:\Users\juded\OneDrive\Desktop\Car shit\18\18.xmlconfig
Configuration name: Default
Project name: Project(1)
Problem type: external-with-void-internal-space-type
Exclude cavities without flow conditions: ON
NGK: OFF
MBO: OFF
-----------------------------------------------------------------------
Mesher option run = eRunMesherNormal
-----------------------------------------------------------------------

Mesh generation started:	14.12.2024	18:21:3
-----------------------------------------------------------------------
Memory Working Set Current = 15.46 Mb, Memory Working Set Peak = 15.46 Mb
Memory Private Bytes Current = 15.95 Mb, Memory Private Bytes Peak = 15.95 Mb
Process Threads Number: 7
-----------------------------------------------------------------------
Mesher adjust APD = OFF; AdjustAPD_method=0; N_per_Channel = 0; N2_per_Channel = 0
Current CPU = 0 sec
-----------------------------------------------------------------------
Geometries initialization:
-----------------------------------------------------------------------
Loading mesh settings (global/local)...
-----------------------------------------------------------------------
Number of geometries from DB: 1
Geometry(0):
	Guid = {00000000-0000-0000-0000-000000000000}
	Fluid..
	1 Body.
	1 Real body.
	-- Bodyset 0 --
		Tolerance=0.000244602.
		10 Face(s).
			10 of b-spline type.
		0 Face(s) that have no ref faces
		1 Plane surface(s).
		9 B- surface(s).
		70510 Triangle(s).
		Getting triangle connectivities from DB: 0.008 s
		23 Edge(s).
			23 of b-spline type.
		BodyGeom reading: 0.045 s.
		70510 Reference Triangles.
		Getting triangle connectivities from DB (Ref): 0.009 s
		BodyGeom Ref reading: 0.017 s.
Geometry(1):
	Solid.
	-- Bodyset 1 --
	Empty
-----------------------------------------------------------------------
Number of geometries in task: 2
	G : 0	Type: Fluid
	G : 1	Type: Solid
Number of bodysets   in task: 2
-----------------------------------------------------------------------
BodySet (0):
	Making hash and connectivity for Bodyset ...
		CBodyGeom:
		Hash size: {44, 316, 32}.
		Mesh size: {44, 79, 32}.
		Hashing triangles...Ok.
			axis(0) tr sizes: average=47 max=378
			axis(1) tr sizes: average=155 max=650
			axis(2) tr sizes: average=25 max=220
		Number of t-connected sets:1 (cavity=0)
		CBodyGeomRef:
		Hashing triangles...Ok.
			axis(0) tr sizes: average=91 max=811
			axis(1) tr sizes: average=149 max=634
			axis(2) tr sizes: average=48 max=394
	0.0829 s.
Geometries reading and preparing has taken 0.171 s.
-----------------------------------------------------------------------
Mapped triangles:
Hashing rough geometry(bodies) triangulation:
BodySet (0):
	Triangles num=70510
	Triangles box={-0.906828 ,0.905842 ,-3.5 ,0 ,0.0675693 ,0.555917}
		3d-hash size is 862504 bytes
BodySet (1):
no log info (empty stream)

Mapped triangles processed in 0.080 s.
-----------------------------------------------------------------------
-----------------------------------------------------------------------
Getting sectors:
Number of sectors: 0
-----------------------------------------------------------------------
-----------------------------------------------------------------------
Bodies:     2
Faces:      10
Edges:      23
Triangles:  70510
-----------------------------------------------------------------------

Current CPU = 0 sec
-----------------------------------------------------------------------
Memory Working Set Current = 65.20 Mb, Memory Working Set Peak = 79.64 Mb
Memory Private Bytes Current = 64.46 Mb, Memory Private Bytes Peak = 79.04 Mb
Process Threads Number: 12
-----------------------------------------------------------------------
-----------------------------------------------------------------------
Checking faces on CD...
FCD = [0 0 0 0 0 0]
FCD_conflicts = 0
Time (check faces on CD)=0.000 s
-----------------------------------------------------------------------

-----------------------------------------------------------------------
Mesh dimensions:
				I[0 ]=44
				I[1 ]=79
				I[2 ]=32

Comp. domain size:
				a[0  ]=-2.37472
				a[1  ]=2.37367
				a[2  ]=-5.94607
				a[3  ]=3.05895
				a[4  ]=-1.40046
				a[5  ]=2.02396

Fluid calculated			1
Solid calculated			0
-----------------------------------------------------------------------
MESH Build started...
-----------------------------------------------------------------------
Mesh LEVEL = 1
-----------------------------------------------------------------------
-----------------------------------------------------------------------
CPT-mode xeps:
	D / dh / eps [axis=0] = (4.74839, 0.044422, 4.4422e-05)
	D / dh / eps [axis=1] = (9.00502, 0.046528, 4.6528e-05)
	D / dh / eps [axis=2] = (3.42442, 0.0399513, 3.99513e-05)
-----------------------------------------------------------------------
Initial allocation and brick-body-box intersection...OK (0.004 s)
Initial triangle brick intersection...OK (0.002 s)
Setting regions (111232 / 111232)...OK (0.002 s)
-----------------------------------------------------------------------
Base mesh info:
	3D task
	Nx=44
	Ny=79
	Nz=32
	N(Nx*Ny*Nz) = 3476
	Period    axis=[0, 0, 0]
	Symmetry  ni=[0 0 0 0 0 0]
	ZoomingBC ni=[0 0 0 0 0 0]
	Nx=44
		x[0]=-2.37472
		x[1]=-2.21483
		x[2]=-2.06264
		x[3]=-1.91773
		x[4]=-1.77976
		x[5]=-1.64839
		x[6]=-1.52331
		x[7]=-1.40421
		x[8]=-1.29081
		x[9]=-1.18284
		x[10]=-1.08004
		x[11]=-0.98215
		x[12]=-0.88895
		x[13]=-0.800106
		x[14]=-0.711261
		x[15]=-0.622415
		x[16]=-0.53357
		x[17]=-0.444725
		x[18]=-0.355879
		x[19]=-0.267034
		x[20]=-0.178189
		x[21]=-0.0893434
		x[22]=-0.000498089
		x[23]=0.0883472
		x[24]=0.177193
		x[25]=0.266038
		x[26]=0.354883
		x[27]=0.443728
		x[28]=0.532574
		x[29]=0.621419
		x[30]=0.710264
		x[31]=0.79911
		x[32]=0.887955
		x[33]=0.981149
		x[34]=1.07903
		x[35]=1.18183
		x[36]=1.2898
		x[37]=1.4032
		x[38]=1.5223
		x[39]=1.64738
		x[40]=1.77876
		x[41]=1.91674
		x[42]=2.06166
		x[43]=2.21386
		x[44]=2.37367
	Ny=79
		y[0]=-5.94607
		y[1]=-5.7895
		y[2]=-5.64021
		y[3]=-5.49781
		y[4]=-5.36198
		y[5]=-5.23243
		y[6]=-5.10886
		y[7]=-4.99099
		y[8]=-4.87856
		y[9]=-4.77133
		y[10]=-4.66905
		y[11]=-4.57149
		y[12]=-4.47843
		y[13]=-4.38435
		y[14]=-4.29026
		y[15]=-4.19618
		y[16]=-4.1021
		y[17]=-4.00801
		y[18]=-3.91393
		y[19]=-3.81984
		y[20]=-3.72576
		y[21]=-3.63167
		y[22]=-3.53759
		y[23]=-3.44351
		y[24]=-3.34942
		y[25]=-3.25534
		y[26]=-3.16125
		y[27]=-3.06717
		y[28]=-2.97309
		y[29]=-2.879
		y[30]=-2.78492
		y[31]=-2.69083
		y[32]=-2.59675
		y[33]=-2.50267
		y[34]=-2.40858
		y[35]=-2.3145
		y[36]=-2.22041
		y[37]=-2.12633
		y[38]=-2.03225
		y[39]=-1.93816
		y[40]=-1.84408
		y[41]=-1.74999
		y[42]=-1.65274
		y[43]=-1.55548
		y[44]=-1.45822
		y[45]=-1.36097
		y[46]=-1.26371
		y[47]=-1.16646
		y[48]=-1.0692
		y[49]=-0.971943
		y[50]=-0.874686
		y[51]=-0.77743
		y[52]=-0.680174
		y[53]=-0.582917
		y[54]=-0.485661
		y[55]=-0.388405
		y[56]=-0.291148
		y[57]=-0.193892
		y[58]=-0.0966356
		y[59]=0.000620747
		y[60]=0.0978771
		y[61]=0.194426
		y[62]=0.295845
		y[63]=0.402378
		y[64]=0.514283
		y[65]=0.631832
		y[66]=0.755309
		y[67]=0.885012
		y[68]=1.02126
		y[69]=1.16437
		y[70]=1.3147
		y[71]=1.47262
		y[72]=1.63849
		y[73]=1.81273
		y[74]=1.99576
		y[75]=2.18802
		y[76]=2.38997
		y[77]=2.60211
		y[78]=2.82494
		y[79]=3.05895
	Nz=32
		z[0]=-1.40046
		z[1]=-1.25043
		z[2]=-1.10771
		z[3]=-0.971902
		z[4]=-0.842675
		z[5]=-0.719711
		z[6]=-0.602706
		z[7]=-0.491371
		z[8]=-0.385431
		z[9]=-0.284625
		z[10]=-0.188704
		z[11]=-0.0974318
		z[12]=-0.0105824
		z[13]=0.0720583
		z[14]=0.151961
		z[15]=0.231864
		z[16]=0.311767
		z[17]=0.391671
		z[18]=0.471574
		z[19]=0.551477
		z[20]=0.634111
		z[21]=0.720956
		z[22]=0.812225
		z[23]=0.908143
		z[24]=1.00895
		z[25]=1.11489
		z[26]=1.22622
		z[27]=1.34323
		z[28]=1.4662
		z[29]=1.59543
		z[30]=1.73125
		z[31]=1.87399
		z[32]=2.02396
-----------------------------------------------------------------------
Input_mesh_settings--------------------------------
Settings 0----------------
	Scope: GLOBAL
	Type:	------MESHER_SETTINGS----------
	RefAllCells           =0
	RefFluidCells         =0
	RefPartCells          =0
	RefSolidCells         =0
	l_SSFR(Capture crit)  =1
	l_curv(Curvature crit)=0
	l_tol(Tolerance crit) =0
	UseChannelRef         =1
	  NCR_method          =0
	  l_NCR               =1
	  N_gap               =5
	  Use d_NCR_min       =0
	  Use d_NCR_max       =0
	CloseThinSlotsHeight         =0
	--END_OF_MESHER_SETTINGS-------
End of input mesh settings-------------------------
-----------------------------------------------------------------------
Memory Working Set Current = 92.48 Mb, Memory Working Set Peak = 92.48 Mb
Memory Private Bytes Current = 93.52 Mb, Memory Private Bytes Peak = 93.52 Mb
Process Threads Number: 12
-----------------------------------------------------------------------
MMP (msh): locals=1, allc_sz=13.65 MB, used_sz=13.58 MB, blks-min-max=29/29
MMP (brx): locals=6, allc_sz=14.39 MB, used_sz=12.78 MB, blks-min-max=15/21
MMP (bcf): locals=0, allc_sz=0.00 MB, used_sz=0.00 MB, blks-min-max=0/0
MMP (xsl): locals=0, allc_sz=0.00 MB, used_sz=0.00 MB, blks-min-max=0/0
NxNyNz = [44, 79, 32]
base_dx=0.10964; 
NxNyNz_reverse = [43, 82, 31]

-----------------------------------------------------------------------
Refining geometries:
-----------------------------------------------------------------------

-----------------------------------------------------------------------
Refining by triangulation...
Refinement input: 111232 bricks
	Checking crit (111232 / 111232)...6 marked (0.045 s)
	Time(refinement): 0.001 s
Setting regions (48 / 111274)...OK (0.002 s)
	Checking crit (0 / 111274)...0 marked (0.001 s)
Refinement result (1 iterations): 111274 bricks (0.059 s)
Refinement input: 111274 bricks
	Checking crit (111226 / 111274)...0 marked (0.003 s)
Refinement result (0 iterations): 111274 bricks (0.004 s)
Collecting and processing rays:
	Adding rays...OK (0.015 s)
	new bricks = 111274 / 111274
	new rays   = 7801 (x=2660, y=1513, z=3628)
	Processing rays...
		Rays process:  0.074 (0.074) s
		Sort xstacks:  0.000 (0.000) s
		Put xstacks:   0.000 (0.000) s
		Total:         0.075 s
	Correcting rays...
		Lame vertices: 0.004 (0.004) s
		Bad rays:      0.000 (0.000) s
		Emit rays:     0.000 (0.000) s
		Correct ray f: 0.000 (0.000) s
		Undef:         0.000 (0.000) s
		Sum:           0.004 (0.004) s
		Total:         0.005 s
	Time (rays): 0.096 s
Capturing (111274 / 111274)...OK (0.004 s)
Refining by triangulation takes 0.163 s
-----------------------------------------------------------------------

-----------------------------------------------------------------------
Refining peculiar surfaces...
Collecting and processing rays:
	Adding rays...OK (0.001 s)
	new bricks = 0 / 111274
	new rays   = 0 (x=0, y=0, z=0)
	Processing rays...
		Rays process:  0.000 (0.000) s
		Sort xstacks:  0.000 (0.000) s
		Put xstacks:   0.000 (0.000) s
		Total:         0.000 s
	Correcting rays...
		Total:         0.000 s
	Time (rays): 0.001 s
Capturing (0 / 111274)...OK (0.001 s)
0 surfaces refined
Refining peculiar surfaces takes 0.003 s
-----------------------------------------------------------------------

-----------------------------------------------------------------------
Base mesh 1 Refining...
Collecting and processing rays:
	Adding rays...OK (0.001 s)
	new bricks = 0 / 111274
	new rays   = 0 (x=0, y=0, z=0)
	Processing rays...
		Rays process:  0.000 (0.000) s
		Sort xstacks:  0.000 (0.000) s
		Put xstacks:   0.000 (0.000) s
		Total:         0.000 s
	Correcting rays...
		Total:         0.000 s
	Time (rays): 0.001 s
Capturing (0 / 111274)...OK (0.001 s)
Refinement input: 111274 bricks
	Checking crit (111226 / 111274)...0 marked (0.001 s)
Refinement result (0 iterations): 111274 bricks (0.002 s)
-----------------------------------------------------------------------
Refining channels...
FYI: CNarrowChannelRefiner::RefineChannels_PRLL
Refinement input: 111274 bricks
	Time(refinement): 0.000 s
Setting regions (104 / 111365)...OK (0.001 s)
Refinement result (1 iterations): 111365 bricks (0.008 s)
Collecting and processing rays:
	Adding rays...OK (0.001 s)
	new bricks = 104 / 111365
	new rays   = 75 (x=27, y=11, z=37)
	Processing rays...
		Rays process:  0.001 (0.001) s
		Sort xstacks:  0.000 (0.000) s
		Put xstacks:   0.000 (0.000) s
		Total:         0.001 s
	Correcting rays...
		Lame vertices: 0.001 (0.001) s
		Bad rays:      0.000 (0.000) s
		Emit rays:     0.000 (0.000) s
		Correct ray f: 0.000 (0.000) s
		Undef:         0.000 (0.000) s
		Sum:           0.001 (0.001) s
		Total:         0.001 s
	Time (rays): 0.002 s
Capturing (104 / 111365)...OK (0.002 s)
FYI: m_iteration_count = 0
FYI: level1 statistics:
     level1_cnt_plus[1]=104;		level1_cnt_minus[1]=0
     level1_cnt_plus[2]=0;		level1_cnt_minus[2]=0
     level1_cnt_plus[3]=0;		level1_cnt_minus[3]=0
     level1_cnt_plus[4]=0;		level1_cnt_minus[4]=0
     level1_cnt_plus[5]=0;		level1_cnt_minus[5]=0
     level1_cnt_plus[6]=0;		level1_cnt_minus[6]=0
     level1_cnt_plus[7]=0;		level1_cnt_minus[7]=0
     level1_cnt_plus[8]=0;		level1_cnt_minus[8]=0
     level1_cnt_plus[9]=0;		level1_cnt_minus[9]=0
FYI: m_iteration_count = 1
FYI: level1 statistics:
     level1_cnt_plus[1]=104;		level1_cnt_minus[1]=0
     level1_cnt_plus[2]=0;		level1_cnt_minus[2]=0
     level1_cnt_plus[3]=0;		level1_cnt_minus[3]=0
     level1_cnt_plus[4]=0;		level1_cnt_minus[4]=0
     level1_cnt_plus[5]=0;		level1_cnt_minus[5]=0
     level1_cnt_plus[6]=0;		level1_cnt_minus[6]=0
     level1_cnt_plus[7]=0;		level1_cnt_minus[7]=0
     level1_cnt_plus[8]=0;		level1_cnt_minus[8]=0
     level1_cnt_plus[9]=0;		level1_cnt_minus[9]=0
FYI: level1 statistics:
     level1_cnt_plus[1]=104;		level1_cnt_minus[1]=0
     level1_cnt_plus[2]=0;		level1_cnt_minus[2]=0
     level1_cnt_plus[3]=0;		level1_cnt_minus[3]=0
     level1_cnt_plus[4]=0;		level1_cnt_minus[4]=0
     level1_cnt_plus[5]=0;		level1_cnt_minus[5]=0
     level1_cnt_plus[6]=0;		level1_cnt_minus[6]=0
     level1_cnt_plus[7]=0;		level1_cnt_minus[7]=0
     level1_cnt_plus[8]=0;		level1_cnt_minus[8]=0
     level1_cnt_plus[9]=0;		level1_cnt_minus[9]=0

-----------------------------------------------------------------------
U-shapes refinement...
Refinement input: 111365 bricks
	Checking crit (111213 / 111365)...0 marked (0.007 s)
Refinement result (0 iterations): 111365 bricks (0.008 s)
Collecting and processing rays:
	Adding rays...OK (0.001 s)
	new bricks = 0 / 111365
	new rays   = 0 (x=0, y=0, z=0)
	Processing rays...
		Rays process:  0.000 (0.000) s
		Sort xstacks:  0.000 (0.000) s
		Put xstacks:   0.000 (0.000) s
		Total:         0.000 s
	Correcting rays...
		Total:         0.000 s
	Time (rays): 0.001 s
Capturing (0 / 111365)...OK (0.001 s)
-----------------------------------------------------------------------

-----------------------------------------------------------------------
Equi Distant Refiner:
Equi Distant Refiner takes 0.00 s
-----------------------------------------------------------------------

/-Ray Intersection---------------/ Time	0.393 s
Calls                7876
CorrectRay Calls     0



-----------------------------------------------------------------------
Refining geometries takes 0.250 s
-----------------------------------------------------------------------
-----------------------------------------------------------------------
Memory Working Set Current = 100.02 Mb, Memory Working Set Peak = 100.02 Mb
Memory Private Bytes Current = 100.09 Mb, Memory Private Bytes Peak = 100.09 Mb
Process Threads Number: 12
-----------------------------------------------------------------------
Defect ray count	0
FYI: CNarrowChannelRefiner::RedistributeLevel1_step_1: is started
FYI: CNarrowChannelRefiner::RedistributeLevel1_step_1: is finished (0.001 s)
FYI: level1 statistics:
     level1_cnt_plus[1]=104;		level1_cnt_minus[1]=0
     level1_cnt_plus[2]=0;		level1_cnt_minus[2]=0
     level1_cnt_plus[3]=0;		level1_cnt_minus[3]=0
     level1_cnt_plus[4]=0;		level1_cnt_minus[4]=0
     level1_cnt_plus[5]=0;		level1_cnt_minus[5]=0
     level1_cnt_plus[6]=0;		level1_cnt_minus[6]=0
     level1_cnt_plus[7]=0;		level1_cnt_minus[7]=0
     level1_cnt_plus[8]=0;		level1_cnt_minus[8]=0
     level1_cnt_plus[9]=0;		level1_cnt_minus[9]=0
FYI: CNarrowChannelRefiner::RedistributeLevel1_step_2: is started
FYI: CNarrowChannelRefiner::RedistributeLevel1_step_2: is finished (0.043 s)
FYI: level1 statistics:
     level1_cnt_plus[1]=104;		level1_cnt_minus[1]=0
     level1_cnt_plus[2]=0;		level1_cnt_minus[2]=0
     level1_cnt_plus[3]=0;		level1_cnt_minus[3]=0
     level1_cnt_plus[4]=0;		level1_cnt_minus[4]=0
     level1_cnt_plus[5]=0;		level1_cnt_minus[5]=0
     level1_cnt_plus[6]=0;		level1_cnt_minus[6]=0
     level1_cnt_plus[7]=0;		level1_cnt_minus[7]=0
     level1_cnt_plus[8]=0;		level1_cnt_minus[8]=0
     level1_cnt_plus[9]=0;		level1_cnt_minus[9]=0
FYI: CNarrowChannelRefiner::RedistributeLevel1_step_3: is started
FYI: CNarrowChannelRefiner::RedistributeLevel1_step_3: is finished (0.004 s)
RedistributeLevel1 takes:
FYI: level1 statistics:
     level1_cnt_plus[1]=104;		level1_cnt_minus[1]=0
     level1_cnt_plus[2]=0;		level1_cnt_minus[2]=0
     level1_cnt_plus[3]=0;		level1_cnt_minus[3]=0
     level1_cnt_plus[4]=0;		level1_cnt_minus[4]=0
     level1_cnt_plus[5]=0;		level1_cnt_minus[5]=0
     level1_cnt_plus[6]=0;		level1_cnt_minus[6]=0
     level1_cnt_plus[7]=0;		level1_cnt_minus[7]=0
     level1_cnt_plus[8]=0;		level1_cnt_minus[8]=0
     level1_cnt_plus[9]=0;		level1_cnt_minus[9]=0
-----------------------------------------------------------------------
MSH format builder (Iteration 0)
-----------------------------------------------------------------------
Memory Working Set Current = 102.61 Mb, Memory Working Set Peak = 102.61 Mb
Memory Private Bytes Current = 102.73 Mb, Memory Private Bytes Peak = 102.73 Mb
Process Threads Number: 12
-----------------------------------------------------------------------
Total bricks count: 111365
-----------------------------------------------------------------------
MSH (Real Geometry) format constructor:
	Geom    Count = 2
	Bodyset Count = 2
	3D task
	Getting brick sets...OK (0.003 s)

	Min x-stack xeps = 0.0116108
	D / dh / eps [axis=0] = (4.74839, 0.0444227, 4.44227e-05)
	D / dh / eps [axis=1] = (9.00502, 0.047042, 4.7042e-05)
	D / dh / eps [axis=2] = (3.42442, 0.0399516, 3.99516e-05)
	Time (xeps): 0.001 s
Level 1
	Set (0)  size: 76
	Set (0)  time: 0.004 s
	Set (1)  size: 76
	Set (1)  time: 0.001 s
Level 0
	Set (0)  size: 55608
	Set (0)  time: 0.038 s
	Set (1)  size: 55605
	Set (1)  time: 0.037 s

	Spread npq bricks...0 marked (0.001 s)

Result:
	Bricks number:                        111365

	Memory usage:                         1.995 MB
	Memory usage (per brick):             0.018 KB
	Construction time:                    0.087 s

	Topology features:
	------------------
	- High quality bricks                  100.00 % (111365)
	- Medium quality bricks                  0.00 % (0)
	- Bad quality bricks                     0.00 % (0)
	- NPQ bricks                             0.00 % (0)
	- Type-1 bricks                          1.61 % (1790)
	- Ribs corrected bricks                  0.00 % (0)
	- Points with geom-info (bricks)         0.00 % (0)
	- Points with closest-info (bricks)      0.00 % (2)
	- Triangulated by center (bricks)        0.00 % (0)
	- Facet w-faces mergings (bricks)        0.00 % (0)
	- To refine (bricks)                     0.00 % (0)
	- Points-count                           0.00 % (0)
	- T-self-intersection-all (bricks)       0.00 % (0)
	- T-self-intersection-simple (bricks)    0.00 % (0)
	- T-self-intersection-complex (bricks)   0.00 % (0)
	- NPQ by reason 1 u-shape                0.00 % (0)
	- NPQ by reason 2 tri-by-ctr             0.00 % (0)
	- NPQ by reason 3 ray-correction         0.00 % (0)
	- NPQ by reason 4 t-self-intersection    0.00 % (0)
	- NPQ by reason 5 non-good               0.00 % (0)
	- NPQ by reason 6 npq-worker             0.00 % (0)

-----------------------------------------------------------------------
Memory Working Set Current = 109.66 Mb, Memory Working Set Peak = 109.66 Mb
Memory Private Bytes Current = 107.99 Mb, Memory Private Bytes Peak = 107.99 Mb
Process Threads Number: 12
-----------------------------------------------------------------------
-----------------------------------------------------------------------
msh-iterations: 1
-----------------------------------------------------------------------
high---q-brick-count = 100.00 % (111365 111365)
medium-q-brick-count =   0.00 % (111365 0)
bad----q-brick-count =   0.00 % (111365 0)
np-----q-brick-count =   0.00 % (111365 0)
-----------------------------------------------------------------------
Free brick parser storage...OK(0.000 s)
-----------------------------------------------------------------------
Memory Working Set Current = 109.71 Mb, Memory Working Set Peak = 109.71 Mb
Memory Private Bytes Current = 107.99 Mb, Memory Private Bytes Peak = 107.99 Mb
Process Threads Number: 12
-----------------------------------------------------------------------
-----------------------------------------------------------------------
MSH --> BCF format (Iteration 0)...
BCF collector...(remove mode=0)
	Time (alloc counter per brick): 0.002 s
	Brick    count: 111365
	Av.f all count: 110991
	Av.s all count: 2166
	Av.f pid count: 1792
	Av.s pid count: 1790
	Faces fs count: 4533
	Faces ff count: 0
	Faces ss count: 0
	Faces bb count: 0
	Faces fe count: 14824
	Faces se count: 0
	Faces fw count: 19357
	Faces af count: 324876
	Faces as count: 5518
	Time (all count): 	0.007 s
	Time (bcf alloc): 	0.001 s
	Time (shifts alloc): 	0.004 s
	Time (shifts init): 	0.004 s
	Time (bcf fill): 	0.012 s
	Time (add av to faces): 0.001 s
	Time (add faces to av): 0.008 s
Time (bcf collect): 		0.043 s
	AV checker...
		Hole marker...
			Subdomains:               1.
			Subdomains (cond):        1.
			Time (sd):      0.022 s.
			Time (sd_cond): 0.020 s.
			Time (potential-hole marking): 	0.001 s
			Time (hole checking): 0.000 s.
			0 av(s) are marked to fill subdomain holes.
		Time (hole marker): 0.045 s.
	Time (check av): 	0.076 s
	Subdomain checker...
		Subdomains construction time: 0.014 s.
		Subdomains sort time: 0.000 s.
			Subdomain 0 (geom_ind=0): 110991 av
			Subdomain 1 (geom_ind=1): 2166 av
		gi: 0, real bodies: 1
		gi: 0, subdomains:  1
		gi: 1, real bodies: 0
		gi: 1, subdomains:  1
		Defect subdomains: 0
	Time (check subdoms): 	0.016 s
Time (bcf iteration total): 	0.137 s
	Time (fw-nb): 		0.002 s
	Fixed mutual fw-nb:     3371 (bb: 0)
	Time (fw-nb mutual): 	0.001 s
	Time (fw-nb sort): 	0.000 s
	Fw-opt BEFORE total:    19357 (fs=4533, ff=0, ss=0)
	Fw-opt AFTER  total:    17242 (fs=2418, ff=0, ss=0, failed fw/br=132/0, big_curv=0, big_poly=0)
	Fw-opt RESULT:          2115 (res/(fs+ff+ss) = 46.66 %)
	Time (fw-opt): 		0.002 s
	Time (fw-re-order): 	0.002 s
	Time (fw-nb): 		0.004 s
	Fixed mutual fw-nb:     34370 (bb: 0)
	Time (fw-nb mutual): 	0.002 s
	Time (fw-nb sort): 	0.000 s
	Time (rfd fix): 	0.000 s
	Time (av convexity): 	0.001 s
	Time (av small volume): 0.000 s
	Time (diagonal fw-nb): 	0.013 s
	Fixed mutual fw-nb:     0 (bb: 0)
	Time (fw-nb mutual): 	0.002 s
	Time (fw-nb sort): 	0.000 s
	Fluid subdomains: 1
	Faces fw-nb diff sd:    0
	Time (fw-nb diff sd): 	0.017 s
Time (bcf calc): 		0.053 s
-----------------------------------------------------------------------
Time (bcf total): 		0.190 s
-----------------------------------------------------------------------
bcf-iterations: 1
-----------------------------------------------------------------------
-----------------------------------------------------------------------
Mega-cv constructor for fluid...
	 0 av's is treated as thin
Relative size generator (threshold = 0.05)...
	Iteration 1 (small cluster count = 464)
	Iteration 2 (small cluster count = 239)
	Iteration 3 (small cluster count = 39)
	Iteration 4 (small cluster count = 15)
	Iteration 5 (small cluster count = 1)
	Iteration 6 (small cluster count = 0)
	 461 mega-cv's generated
	 0 mega-cv's removed
Relative size generator is completed OK (0.004 s)
Apply fa-rules to mega-cv clusters fixes...
	Fa-rule violation fixes:        3 of        3 (total cluster# =      464)
OK (0.001 s)
Convert clusters:
	 461 mega-cv's total
Mega-cv count: 461
Time (mega-cv fill): 	0.000 s
Time (mega-cv total): 	0.023 s
-----------------------------------------------------------------------
Mixing plane rotation regions: NO.
Sliding mesh rotation regions: NO.
Fluid/fluid faces: NO.
-----------------------------------------------------------------------
Memory Working Set Current = 136.38 Mb, Memory Working Set Peak = 156.68 Mb
Memory Private Bytes Current = 154.00 Mb, Memory Private Bytes Peak = 158.27 Mb
Process Threads Number: 12
-----------------------------------------------------------------------
----------------------------------------------------------
BCF --> BCF.GEOMSUBDOM (bridge arrays):
MESH (0):
	Fluid Subdom Constructor: 1 subdom(s).
	Solid Subdom Constructor: 1 subdom(s).
	Net Asm Subdom Constructor: 0 subdom(s).
	GEOMSUBDOM (0): gi=0 Fluid av=110991 cv=110526 fa=324876 fb=0 fw=17242 V=1.455275e+02
	Cache data...OK
	GEOMSUBDOM (1): gi=1 Solid av=2166 cv=2166 fa=5518 fb=0 fw=2418 V=8.985611e-01
	Cache data...OK
	Setting nb of w-faces...OK (0.002 s).
	Correcting nb of w-faces...
	Time(correct_fw_nb)=0.003 s

MESH (0) checking:
	GEOMSUBDOM (0):fa_s=3890.7720305863376780 fb_s=0.0000000000000000 fw_s=191.7430800615260864 fw_nb=138994
	              :d_const(26155)=9.16441e-13 d_linear(26155)=3.17549e-12
	GEOMSUBDOM (1):fa_s=29.5223949533102257 fb_s=0.0000000000000000 fw_s=12.0294330461800918 fw_nb=20426
	              :d_const(105)=2.1955e-12 d_linear(1726)=5.97294e-12
MESH (0) checking: OK.
Time (MDS): 	0.115 s
----------------------------------------------------------
-----------------------------------------------------------------------
Memory Working Set Current = 172.68 Mb, Memory Working Set Peak = 172.68 Mb
Memory Private Bytes Current = 187.93 Mb, Memory Private Bytes Peak = 187.93 Mb
Process Threads Number: 12
-----------------------------------------------------------------------

-----------------------------------------------------------------------
BCF CHECKSUM DATA (Mesh 0):

BRICK |Level1| Sum:               104
FACE_A Area Sum:   G.Fluid        3890.7720305863299473
FACE_A Area Sum:   G.Solid        29.5223949533102257
FACE_W Area Sum:                  191.7430800615260864
FACE_W Nb   Sum:                  138994
FACE_W min curvatures sum:        -16254.47865250
FACE_W max curvatures sum:        11737381.19732876
AV Max Disbalance(Const) :        2.1955e-12 (cid=63856, t={22, 52, 36}, avid=112531, pid=1182)
AV Max Disbalance(Linear):        7.0448e-12 (cid=64478, t={34, 80, 36}, avid=64121, pid=1497)
-----------------------------------------------------------------------


-----------------------------------------------------------------------
MESHER TOPOLOGY DATA:

BRICKS: Total                 111365
BRICKS: Fluid                 110989
BRICKS: Fluid Partial         1790
BRICKS: Type 1                1790
BRICKS: Max AV number         3

AV:     G.Total               113157
AV:     G.Fluid               110991
AV:     G.Solid               2166

AV:     G.Fluid Thin Profile    0.00 % (0)
AV:     G.Solid Thin Profile    0.09 % (2)

AV:     G.Fluid Thin For Mega   0.00 % (0)
AV:     G.Solid Thin For Mega   0.09 % (2)

AV:     G.Fluid Non-Convex      0.91 % (1007)
AV:     G.Solid Non-Convex     45.94 % (995)

AV:     G.Fluid Non-Ess-Convex      0.37 % (406)
AV:     G.Solid Non-Ess-Convex     10.39 % (225)

FACE_A: G.Fluid          (af) 324876 (partially opened 3600)
FACE_A: G.Solid          (as) 5518 (partially opened 3594)

FACE_B: G.Total          (b)  0

FACE_W: G.Total                 17242       Brick/Bound
FACE_W: G.Fluid/Solid    (fs_g) 2418        0           
FACE_W: G.Fluid/Fluid    (ff_g) 0           0           
FACE_W: G.Solid/Solid    (ss_g) 0           0           
FACE_W: G.Fluid/Void     (fv_g) 0           0           
FACE_W: G.Fluid/External (fe_g) 14824
FACE_W: G.Solid/External (se_g) 0

AV/CV max fa count (on brick side):4
AV/CV max fw count:                4
AV/CV max fb count:                0
AV/CV max fw poly count:           12

MEMORY: Total                   32.988 MB
MEMORY: Per Brick               0.303 KB
-----------------------------------------------------------------------

-----------------------------------------------------------------------
Connectivities information:
	Number of conns: 0
-----------------------------------------------------------------------
	Time (gap size): 	0.030 s
-----------------------------------------------------------------------
Memory Working Set Current = 172.71 Mb, Memory Working Set Peak = 172.71 Mb
Memory Private Bytes Current = 187.93 Mb, Memory Private Bytes Peak = 187.93 Mb
Process Threads Number: 12
-----------------------------------------------------------------------
-----------------------------------------------------------------------
Calculating curvature and tolerance criteria...
Curvature: min=0 (cid=0) max=3.08646 (cid=57919)
Tolerance: min=0 (cid=0) max=0.052368 (cid=57826)
Calculating curvature and tolerance criteria takes 0.079 s
-----------------------------------------------------------------------
MESH Build(FS) finished. Time=0.899 s
-----------------------------------------------------------------------
Current CPU = 1 sec

Nx=44
Ny=79
Nz=32
Max BRICK Level=1
Mesh Level=1
-----------------CModelBodies2MeshMapper::CollectData started -------------------------------
	Time (collect mesh base data): 0.001 s.
	Time (collect model bodies mapping): 0.000 s.
	Time (collect positive bodies mapping): 0.000 s.
	Time (collect fluid bodies mapping): 0.000 s.
-----------------CModelBodies2MeshMapper Report -------------------------------
FluidDomains 1 SolidDomains 1 VoidDomains 0 
Domains RefIndexes
----------------- -------------------------------
	ModelBodies
Total resolved Bodies 0 BodySets 0

--------------------------------------------------------------------------
	Positive geometry Bodies
Total resolved Bodies 1 BodySets 1
BodySet 0
	Bodies list:
			#0	Name: ;	ID: ba259024-f429-4300-a77c-490ea5229fdd
	Domains list:mesh type	 (0, 1)		 0 


--------------------------------------------------------------------------
	Fluid regions
Total resolved Bodies 1 BodySets 1
BodySet 0	Material: Air; 
	Bodies list:
			#0	Name: ;	ID: ba259024-f429-4300-a77c-490ea5229fdd
	Domains list:mesh type	 (0, 1)		 0 


--------------------------------------------------------------------------
Collect data takes...0.002 s
-----------------CModelBodies2MeshMapper::CollectData finished successfully-------------------
Saving initial mesh in: C:\Users\juded\OneDrive\Desktop\Car shit\18\18.fld .
Storing results...
	Estimated CPT size=12.263 MB.
	Time (write bcf): 0.277 s
Storing results takes 0.288 s
-----------------------------------------------------------------------
Memory Working Set Current = 173.04 Mb, Memory Working Set Peak = 173.04 Mb
Memory Private Bytes Current = 187.93 Mb, Memory Private Bytes Peak = 187.93 Mb
Process Threads Number: 12
-----------------------------------------------------------------------
Cleaning memory...
-----------------------------------------------------------------------
Start to free mesher data...
MMP (msh): locals=3, allc_sz=13.68 MB, used_sz=13.60 MB, blks-min-max=1/29
MMP (brx): locals=6, allc_sz=15.65 MB, used_sz=14.57 MB, blks-min-max=16/21
MMP (bcf): locals=6, allc_sz=48.90 MB, used_sz=47.29 MB, blks-min-max=18/41
MMP (xsl): locals=6, allc_sz=0.15 MB, used_sz=0.09 MB, blks-min-max=1/2
Free xsl...            OK	Time=0.000 s
Free ray collector...  OK	Time=0.000 s
Free ray intersector...OK	Time=0.000 s
Free body sets...      OK	Time=0.010 s
Free Geometry DB takes 0.000 s
Free mesh conn...      OK	Time=0.000 s
Free geomsd...         OK	Time=0.000 s
Free mbricks...        OK	Time=0.002 s
Free hash info...      OK	Time=0.002 s
Free bricks-x...       OK	Time=0.001 s
Free bcf...            OK	Time=0.004 s
Free mesh h...         OK	Time=0.000 s
Free bricks arr..      OK	Time=0.000 s
Free bricks tree...    OK	Time=0.000 s
Free mesh pools...     OK	Time=0.008 s
Free bodies mapper...  OK	Time=0.000 s
Free geom crits...     OK	Time=0.000 s
Free cpt regions...    OK	Time=0.000 s
Free peculiar surfs... OK	Time=0.000 s
Free sw-geometries...  OK	Time=0.000 s
Total free mesher data time: 0.030 s
-----------------------------------------------------------------------
Copying... OK
CPT size=3.774 MB (3957563 bytes).
Mesh generation normally finished at	14.12.2024	18:21:5
Mesher CPU = 2 sec
Mesher is finished at	14.12.2024	18:21:5
-----------------------------------------------------------------------
Memory Working Set Current = 34.59 Mb, Memory Working Set Peak = 173.04 Mb
Memory Private Bytes Current = 46.29 Mb, Memory Private Bytes Peak = 187.93 Mb
Process Threads Number: 12
-----------------------------------------------------------------------
Algebra Pool      : mem_usage = 3.12 Mb, allocated count = 0
-----------------------------------------------------------------------
Memory Working Set Current = 31.57 Mb, Memory Working Set Peak = 173.04 Mb
Memory Private Bytes Current = 43.22 Mb, Memory Private Bytes Peak = 187.93 Mb
Process Threads Number: 12
Process Threads Number Peak: 12
-----------------------------------------------------------------------
Log ended at 14.12.2024	18:21:05
