Log started at 18.03.2025	15:17:04
Number of used processors (NPROC): 8.
Number of mesh partitions (NPART): 8.
Total Physical Memory = 17.96 Gb, Available Physical Memory = 4.42 Gb
Computer name:	DESKTOP-9NTJJ53
Operating system:	Windows 10 (Version 10.0.19045)

Commandline:	"C:\Program Files\SOLIDWORKS Corp\SOLIDWORKS Flow Simulation\BINCFW\efdsolver.exe" /config:"C:\Users\attic\Documents\GitHub\Mechanical\SeattleSolarCar2024-2025\Aeroshells\solid car new\5\5.xmlconfig" /guid:2624ddcf-1b11-46ba-8f3a-47f4e1e25dd2 /processors:max /m /s /prjnamelm:"Flow Simulation 2023" /prjnamehabout:"Flow Simulation 2023" /companyname:"COSMOS Applications" /prjaliasid:1009 /lang:English /port:60183

SOLIDWORKS 2023 SP2.1
Flow Simulation 2023  x64 / 5965

Project: C:\Users\attic\Documents\GitHub\Mechanical\SeattleSolarCar2024-2025\Aeroshells\solid car new\5\5.xmlconfig
Configuration name: Default
Project name: Project(1)
Problem type: external-with-void-internal-space-type
Exclude cavities without flow conditions: ON
NGK: OFF
MBO: OFF
-----------------------------------------------------------------------
Mesher option run = eRunMesherNormal
-----------------------------------------------------------------------

Mesh generation started:	18.3.2025	15:17:4
-----------------------------------------------------------------------
Memory Working Set Current = 14.93 Mb, Memory Working Set Peak = 14.93 Mb
Memory Private Bytes Current = 15.93 Mb, Memory Private Bytes Peak = 15.93 Mb
Process Threads Number: 7
-----------------------------------------------------------------------
Mesher adjust APD = OFF; AdjustAPD_method=0; N_per_Channel = 0; N2_per_Channel = 0
Current CPU = 0 sec
-----------------------------------------------------------------------
Geometries initialization:
-----------------------------------------------------------------------
Loading mesh settings (global/local)...
-----------------------------------------------------------------------
Number of geometries from DB: 1
Geometry(0):
	Guid = {00000000-0000-0000-0000-000000000000}
	Fluid..
	2 Bodies.
	1 Real body.
	-- Bodyset 0 --
		Tolerance=0.000472691.
		20 Face(s).
			20 of b-spline type.
		0 Face(s) that have no ref faces
		7 Plane surface(s).
		9 B- surface(s).
		4 Extrude surface(s).
		23380 Triangle(s).
		Getting triangle connectivities from DB: 0.003 s
		53 Edge(s).
			53 of b-spline type.
		BodyGeom reading: 0.073 s.
		23380 Reference Triangles.
		Getting triangle connectivities from DB (Ref): 0.003 s
		BodyGeom Ref reading: 0.006 s.
Geometry(1):
	Solid.
	-- Bodyset 1 --
	Empty
-----------------------------------------------------------------------
Number of geometries in task: 2
	G : 0	Type: Fluid
	G : 1	Type: Solid
Number of bodysets   in task: 2
-----------------------------------------------------------------------
BodySet (0):
	Making hash and connectivity for Bodyset ...
		CBodyGeom:
		Hash size: {36, 32, 248}.
		Mesh size: {36, 32, 62}.
		Hashing triangles...Ok.
			axis(0) tr sizes: average=26 max=284
			axis(1) tr sizes: average=17 max=211
			axis(2) tr sizes: average=92 max=390
		Number of t-connected sets:2 (cavity=0)
		CBodyGeomRef:
		Hashing triangles...Ok.
			axis(0) tr sizes: average=45 max=329
			axis(1) tr sizes: average=31 max=339
			axis(2) tr sizes: average=87 max=384
	0.077 s.
Geometries reading and preparing has taken 0.172 s.
-----------------------------------------------------------------------
Mapped triangles:
Hashing rough geometry(bodies) triangulation:
BodySet (0):
	Triangles num=23380
	Triangles box={-0.686732 ,1.11327 ,-0.916243 ,0.0137813 ,-2.70263 ,2.30307}
		3d-hash size is 443832 bytes
BodySet (1):
no log info (empty stream)

Mapped triangles processed in 0.080 s.
-----------------------------------------------------------------------
-----------------------------------------------------------------------
Getting sectors:
Number of sectors: 0
-----------------------------------------------------------------------
-----------------------------------------------------------------------
Bodies:     2
Faces:      20
Edges:      53
Triangles:  23380
-----------------------------------------------------------------------

Current CPU = 1 sec
-----------------------------------------------------------------------
Memory Working Set Current = 36.00 Mb, Memory Working Set Peak = 41.65 Mb
Memory Private Bytes Current = 35.48 Mb, Memory Private Bytes Peak = 41.05 Mb
Process Threads Number: 14
-----------------------------------------------------------------------
-----------------------------------------------------------------------
Checking faces on CD...
FCD = [0 0 0 0 0 0]
FCD_conflicts = 0
Time (check faces on CD)=0.001 s
-----------------------------------------------------------------------

-----------------------------------------------------------------------
Mesh dimensions:
				I[0 ]=36
				I[1 ]=32
				I[2 ]=62

Comp. domain size:
				a[0  ]=-3.68775
				a[1  ]=4.11572
				a[2  ]=-3.75258
				a[3  ]=2.86509
				a[4  ]=-7.42954
				a[5  ]=5.13921

Fluid calculated			1
Solid calculated			0
-----------------------------------------------------------------------
MESH Build started...
-----------------------------------------------------------------------
Mesh LEVEL = 1
-----------------------------------------------------------------------
-----------------------------------------------------------------------
CPT-mode xeps:
	D / dh / eps [axis=0] = (7.80347, 0.0870229, 8.70229e-05)
	D / dh / eps [axis=1] = (6.61767, 0.0772054, 7.72054e-05)
	D / dh / eps [axis=2] = (12.5688, 0.0897305, 8.97305e-05)
-----------------------------------------------------------------------
Initial allocation and brick-body-box intersection...OK (0.003 s)
Initial triangle brick intersection...OK (0.002 s)
Setting regions (71424 / 71424)...OK (0.002 s)
-----------------------------------------------------------------------
Base mesh info:
	3D task
	Nx=36
	Ny=32
	Nz=62
	N(Nx*Ny*Nz) = 1152
	Period    axis=[0, 0, 0]
	Symmetry  ni=[0 0 0 0 0 0]
	ZoomingBC ni=[0 0 0 0 0 0]
	Nx=36
		x[0]=-3.68775
		x[1]=-3.37849
		x[2]=-3.08446
		x[3]=-2.80482
		x[4]=-2.53888
		x[5]=-2.28595
		x[6]=-2.04541
		x[7]=-1.81665
		x[8]=-1.59908
		x[9]=-1.39217
		x[10]=-1.19538
		x[11]=-1.00823
		x[12]=-0.830243
		x[13]=-0.656197
		x[14]=-0.48215
		x[15]=-0.308103
		x[16]=-0.134056
		x[17]=0.0399907
		x[18]=0.214038
		x[19]=0.388085
		x[20]=0.562132
		x[21]=0.736179
		x[22]=0.910226
		x[23]=1.08427
		x[24]=1.25832
		x[25]=1.4363
		x[26]=1.62345
		x[27]=1.82023
		x[28]=2.02715
		x[29]=2.24471
		x[30]=2.47349
		x[31]=2.71403
		x[32]=2.96697
		x[33]=3.23293
		x[34]=3.51258
		x[35]=3.80663
		x[36]=4.11572
	Ny=32
		y[0]=-3.75258
		y[1]=-3.46264
		y[2]=-3.18682
		y[3]=-2.92438
		y[4]=-2.67465
		y[5]=-2.43702
		y[6]=-2.21091
		y[7]=-1.99576
		y[8]=-1.79103
		y[9]=-1.59622
		y[10]=-1.41086
		y[11]=-1.23448
		y[12]=-1.06664
		y[13]=-0.906938
		y[14]=-0.752527
		y[15]=-0.598115
		y[16]=-0.443703
		y[17]=-0.289291
		y[18]=-0.134878
		y[19]=0.019534
		y[20]=0.179225
		y[21]=0.347051
		y[22]=0.523427
		y[23]=0.708788
		y[24]=0.903592
		y[25]=1.10832
		y[26]=1.32348
		y[27]=1.5496
		y[28]=1.78723
		y[29]=2.03698
		y[30]=2.29944
		y[31]=2.57528
		y[32]=2.86509
	Nz=62
		z[0]=-7.42954
		z[1]=-7.12667
		z[2]=-6.83792
		z[3]=-6.56255
		z[4]=-6.29996
		z[5]=-6.04955
		z[6]=-5.81075
		z[7]=-5.58302
		z[8]=-5.36586
		z[9]=-5.15877
		z[10]=-4.96128
		z[11]=-4.77295
		z[12]=-4.59336
		z[13]=-4.41029
		z[14]=-4.22722
		z[15]=-4.04415
		z[16]=-3.86109
		z[17]=-3.67802
		z[18]=-3.49495
		z[19]=-3.31188
		z[20]=-3.12882
		z[21]=-2.94575
		z[22]=-2.76268
		z[23]=-2.57962
		z[24]=-2.39655
		z[25]=-2.21348
		z[26]=-2.03041
		z[27]=-1.84735
		z[28]=-1.66428
		z[29]=-1.48121
		z[30]=-1.29814
		z[31]=-1.11508
		z[32]=-0.932011
		z[33]=-0.748943
		z[34]=-0.565876
		z[35]=-0.382809
		z[36]=-0.199742
		z[37]=-0.0202805
		z[38]=0.159181
		z[39]=0.338643
		z[40]=0.518105
		z[41]=0.697567
		z[42]=0.877029
		z[43]=1.05649
		z[44]=1.23595
		z[45]=1.41541
		z[46]=1.59488
		z[47]=1.77434
		z[48]=1.9538
		z[49]=2.13326
		z[50]=2.31272
		z[51]=2.49219
		z[52]=2.67801
		z[53]=2.87323
		z[54]=3.07831
		z[55]=3.29374
		z[56]=3.52006
		z[57]=3.75781
		z[58]=4.00756
		z[59]=4.26994
		z[60]=4.54556
		z[61]=4.83511
		z[62]=5.13921
-----------------------------------------------------------------------
Input_mesh_settings--------------------------------
Settings 0----------------
	Scope: GLOBAL
	Type:	------MESHER_SETTINGS----------
	RefAllCells           =0
	RefFluidCells         =0
	RefPartCells          =0
	RefSolidCells         =0
	l_SSFR(Capture crit)  =1
	l_curv(Curvature crit)=0
	l_tol(Tolerance crit) =0
	UseChannelRef         =1
	  NCR_method          =0
	  l_NCR               =1
	  N_gap               =5
	  Use d_NCR_min       =0
	  Use d_NCR_max       =0
	CloseThinSlotsHeight         =0
	--END_OF_MESHER_SETTINGS-------
End of input mesh settings-------------------------
-----------------------------------------------------------------------
Memory Working Set Current = 53.35 Mb, Memory Working Set Peak = 53.35 Mb
Memory Private Bytes Current = 54.40 Mb, Memory Private Bytes Peak = 54.40 Mb
Process Threads Number: 14
-----------------------------------------------------------------------
MMP (msh): locals=1, allc_sz=9.41 MB, used_sz=8.72 MB, blks-min-max=27/27
MMP (brx): locals=8, allc_sz=9.27 MB, used_sz=8.20 MB, blks-min-max=4/18
MMP (bcf): locals=0, allc_sz=0.00 MB, used_sz=0.00 MB, blks-min-max=0/0
MMP (xsl): locals=0, allc_sz=0.00 MB, used_sz=0.00 MB, blks-min-max=0/0
NxNyNz = [36, 32, 62]
base_dx=0.208762; 
NxNyNz_reverse = [37, 32, 60]

-----------------------------------------------------------------------
Refining geometries:
-----------------------------------------------------------------------

-----------------------------------------------------------------------
Refining by triangulation...
Refinement input: 71424 bricks
	Checking crit (71424 / 71424)...80 marked (0.027 s)
	Time(refinement): 0.000 s
Setting regions (640 / 71984)...OK (0.001 s)
	Checking crit (0 / 71984)...0 marked (0.001 s)
Refinement result (1 iterations): 71984 bricks (0.037 s)
Refinement input: 71984 bricks
	Checking crit (71344 / 71984)...0 marked (0.003 s)
Refinement result (0 iterations): 71984 bricks (0.003 s)
Collecting and processing rays:
	Adding rays...OK (0.010 s)
	new bricks = 71984 / 71984
	new rays   = 6137 (x=2194, y=2652, z=1291)
	Processing rays...
		Rays process:  0.268 (0.268) s
		Sort xstacks:  0.000 (0.000) s
		Put xstacks:   0.001 (0.001) s
		Total:         0.269 s
	Correcting rays...
		Lame vertices: 0.006 (0.006) s
		Bad rays:      0.000 (0.000) s
		Emit rays:     0.000 (0.000) s
		Correct ray f: 0.000 (0.000) s
		Undef:         0.000 (0.000) s
		Sum:           0.006 (0.006) s
		Total:         0.007 s
	Time (rays): 0.287 s
Capturing (71984 / 71984)...OK (0.006 s)
Refining by triangulation takes 0.333 s
-----------------------------------------------------------------------

-----------------------------------------------------------------------
Refining peculiar surfaces...
Collecting and processing rays:
	Adding rays...OK (0.001 s)
	new bricks = 0 / 71984
	new rays   = 0 (x=0, y=0, z=0)
	Processing rays...
		Rays process:  0.000 (0.000) s
		Sort xstacks:  0.000 (0.000) s
		Put xstacks:   0.000 (0.000) s
		Total:         0.001 s
	Correcting rays...
		Total:         0.000 s
	Time (rays): 0.003 s
Capturing (0 / 71984)...OK (0.002 s)
0 surfaces refined
Refining peculiar surfaces takes 0.005 s
-----------------------------------------------------------------------

-----------------------------------------------------------------------
Base mesh 1 Refining...
Collecting and processing rays:
	Adding rays...OK (0.001 s)
	new bricks = 0 / 71984
	new rays   = 0 (x=0, y=0, z=0)
	Processing rays...
		Rays process:  0.000 (0.000) s
		Sort xstacks:  0.000 (0.000) s
		Put xstacks:   0.000 (0.000) s
		Total:         0.000 s
	Correcting rays...
		Total:         0.000 s
	Time (rays): 0.002 s
Capturing (0 / 71984)...OK (0.002 s)
Refinement input: 71984 bricks
	Checking crit (71344 / 71984)...0 marked (0.002 s)
Refinement result (0 iterations): 71984 bricks (0.003 s)
-----------------------------------------------------------------------
Refining channels...
FYI: CNarrowChannelRefiner::RefineChannels_PRLL
Refinement input: 71984 bricks
	Time(refinement): 0.000 s
Setting regions (208 / 72166)...OK (0.001 s)
Refinement result (1 iterations): 72166 bricks (0.007 s)
Collecting and processing rays:
	Adding rays...OK (0.000 s)
	new bricks = 208 / 72166
	new rays   = 93 (x=0, y=87, z=6)
	Processing rays...
		Rays process:  0.000 (0.000) s
		Sort xstacks:  0.000 (0.000) s
		Put xstacks:   0.000 (0.000) s
		Total:         0.001 s
	Correcting rays...
		Lame vertices: 0.001 (0.001) s
		Bad rays:      0.000 (0.000) s
		Emit rays:     0.000 (0.000) s
		Correct ray f: 0.000 (0.000) s
		Undef:         0.000 (0.000) s
		Sum:           0.001 (0.001) s
		Total:         0.001 s
	Time (rays): 0.003 s
Capturing (208 / 72166)...OK (0.001 s)
FYI: m_iteration_count = 0
FYI: level1 statistics:
     level1_cnt_plus[1]=208;		level1_cnt_minus[1]=0
     level1_cnt_plus[2]=0;		level1_cnt_minus[2]=0
     level1_cnt_plus[3]=0;		level1_cnt_minus[3]=0
     level1_cnt_plus[4]=0;		level1_cnt_minus[4]=0
     level1_cnt_plus[5]=0;		level1_cnt_minus[5]=0
     level1_cnt_plus[6]=0;		level1_cnt_minus[6]=0
     level1_cnt_plus[7]=0;		level1_cnt_minus[7]=0
     level1_cnt_plus[8]=0;		level1_cnt_minus[8]=0
     level1_cnt_plus[9]=0;		level1_cnt_minus[9]=0
FYI: m_iteration_count = 1
FYI: level1 statistics:
     level1_cnt_plus[1]=208;		level1_cnt_minus[1]=0
     level1_cnt_plus[2]=0;		level1_cnt_minus[2]=0
     level1_cnt_plus[3]=0;		level1_cnt_minus[3]=0
     level1_cnt_plus[4]=0;		level1_cnt_minus[4]=0
     level1_cnt_plus[5]=0;		level1_cnt_minus[5]=0
     level1_cnt_plus[6]=0;		level1_cnt_minus[6]=0
     level1_cnt_plus[7]=0;		level1_cnt_minus[7]=0
     level1_cnt_plus[8]=0;		level1_cnt_minus[8]=0
     level1_cnt_plus[9]=0;		level1_cnt_minus[9]=0
FYI: level1 statistics:
     level1_cnt_plus[1]=208;		level1_cnt_minus[1]=0
     level1_cnt_plus[2]=0;		level1_cnt_minus[2]=0
     level1_cnt_plus[3]=0;		level1_cnt_minus[3]=0
     level1_cnt_plus[4]=0;		level1_cnt_minus[4]=0
     level1_cnt_plus[5]=0;		level1_cnt_minus[5]=0
     level1_cnt_plus[6]=0;		level1_cnt_minus[6]=0
     level1_cnt_plus[7]=0;		level1_cnt_minus[7]=0
     level1_cnt_plus[8]=0;		level1_cnt_minus[8]=0
     level1_cnt_plus[9]=0;		level1_cnt_minus[9]=0

-----------------------------------------------------------------------
U-shapes refinement...
Refinement input: 72166 bricks
	Checking crit (71318 / 72166)...0 marked (0.008 s)
Refinement result (0 iterations): 72166 bricks (0.009 s)
Collecting and processing rays:
	Adding rays...OK (0.001 s)
	new bricks = 0 / 72166
	new rays   = 0 (x=0, y=0, z=0)
	Processing rays...
		Rays process:  0.000 (0.000) s
		Sort xstacks:  0.000 (0.000) s
		Put xstacks:   0.000 (0.000) s
		Total:         0.000 s
	Correcting rays...
		Total:         0.000 s
	Time (rays): 0.001 s
Capturing (0 / 72166)...OK (0.002 s)
-----------------------------------------------------------------------

-----------------------------------------------------------------------
Equi Distant Refiner:
Equi Distant Refiner takes 0.00 s
-----------------------------------------------------------------------

/-Ray Intersection---------------/ Time	1.827 s
Calls                6230
CorrectRay Calls     0



-----------------------------------------------------------------------
Refining geometries takes 0.420 s
-----------------------------------------------------------------------
-----------------------------------------------------------------------
Memory Working Set Current = 60.13 Mb, Memory Working Set Peak = 60.14 Mb
Memory Private Bytes Current = 60.66 Mb, Memory Private Bytes Peak = 60.66 Mb
Process Threads Number: 14
-----------------------------------------------------------------------
Defect ray count	0
FYI: CNarrowChannelRefiner::RedistributeLevel1_step_1: is started
FYI: CNarrowChannelRefiner::RedistributeLevel1_step_1: is finished (0.001 s)
FYI: level1 statistics:
     level1_cnt_plus[1]=208;		level1_cnt_minus[1]=0
     level1_cnt_plus[2]=0;		level1_cnt_minus[2]=0
     level1_cnt_plus[3]=0;		level1_cnt_minus[3]=0
     level1_cnt_plus[4]=0;		level1_cnt_minus[4]=0
     level1_cnt_plus[5]=0;		level1_cnt_minus[5]=0
     level1_cnt_plus[6]=0;		level1_cnt_minus[6]=0
     level1_cnt_plus[7]=0;		level1_cnt_minus[7]=0
     level1_cnt_plus[8]=0;		level1_cnt_minus[8]=0
     level1_cnt_plus[9]=0;		level1_cnt_minus[9]=0
FYI: CNarrowChannelRefiner::RedistributeLevel1_step_2: is started
FYI: CNarrowChannelRefiner::RedistributeLevel1_step_2: is finished (0.029 s)
FYI: level1 statistics:
     level1_cnt_plus[1]=208;		level1_cnt_minus[1]=0
     level1_cnt_plus[2]=0;		level1_cnt_minus[2]=0
     level1_cnt_plus[3]=0;		level1_cnt_minus[3]=0
     level1_cnt_plus[4]=0;		level1_cnt_minus[4]=0
     level1_cnt_plus[5]=0;		level1_cnt_minus[5]=0
     level1_cnt_plus[6]=0;		level1_cnt_minus[6]=0
     level1_cnt_plus[7]=0;		level1_cnt_minus[7]=0
     level1_cnt_plus[8]=0;		level1_cnt_minus[8]=0
     level1_cnt_plus[9]=0;		level1_cnt_minus[9]=0
FYI: CNarrowChannelRefiner::RedistributeLevel1_step_3: is started
FYI: CNarrowChannelRefiner::RedistributeLevel1_step_3: is finished (0.012 s)
RedistributeLevel1 takes:
FYI: level1 statistics:
     level1_cnt_plus[1]=208;		level1_cnt_minus[1]=38
     level1_cnt_plus[2]=0;		level1_cnt_minus[2]=0
     level1_cnt_plus[3]=0;		level1_cnt_minus[3]=0
     level1_cnt_plus[4]=0;		level1_cnt_minus[4]=0
     level1_cnt_plus[5]=0;		level1_cnt_minus[5]=0
     level1_cnt_plus[6]=0;		level1_cnt_minus[6]=0
     level1_cnt_plus[7]=0;		level1_cnt_minus[7]=0
     level1_cnt_plus[8]=0;		level1_cnt_minus[8]=0
     level1_cnt_plus[9]=0;		level1_cnt_minus[9]=0
-----------------------------------------------------------------------
MSH format builder (Iteration 0)
-----------------------------------------------------------------------
Memory Working Set Current = 61.80 Mb, Memory Working Set Peak = 61.81 Mb
Memory Private Bytes Current = 62.36 Mb, Memory Private Bytes Peak = 62.36 Mb
Process Threads Number: 14
-----------------------------------------------------------------------
Total bricks count: 72166
-----------------------------------------------------------------------
MSH (Real Geometry) format constructor:
	Geom    Count = 2
	Bodyset Count = 2
	3D task
	Getting brick sets...OK (0.002 s)

	Min x-stack xeps = 0.0020801
	D / dh / eps [axis=0] = (7.80347, 0.0870229, 8.70229e-05)
	D / dh / eps [axis=1] = (6.61767, 0.0772061, 7.72061e-05)
	D / dh / eps [axis=2] = (12.5688, 0.0897305, 8.97305e-05)
	Time (xeps): 0.001 s
Level 1
	Set (0)  size: 424
	Set (0)  time: 0.032 s
	Set (1)  size: 424
	Set (1)  time: 0.011 s
Level 0
	Set (0)  size: 35659
	Set (0)  time: 0.027 s
	Set (1)  size: 35659
	Set (1)  time: 0.039 s

	Spread npq bricks...0 marked (0.002 s)

Result:
	Bricks number:                        72166

	Memory usage:                         1.257 MB
	Memory usage (per brick):             0.018 KB
	Construction time:                    0.118 s

	Topology features:
	------------------
	- High quality bricks                  100.00 % (72166)
	- Medium quality bricks                  0.00 % (0)
	- Bad quality bricks                     0.00 % (0)
	- NPQ bricks                             0.00 % (0)
	- Type-1 bricks                          1.29 % (931)
	- Ribs corrected bricks                  0.00 % (0)
	- Points with geom-info (bricks)         0.00 % (0)
	- Points with closest-info (bricks)      0.01 % (6)
	- Triangulated by center (bricks)        0.00 % (0)
	- Facet w-faces mergings (bricks)        0.00 % (0)
	- To refine (bricks)                     0.00 % (0)
	- Points-count                           0.00 % (0)
	- T-self-intersection-all (bricks)       0.00 % (0)
	- T-self-intersection-simple (bricks)    0.00 % (0)
	- T-self-intersection-complex (bricks)   0.00 % (0)
	- NPQ by reason 1 u-shape                0.00 % (0)
	- NPQ by reason 2 tri-by-ctr             0.00 % (0)
	- NPQ by reason 3 ray-correction         0.00 % (0)
	- NPQ by reason 4 t-self-intersection    0.00 % (0)
	- NPQ by reason 5 non-good               0.00 % (0)
	- NPQ by reason 6 npq-worker             0.00 % (0)

-----------------------------------------------------------------------
Memory Working Set Current = 67.58 Mb, Memory Working Set Peak = 67.59 Mb
Memory Private Bytes Current = 67.88 Mb, Memory Private Bytes Peak = 67.88 Mb
Process Threads Number: 14
-----------------------------------------------------------------------
-----------------------------------------------------------------------
msh-iterations: 1
-----------------------------------------------------------------------
high---q-brick-count = 100.00 % (72166 72166)
medium-q-brick-count =   0.00 % (72166 0)
bad----q-brick-count =   0.00 % (72166 0)
np-----q-brick-count =   0.00 % (72166 0)
-----------------------------------------------------------------------
Free brick parser storage...OK(0.002 s)
-----------------------------------------------------------------------
Memory Working Set Current = 67.62 Mb, Memory Working Set Peak = 67.63 Mb
Memory Private Bytes Current = 67.88 Mb, Memory Private Bytes Peak = 67.88 Mb
Process Threads Number: 14
-----------------------------------------------------------------------
-----------------------------------------------------------------------
MSH --> BCF format (Iteration 0)...
BCF collector...(remove mode=0)
	Time (alloc counter per brick): 0.003 s
	Brick    count: 72166
	Av.f all count: 72139
	Av.s all count: 1209
	Av.f pid count: 1104
	Av.s pid count: 1009
	Faces fs count: 2831
	Faces ff count: 0
	Faces ss count: 0
	Faces bb count: 0
	Faces fe count: 10736
	Faces se count: 0
	Faces fw count: 13567
	Faces af count: 211206
	Faces as count: 2974
	Time (all count): 	0.008 s
	Time (bcf alloc): 	0.001 s
	Time (shifts alloc): 	0.005 s
	Time (shifts init): 	0.005 s
	Time (bcf fill): 	0.025 s
	Time (add av to faces): 0.001 s
	Time (add faces to av): 0.006 s
Time (bcf collect): 		0.057 s
	AV checker...
		Hole marker...
			Subdomains:               1.
			Subdomains (cond):        1.
			Time (sd):      0.026 s.
			Time (sd_cond): 0.023 s.
			Time (potential-hole marking): 	0.002 s
			Time (hole checking): 0.000 s.
			0 av(s) are marked to fill subdomain holes.
		Time (hole marker): 0.056 s.
	Time (check av): 	0.094 s
	Subdomain checker...
		Subdomains construction time: 0.028 s.
		Subdomains sort time: 0.000 s.
			Subdomain 0 (geom_ind=0): 72139 av
			Subdomain 1 (geom_ind=1): 999 av
			Subdomain 2 (geom_ind=1): 210 av
		gi: 0, real bodies: 1
		gi: 0, subdomains:  1
		gi: 1, real bodies: 0
		gi: 1, subdomains:  2
		Defect subdomains: 0
	Time (check subdoms): 	0.030 s
Time (bcf iteration total): 	0.183 s
	Time (fw-nb): 		0.001 s
	Fixed mutual fw-nb:     2198 (bb: 0)
	Time (fw-nb mutual): 	0.001 s
	Time (fw-nb sort): 	0.000 s
	Fw-opt BEFORE total:    13567 (fs=2831, ff=0, ss=0)
	Fw-opt AFTER  total:    12518 (fs=1782, ff=0, ss=0, failed fw/br=0/0, big_curv=4, big_poly=0)
	Fw-opt RESULT:          1049 (res/(fs+ff+ss) = 37.05 %)
	Time (fw-opt): 		0.003 s
	Time (fw-re-order): 	0.002 s
	Time (fw-nb): 		0.007 s
	Fixed mutual fw-nb:     25131 (bb: 0)
	Time (fw-nb mutual): 	0.004 s
	Time (fw-nb sort): 	0.001 s
	Time (rfd fix): 	0.000 s
	Time (av convexity): 	0.002 s
	Time (av small volume): 0.001 s
	Time (diagonal fw-nb): 	0.018 s
	Fixed mutual fw-nb:     0 (bb: 0)
	Time (fw-nb mutual): 	0.001 s
	Time (fw-nb sort): 	0.000 s
	Fluid subdomains: 1
	Faces fw-nb diff sd:    0
	Time (fw-nb diff sd): 	0.034 s
Time (bcf calc): 		0.083 s
-----------------------------------------------------------------------
Time (bcf total): 		0.266 s
-----------------------------------------------------------------------
bcf-iterations: 1
-----------------------------------------------------------------------
-----------------------------------------------------------------------
Mega-cv constructor for fluid...
	 42 av's is treated as thin
Relative size generator (threshold = 0.05)...
	Iteration 1 (small cluster count = 150)
	Iteration 2 (small cluster count = 76)
	Iteration 3 (small cluster count = 12)
	Iteration 4 (small cluster count = 2)
	Iteration 5 (small cluster count = 0)
	 148 mega-cv's generated
	 0 mega-cv's removed
Relative size generator is completed OK (0.039 s)
Apply fa-rules to mega-cv clusters fixes...
	Fa-rule violation fixes:        2 of        2 (total cluster# =      150)
OK (0.001 s)
Convert clusters:
	 148 mega-cv's total
Mega-cv count: 148
Time (mega-cv fill): 	0.001 s
Time (mega-cv total): 	0.075 s
-----------------------------------------------------------------------
Mixing plane rotation regions: NO.
Sliding mesh rotation regions: NO.
Fluid/fluid faces: NO.
-----------------------------------------------------------------------
Memory Working Set Current = 83.32 Mb, Memory Working Set Peak = 97.32 Mb
Memory Private Bytes Current = 109.16 Mb, Memory Private Bytes Peak = 111.94 Mb
Process Threads Number: 14
-----------------------------------------------------------------------
----------------------------------------------------------
BCF --> BCF.GEOMSUBDOM (bridge arrays):
MESH (0):
	Fluid Subdom Constructor: 1 subdom(s).
	Solid Subdom Constructor: 2 subdom(s).
	Net Asm Subdom Constructor: 0 subdom(s).
	GEOMSUBDOM (0): gi=0 Fluid av=72139 cv=71991 fa=211206 fb=0 fw=12518 V=6.469736e+02
	Cache data...OK
	GEOMSUBDOM (1): gi=1 Solid av=999 cv=999 fa=2453 fb=0 fw=1542 V=1.978462e+00
	Cache data...OK
	GEOMSUBDOM (2): gi=1 Solid av=210 cv=210 fa=521 fb=0 fw=240 V=1.083253e-01
	Cache data...OK
	Setting nb of w-faces...OK (0.003 s).
	Correcting nb of w-faces...
	Time(correct_fw_nb)=0.005 s

MESH (0) checking:
	GEOMSUBDOM (0):fa_s=9073.0256785753517761 fb_s=0.0000000000000000 fw_s=487.5485702543088564 fw_nb=99930
	              :d_const(52008)=7.04987e-13 d_linear(52008)=1.35741e-12
	GEOMSUBDOM (1):fa_s=34.9953266211814480 fb_s=0.0000000000000000 fw_s=20.1547078970750704 fw_nb=12182
	              :d_const(412)=3.33224e-12 d_linear(953)=3.83951e-12
	GEOMSUBDOM (2):fa_s=2.8698177748379861 fb_s=0.0000000000000000 fw_s=1.6007574446898758 fw_nb=1884
	              :d_const(31)=7.60777e-13 d_linear(31)=5.32956e-11
MESH (0) checking: OK.
Time (MDS): 	0.173 s
----------------------------------------------------------
-----------------------------------------------------------------------
Memory Working Set Current = 108.02 Mb, Memory Working Set Peak = 108.02 Mb
Memory Private Bytes Current = 132.69 Mb, Memory Private Bytes Peak = 132.69 Mb
Process Threads Number: 14
-----------------------------------------------------------------------

-----------------------------------------------------------------------
BCF CHECKSUM DATA (Mesh 0):

BRICK |Level1| Sum:               246
FACE_A Area Sum:   G.Fluid        9073.0256785753481381
FACE_A Area Sum:   G.Solid        37.8651443960194314
FACE_W Area Sum:                  487.5485702543087427
FACE_W Nb   Sum:                  99930
FACE_W min curvatures sum:        -2638.70511659
FACE_W max curvatures sum:        2523.37751500
AV Max Disbalance(Const) :        9.48262e-12 (cid=53037, t={40, 30, 90}, avid=53003, pid=977)
AV Max Disbalance(Linear):        5.32956e-11 (cid=36518, t={37, 31, 62}, avid=72488, pid=312)
-----------------------------------------------------------------------


-----------------------------------------------------------------------
MESHER TOPOLOGY DATA:

BRICKS: Total                 72166
BRICKS: Fluid                 71966
BRICKS: Fluid Partial         931
BRICKS: Type 1                931
BRICKS: Max AV number         3

AV:     G.Total               73348
AV:     G.Fluid               72139
AV:     G.Solid               1209

AV:     G.Fluid Thin Profile    0.11 % (78)
AV:     G.Solid Thin Profile   14.31 % (173)

AV:     G.Fluid Thin For Mega   0.06 % (42)
AV:     G.Solid Thin For Mega  12.99 % (157)

AV:     G.Fluid Non-Convex      0.78 % (560)
AV:     G.Solid Non-Convex     28.54 % (345)

AV:     G.Fluid Non-Ess-Convex      0.44 % (315)
AV:     G.Solid Non-Ess-Convex      9.35 % (113)

FACE_A: G.Fluid          (af) 211206 (partially opened 2321)
FACE_A: G.Solid          (as) 2974 (partially opened 2057)

FACE_B: G.Total          (b)  0

FACE_W: G.Total                 12518       Brick/Bound
FACE_W: G.Fluid/Solid    (fs_g) 1782        0           
FACE_W: G.Fluid/Fluid    (ff_g) 0           0           
FACE_W: G.Solid/Solid    (ss_g) 0           0           
FACE_W: G.Fluid/Void     (fv_g) 0           0           
FACE_W: G.Fluid/External (fe_g) 10736
FACE_W: G.Solid/External (se_g) 0

AV/CV max fa count (on brick side):5
AV/CV max fw count:                5
AV/CV max fb count:                0
AV/CV max fw poly count:           15

MEMORY: Total                   21.568 MB
MEMORY: Per Brick               0.306 KB
-----------------------------------------------------------------------

-----------------------------------------------------------------------
Connectivities information:
	Number of conns: 0
-----------------------------------------------------------------------
	Time (gap size): 	0.033 s
-----------------------------------------------------------------------
Memory Working Set Current = 108.05 Mb, Memory Working Set Peak = 108.05 Mb
Memory Private Bytes Current = 132.69 Mb, Memory Private Bytes Peak = 132.69 Mb
Process Threads Number: 14
-----------------------------------------------------------------------
-----------------------------------------------------------------------
Calculating curvature and tolerance criteria...
Curvature: min=0 (cid=0) max=3.14159 (cid=44839)
Tolerance: min=0 (cid=0) max=0.0967783 (cid=28348)
Calculating curvature and tolerance criteria takes 0.051 s
-----------------------------------------------------------------------
MESH Build(FS) finished. Time=1.262 s
-----------------------------------------------------------------------
Current CPU = 2 sec

Nx=36
Ny=32
Nz=62
Max BRICK Level=1
Mesh Level=1
-----------------CModelBodies2MeshMapper::CollectData started -------------------------------
	Time (collect mesh base data): 0.002 s.
	Time (collect model bodies mapping): 0.000 s.
	Time (collect positive bodies mapping): 0.000 s.
	Time (collect fluid bodies mapping): 0.002 s.
-----------------CModelBodies2MeshMapper Report -------------------------------
FluidDomains 1 SolidDomains 2 VoidDomains 0 
Domains RefIndexes
----------------- -------------------------------
	ModelBodies
Total resolved Bodies 0 BodySets 0

--------------------------------------------------------------------------
	Positive geometry Bodies
Total resolved Bodies 1 BodySets 1
BodySet 0
	Bodies list:
			#0	Name: ;	ID: da38483d-e3af-4daf-a6ab-068fcb2841bb
	Domains list:mesh type	 (0, 1)		 0 


--------------------------------------------------------------------------
	Fluid regions
Total resolved Bodies 1 BodySets 1
BodySet 0	Material: Air; 
	Bodies list:
			#0	Name: ;	ID: da38483d-e3af-4daf-a6ab-068fcb2841bb
	Domains list:mesh type	 (0, 1)		 0 


--------------------------------------------------------------------------
Collect data takes...0.005 s
-----------------CModelBodies2MeshMapper::CollectData finished successfully-------------------
Saving initial mesh in: C:\Users\attic\Documents\GitHub\Mechanical\SeattleSolarCar2024-2025\Aeroshells\solid car new\5\5.fld .
Storing results...
	Estimated CPT size=7.999 MB.
	Time (write bcf): 0.248 s
Storing results takes 0.259 s
-----------------------------------------------------------------------
Memory Working Set Current = 108.40 Mb, Memory Working Set Peak = 108.41 Mb
Memory Private Bytes Current = 132.69 Mb, Memory Private Bytes Peak = 132.69 Mb
Process Threads Number: 14
-----------------------------------------------------------------------
Cleaning memory...
-----------------------------------------------------------------------
Start to free mesher data...
MMP (msh): locals=7, allc_sz=9.54 MB, used_sz=8.83 MB, blks-min-max=1/27
MMP (brx): locals=8, allc_sz=10.37 MB, used_sz=9.38 MB, blks-min-max=8/18
MMP (bcf): locals=8, allc_sz=31.43 MB, used_sz=30.85 MB, blks-min-max=16/33
MMP (xsl): locals=8, allc_sz=0.12 MB, used_sz=0.07 MB, blks-min-max=1/1
Free xsl...            OK	Time=0.000 s
Free ray collector...  OK	Time=0.000 s
Free ray intersector...OK	Time=0.000 s
Free body sets...      OK	Time=0.005 s
Free Geometry DB takes 0.000 s
Free mesh conn...      OK	Time=0.000 s
Free geomsd...         OK	Time=0.000 s
Free mbricks...        OK	Time=0.002 s
Free hash info...      OK	Time=0.002 s
Free bricks-x...       OK	Time=0.001 s
Free bcf...            OK	Time=0.005 s
Free mesh h...         OK	Time=0.000 s
Free bricks arr..      OK	Time=0.000 s
Free bricks tree...    OK	Time=0.000 s
Free mesh pools...     OK	Time=0.007 s
Free bodies mapper...  OK	Time=0.000 s
Free geom crits...     OK	Time=0.000 s
Free cpt regions...    OK	Time=0.000 s
Free peculiar surfs... OK	Time=0.000 s
Free sw-geometries...  OK	Time=0.000 s
Total free mesher data time: 0.024 s
-----------------------------------------------------------------------
Copying... OK
CPT size=2.437 MB (2554947 bytes).
Mesh generation normally finished at	18.3.2025	15:17:6
Mesher CPU = 2 sec
Mesher is finished at	18.3.2025	15:17:6
-----------------------------------------------------------------------
Memory Working Set Current = 32.43 Mb, Memory Working Set Peak = 108.41 Mb
Memory Private Bytes Current = 54.99 Mb, Memory Private Bytes Peak = 132.69 Mb
Process Threads Number: 14
-----------------------------------------------------------------------
Algebra Pool      : mem_usage = 2.06 Mb, allocated count = 0
-----------------------------------------------------------------------
Memory Working Set Current = 30.48 Mb, Memory Working Set Peak = 108.41 Mb
Memory Private Bytes Current = 52.99 Mb, Memory Private Bytes Peak = 132.69 Mb
Process Threads Number: 14
Process Threads Number Peak: 14
-----------------------------------------------------------------------
Log ended at 18.03.2025	15:17:07
