Log started at 14.12.2024	01:30:48
Number of used processors (NPROC): 6.
Number of mesh partitions (NPART): 6.
Total Physical Memory = 31.91 Gb, Available Physical Memory = 17.41 Gb
Computer name:	DESKTOP-C408A46
Operating system:	Windows 11 (or higher) (Version 10.0.22631)

Commandline:	"C:\Program Files\SOLIDWORKS Corp\SOLIDWORKS Flow Simulation\BINCFW\efdsolver.exe" /config:"C:\Users\juded\OneDrive\Desktop\Car shit\17\17.xmlconfig" /guid:e9cd6e26-04da-41ae-8c5e-ef8806992024 /processors:max /m /s /prjnamelm:"Flow Simulation 2023" /prjnamehabout:"Flow Simulation 2023" /companyname:"COSMOS Applications" /prjaliasid:1009 /lang:English /port:36866

SOLIDWORKS 2023 SP2.1
Flow Simulation 2023  x64 / 5965

Project: C:\Users\juded\OneDrive\Desktop\Car shit\17\17.xmlconfig
Configuration name: Default
Project name: Project(1)
Problem type: external-with-void-internal-space-type
Exclude cavities without flow conditions: ON
NGK: OFF
MBO: OFF
-----------------------------------------------------------------------
Mesher option run = eRunMesherNormal
-----------------------------------------------------------------------

Mesh generation started:	14.12.2024	1:30:48
-----------------------------------------------------------------------
Memory Working Set Current = 15.48 Mb, Memory Working Set Peak = 15.48 Mb
Memory Private Bytes Current = 15.98 Mb, Memory Private Bytes Peak = 15.98 Mb
Process Threads Number: 7
-----------------------------------------------------------------------
Mesher adjust APD = OFF; AdjustAPD_method=0; N_per_Channel = 0; N2_per_Channel = 0
Current CPU = 0 sec
-----------------------------------------------------------------------
Geometries initialization:
-----------------------------------------------------------------------
Loading mesh settings (global/local)...
-----------------------------------------------------------------------
Number of geometries from DB: 1
Geometry(0):
	Guid = {00000000-0000-0000-0000-000000000000}
	Fluid..
	1 Body.
	1 Real body.
	-- Bodyset 0 --
		Tolerance=0.000243127.
		11 Face(s).
			11 of b-spline type.
		0 Face(s) that have no ref faces
		1 Plane surface(s).
		10 B- surface(s).
		75844 Triangle(s).
		Getting triangle connectivities from DB: 0.007 s
		26 Edge(s).
			26 of b-spline type.
		BodyGeom reading: 0.034 s.
		75844 Reference Triangles.
		Getting triangle connectivities from DB (Ref): 0.006 s
		BodyGeom Ref reading: 0.010 s.
Geometry(1):
	Solid.
	-- Bodyset 1 --
	Empty
-----------------------------------------------------------------------
Number of geometries in task: 2
	G : 0	Type: Fluid
	G : 1	Type: Solid
Number of bodysets   in task: 2
-----------------------------------------------------------------------
BodySet (0):
	Making hash and connectivity for Bodyset ...
		CBodyGeom:
		Hash size: {44, 344, 32}.
		Mesh size: {44, 86, 32}.
		Hashing triangles...Ok.
			axis(0) tr sizes: average=46 max=330
			axis(1) tr sizes: average=166 max=749
			axis(2) tr sizes: average=25 max=231
		Number of t-connected sets:1 (cavity=0)
		CBodyGeomRef:
		Hashing triangles...Ok.
			axis(0) tr sizes: average=90 max=453
			axis(1) tr sizes: average=159 max=721
			axis(2) tr sizes: average=49 max=465
	0.0835 s.
Geometries reading and preparing has taken 0.151 s.
-----------------------------------------------------------------------
Mapped triangles:
Hashing rough geometry(bodies) triangulation:
BodySet (0):
	Triangles num=75844
	Triangles box={-0.909114 ,0.911654 ,-3.5 ,0 ,0.0686611 ,0.552394}
		3d-hash size is 931588 bytes
BodySet (1):
no log info (empty stream)

Mapped triangles processed in 0.074 s.
-----------------------------------------------------------------------
-----------------------------------------------------------------------
Getting sectors:
Number of sectors: 0
-----------------------------------------------------------------------
-----------------------------------------------------------------------
Bodies:     2
Faces:      11
Edges:      26
Triangles:  75844
-----------------------------------------------------------------------

Current CPU = 0 sec
-----------------------------------------------------------------------
Memory Working Set Current = 68.49 Mb, Memory Working Set Peak = 84.12 Mb
Memory Private Bytes Current = 67.84 Mb, Memory Private Bytes Peak = 83.48 Mb
Process Threads Number: 12
-----------------------------------------------------------------------
-----------------------------------------------------------------------
Checking faces on CD...
FCD = [0 0 0 0 0 0]
FCD_conflicts = 0
Time (check faces on CD)=0.000 s
-----------------------------------------------------------------------

-----------------------------------------------------------------------
Mesh dimensions:
				I[0 ]=44
				I[1 ]=86
				I[2 ]=32

Comp. domain size:
				a[0  ]=-2.36829
				a[1  ]=2.37144
				a[2  ]=-6.77694
				a[3  ]=3.71176
				a[4  ]=-1.39233
				a[5  ]=2.01144

Fluid calculated			1
Solid calculated			0
-----------------------------------------------------------------------
MESH Build started...
-----------------------------------------------------------------------
Mesh LEVEL = 1
-----------------------------------------------------------------------
-----------------------------------------------------------------------
CPT-mode xeps:
	D / dh / eps [axis=0] = (4.73973, 0.0446436, 4.46436e-05)
	D / dh / eps [axis=1] = (10.4887, 0.0469399, 4.69399e-05)
	D / dh / eps [axis=2] = (3.40377, 0.0397104, 3.97104e-05)
-----------------------------------------------------------------------
Initial allocation and brick-body-box intersection...OK (0.002 s)
Initial triangle brick intersection...OK (0.002 s)
Setting regions (121088 / 121088)...OK (0.002 s)
-----------------------------------------------------------------------
Base mesh info:
	3D task
	Nx=44
	Ny=86
	Nz=32
	N(Nx*Ny*Nz) = 3784
	Period    axis=[0, 0, 0]
	Symmetry  ni=[0 0 0 0 0 0]
	ZoomingBC ni=[0 0 0 0 0 0]
	Nx=44
		x[0]=-2.36829
		x[1]=-2.20934
		x[2]=-2.05804
		x[3]=-1.91399
		x[4]=-1.77683
		x[5]=-1.64624
		x[6]=-1.52189
		x[7]=-1.4035
		x[8]=-1.29077
		x[9]=-1.18343
		x[10]=-1.08123
		x[11]=-0.983926
		x[12]=-0.891275
		x[13]=-0.801988
		x[14]=-0.712699
		x[15]=-0.623411
		x[16]=-0.534123
		x[17]=-0.444834
		x[18]=-0.355546
		x[19]=-0.266258
		x[20]=-0.17697
		x[21]=-0.0876812
		x[22]=0.00160712
		x[23]=0.0908954
		x[24]=0.180184
		x[25]=0.269472
		x[26]=0.35876
		x[27]=0.448049
		x[28]=0.537337
		x[29]=0.626625
		x[30]=0.715914
		x[31]=0.805202
		x[32]=0.89449
		x[33]=0.987145
		x[34]=1.08446
		x[35]=1.18666
		x[36]=1.294
		x[37]=1.40673
		x[38]=1.52513
		x[39]=1.64948
		x[40]=1.78008
		x[41]=1.91724
		x[42]=2.0613
		x[43]=2.21259
		x[44]=2.37144
	Ny=86
		y[0]=-6.77694
		y[1]=-6.57329
		y[2]=-6.37956
		y[3]=-6.19521
		y[4]=-6.01978
		y[5]=-5.85284
		y[6]=-5.69398
		y[7]=-5.54282
		y[8]=-5.39897
		y[9]=-5.26209
		y[10]=-5.13183
		y[11]=-5.00788
		y[12]=-4.88993
		y[13]=-4.77769
		y[14]=-4.67088
		y[15]=-4.56925
		y[16]=-4.47253
		y[17]=-4.37865
		y[18]=-4.28477
		y[19]=-4.19089
		y[20]=-4.09701
		y[21]=-4.00313
		y[22]=-3.90925
		y[23]=-3.81537
		y[24]=-3.72149
		y[25]=-3.62761
		y[26]=-3.53373
		y[27]=-3.43984
		y[28]=-3.34596
		y[29]=-3.25208
		y[30]=-3.1582
		y[31]=-3.06432
		y[32]=-2.97044
		y[33]=-2.87656
		y[34]=-2.78268
		y[35]=-2.6888
		y[36]=-2.59492
		y[37]=-2.50104
		y[38]=-2.40716
		y[39]=-2.31328
		y[40]=-2.2194
		y[41]=-2.12552
		y[42]=-2.03164
		y[43]=-1.93776
		y[44]=-1.84388
		y[45]=-1.74999
		y[46]=-1.65277
		y[47]=-1.55554
		y[48]=-1.45832
		y[49]=-1.36109
		y[50]=-1.26387
		y[51]=-1.16664
		y[52]=-1.06942
		y[53]=-0.972191
		y[54]=-0.874966
		y[55]=-0.777741
		y[56]=-0.680515
		y[57]=-0.58329
		y[58]=-0.486065
		y[59]=-0.388839
		y[60]=-0.291614
		y[61]=-0.194389
		y[62]=-0.0971635
		y[63]=6.17664e-05
		y[64]=0.0972871
		y[65]=0.19168
		y[66]=0.29075
		y[67]=0.394728
		y[68]=0.503855
		y[69]=0.618387
		y[70]=0.738592
		y[71]=0.864751
		y[72]=0.997159
		y[73]=1.13612
		y[74]=1.28197
		y[75]=1.43505
		y[76]=1.5957
		y[77]=1.76431
		y[78]=1.94127
		y[79]=2.127
		y[80]=2.32193
		y[81]=2.52651
		y[82]=2.74123
		y[83]=2.96657
		y[84]=3.20309
		y[85]=3.45131
		y[86]=3.71176
	Nz=32
		z[0]=-1.39233
		z[1]=-1.24321
		z[2]=-1.10134
		z[3]=-0.966353
		z[4]=-0.837906
		z[5]=-0.715683
		z[6]=-0.599384
		z[7]=-0.48872
		z[8]=-0.383419
		z[9]=-0.283221
		z[10]=-0.187879
		z[11]=-0.0971564
		z[12]=-0.0108307
		z[13]=0.0713116
		z[14]=0.150732
		z[15]=0.230154
		z[16]=0.309575
		z[17]=0.388996
		z[18]=0.468418
		z[19]=0.547839
		z[20]=0.629975
		z[21]=0.716296
		z[22]=0.807014
		z[23]=0.902354
		z[24]=1.00255
		z[25]=1.10785
		z[26]=1.21852
		z[27]=1.33482
		z[28]=1.45705
		z[29]=1.5855
		z[30]=1.7205
		z[31]=1.86237
		z[32]=2.01144
-----------------------------------------------------------------------
Input_mesh_settings--------------------------------
Settings 0----------------
	Scope: GLOBAL
	Type:	------MESHER_SETTINGS----------
	RefAllCells           =0
	RefFluidCells         =0
	RefPartCells          =0
	RefSolidCells         =0
	l_SSFR(Capture crit)  =1
	l_curv(Curvature crit)=0
	l_tol(Tolerance crit) =0
	UseChannelRef         =1
	  NCR_method          =0
	  l_NCR               =1
	  N_gap               =5
	  Use d_NCR_min       =0
	  Use d_NCR_max       =0
	CloseThinSlotsHeight         =0
	--END_OF_MESHER_SETTINGS-------
End of input mesh settings-------------------------
-----------------------------------------------------------------------
Memory Working Set Current = 98.19 Mb, Memory Working Set Peak = 98.19 Mb
Memory Private Bytes Current = 99.84 Mb, Memory Private Bytes Peak = 99.84 Mb
Process Threads Number: 12
-----------------------------------------------------------------------
MMP (msh): locals=1, allc_sz=16.30 MB, used_sz=14.79 MB, blks-min-max=30/30
MMP (brx): locals=6, allc_sz=14.69 MB, used_sz=13.91 MB, blks-min-max=16/20
MMP (bcf): locals=0, allc_sz=0.00 MB, used_sz=0.00 MB, blks-min-max=0/0
MMP (xsl): locals=0, allc_sz=0.00 MB, used_sz=0.00 MB, blks-min-max=0/0
NxNyNz = [44, 86, 32]
base_dx=0.112017; 
NxNyNz_reverse = [42, 94, 30]

-----------------------------------------------------------------------
Refining geometries:
-----------------------------------------------------------------------

-----------------------------------------------------------------------
Refining by triangulation...
Refinement input: 121088 bricks
	Checking crit (121088 / 121088)...27 marked (0.047 s)
	Time(refinement): 0.000 s
Setting regions (216 / 121277)...OK (0.001 s)
	Checking crit (0 / 121277)...0 marked (0.001 s)
Refinement result (1 iterations): 121277 bricks (0.056 s)
Refinement input: 121277 bricks
	Checking crit (121061 / 121277)...0 marked (0.003 s)
Refinement result (0 iterations): 121277 bricks (0.004 s)
Collecting and processing rays:
	Adding rays...OK (0.012 s)
	new bricks = 121277 / 121277
	new rays   = 8516 (x=2941, y=1552, z=4023)
	Processing rays...
		Rays process:  0.085 (0.085) s
		Sort xstacks:  0.000 (0.000) s
		Put xstacks:   0.000 (0.000) s
		Total:         0.086 s
	Correcting rays...
		Lame vertices: 0.004 (0.004) s
		Bad rays:      0.000 (0.000) s
		Emit rays:     0.000 (0.000) s
		Correct ray f: 0.000 (0.000) s
		Undef:         0.000 (0.000) s
		Sum:           0.004 (0.004) s
		Total:         0.004 s
	Time (rays): 0.104 s
Capturing (121277 / 121277)...OK (0.005 s)
Refining by triangulation takes 0.169 s
-----------------------------------------------------------------------

-----------------------------------------------------------------------
Refining peculiar surfaces...
Collecting and processing rays:
	Adding rays...OK (0.001 s)
	new bricks = 0 / 121277
	new rays   = 0 (x=0, y=0, z=0)
	Processing rays...
		Rays process:  0.000 (0.000) s
		Sort xstacks:  0.000 (0.000) s
		Put xstacks:   0.000 (0.000) s
		Total:         0.000 s
	Correcting rays...
		Total:         0.000 s
	Time (rays): 0.001 s
Capturing (0 / 121277)...OK (0.001 s)
0 surfaces refined
Refining peculiar surfaces takes 0.002 s
-----------------------------------------------------------------------

-----------------------------------------------------------------------
Base mesh 1 Refining...
Collecting and processing rays:
	Adding rays...OK (0.000 s)
	new bricks = 0 / 121277
	new rays   = 0 (x=0, y=0, z=0)
	Processing rays...
		Rays process:  0.000 (0.000) s
		Sort xstacks:  0.000 (0.000) s
		Put xstacks:   0.000 (0.000) s
		Total:         0.000 s
	Correcting rays...
		Total:         0.000 s
	Time (rays): 0.001 s
Capturing (0 / 121277)...OK (0.001 s)
Refinement input: 121277 bricks
	Checking crit (121061 / 121277)...0 marked (0.001 s)
Refinement result (0 iterations): 121277 bricks (0.002 s)
-----------------------------------------------------------------------
Refining channels...
FYI: CNarrowChannelRefiner::RefineChannels_PRLL
Refinement input: 121277 bricks
	Time(refinement): 0.000 s
Setting regions (24 / 121298)...OK (0.001 s)
Refinement result (1 iterations): 121298 bricks (0.007 s)
Collecting and processing rays:
	Adding rays...OK (0.001 s)
	new bricks = 24 / 121298
	new rays   = 17 (x=11, y=3, z=3)
	Processing rays...
		Rays process:  0.000 (0.000) s
		Sort xstacks:  0.000 (0.000) s
		Put xstacks:   0.000 (0.000) s
		Total:         0.000 s
	Correcting rays...
		Lame vertices: 0.001 (0.001) s
		Bad rays:      0.000 (0.000) s
		Emit rays:     0.000 (0.000) s
		Correct ray f: 0.000 (0.000) s
		Undef:         0.000 (0.000) s
		Sum:           0.001 (0.001) s
		Total:         0.001 s
	Time (rays): 0.002 s
Capturing (24 / 121298)...OK (0.001 s)
FYI: m_iteration_count = 0
FYI: level1 statistics:
     level1_cnt_plus[1]=24;		level1_cnt_minus[1]=0
     level1_cnt_plus[2]=0;		level1_cnt_minus[2]=0
     level1_cnt_plus[3]=0;		level1_cnt_minus[3]=0
     level1_cnt_plus[4]=0;		level1_cnt_minus[4]=0
     level1_cnt_plus[5]=0;		level1_cnt_minus[5]=0
     level1_cnt_plus[6]=0;		level1_cnt_minus[6]=0
     level1_cnt_plus[7]=0;		level1_cnt_minus[7]=0
     level1_cnt_plus[8]=0;		level1_cnt_minus[8]=0
     level1_cnt_plus[9]=0;		level1_cnt_minus[9]=0
FYI: m_iteration_count = 1
FYI: level1 statistics:
     level1_cnt_plus[1]=24;		level1_cnt_minus[1]=0
     level1_cnt_plus[2]=0;		level1_cnt_minus[2]=0
     level1_cnt_plus[3]=0;		level1_cnt_minus[3]=0
     level1_cnt_plus[4]=0;		level1_cnt_minus[4]=0
     level1_cnt_plus[5]=0;		level1_cnt_minus[5]=0
     level1_cnt_plus[6]=0;		level1_cnt_minus[6]=0
     level1_cnt_plus[7]=0;		level1_cnt_minus[7]=0
     level1_cnt_plus[8]=0;		level1_cnt_minus[8]=0
     level1_cnt_plus[9]=0;		level1_cnt_minus[9]=0
FYI: level1 statistics:
     level1_cnt_plus[1]=24;		level1_cnt_minus[1]=0
     level1_cnt_plus[2]=0;		level1_cnt_minus[2]=0
     level1_cnt_plus[3]=0;		level1_cnt_minus[3]=0
     level1_cnt_plus[4]=0;		level1_cnt_minus[4]=0
     level1_cnt_plus[5]=0;		level1_cnt_minus[5]=0
     level1_cnt_plus[6]=0;		level1_cnt_minus[6]=0
     level1_cnt_plus[7]=0;		level1_cnt_minus[7]=0
     level1_cnt_plus[8]=0;		level1_cnt_minus[8]=0
     level1_cnt_plus[9]=0;		level1_cnt_minus[9]=0

-----------------------------------------------------------------------
U-shapes refinement...
Refinement input: 121298 bricks
	Checking crit (121058 / 121298)...6 marked (0.007 s)
	Time(refinement): 0.000 s
Setting regions (48 / 121340)...OK (0.001 s)
	Checking crit (0 / 121340)...0 marked (0.001 s)
Refinement result (1 iterations): 121340 bricks (0.015 s)
Collecting and processing rays:
	Adding rays...OK (0.000 s)
	new bricks = 48 / 121340
	new rays   = 45 (x=16, y=16, z=13)
	Processing rays...
		Rays process:  0.000 (0.000) s
		Sort xstacks:  0.000 (0.000) s
		Put xstacks:   0.000 (0.000) s
		Total:         0.001 s
	Correcting rays...
		Lame vertices: 0.000 (0.000) s
		Bad rays:      0.000 (0.000) s
		Emit rays:     0.000 (0.000) s
		Correct ray f: 0.000 (0.000) s
		Undef:         0.000 (0.000) s
		Sum:           0.000 (0.000) s
		Total:         0.001 s
	Time (rays): 0.002 s
Capturing (48 / 121340)...OK (0.001 s)
-----------------------------------------------------------------------

-----------------------------------------------------------------------
Equi Distant Refiner:
Equi Distant Refiner takes 0.00 s
-----------------------------------------------------------------------

/-Ray Intersection---------------/ Time	0.496 s
Calls                8578
CorrectRay Calls     0



-----------------------------------------------------------------------
Refining geometries takes 0.257 s
-----------------------------------------------------------------------
-----------------------------------------------------------------------
Memory Working Set Current = 107.54 Mb, Memory Working Set Peak = 107.54 Mb
Memory Private Bytes Current = 108.12 Mb, Memory Private Bytes Peak = 108.12 Mb
Process Threads Number: 12
-----------------------------------------------------------------------
Defect ray count	0
FYI: CNarrowChannelRefiner::RedistributeLevel1_step_1: is started
FYI: CNarrowChannelRefiner::RedistributeLevel1_step_1: is finished (0.001 s)
FYI: level1 statistics:
     level1_cnt_plus[1]=24;		level1_cnt_minus[1]=0
     level1_cnt_plus[2]=0;		level1_cnt_minus[2]=0
     level1_cnt_plus[3]=0;		level1_cnt_minus[3]=0
     level1_cnt_plus[4]=0;		level1_cnt_minus[4]=0
     level1_cnt_plus[5]=0;		level1_cnt_minus[5]=0
     level1_cnt_plus[6]=0;		level1_cnt_minus[6]=0
     level1_cnt_plus[7]=0;		level1_cnt_minus[7]=0
     level1_cnt_plus[8]=0;		level1_cnt_minus[8]=0
     level1_cnt_plus[9]=0;		level1_cnt_minus[9]=0
FYI: CNarrowChannelRefiner::RedistributeLevel1_step_2: is started
FYI: CNarrowChannelRefiner::RedistributeLevel1_step_2: is finished (0.033 s)
FYI: level1 statistics:
     level1_cnt_plus[1]=29;		level1_cnt_minus[1]=0
     level1_cnt_plus[2]=0;		level1_cnt_minus[2]=0
     level1_cnt_plus[3]=0;		level1_cnt_minus[3]=0
     level1_cnt_plus[4]=0;		level1_cnt_minus[4]=0
     level1_cnt_plus[5]=0;		level1_cnt_minus[5]=0
     level1_cnt_plus[6]=0;		level1_cnt_minus[6]=0
     level1_cnt_plus[7]=0;		level1_cnt_minus[7]=0
     level1_cnt_plus[8]=0;		level1_cnt_minus[8]=0
     level1_cnt_plus[9]=0;		level1_cnt_minus[9]=0
FYI: CNarrowChannelRefiner::RedistributeLevel1_step_3: is started
FYI: CNarrowChannelRefiner::RedistributeLevel1_step_3: is finished (0.007 s)
RedistributeLevel1 takes:
FYI: level1 statistics:
     level1_cnt_plus[1]=29;		level1_cnt_minus[1]=25
     level1_cnt_plus[2]=0;		level1_cnt_minus[2]=0
     level1_cnt_plus[3]=0;		level1_cnt_minus[3]=0
     level1_cnt_plus[4]=0;		level1_cnt_minus[4]=0
     level1_cnt_plus[5]=0;		level1_cnt_minus[5]=0
     level1_cnt_plus[6]=0;		level1_cnt_minus[6]=0
     level1_cnt_plus[7]=0;		level1_cnt_minus[7]=0
     level1_cnt_plus[8]=0;		level1_cnt_minus[8]=0
     level1_cnt_plus[9]=0;		level1_cnt_minus[9]=0
-----------------------------------------------------------------------
MSH format builder (Iteration 0)
-----------------------------------------------------------------------
Memory Working Set Current = 110.34 Mb, Memory Working Set Peak = 110.34 Mb
Memory Private Bytes Current = 110.93 Mb, Memory Private Bytes Peak = 110.93 Mb
Process Threads Number: 12
-----------------------------------------------------------------------
Total bricks count: 121340
-----------------------------------------------------------------------
MSH (Real Geometry) format constructor:
	Geom    Count = 2
	Bodyset Count = 2
	3D task
	Getting brick sets...OK (0.004 s)

	Min x-stack xeps = 0.000152158
	D / dh / eps [axis=0] = (4.73973, 0.0446442, 4.46442e-05)
	D / dh / eps [axis=1] = (10.4887, 0.0469403, 4.69403e-05)
	D / dh / eps [axis=2] = (3.40377, 0.0397104, 3.97104e-05)
	Time (xeps): 0.001 s
Level 1
	Set (0)  size: 144
	Set (0)  time: 0.005 s
	Set (1)  size: 144
	Set (1)  time: 0.004 s
Level 0
	Set (0)  size: 60526
	Set (0)  time: 0.030 s
	Set (1)  size: 60526
	Set (1)  time: 0.030 s

	Spread npq bricks...0 marked (0.001 s)

Result:
	Bricks number:                        121340

	Memory usage:                         2.113 MB
	Memory usage (per brick):             0.018 KB
	Construction time:                    0.075 s

	Topology features:
	------------------
	- High quality bricks                  100.00 % (121340)
	- Medium quality bricks                  0.00 % (0)
	- Bad quality bricks                     0.00 % (0)
	- NPQ bricks                             0.00 % (1)
	- Type-1 bricks                          1.54 % (1867)
	- Ribs corrected bricks                  0.00 % (0)
	- Points with geom-info (bricks)         0.00 % (0)
	- Points with closest-info (bricks)      0.00 % (0)
	- Triangulated by center (bricks)        0.00 % (1)
	- Facet w-faces mergings (bricks)        0.00 % (0)
	- To refine (bricks)                     0.00 % (0)
	- Points-count                           0.00 % (0)
	- T-self-intersection-all (bricks)       0.00 % (0)
	- T-self-intersection-simple (bricks)    0.00 % (0)
	- T-self-intersection-complex (bricks)   0.00 % (0)
	- NPQ by reason 1 u-shape                0.00 % (0)
	- NPQ by reason 2 tri-by-ctr             0.00 % (1)
	- NPQ by reason 3 ray-correction         0.00 % (0)
	- NPQ by reason 4 t-self-intersection    0.00 % (0)
	- NPQ by reason 5 non-good               0.00 % (0)
	- NPQ by reason 6 npq-worker             0.00 % (0)

-----------------------------------------------------------------------
Memory Working Set Current = 117.53 Mb, Memory Working Set Peak = 117.53 Mb
Memory Private Bytes Current = 117.99 Mb, Memory Private Bytes Peak = 117.99 Mb
Process Threads Number: 12
-----------------------------------------------------------------------
-----------------------------------------------------------------------
msh-iterations: 1
-----------------------------------------------------------------------
high---q-brick-count = 100.00 % (121340 121340)
medium-q-brick-count =   0.00 % (121340 0)
bad----q-brick-count =   0.00 % (121340 0)
np-----q-brick-count =   0.00 % (121340 1)
-----------------------------------------------------------------------
Free brick parser storage...OK(0.001 s)
-----------------------------------------------------------------------
Memory Working Set Current = 117.57 Mb, Memory Working Set Peak = 117.57 Mb
Memory Private Bytes Current = 117.99 Mb, Memory Private Bytes Peak = 117.99 Mb
Process Threads Number: 12
-----------------------------------------------------------------------
-----------------------------------------------------------------------
MSH --> BCF format (Iteration 0)...
BCF collector...(remove mode=0)
	Time (alloc counter per brick): 0.002 s
	Brick    count: 121340
	Av.f all count: 120629
	Av.s all count: 2587
	Av.f pid count: 1876
	Av.s pid count: 1867
	Faces fs count: 4593
	Faces ff count: 0
	Faces ss count: 0
	Faces bb count: 0
	Faces fe count: 15888
	Faces se count: 0
	Faces fw count: 20481
	Faces af count: 353329
	Faces as count: 6779
	Time (all count): 	0.006 s
	Time (bcf alloc): 	0.002 s
	Time (shifts alloc): 	0.005 s
	Time (shifts init): 	0.005 s
	Time (bcf fill): 	0.012 s
	Time (add av to faces): 0.001 s
	Time (add faces to av): 0.006 s
Time (bcf collect): 		0.040 s
	AV checker...
		Hole marker...
			Subdomains:               1.
			Subdomains (cond):        1.
			Time (sd):      0.016 s.
			Time (sd_cond): 0.017 s.
			Time (potential-hole marking): 	0.002 s
			Time (hole checking): 0.000 s.
			0 av(s) are marked to fill subdomain holes.
		Time (hole marker): 0.038 s.
	Time (check av): 	0.064 s
	Subdomain checker...
		Subdomains construction time: 0.018 s.
		Subdomains sort time: 0.000 s.
			Subdomain 0 (geom_ind=0): 120629 av
			Subdomain 1 (geom_ind=1): 2587 av
		gi: 0, real bodies: 1
		gi: 0, subdomains:  1
		gi: 1, real bodies: 0
		gi: 1, subdomains:  1
		Defect subdomains: 0
	Time (check subdoms): 	0.019 s
Time (bcf iteration total): 	0.125 s
	Time (fw-nb): 		0.001 s
	Fixed mutual fw-nb:     3378 (bb: 0)
	Time (fw-nb mutual): 	0.001 s
	Time (fw-nb sort): 	0.000 s
	Fw-opt BEFORE total:    20481 (fs=4593, ff=0, ss=0)
	Fw-opt AFTER  total:    18191 (fs=2303, ff=0, ss=0, failed fw/br=5/1, big_curv=8, big_poly=0)
	Fw-opt RESULT:          2290 (res/(fs+ff+ss) = 49.86 %)
	Time (fw-opt): 		0.003 s
	Time (fw-re-order): 	0.002 s
	Time (fw-nb): 		0.004 s
	Fixed mutual fw-nb:     36408 (bb: 0)
	Time (fw-nb mutual): 	0.002 s
	Time (fw-nb sort): 	0.000 s
	Time (rfd fix): 	0.000 s
	Time (av convexity): 	0.001 s
	Time (av small volume): 0.001 s
	Time (diagonal fw-nb): 	0.014 s
	Fixed mutual fw-nb:     0 (bb: 0)
	Time (fw-nb mutual): 	0.002 s
	Time (fw-nb sort): 	0.000 s
	Fluid subdomains: 1
	Faces fw-nb diff sd:    0
	Time (fw-nb diff sd): 	0.017 s
Time (bcf calc): 		0.054 s
-----------------------------------------------------------------------
Time (bcf total): 		0.179 s
-----------------------------------------------------------------------
bcf-iterations: 1
-----------------------------------------------------------------------
-----------------------------------------------------------------------
Mega-cv constructor for fluid...
	 0 av's is treated as thin
Relative size generator (threshold = 0.05)...
	Iteration 1 (small cluster count = 141)
	Iteration 2 (small cluster count = 56)
	Iteration 3 (small cluster count = 10)
	Iteration 4 (small cluster count = 1)
	Iteration 5 (small cluster count = 0)
	 139 mega-cv's generated
	 1 mega-cv's removed
Relative size generator is completed OK (0.004 s)
Apply fa-rules to mega-cv clusters fixes...
	Fa-rule violation fixes:        6 of        6 (total cluster# =      139)
OK (0.001 s)
Convert clusters:
	 138 mega-cv's total
Mega-cv count: 138
Time (mega-cv fill): 	0.000 s
Time (mega-cv total): 	0.024 s
-----------------------------------------------------------------------
Mixing plane rotation regions: NO.
Sliding mesh rotation regions: NO.
Fluid/fluid faces: NO.
-----------------------------------------------------------------------
Memory Working Set Current = 146.06 Mb, Memory Working Set Peak = 168.66 Mb
Memory Private Bytes Current = 158.34 Mb, Memory Private Bytes Peak = 173.11 Mb
Process Threads Number: 12
-----------------------------------------------------------------------
----------------------------------------------------------
BCF --> BCF.GEOMSUBDOM (bridge arrays):
MESH (0):
	Fluid Subdom Constructor: 1 subdom(s).
	Solid Subdom Constructor: 1 subdom(s).
	Net Asm Subdom Constructor: 0 subdom(s).
	GEOMSUBDOM (0): gi=0 Fluid av=120629 cv=120487 fa=353329 fb=0 fw=18191 V=1.683407e+02
	Cache data...OK
	GEOMSUBDOM (1): gi=1 Solid av=2587 cv=2587 fa=6779 fb=0 fw=2303 V=8.731016e-01
	Cache data...OK
	Setting nb of w-faces...OK (0.002 s).
	Correcting nb of w-faces...
	Time(correct_fw_nb)=0.003 s

MESH (0) checking:
	GEOMSUBDOM (0):fa_s=4416.4984143205092550 fb_s=0.0000000000000000 fw_s=214.9022573101324838 fw_nb=145568
	              :d_const(66567)=1.74897e-16 d_linear(26313)=2.65306e-14
	GEOMSUBDOM (1):fa_s=31.9141775080354115 fb_s=0.0000000000000000 fw_s=11.8068727100513584 fw_nb=18488
	              :d_const(1564)=1.97778e-16 d_linear(2477)=2.68493e-12
MESH (0) checking: OK.
Time (MDS): 	0.112 s
----------------------------------------------------------
-----------------------------------------------------------------------
Memory Working Set Current = 186.12 Mb, Memory Working Set Peak = 186.12 Mb
Memory Private Bytes Current = 195.72 Mb, Memory Private Bytes Peak = 195.72 Mb
Process Threads Number: 12
-----------------------------------------------------------------------

-----------------------------------------------------------------------
BCF CHECKSUM DATA (Mesh 0):

BRICK |Level1| Sum:               54
FACE_A Area Sum:   G.Fluid        4416.4984143205192595
FACE_A Area Sum:   G.Solid        31.9141775080354080
FACE_W Area Sum:                  214.9022573101324838
FACE_W Nb   Sum:                  145568
FACE_W min curvatures sum:        -93000276.00224277
FACE_W max curvatures sum:        475985592.64018941
AV Max Disbalance(Const) :        1.97778e-16 (cid=73804, t={56, 74, 38}, avid=123003, pid=1654)
AV Max Disbalance(Linear):        2.68493e-12 (cid=67286, t={45, 124, 35}, avid=122078, pid=1115)
-----------------------------------------------------------------------


-----------------------------------------------------------------------
MESHER TOPOLOGY DATA:

BRICKS: Total                 121340
BRICKS: Fluid                 120620
BRICKS: Fluid Partial         1867
BRICKS: Type 1                1867
BRICKS: Max AV number         4

AV:     G.Total               123216
AV:     G.Fluid               120629
AV:     G.Solid               2587

AV:     G.Fluid Thin Profile    0.00 % (0)
AV:     G.Solid Thin Profile    0.31 % (8)

AV:     G.Fluid Thin For Mega   0.00 % (0)
AV:     G.Solid Thin For Mega   0.31 % (8)

AV:     G.Fluid Non-Convex      0.78 % (945)
AV:     G.Solid Non-Convex     40.59 % (1050)

AV:     G.Fluid Non-Ess-Convex      0.28 % (341)
AV:     G.Solid Non-Ess-Convex      4.17 % (108)

FACE_A: G.Fluid          (af) 353329 (partially opened 3798)
FACE_A: G.Solid          (as) 6779 (partially opened 3781)

FACE_B: G.Total          (b)  0

FACE_W: G.Total                 18191       Brick/Bound
FACE_W: G.Fluid/Solid    (fs_g) 2303        0           
FACE_W: G.Fluid/Fluid    (ff_g) 0           0           
FACE_W: G.Solid/Solid    (ss_g) 0           0           
FACE_W: G.Fluid/Void     (fv_g) 0           0           
FACE_W: G.Fluid/External (fe_g) 15888
FACE_W: G.Solid/External (se_g) 0

AV/CV max fa count (on brick side):4
AV/CV max fw count:                4
AV/CV max fb count:                0
AV/CV max fw poly count:           15

MEMORY: Total                   35.820 MB
MEMORY: Per Brick               0.302 KB
-----------------------------------------------------------------------

-----------------------------------------------------------------------
Connectivities information:
	Number of conns: 0
-----------------------------------------------------------------------
	Time (gap size): 	0.025 s
-----------------------------------------------------------------------
Memory Working Set Current = 186.15 Mb, Memory Working Set Peak = 186.15 Mb
Memory Private Bytes Current = 195.72 Mb, Memory Private Bytes Peak = 195.72 Mb
Process Threads Number: 12
-----------------------------------------------------------------------
-----------------------------------------------------------------------
Calculating curvature and tolerance criteria...
Curvature: min=0 (cid=0) max=3.13156 (cid=58201)
Tolerance: min=0 (cid=0) max=0.0569163 (cid=62879)
Calculating curvature and tolerance criteria takes 0.074 s
-----------------------------------------------------------------------
MESH Build(FS) finished. Time=0.862 s
-----------------------------------------------------------------------
Current CPU = 1 sec

Nx=44
Ny=86
Nz=32
Max BRICK Level=1
Mesh Level=1
-----------------CModelBodies2MeshMapper::CollectData started -------------------------------
	Time (collect mesh base data): 0.001 s.
	Time (collect model bodies mapping): 0.000 s.
	Time (collect positive bodies mapping): 0.000 s.
	Time (collect fluid bodies mapping): 0.000 s.
-----------------CModelBodies2MeshMapper Report -------------------------------
FluidDomains 1 SolidDomains 1 VoidDomains 0 
Domains RefIndexes
----------------- -------------------------------
	ModelBodies
Total resolved Bodies 0 BodySets 0

--------------------------------------------------------------------------
	Positive geometry Bodies
Total resolved Bodies 1 BodySets 1
BodySet 0
	Bodies list:
			#0	Name: ;	ID: 1a02a93d-dfbd-49c4-a3b2-8af4e15bf1e1
	Domains list:mesh type	 (0, 1)		 0 


--------------------------------------------------------------------------
	Fluid regions
Total resolved Bodies 1 BodySets 1
BodySet 0	Material: Air; 
	Bodies list:
			#0	Name: ;	ID: 1a02a93d-dfbd-49c4-a3b2-8af4e15bf1e1
	Domains list:mesh type	 (0, 1)		 0 


--------------------------------------------------------------------------
Collect data takes...0.002 s
-----------------CModelBodies2MeshMapper::CollectData finished successfully-------------------
Saving initial mesh in: C:\Users\juded\OneDrive\Desktop\Car shit\17\17.fld .
Storing results...
	Estimated CPT size=13.300 MB.
	Time (write bcf): 0.293 s
Storing results takes 0.301 s
-----------------------------------------------------------------------
Memory Working Set Current = 186.46 Mb, Memory Working Set Peak = 186.46 Mb
Memory Private Bytes Current = 195.72 Mb, Memory Private Bytes Peak = 195.72 Mb
Process Threads Number: 12
-----------------------------------------------------------------------
Cleaning memory...
-----------------------------------------------------------------------
Start to free mesher data...
MMP (msh): locals=4, allc_sz=16.36 MB, used_sz=14.82 MB, blks-min-max=1/30
MMP (brx): locals=6, allc_sz=17.72 MB, used_sz=15.78 MB, blks-min-max=17/21
MMP (bcf): locals=6, allc_sz=53.52 MB, used_sz=51.34 MB, blks-min-max=17/41
MMP (xsl): locals=6, allc_sz=0.17 MB, used_sz=0.10 MB, blks-min-max=1/2
Free xsl...            OK	Time=0.000 s
Free ray collector...  OK	Time=0.000 s
Free ray intersector...OK	Time=0.000 s
Free body sets...      OK	Time=0.012 s
Free Geometry DB takes 0.000 s
Free mesh conn...      OK	Time=0.000 s
Free geomsd...         OK	Time=0.000 s
Free mbricks...        OK	Time=0.001 s
Free hash info...      OK	Time=0.002 s
Free bricks-x...       OK	Time=0.001 s
Free bcf...            OK	Time=0.005 s
Free mesh h...         OK	Time=0.000 s
Free bricks arr..      OK	Time=0.000 s
Free bricks tree...    OK	Time=0.000 s
Free mesh pools...     OK	Time=0.009 s
Free bodies mapper...  OK	Time=0.000 s
Free geom crits...     OK	Time=0.000 s
Free cpt regions...    OK	Time=0.000 s
Free peculiar surfs... OK	Time=0.000 s
Free sw-geometries...  OK	Time=0.000 s
Total free mesher data time: 0.033 s
-----------------------------------------------------------------------
Copying... OK
CPT size=4.042 MB (4238058 bytes).
Mesh generation normally finished at	14.12.2024	1:30:49
Mesher CPU = 1 sec
Mesher is finished at	14.12.2024	1:30:49
-----------------------------------------------------------------------
Memory Working Set Current = 35.95 Mb, Memory Working Set Peak = 186.46 Mb
Memory Private Bytes Current = 40.73 Mb, Memory Private Bytes Peak = 195.72 Mb
Process Threads Number: 12
-----------------------------------------------------------------------
Algebra Pool      : mem_usage = 3.38 Mb, allocated count = 0
-----------------------------------------------------------------------
Memory Working Set Current = 32.67 Mb, Memory Working Set Peak = 186.46 Mb
Memory Private Bytes Current = 37.41 Mb, Memory Private Bytes Peak = 195.72 Mb
Process Threads Number: 12
Process Threads Number Peak: 12
-----------------------------------------------------------------------
Log ended at 14.12.2024	01:30:49
