Log started at 21.03.2025	16:44:32
Number of used processors (NPROC): 20.
Number of mesh partitions (NPART): 20.
Total Physical Memory = 15.64 Gb, Available Physical Memory = 4.49 Gb
Computer name:	AVI435853SN
Operating system:	Windows 11 (or higher) (Version 10.0.22631)

Commandline:	"C:\Program Files\SOLIDWORKS Corp\SOLIDWORKS Flow Simulation\BINCFW\efdsolver.exe" /config:"C:\Users\5014070\Documents\GitHub\Mechanical\SeattleSolarCar2024-2025\Aeroshells\new Atticus aero models\juds wierd thing, not yet done\8\8.xmlconfig" /guid:169d47be-e0d2-4afe-a9f6-3befbdb6a324 /processors:max /m /s /prjnamelm:"Flow Simulation 2023" /prjnamehabout:"Flow Simulation 2023" /companyname:"COSMOS Applications" /prjaliasid:1009 /lang:English /port:53001

SOLIDWORKS 2023 SP2.1
Flow Simulation 2023  x64 / 5965

Project: C:\Users\5014070\Documents\GitHub\Mechanical\SeattleSolarCar2024-2025\Aeroshells\new Atticus aero models\juds wierd thing, not yet done\8\8.xmlconfig
Configuration name: Default
Project name: Project(1)
Problem type: external-with-void-internal-space-type
Exclude cavities without flow conditions: ON
NGK: OFF
MBO: OFF
-----------------------------------------------------------------------
Mesher option run = eRunMesherNormal
-----------------------------------------------------------------------

Mesh generation started:	21.3.2025	16:44:32
-----------------------------------------------------------------------
Memory Working Set Current = 16.14 Mb, Memory Working Set Peak = 16.14 Mb
Memory Private Bytes Current = 16.02 Mb, Memory Private Bytes Peak = 16.02 Mb
Process Threads Number: 7
-----------------------------------------------------------------------
Mesher adjust APD = OFF; AdjustAPD_method=0; N_per_Channel = 0; N2_per_Channel = 0
Current CPU = 0 sec
-----------------------------------------------------------------------
Geometries initialization:
-----------------------------------------------------------------------
Loading mesh settings (global/local)...
-----------------------------------------------------------------------
Number of geometries from DB: 1
Geometry(0):
	Guid = {00000000-0000-0000-0000-000000000000}
	Fluid..
	1 Body.
	1 Real body.
	-- Bodyset 0 --
		Tolerance=0.00047583.
		19 Face(s).
			19 of b-spline type.
		0 Face(s) that have no ref faces
		6 Plane surface(s).
		7 B- surface(s).
		6 Extrude surface(s).
		27928 Triangle(s).
		Getting triangle connectivities from DB: 0.002 s
		55 Edge(s).
			55 of b-spline type.
		BodyGeom reading: 0.043 s.
		27928 Reference Triangles.
		Getting triangle connectivities from DB (Ref): 0.002 s
		BodyGeom Ref reading: 0.003 s.
Geometry(1):
	Solid.
	-- Bodyset 1 --
	Empty
-----------------------------------------------------------------------
Number of geometries in task: 2
	G : 0	Type: Fluid
	G : 1	Type: Solid
Number of bodysets   in task: 2
-----------------------------------------------------------------------
BodySet (0):
	Making hash and connectivity for Bodyset ...
		CBodyGeom:
		Hash size: {36, 32, 248}.
		Mesh size: {36, 32, 62}.
		Hashing triangles...Ok.
			axis(0) tr sizes: average=25 max=217
			axis(1) tr sizes: average=18 max=235
			axis(2) tr sizes: average=118 max=730
		Number of t-connected sets:1 (cavity=0)
		CBodyGeomRef:
		Hashing triangles...Ok.
			axis(0) tr sizes: average=48 max=385
			axis(1) tr sizes: average=36 max=306
			axis(2) tr sizes: average=114 max=714
	0.0234 s.
Geometries reading and preparing has taken 0.078 s.
-----------------------------------------------------------------------
Mapped triangles:
Hashing rough geometry(bodies) triangulation:
BodySet (0):
	Triangles num=27928
	Triangles box={0.180886 ,2.05872 ,-1.04767 ,-0.0962057 ,-1.77081 ,3.22678}
		3d-hash size is 467096 bytes
BodySet (1):
no log info (empty stream)

Mapped triangles processed in 0.025 s.
-----------------------------------------------------------------------
-----------------------------------------------------------------------
Getting sectors:
Number of sectors: 0
-----------------------------------------------------------------------
-----------------------------------------------------------------------
Bodies:     2
Faces:      19
Edges:      55
Triangles:  27928
-----------------------------------------------------------------------

Current CPU = 0 sec
-----------------------------------------------------------------------
Memory Working Set Current = 41.66 Mb, Memory Working Set Peak = 47.29 Mb
Memory Private Bytes Current = 40.23 Mb, Memory Private Bytes Peak = 45.73 Mb
Process Threads Number: 26
-----------------------------------------------------------------------
-----------------------------------------------------------------------
Checking faces on CD...
FCD = [0 0 0 0 0 0]
FCD_conflicts = 0
Time (check faces on CD)=0.000 s
-----------------------------------------------------------------------

-----------------------------------------------------------------------
Mesh dimensions:
				I[0 ]=36
				I[1 ]=32
				I[2 ]=62

Comp. domain size:
				a[0  ]=-2.76073
				a[1  ]=5.07967
				a[2  ]=-3.90282
				a[3  ]=2.7588
				a[4  ]=-6.52911
				a[5  ]=6.08572

Fluid calculated			1
Solid calculated			0
-----------------------------------------------------------------------
MESH Build started...
-----------------------------------------------------------------------
Mesh LEVEL = 1
-----------------------------------------------------------------------
-----------------------------------------------------------------------
CPT-mode xeps:
	D / dh / eps [axis=0] = (7.8404, 0.0869922, 8.69922e-05)
	D / dh / eps [axis=1] = (6.66162, 0.0777182, 7.77182e-05)
	D / dh / eps [axis=2] = (12.6148, 0.089703, 8.9703e-05)
-----------------------------------------------------------------------
Initial allocation and brick-body-box intersection...OK (0.000 s)
Initial triangle brick intersection...OK (0.000 s)
Setting regions (71424 / 71424)...OK (0.000 s)
-----------------------------------------------------------------------
Base mesh info:
	3D task
	Nx=36
	Ny=32
	Nz=62
	N(Nx*Ny*Nz) = 1152
	Period    axis=[0, 0, 0]
	Symmetry  ni=[0 0 0 0 0 0]
	ZoomingBC ni=[0 0 0 0 0 0]
	Nx=36
		x[0]=-2.76073
		x[1]=-2.44935
		x[2]=-2.15332
		x[3]=-1.8718
		x[4]=-1.60407
		x[5]=-1.34947
		x[6]=-1.10735
		x[7]=-0.877086
		x[8]=-0.65811
		x[9]=-0.449866
		x[10]=-0.251827
		x[11]=-0.0634936
		x[12]=0.11561
		x[13]=0.289595
		x[14]=0.463581
		x[15]=0.637567
		x[16]=0.811553
		x[17]=0.985539
		x[18]=1.15952
		x[19]=1.33351
		x[20]=1.5075
		x[21]=1.68148
		x[22]=1.85547
		x[23]=2.02945
		x[24]=2.20344
		x[25]=2.38257
		x[26]=2.57093
		x[27]=2.76899
		x[28]=2.97726
		x[29]=3.19625
		x[30]=3.42652
		x[31]=3.66866
		x[32]=3.92326
		x[33]=4.19098
		x[34]=4.4725
		x[35]=4.76851
		x[36]=5.07967
	Ny=32
		y[0]=-3.90282
		y[1]=-3.61096
		y[2]=-3.33331
		y[3]=-3.06912
		y[4]=-2.81773
		y[5]=-2.57853
		y[6]=-2.35092
		y[7]=-2.13433
		y[8]=-1.92825
		y[9]=-1.73215
		y[10]=-1.54555
		y[11]=-1.368
		y[12]=-1.19905
		y[13]=-1.03828
		y[14]=-0.882847
		y[15]=-0.727409
		y[16]=-0.571971
		y[17]=-0.416533
		y[18]=-0.261095
		y[19]=-0.105658
		y[20]=0.0550938
		y[21]=0.224035
		y[22]=0.401583
		y[23]=0.588175
		y[24]=0.784273
		y[25]=0.990361
		y[26]=1.20695
		y[27]=1.43457
		y[28]=1.67378
		y[29]=1.92518
		y[30]=2.18939
		y[31]=2.46706
		y[32]=2.7588
	Nz=62
		z[0]=-6.52911
		z[1]=-6.22423
		z[2]=-5.93356
		z[3]=-5.65637
		z[4]=-5.39203
		z[5]=-5.13995
		z[6]=-4.89957
		z[7]=-4.67033
		z[8]=-4.45172
		z[9]=-4.24326
		z[10]=-4.04446
		z[11]=-3.85488
		z[12]=-3.67409
		z[13]=-3.49058
		z[14]=-3.30708
		z[15]=-3.12358
		z[16]=-2.94007
		z[17]=-2.75657
		z[18]=-2.57306
		z[19]=-2.38956
		z[20]=-2.20606
		z[21]=-2.02255
		z[22]=-1.83905
		z[23]=-1.65555
		z[24]=-1.47204
		z[25]=-1.28854
		z[26]=-1.10503
		z[27]=-0.92153
		z[28]=-0.738026
		z[29]=-0.554522
		z[30]=-0.371018
		z[31]=-0.187514
		z[32]=-0.00401024
		z[33]=0.179494
		z[34]=0.362998
		z[35]=0.546501
		z[36]=0.730005
		z[37]=0.909411
		z[38]=1.08882
		z[39]=1.26823
		z[40]=1.44763
		z[41]=1.62704
		z[42]=1.80645
		z[43]=1.98585
		z[44]=2.16526
		z[45]=2.34467
		z[46]=2.52407
		z[47]=2.70348
		z[48]=2.88289
		z[49]=3.0623
		z[50]=3.2417
		z[51]=3.42111
		z[52]=3.60817
		z[53]=3.80467
		z[54]=4.01111
		z[55]=4.22797
		z[56]=4.45579
		z[57]=4.69512
		z[58]=4.94653
		z[59]=5.21065
		z[60]=5.48811
		z[61]=5.77959
		z[62]=6.08572
-----------------------------------------------------------------------
Input_mesh_settings--------------------------------
Settings 0----------------
	Scope: GLOBAL
	Type:	------MESHER_SETTINGS----------
	RefAllCells           =0
	RefFluidCells         =0
	RefPartCells          =0
	RefSolidCells         =0
	l_SSFR(Capture crit)  =1
	l_curv(Curvature crit)=0
	l_tol(Tolerance crit) =0
	UseChannelRef         =1
	  NCR_method          =0
	  l_NCR               =1
	  N_gap               =5
	  Use d_NCR_min       =0
	  Use d_NCR_max       =0
	CloseThinSlotsHeight         =0
	--END_OF_MESHER_SETTINGS-------
End of input mesh settings-------------------------
-----------------------------------------------------------------------
Memory Working Set Current = 58.79 Mb, Memory Working Set Peak = 58.79 Mb
Memory Private Bytes Current = 58.86 Mb, Memory Private Bytes Peak = 58.86 Mb
Process Threads Number: 26
-----------------------------------------------------------------------
MMP (msh): locals=1, allc_sz=9.41 MB, used_sz=8.72 MB, blks-min-max=27/27
MMP (brx): locals=20, allc_sz=9.26 MB, used_sz=8.20 MB, blks-min-max=4/16
MMP (bcf): locals=0, allc_sz=0.00 MB, used_sz=0.00 MB, blks-min-max=0/0
MMP (xsl): locals=0, allc_sz=0.00 MB, used_sz=0.00 MB, blks-min-max=0/0
NxNyNz = [36, 32, 62]
base_dx=0.20981; 
NxNyNz_reverse = [37, 32, 60]

-----------------------------------------------------------------------
Refining geometries:
-----------------------------------------------------------------------

-----------------------------------------------------------------------
Refining by triangulation...
Refinement input: 71424 bricks
	Checking crit (71424 / 71424)...80 marked (0.009 s)
	Time(refinement): 0.000 s
Setting regions (640 / 71984)...OK (0.000 s)
	Checking crit (0 / 71984)...0 marked (0.000 s)
Refinement result (1 iterations): 71984 bricks (0.012 s)
Refinement input: 71984 bricks
	Checking crit (71344 / 71984)...0 marked (0.001 s)
Refinement result (0 iterations): 71984 bricks (0.001 s)
Collecting and processing rays:
	Adding rays...OK (0.003 s)
	new bricks = 71984 / 71984
	new rays   = 6150 (x=2210, y=2640, z=1300)
	Processing rays...
		Rays process:  0.082 (0.082) s
		Sort xstacks:  0.000 (0.000) s
		Put xstacks:   0.000 (0.000) s
		Total:         0.083 s
	Correcting rays...
		Lame vertices: 0.001 (0.001) s
		Bad rays:      0.000 (0.000) s
		Emit rays:     0.000 (0.000) s
		Correct ray f: 0.000 (0.000) s
		Undef:         0.000 (0.000) s
		Sum:           0.001 (0.001) s
		Total:         0.002 s
	Time (rays): 0.088 s
Capturing (71984 / 71984)...OK (0.001 s)
Refining by triangulation takes 0.102 s
-----------------------------------------------------------------------

-----------------------------------------------------------------------
Refining peculiar surfaces...
Collecting and processing rays:
	Adding rays...OK (0.000 s)
	new bricks = 0 / 71984
	new rays   = 0 (x=0, y=0, z=0)
	Processing rays...
		Rays process:  0.000 (0.000) s
		Sort xstacks:  0.000 (0.000) s
		Put xstacks:   0.000 (0.000) s
		Total:         0.000 s
	Correcting rays...
		Total:         0.000 s
	Time (rays): 0.001 s
Capturing (0 / 71984)...OK (0.000 s)
0 surfaces refined
Refining peculiar surfaces takes 0.001 s
-----------------------------------------------------------------------

-----------------------------------------------------------------------
Base mesh 1 Refining...
Collecting and processing rays:
	Adding rays...OK (0.000 s)
	new bricks = 0 / 71984
	new rays   = 0 (x=0, y=0, z=0)
	Processing rays...
		Rays process:  0.000 (0.000) s
		Sort xstacks:  0.000 (0.000) s
		Put xstacks:   0.000 (0.000) s
		Total:         0.000 s
	Correcting rays...
		Total:         0.000 s
	Time (rays): 0.001 s
Capturing (0 / 71984)...OK (0.000 s)
Refinement input: 71984 bricks
	Checking crit (71344 / 71984)...0 marked (0.000 s)
Refinement result (0 iterations): 71984 bricks (0.001 s)
-----------------------------------------------------------------------
Refining channels...
FYI: CNarrowChannelRefiner::RefineChannels_PRLL
Refinement input: 71984 bricks
	Time(refinement): 0.000 s
Setting regions (296 / 72243)...OK (0.001 s)
Refinement result (1 iterations): 72243 bricks (0.003 s)
Collecting and processing rays:
	Adding rays...OK (0.000 s)
	new bricks = 296 / 72243
	new rays   = 121 (x=17, y=92, z=12)
	Processing rays...
		Rays process:  0.001 (0.001) s
		Sort xstacks:  0.000 (0.000) s
		Put xstacks:   0.000 (0.000) s
		Total:         0.001 s
	Correcting rays...
		Lame vertices: 0.000 (0.000) s
		Bad rays:      0.000 (0.000) s
		Emit rays:     0.000 (0.000) s
		Correct ray f: 0.000 (0.000) s
		Undef:         0.000 (0.000) s
		Sum:           0.000 (0.000) s
		Total:         0.001 s
	Time (rays): 0.002 s
Capturing (296 / 72243)...OK (0.000 s)
FYI: m_iteration_count = 0
FYI: level1 statistics:
     level1_cnt_plus[1]=296;		level1_cnt_minus[1]=0
     level1_cnt_plus[2]=0;		level1_cnt_minus[2]=0
     level1_cnt_plus[3]=0;		level1_cnt_minus[3]=0
     level1_cnt_plus[4]=0;		level1_cnt_minus[4]=0
     level1_cnt_plus[5]=0;		level1_cnt_minus[5]=0
     level1_cnt_plus[6]=0;		level1_cnt_minus[6]=0
     level1_cnt_plus[7]=0;		level1_cnt_minus[7]=0
     level1_cnt_plus[8]=0;		level1_cnt_minus[8]=0
     level1_cnt_plus[9]=0;		level1_cnt_minus[9]=0
Refinement input: 72243 bricks
	Time(refinement): 0.000 s
Setting regions (40 / 72278)...OK (0.000 s)
Refinement result (1 iterations): 72278 bricks (0.002 s)
Collecting and processing rays:
	Adding rays...OK (0.000 s)
	new bricks = 40 / 72278
	new rays   = 10 (x=0, y=10, z=0)
	Processing rays...
		Rays process:  0.000 (0.000) s
		Sort xstacks:  0.000 (0.000) s
		Put xstacks:   0.000 (0.000) s
		Total:         0.000 s
	Correcting rays...
		Lame vertices: 0.000 (0.000) s
		Bad rays:      0.000 (0.000) s
		Emit rays:     0.000 (0.000) s
		Correct ray f: 0.000 (0.000) s
		Undef:         0.000 (0.000) s
		Sum:           0.000 (0.000) s
		Total:         0.001 s
	Time (rays): 0.001 s
Capturing (40 / 72278)...OK (0.000 s)
FYI: m_iteration_count = 1
FYI: level1 statistics:
     level1_cnt_plus[1]=336;		level1_cnt_minus[1]=0
     level1_cnt_plus[2]=0;		level1_cnt_minus[2]=0
     level1_cnt_plus[3]=0;		level1_cnt_minus[3]=0
     level1_cnt_plus[4]=0;		level1_cnt_minus[4]=0
     level1_cnt_plus[5]=0;		level1_cnt_minus[5]=0
     level1_cnt_plus[6]=0;		level1_cnt_minus[6]=0
     level1_cnt_plus[7]=0;		level1_cnt_minus[7]=0
     level1_cnt_plus[8]=0;		level1_cnt_minus[8]=0
     level1_cnt_plus[9]=0;		level1_cnt_minus[9]=0
Refinement input: 72278 bricks
	Time(refinement): 0.000 s
Setting regions (8 / 72285)...OK (0.000 s)
Refinement result (1 iterations): 72285 bricks (0.002 s)
Collecting and processing rays:
	Adding rays...OK (0.000 s)
	new bricks = 8 / 72285
	new rays   = 3 (x=0, y=0, z=3)
	Processing rays...
		Rays process:  0.000 (0.000) s
		Sort xstacks:  0.000 (0.000) s
		Put xstacks:   0.000 (0.000) s
		Total:         0.000 s
	Correcting rays...
		Lame vertices: 0.000 (0.000) s
		Bad rays:      0.000 (0.000) s
		Emit rays:     0.000 (0.000) s
		Correct ray f: 0.000 (0.000) s
		Undef:         0.000 (0.000) s
		Sum:           0.000 (0.000) s
		Total:         0.001 s
	Time (rays): 0.001 s
Capturing (8 / 72285)...OK (0.000 s)
FYI: m_iteration_count = 2
FYI: level1 statistics:
     level1_cnt_plus[1]=344;		level1_cnt_minus[1]=0
     level1_cnt_plus[2]=0;		level1_cnt_minus[2]=0
     level1_cnt_plus[3]=0;		level1_cnt_minus[3]=0
     level1_cnt_plus[4]=0;		level1_cnt_minus[4]=0
     level1_cnt_plus[5]=0;		level1_cnt_minus[5]=0
     level1_cnt_plus[6]=0;		level1_cnt_minus[6]=0
     level1_cnt_plus[7]=0;		level1_cnt_minus[7]=0
     level1_cnt_plus[8]=0;		level1_cnt_minus[8]=0
     level1_cnt_plus[9]=0;		level1_cnt_minus[9]=0
FYI: m_iteration_count = 3
FYI: level1 statistics:
     level1_cnt_plus[1]=344;		level1_cnt_minus[1]=0
     level1_cnt_plus[2]=0;		level1_cnt_minus[2]=0
     level1_cnt_plus[3]=0;		level1_cnt_minus[3]=0
     level1_cnt_plus[4]=0;		level1_cnt_minus[4]=0
     level1_cnt_plus[5]=0;		level1_cnt_minus[5]=0
     level1_cnt_plus[6]=0;		level1_cnt_minus[6]=0
     level1_cnt_plus[7]=0;		level1_cnt_minus[7]=0
     level1_cnt_plus[8]=0;		level1_cnt_minus[8]=0
     level1_cnt_plus[9]=0;		level1_cnt_minus[9]=0
FYI: level1 statistics:
     level1_cnt_plus[1]=344;		level1_cnt_minus[1]=0
     level1_cnt_plus[2]=0;		level1_cnt_minus[2]=0
     level1_cnt_plus[3]=0;		level1_cnt_minus[3]=0
     level1_cnt_plus[4]=0;		level1_cnt_minus[4]=0
     level1_cnt_plus[5]=0;		level1_cnt_minus[5]=0
     level1_cnt_plus[6]=0;		level1_cnt_minus[6]=0
     level1_cnt_plus[7]=0;		level1_cnt_minus[7]=0
     level1_cnt_plus[8]=0;		level1_cnt_minus[8]=0
     level1_cnt_plus[9]=0;		level1_cnt_minus[9]=0

-----------------------------------------------------------------------
U-shapes refinement...
Refinement input: 72285 bricks
	Checking crit (71301 / 72285)...8 marked (0.002 s)
	Time(refinement): 0.000 s
Setting regions (64 / 72341)...OK (0.000 s)
	Checking crit (0 / 72341)...0 marked (0.000 s)
Refinement result (1 iterations): 72341 bricks (0.005 s)
Collecting and processing rays:
	Adding rays...OK (0.000 s)
	new bricks = 64 / 72341
	new rays   = 42 (x=16, y=16, z=10)
	Processing rays...
		Rays process:  0.000 (0.000) s
		Sort xstacks:  0.000 (0.000) s
		Put xstacks:   0.000 (0.000) s
		Total:         0.001 s
	Correcting rays...
		Lame vertices: 0.000 (0.000) s
		Bad rays:      0.000 (0.000) s
		Emit rays:     0.000 (0.000) s
		Correct ray f: 0.000 (0.000) s
		Undef:         0.000 (0.000) s
		Sum:           0.000 (0.000) s
		Total:         0.000 s
	Time (rays): 0.001 s
Capturing (64 / 72341)...OK (0.000 s)
-----------------------------------------------------------------------

-----------------------------------------------------------------------
Equi Distant Refiner:
Equi Distant Refiner takes 0.00 s
-----------------------------------------------------------------------

/-Ray Intersection---------------/ Time	1.463 s
Calls                6326
CorrectRay Calls     0



-----------------------------------------------------------------------
Refining geometries takes 0.146 s
-----------------------------------------------------------------------
-----------------------------------------------------------------------
Memory Working Set Current = 68.78 Mb, Memory Working Set Peak = 68.78 Mb
Memory Private Bytes Current = 80.46 Mb, Memory Private Bytes Peak = 80.46 Mb
Process Threads Number: 26
-----------------------------------------------------------------------
Defect ray count	0
FYI: CNarrowChannelRefiner::RedistributeLevel1_step_1: is started
FYI: CNarrowChannelRefiner::RedistributeLevel1_step_1: is finished (0.000 s)
FYI: level1 statistics:
     level1_cnt_plus[1]=344;		level1_cnt_minus[1]=0
     level1_cnt_plus[2]=0;		level1_cnt_minus[2]=0
     level1_cnt_plus[3]=0;		level1_cnt_minus[3]=0
     level1_cnt_plus[4]=0;		level1_cnt_minus[4]=0
     level1_cnt_plus[5]=0;		level1_cnt_minus[5]=0
     level1_cnt_plus[6]=0;		level1_cnt_minus[6]=0
     level1_cnt_plus[7]=0;		level1_cnt_minus[7]=0
     level1_cnt_plus[8]=0;		level1_cnt_minus[8]=0
     level1_cnt_plus[9]=0;		level1_cnt_minus[9]=0
FYI: CNarrowChannelRefiner::RedistributeLevel1_step_2: is started
FYI: CNarrowChannelRefiner::RedistributeLevel1_step_2: is finished (0.009 s)
FYI: level1 statistics:
     level1_cnt_plus[1]=357;		level1_cnt_minus[1]=0
     level1_cnt_plus[2]=0;		level1_cnt_minus[2]=0
     level1_cnt_plus[3]=0;		level1_cnt_minus[3]=0
     level1_cnt_plus[4]=0;		level1_cnt_minus[4]=0
     level1_cnt_plus[5]=0;		level1_cnt_minus[5]=0
     level1_cnt_plus[6]=0;		level1_cnt_minus[6]=0
     level1_cnt_plus[7]=0;		level1_cnt_minus[7]=0
     level1_cnt_plus[8]=0;		level1_cnt_minus[8]=0
     level1_cnt_plus[9]=0;		level1_cnt_minus[9]=0
FYI: CNarrowChannelRefiner::RedistributeLevel1_step_3: is started
FYI: CNarrowChannelRefiner::RedistributeLevel1_step_3: is finished (0.002 s)
RedistributeLevel1 takes:
FYI: level1 statistics:
     level1_cnt_plus[1]=357;		level1_cnt_minus[1]=246
     level1_cnt_plus[2]=0;		level1_cnt_minus[2]=0
     level1_cnt_plus[3]=0;		level1_cnt_minus[3]=0
     level1_cnt_plus[4]=0;		level1_cnt_minus[4]=0
     level1_cnt_plus[5]=0;		level1_cnt_minus[5]=0
     level1_cnt_plus[6]=0;		level1_cnt_minus[6]=0
     level1_cnt_plus[7]=0;		level1_cnt_minus[7]=0
     level1_cnt_plus[8]=0;		level1_cnt_minus[8]=0
     level1_cnt_plus[9]=0;		level1_cnt_minus[9]=0
-----------------------------------------------------------------------
MSH format builder (Iteration 0)
-----------------------------------------------------------------------
Memory Working Set Current = 70.50 Mb, Memory Working Set Peak = 70.50 Mb
Memory Private Bytes Current = 82.16 Mb, Memory Private Bytes Peak = 82.16 Mb
Process Threads Number: 26
-----------------------------------------------------------------------
Total bricks count: 72341
-----------------------------------------------------------------------
MSH (Real Geometry) format constructor:
	Geom    Count = 2
	Bodyset Count = 2
	3D task
	Getting brick sets...OK (0.002 s)

	Min x-stack xeps = 0.00263247
	D / dh / eps [axis=0] = (7.8404, 0.0869922, 8.69922e-05)
	D / dh / eps [axis=1] = (6.66162, 0.0777182, 7.77182e-05)
	D / dh / eps [axis=2] = (12.6148, 0.089703, 8.9703e-05)
	Time (xeps): 0.000 s
Level 1
	Set (0)  size: 524
	Set (0)  time: 0.019 s
	Set (1)  size: 524
	Set (1)  time: 0.006 s
Level 0
	Set (0)  size: 35646
	Set (0)  time: 0.008 s
	Set (1)  size: 35647
	Set (1)  time: 0.008 s

	Spread npq bricks...0 marked (0.000 s)

Result:
	Bricks number:                        72341

	Memory usage:                         1.408 MB
	Memory usage (per brick):             0.020 KB
	Construction time:                    0.045 s

	Topology features:
	------------------
	- High quality bricks                  100.00 % (72341)
	- Medium quality bricks                  0.00 % (0)
	- Bad quality bricks                     0.00 % (0)
	- NPQ bricks                             0.00 % (3)
	- Type-1 bricks                          1.48 % (1068)
	- Ribs corrected bricks                  0.00 % (0)
	- Points with geom-info (bricks)         0.00 % (0)
	- Points with closest-info (bricks)      0.00 % (2)
	- Triangulated by center (bricks)        0.00 % (2)
	- Facet w-faces mergings (bricks)        0.00 % (0)
	- To refine (bricks)                     0.00 % (0)
	- Points-count                           0.00 % (0)
	- T-self-intersection-all (bricks)       0.00 % (0)
	- T-self-intersection-simple (bricks)    0.00 % (0)
	- T-self-intersection-complex (bricks)   0.00 % (0)
	- NPQ by reason 1 u-shape                0.00 % (0)
	- NPQ by reason 2 tri-by-ctr             0.00 % (2)
	- NPQ by reason 3 ray-correction         0.00 % (0)
	- NPQ by reason 4 t-self-intersection    0.00 % (0)
	- NPQ by reason 5 non-good               0.00 % (0)
	- NPQ by reason 6 npq-worker             0.00 % (0)

-----------------------------------------------------------------------
Memory Working Set Current = 83.37 Mb, Memory Working Set Peak = 83.37 Mb
Memory Private Bytes Current = 94.12 Mb, Memory Private Bytes Peak = 94.12 Mb
Process Threads Number: 26
-----------------------------------------------------------------------
-----------------------------------------------------------------------
msh-iterations: 1
-----------------------------------------------------------------------
high---q-brick-count = 100.00 % (72341 72341)
medium-q-brick-count =   0.00 % (72341 0)
bad----q-brick-count =   0.00 % (72341 0)
np-----q-brick-count =   0.00 % (72341 3)
-----------------------------------------------------------------------
Free brick parser storage...OK(0.001 s)
-----------------------------------------------------------------------
Memory Working Set Current = 78.22 Mb, Memory Working Set Peak = 83.42 Mb
Memory Private Bytes Current = 90.38 Mb, Memory Private Bytes Peak = 94.12 Mb
Process Threads Number: 26
-----------------------------------------------------------------------
-----------------------------------------------------------------------
MSH --> BCF format (Iteration 0)...
BCF collector...(remove mode=0)
	Time (alloc counter per brick): 0.001 s
	Brick    count: 72341
	Av.f all count: 72275
	Av.s all count: 1367
	Av.f pid count: 1295
	Av.s pid count: 1074
	Faces fs count: 3957
	Faces ff count: 0
	Faces ss count: 0
	Faces bb count: 0
	Faces fe count: 10736
	Faces se count: 0
	Faces fw count: 14693
	Faces af count: 211565
	Faces as count: 3467
	Time (all count): 	0.002 s
	Time (bcf alloc): 	0.001 s
	Time (shifts alloc): 	0.002 s
	Time (shifts init): 	0.002 s
	Time (bcf fill): 	0.003 s
	Time (add av to faces): 0.000 s
	Time (add faces to av): 0.002 s
Time (bcf collect): 		0.015 s
	AV checker...
		Hole marker...
			Subdomains:               1.
			Subdomains (cond):        1.
			Time (sd):      0.005 s.
			Time (sd_cond): 0.006 s.
			Time (potential-hole marking): 	0.001 s
			Time (hole checking): 0.000 s.
			0 av(s) are marked to fill subdomain holes.
		Time (hole marker): 0.013 s.
	Time (check av): 	0.020 s
	Subdomain checker...
		Subdomains construction time: 0.004 s.
		Subdomains sort time: 0.000 s.
			Subdomain 0 (geom_ind=0): 72275 av
			Subdomain 1 (geom_ind=1): 1367 av
		gi: 0, real bodies: 1
		gi: 0, subdomains:  1
		gi: 1, real bodies: 0
		gi: 1, subdomains:  1
		Defect subdomains: 0
	Time (check subdoms): 	0.005 s
Time (bcf iteration total): 	0.040 s
	Time (fw-nb): 		0.000 s
	Fixed mutual fw-nb:     3206 (bb: 0)
	Time (fw-nb mutual): 	0.001 s
	Time (fw-nb sort): 	0.000 s
	Fw-opt BEFORE total:    14693 (fs=3957, ff=0, ss=0)
	Fw-opt AFTER  total:    12698 (fs=1962, ff=0, ss=0, failed fw/br=5/0, big_curv=7, big_poly=0)
	Fw-opt RESULT:          1995 (res/(fs+ff+ss) = 50.42 %)
	Time (fw-opt): 		0.001 s
	Time (fw-re-order): 	0.001 s
	Time (fw-nb): 		0.001 s
	Fixed mutual fw-nb:     25482 (bb: 0)
	Time (fw-nb mutual): 	0.001 s
	Time (fw-nb sort): 	0.000 s
	Time (rfd fix): 	0.000 s
	Time (av convexity): 	0.000 s
	Time (av small volume): 0.000 s
	Time (diagonal fw-nb): 	0.005 s
	Fixed mutual fw-nb:     0 (bb: 0)
	Time (fw-nb mutual): 	0.001 s
	Time (fw-nb sort): 	0.000 s
	Fluid subdomains: 1
	Faces fw-nb diff sd:    0
	Time (fw-nb diff sd): 	0.005 s
Time (bcf calc): 		0.019 s
-----------------------------------------------------------------------
Time (bcf total): 		0.060 s
-----------------------------------------------------------------------
bcf-iterations: 1
-----------------------------------------------------------------------
-----------------------------------------------------------------------
Mega-cv constructor for fluid...
	 4 av's is treated as thin
Relative size generator (threshold = 0.05)...
	Iteration 1 (small cluster count = 135)
	Iteration 2 (small cluster count = 70)
	Iteration 3 (small cluster count = 20)
	Iteration 4 (small cluster count = 7)
	Iteration 5 (small cluster count = 0)
	 121 mega-cv's generated
	 0 mega-cv's removed
Relative size generator is completed OK (0.002 s)
Apply fa-rules to mega-cv clusters fixes...
	Fa-rule violation fixes:       19 of       19 (total cluster# =      137)
OK (0.001 s)
Convert clusters:
	 120 mega-cv's total
Mega-cv count: 120
Time (mega-cv fill): 	0.000 s
Time (mega-cv total): 	0.010 s
-----------------------------------------------------------------------
Mixing plane rotation regions: NO.
Sliding mesh rotation regions: NO.
Fluid/fluid faces: NO.
-----------------------------------------------------------------------
Memory Working Set Current = 96.47 Mb, Memory Working Set Peak = 109.73 Mb
Memory Private Bytes Current = 108.27 Mb, Memory Private Bytes Peak = 121.89 Mb
Process Threads Number: 26
-----------------------------------------------------------------------
----------------------------------------------------------
BCF --> BCF.GEOMSUBDOM (bridge arrays):
MESH (0):
	Fluid Subdom Constructor: 1 subdom(s).
	Solid Subdom Constructor: 1 subdom(s).
	Net Asm Subdom Constructor: 0 subdom(s).
	GEOMSUBDOM (0): gi=0 Fluid av=72275 cv=72131 fa=211565 fb=0 fw=12698 V=6.567142e+02
	Cache data...OK
	GEOMSUBDOM (1): gi=1 Solid av=1367 cv=1367 fa=3467 fb=0 fw=1962 V=2.155556e+00
	Cache data...OK
	Setting nb of w-faces...OK (0.001 s).
	Correcting nb of w-faces...
	Time(correct_fw_nb)=0.001 s

MESH (0) checking:
	GEOMSUBDOM (0):fa_s=9163.5268427001137752 fb_s=0.0000000000000000 fw_s=491.3809504815917535 fw_nb=101486
	              :d_const(20250)=6.13147e-13 d_linear(49884)=1.2862e-12
	GEOMSUBDOM (1):fa_s=41.1559008201926773 fb_s=0.0000000000000000 fw_s=21.0403329227782656 fw_nb=15622
	              :d_const(632)=6.3158e-12 d_linear(632)=9.69816e-11
MESH (0) checking: OK.
Time (MDS): 	0.030 s
----------------------------------------------------------
-----------------------------------------------------------------------
Memory Working Set Current = 121.06 Mb, Memory Working Set Peak = 121.06 Mb
Memory Private Bytes Current = 132.11 Mb, Memory Private Bytes Peak = 132.11 Mb
Process Threads Number: 26
-----------------------------------------------------------------------

-----------------------------------------------------------------------
BCF CHECKSUM DATA (Mesh 0):

BRICK |Level1| Sum:               603
FACE_A Area Sum:   G.Fluid        9163.5268427001064993
FACE_A Area Sum:   G.Solid        41.1559008201926773
FACE_W Area Sum:                  491.3809504815916966
FACE_W Nb   Sum:                  101486
FACE_W min curvatures sum:        -3295.39264091
FACE_W max curvatures sum:        8404.84901997
AV Max Disbalance(Const) :        6.31581e-12 (cid=40146, t={46, 31, 68}, avid=72885, pid=505)
AV Max Disbalance(Linear):        9.69816e-11 (cid=40146, t={46, 31, 68}, avid=72885, pid=505)
-----------------------------------------------------------------------


-----------------------------------------------------------------------
MESHER TOPOLOGY DATA:

BRICKS: Total                 72341
BRICKS: Fluid                 72048
BRICKS: Fluid Partial         1068
BRICKS: Type 1                1068
BRICKS: Max AV number         4

AV:     G.Total               73642
AV:     G.Fluid               72275
AV:     G.Solid               1367

AV:     G.Fluid Thin Profile    0.01 % (6)
AV:     G.Solid Thin Profile   16.61 % (227)

AV:     G.Fluid Thin For Mega   0.01 % (4)
AV:     G.Solid Thin For Mega  15.95 % (218)

AV:     G.Fluid Non-Convex      1.17 % (848)
AV:     G.Solid Non-Convex     51.79 % (708)

AV:     G.Fluid Non-Ess-Convex      0.48 % (345)
AV:     G.Solid Non-Ess-Convex     12.87 % (176)

FACE_A: G.Fluid          (af) 211565 (partially opened 2689)
FACE_A: G.Solid          (as) 3467 (partially opened 2221)

FACE_B: G.Total          (b)  0

FACE_W: G.Total                 12698       Brick/Bound
FACE_W: G.Fluid/Solid    (fs_g) 1962        0           
FACE_W: G.Fluid/Fluid    (ff_g) 0           0           
FACE_W: G.Solid/Solid    (ss_g) 0           0           
FACE_W: G.Fluid/Void     (fv_g) 0           0           
FACE_W: G.Fluid/External (fe_g) 10736
FACE_W: G.Solid/External (se_g) 0

AV/CV max fa count (on brick side):6
AV/CV max fw count:                6
AV/CV max fb count:                0
AV/CV max fw poly count:           24

MEMORY: Total                   21.683 MB
MEMORY: Per Brick               0.307 KB
-----------------------------------------------------------------------

-----------------------------------------------------------------------
Connectivities information:
	Number of conns: 0
-----------------------------------------------------------------------
	Time (gap size): 	0.011 s
-----------------------------------------------------------------------
Memory Working Set Current = 121.19 Mb, Memory Working Set Peak = 121.19 Mb
Memory Private Bytes Current = 132.13 Mb, Memory Private Bytes Peak = 132.13 Mb
Process Threads Number: 26
-----------------------------------------------------------------------
-----------------------------------------------------------------------
Calculating curvature and tolerance criteria...
Curvature: min=0 (cid=0) max=3.14155 (cid=50711)
Tolerance: min=0 (cid=0) max=0.10051 (cid=28474)
Calculating curvature and tolerance criteria takes 0.016 s
-----------------------------------------------------------------------
MESH Build(FS) finished. Time=0.361 s
-----------------------------------------------------------------------
Current CPU = 0 sec

Nx=36
Ny=32
Nz=62
Max BRICK Level=1
Mesh Level=1
-----------------CModelBodies2MeshMapper::CollectData started -------------------------------
	Time (collect mesh base data): 0.000 s.
	Time (collect model bodies mapping): 0.000 s.
	Time (collect positive bodies mapping): 0.000 s.
	Time (collect fluid bodies mapping): 0.000 s.
-----------------CModelBodies2MeshMapper Report -------------------------------
FluidDomains 1 SolidDomains 1 VoidDomains 0 
Domains RefIndexes
----------------- -------------------------------
	ModelBodies
Total resolved Bodies 0 BodySets 0

--------------------------------------------------------------------------
	Positive geometry Bodies
Total resolved Bodies 1 BodySets 1
BodySet 0
	Bodies list:
			#0	Name: ;	ID: 29f8bb06-b462-411a-88fe-08fc0b7f24f5
	Domains list:mesh type	 (0, 1)		 0 


--------------------------------------------------------------------------
	Fluid regions
Total resolved Bodies 1 BodySets 1
BodySet 0	Material: Air; 
	Bodies list:
			#0	Name: ;	ID: 29f8bb06-b462-411a-88fe-08fc0b7f24f5
	Domains list:mesh type	 (0, 1)		 0 


--------------------------------------------------------------------------
Collect data takes...0.001 s
-----------------CModelBodies2MeshMapper::CollectData finished successfully-------------------
Saving initial mesh in: C:\Users\5014070\Documents\GitHub\Mechanical\SeattleSolarCar2024-2025\Aeroshells\new Atticus aero models\juds wierd thing, not yet done\8\8.fld .
Storing results...
	Estimated CPT size=8.088 MB.
	Time (write bcf): 0.131 s
Storing results takes 0.136 s
-----------------------------------------------------------------------
Memory Working Set Current = 121.53 Mb, Memory Working Set Peak = 121.53 Mb
Memory Private Bytes Current = 132.15 Mb, Memory Private Bytes Peak = 132.15 Mb
Process Threads Number: 26
-----------------------------------------------------------------------
Cleaning memory...
-----------------------------------------------------------------------
Start to free mesher data...
MMP (msh): locals=16, allc_sz=9.64 MB, used_sz=8.85 MB, blks-min-max=1/27
MMP (brx): locals=20, allc_sz=10.47 MB, used_sz=9.63 MB, blks-min-max=6/16
MMP (bcf): locals=20, allc_sz=32.50 MB, used_sz=31.17 MB, blks-min-max=5/39
MMP (xsl): locals=20, allc_sz=0.31 MB, used_sz=0.08 MB, blks-min-max=1/1
Free xsl...            OK	Time=0.000 s
Free ray collector...  OK	Time=0.000 s
Free ray intersector...OK	Time=0.000 s
Free body sets...      OK	Time=0.003 s
Free Geometry DB takes 0.000 s
Free mesh conn...      OK	Time=0.000 s
Free geomsd...         OK	Time=0.000 s
Free mbricks...        OK	Time=0.000 s
Free hash info...      OK	Time=0.000 s
Free bricks-x...       OK	Time=0.000 s
Free bcf...            OK	Time=0.001 s
Free mesh h...         OK	Time=0.000 s
Free bricks arr..      OK	Time=0.000 s
Free bricks tree...    OK	Time=0.000 s
Free mesh pools...     OK	Time=0.006 s
Free bodies mapper...  OK	Time=0.000 s
Free geom crits...     OK	Time=0.000 s
Free cpt regions...    OK	Time=0.000 s
Free peculiar surfs... OK	Time=0.000 s
Free sw-geometries...  OK	Time=0.000 s
Total free mesher data time: 0.013 s
-----------------------------------------------------------------------
Copying... OK
CPT size=2.664 MB (2793872 bytes).
Mesh generation normally finished at	21.3.2025	16:44:32
Mesher CPU = 0 sec
Mesher is finished at	21.3.2025	16:44:32
-----------------------------------------------------------------------
Memory Working Set Current = 36.97 Mb, Memory Working Set Peak = 121.53 Mb
Memory Private Bytes Current = 44.77 Mb, Memory Private Bytes Peak = 132.15 Mb
Process Threads Number: 26
-----------------------------------------------------------------------
Algebra Pool      : mem_usage = 2.06 Mb, allocated count = 0
-----------------------------------------------------------------------
Memory Working Set Current = 35.02 Mb, Memory Working Set Peak = 121.53 Mb
Memory Private Bytes Current = 42.77 Mb, Memory Private Bytes Peak = 132.15 Mb
Process Threads Number: 26
Process Threads Number Peak: 26
-----------------------------------------------------------------------
Log ended at 21.03.2025	16:44:32
