Log started at 16.03.2025	20:00:33
Number of used processors (NPROC): 8.
Number of mesh partitions (NPART): 8.
Total Physical Memory = 17.96 Gb, Available Physical Memory = 7.52 Gb
Computer name:	DESKTOP-9NTJJ53
Operating system:	Windows 10 (Version 10.0.19045)

Commandline:	"C:\Program Files\SOLIDWORKS Corp\SOLIDWORKS Flow Simulation\BINCFW\efdsolver.exe" /config:"C:\Users\attic\Documents\GitHub\Mechanical\SeattleSolarCar2024-2025\Aeroshells\solid car new\3\3.xmlconfig" /guid:74727736-5953-43fc-bdf0-29ef43c50493 /processors:max /m /s /prjnamelm:"Flow Simulation 2023" /prjnamehabout:"Flow Simulation 2023" /companyname:"COSMOS Applications" /prjaliasid:1009 /lang:English /port:63687

SOLIDWORKS 2023 SP2.1
Flow Simulation 2023  x64 / 5965

Project: C:\Users\attic\Documents\GitHub\Mechanical\SeattleSolarCar2024-2025\Aeroshells\solid car new\3\3.xmlconfig
Configuration name: Default
Project name: Project(1)
Problem type: external-with-void-internal-space-type
Exclude cavities without flow conditions: ON
NGK: OFF
MBO: OFF
-----------------------------------------------------------------------
Mesher option run = eRunMesherNormal
-----------------------------------------------------------------------

Mesh generation started:	16.3.2025	20:0:33
-----------------------------------------------------------------------
Memory Working Set Current = 15.76 Mb, Memory Working Set Peak = 15.77 Mb
Memory Private Bytes Current = 15.94 Mb, Memory Private Bytes Peak = 15.94 Mb
Process Threads Number: 7
-----------------------------------------------------------------------
Mesher adjust APD = OFF; AdjustAPD_method=0; N_per_Channel = 0; N2_per_Channel = 0
Current CPU = 0 sec
-----------------------------------------------------------------------
Geometries initialization:
-----------------------------------------------------------------------
Loading mesh settings (global/local)...
-----------------------------------------------------------------------
Number of geometries from DB: 1
Geometry(0):
	Guid = {00000000-0000-0000-0000-000000000000}
	Fluid..
	2 Bodies.
	1 Real body.
	-- Bodyset 0 --
		Tolerance=0.000472583.
		21 Face(s).
			21 of b-spline type.
		0 Face(s) that have no ref faces
		6 Plane surface(s).
		11 B- surface(s).
		4 Extrude surface(s).
		25968 Triangle(s).
		Getting triangle connectivities from DB: 0.003 s
		49 Edge(s).
			49 of b-spline type.
		BodyGeom reading: 0.026 s.
		25968 Reference Triangles.
		Getting triangle connectivities from DB (Ref): 0.003 s
		BodyGeom Ref reading: 0.006 s.
Geometry(1):
	Solid.
	-- Bodyset 1 --
	Empty
-----------------------------------------------------------------------
Number of geometries in task: 2
	G : 0	Type: Fluid
	G : 1	Type: Solid
Number of bodysets   in task: 2
-----------------------------------------------------------------------
BodySet (0):
	Making hash and connectivity for Bodyset ...
		CBodyGeom:
		Hash size: {36, 32, 248}.
		Mesh size: {36, 32, 62}.
		Hashing triangles...Ok.
			axis(0) tr sizes: average=26 max=193
			axis(1) tr sizes: average=20 max=186
			axis(2) tr sizes: average=121 max=404
		Number of t-connected sets:2 (cavity=0)
		CBodyGeomRef:
		Hashing triangles...Ok.
			axis(0) tr sizes: average=48 max=377
			axis(1) tr sizes: average=38 max=275
			axis(2) tr sizes: average=112 max=390
	0.0787 s.
Geometries reading and preparing has taken 0.131 s.
-----------------------------------------------------------------------
Mapped triangles:
Hashing rough geometry(bodies) triangulation:
BodySet (0):
	Triangles num=25968
	Triangles box={-0.669309 ,1.13069 ,-0.395966 ,0.533844 ,-2.65517 ,2.35197}
		3d-hash size is 467888 bytes
BodySet (1):
no log info (empty stream)

Mapped triangles processed in 0.081 s.
-----------------------------------------------------------------------
-----------------------------------------------------------------------
Getting sectors:
Number of sectors: 0
-----------------------------------------------------------------------
-----------------------------------------------------------------------
Bodies:     2
Faces:      21
Edges:      49
Triangles:  25968
-----------------------------------------------------------------------

Current CPU = 0 sec
-----------------------------------------------------------------------
Memory Working Set Current = 38.73 Mb, Memory Working Set Peak = 44.87 Mb
Memory Private Bytes Current = 37.63 Mb, Memory Private Bytes Peak = 43.64 Mb
Process Threads Number: 14
-----------------------------------------------------------------------
-----------------------------------------------------------------------
Checking faces on CD...
FCD = [0 0 0 0 0 0]
FCD_conflicts = 0
Time (check faces on CD)=0.000 s
-----------------------------------------------------------------------

-----------------------------------------------------------------------
Mesh dimensions:
				I[0 ]=36
				I[1 ]=32
				I[2 ]=62

Comp. domain size:
				a[0  ]=-3.67325
				a[1  ]=4.13287
				a[2  ]=-3.23166
				a[3  ]=3.3845
				a[4  ]=-7.381
				a[5  ]=5.18747

Fluid calculated			1
Solid calculated			0
-----------------------------------------------------------------------
MESH Build started...
-----------------------------------------------------------------------
Mesh LEVEL = 1
-----------------------------------------------------------------------
-----------------------------------------------------------------------
CPT-mode xeps:
	D / dh / eps [axis=0] = (7.80612, 0.0871838, 8.71838e-05)
	D / dh / eps [axis=1] = (6.61616, 0.0771878, 7.71878e-05)
	D / dh / eps [axis=2] = (12.5685, 0.0897532, 8.97532e-05)
-----------------------------------------------------------------------
Initial allocation and brick-body-box intersection...OK (0.003 s)
Initial triangle brick intersection...OK (0.001 s)
Setting regions (71424 / 71424)...OK (0.001 s)
-----------------------------------------------------------------------
Base mesh info:
	3D task
	Nx=36
	Ny=32
	Nz=62
	N(Nx*Ny*Nz) = 1152
	Period    axis=[0, 0, 0]
	Symmetry  ni=[0 0 0 0 0 0]
	ZoomingBC ni=[0 0 0 0 0 0]
	Nx=36
		x[0]=-3.67325
		x[1]=-3.36405
		x[2]=-3.07008
		x[3]=-2.79051
		x[4]=-2.52462
		x[5]=-2.27175
		x[6]=-2.03126
		x[7]=-1.80254
		x[8]=-1.58502
		x[9]=-1.37815
		x[10]=-1.18141
		x[11]=-0.994296
		x[12]=-0.816345
		x[13]=-0.641978
		x[14]=-0.467609
		x[15]=-0.29324
		x[16]=-0.118872
		x[17]=0.0554969
		x[18]=0.229866
		x[19]=0.404234
		x[20]=0.578603
		x[21]=0.752972
		x[22]=0.92734
		x[23]=1.10171
		x[24]=1.27608
		x[25]=1.45403
		x[26]=1.64114
		x[27]=1.83789
		x[28]=2.04476
		x[29]=2.26229
		x[30]=2.49101
		x[31]=2.73151
		x[32]=2.98439
		x[33]=3.25029
		x[34]=3.52987
		x[35]=3.82385
		x[36]=4.13287
	Ny=32
		y[0]=-3.23166
		y[1]=-2.94178
		y[2]=-2.66603
		y[3]=-2.40365
		y[4]=-2.15398
		y[5]=-1.9164
		y[6]=-1.69034
		y[7]=-1.47524
		y[8]=-1.27056
		y[9]=-1.0758
		y[10]=-0.890472
		y[11]=-0.714129
		y[12]=-0.546332
		y[13]=-0.386666
		y[14]=-0.232291
		y[15]=-0.0779137
		y[16]=0.0764634
		y[17]=0.230841
		y[18]=0.385218
		y[19]=0.539595
		y[20]=0.699249
		y[21]=0.867037
		y[22]=1.04337
		y[23]=1.22869
		y[24]=1.42345
		y[25]=1.62813
		y[26]=1.84324
		y[27]=2.06931
		y[28]=2.30689
		y[29]=2.55658
		y[30]=2.81898
		y[31]=3.09476
		y[32]=3.3845
	Nz=62
		z[0]=-7.381
		z[1]=-7.0782
		z[2]=-6.78951
		z[3]=-6.51421
		z[4]=-6.25168
		z[5]=-6.00133
		z[6]=-5.76258
		z[7]=-5.53491
		z[8]=-5.31779
		z[9]=-5.11075
		z[10]=-4.9133
		z[11]=-4.72502
		z[12]=-4.54546
		z[13]=-4.36238
		z[14]=-4.1793
		z[15]=-3.99622
		z[16]=-3.81315
		z[17]=-3.63007
		z[18]=-3.44699
		z[19]=-3.26391
		z[20]=-3.08083
		z[21]=-2.89775
		z[22]=-2.71467
		z[23]=-2.53159
		z[24]=-2.34851
		z[25]=-2.16543
		z[26]=-1.98235
		z[27]=-1.79927
		z[28]=-1.61619
		z[29]=-1.43311
		z[30]=-1.25003
		z[31]=-1.06695
		z[32]=-0.883874
		z[33]=-0.700795
		z[34]=-0.517716
		z[35]=-0.334636
		z[36]=-0.151557
		z[37]=0.0279495
		z[38]=0.207457
		z[39]=0.386964
		z[40]=0.566471
		z[41]=0.745978
		z[42]=0.925485
		z[43]=1.10499
		z[44]=1.2845
		z[45]=1.46401
		z[46]=1.64351
		z[47]=1.82302
		z[48]=2.00253
		z[49]=2.18204
		z[50]=2.36154
		z[51]=2.54105
		z[52]=2.72684
		z[53]=2.92201
		z[54]=3.12704
		z[55]=3.34242
		z[56]=3.56869
		z[57]=3.80638
		z[58]=4.05608
		z[59]=4.3184
		z[60]=4.59396
		z[61]=4.88344
		z[62]=5.18747
-----------------------------------------------------------------------
Input_mesh_settings--------------------------------
Settings 0----------------
	Scope: GLOBAL
	Type:	------MESHER_SETTINGS----------
	RefAllCells           =0
	RefFluidCells         =0
	RefPartCells          =0
	RefSolidCells         =0
	l_SSFR(Capture crit)  =1
	l_curv(Curvature crit)=0
	l_tol(Tolerance crit) =0
	UseChannelRef         =1
	  NCR_method          =0
	  l_NCR               =1
	  N_gap               =5
	  Use d_NCR_min       =0
	  Use d_NCR_max       =0
	CloseThinSlotsHeight         =0
	--END_OF_MESHER_SETTINGS-------
End of input mesh settings-------------------------
-----------------------------------------------------------------------
Memory Working Set Current = 55.86 Mb, Memory Working Set Peak = 55.86 Mb
Memory Private Bytes Current = 56.12 Mb, Memory Private Bytes Peak = 56.12 Mb
Process Threads Number: 14
-----------------------------------------------------------------------
MMP (msh): locals=1, allc_sz=9.41 MB, used_sz=8.72 MB, blks-min-max=27/27
MMP (brx): locals=8, allc_sz=9.21 MB, used_sz=8.20 MB, blks-min-max=5/18
MMP (bcf): locals=0, allc_sz=0.00 MB, used_sz=0.00 MB, blks-min-max=0/0
MMP (xsl): locals=0, allc_sz=0.00 MB, used_sz=0.00 MB, blks-min-max=0/0
NxNyNz = [36, 32, 62]
base_dx=0.20877; 
NxNyNz_reverse = [37, 32, 60]

-----------------------------------------------------------------------
Refining geometries:
-----------------------------------------------------------------------

-----------------------------------------------------------------------
Refining by triangulation...
Refinement input: 71424 bricks
	Checking crit (71424 / 71424)...164 marked (0.029 s)
	Time(refinement): 0.000 s
Setting regions (1312 / 72572)...OK (0.001 s)
	Checking crit (0 / 72572)...0 marked (0.001 s)
Refinement result (1 iterations): 72572 bricks (0.038 s)
Refinement input: 72572 bricks
	Checking crit (71260 / 72572)...0 marked (0.003 s)
Refinement result (0 iterations): 72572 bricks (0.004 s)
Collecting and processing rays:
	Adding rays...OK (0.009 s)
	new bricks = 72572 / 72572
	new rays   = 6479 (x=2274, y=2889, z=1316)
	Processing rays...
		Rays process:  0.208 (0.208) s
		Sort xstacks:  0.000 (0.000) s
		Put xstacks:   0.001 (0.001) s
		Total:         0.209 s
	Correcting rays...
		Lame vertices: 0.004 (0.004) s
		Bad rays:      0.000 (0.000) s
		Emit rays:     0.000 (0.000) s
		Correct ray f: 0.000 (0.000) s
		Undef:         0.000 (0.000) s
		Sum:           0.004 (0.004) s
		Total:         0.005 s
	Time (rays): 0.224 s
Capturing (72572 / 72572)...OK (0.003 s)
Refining by triangulation takes 0.271 s
-----------------------------------------------------------------------

-----------------------------------------------------------------------
Refining peculiar surfaces...
Collecting and processing rays:
	Adding rays...OK (0.001 s)
	new bricks = 0 / 72572
	new rays   = 0 (x=0, y=0, z=0)
	Processing rays...
		Rays process:  0.000 (0.000) s
		Sort xstacks:  0.000 (0.000) s
		Put xstacks:   0.000 (0.000) s
		Total:         0.000 s
	Correcting rays...
		Total:         0.000 s
	Time (rays): 0.002 s
Capturing (0 / 72572)...OK (0.001 s)
0 surfaces refined
Refining peculiar surfaces takes 0.003 s
-----------------------------------------------------------------------

-----------------------------------------------------------------------
Base mesh 1 Refining...
Collecting and processing rays:
	Adding rays...OK (0.001 s)
	new bricks = 0 / 72572
	new rays   = 0 (x=0, y=0, z=0)
	Processing rays...
		Rays process:  0.000 (0.000) s
		Sort xstacks:  0.000 (0.000) s
		Put xstacks:   0.000 (0.000) s
		Total:         0.000 s
	Correcting rays...
		Total:         0.000 s
	Time (rays): 0.001 s
Capturing (0 / 72572)...OK (0.001 s)
Refinement input: 72572 bricks
	Checking crit (71260 / 72572)...0 marked (0.001 s)
Refinement result (0 iterations): 72572 bricks (0.001 s)
-----------------------------------------------------------------------
Refining channels...
FYI: CNarrowChannelRefiner::RefineChannels_PRLL
Refinement input: 72572 bricks
	Time(refinement): 0.000 s
Setting regions (1232 / 73650)...OK (0.001 s)
Refinement result (1 iterations): 73650 bricks (0.006 s)
Collecting and processing rays:
	Adding rays...OK (0.000 s)
	new bricks = 1232 / 73650
	new rays   = 342 (x=6, y=334, z=2)
	Processing rays...
		Rays process:  0.001 (0.001) s
		Sort xstacks:  0.000 (0.000) s
		Put xstacks:   0.000 (0.000) s
		Total:         0.002 s
	Correcting rays...
		Lame vertices: 0.001 (0.001) s
		Bad rays:      0.000 (0.000) s
		Emit rays:     0.000 (0.000) s
		Correct ray f: 0.000 (0.000) s
		Undef:         0.000 (0.000) s
		Sum:           0.001 (0.001) s
		Total:         0.001 s
	Time (rays): 0.004 s
Capturing (1232 / 73650)...OK (0.001 s)
FYI: m_iteration_count = 0
FYI: level1 statistics:
     level1_cnt_plus[1]=1232;		level1_cnt_minus[1]=0
     level1_cnt_plus[2]=0;		level1_cnt_minus[2]=0
     level1_cnt_plus[3]=0;		level1_cnt_minus[3]=0
     level1_cnt_plus[4]=0;		level1_cnt_minus[4]=0
     level1_cnt_plus[5]=0;		level1_cnt_minus[5]=0
     level1_cnt_plus[6]=0;		level1_cnt_minus[6]=0
     level1_cnt_plus[7]=0;		level1_cnt_minus[7]=0
     level1_cnt_plus[8]=0;		level1_cnt_minus[8]=0
     level1_cnt_plus[9]=0;		level1_cnt_minus[9]=0
Refinement input: 73650 bricks
	Time(refinement): 0.000 s
Setting regions (8 / 73657)...OK (0.001 s)
Refinement result (1 iterations): 73657 bricks (0.006 s)
Collecting and processing rays:
	Adding rays...OK (0.000 s)
	new bricks = 8 / 73657
	new rays   = 0 (x=0, y=0, z=0)
	Processing rays...
		Rays process:  0.000 (0.000) s
		Sort xstacks:  0.000 (0.000) s
		Put xstacks:   0.000 (0.000) s
		Total:         0.000 s
	Correcting rays...
		Total:         0.000 s
	Time (rays): 0.001 s
Capturing (8 / 73657)...OK (0.001 s)
FYI: m_iteration_count = 1
FYI: level1 statistics:
     level1_cnt_plus[1]=1240;		level1_cnt_minus[1]=0
     level1_cnt_plus[2]=0;		level1_cnt_minus[2]=0
     level1_cnt_plus[3]=0;		level1_cnt_minus[3]=0
     level1_cnt_plus[4]=0;		level1_cnt_minus[4]=0
     level1_cnt_plus[5]=0;		level1_cnt_minus[5]=0
     level1_cnt_plus[6]=0;		level1_cnt_minus[6]=0
     level1_cnt_plus[7]=0;		level1_cnt_minus[7]=0
     level1_cnt_plus[8]=0;		level1_cnt_minus[8]=0
     level1_cnt_plus[9]=0;		level1_cnt_minus[9]=0
FYI: m_iteration_count = 2
FYI: level1 statistics:
     level1_cnt_plus[1]=1240;		level1_cnt_minus[1]=0
     level1_cnt_plus[2]=0;		level1_cnt_minus[2]=0
     level1_cnt_plus[3]=0;		level1_cnt_minus[3]=0
     level1_cnt_plus[4]=0;		level1_cnt_minus[4]=0
     level1_cnt_plus[5]=0;		level1_cnt_minus[5]=0
     level1_cnt_plus[6]=0;		level1_cnt_minus[6]=0
     level1_cnt_plus[7]=0;		level1_cnt_minus[7]=0
     level1_cnt_plus[8]=0;		level1_cnt_minus[8]=0
     level1_cnt_plus[9]=0;		level1_cnt_minus[9]=0
FYI: level1 statistics:
     level1_cnt_plus[1]=1240;		level1_cnt_minus[1]=0
     level1_cnt_plus[2]=0;		level1_cnt_minus[2]=0
     level1_cnt_plus[3]=0;		level1_cnt_minus[3]=0
     level1_cnt_plus[4]=0;		level1_cnt_minus[4]=0
     level1_cnt_plus[5]=0;		level1_cnt_minus[5]=0
     level1_cnt_plus[6]=0;		level1_cnt_minus[6]=0
     level1_cnt_plus[7]=0;		level1_cnt_minus[7]=0
     level1_cnt_plus[8]=0;		level1_cnt_minus[8]=0
     level1_cnt_plus[9]=0;		level1_cnt_minus[9]=0

-----------------------------------------------------------------------
U-shapes refinement...
Refinement input: 73657 bricks
	Checking crit (71105 / 73657)...0 marked (0.006 s)
Refinement result (0 iterations): 73657 bricks (0.007 s)
Collecting and processing rays:
	Adding rays...OK (0.001 s)
	new bricks = 0 / 73657
	new rays   = 0 (x=0, y=0, z=0)
	Processing rays...
		Rays process:  0.000 (0.000) s
		Sort xstacks:  0.000 (0.000) s
		Put xstacks:   0.000 (0.000) s
		Total:         0.000 s
	Correcting rays...
		Total:         0.000 s
	Time (rays): 0.001 s
Capturing (0 / 73657)...OK (0.001 s)
-----------------------------------------------------------------------

-----------------------------------------------------------------------
Equi Distant Refiner:
Equi Distant Refiner takes 0.00 s
-----------------------------------------------------------------------

/-Ray Intersection---------------/ Time	1.592 s
Calls                6821
CorrectRay Calls     0



-----------------------------------------------------------------------
Refining geometries takes 0.361 s
-----------------------------------------------------------------------
-----------------------------------------------------------------------
Memory Working Set Current = 63.70 Mb, Memory Working Set Peak = 63.70 Mb
Memory Private Bytes Current = 63.93 Mb, Memory Private Bytes Peak = 63.93 Mb
Process Threads Number: 14
-----------------------------------------------------------------------
Defect ray count	0
FYI: CNarrowChannelRefiner::RedistributeLevel1_step_1: is started
FYI: CNarrowChannelRefiner::RedistributeLevel1_step_1: is finished (0.001 s)
FYI: level1 statistics:
     level1_cnt_plus[1]=1240;		level1_cnt_minus[1]=0
     level1_cnt_plus[2]=0;		level1_cnt_minus[2]=0
     level1_cnt_plus[3]=0;		level1_cnt_minus[3]=0
     level1_cnt_plus[4]=0;		level1_cnt_minus[4]=0
     level1_cnt_plus[5]=0;		level1_cnt_minus[5]=0
     level1_cnt_plus[6]=0;		level1_cnt_minus[6]=0
     level1_cnt_plus[7]=0;		level1_cnt_minus[7]=0
     level1_cnt_plus[8]=0;		level1_cnt_minus[8]=0
     level1_cnt_plus[9]=0;		level1_cnt_minus[9]=0
FYI: CNarrowChannelRefiner::RedistributeLevel1_step_2: is started
FYI: CNarrowChannelRefiner::RedistributeLevel1_step_2: is finished (0.029 s)
FYI: level1 statistics:
     level1_cnt_plus[1]=1247;		level1_cnt_minus[1]=0
     level1_cnt_plus[2]=0;		level1_cnt_minus[2]=0
     level1_cnt_plus[3]=0;		level1_cnt_minus[3]=0
     level1_cnt_plus[4]=0;		level1_cnt_minus[4]=0
     level1_cnt_plus[5]=0;		level1_cnt_minus[5]=0
     level1_cnt_plus[6]=0;		level1_cnt_minus[6]=0
     level1_cnt_plus[7]=0;		level1_cnt_minus[7]=0
     level1_cnt_plus[8]=0;		level1_cnt_minus[8]=0
     level1_cnt_plus[9]=0;		level1_cnt_minus[9]=0
FYI: CNarrowChannelRefiner::RedistributeLevel1_step_3: is started
FYI: CNarrowChannelRefiner::RedistributeLevel1_step_3: is finished (0.020 s)
RedistributeLevel1 takes:
FYI: level1 statistics:
     level1_cnt_plus[1]=1247;		level1_cnt_minus[1]=1228
     level1_cnt_plus[2]=0;		level1_cnt_minus[2]=0
     level1_cnt_plus[3]=0;		level1_cnt_minus[3]=0
     level1_cnt_plus[4]=0;		level1_cnt_minus[4]=0
     level1_cnt_plus[5]=0;		level1_cnt_minus[5]=0
     level1_cnt_plus[6]=0;		level1_cnt_minus[6]=0
     level1_cnt_plus[7]=0;		level1_cnt_minus[7]=0
     level1_cnt_plus[8]=0;		level1_cnt_minus[8]=0
     level1_cnt_plus[9]=0;		level1_cnt_minus[9]=0
-----------------------------------------------------------------------
MSH format builder (Iteration 0)
-----------------------------------------------------------------------
Memory Working Set Current = 65.76 Mb, Memory Working Set Peak = 65.77 Mb
Memory Private Bytes Current = 66.03 Mb, Memory Private Bytes Peak = 66.03 Mb
Process Threads Number: 14
-----------------------------------------------------------------------
Total bricks count: 73657
-----------------------------------------------------------------------
MSH (Real Geometry) format constructor:
	Geom    Count = 2
	Bodyset Count = 2
	3D task
	Getting brick sets...OK (0.002 s)

	Min x-stack xeps = 2.11243e-05
	D / dh / eps [axis=0] = (7.80612, 0.0871838, 7.04145e-06)
	D / dh / eps [axis=1] = (6.61616, 0.0771886, 7.04145e-06)
	D / dh / eps [axis=2] = (12.5685, 0.0897532, 7.04145e-06)
	Time (xeps): 0.002 s
Level 1
	Set (0)  size: 1276
	Set (0)  time: 0.030 s
	Set (1)  size: 1276
	Set (1)  time: 0.035 s
Level 0
	Set (0)  size: 35553
	Set (0)  time: 0.020 s
	Set (1)  size: 35552
	Set (1)  time: 0.019 s

	Spread npq bricks...0 marked (0.001 s)

Result:
	Bricks number:                        73657

	Memory usage:                         2.064 MB
	Memory usage (per brick):             0.029 KB
	Construction time:                    0.111 s

	Topology features:
	------------------
	- High quality bricks                  100.00 % (73657)
	- Medium quality bricks                  0.00 % (0)
	- Bad quality bricks                     0.00 % (0)
	- NPQ bricks                             0.00 % (0)
	- Type-1 bricks                          2.42 % (1781)
	- Ribs corrected bricks                  0.00 % (0)
	- Points with geom-info (bricks)         0.00 % (0)
	- Points with closest-info (bricks)      0.00 % (1)
	- Triangulated by center (bricks)        0.00 % (0)
	- Facet w-faces mergings (bricks)        0.00 % (0)
	- To refine (bricks)                     0.00 % (0)
	- Points-count                           0.00 % (0)
	- T-self-intersection-all (bricks)       0.00 % (0)
	- T-self-intersection-simple (bricks)    0.00 % (0)
	- T-self-intersection-complex (bricks)   0.00 % (0)
	- NPQ by reason 1 u-shape                0.00 % (0)
	- NPQ by reason 2 tri-by-ctr             0.00 % (0)
	- NPQ by reason 3 ray-correction         0.00 % (0)
	- NPQ by reason 4 t-self-intersection    0.00 % (0)
	- NPQ by reason 5 non-good               0.00 % (0)
	- NPQ by reason 6 npq-worker             0.00 % (0)

-----------------------------------------------------------------------
Memory Working Set Current = 73.74 Mb, Memory Working Set Peak = 73.74 Mb
Memory Private Bytes Current = 72.68 Mb, Memory Private Bytes Peak = 72.68 Mb
Process Threads Number: 14
-----------------------------------------------------------------------
-----------------------------------------------------------------------
msh-iterations: 1
-----------------------------------------------------------------------
high---q-brick-count = 100.00 % (73657 73657)
medium-q-brick-count =   0.00 % (73657 0)
bad----q-brick-count =   0.00 % (73657 0)
np-----q-brick-count =   0.00 % (73657 0)
-----------------------------------------------------------------------
Free brick parser storage...OK(0.002 s)
-----------------------------------------------------------------------
Memory Working Set Current = 71.47 Mb, Memory Working Set Peak = 73.80 Mb
Memory Private Bytes Current = 70.55 Mb, Memory Private Bytes Peak = 72.68 Mb
Process Threads Number: 14
-----------------------------------------------------------------------
-----------------------------------------------------------------------
MSH --> BCF format (Iteration 0)...
BCF collector...(remove mode=0)
	Time (alloc counter per brick): 0.002 s
	Brick    count: 73657
	Av.f all count: 74067
	Av.s all count: 2809
	Av.f pid count: 2545
	Av.s pid count: 2455
	Faces fs count: 5954
	Faces ff count: 0
	Faces ss count: 0
	Faces bb count: 0
	Faces fe count: 10736
	Faces se count: 0
	Faces fw count: 16690
	Faces af count: 216407
	Faces as count: 6909
	Time (all count): 	0.006 s
	Time (bcf alloc): 	0.001 s
	Time (shifts alloc): 	0.004 s
	Time (shifts init): 	0.004 s
	Time (bcf fill): 	0.013 s
	Time (add av to faces): 0.000 s
	Time (add faces to av): 0.005 s
Time (bcf collect): 		0.037 s
	AV checker...
		Hole marker...
			Subdomains:               1.
			Subdomains (cond):        1.
			Time (sd):      0.020 s.
			Time (sd_cond): 0.017 s.
			Time (potential-hole marking): 	0.001 s
			Time (hole checking): 0.000 s.
			0 av(s) are marked to fill subdomain holes.
		Time (hole marker): 0.040 s.
	Time (check av): 	0.071 s
	Subdomain checker...
		Subdomains construction time: 0.018 s.
		Subdomains sort time: 0.000 s.
			Subdomain 0 (geom_ind=0): 74067 av
			Subdomain 1 (geom_ind=1): 1422 av
			Subdomain 2 (geom_ind=1): 1387 av
		gi: 0, real bodies: 1
		gi: 0, subdomains:  1
		gi: 1, real bodies: 0
		gi: 1, subdomains:  2
		Defect subdomains: 0
	Time (check subdoms): 	0.020 s
Time (bcf iteration total): 	0.129 s
	Time (fw-nb): 		0.001 s
	Fixed mutual fw-nb:     3280 (bb: 0)
	Time (fw-nb mutual): 	0.001 s
	Time (fw-nb sort): 	0.000 s
	Fw-opt BEFORE total:    16690 (fs=5954, ff=0, ss=0)
	Fw-opt AFTER  total:    14718 (fs=3982, ff=0, ss=0, failed fw/br=0/0, big_curv=6, big_poly=0)
	Fw-opt RESULT:          1972 (res/(fs+ff+ss) = 33.12 %)
	Time (fw-opt): 		0.003 s
	Time (fw-re-order): 	0.002 s
	Time (fw-nb): 		0.008 s
	Fixed mutual fw-nb:     29527 (bb: 0)
	Time (fw-nb mutual): 	0.002 s
	Time (fw-nb sort): 	0.000 s
	Time (rfd fix): 	0.000 s
	Time (av convexity): 	0.002 s
	Time (av small volume): 0.001 s
	Time (diagonal fw-nb): 	0.018 s
	Fixed mutual fw-nb:     0 (bb: 0)
	Time (fw-nb mutual): 	0.002 s
	Time (fw-nb sort): 	0.001 s
	Fluid subdomains: 1
	Faces fw-nb diff sd:    0
	Time (fw-nb diff sd): 	0.018 s
Time (bcf calc): 		0.066 s
-----------------------------------------------------------------------
Time (bcf total): 		0.195 s
-----------------------------------------------------------------------
bcf-iterations: 1
-----------------------------------------------------------------------
-----------------------------------------------------------------------
Mega-cv constructor for fluid...
	 534 av's is treated as thin
Relative size generator (threshold = 0.05)...
	Iteration 1 (small cluster count = 267)
	Iteration 2 (small cluster count = 142)
	Iteration 3 (small cluster count = 29)
	Iteration 4 (small cluster count = 7)
	Iteration 5 (small cluster count = 1)
	Iteration 6 (small cluster count = 0)
	 257 mega-cv's generated
	 0 mega-cv's removed
Relative size generator is completed OK (0.006 s)
Apply fa-rules to mega-cv clusters fixes...
	Fa-rule violation fixes:        5 of        5 (total cluster# =      261)
OK (0.001 s)
Convert clusters:
	 257 mega-cv's total
Mega-cv count: 257
Time (mega-cv fill): 	0.001 s
Time (mega-cv total): 	0.034 s
-----------------------------------------------------------------------
Mixing plane rotation regions: NO.
Sliding mesh rotation regions: NO.
Fluid/fluid faces: NO.
-----------------------------------------------------------------------
Memory Working Set Current = 92.76 Mb, Memory Working Set Peak = 104.80 Mb
Memory Private Bytes Current = 116.60 Mb, Memory Private Bytes Peak = 118.95 Mb
Process Threads Number: 14
-----------------------------------------------------------------------
----------------------------------------------------------
BCF --> BCF.GEOMSUBDOM (bridge arrays):
MESH (0):
	Fluid Subdom Constructor: 1 subdom(s).
	Solid Subdom Constructor: 2 subdom(s).
	Net Asm Subdom Constructor: 0 subdom(s).
	GEOMSUBDOM (0): gi=0 Fluid av=74067 cv=73797 fa=216407 fb=0 fw=14718 V=6.470377e+02
	Cache data...OK
	GEOMSUBDOM (1): gi=1 Solid av=1422 cv=1422 fa=3144 fb=0 fw=2475 V=3.133073e-01
	Cache data...OK
	GEOMSUBDOM (2): gi=1 Solid av=1387 cv=1387 fa=3765 fb=0 fw=1507 V=1.767675e+00
	Cache data...OK
	Setting nb of w-faces...OK (0.002 s).
	Correcting nb of w-faces...
	Time(correct_fw_nb)=0.003 s

MESH (0) checking:
	GEOMSUBDOM (0):fa_s=9084.9473452229449322 fb_s=0.0000000000000000 fw_s=495.8674320183755526 fw_nb=117606
	              :d_const(53816)=5.37307e-13 d_linear(53816)=2.09369e-12
	GEOMSUBDOM (1):fa_s=9.1440907609419515 fb_s=0.0000000000000000 fw_s=17.3235549354915008 fw_nb=19654
	              :d_const(724)=3.61481e-11 d_linear(724)=4.62843e-10
	GEOMSUBDOM (2):fa_s=35.8171797781475050 fb_s=0.0000000000000000 fw_s=12.7184728531385467 fw_nb=12088
	              :d_const(985)=4.60305e-13 d_linear(985)=1.44057e-12
MESH (0) checking: OK.
Time (MDS): 	0.136 s
----------------------------------------------------------
-----------------------------------------------------------------------
Memory Working Set Current = 117.66 Mb, Memory Working Set Peak = 117.66 Mb
Memory Private Bytes Current = 141.02 Mb, Memory Private Bytes Peak = 141.02 Mb
Process Threads Number: 14
-----------------------------------------------------------------------

-----------------------------------------------------------------------
BCF CHECKSUM DATA (Mesh 0):

BRICK |Level1| Sum:               2475
FACE_A Area Sum:   G.Fluid        9084.9473452229485702
FACE_A Area Sum:   G.Solid        44.9612705390894547
FACE_W Area Sum:                  495.8674320183756095
FACE_W Nb   Sum:                  117606
FACE_W min curvatures sum:        -6477042.31261190
FACE_W max curvatures sum:        11864663.23213624
AV Max Disbalance(Const) :        3.61481e-11 (cid=55541, t={28, 30, 92}, avid=76590, pid=2203)
AV Max Disbalance(Linear):        4.62843e-10 (cid=55541, t={28, 30, 92}, avid=76590, pid=2203)
-----------------------------------------------------------------------


-----------------------------------------------------------------------
MESHER TOPOLOGY DATA:

BRICKS: Total                 73657
BRICKS: Fluid                 73303
BRICKS: Fluid Partial         1781
BRICKS: Type 1                1781
BRICKS: Max AV number         5

AV:     G.Total               76876
AV:     G.Fluid               74067
AV:     G.Solid               2809

AV:     G.Fluid Thin Profile    0.91 % (674)
AV:     G.Solid Thin Profile   27.20 % (764)

AV:     G.Fluid Thin For Mega   0.72 % (534)
AV:     G.Solid Thin For Mega  26.27 % (738)

AV:     G.Fluid Non-Convex      1.43 % (1060)
AV:     G.Solid Non-Convex     24.71 % (694)

AV:     G.Fluid Non-Ess-Convex      0.64 % (477)
AV:     G.Solid Non-Ess-Convex      5.38 % (151)

FACE_A: G.Fluid          (af) 216407 (partially opened 5283)
FACE_A: G.Solid          (as) 6909 (partially opened 5004)

FACE_B: G.Total          (b)  0

FACE_W: G.Total                 14718       Brick/Bound
FACE_W: G.Fluid/Solid    (fs_g) 3982        0           
FACE_W: G.Fluid/Fluid    (ff_g) 0           0           
FACE_W: G.Solid/Solid    (ss_g) 0           0           
FACE_W: G.Fluid/Void     (fv_g) 0           0           
FACE_W: G.Fluid/External (fe_g) 10736
FACE_W: G.Solid/External (se_g) 0

AV/CV max fa count (on brick side):6
AV/CV max fw count:                6
AV/CV max fb count:                0
AV/CV max fw poly count:           24

MEMORY: Total                   22.836 MB
MEMORY: Per Brick               0.317 KB
-----------------------------------------------------------------------

-----------------------------------------------------------------------
Connectivities information:
	Number of conns: 0
-----------------------------------------------------------------------
	Time (gap size): 	0.051 s
-----------------------------------------------------------------------
Memory Working Set Current = 117.73 Mb, Memory Working Set Peak = 117.73 Mb
Memory Private Bytes Current = 141.04 Mb, Memory Private Bytes Peak = 141.04 Mb
Process Threads Number: 14
-----------------------------------------------------------------------
-----------------------------------------------------------------------
Calculating curvature and tolerance criteria...
Curvature: min=0 (cid=0) max=3.14159 (cid=44373)
Tolerance: min=0 (cid=0) max=0.0804856 (cid=47038)
Calculating curvature and tolerance criteria takes 0.049 s
-----------------------------------------------------------------------
MESH Build(FS) finished. Time=1.063 s
-----------------------------------------------------------------------
Current CPU = 1 sec

Nx=36
Ny=32
Nz=62
Max BRICK Level=1
Mesh Level=1
-----------------CModelBodies2MeshMapper::CollectData started -------------------------------
	Time (collect mesh base data): 0.002 s.
	Time (collect model bodies mapping): 0.000 s.
	Time (collect positive bodies mapping): 0.000 s.
	Time (collect fluid bodies mapping): 0.001 s.
-----------------CModelBodies2MeshMapper Report -------------------------------
FluidDomains 1 SolidDomains 2 VoidDomains 0 
Domains RefIndexes
----------------- -------------------------------
	ModelBodies
Total resolved Bodies 0 BodySets 0

--------------------------------------------------------------------------
	Positive geometry Bodies
Total resolved Bodies 1 BodySets 1
BodySet 0
	Bodies list:
			#0	Name: ;	ID: cc1ad360-1617-4e9c-a4f8-45714e4b784d
	Domains list:mesh type	 (0, 1)		 0 


--------------------------------------------------------------------------
	Fluid regions
Total resolved Bodies 1 BodySets 1
BodySet 0	Material: Air; 
	Bodies list:
			#0	Name: ;	ID: cc1ad360-1617-4e9c-a4f8-45714e4b784d
	Domains list:mesh type	 (0, 1)		 0 


--------------------------------------------------------------------------
Collect data takes...0.004 s
-----------------CModelBodies2MeshMapper::CollectData finished successfully-------------------
Saving initial mesh in: C:\Users\attic\Documents\GitHub\Mechanical\SeattleSolarCar2024-2025\Aeroshells\solid car new\3\3.fld .
Storing results...
	Estimated CPT size=8.698 MB.
	Time (write bcf): 0.273 s
Storing results takes 0.285 s
-----------------------------------------------------------------------
Memory Working Set Current = 118.08 Mb, Memory Working Set Peak = 118.09 Mb
Memory Private Bytes Current = 141.05 Mb, Memory Private Bytes Peak = 141.05 Mb
Process Threads Number: 14
-----------------------------------------------------------------------
Cleaning memory...
-----------------------------------------------------------------------
Start to free mesher data...
MMP (msh): locals=8, allc_sz=9.79 MB, used_sz=9.03 MB, blks-min-max=2/27
MMP (brx): locals=8, allc_sz=12.16 MB, used_sz=10.83 MB, blks-min-max=11/19
MMP (bcf): locals=8, allc_sz=34.72 MB, used_sz=33.27 MB, blks-min-max=16/38
MMP (xsl): locals=8, allc_sz=0.26 MB, used_sz=0.15 MB, blks-min-max=1/2
Free xsl...            OK	Time=0.000 s
Free ray collector...  OK	Time=0.000 s
Free ray intersector...OK	Time=0.000 s
Free body sets...      OK	Time=0.005 s
Free Geometry DB takes 0.000 s
Free mesh conn...      OK	Time=0.000 s
Free geomsd...         OK	Time=0.000 s
Free mbricks...        OK	Time=0.002 s
Free hash info...      OK	Time=0.002 s
Free bricks-x...       OK	Time=0.001 s
Free bcf...            OK	Time=0.004 s
Free mesh h...         OK	Time=0.000 s
Free bricks arr..      OK	Time=0.000 s
Free bricks tree...    OK	Time=0.000 s
Free mesh pools...     OK	Time=0.006 s
Free bodies mapper...  OK	Time=0.000 s
Free geom crits...     OK	Time=0.000 s
Free cpt regions...    OK	Time=0.000 s
Free peculiar surfs... OK	Time=0.000 s
Free sw-geometries...  OK	Time=0.000 s
Total free mesher data time: 0.024 s
-----------------------------------------------------------------------
Copying... OK
CPT size=3.062 MB (3211133 bytes).
Mesh generation normally finished at	16.3.2025	20:0:34
Mesher CPU = 1 sec
Mesher is finished at	16.3.2025	20:0:34
-----------------------------------------------------------------------
Memory Working Set Current = 34.20 Mb, Memory Working Set Peak = 118.09 Mb
Memory Private Bytes Current = 54.92 Mb, Memory Private Bytes Peak = 141.05 Mb
Process Threads Number: 14
-----------------------------------------------------------------------
Algebra Pool      : mem_usage = 2.06 Mb, allocated count = 0
-----------------------------------------------------------------------
Memory Working Set Current = 32.21 Mb, Memory Working Set Peak = 118.09 Mb
Memory Private Bytes Current = 52.91 Mb, Memory Private Bytes Peak = 141.05 Mb
Process Threads Number: 14
Process Threads Number Peak: 14
-----------------------------------------------------------------------
Log ended at 16.03.2025	20:00:34
