Log started at 12.12.2024	23:16:25
Number of used processors (NPROC): 6.
Number of mesh partitions (NPART): 6.
Total Physical Memory = 31.91 Gb, Available Physical Memory = 19.41 Gb
Computer name:	DESKTOP-C408A46
Operating system:	Windows 11 (or higher) (Version 10.0.22631)

Commandline:	"C:\Program Files\SOLIDWORKS Corp\SOLIDWORKS Flow Simulation\BINCFW\efdsolver.exe" /config:"C:\Users\juded\OneDrive\Desktop\Car shit\4\4.xmlconfig" /guid:97d1028d-7afc-42ba-9a48-1f59c2f0f514 /processors:max /m /s /prjnamelm:"Flow Simulation 2023" /prjnamehabout:"Flow Simulation 2023" /companyname:"COSMOS Applications" /prjaliasid:1009 /lang:English /port:14521

SOLIDWORKS 2023 SP2.1
Flow Simulation 2023  x64 / 5965

Project: C:\Users\juded\OneDrive\Desktop\Car shit\4\4.xmlconfig
Configuration name: Default
Project name: Project(1)
Problem type: external-with-void-internal-space-type
Exclude cavities without flow conditions: ON
NGK: OFF
MBO: OFF
-----------------------------------------------------------------------
Mesher option run = eRunMesherNormal
-----------------------------------------------------------------------

Mesh generation started:	12.12.2024	23:16:25
-----------------------------------------------------------------------
Memory Working Set Current = 15.47 Mb, Memory Working Set Peak = 15.47 Mb
Memory Private Bytes Current = 15.96 Mb, Memory Private Bytes Peak = 15.96 Mb
Process Threads Number: 7
-----------------------------------------------------------------------
Mesher adjust APD = OFF; AdjustAPD_method=0; N_per_Channel = 0; N2_per_Channel = 0
Current CPU = 0 sec
-----------------------------------------------------------------------
Geometries initialization:
-----------------------------------------------------------------------
Loading mesh settings (global/local)...
-----------------------------------------------------------------------
Number of geometries from DB: 1
Geometry(0):
	Guid = {00000000-0000-0000-0000-000000000000}
	Fluid..
	1 Body.
	1 Real body.
	-- Bodyset 0 --
		Tolerance=0.000500008.
		46 Face(s).
			46 of b-spline type.
		0 Face(s) that have no ref faces
		16 Plane surface(s).
		4 Cylinder surface(s).
		26 B- surface(s).
		41520 Triangle(s).
		Getting triangle connectivities from DB: 0.004 s
		128 Edge(s).
			128 of b-spline type.
		BodyGeom reading: 0.023 s.
		41520 Reference Triangles.
		Getting triangle connectivities from DB (Ref): 0.005 s
		BodyGeom Ref reading: 0.008 s.
Geometry(1):
	Solid.
	-- Bodyset 1 --
	Empty
-----------------------------------------------------------------------
Number of geometries in task: 2
	G : 0	Type: Fluid
	G : 1	Type: Solid
Number of bodysets   in task: 2
-----------------------------------------------------------------------
BodySet (0):
	Making hash and connectivity for Bodyset ...
		CBodyGeom:
		Hash size: {34, 240, 32}.
		Mesh size: {34, 60, 32}.
		Hashing triangles...Ok.
			axis(0) tr sizes: average=45 max=324
			axis(1) tr sizes: average=141 max=719
			axis(2) tr sizes: average=25 max=441
		Number of t-connected sets:1 (cavity=0)
		CBodyGeomRef:
		Hashing triangles...Ok.
			axis(0) tr sizes: average=89 max=413
			axis(1) tr sizes: average=134 max=688
			axis(2) tr sizes: average=49 max=665
	0.0573 s.
Geometries reading and preparing has taken 0.105 s.
-----------------------------------------------------------------------
Mapped triangles:
Hashing rough geometry(bodies) triangulation:
BodySet (0):
	Triangles num=41520
	Triangles box={-0.9 ,0.9 ,0 ,5 ,7.72537e-05 ,1}
		3d-hash size is 490948 bytes
BodySet (1):
no log info (empty stream)

Mapped triangles processed in 0.053 s.
-----------------------------------------------------------------------
-----------------------------------------------------------------------
Getting sectors:
Number of sectors: 0
-----------------------------------------------------------------------
-----------------------------------------------------------------------
Bodies:     2
Faces:      46
Edges:      128
Triangles:  41520
-----------------------------------------------------------------------

Current CPU = 0 sec
-----------------------------------------------------------------------
Memory Working Set Current = 47.70 Mb, Memory Working Set Peak = 54.82 Mb
Memory Private Bytes Current = 47.38 Mb, Memory Private Bytes Peak = 53.85 Mb
Process Threads Number: 12
-----------------------------------------------------------------------
-----------------------------------------------------------------------
Checking faces on CD...
FCD = [0 0 0 0 0 0]
FCD_conflicts = 0
Time (check faces on CD)=0.001 s
-----------------------------------------------------------------------

-----------------------------------------------------------------------
Mesh dimensions:
				I[0 ]=34
				I[1 ]=60
				I[2 ]=32

Comp. domain size:
				a[0  ]=-3.90005
				a[1  ]=3.90006
				a[2  ]=-3.00005
				a[3  ]=10.0001
				a[4  ]=-3.00005
				a[5  ]=4.00006

Fluid calculated			1
Solid calculated			0
-----------------------------------------------------------------------
MESH Build started...
-----------------------------------------------------------------------
Mesh LEVEL = 1
-----------------------------------------------------------------------
-----------------------------------------------------------------------
CPT-mode xeps:
	D / dh / eps [axis=0] = (7.80011, 0.088199, 8.8199e-05)
	D / dh / eps [axis=1] = (13.0001, 0.0949714, 9.49714e-05)
	D / dh / eps [axis=2] = (7.00011, 0.0816673, 8.16673e-05)
-----------------------------------------------------------------------
Initial allocation and brick-body-box intersection...OK (0.001 s)
Initial triangle brick intersection...OK (0.001 s)
Setting regions (65280 / 65280)...OK (0.001 s)
-----------------------------------------------------------------------
Base mesh info:
	3D task
	Nx=34
	Ny=60
	Nz=32
	N(Nx*Ny*Nz) = 2040
	Period    axis=[0, 0, 0]
	Symmetry  ni=[0 0 0 0 0 0]
	ZoomingBC ni=[0 0 0 0 0 0]
	Nx=34
		x[0]=-3.90005
		x[1]=-3.57215
		x[2]=-3.26065
		x[3]=-2.96463
		x[4]=-2.68332
		x[5]=-2.41599
		x[6]=-2.16195
		x[7]=-1.92054
		x[8]=-1.69112
		x[9]=-1.4731
		x[10]=-1.26593
		x[11]=-1.06904
		x[12]=-0.881946
		x[13]=-0.705548
		x[14]=-0.529147
		x[15]=-0.352745
		x[16]=-0.176344
		x[17]=5.71857e-05
		x[18]=0.176459
		x[19]=0.35286
		x[20]=0.529261
		x[21]=0.705663
		x[22]=0.882064
		x[23]=1.06914
		x[24]=1.26601
		x[25]=1.47318
		x[26]=1.69118
		x[27]=1.9206
		x[28]=2.16201
		x[29]=2.41606
		x[30]=2.6834
		x[31]=2.96473
		x[32]=3.26078
		x[33]=3.57232
		x[34]=3.90006
	Ny=60
		y[0]=-3.00005
		y[1]=-2.67812
		y[2]=-2.37177
		y[3]=-2.08017
		y[4]=-1.80261
		y[5]=-1.53842
		y[6]=-1.28694
		y[7]=-1.04758
		y[8]=-0.81974
		y[9]=-0.602871
		y[10]=-0.396444
		y[11]=-0.199957
		y[12]=-0.00709994
		y[13]=0.185758
		y[14]=0.378616
		y[15]=0.571474
		y[16]=0.764332
		y[17]=0.95719
		y[18]=1.15005
		y[19]=1.34291
		y[20]=1.53576
		y[21]=1.72862
		y[22]=1.92148
		y[23]=2.11434
		y[24]=2.3072
		y[25]=2.50005
		y[26]=2.69571
		y[27]=2.89136
		y[28]=3.08702
		y[29]=3.28267
		y[30]=3.47832
		y[31]=3.67398
		y[32]=3.86963
		y[33]=4.06529
		y[34]=4.26094
		y[35]=4.45659
		y[36]=4.65225
		y[37]=4.8479
		y[38]=5.04355
		y[39]=5.23921
		y[40]=5.43486
		y[41]=5.63052
		y[42]=5.82617
		y[43]=6.02182
		y[44]=6.21748
		y[45]=6.41313
		y[46]=6.60879
		y[47]=6.80444
		y[48]=7.00009
		y[49]=7.19004
		y[50]=7.38923
		y[51]=7.59811
		y[52]=7.81716
		y[53]=8.04686
		y[54]=8.28775
		y[55]=8.54035
		y[56]=8.80525
		y[57]=9.08304
		y[58]=9.37435
		y[59]=9.67983
		y[60]=10.0001
	Nz=32
		z[0]=-3.00005
		z[1]=-2.69337
		z[2]=-2.40162
		z[3]=-2.124
		z[4]=-1.85984
		z[5]=-1.60848
		z[6]=-1.3693
		z[7]=-1.14171
		z[8]=-0.925155
		z[9]=-0.719091
		z[10]=-0.523012
		z[11]=-0.336435
		z[12]=-0.1589
		z[13]=0.0100318
		z[14]=0.173366
		z[15]=0.336702
		z[16]=0.500038
		z[17]=0.663374
		z[18]=0.82671
		z[19]=0.990046
		z[20]=1.15897
		z[21]=1.33649
		z[22]=1.52306
		z[23]=1.71913
		z[24]=1.92519
		z[25]=2.14175
		z[26]=2.36934
		z[27]=2.60853
		z[28]=2.8599
		z[29]=3.12407
		z[30]=3.40171
		z[31]=3.69349
		z[32]=4.00006
-----------------------------------------------------------------------
Input_mesh_settings--------------------------------
Settings 0----------------
	Scope: GLOBAL
	Type:	------MESHER_SETTINGS----------
	RefAllCells           =0
	RefFluidCells         =0
	RefPartCells          =0
	RefSolidCells         =0
	l_SSFR(Capture crit)  =1
	l_curv(Curvature crit)=0
	l_tol(Tolerance crit) =0
	UseChannelRef         =1
	  NCR_method          =0
	  l_NCR               =1
	  N_gap               =5
	  Use d_NCR_min       =0
	  Use d_NCR_max       =0
	CloseThinSlotsHeight         =0
	--END_OF_MESHER_SETTINGS-------
End of input mesh settings-------------------------
-----------------------------------------------------------------------
Memory Working Set Current = 62.72 Mb, Memory Working Set Peak = 62.72 Mb
Memory Private Bytes Current = 63.76 Mb, Memory Private Bytes Peak = 63.76 Mb
Process Threads Number: 12
-----------------------------------------------------------------------
MMP (msh): locals=1, allc_sz=9.36 MB, used_sz=7.97 MB, blks-min-max=27/27
MMP (brx): locals=6, allc_sz=8.04 MB, used_sz=7.49 MB, blks-min-max=14/17
MMP (bcf): locals=0, allc_sz=0.00 MB, used_sz=0.00 MB, blks-min-max=0/0
MMP (xsl): locals=0, allc_sz=0.00 MB, used_sz=0.00 MB, blks-min-max=0/0
NxNyNz = [34, 60, 32]
base_dx=0.221612; 
NxNyNz_reverse = [35, 59, 32]

-----------------------------------------------------------------------
Refining geometries:
-----------------------------------------------------------------------

-----------------------------------------------------------------------
Refining by triangulation...
Refinement input: 65280 bricks
	Checking crit (65280 / 65280)...59 marked (0.047 s)
	Time(refinement): 0.000 s
Setting regions (472 / 65693)...OK (0.001 s)
	Checking crit (0 / 65693)...0 marked (0.000 s)
Refinement result (1 iterations): 65693 bricks (0.052 s)
Refinement input: 65693 bricks
	Checking crit (65221 / 65693)...0 marked (0.001 s)
Refinement result (0 iterations): 65693 bricks (0.002 s)
Collecting and processing rays:
	Adding rays...OK (0.007 s)
	new bricks = 65693 / 65693
	new rays   = 5718 (x=2106, y=1251, z=2361)
	Processing rays...
		Rays process:  0.060 (0.060) s
		Sort xstacks:  0.000 (0.000) s
		Put xstacks:   0.000 (0.000) s
		Total:         0.061 s
	Correcting rays...
		Lame vertices: 0.004 (0.004) s
		Bad rays:      0.000 (0.000) s
		Emit rays:     0.000 (0.000) s
		Correct ray f: 0.000 (0.000) s
		Undef:         0.000 (0.000) s
		Sum:           0.004 (0.004) s
		Total:         0.004 s
	Time (rays): 0.073 s
Capturing (65693 / 65693)...OK (0.003 s)
Refining by triangulation takes 0.131 s
-----------------------------------------------------------------------

-----------------------------------------------------------------------
Refining peculiar surfaces...
Collecting and processing rays:
	Adding rays...OK (0.000 s)
	new bricks = 0 / 65693
	new rays   = 0 (x=0, y=0, z=0)
	Processing rays...
		Rays process:  0.000 (0.000) s
		Sort xstacks:  0.000 (0.000) s
		Put xstacks:   0.000 (0.000) s
		Total:         0.000 s
	Correcting rays...
		Total:         0.000 s
	Time (rays): 0.001 s
Capturing (0 / 65693)...OK (0.001 s)
0 surfaces refined
Refining peculiar surfaces takes 0.002 s
-----------------------------------------------------------------------

-----------------------------------------------------------------------
Base mesh 1 Refining...
Collecting and processing rays:
	Adding rays...OK (0.000 s)
	new bricks = 0 / 65693
	new rays   = 0 (x=0, y=0, z=0)
	Processing rays...
		Rays process:  0.000 (0.000) s
		Sort xstacks:  0.000 (0.000) s
		Put xstacks:   0.000 (0.000) s
		Total:         0.000 s
	Correcting rays...
		Total:         0.000 s
	Time (rays): 0.001 s
Capturing (0 / 65693)...OK (0.001 s)
Refinement input: 65693 bricks
	Checking crit (65221 / 65693)...0 marked (0.001 s)
Refinement result (0 iterations): 65693 bricks (0.001 s)
-----------------------------------------------------------------------
Refining channels...
FYI: CNarrowChannelRefiner::RefineChannels_PRLL
Refinement input: 65693 bricks
	Time(refinement): 0.000 s
Setting regions (176 / 65847)...OK (0.001 s)
Refinement result (1 iterations): 65847 bricks (0.005 s)
Collecting and processing rays:
	Adding rays...OK (0.000 s)
	new bricks = 176 / 65847
	new rays   = 69 (x=16, y=3, z=50)
	Processing rays...
		Rays process:  0.000 (0.000) s
		Sort xstacks:  0.000 (0.000) s
		Put xstacks:   0.000 (0.000) s
		Total:         0.000 s
	Correcting rays...
		Lame vertices: 0.000 (0.000) s
		Bad rays:      0.000 (0.000) s
		Emit rays:     0.000 (0.000) s
		Correct ray f: 0.000 (0.000) s
		Undef:         0.000 (0.000) s
		Sum:           0.000 (0.000) s
		Total:         0.001 s
	Time (rays): 0.002 s
Capturing (176 / 65847)...OK (0.001 s)
FYI: m_iteration_count = 0
FYI: level1 statistics:
     level1_cnt_plus[1]=176;		level1_cnt_minus[1]=0
     level1_cnt_plus[2]=0;		level1_cnt_minus[2]=0
     level1_cnt_plus[3]=0;		level1_cnt_minus[3]=0
     level1_cnt_plus[4]=0;		level1_cnt_minus[4]=0
     level1_cnt_plus[5]=0;		level1_cnt_minus[5]=0
     level1_cnt_plus[6]=0;		level1_cnt_minus[6]=0
     level1_cnt_plus[7]=0;		level1_cnt_minus[7]=0
     level1_cnt_plus[8]=0;		level1_cnt_minus[8]=0
     level1_cnt_plus[9]=0;		level1_cnt_minus[9]=0
Refinement input: 65847 bricks
	Time(refinement): 0.000 s
Setting regions (16 / 65861)...OK (0.001 s)
Refinement result (1 iterations): 65861 bricks (0.005 s)
Collecting and processing rays:
	Adding rays...OK (0.000 s)
	new bricks = 16 / 65861
	new rays   = 5 (x=2, y=0, z=3)
	Processing rays...
		Rays process:  0.000 (0.000) s
		Sort xstacks:  0.000 (0.000) s
		Put xstacks:   0.000 (0.000) s
		Total:         0.000 s
	Correcting rays...
		Lame vertices: 0.000 (0.000) s
		Bad rays:      0.000 (0.000) s
		Emit rays:     0.000 (0.000) s
		Correct ray f: 0.000 (0.000) s
		Undef:         0.000 (0.000) s
		Sum:           0.000 (0.000) s
		Total:         0.001 s
	Time (rays): 0.002 s
Capturing (16 / 65861)...OK (0.001 s)
FYI: m_iteration_count = 1
FYI: level1 statistics:
     level1_cnt_plus[1]=192;		level1_cnt_minus[1]=0
     level1_cnt_plus[2]=0;		level1_cnt_minus[2]=0
     level1_cnt_plus[3]=0;		level1_cnt_minus[3]=0
     level1_cnt_plus[4]=0;		level1_cnt_minus[4]=0
     level1_cnt_plus[5]=0;		level1_cnt_minus[5]=0
     level1_cnt_plus[6]=0;		level1_cnt_minus[6]=0
     level1_cnt_plus[7]=0;		level1_cnt_minus[7]=0
     level1_cnt_plus[8]=0;		level1_cnt_minus[8]=0
     level1_cnt_plus[9]=0;		level1_cnt_minus[9]=0
FYI: m_iteration_count = 2
FYI: level1 statistics:
     level1_cnt_plus[1]=192;		level1_cnt_minus[1]=0
     level1_cnt_plus[2]=0;		level1_cnt_minus[2]=0
     level1_cnt_plus[3]=0;		level1_cnt_minus[3]=0
     level1_cnt_plus[4]=0;		level1_cnt_minus[4]=0
     level1_cnt_plus[5]=0;		level1_cnt_minus[5]=0
     level1_cnt_plus[6]=0;		level1_cnt_minus[6]=0
     level1_cnt_plus[7]=0;		level1_cnt_minus[7]=0
     level1_cnt_plus[8]=0;		level1_cnt_minus[8]=0
     level1_cnt_plus[9]=0;		level1_cnt_minus[9]=0
FYI: level1 statistics:
     level1_cnt_plus[1]=192;		level1_cnt_minus[1]=0
     level1_cnt_plus[2]=0;		level1_cnt_minus[2]=0
     level1_cnt_plus[3]=0;		level1_cnt_minus[3]=0
     level1_cnt_plus[4]=0;		level1_cnt_minus[4]=0
     level1_cnt_plus[5]=0;		level1_cnt_minus[5]=0
     level1_cnt_plus[6]=0;		level1_cnt_minus[6]=0
     level1_cnt_plus[7]=0;		level1_cnt_minus[7]=0
     level1_cnt_plus[8]=0;		level1_cnt_minus[8]=0
     level1_cnt_plus[9]=0;		level1_cnt_minus[9]=0

-----------------------------------------------------------------------
U-shapes refinement...
Refinement input: 65861 bricks
	Checking crit (65197 / 65861)...0 marked (0.006 s)
Refinement result (0 iterations): 65861 bricks (0.006 s)
Collecting and processing rays:
	Adding rays...OK (0.000 s)
	new bricks = 0 / 65861
	new rays   = 0 (x=0, y=0, z=0)
	Processing rays...
		Rays process:  0.000 (0.000) s
		Sort xstacks:  0.000 (0.000) s
		Put xstacks:   0.000 (0.000) s
		Total:         0.000 s
	Correcting rays...
		Total:         0.000 s
	Time (rays): 0.001 s
Capturing (0 / 65861)...OK (0.001 s)
-----------------------------------------------------------------------

-----------------------------------------------------------------------
Equi Distant Refiner:
Equi Distant Refiner takes 0.00 s
-----------------------------------------------------------------------

/-Ray Intersection---------------/ Time	0.344 s
Calls                5792
CorrectRay Calls     0



-----------------------------------------------------------------------
Refining geometries takes 0.211 s
-----------------------------------------------------------------------
-----------------------------------------------------------------------
Memory Working Set Current = 71.61 Mb, Memory Working Set Peak = 71.61 Mb
Memory Private Bytes Current = 73.34 Mb, Memory Private Bytes Peak = 73.34 Mb
Process Threads Number: 12
-----------------------------------------------------------------------
Defect ray count	0
FYI: CNarrowChannelRefiner::RedistributeLevel1_step_1: is started
FYI: CNarrowChannelRefiner::RedistributeLevel1_step_1: is finished (0.001 s)
FYI: level1 statistics:
     level1_cnt_plus[1]=192;		level1_cnt_minus[1]=0
     level1_cnt_plus[2]=0;		level1_cnt_minus[2]=0
     level1_cnt_plus[3]=0;		level1_cnt_minus[3]=0
     level1_cnt_plus[4]=0;		level1_cnt_minus[4]=0
     level1_cnt_plus[5]=0;		level1_cnt_minus[5]=0
     level1_cnt_plus[6]=0;		level1_cnt_minus[6]=0
     level1_cnt_plus[7]=0;		level1_cnt_minus[7]=0
     level1_cnt_plus[8]=0;		level1_cnt_minus[8]=0
     level1_cnt_plus[9]=0;		level1_cnt_minus[9]=0
FYI: CNarrowChannelRefiner::RedistributeLevel1_step_2: is started
FYI: CNarrowChannelRefiner::RedistributeLevel1_step_2: is finished (0.029 s)
FYI: level1 statistics:
     level1_cnt_plus[1]=193;		level1_cnt_minus[1]=0
     level1_cnt_plus[2]=0;		level1_cnt_minus[2]=0
     level1_cnt_plus[3]=0;		level1_cnt_minus[3]=0
     level1_cnt_plus[4]=0;		level1_cnt_minus[4]=0
     level1_cnt_plus[5]=0;		level1_cnt_minus[5]=0
     level1_cnt_plus[6]=0;		level1_cnt_minus[6]=0
     level1_cnt_plus[7]=0;		level1_cnt_minus[7]=0
     level1_cnt_plus[8]=0;		level1_cnt_minus[8]=0
     level1_cnt_plus[9]=0;		level1_cnt_minus[9]=0
FYI: CNarrowChannelRefiner::RedistributeLevel1_step_3: is started
FYI: CNarrowChannelRefiner::RedistributeLevel1_step_3: is finished (0.009 s)
RedistributeLevel1 takes:
FYI: level1 statistics:
     level1_cnt_plus[1]=193;		level1_cnt_minus[1]=269
     level1_cnt_plus[2]=0;		level1_cnt_minus[2]=0
     level1_cnt_plus[3]=0;		level1_cnt_minus[3]=0
     level1_cnt_plus[4]=0;		level1_cnt_minus[4]=0
     level1_cnt_plus[5]=0;		level1_cnt_minus[5]=0
     level1_cnt_plus[6]=0;		level1_cnt_minus[6]=0
     level1_cnt_plus[7]=0;		level1_cnt_minus[7]=0
     level1_cnt_plus[8]=0;		level1_cnt_minus[8]=0
     level1_cnt_plus[9]=0;		level1_cnt_minus[9]=0
-----------------------------------------------------------------------
MSH format builder (Iteration 0)
-----------------------------------------------------------------------
Memory Working Set Current = 73.41 Mb, Memory Working Set Peak = 73.41 Mb
Memory Private Bytes Current = 75.04 Mb, Memory Private Bytes Peak = 75.04 Mb
Process Threads Number: 12
-----------------------------------------------------------------------
Total bricks count: 65861
-----------------------------------------------------------------------
MSH (Real Geometry) format constructor:
	Geom    Count = 2
	Bodyset Count = 2
	3D task
	Getting brick sets...OK (0.002 s)

	Min x-stack xeps = 1.78864e-05
	D / dh / eps [axis=0] = (7.80011, 0.088199, 5.96214e-06)
	D / dh / eps [axis=1] = (13.0001, 0.096429, 5.96214e-06)
	D / dh / eps [axis=2] = (7.00011, 0.081668, 5.96214e-06)
	Time (xeps): 0.001 s
Level 1
	Set (0)  size: 332
	Set (0)  time: 0.014 s
	Set (1)  size: 332
	Set (1)  time: 0.008 s
Level 0
	Set (0)  size: 32599
	Set (0)  time: 0.023 s
	Set (1)  size: 32598
	Set (1)  time: 0.020 s

	Spread npq bricks...0 marked (0.001 s)

Result:
	Bricks number:                        65861

	Memory usage:                         1.138 MB
	Memory usage (per brick):             0.018 KB
	Construction time:                    0.070 s

	Topology features:
	------------------
	- High quality bricks                  100.00 % (65859)
	- Medium quality bricks                  0.00 % (2)
	- Bad quality bricks                     0.00 % (0)
	- NPQ bricks                             0.00 % (3)
	- Type-1 bricks                          1.35 % (888)
	- Ribs corrected bricks                  0.00 % (0)
	- Points with geom-info (bricks)         0.01 % (5)
	- Points with closest-info (bricks)      0.00 % (0)
	- Triangulated by center (bricks)        0.00 % (3)
	- Facet w-faces mergings (bricks)        0.00 % (0)
	- To refine (bricks)                     0.00 % (0)
	- Points-count                           0.00 % (0)
	- T-self-intersection-all (bricks)       0.00 % (0)
	- T-self-intersection-simple (bricks)    0.00 % (0)
	- T-self-intersection-complex (bricks)   0.00 % (0)
	- NPQ by reason 1 u-shape                0.00 % (0)
	- NPQ by reason 2 tri-by-ctr             0.00 % (1)
	- NPQ by reason 3 ray-correction         0.00 % (0)
	- NPQ by reason 4 t-self-intersection    0.00 % (0)
	- NPQ by reason 5 non-good               0.00 % (2)
	- NPQ by reason 6 npq-worker             0.00 % (0)

-----------------------------------------------------------------------
Memory Working Set Current = 80.11 Mb, Memory Working Set Peak = 80.11 Mb
Memory Private Bytes Current = 79.98 Mb, Memory Private Bytes Peak = 79.98 Mb
Process Threads Number: 12
-----------------------------------------------------------------------
-----------------------------------------------------------------------
msh-iterations: 1
-----------------------------------------------------------------------
high---q-brick-count = 100.00 % (65861 65859)
medium-q-brick-count =   0.00 % (65861 2)
bad----q-brick-count =   0.00 % (65861 0)
np-----q-brick-count =   0.00 % (65861 3)
-----------------------------------------------------------------------
Free brick parser storage...OK(0.001 s)
-----------------------------------------------------------------------
Memory Working Set Current = 80.16 Mb, Memory Working Set Peak = 80.16 Mb
Memory Private Bytes Current = 79.98 Mb, Memory Private Bytes Peak = 79.98 Mb
Process Threads Number: 12
-----------------------------------------------------------------------
-----------------------------------------------------------------------
MSH --> BCF format (Iteration 0)...
BCF collector...(remove mode=0)
	Time (alloc counter per brick): 0.001 s
	Brick    count: 65861
	Av.f all count: 65827
	Av.s all count: 982
	Av.f pid count: 948
	Av.s pid count: 888
	Faces fs count: 2499
	Faces ff count: 0
	Faces ss count: 0
	Faces bb count: 0
	Faces fe count: 10096
	Faces se count: 0
	Faces fw count: 12595
	Faces af count: 192460
	Faces as count: 2489
	Time (all count): 	0.004 s
	Time (bcf alloc): 	0.001 s
	Time (shifts alloc): 	0.002 s
	Time (shifts init): 	0.002 s
	Time (bcf fill): 	0.007 s
	Time (add av to faces): 0.000 s
	Time (add faces to av): 0.003 s
Time (bcf collect): 		0.023 s
	AV checker...
		Hole marker...
			Subdomains:               1.
			Subdomains (cond):        1.
			Time (sd):      0.008 s.
			Time (sd_cond): 0.008 s.
			Time (potential-hole marking): 	0.001 s
			Time (hole checking): 0.000 s.
			0 av(s) are marked to fill subdomain holes.
		Time (hole marker): 0.019 s.
	Time (check av): 	0.035 s
	Subdomain checker...
		Subdomains construction time: 0.010 s.
		Subdomains sort time: 0.000 s.
			Subdomain 0 (geom_ind=0): 65827 av
			Subdomain 1 (geom_ind=1): 982 av
		gi: 0, real bodies: 1
		gi: 0, subdomains:  1
		gi: 1, real bodies: 0
		gi: 1, subdomains:  1
		Defect subdomains: 0
	Time (check subdoms): 	0.011 s
Time (bcf iteration total): 	0.069 s
	Time (fw-nb): 		0.001 s
	Fixed mutual fw-nb:     2119 (bb: 0)
	Time (fw-nb mutual): 	0.001 s
	Time (fw-nb sort): 	0.001 s
	Fw-opt BEFORE total:    12595 (fs=2499, ff=0, ss=0)
	Fw-opt AFTER  total:    11611 (fs=1515, ff=0, ss=0, failed fw/br=3/0, big_curv=6, big_poly=0)
	Fw-opt RESULT:          984 (res/(fs+ff+ss) = 39.38 %)
	Time (fw-opt): 		0.001 s
	Time (fw-re-order): 	0.001 s
	Time (fw-nb): 		0.003 s
	Fixed mutual fw-nb:     23297 (bb: 0)
	Time (fw-nb mutual): 	0.001 s
	Time (fw-nb sort): 	0.000 s
	Time (rfd fix): 	0.000 s
	Time (av convexity): 	0.001 s
	Time (av small volume): 0.000 s
	Time (diagonal fw-nb): 	0.009 s
	Fixed mutual fw-nb:     0 (bb: 0)
	Time (fw-nb mutual): 	0.001 s
	Time (fw-nb sort): 	0.000 s
	Fluid subdomains: 1
	Faces fw-nb diff sd:    0
	Time (fw-nb diff sd): 	0.009 s
Time (bcf calc): 		0.033 s
-----------------------------------------------------------------------
Time (bcf total): 		0.102 s
-----------------------------------------------------------------------
bcf-iterations: 1
-----------------------------------------------------------------------
-----------------------------------------------------------------------
Mega-cv constructor for fluid...
	 0 av's is treated as thin
Relative size generator (threshold = 0.05)...
	Iteration 1 (small cluster count = 34)
	Iteration 2 (small cluster count = 13)
	Iteration 3 (small cluster count = 2)
	Iteration 4 (small cluster count = 1)
	Iteration 5 (small cluster count = 0)
	 30 mega-cv's generated
	 0 mega-cv's removed
Relative size generator is completed OK (0.003 s)
Apply fa-rules to mega-cv clusters fixes...
	Fa-rule violation fixes:        4 of        4 (total cluster# =       34)
OK (0.001 s)
Convert clusters:
	 30 mega-cv's total
Mega-cv count: 30
Time (mega-cv fill): 	0.000 s
Time (mega-cv total): 	0.013 s
-----------------------------------------------------------------------
Mixing plane rotation regions: NO.
Sliding mesh rotation regions: NO.
Fluid/fluid faces: NO.
-----------------------------------------------------------------------
Memory Working Set Current = 97.53 Mb, Memory Working Set Peak = 107.29 Mb
Memory Private Bytes Current = 111.01 Mb, Memory Private Bytes Peak = 111.01 Mb
Process Threads Number: 12
-----------------------------------------------------------------------
----------------------------------------------------------
BCF --> BCF.GEOMSUBDOM (bridge arrays):
MESH (0):
	Fluid Subdom Constructor: 1 subdom(s).
	Solid Subdom Constructor: 1 subdom(s).
	Net Asm Subdom Constructor: 0 subdom(s).
	GEOMSUBDOM (0): gi=0 Fluid av=65827 cv=65793 fa=192460 fb=0 fw=11611 V=7.087051e+02
	Cache data...OK
	GEOMSUBDOM (1): gi=1 Solid av=982 cv=982 fa=2489 fb=0 fw=1515 V=1.123809e+00
	Cache data...OK
	Setting nb of w-faces...OK (0.001 s).
	Correcting nb of w-faces...
	Time(correct_fw_nb)=0.002 s

MESH (0) checking:
	GEOMSUBDOM (0):fa_s=9352.1102630274308467 fb_s=0.0000000000000000 fw_s=510.0299998595119746 fw_nb=92788
	              :d_const(53967)=4.74812e-15 d_linear(50346)=4.8445e-14
	GEOMSUBDOM (1):fa_s=23.8435725231639459 fb_s=0.0000000000000000 fw_s=16.0168231711626134 fw_nb=12044
	              :d_const(421)=2.89732e-12 d_linear(422)=2.81362e-11
MESH (0) checking: OK.
Time (MDS): 	0.062 s
----------------------------------------------------------
-----------------------------------------------------------------------
Memory Working Set Current = 117.61 Mb, Memory Working Set Peak = 117.61 Mb
Memory Private Bytes Current = 130.16 Mb, Memory Private Bytes Peak = 130.16 Mb
Process Threads Number: 12
-----------------------------------------------------------------------

-----------------------------------------------------------------------
BCF CHECKSUM DATA (Mesh 0):

BRICK |Level1| Sum:               462
FACE_A Area Sum:   G.Fluid        9352.1102630274344847
FACE_A Area Sum:   G.Solid        23.8435725231639459
FACE_W Area Sum:                  510.0299998595119746
FACE_W Nb   Sum:                  92788
FACE_W min curvatures sum:        -436225.49188436
FACE_W max curvatures sum:        11084505.46513897
AV Max Disbalance(Const) :        2.89732e-12 (cid=37822, t={28, 49, 37}, avid=66310, pid=423)
AV Max Disbalance(Linear):        2.81362e-11 (cid=37823, t={29, 49, 37}, avid=66311, pid=424)
-----------------------------------------------------------------------


-----------------------------------------------------------------------
MESHER TOPOLOGY DATA:

BRICKS: Total                 65861
BRICKS: Fluid                 65767
BRICKS: Fluid Partial         888
BRICKS: Type 1                888
BRICKS: Max AV number         3

AV:     G.Total               66809
AV:     G.Fluid               65827
AV:     G.Solid               982

AV:     G.Fluid Thin Profile    0.00 % (0)
AV:     G.Solid Thin Profile    6.11 % (60)

AV:     G.Fluid Thin For Mega   0.00 % (0)
AV:     G.Solid Thin For Mega   5.30 % (52)

AV:     G.Fluid Non-Convex      0.77 % (504)
AV:     G.Solid Non-Convex     33.50 % (329)

AV:     G.Fluid Non-Ess-Convex      0.53 % (348)
AV:     G.Solid Non-Ess-Convex     15.68 % (154)

FACE_A: G.Fluid          (af) 192460 (partially opened 1964)
FACE_A: G.Solid          (as) 2489 (partially opened 1837)

FACE_B: G.Total          (b)  0

FACE_W: G.Total                 11611       Brick/Bound
FACE_W: G.Fluid/Solid    (fs_g) 1515        0           
FACE_W: G.Fluid/Fluid    (ff_g) 0           0           
FACE_W: G.Solid/Solid    (ss_g) 0           0           
FACE_W: G.Fluid/Void     (fv_g) 0           0           
FACE_W: G.Fluid/External (fe_g) 10096
FACE_W: G.Solid/External (se_g) 0

AV/CV max fa count (on brick side):4
AV/CV max fw count:                4
AV/CV max fb count:                0
AV/CV max fw poly count:           23

MEMORY: Total                   19.676 MB
MEMORY: Per Brick               0.306 KB
-----------------------------------------------------------------------

-----------------------------------------------------------------------
Connectivities information:
	Number of conns: 0
-----------------------------------------------------------------------
	Time (gap size): 	0.014 s
-----------------------------------------------------------------------
Memory Working Set Current = 117.64 Mb, Memory Working Set Peak = 117.64 Mb
Memory Private Bytes Current = 130.16 Mb, Memory Private Bytes Peak = 130.16 Mb
Process Threads Number: 12
-----------------------------------------------------------------------
-----------------------------------------------------------------------
Calculating curvature and tolerance criteria...
Curvature: min=0 (cid=0) max=3.13812 (cid=35986)
Tolerance: min=0 (cid=0) max=0.0719584 (cid=28992)
Calculating curvature and tolerance criteria takes 0.049 s
-----------------------------------------------------------------------
MESH Build(FS) finished. Time=0.611 s
-----------------------------------------------------------------------
Current CPU = 1 sec

Nx=34
Ny=60
Nz=32
Max BRICK Level=1
Mesh Level=1
-----------------CModelBodies2MeshMapper::CollectData started -------------------------------
	Time (collect mesh base data): 0.001 s.
	Time (collect model bodies mapping): 0.000 s.
	Time (collect positive bodies mapping): 0.000 s.
	Time (collect fluid bodies mapping): 0.000 s.
-----------------CModelBodies2MeshMapper Report -------------------------------
FluidDomains 1 SolidDomains 1 VoidDomains 0 
Domains RefIndexes
----------------- -------------------------------
	ModelBodies
Total resolved Bodies 0 BodySets 0

--------------------------------------------------------------------------
	Positive geometry Bodies
Total resolved Bodies 1 BodySets 1
BodySet 0
	Bodies list:
			#0	Name: ;	ID: be0c79d9-ef59-429f-bf46-b71982894dc5
	Domains list:mesh type	 (0, 1)		 0 


--------------------------------------------------------------------------
	Fluid regions
Total resolved Bodies 1 BodySets 1
BodySet 0	Material: Air; 
	Bodies list:
			#0	Name: ;	ID: be0c79d9-ef59-429f-bf46-b71982894dc5
	Domains list:mesh type	 (0, 1)		 0 


--------------------------------------------------------------------------
Collect data takes...0.002 s
-----------------CModelBodies2MeshMapper::CollectData finished successfully-------------------
Saving initial mesh in: C:\Users\juded\OneDrive\Desktop\Car shit\4\4.fld .
Storing results...
	Estimated CPT size=7.294 MB.
	Time (write bcf): 0.161 s
Storing results takes 0.168 s
-----------------------------------------------------------------------
Memory Working Set Current = 118.00 Mb, Memory Working Set Peak = 118.00 Mb
Memory Private Bytes Current = 130.16 Mb, Memory Private Bytes Peak = 130.16 Mb
Process Threads Number: 12
-----------------------------------------------------------------------
Cleaning memory...
-----------------------------------------------------------------------
Start to free mesher data...
MMP (msh): locals=4, allc_sz=9.47 MB, used_sz=8.05 MB, blks-min-max=1/27
MMP (brx): locals=6, allc_sz=9.40 MB, used_sz=8.55 MB, blks-min-max=15/17
MMP (bcf): locals=6, allc_sz=29.10 MB, used_sz=28.10 MB, blks-min-max=15/38
MMP (xsl): locals=6, allc_sz=0.09 MB, used_sz=0.06 MB, blks-min-max=1/1
Free xsl...            OK	Time=0.000 s
Free ray collector...  OK	Time=0.000 s
Free ray intersector...OK	Time=0.000 s
Free body sets...      OK	Time=0.008 s
Free Geometry DB takes 0.000 s
Free mesh conn...      OK	Time=0.000 s
Free geomsd...         OK	Time=0.000 s
Free mbricks...        OK	Time=0.001 s
Free hash info...      OK	Time=0.001 s
Free bricks-x...       OK	Time=0.001 s
Free bcf...            OK	Time=0.002 s
Free mesh h...         OK	Time=0.000 s
Free bricks arr..      OK	Time=0.000 s
Free bricks tree...    OK	Time=0.000 s
Free mesh pools...     OK	Time=0.006 s
Free bodies mapper...  OK	Time=0.000 s
Free geom crits...     OK	Time=0.000 s
Free cpt regions...    OK	Time=0.000 s
Free peculiar surfs... OK	Time=0.000 s
Free sw-geometries...  OK	Time=0.000 s
Total free mesher data time: 0.023 s
-----------------------------------------------------------------------
Copying... OK
CPT size=2.185 MB (2290670 bytes).
Mesh generation normally finished at	12.12.2024	23:16:26
Mesher CPU = 1 sec
Mesher is finished at	12.12.2024	23:16:26
-----------------------------------------------------------------------
Memory Working Set Current = 35.89 Mb, Memory Working Set Peak = 118.00 Mb
Memory Private Bytes Current = 45.29 Mb, Memory Private Bytes Peak = 130.16 Mb
Process Threads Number: 12
-----------------------------------------------------------------------
Algebra Pool      : mem_usage = 2.06 Mb, allocated count = 0
-----------------------------------------------------------------------
Memory Working Set Current = 34.10 Mb, Memory Working Set Peak = 118.00 Mb
Memory Private Bytes Current = 43.29 Mb, Memory Private Bytes Peak = 130.16 Mb
Process Threads Number: 12
Process Threads Number Peak: 12
-----------------------------------------------------------------------
Log ended at 12.12.2024	23:16:26
