Log started at 13.12.2024	19:21:39
Number of used processors (NPROC): 6.
Number of mesh partitions (NPART): 6.
Total Physical Memory = 31.91 Gb, Available Physical Memory = 18.78 Gb
Computer name:	DESKTOP-C408A46
Operating system:	Windows 11 (or higher) (Version 10.0.22631)

Commandline:	"C:\Program Files\SOLIDWORKS Corp\SOLIDWORKS Flow Simulation\BINCFW\efdsolver.exe" /config:"C:\Users\juded\OneDrive\Desktop\Car shit\12\12.xmlconfig" /guid:af31d1b5-4fc0-456e-82e0-4b0b3b22658e /processors:max /m /s /prjnamelm:"Flow Simulation 2023" /prjnamehabout:"Flow Simulation 2023" /companyname:"COSMOS Applications" /prjaliasid:1009 /lang:English /port:19871

SOLIDWORKS 2023 SP2.1
Flow Simulation 2023  x64 / 5965

Project: C:\Users\juded\OneDrive\Desktop\Car shit\12\12.xmlconfig
Configuration name: Default
Project name: Project(1)
Problem type: external-with-void-internal-space-type
Exclude cavities without flow conditions: ON
NGK: OFF
MBO: OFF
-----------------------------------------------------------------------
Mesher option run = eRunMesherNormal
-----------------------------------------------------------------------

Mesh generation started:	13.12.2024	19:21:39
-----------------------------------------------------------------------
Memory Working Set Current = 15.46 Mb, Memory Working Set Peak = 15.46 Mb
Memory Private Bytes Current = 15.96 Mb, Memory Private Bytes Peak = 15.96 Mb
Process Threads Number: 7
-----------------------------------------------------------------------
Mesher adjust APD = OFF; AdjustAPD_method=0; N_per_Channel = 0; N2_per_Channel = 0
Current CPU = 0 sec
-----------------------------------------------------------------------
Geometries initialization:
-----------------------------------------------------------------------
Loading mesh settings (global/local)...
-----------------------------------------------------------------------
Number of geometries from DB: 1
Geometry(0):
	Guid = {00000000-0000-0000-0000-000000000000}
	Fluid..
	1 Body.
	1 Real body.
	-- Bodyset 0 --
		Tolerance=0.000251102.
		7 Face(s).
			7 of b-spline type.
		0 Face(s) that have no ref faces
		1 Plane surface(s).
		6 B- surface(s).
		86030 Triangle(s).
		Getting triangle connectivities from DB: 0.008 s
		17 Edge(s).
			17 of b-spline type.
		BodyGeom reading: 0.038 s.
		86030 Reference Triangles.
		Getting triangle connectivities from DB (Ref): 0.007 s
		BodyGeom Ref reading: 0.012 s.
Geometry(1):
	Solid.
	-- Bodyset 1 --
	Empty
-----------------------------------------------------------------------
Number of geometries in task: 2
	G : 0	Type: Fluid
	G : 1	Type: Solid
Number of bodysets   in task: 2
-----------------------------------------------------------------------
BodySet (0):
	Making hash and connectivity for Bodyset ...
		CBodyGeom:
		Hash size: {42, 272, 32}.
		Mesh size: {42, 68, 32}.
		Hashing triangles...Ok.
			axis(0) tr sizes: average=54 max=343
			axis(1) tr sizes: average=157 max=1080
			axis(2) tr sizes: average=30 max=214
		Number of t-connected sets:1 (cavity=0)
		CBodyGeomRef:
		Hashing triangles...Ok.
			axis(0) tr sizes: average=118 max=616
			axis(1) tr sizes: average=150 max=1043
			axis(2) tr sizes: average=66 max=383
	0.0744 s.
Geometries reading and preparing has taken 0.152 s.
-----------------------------------------------------------------------
Mapped triangles:
Hashing rough geometry(bodies) triangulation:
BodySet (0):
	Triangles num=86030
	Triangles box={-0.910983 ,0.909409 ,-3.5 ,0 ,0.0548375 ,0.555483}
		3d-hash size is 848220 bytes
BodySet (1):
no log info (empty stream)

Mapped triangles processed in 0.063 s.
-----------------------------------------------------------------------
-----------------------------------------------------------------------
Getting sectors:
Number of sectors: 0
-----------------------------------------------------------------------
-----------------------------------------------------------------------
Bodies:     2
Faces:      7
Edges:      17
Triangles:  86030
-----------------------------------------------------------------------

Current CPU = 0 sec
-----------------------------------------------------------------------
Memory Working Set Current = 74.07 Mb, Memory Working Set Peak = 90.19 Mb
Memory Private Bytes Current = 73.72 Mb, Memory Private Bytes Peak = 89.61 Mb
Process Threads Number: 12
-----------------------------------------------------------------------
-----------------------------------------------------------------------
Checking faces on CD...
FCD = [0 0 0 0 0 0]
FCD_conflicts = 0
Time (check faces on CD)=0.000 s
-----------------------------------------------------------------------

-----------------------------------------------------------------------
Mesh dimensions:
				I[0 ]=42
				I[1 ]=68
				I[2 ]=32

Comp. domain size:
				a[0  ]=-2.41796
				a[1  ]=2.41635
				a[2  ]=-5.00666
				a[3  ]=2.51103
				a[4  ]=-1.4525
				a[5  ]=2.06292

Fluid calculated			1
Solid calculated			0
-----------------------------------------------------------------------
MESH Build started...
-----------------------------------------------------------------------
Mesh LEVEL = 1
-----------------------------------------------------------------------
-----------------------------------------------------------------------
CPT-mode xeps:
	D / dh / eps [axis=0] = (4.83431, 0.0478106, 4.78106e-05)
	D / dh / eps [axis=1] = (7.51769, 0.0458289, 4.58289e-05)
	D / dh / eps [axis=2] = (3.51543, 0.041013, 4.1013e-05)
-----------------------------------------------------------------------
Initial allocation and brick-body-box intersection...OK (0.002 s)
Initial triangle brick intersection...OK (0.001 s)
Setting regions (91392 / 91392)...OK (0.001 s)
-----------------------------------------------------------------------
Base mesh info:
	3D task
	Nx=42
	Ny=68
	Nz=32
	N(Nx*Ny*Nz) = 2856
	Period    axis=[0, 0, 0]
	Symmetry  ni=[0 0 0 0 0 0]
	ZoomingBC ni=[0 0 0 0 0 0]
	Nx=42
		x[0]=-2.41796
		x[1]=-2.25382
		x[2]=-2.0976
		x[3]=-1.94885
		x[4]=-1.80724
		x[5]=-1.67241
		x[6]=-1.54403
		x[7]=-1.42181
		x[8]=-1.30544
		x[9]=-1.19465
		x[10]=-1.08916
		x[11]=-0.98873
		x[12]=-0.893109
		x[13]=-0.79396
		x[14]=-0.694811
		x[15]=-0.595663
		x[16]=-0.496515
		x[17]=-0.397367
		x[18]=-0.298218
		x[19]=-0.19907
		x[20]=-0.0999221
		x[21]=-0.000773863
		x[22]=0.0983743
		x[23]=0.197523
		x[24]=0.296671
		x[25]=0.395819
		x[26]=0.494967
		x[27]=0.594115
		x[28]=0.693264
		x[29]=0.792412
		x[30]=0.89156
		x[31]=0.987182
		x[32]=1.08762
		x[33]=1.19311
		x[34]=1.3039
		x[35]=1.42028
		x[36]=1.5425
		x[37]=1.67088
		x[38]=1.80572
		x[39]=1.94734
		x[40]=2.09608
		x[41]=2.25231
		x[42]=2.41635
	Ny=68
		y[0]=-5.00666
		y[1]=-4.897
		y[2]=-4.79218
		y[3]=-4.69194
		y[4]=-4.59609
		y[5]=-4.50443
		y[6]=-4.40605
		y[7]=-4.30768
		y[8]=-4.20931
		y[9]=-4.11094
		y[10]=-4.01256
		y[11]=-3.91419
		y[12]=-3.81582
		y[13]=-3.71745
		y[14]=-3.61907
		y[15]=-3.5207
		y[16]=-3.42233
		y[17]=-3.32395
		y[18]=-3.22558
		y[19]=-3.12721
		y[20]=-3.02884
		y[21]=-2.93046
		y[22]=-2.83209
		y[23]=-2.73372
		y[24]=-2.63535
		y[25]=-2.53697
		y[26]=-2.4386
		y[27]=-2.34023
		y[28]=-2.24186
		y[29]=-2.14348
		y[30]=-2.04511
		y[31]=-1.94674
		y[32]=-1.84836
		y[33]=-1.74999
		y[34]=-1.6526
		y[35]=-1.55521
		y[36]=-1.45781
		y[37]=-1.36042
		y[38]=-1.26303
		y[39]=-1.16563
		y[40]=-1.06824
		y[41]=-0.970847
		y[42]=-0.873454
		y[43]=-0.776061
		y[44]=-0.678668
		y[45]=-0.581275
		y[46]=-0.483881
		y[47]=-0.386488
		y[48]=-0.289095
		y[49]=-0.191702
		y[50]=-0.094309
		y[51]=0.00308412
		y[52]=0.100477
		y[53]=0.20124
		y[54]=0.30718
		y[55]=0.418563
		y[56]=0.535668
		y[57]=0.658789
		y[58]=0.788236
		y[59]=0.924333
		y[60]=1.06742
		y[61]=1.21786
		y[62]=1.37603
		y[63]=1.54233
		y[64]=1.71717
		y[65]=1.90099
		y[66]=2.09426
		y[67]=2.29745
		y[68]=2.51103
	Nz=32
		z[0]=-1.4525
		z[1]=-1.29849
		z[2]=-1.15197
		z[3]=-1.01255
		z[4]=-0.879894
		z[5]=-0.753662
		z[6]=-0.633547
		z[7]=-0.519254
		z[8]=-0.410498
		z[9]=-0.307014
		z[10]=-0.208544
		z[11]=-0.114846
		z[12]=-0.0256882
		z[13]=0.0591487
		z[14]=0.141175
		z[15]=0.223201
		z[16]=0.305228
		z[17]=0.387254
		z[18]=0.469281
		z[19]=0.551308
		z[20]=0.636138
		z[21]=0.725291
		z[22]=0.818985
		z[23]=0.917452
		z[24]=1.02093
		z[25]=1.12969
		z[26]=1.24399
		z[27]=1.3641
		z[28]=1.49034
		z[29]=1.62301
		z[30]=1.76243
		z[31]=1.90896
		z[32]=2.06292
-----------------------------------------------------------------------
Input_mesh_settings--------------------------------
Settings 0----------------
	Scope: GLOBAL
	Type:	------MESHER_SETTINGS----------
	RefAllCells           =0
	RefFluidCells         =0
	RefPartCells          =0
	RefSolidCells         =0
	l_SSFR(Capture crit)  =1
	l_curv(Curvature crit)=0
	l_tol(Tolerance crit) =0
	UseChannelRef         =1
	  NCR_method          =0
	  l_NCR               =1
	  N_gap               =5
	  Use d_NCR_min       =0
	  Use d_NCR_max       =0
	CloseThinSlotsHeight         =0
	--END_OF_MESHER_SETTINGS-------
End of input mesh settings-------------------------
-----------------------------------------------------------------------
Memory Working Set Current = 95.95 Mb, Memory Working Set Peak = 95.95 Mb
Memory Private Bytes Current = 96.82 Mb, Memory Private Bytes Peak = 96.82 Mb
Process Threads Number: 12
-----------------------------------------------------------------------
MMP (msh): locals=1, allc_sz=11.35 MB, used_sz=11.16 MB, blks-min-max=28/28
MMP (brx): locals=6, allc_sz=11.51 MB, used_sz=10.51 MB, blks-min-max=16/19
MMP (bcf): locals=0, allc_sz=0.00 MB, used_sz=0.00 MB, blks-min-max=0/0
MMP (xsl): locals=0, allc_sz=0.00 MB, used_sz=0.00 MB, blks-min-max=0/0
NxNyNz = [42, 68, 32]
base_dx=0.111838; 
NxNyNz_reverse = [43, 67, 31]

-----------------------------------------------------------------------
Refining geometries:
-----------------------------------------------------------------------

-----------------------------------------------------------------------
Refining by triangulation...
Refinement input: 91392 bricks
	Checking crit (91392 / 91392)...28 marked (0.048 s)
	Time(refinement): 0.000 s
Setting regions (224 / 91588)...OK (0.001 s)
	Checking crit (0 / 91588)...0 marked (0.000 s)
Refinement result (1 iterations): 91588 bricks (0.054 s)
Refinement input: 91588 bricks
	Checking crit (91364 / 91588)...0 marked (0.002 s)
Refinement result (0 iterations): 91588 bricks (0.002 s)
Collecting and processing rays:
	Adding rays...OK (0.010 s)
	new bricks = 91588 / 91588
	new rays   = 6879 (x=2329, y=1475, z=3075)
	Processing rays...
		Rays process:  0.073 (0.073) s
		Sort xstacks:  0.000 (0.000) s
		Put xstacks:   0.000 (0.000) s
		Total:         0.073 s
	Correcting rays...
		Lame vertices: 0.004 (0.004) s
		Bad rays:      0.000 (0.000) s
		Emit rays:     0.000 (0.000) s
		Correct ray f: 0.000 (0.000) s
		Undef:         0.000 (0.000) s
		Sum:           0.004 (0.004) s
		Total:         0.004 s
	Time (rays): 0.089 s
Capturing (91588 / 91588)...OK (0.003 s)
Refining by triangulation takes 0.148 s
-----------------------------------------------------------------------

-----------------------------------------------------------------------
Refining peculiar surfaces...
Collecting and processing rays:
	Adding rays...OK (0.000 s)
	new bricks = 0 / 91588
	new rays   = 0 (x=0, y=0, z=0)
	Processing rays...
		Rays process:  0.000 (0.000) s
		Sort xstacks:  0.000 (0.000) s
		Put xstacks:   0.000 (0.000) s
		Total:         0.000 s
	Correcting rays...
		Total:         0.000 s
	Time (rays): 0.001 s
Capturing (0 / 91588)...OK (0.001 s)
0 surfaces refined
Refining peculiar surfaces takes 0.002 s
-----------------------------------------------------------------------

-----------------------------------------------------------------------
Base mesh 1 Refining...
Collecting and processing rays:
	Adding rays...OK (0.000 s)
	new bricks = 0 / 91588
	new rays   = 0 (x=0, y=0, z=0)
	Processing rays...
		Rays process:  0.000 (0.000) s
		Sort xstacks:  0.000 (0.000) s
		Put xstacks:   0.000 (0.000) s
		Total:         0.000 s
	Correcting rays...
		Total:         0.000 s
	Time (rays): 0.001 s
Capturing (0 / 91588)...OK (0.001 s)
Refinement input: 91588 bricks
	Checking crit (91364 / 91588)...0 marked (0.001 s)
Refinement result (0 iterations): 91588 bricks (0.001 s)
-----------------------------------------------------------------------
Refining channels...
FYI: CNarrowChannelRefiner::RefineChannels_PRLL
Refinement input: 91588 bricks
	Time(refinement): 0.000 s
Setting regions (32 / 91616)...OK (0.001 s)
Refinement result (1 iterations): 91616 bricks (0.006 s)
Collecting and processing rays:
	Adding rays...OK (0.000 s)
	new bricks = 32 / 91616
	new rays   = 25 (x=5, y=3, z=17)
	Processing rays...
		Rays process:  0.000 (0.000) s
		Sort xstacks:  0.000 (0.000) s
		Put xstacks:   0.000 (0.000) s
		Total:         0.000 s
	Correcting rays...
		Lame vertices: 0.000 (0.000) s
		Bad rays:      0.000 (0.000) s
		Emit rays:     0.000 (0.000) s
		Correct ray f: 0.000 (0.000) s
		Undef:         0.000 (0.000) s
		Sum:           0.000 (0.000) s
		Total:         0.001 s
	Time (rays): 0.001 s
Capturing (32 / 91616)...OK (0.001 s)
FYI: m_iteration_count = 0
FYI: level1 statistics:
     level1_cnt_plus[1]=32;		level1_cnt_minus[1]=0
     level1_cnt_plus[2]=0;		level1_cnt_minus[2]=0
     level1_cnt_plus[3]=0;		level1_cnt_minus[3]=0
     level1_cnt_plus[4]=0;		level1_cnt_minus[4]=0
     level1_cnt_plus[5]=0;		level1_cnt_minus[5]=0
     level1_cnt_plus[6]=0;		level1_cnt_minus[6]=0
     level1_cnt_plus[7]=0;		level1_cnt_minus[7]=0
     level1_cnt_plus[8]=0;		level1_cnt_minus[8]=0
     level1_cnt_plus[9]=0;		level1_cnt_minus[9]=0
FYI: m_iteration_count = 1
FYI: level1 statistics:
     level1_cnt_plus[1]=32;		level1_cnt_minus[1]=0
     level1_cnt_plus[2]=0;		level1_cnt_minus[2]=0
     level1_cnt_plus[3]=0;		level1_cnt_minus[3]=0
     level1_cnt_plus[4]=0;		level1_cnt_minus[4]=0
     level1_cnt_plus[5]=0;		level1_cnt_minus[5]=0
     level1_cnt_plus[6]=0;		level1_cnt_minus[6]=0
     level1_cnt_plus[7]=0;		level1_cnt_minus[7]=0
     level1_cnt_plus[8]=0;		level1_cnt_minus[8]=0
     level1_cnt_plus[9]=0;		level1_cnt_minus[9]=0
FYI: level1 statistics:
     level1_cnt_plus[1]=32;		level1_cnt_minus[1]=0
     level1_cnt_plus[2]=0;		level1_cnt_minus[2]=0
     level1_cnt_plus[3]=0;		level1_cnt_minus[3]=0
     level1_cnt_plus[4]=0;		level1_cnt_minus[4]=0
     level1_cnt_plus[5]=0;		level1_cnt_minus[5]=0
     level1_cnt_plus[6]=0;		level1_cnt_minus[6]=0
     level1_cnt_plus[7]=0;		level1_cnt_minus[7]=0
     level1_cnt_plus[8]=0;		level1_cnt_minus[8]=0
     level1_cnt_plus[9]=0;		level1_cnt_minus[9]=0

-----------------------------------------------------------------------
U-shapes refinement...
Refinement input: 91616 bricks
	Checking crit (91360 / 91616)...18 marked (0.005 s)
	Time(refinement): 0.000 s
Setting regions (144 / 91742)...OK (0.001 s)
	Checking crit (0 / 91742)...0 marked (0.000 s)
Refinement result (1 iterations): 91742 bricks (0.012 s)
Collecting and processing rays:
	Adding rays...OK (0.000 s)
	new bricks = 144 / 91742
	new rays   = 112 (x=41, y=29, z=42)
	Processing rays...
		Rays process:  0.003 (0.003) s
		Sort xstacks:  0.000 (0.000) s
		Put xstacks:   0.000 (0.000) s
		Total:         0.003 s
	Correcting rays...
		Lame vertices: 0.000 (0.000) s
		Bad rays:      0.000 (0.000) s
		Emit rays:     0.000 (0.000) s
		Correct ray f: 0.000 (0.000) s
		Undef:         0.000 (0.000) s
		Sum:           0.000 (0.000) s
		Total:         0.001 s
	Time (rays): 0.004 s
Capturing (144 / 91742)...OK (0.001 s)
-----------------------------------------------------------------------

-----------------------------------------------------------------------
Equi Distant Refiner:
Equi Distant Refiner takes 0.00 s
-----------------------------------------------------------------------

/-Ray Intersection---------------/ Time	0.434 s
Calls                7016
CorrectRay Calls     0



-----------------------------------------------------------------------
Refining geometries takes 0.232 s
-----------------------------------------------------------------------
-----------------------------------------------------------------------
Memory Working Set Current = 104.88 Mb, Memory Working Set Peak = 104.88 Mb
Memory Private Bytes Current = 104.86 Mb, Memory Private Bytes Peak = 104.86 Mb
Process Threads Number: 12
-----------------------------------------------------------------------
Defect ray count	0
FYI: CNarrowChannelRefiner::RedistributeLevel1_step_1: is started
FYI: CNarrowChannelRefiner::RedistributeLevel1_step_1: is finished (0.001 s)
FYI: level1 statistics:
     level1_cnt_plus[1]=32;		level1_cnt_minus[1]=0
     level1_cnt_plus[2]=0;		level1_cnt_minus[2]=0
     level1_cnt_plus[3]=0;		level1_cnt_minus[3]=0
     level1_cnt_plus[4]=0;		level1_cnt_minus[4]=0
     level1_cnt_plus[5]=0;		level1_cnt_minus[5]=0
     level1_cnt_plus[6]=0;		level1_cnt_minus[6]=0
     level1_cnt_plus[7]=0;		level1_cnt_minus[7]=0
     level1_cnt_plus[8]=0;		level1_cnt_minus[8]=0
     level1_cnt_plus[9]=0;		level1_cnt_minus[9]=0
FYI: CNarrowChannelRefiner::RedistributeLevel1_step_2: is started
FYI: CNarrowChannelRefiner::RedistributeLevel1_step_2: is finished (0.036 s)
FYI: level1 statistics:
     level1_cnt_plus[1]=32;		level1_cnt_minus[1]=0
     level1_cnt_plus[2]=0;		level1_cnt_minus[2]=0
     level1_cnt_plus[3]=0;		level1_cnt_minus[3]=0
     level1_cnt_plus[4]=0;		level1_cnt_minus[4]=0
     level1_cnt_plus[5]=0;		level1_cnt_minus[5]=0
     level1_cnt_plus[6]=0;		level1_cnt_minus[6]=0
     level1_cnt_plus[7]=0;		level1_cnt_minus[7]=0
     level1_cnt_plus[8]=0;		level1_cnt_minus[8]=0
     level1_cnt_plus[9]=0;		level1_cnt_minus[9]=0
FYI: CNarrowChannelRefiner::RedistributeLevel1_step_3: is started
FYI: CNarrowChannelRefiner::RedistributeLevel1_step_3: is finished (0.003 s)
RedistributeLevel1 takes:
FYI: level1 statistics:
     level1_cnt_plus[1]=32;		level1_cnt_minus[1]=0
     level1_cnt_plus[2]=0;		level1_cnt_minus[2]=0
     level1_cnt_plus[3]=0;		level1_cnt_minus[3]=0
     level1_cnt_plus[4]=0;		level1_cnt_minus[4]=0
     level1_cnt_plus[5]=0;		level1_cnt_minus[5]=0
     level1_cnt_plus[6]=0;		level1_cnt_minus[6]=0
     level1_cnt_plus[7]=0;		level1_cnt_minus[7]=0
     level1_cnt_plus[8]=0;		level1_cnt_minus[8]=0
     level1_cnt_plus[9]=0;		level1_cnt_minus[9]=0
-----------------------------------------------------------------------
MSH format builder (Iteration 0)
-----------------------------------------------------------------------
Memory Working Set Current = 107.01 Mb, Memory Working Set Peak = 107.01 Mb
Memory Private Bytes Current = 107.12 Mb, Memory Private Bytes Peak = 107.12 Mb
Process Threads Number: 12
-----------------------------------------------------------------------
Total bricks count: 91742
-----------------------------------------------------------------------
MSH (Real Geometry) format constructor:
	Geom    Count = 2
	Bodyset Count = 2
	3D task
	Getting brick sets...OK (0.003 s)

	Min x-stack xeps = 0.00624786
	D / dh / eps [axis=0] = (4.83431, 0.0478106, 4.78106e-05)
	D / dh / eps [axis=1] = (7.51769, 0.0486966, 4.86966e-05)
	D / dh / eps [axis=2] = (3.51543, 0.041013, 4.1013e-05)
	Time (xeps): 0.001 s
Level 1
	Set (0)  size: 200
	Set (0)  time: 0.005 s
	Set (1)  size: 200
	Set (1)  time: 0.003 s
Level 0
	Set (0)  size: 45673
	Set (0)  time: 0.034 s
	Set (1)  size: 45669
	Set (1)  time: 0.027 s

	Spread npq bricks...0 marked (0.001 s)

Result:
	Bricks number:                        91742

	Memory usage:                         1.793 MB
	Memory usage (per brick):             0.020 KB
	Construction time:                    0.076 s

	Topology features:
	------------------
	- High quality bricks                  100.00 % (91742)
	- Medium quality bricks                  0.00 % (0)
	- Bad quality bricks                     0.00 % (0)
	- NPQ bricks                             0.00 % (0)
	- Type-1 bricks                          1.83 % (1683)
	- Ribs corrected bricks                  0.00 % (0)
	- Points with geom-info (bricks)         0.00 % (0)
	- Points with closest-info (bricks)      0.00 % (0)
	- Triangulated by center (bricks)        0.00 % (0)
	- Facet w-faces mergings (bricks)        0.00 % (0)
	- To refine (bricks)                     0.00 % (0)
	- Points-count                           0.00 % (0)
	- T-self-intersection-all (bricks)       0.00 % (0)
	- T-self-intersection-simple (bricks)    0.00 % (0)
	- T-self-intersection-complex (bricks)   0.00 % (0)
	- NPQ by reason 1 u-shape                0.00 % (0)
	- NPQ by reason 2 tri-by-ctr             0.00 % (0)
	- NPQ by reason 3 ray-correction         0.00 % (0)
	- NPQ by reason 4 t-self-intersection    0.00 % (0)
	- NPQ by reason 5 non-good               0.00 % (0)
	- NPQ by reason 6 npq-worker             0.00 % (0)

-----------------------------------------------------------------------
Memory Working Set Current = 114.39 Mb, Memory Working Set Peak = 114.39 Mb
Memory Private Bytes Current = 112.55 Mb, Memory Private Bytes Peak = 112.55 Mb
Process Threads Number: 12
-----------------------------------------------------------------------
-----------------------------------------------------------------------
msh-iterations: 1
-----------------------------------------------------------------------
high---q-brick-count = 100.00 % (91742 91742)
medium-q-brick-count =   0.00 % (91742 0)
bad----q-brick-count =   0.00 % (91742 0)
np-----q-brick-count =   0.00 % (91742 0)
-----------------------------------------------------------------------
Free brick parser storage...OK(0.001 s)
-----------------------------------------------------------------------
Memory Working Set Current = 114.43 Mb, Memory Working Set Peak = 114.43 Mb
Memory Private Bytes Current = 112.55 Mb, Memory Private Bytes Peak = 112.55 Mb
Process Threads Number: 12
-----------------------------------------------------------------------
-----------------------------------------------------------------------
MSH --> BCF format (Iteration 0)...
BCF collector...(remove mode=0)
	Time (alloc counter per brick): 0.002 s
	Brick    count: 91742
	Av.f all count: 91211
	Av.s all count: 2238
	Av.f pid count: 1706
	Av.s pid count: 1684
	Faces fs count: 4305
	Faces ff count: 0
	Faces ss count: 0
	Faces bb count: 0
	Faces fe count: 12752
	Faces se count: 0
	Faces fw count: 17057
	Faces af count: 266759
	Faces as count: 5864
	Time (all count): 	0.005 s
	Time (bcf alloc): 	0.001 s
	Time (shifts alloc): 	0.006 s
	Time (shifts init): 	0.006 s
	Time (bcf fill): 	0.009 s
	Time (add av to faces): 0.000 s
	Time (add faces to av): 0.005 s
Time (bcf collect): 		0.034 s
	AV checker...
		Hole marker...
			Subdomains:               1.
			Subdomains (cond):        1.
			Time (sd):      0.013 s.
			Time (sd_cond): 0.012 s.
			Time (potential-hole marking): 	0.001 s
			Time (hole checking): 0.000 s.
			0 av(s) are marked to fill subdomain holes.
		Time (hole marker): 0.029 s.
	Time (check av): 	0.048 s
	Subdomain checker...
		Subdomains construction time: 0.012 s.
		Subdomains sort time: 0.000 s.
			Subdomain 0 (geom_ind=0): 91211 av
			Subdomain 1 (geom_ind=1): 2238 av
		gi: 0, real bodies: 1
		gi: 0, subdomains:  1
		gi: 1, real bodies: 0
		gi: 1, subdomains:  1
		Defect subdomains: 0
	Time (check subdoms): 	0.013 s
Time (bcf iteration total): 	0.096 s
	Time (fw-nb): 		0.001 s
	Fixed mutual fw-nb:     3173 (bb: 0)
	Time (fw-nb mutual): 	0.001 s
	Time (fw-nb sort): 	0.000 s
	Fw-opt BEFORE total:    17057 (fs=4305, ff=0, ss=0)
	Fw-opt AFTER  total:    14891 (fs=2139, ff=0, ss=0, failed fw/br=18/0, big_curv=2, big_poly=0)
	Fw-opt RESULT:          2166 (res/(fs+ff+ss) = 50.31 %)
	Time (fw-opt): 		0.002 s
	Time (fw-re-order): 	0.001 s
	Time (fw-nb): 		0.003 s
	Fixed mutual fw-nb:     29820 (bb: 0)
	Time (fw-nb mutual): 	0.002 s
	Time (fw-nb sort): 	0.000 s
	Time (rfd fix): 	0.000 s
	Time (av convexity): 	0.001 s
	Time (av small volume): 0.000 s
	Time (diagonal fw-nb): 	0.019 s
	Fixed mutual fw-nb:     0 (bb: 0)
	Time (fw-nb mutual): 	0.001 s
	Time (fw-nb sort): 	0.000 s
	Fluid subdomains: 1
	Faces fw-nb diff sd:    0
	Time (fw-nb diff sd): 	0.012 s
Time (bcf calc): 		0.049 s
-----------------------------------------------------------------------
Time (bcf total): 		0.146 s
-----------------------------------------------------------------------
bcf-iterations: 1
-----------------------------------------------------------------------
-----------------------------------------------------------------------
Mega-cv constructor for fluid...
	 1 av's is treated as thin
Relative size generator (threshold = 0.05)...
	Iteration 1 (small cluster count = 469)
	Iteration 2 (small cluster count = 243)
	Iteration 3 (small cluster count = 56)
	Iteration 4 (small cluster count = 28)
	Iteration 5 (small cluster count = 20)
	Iteration 6 (small cluster count = 15)
	Iteration 7 (small cluster count = 11)
	Iteration 8 (small cluster count = 7)
	Iteration 9 (small cluster count = 3)
	Iteration 10 (small cluster count = 2)
	Iteration 11 (small cluster count = 1)
	Iteration 12 (small cluster count = 0)
	 446 mega-cv's generated
	 7 mega-cv's removed
Relative size generator is completed OK (0.005 s)
Apply fa-rules to mega-cv clusters fixes...
	Fa-rule violation fixes:        7 of        7 (total cluster# =      442)
OK (0.001 s)
Convert clusters:
	 438 mega-cv's total
Mega-cv count: 438
Time (mega-cv fill): 	0.000 s
Time (mega-cv total): 	0.021 s
-----------------------------------------------------------------------
Mixing plane rotation regions: NO.
Sliding mesh rotation regions: NO.
Fluid/fluid faces: NO.
-----------------------------------------------------------------------
Memory Working Set Current = 138.84 Mb, Memory Working Set Peak = 152.98 Mb
Memory Private Bytes Current = 162.97 Mb, Memory Private Bytes Peak = 162.97 Mb
Process Threads Number: 12
-----------------------------------------------------------------------
----------------------------------------------------------
BCF --> BCF.GEOMSUBDOM (bridge arrays):
MESH (0):
	Fluid Subdom Constructor: 1 subdom(s).
	Solid Subdom Constructor: 1 subdom(s).
	Net Asm Subdom Constructor: 0 subdom(s).
	GEOMSUBDOM (0): gi=0 Fluid av=91211 cv=90742 fa=266759 fb=0 fw=14891 V=1.267019e+02
	Cache data...OK
	GEOMSUBDOM (1): gi=1 Solid av=2238 cv=2238 fa=5864 fb=0 fw=2139 V=1.058724e+00
	Cache data...OK
	Setting nb of w-faces...OK (0.001 s).
	Correcting nb of w-faces...
	Time(correct_fw_nb)=0.002 s

MESH (0) checking:
	GEOMSUBDOM (0):fa_s=3316.6278099578612455 fb_s=0.0000000000000000 fw_s=171.1086693615997660 fw_nb=119104
	              :d_const(28609)=8.29085e-13 d_linear(28609)=2.60485e-12
	GEOMSUBDOM (1):fa_s=33.4801551739813164 fb_s=0.0000000000000000 fw_s=11.5778794768308835 fw_nb=17112
	              :d_const(862)=8.63655e-13 d_linear(2204)=7.16987e-12
MESH (0) checking: OK.
Time (MDS): 	0.085 s
----------------------------------------------------------
-----------------------------------------------------------------------
Memory Working Set Current = 166.80 Mb, Memory Working Set Peak = 166.80 Mb
Memory Private Bytes Current = 189.84 Mb, Memory Private Bytes Peak = 189.84 Mb
Process Threads Number: 12
-----------------------------------------------------------------------

-----------------------------------------------------------------------
BCF CHECKSUM DATA (Mesh 0):

BRICK |Level1| Sum:               32
FACE_A Area Sum:   G.Fluid        3316.6278099578566980
FACE_A Area Sum:   G.Solid        33.4801551739813164
FACE_W Area Sum:                  171.1086693615997660
FACE_W Nb   Sum:                  119104
FACE_W min curvatures sum:        -19193480.24646507
FACE_W max curvatures sum:        523815814.47293383
AV Max Disbalance(Const) :        2.21672e-12 (cid=52584, t={42, 42, 36}, avid=52094, pid=1213)
AV Max Disbalance(Linear):        1.7157e-10 (cid=52584, t={42, 42, 36}, avid=52094, pid=1213)
-----------------------------------------------------------------------


-----------------------------------------------------------------------
MESHER TOPOLOGY DATA:

BRICKS: Total                 91742
BRICKS: Fluid                 91188
BRICKS: Fluid Partial         1683
BRICKS: Type 1                1683
BRICKS: Max AV number         3

AV:     G.Total               93449
AV:     G.Fluid               91211
AV:     G.Solid               2238

AV:     G.Fluid Thin Profile    0.00 % (1)
AV:     G.Solid Thin Profile    1.03 % (23)

AV:     G.Fluid Thin For Mega   0.00 % (1)
AV:     G.Solid Thin For Mega   0.89 % (20)

AV:     G.Fluid Non-Convex      1.07 % (973)
AV:     G.Solid Non-Convex     36.55 % (818)

AV:     G.Fluid Non-Ess-Convex      0.37 % (341)
AV:     G.Solid Non-Ess-Convex      4.29 % (96)

FACE_A: G.Fluid          (af) 266759 (partially opened 3465)
FACE_A: G.Solid          (as) 5864 (partially opened 3430)

FACE_B: G.Total          (b)  0

FACE_W: G.Total                 14891       Brick/Bound
FACE_W: G.Fluid/Solid    (fs_g) 2139        0           
FACE_W: G.Fluid/Fluid    (ff_g) 0           0           
FACE_W: G.Solid/Solid    (ss_g) 0           0           
FACE_W: G.Fluid/Void     (fv_g) 0           0           
FACE_W: G.Fluid/External (fe_g) 12752
FACE_W: G.Solid/External (se_g) 0

AV/CV max fa count (on brick side):5
AV/CV max fw count:                5
AV/CV max fb count:                0
AV/CV max fw poly count:           12

MEMORY: Total                   27.326 MB
MEMORY: Per Brick               0.305 KB
-----------------------------------------------------------------------

-----------------------------------------------------------------------
Connectivities information:
	Number of conns: 0
-----------------------------------------------------------------------
	Time (gap size): 	0.018 s
-----------------------------------------------------------------------
Memory Working Set Current = 166.83 Mb, Memory Working Set Peak = 166.83 Mb
Memory Private Bytes Current = 189.84 Mb, Memory Private Bytes Peak = 189.84 Mb
Process Threads Number: 12
-----------------------------------------------------------------------
-----------------------------------------------------------------------
Calculating curvature and tolerance criteria...
Curvature: min=0 (cid=0) max=2.9341 (cid=50825)
Tolerance: min=0 (cid=0) max=0.0559687 (cid=52340)
Calculating curvature and tolerance criteria takes 0.076 s
-----------------------------------------------------------------------
MESH Build(FS) finished. Time=0.754 s
-----------------------------------------------------------------------
Current CPU = 1 sec

Nx=42
Ny=68
Nz=32
Max BRICK Level=1
Mesh Level=1
-----------------CModelBodies2MeshMapper::CollectData started -------------------------------
	Time (collect mesh base data): 0.001 s.
	Time (collect model bodies mapping): 0.000 s.
	Time (collect positive bodies mapping): 0.000 s.
	Time (collect fluid bodies mapping): 0.000 s.
-----------------CModelBodies2MeshMapper Report -------------------------------
FluidDomains 1 SolidDomains 1 VoidDomains 0 
Domains RefIndexes
----------------- -------------------------------
	ModelBodies
Total resolved Bodies 0 BodySets 0

--------------------------------------------------------------------------
	Positive geometry Bodies
Total resolved Bodies 1 BodySets 1
BodySet 0
	Bodies list:
			#0	Name: ;	ID: e6889f0a-0e13-4d83-9271-94d4d59ab038
	Domains list:mesh type	 (0, 1)		 0 


--------------------------------------------------------------------------
	Fluid regions
Total resolved Bodies 1 BodySets 1
BodySet 0	Material: Air; 
	Bodies list:
			#0	Name: ;	ID: e6889f0a-0e13-4d83-9271-94d4d59ab038
	Domains list:mesh type	 (0, 1)		 0 


--------------------------------------------------------------------------
Collect data takes...0.002 s
-----------------CModelBodies2MeshMapper::CollectData finished successfully-------------------
Saving initial mesh in: C:\Users\juded\OneDrive\Desktop\Car shit\12\12.fld .
Storing results...
	Estimated CPT size=10.203 MB.
	Time (write bcf): 0.233 s
Storing results takes 0.240 s
-----------------------------------------------------------------------
Memory Working Set Current = 167.15 Mb, Memory Working Set Peak = 167.15 Mb
Memory Private Bytes Current = 189.84 Mb, Memory Private Bytes Peak = 189.84 Mb
Process Threads Number: 12
-----------------------------------------------------------------------
Cleaning memory...
-----------------------------------------------------------------------
Start to free mesher data...
MMP (msh): locals=5, allc_sz=11.43 MB, used_sz=11.21 MB, blks-min-max=1/28
MMP (brx): locals=6, allc_sz=12.91 MB, used_sz=12.24 MB, blks-min-max=17/19
MMP (bcf): locals=6, allc_sz=40.70 MB, used_sz=39.27 MB, blks-min-max=18/42
MMP (xsl): locals=6, allc_sz=0.15 MB, used_sz=0.09 MB, blks-min-max=1/2
Free xsl...            OK	Time=0.000 s
Free ray collector...  OK	Time=0.000 s
Free ray intersector...OK	Time=0.000 s
Free body sets...      OK	Time=0.013 s
Free Geometry DB takes 0.000 s
Free mesh conn...      OK	Time=0.000 s
Free geomsd...         OK	Time=0.000 s
Free mbricks...        OK	Time=0.001 s
Free hash info...      OK	Time=0.001 s
Free bricks-x...       OK	Time=0.001 s
Free bcf...            OK	Time=0.004 s
Free mesh h...         OK	Time=0.000 s
Free bricks arr..      OK	Time=0.000 s
Free bricks tree...    OK	Time=0.000 s
Free mesh pools...     OK	Time=0.007 s
Free bodies mapper...  OK	Time=0.000 s
Free geom crits...     OK	Time=0.000 s
Free cpt regions...    OK	Time=0.000 s
Free peculiar surfs... OK	Time=0.000 s
Free sw-geometries...  OK	Time=0.000 s
Total free mesher data time: 0.031 s
-----------------------------------------------------------------------
Copying... OK
CPT size=3.284 MB (3443703 bytes).
Mesh generation normally finished at	13.12.2024	19:21:40
Mesher CPU = 1 sec
Mesher is finished at	13.12.2024	19:21:40
-----------------------------------------------------------------------
Memory Working Set Current = 33.20 Mb, Memory Working Set Peak = 167.15 Mb
Memory Private Bytes Current = 53.16 Mb, Memory Private Bytes Peak = 189.84 Mb
Process Threads Number: 12
-----------------------------------------------------------------------
Algebra Pool      : mem_usage = 2.69 Mb, allocated count = 0
-----------------------------------------------------------------------
Memory Working Set Current = 30.72 Mb, Memory Working Set Peak = 167.15 Mb
Memory Private Bytes Current = 50.53 Mb, Memory Private Bytes Peak = 189.84 Mb
Process Threads Number: 12
Process Threads Number Peak: 12
-----------------------------------------------------------------------
Log ended at 13.12.2024	19:21:40
