Log started at 21.03.2025	17:15:16
Number of used processors (NPROC): 20.
Number of mesh partitions (NPART): 20.
Total Physical Memory = 15.64 Gb, Available Physical Memory = 5.15 Gb
Computer name:	AVI435853SN
Operating system:	Windows 11 (or higher) (Version 10.0.22631)

Commandline:	"C:\Program Files\SOLIDWORKS Corp\SOLIDWORKS Flow Simulation\BINCFW\efdsolver.exe" /config:"C:\Users\5014070\Documents\GitHub\Mechanical\SeattleSolarCar2024-2025\Aeroshells\new Atticus aero models\juds wierd thing, not yet done\13\13.xmlconfig" /guid:68d08b9b-36ed-4ae4-bc4f-edffcf557f4e /processors:max /m /s /prjnamelm:"Flow Simulation 2023" /prjnamehabout:"Flow Simulation 2023" /companyname:"COSMOS Applications" /prjaliasid:1009 /lang:English /port:55245

SOLIDWORKS 2023 SP2.1
Flow Simulation 2023  x64 / 5965

Project: C:\Users\5014070\Documents\GitHub\Mechanical\SeattleSolarCar2024-2025\Aeroshells\new Atticus aero models\juds wierd thing, not yet done\13\13.xmlconfig
Configuration name: Default
Project name: Project(1)
Problem type: external-with-void-internal-space-type
Exclude cavities without flow conditions: ON
NGK: OFF
MBO: OFF
-----------------------------------------------------------------------
Mesher option run = eRunMesherNormal
-----------------------------------------------------------------------

Mesh generation started:	21.3.2025	17:15:16
-----------------------------------------------------------------------
Memory Working Set Current = 16.10 Mb, Memory Working Set Peak = 16.10 Mb
Memory Private Bytes Current = 16.13 Mb, Memory Private Bytes Peak = 16.13 Mb
Process Threads Number: 7
-----------------------------------------------------------------------
Mesher adjust APD = OFF; AdjustAPD_method=0; N_per_Channel = 0; N2_per_Channel = 0
Current CPU = 0 sec
-----------------------------------------------------------------------
Geometries initialization:
-----------------------------------------------------------------------
Loading mesh settings (global/local)...
-----------------------------------------------------------------------
Number of geometries from DB: 1
Geometry(0):
	Guid = {00000000-0000-0000-0000-000000000000}
	Fluid..
	1 Body.
	1 Real body.
	-- Bodyset 0 --
		Tolerance=0.00046955.
		26 Face(s).
			26 of b-spline type.
	WARNING! 1 Face(s) have no triangle.
		0 Face(s) that have no ref faces
		6 Plane surface(s).
		11 B- surface(s).
		9 Extrude surface(s).
		31738 Triangle(s).
		Getting triangle connectivities from DB: 0.004 s
		73 Edge(s).
			73 of b-spline type.
		BodyGeom reading: 0.027 s.
WARNING Face 15 has no triangles.
		31738 Reference Triangles.
		Getting triangle connectivities from DB (Ref): 0.003 s
		BodyGeom Ref reading: 0.012 s.
Geometry(1):
	Solid.
	-- Bodyset 1 --
	Empty
-----------------------------------------------------------------------
Number of geometries in task: 2
	G : 0	Type: Fluid
	G : 1	Type: Solid
Number of bodysets   in task: 2
-----------------------------------------------------------------------
BodySet (0):
	Making hash and connectivity for Bodyset ...
		CBodyGeom:
		Hash size: {36, 32, 248}.
		Mesh size: {36, 32, 62}.
		Hashing triangles...Ok.
			axis(0) tr sizes: average=28 max=210
			axis(1) tr sizes: average=18 max=283
			axis(2) tr sizes: average=117 max=672
		Making triangles connectivity...Ok. (0.002 s).
		Neighbour triangles: 96.55 % (good connect:30642) - 3.45 % (bad connect:1096). Min: 2. Max: 3.
		Number of t-connected sets:1 (cavity=0)
		CBodyGeomRef:
		Hashing triangles...Ok.
			axis(0) tr sizes: average=53 max=389
			axis(1) tr sizes: average=37 max=306
			axis(2) tr sizes: average=112 max=639
	0.036 s.
Geometries reading and preparing has taken 0.094 s.
-----------------------------------------------------------------------
Mapped triangles:
Hashing rough geometry(bodies) triangulation:
BodySet (0):
	Triangles num=31738
	Triangles box={0.180886 ,2.05874 ,-1.03511 ,-0.0962199 ,-1.77081 ,3.22922}
		3d-hash size is 482108 bytes
		Making triangles connectivity...Ok. (0.002 s).
		Neighbour triangles: 96.55 % (good connect:30642) - 3.45 % (bad connect:1096). Min: 2. Max: 3.
BodySet (1):
no log info (empty stream)

Mapped triangles processed in 0.027 s.
-----------------------------------------------------------------------
-----------------------------------------------------------------------
Getting sectors:
Number of sectors: 0
-----------------------------------------------------------------------
-----------------------------------------------------------------------
Bodies:     2
Faces:      26
Edges:      73
Triangles:  31738
-----------------------------------------------------------------------

Current CPU = 0 sec
-----------------------------------------------------------------------
Memory Working Set Current = 44.04 Mb, Memory Working Set Peak = 51.47 Mb
Memory Private Bytes Current = 42.69 Mb, Memory Private Bytes Peak = 49.90 Mb
Process Threads Number: 26
-----------------------------------------------------------------------
-----------------------------------------------------------------------
Checking faces on CD...
FCD = [0 0 0 0 0 0]
FCD_conflicts = 0
Time (check faces on CD)=0.000 s
-----------------------------------------------------------------------

-----------------------------------------------------------------------
Mesh dimensions:
				I[0 ]=36
				I[1 ]=32
				I[2 ]=62

Comp. domain size:
				a[0  ]=-2.72787
				a[1  ]=5.04777
				a[2  ]=-3.85258
				a[3  ]=2.72112
				a[4  ]=-6.46631
				a[5  ]=6.04804

Fluid calculated			1
Solid calculated			0
-----------------------------------------------------------------------
MESH Build started...
-----------------------------------------------------------------------
Mesh LEVEL = 1
-----------------------------------------------------------------------
-----------------------------------------------------------------------
CPT-mode xeps:
	D / dh / eps [axis=0] = (7.77565, 0.0874258, 8.74258e-05)
	D / dh / eps [axis=1] = (6.5737, 0.0766925, 7.66925e-05)
	D / dh / eps [axis=2] = (12.5143, 0.0892008, 8.92008e-05)
-----------------------------------------------------------------------
Initial allocation and brick-body-box intersection...OK (0.001 s)
Initial triangle brick intersection...OK (0.000 s)
Setting regions (71424 / 71424)...OK (0.000 s)
-----------------------------------------------------------------------
Base mesh info:
	3D task
	Nx=36
	Ny=32
	Nz=62
	N(Nx*Ny*Nz) = 1152
	Period    axis=[0, 0, 0]
	Symmetry  ni=[0 0 0 0 0 0]
	ZoomingBC ni=[0 0 0 0 0 0]
	Nx=36
		x[0]=-2.72787
		x[1]=-2.42063
		x[2]=-2.12853
		x[3]=-1.85073
		x[4]=-1.58653
		x[5]=-1.33527
		x[6]=-1.0963
		x[7]=-0.86904
		x[8]=-0.652901
		x[9]=-0.447344
		x[10]=-0.25185
		x[11]=-0.0659277
		x[12]=0.110893
		x[13]=0.285744
		x[14]=0.460597
		x[15]=0.635449
		x[16]=0.810301
		x[17]=0.985153
		x[18]=1.16001
		x[19]=1.33486
		x[20]=1.50971
		x[21]=1.68456
		x[22]=1.85941
		x[23]=2.03427
		x[24]=2.20912
		x[25]=2.38597
		x[26]=2.57192
		x[27]=2.76744
		x[28]=2.97302
		x[29]=3.18918
		x[30]=3.41646
		x[31]=3.65543
		x[32]=3.9067
		x[33]=4.17089
		x[34]=4.44868
		x[35]=4.74076
		x[36]=5.04777
	Ny=32
		y[0]=-3.85258
		y[1]=-3.56457
		y[2]=-3.29059
		y[3]=-3.02988
		y[4]=-2.78182
		y[5]=-2.54577
		y[6]=-2.32116
		y[7]=-2.10743
		y[8]=-1.90407
		y[9]=-1.71056
		y[10]=-1.52642
		y[11]=-1.35121
		y[12]=-1.18449
		y[13]=-1.02585
		y[14]=-0.872464
		y[15]=-0.719078
		y[16]=-0.565691
		y[17]=-0.412305
		y[18]=-0.258919
		y[19]=-0.105532
		y[20]=0.0530972
		y[21]=0.219809
		y[22]=0.395013
		y[23]=0.579143
		y[24]=0.772652
		y[25]=0.97602
		y[26]=1.18975
		y[27]=1.41436
		y[28]=1.65042
		y[29]=1.89851
		y[30]=2.15923
		y[31]=2.43323
		y[32]=2.72112
	Nz=62
		z[0]=-6.46631
		z[1]=-6.16545
		z[2]=-5.87862
		z[3]=-5.60508
		z[4]=-5.34424
		z[5]=-5.09549
		z[6]=-4.85827
		z[7]=-4.63206
		z[8]=-4.41634
		z[9]=-4.21062
		z[10]=-4.01445
		z[11]=-3.82737
		z[12]=-3.64897
		z[13]=-3.46651
		z[14]=-3.28405
		z[15]=-3.1016
		z[16]=-2.91914
		z[17]=-2.73668
		z[18]=-2.55422
		z[19]=-2.37177
		z[20]=-2.18931
		z[21]=-2.00685
		z[22]=-1.8244
		z[23]=-1.64194
		z[24]=-1.45948
		z[25]=-1.27702
		z[26]=-1.09457
		z[27]=-0.91211
		z[28]=-0.729653
		z[29]=-0.547195
		z[30]=-0.364738
		z[31]=-0.182281
		z[32]=0.000176247
		z[33]=0.182633
		z[34]=0.365091
		z[35]=0.547548
		z[36]=0.730005
		z[37]=0.909244
		z[38]=1.08848
		z[39]=1.26772
		z[40]=1.44696
		z[41]=1.6262
		z[42]=1.80544
		z[43]=1.98468
		z[44]=2.16392
		z[45]=2.34316
		z[46]=2.5224
		z[47]=2.70164
		z[48]=2.88088
		z[49]=3.06012
		z[50]=3.23936
		z[51]=3.4186
		z[52]=3.6032
		z[53]=3.79712
		z[54]=4.00084
		z[55]=4.21484
		z[56]=4.43966
		z[57]=4.67583
		z[58]=4.92392
		z[59]=5.18455
		z[60]=5.45834
		z[61]=5.74596
		z[62]=6.04804
-----------------------------------------------------------------------
Input_mesh_settings--------------------------------
Settings 0----------------
	Scope: GLOBAL
	Type:	------MESHER_SETTINGS----------
	RefAllCells           =0
	RefFluidCells         =0
	RefPartCells          =0
	RefSolidCells         =0
	l_SSFR(Capture crit)  =1
	l_curv(Curvature crit)=0
	l_tol(Tolerance crit) =0
	UseChannelRef         =1
	  NCR_method          =0
	  l_NCR               =1
	  N_gap               =5
	  Use d_NCR_min       =0
	  Use d_NCR_max       =0
	CloseThinSlotsHeight         =0
	--END_OF_MESHER_SETTINGS-------
End of input mesh settings-------------------------
-----------------------------------------------------------------------
Memory Working Set Current = 61.13 Mb, Memory Working Set Peak = 61.13 Mb
Memory Private Bytes Current = 60.99 Mb, Memory Private Bytes Peak = 60.99 Mb
Process Threads Number: 26
-----------------------------------------------------------------------
MMP (msh): locals=1, allc_sz=9.41 MB, used_sz=8.72 MB, blks-min-max=27/27
MMP (brx): locals=16, allc_sz=8.93 MB, used_sz=8.20 MB, blks-min-max=3/16
MMP (bcf): locals=0, allc_sz=0.00 MB, used_sz=0.00 MB, blks-min-max=0/0
MMP (xsl): locals=0, allc_sz=0.00 MB, used_sz=0.00 MB, blks-min-max=0/0
NxNyNz = [36, 32, 62]
base_dx=0.207754; 
NxNyNz_reverse = [37, 32, 60]

-----------------------------------------------------------------------
Refining geometries:
-----------------------------------------------------------------------

-----------------------------------------------------------------------
Refining by triangulation...
Refinement input: 71424 bricks
	Checking crit (71424 / 71424)...38 marked (0.009 s)
	Time(refinement): 0.000 s
Setting regions (304 / 71690)...OK (0.000 s)
	Checking crit (0 / 71690)...0 marked (0.000 s)
Refinement result (1 iterations): 71690 bricks (0.013 s)
Refinement input: 71690 bricks
	Checking crit (71386 / 71690)...0 marked (0.001 s)
Refinement result (0 iterations): 71690 bricks (0.001 s)
Collecting and processing rays:
	Adding rays...OK (0.003 s)
	new bricks = 71690 / 71690
	new rays   = 5901 (x=2165, y=2463, z=1273)
	Processing rays...
		Rays process:  0.142 (0.142) s
		Sort xstacks:  0.000 (0.000) s
		Put xstacks:   0.000 (0.000) s
		Total:         0.143 s
	Correcting rays...
		Lame vertices: 0.001 (0.005) s
		Bad rays:      0.000 (0.000) s
		Emit rays:     0.019 (0.031) s
		Correct ray f: 0.002 (0.002) s
		Undef:         0.000 (0.000) s
		Sum:           0.038 (0.038) s
		Total:         0.039 s
	Time (rays): 0.185 s
Capturing (71690 / 71690)...OK (0.001 s)
Refining by triangulation takes 0.2 s
-----------------------------------------------------------------------

-----------------------------------------------------------------------
Refining peculiar surfaces...
Collecting and processing rays:
	Adding rays...OK (0.000 s)
	new bricks = 0 / 71690
	new rays   = 0 (x=0, y=0, z=0)
	Processing rays...
		Rays process:  0.000 (0.000) s
		Sort xstacks:  0.000 (0.000) s
		Put xstacks:   0.000 (0.000) s
		Total:         0.000 s
	Correcting rays...
		Total:         0.000 s
	Time (rays): 0.001 s
Capturing (0 / 71690)...OK (0.000 s)
0 surfaces refined
Refining peculiar surfaces takes 0.002 s
-----------------------------------------------------------------------

-----------------------------------------------------------------------
Base mesh 1 Refining...
Collecting and processing rays:
	Adding rays...OK (0.000 s)
	new bricks = 0 / 71690
	new rays   = 0 (x=0, y=0, z=0)
	Processing rays...
		Rays process:  0.000 (0.000) s
		Sort xstacks:  0.000 (0.000) s
		Put xstacks:   0.000 (0.000) s
		Total:         0.000 s
	Correcting rays...
		Total:         0.000 s
	Time (rays): 0.001 s
Capturing (0 / 71690)...OK (0.000 s)
Refinement input: 71690 bricks
	Checking crit (71386 / 71690)...0 marked (0.000 s)
Refinement result (0 iterations): 71690 bricks (0.000 s)
-----------------------------------------------------------------------
Refining channels...
FYI: CNarrowChannelRefiner::RefineChannels_PRLL
Refinement input: 71690 bricks
	Time(refinement): 0.000 s
Setting regions (216 / 71879)...OK (0.001 s)
Refinement result (1 iterations): 71879 bricks (0.003 s)
Collecting and processing rays:
	Adding rays...OK (0.000 s)
	new bricks = 216 / 71879
	new rays   = 91 (x=9, y=64, z=18)
	Processing rays...
		Rays process:  0.023 (0.023) s
		Sort xstacks:  0.000 (0.000) s
		Put xstacks:   0.000 (0.000) s
		Total:         0.023 s
	Correcting rays...
		Lame vertices: 0.000 (0.002) s
		Bad rays:      0.000 (0.000) s
		Emit rays:     0.015 (0.038) s
		Correct ray f: 0.002 (0.002) s
		Undef:         0.000 (0.000) s
		Sum:           0.042 (0.042) s
		Total:         0.043 s
	Time (rays): 0.066 s
Capturing (622 / 71879)...OK (0.000 s)
FYI: m_iteration_count = 0
FYI: level1 statistics:
     level1_cnt_plus[1]=216;		level1_cnt_minus[1]=0
     level1_cnt_plus[2]=0;		level1_cnt_minus[2]=0
     level1_cnt_plus[3]=0;		level1_cnt_minus[3]=0
     level1_cnt_plus[4]=0;		level1_cnt_minus[4]=0
     level1_cnt_plus[5]=0;		level1_cnt_minus[5]=0
     level1_cnt_plus[6]=0;		level1_cnt_minus[6]=0
     level1_cnt_plus[7]=0;		level1_cnt_minus[7]=0
     level1_cnt_plus[8]=0;		level1_cnt_minus[8]=0
     level1_cnt_plus[9]=0;		level1_cnt_minus[9]=0
Refinement input: 71879 bricks
	Time(refinement): 0.000 s
Setting regions (8 / 71886)...OK (0.000 s)
Refinement result (1 iterations): 71886 bricks (0.002 s)
Collecting and processing rays:
	Adding rays...OK (0.000 s)
	new bricks = 8 / 71886
	new rays   = 8 (x=4, y=4, z=0)
	Processing rays...
		Rays process:  0.000 (0.000) s
		Sort xstacks:  0.000 (0.000) s
		Put xstacks:   0.000 (0.000) s
		Total:         0.000 s
	Correcting rays...
		Lame vertices: 0.000 (0.000) s
		Bad rays:      0.000 (0.000) s
		Emit rays:     0.000 (0.000) s
		Correct ray f: 0.000 (0.000) s
		Undef:         0.000 (0.000) s
		Sum:           0.000 (0.000) s
		Total:         0.000 s
	Time (rays): 0.001 s
Capturing (8 / 71886)...OK (0.000 s)
FYI: m_iteration_count = 1
FYI: level1 statistics:
     level1_cnt_plus[1]=224;		level1_cnt_minus[1]=0
     level1_cnt_plus[2]=0;		level1_cnt_minus[2]=0
     level1_cnt_plus[3]=0;		level1_cnt_minus[3]=0
     level1_cnt_plus[4]=0;		level1_cnt_minus[4]=0
     level1_cnt_plus[5]=0;		level1_cnt_minus[5]=0
     level1_cnt_plus[6]=0;		level1_cnt_minus[6]=0
     level1_cnt_plus[7]=0;		level1_cnt_minus[7]=0
     level1_cnt_plus[8]=0;		level1_cnt_minus[8]=0
     level1_cnt_plus[9]=0;		level1_cnt_minus[9]=0
FYI: m_iteration_count = 2
FYI: level1 statistics:
     level1_cnt_plus[1]=224;		level1_cnt_minus[1]=0
     level1_cnt_plus[2]=0;		level1_cnt_minus[2]=0
     level1_cnt_plus[3]=0;		level1_cnt_minus[3]=0
     level1_cnt_plus[4]=0;		level1_cnt_minus[4]=0
     level1_cnt_plus[5]=0;		level1_cnt_minus[5]=0
     level1_cnt_plus[6]=0;		level1_cnt_minus[6]=0
     level1_cnt_plus[7]=0;		level1_cnt_minus[7]=0
     level1_cnt_plus[8]=0;		level1_cnt_minus[8]=0
     level1_cnt_plus[9]=0;		level1_cnt_minus[9]=0
FYI: level1 statistics:
     level1_cnt_plus[1]=224;		level1_cnt_minus[1]=0
     level1_cnt_plus[2]=0;		level1_cnt_minus[2]=0
     level1_cnt_plus[3]=0;		level1_cnt_minus[3]=0
     level1_cnt_plus[4]=0;		level1_cnt_minus[4]=0
     level1_cnt_plus[5]=0;		level1_cnt_minus[5]=0
     level1_cnt_plus[6]=0;		level1_cnt_minus[6]=0
     level1_cnt_plus[7]=0;		level1_cnt_minus[7]=0
     level1_cnt_plus[8]=0;		level1_cnt_minus[8]=0
     level1_cnt_plus[9]=0;		level1_cnt_minus[9]=0

-----------------------------------------------------------------------
U-shapes refinement...
Refinement input: 71886 bricks
	Checking crit (71358 / 71886)...4 marked (0.001 s)
	Time(refinement): 0.000 s
Setting regions (32 / 71914)...OK (0.000 s)
	Checking crit (0 / 71914)...0 marked (0.000 s)
Refinement result (1 iterations): 71914 bricks (0.004 s)
Collecting and processing rays:
	Adding rays...OK (0.000 s)
	new bricks = 32 / 71914
	new rays   = 23 (x=8, y=15, z=0)
	Processing rays...
		Rays process:  0.001 (0.001) s
		Sort xstacks:  0.000 (0.000) s
		Put xstacks:   0.000 (0.000) s
		Total:         0.001 s
	Correcting rays...
		Lame vertices: 0.000 (0.000) s
		Bad rays:      0.000 (0.000) s
		Emit rays:     0.001 (0.002) s
		Correct ray f: 0.000 (0.000) s
		Undef:         0.000 (0.000) s
		Sum:           0.003 (0.003) s
		Total:         0.003 s
	Time (rays): 0.005 s
Capturing (32 / 71914)...OK (0.000 s)
-----------------------------------------------------------------------

-----------------------------------------------------------------------
Equi Distant Refiner:
Equi Distant Refiner takes 0.00 s
-----------------------------------------------------------------------

/-Ray Intersection---------------/ Time	4.153 s
Calls                6957
CorrectRay Calls     94



-----------------------------------------------------------------------
Refining geometries takes 0.298 s
-----------------------------------------------------------------------
-----------------------------------------------------------------------
Memory Working Set Current = 75.48 Mb, Memory Working Set Peak = 75.48 Mb
Memory Private Bytes Current = 79.45 Mb, Memory Private Bytes Peak = 79.45 Mb
Process Threads Number: 26
-----------------------------------------------------------------------
Defect ray count	94
FYI: CNarrowChannelRefiner::RedistributeLevel1_step_1: is started
FYI: CNarrowChannelRefiner::RedistributeLevel1_step_1: is finished (0.000 s)
FYI: level1 statistics:
     level1_cnt_plus[1]=224;		level1_cnt_minus[1]=0
     level1_cnt_plus[2]=0;		level1_cnt_minus[2]=0
     level1_cnt_plus[3]=0;		level1_cnt_minus[3]=0
     level1_cnt_plus[4]=0;		level1_cnt_minus[4]=0
     level1_cnt_plus[5]=0;		level1_cnt_minus[5]=0
     level1_cnt_plus[6]=0;		level1_cnt_minus[6]=0
     level1_cnt_plus[7]=0;		level1_cnt_minus[7]=0
     level1_cnt_plus[8]=0;		level1_cnt_minus[8]=0
     level1_cnt_plus[9]=0;		level1_cnt_minus[9]=0
FYI: CNarrowChannelRefiner::RedistributeLevel1_step_2: is started
FYI: CNarrowChannelRefiner::RedistributeLevel1_step_2: is finished (0.005 s)
FYI: level1 statistics:
     level1_cnt_plus[1]=237;		level1_cnt_minus[1]=0
     level1_cnt_plus[2]=0;		level1_cnt_minus[2]=0
     level1_cnt_plus[3]=0;		level1_cnt_minus[3]=0
     level1_cnt_plus[4]=0;		level1_cnt_minus[4]=0
     level1_cnt_plus[5]=0;		level1_cnt_minus[5]=0
     level1_cnt_plus[6]=0;		level1_cnt_minus[6]=0
     level1_cnt_plus[7]=0;		level1_cnt_minus[7]=0
     level1_cnt_plus[8]=0;		level1_cnt_minus[8]=0
     level1_cnt_plus[9]=0;		level1_cnt_minus[9]=0
FYI: CNarrowChannelRefiner::RedistributeLevel1_step_3: is started
FYI: CNarrowChannelRefiner::RedistributeLevel1_step_3: is finished (0.002 s)
RedistributeLevel1 takes:
FYI: level1 statistics:
     level1_cnt_plus[1]=237;		level1_cnt_minus[1]=275
     level1_cnt_plus[2]=0;		level1_cnt_minus[2]=0
     level1_cnt_plus[3]=0;		level1_cnt_minus[3]=0
     level1_cnt_plus[4]=0;		level1_cnt_minus[4]=0
     level1_cnt_plus[5]=0;		level1_cnt_minus[5]=0
     level1_cnt_plus[6]=0;		level1_cnt_minus[6]=0
     level1_cnt_plus[7]=0;		level1_cnt_minus[7]=0
     level1_cnt_plus[8]=0;		level1_cnt_minus[8]=0
     level1_cnt_plus[9]=0;		level1_cnt_minus[9]=0
-----------------------------------------------------------------------
MSH format builder (Iteration 0)
-----------------------------------------------------------------------
Memory Working Set Current = 77.16 Mb, Memory Working Set Peak = 77.16 Mb
Memory Private Bytes Current = 81.15 Mb, Memory Private Bytes Peak = 81.15 Mb
Process Threads Number: 26
-----------------------------------------------------------------------
Total bricks count: 71914
-----------------------------------------------------------------------
MSH (Real Geometry) format constructor:
	Geom    Count = 2
	Bodyset Count = 2
	3D task
	Getting brick sets...OK (0.002 s)

	Min x-stack xeps = 0.00790479
	D / dh / eps [axis=0] = (7.77565, 0.0874261, 8.74261e-05)
	D / dh / eps [axis=1] = (6.5737, 0.0766925, 7.66925e-05)
	D / dh / eps [axis=2] = (12.5143, 0.0896194, 8.96194e-05)
	Time (xeps): 0.000 s
Level 1
	Set (0)  size: 280
	Set (0)  time: 0.003 s
	Set (1)  size: 280
	Set (1)  time: 0.002 s
Level 0
	Set (0)  size: 35677
	Set (0)  time: 0.005 s
	Set (1)  size: 35677
	Set (1)  time: 0.005 s

	Spread npq bricks...14 marked (0.000 s)

Result:
	Bricks number:                        71914

	Memory usage:                         1.140 MB
	Memory usage (per brick):             0.016 KB
	Construction time:                    0.020 s

	Topology features:
	------------------
	- High quality bricks                   99.99 % (71908)
	- Medium quality bricks                  0.01 % (6)
	- Bad quality bricks                     0.00 % (0)
	- NPQ bricks                             0.25 % (183)
	- Type-1 bricks                          1.06 % (763)
	- Ribs corrected bricks                  0.00 % (0)
	- Points with geom-info (bricks)         0.21 % (149)
	- Points with closest-info (bricks)      0.00 % (0)
	- Triangulated by center (bricks)        0.03 % (24)
	- Facet w-faces mergings (bricks)        0.00 % (0)
	- To refine (bricks)                     0.00 % (0)
	- Points-count                           0.00 % (0)
	- T-self-intersection-all (bricks)       0.00 % (0)
	- T-self-intersection-simple (bricks)    0.00 % (0)
	- T-self-intersection-complex (bricks)   0.00 % (0)
	- NPQ by reason 1 u-shape                0.08 % (54)
	- NPQ by reason 2 tri-by-ctr             0.01 % (6)
	- NPQ by reason 3 ray-correction         0.15 % (111)
	- NPQ by reason 4 t-self-intersection    0.00 % (0)
	- NPQ by reason 5 non-good               0.01 % (6)
	- NPQ by reason 6 npq-worker             0.00 % (0)

-----------------------------------------------------------------------
Memory Working Set Current = 89.23 Mb, Memory Working Set Peak = 89.23 Mb
Memory Private Bytes Current = 93.31 Mb, Memory Private Bytes Peak = 93.31 Mb
Process Threads Number: 26
-----------------------------------------------------------------------
-----------------------------------------------------------------------
msh-iterations: 1
-----------------------------------------------------------------------
high---q-brick-count =  99.99 % (71914 71908)
medium-q-brick-count =   0.01 % (71914 6)
bad----q-brick-count =   0.00 % (71914 0)
np-----q-brick-count =   0.27 % (71914 197)
-----------------------------------------------------------------------
Free brick parser storage...OK(0.001 s)
-----------------------------------------------------------------------
Memory Working Set Current = 83.70 Mb, Memory Working Set Peak = 89.28 Mb
Memory Private Bytes Current = 87.49 Mb, Memory Private Bytes Peak = 93.31 Mb
Process Threads Number: 26
-----------------------------------------------------------------------
-----------------------------------------------------------------------
MSH --> BCF format (Iteration 0)...
BCF collector...(remove mode=0)
	Time (alloc counter per brick): 0.001 s
	Brick    count: 71914
	Av.f all count: 71626
	Av.s all count: 1089
	Av.f pid count: 799
	Av.s pid count: 765
	Faces fs count: 2291
	Faces ff count: 0
	Faces ss count: 0
	Faces bb count: 18
	Faces fe count: 10736
	Faces se count: 0
	Faces fw count: 13027
	Faces af count: 209456
	Faces as count: 2935
	Time (all count): 	0.001 s
	Time (bcf alloc): 	0.001 s
	Time (shifts alloc): 	0.002 s
	Time (shifts init): 	0.002 s
	Time (bcf fill): 	0.002 s
	Time (add av to faces): 0.000 s
	Time (add faces to av): 0.002 s
Time (bcf collect): 		0.013 s
	AV checker...
		Hole marker...
			Subdomains:               1.
			Subdomains (cond):        1.
			Time (sd):      0.005 s.
			Time (sd_cond): 0.005 s.
			Time (potential-hole marking): 	0.001 s
			Time (hole checking): 0.000 s.
			0 av(s) are marked to fill subdomain holes.
		Time (hole marker): 0.012 s.
	Time (check av): 	0.017 s
	Subdomain checker...
		Subdomains construction time: 0.004 s.
		Subdomains sort time: 0.000 s.
			Subdomain 0 (geom_ind=0): 71626 av
			Subdomain 1 (geom_ind=1): 1081 av
			Subdomain 2 (geom_ind=1): 8 av
		gi: 0, real bodies: 1
		gi: 0, subdomains:  1
		gi: 1, real bodies: 0
		gi: 1, subdomains:  2
		Defect subdomains: 0
	Time (check subdoms): 	0.005 s
Time (bcf iteration total): 	0.036 s
	Time (fw-nb): 		0.000 s
	Fixed mutual fw-nb:     2069 (bb: 19)
	Time (fw-nb mutual): 	0.000 s
	Time (fw-nb sort): 	0.000 s
	Fw-opt BEFORE total:    13027 (fs=2291, ff=0, ss=0)
	Fw-opt AFTER  total:    12021 (fs=1285, ff=0, ss=0, failed fw/br=1/0, big_curv=59, big_poly=0)
	Fw-opt RESULT:          1006 (res/(fs+ff+ss) = 43.91 %)
	Time (fw-opt): 		0.001 s
	Time (fw-re-order): 	0.000 s
	Time (fw-nb): 		0.001 s
	Fixed mutual fw-nb:     23930 (bb: 27)
	Time (fw-nb mutual): 	0.001 s
	Time (fw-nb sort): 	0.000 s
	Time (rfd fix): 	0.001 s
	Time (av convexity): 	0.000 s
	Time (av small volume): 0.000 s
	Time (diagonal fw-nb): 	0.004 s
	Fixed mutual fw-nb:     0 (bb: 0)
	Time (fw-nb mutual): 	0.001 s
	Time (fw-nb sort): 	0.000 s
	Fluid subdomains: 1
	Faces fw-nb diff sd:    0
	Time (fw-nb diff sd): 	0.005 s
Time (bcf calc): 		0.019 s
-----------------------------------------------------------------------
Time (bcf total): 		0.055 s
-----------------------------------------------------------------------
bcf-iterations: 1
-----------------------------------------------------------------------
-----------------------------------------------------------------------
Mega-cv constructor for fluid...
	 2 av's is treated as thin
Relative size generator (threshold = 0.05)...
	Iteration 1 (small cluster count = 62)
	Iteration 2 (small cluster count = 27)
	Iteration 3 (small cluster count = 4)
	Iteration 4 (small cluster count = 1)
	Iteration 5 (small cluster count = 0)
	 59 mega-cv's generated
	 2 mega-cv's removed
Relative size generator is completed OK (0.001 s)
Apply fa-rules to mega-cv clusters fixes...
OK (0.000 s)
There are 1 clusters with nbrs connected in more than one axis
Convert clusters:
	 57 mega-cv's total
Mega-cv count: 57
Time (mega-cv fill): 	0.000 s
Time (mega-cv total): 	0.008 s
-----------------------------------------------------------------------
Mixing plane rotation regions: NO.
Sliding mesh rotation regions: NO.
Fluid/fluid faces: NO.
-----------------------------------------------------------------------
Memory Working Set Current = 103.52 Mb, Memory Working Set Peak = 114.73 Mb
Memory Private Bytes Current = 108.29 Mb, Memory Private Bytes Peak = 119.78 Mb
Process Threads Number: 26
-----------------------------------------------------------------------
----------------------------------------------------------
BCF --> BCF.GEOMSUBDOM (bridge arrays):
MESH (0):
	Fluid Subdom Constructor: 1 subdom(s).
	Solid Subdom Constructor: 2 subdom(s).
	Net Asm Subdom Constructor: 0 subdom(s).
	GEOMSUBDOM (0): gi=0 Fluid av=71626 cv=71561 fa=209456 fb=0 fw=12021 V=6.376303e+02
	Cache data...OK
	GEOMSUBDOM (1): gi=1 Solid av=1081 cv=1081 fa=2923 fb=0 fw=1277 V=2.036755e+00
	Cache data...OK
	GEOMSUBDOM (2): gi=1 Solid av=8 cv=8 fa=12 fb=0 fw=8 V=9.691279e-04
	Cache data...OK
	Setting nb of w-faces...OK (0.001 s).
	Correcting nb of w-faces...
	Time(correct_fw_nb)=0.001 s

MESH (0) checking:
	GEOMSUBDOM (0):fa_s=8980.2024654464294144 fb_s=0.0000000000000000 fw_s=475.1147387048509927 fw_nb=97218
	              :d_const(46106)=3.48656e-13 d_linear(46106)=7.31209e-13
	GEOMSUBDOM (1):fa_s=39.5748914581006943 fb_s=0.0000000000000000 fw_s=13.6825299774498923 fw_nb=11306
	              :d_const(784)=1.72939e-12 d_linear(543)=6.34949e-10
	GEOMSUBDOM (2):fa_s=0.0489922840767665 fb_s=0.0000000000000000 fw_s=0.0572418858926360 fw_nb=48
	              :d_const(0)=9.79413e-17 d_linear(0)=3.66979e-15
MESH (0) checking: OK.
Time (MDS): 	0.028 s
----------------------------------------------------------
-----------------------------------------------------------------------
Memory Working Set Current = 125.45 Mb, Memory Working Set Peak = 125.45 Mb
Memory Private Bytes Current = 129.54 Mb, Memory Private Bytes Peak = 129.54 Mb
Process Threads Number: 26
-----------------------------------------------------------------------

-----------------------------------------------------------------------
BCF CHECKSUM DATA (Mesh 0):

WARNING! 25 w-face(s) without RefFacesData.
BRICK |Level1| Sum:               512
FACE_A Area Sum:   G.Fluid        8980.2024654464366904
FACE_A Area Sum:   G.Solid        39.6238837421774619
FACE_W Area Sum:                  475.1147387048509927
FACE_W Nb   Sum:                  97218
FACE_W min curvatures sum:        -3393.10389598
FACE_W max curvatures sum:        3932.53014587
AV Max Disbalance(Const) :        1.72939e-12 (cid=41297, t={40, 38, 70}, avid=72211, pid=412)
AV Max Disbalance(Linear):        6.34949e-10 (cid=39975, t={28, 32, 68}, avid=72111, pid=352)
-----------------------------------------------------------------------


-----------------------------------------------------------------------
MESHER TOPOLOGY DATA:

BRICKS: Total                 71914
BRICKS: Fluid                 71590
BRICKS: Fluid Partial         763
BRICKS: Type 1                763
BRICKS: Max AV number         3

AV:     G.Total               72715
AV:     G.Fluid               71626
AV:     G.Solid               1089

AV:     G.Fluid Thin Profile    0.00 % (2)
AV:     G.Solid Thin Profile    3.31 % (36)

AV:     G.Fluid Thin For Mega   0.00 % (2)
AV:     G.Solid Thin For Mega   3.03 % (33)

AV:     G.Fluid Non-Convex      0.70 % (499)
AV:     G.Solid Non-Convex     37.28 % (406)

AV:     G.Fluid Non-Ess-Convex      0.29 % (209)
AV:     G.Solid Non-Ess-Convex     12.49 % (136)

FACE_A: G.Fluid          (af) 209456 (partially opened 1669)
FACE_A: G.Solid          (as) 2935 (partially opened 1584)

FACE_B: G.Total          (b)  0

FACE_W: G.Total                 12021       Brick/Bound
FACE_W: G.Fluid/Solid    (fs_g) 1285        18          
FACE_W: G.Fluid/Fluid    (ff_g) 0           0           
FACE_W: G.Solid/Solid    (ss_g) 0           0           
FACE_W: G.Fluid/Void     (fv_g) 0           0           
FACE_W: G.Fluid/External (fe_g) 10736
FACE_W: G.Solid/External (se_g) 0

AV/CV max fa count (on brick side):4
AV/CV max fw count:                4
AV/CV max fb count:                0
AV/CV max fw poly count:           16

MEMORY: Total                   21.326 MB
MEMORY: Per Brick               0.304 KB
-----------------------------------------------------------------------

-----------------------------------------------------------------------
Connectivities information:
	Number of conns: 0
-----------------------------------------------------------------------
	Time (gap size): 	0.006 s
-----------------------------------------------------------------------
Memory Working Set Current = 125.50 Mb, Memory Working Set Peak = 125.50 Mb
Memory Private Bytes Current = 129.55 Mb, Memory Private Bytes Peak = 129.55 Mb
Process Threads Number: 26
-----------------------------------------------------------------------
-----------------------------------------------------------------------
Calculating curvature and tolerance criteria...
Curvature: min=0 (cid=0) max=3.14104 (cid=48223)
Tolerance: min=0 (cid=0) max=0.11104 (cid=56401)
Calculating curvature and tolerance criteria takes 0.013 s
-----------------------------------------------------------------------
MESH Build(FS) finished. Time=0.464 s
-----------------------------------------------------------------------
Current CPU = 0 sec

Nx=36
Ny=32
Nz=62
Max BRICK Level=1
Mesh Level=1
-----------------CModelBodies2MeshMapper::CollectData started -------------------------------
	Time (collect mesh base data): 0.000 s.
	Time (collect model bodies mapping): 0.000 s.
	Time (collect positive bodies mapping): 0.000 s.
	Time (collect fluid bodies mapping): 0.000 s.
-----------------CModelBodies2MeshMapper Report -------------------------------
FluidDomains 1 SolidDomains 2 VoidDomains 0 
Domains RefIndexes
----------------- -------------------------------
	ModelBodies
Total resolved Bodies 0 BodySets 0

--------------------------------------------------------------------------
	Positive geometry Bodies
Total resolved Bodies 1 BodySets 1
BodySet 0
	Bodies list:
			#0	Name: ;	ID: 8625eedf-6a03-4eab-8c05-19697c9ad0c6
	Domains list:mesh type	 (0, 1)		 0 


--------------------------------------------------------------------------
	Fluid regions
Total resolved Bodies 1 BodySets 1
BodySet 0	Material: Air; 
	Bodies list:
			#0	Name: ;	ID: 8625eedf-6a03-4eab-8c05-19697c9ad0c6
	Domains list:mesh type	 (0, 1)		 0 


--------------------------------------------------------------------------
Collect data takes...0.001 s
-----------------CModelBodies2MeshMapper::CollectData finished successfully-------------------
Saving initial mesh in: C:\Users\5014070\Documents\GitHub\Mechanical\SeattleSolarCar2024-2025\Aeroshells\new Atticus aero models\juds wierd thing, not yet done\13\13.fld .
Storing results...
	Estimated CPT size=7.878 MB.
	Time (write bcf): 0.112 s
Storing results takes 0.116 s
-----------------------------------------------------------------------
Memory Working Set Current = 125.82 Mb, Memory Working Set Peak = 125.82 Mb
Memory Private Bytes Current = 129.56 Mb, Memory Private Bytes Peak = 129.56 Mb
Process Threads Number: 26
-----------------------------------------------------------------------
Cleaning memory...
-----------------------------------------------------------------------
Start to free mesher data...
MMP (msh): locals=18, allc_sz=9.67 MB, used_sz=8.79 MB, blks-min-max=1/27
MMP (brx): locals=20, allc_sz=10.19 MB, used_sz=9.17 MB, blks-min-max=3/16
MMP (bcf): locals=20, allc_sz=31.72 MB, used_sz=30.38 MB, blks-min-max=7/36
MMP (xsl): locals=20, allc_sz=0.41 MB, used_sz=0.15 MB, blks-min-max=1/5
Free xsl...            OK	Time=0.000 s
Free ray collector...  OK	Time=0.000 s
Free ray intersector...OK	Time=0.000 s
Free body sets...      OK	Time=0.003 s
Free Geometry DB takes 0.000 s
Free mesh conn...      OK	Time=0.000 s
Free geomsd...         OK	Time=0.000 s
Free mbricks...        OK	Time=0.001 s
Free hash info...      OK	Time=0.000 s
Free bricks-x...       OK	Time=0.000 s
Free bcf...            OK	Time=0.002 s
Free mesh h...         OK	Time=0.000 s
Free bricks arr..      OK	Time=0.000 s
Free bricks tree...    OK	Time=0.000 s
Free mesh pools...     OK	Time=0.004 s
Free bodies mapper...  OK	Time=0.000 s
Free geom crits...     OK	Time=0.000 s
Free cpt regions...    OK	Time=0.000 s
Free peculiar surfs... OK	Time=0.000 s
Free sw-geometries...  OK	Time=0.000 s
Total free mesher data time: 0.013 s
-----------------------------------------------------------------------
Copying... OK
CPT size=2.402 MB (2518640 bytes).
Mesh generation normally finished at	21.3.2025	17:15:16
Mesher CPU = 0 sec
Mesher is finished at	21.3.2025	17:15:16
-----------------------------------------------------------------------
Memory Working Set Current = 39.52 Mb, Memory Working Set Peak = 125.82 Mb
Memory Private Bytes Current = 41.40 Mb, Memory Private Bytes Peak = 129.59 Mb
Process Threads Number: 26
-----------------------------------------------------------------------
Algebra Pool      : mem_usage = 2.06 Mb, allocated count = 0
-----------------------------------------------------------------------
Memory Working Set Current = 37.57 Mb, Memory Working Set Peak = 125.82 Mb
Memory Private Bytes Current = 39.40 Mb, Memory Private Bytes Peak = 129.59 Mb
Process Threads Number: 26
Process Threads Number Peak: 26
-----------------------------------------------------------------------
Log ended at 21.03.2025	17:15:16
