Log started at 15.12.2024	18:40:53
Number of used processors (NPROC): 6.
Number of mesh partitions (NPART): 6.
Total Physical Memory = 31.91 Gb, Available Physical Memory = 18.66 Gb
Computer name:	DESKTOP-C408A46
Operating system:	Windows 11 (or higher) (Version 10.0.22631)

Commandline:	"C:\Program Files\SOLIDWORKS Corp\SOLIDWORKS Flow Simulation\BINCFW\efdsolver.exe" /config:"C:\Users\juded\OneDrive\Desktop\Car shit\30\30.xmlconfig" /guid:56a6de5c-7c47-4dce-83b0-d390bea0bca4 /processors:max /m /s /prjnamelm:"Flow Simulation 2023" /prjnamehabout:"Flow Simulation 2023" /companyname:"COSMOS Applications" /prjaliasid:1009 /lang:English /port:46991

SOLIDWORKS 2023 SP2.1
Flow Simulation 2023  x64 / 5965

Project: C:\Users\juded\OneDrive\Desktop\Car shit\30\30.xmlconfig
Configuration name: Default
Project name: Project(1)
Problem type: external-with-void-internal-space-type
Exclude cavities without flow conditions: ON
NGK: OFF
MBO: OFF
-----------------------------------------------------------------------
Mesher option run = eRunMesherNormal
-----------------------------------------------------------------------

Mesh generation started:	15.12.2024	18:40:53
-----------------------------------------------------------------------
Memory Working Set Current = 15.45 Mb, Memory Working Set Peak = 15.45 Mb
Memory Private Bytes Current = 15.95 Mb, Memory Private Bytes Peak = 15.95 Mb
Process Threads Number: 7
-----------------------------------------------------------------------
Mesher adjust APD = OFF; AdjustAPD_method=0; N_per_Channel = 0; N2_per_Channel = 0
Current CPU = 0 sec
-----------------------------------------------------------------------
Geometries initialization:
-----------------------------------------------------------------------
Loading mesh settings (global/local)...
-----------------------------------------------------------------------
Number of geometries from DB: 1
Geometry(0):
	Guid = {00000000-0000-0000-0000-000000000000}
	Fluid..
	1 Body.
	1 Real body.
	-- Bodyset 0 --
		Tolerance=0.000242188.
		33 Face(s).
			33 of b-spline type.
		0 Face(s) that have no ref faces
		13 Plane surface(s).
		20 B- surface(s).
		78126 Triangle(s).
		Getting triangle connectivities from DB: 0.007 s
		87 Edge(s).
			87 of b-spline type.
		BodyGeom reading: 0.037 s.
		78126 Reference Triangles.
		Getting triangle connectivities from DB (Ref): 0.007 s
		BodyGeom Ref reading: 0.012 s.
Geometry(1):
	Solid.
	-- Bodyset 1 --
	Empty
-----------------------------------------------------------------------
Number of geometries in task: 2
	G : 0	Type: Fluid
	G : 1	Type: Solid
Number of bodysets   in task: 2
-----------------------------------------------------------------------
BodySet (0):
	Making hash and connectivity for Bodyset ...
		CBodyGeom:
		Hash size: {44, 384, 32}.
		Mesh size: {44, 96, 32}.
		Hashing triangles...Ok.
			axis(0) tr sizes: average=38 max=524
			axis(1) tr sizes: average=154 max=879
			axis(2) tr sizes: average=19 max=221
		Number of t-connected sets:1 (cavity=0)
		CBodyGeomRef:
		Hashing triangles...Ok.
			axis(0) tr sizes: average=77 max=950
			axis(1) tr sizes: average=148 max=847
			axis(2) tr sizes: average=39 max=339
	0.0942 s.
Geometries reading and preparing has taken 0.169 s.
-----------------------------------------------------------------------
Mapped triangles:
Hashing rough geometry(bodies) triangulation:
BodySet (0):
	Triangles num=78126
	Triangles box={-0.910101 ,0.913452 ,-5 ,0 ,0.06731 ,0.550589}
		3d-hash size is 1025180 bytes
BodySet (1):
no log info (empty stream)

Mapped triangles processed in 0.079 s.
-----------------------------------------------------------------------
-----------------------------------------------------------------------
Getting sectors:
Number of sectors: 0
-----------------------------------------------------------------------
-----------------------------------------------------------------------
Bodies:     2
Faces:      33
Edges:      87
Triangles:  78126
-----------------------------------------------------------------------

Current CPU = 0 sec
-----------------------------------------------------------------------
Memory Working Set Current = 69.89 Mb, Memory Working Set Peak = 86.47 Mb
Memory Private Bytes Current = 69.26 Mb, Memory Private Bytes Peak = 85.88 Mb
Process Threads Number: 12
-----------------------------------------------------------------------
-----------------------------------------------------------------------
Checking faces on CD...
FCD = [0 0 0 0 0 0]
FCD_conflicts = 0
Time (check faces on CD)=0.001 s
-----------------------------------------------------------------------

-----------------------------------------------------------------------
Mesh dimensions:
				I[0 ]=44
				I[1 ]=96
				I[2 ]=32

Comp. domain size:
				a[0  ]=-2.3638
				a[1  ]=2.3676
				a[2  ]=-7.42193
				a[3  ]=3.36137
				a[4  ]=-1.38682
				a[5  ]=2.00382

Fluid calculated			1
Solid calculated			0
-----------------------------------------------------------------------
MESH Build started...
-----------------------------------------------------------------------
Mesh LEVEL = 1
-----------------------------------------------------------------------
-----------------------------------------------------------------------
CPT-mode xeps:
	D / dh / eps [axis=0] = (4.7314, 0.0447154, 4.47154e-05)
	D / dh / eps [axis=1] = (10.7833, 0.0461294, 4.61294e-05)
	D / dh / eps [axis=2] = (3.39064, 0.0395571, 3.95571e-05)
-----------------------------------------------------------------------
Initial allocation and brick-body-box intersection...OK (0.002 s)
Initial triangle brick intersection...OK (0.003 s)
Setting regions (135168 / 135168)...OK (0.003 s)
-----------------------------------------------------------------------
Base mesh info:
	3D task
	Nx=44
	Ny=96
	Nz=32
	N(Nx*Ny*Nz) = 4224
	Period    axis=[0, 0, 0]
	Symmetry  ni=[0 0 0 0 0 0]
	ZoomingBC ni=[0 0 0 0 0 0]
	Nx=44
		x[0]=-2.3638
		x[1]=-2.20545
		x[2]=-2.05473
		x[3]=-1.91123
		x[4]=-1.77459
		x[5]=-1.64449
		x[6]=-1.52061
		x[7]=-1.40267
		x[8]=-1.29036
		x[9]=-1.18344
		x[10]=-1.08163
		x[11]=-0.984687
		x[12]=-0.892387
		x[13]=-0.802956
		x[14]=-0.713525
		x[15]=-0.624093
		x[16]=-0.534661
		x[17]=-0.445229
		x[18]=-0.355798
		x[19]=-0.266366
		x[20]=-0.176934
		x[21]=-0.0875023
		x[22]=0.00192945
		x[23]=0.0913612
		x[24]=0.180793
		x[25]=0.270225
		x[26]=0.359656
		x[27]=0.449088
		x[28]=0.53852
		x[29]=0.627952
		x[30]=0.717384
		x[31]=0.806815
		x[32]=0.896247
		x[33]=0.988555
		x[34]=1.0855
		x[35]=1.18732
		x[36]=1.29425
		x[37]=1.40656
		x[38]=1.52451
		x[39]=1.64839
		x[40]=1.77849
		x[41]=1.91514
		x[42]=2.05864
		x[43]=2.20936
		x[44]=2.3676
	Ny=96
		y[0]=-7.42193
		y[1]=-7.26708
		y[2]=-7.11939
		y[3]=-6.97848
		y[4]=-6.84405
		y[5]=-6.7158
		y[6]=-6.59345
		y[7]=-6.47672
		y[8]=-6.36535
		y[9]=-6.2591
		y[10]=-6.15774
		y[11]=-6.06104
		y[12]=-5.96878
		y[13]=-5.87242
		y[14]=-5.77607
		y[15]=-5.67971
		y[16]=-5.58336
		y[17]=-5.487
		y[18]=-5.39064
		y[19]=-5.29429
		y[20]=-5.19793
		y[21]=-5.10158
		y[22]=-5.00522
		y[23]=-4.90887
		y[24]=-4.81251
		y[25]=-4.71615
		y[26]=-4.6198
		y[27]=-4.52344
		y[28]=-4.42709
		y[29]=-4.33073
		y[30]=-4.23438
		y[31]=-4.13802
		y[32]=-4.04166
		y[33]=-3.94531
		y[34]=-3.84895
		y[35]=-3.7526
		y[36]=-3.65624
		y[37]=-3.55989
		y[38]=-3.46353
		y[39]=-3.36717
		y[40]=-3.27082
		y[41]=-3.17446
		y[42]=-3.07811
		y[43]=-2.98175
		y[44]=-2.8854
		y[45]=-2.78904
		y[46]=-2.69269
		y[47]=-2.59633
		y[48]=-2.49997
		y[49]=-2.40379
		y[50]=-2.30761
		y[51]=-2.21143
		y[52]=-2.11524
		y[53]=-2.01906
		y[54]=-1.92288
		y[55]=-1.8267
		y[56]=-1.73051
		y[57]=-1.63433
		y[58]=-1.53815
		y[59]=-1.44197
		y[60]=-1.34578
		y[61]=-1.2496
		y[62]=-1.15342
		y[63]=-1.05724
		y[64]=-0.961055
		y[65]=-0.864873
		y[66]=-0.76869
		y[67]=-0.672508
		y[68]=-0.576325
		y[69]=-0.480143
		y[70]=-0.383961
		y[71]=-0.287778
		y[72]=-0.191596
		y[73]=-0.0954133
		y[74]=0.000769101
		y[75]=0.0969515
		y[76]=0.189801
		y[77]=0.287164
		y[78]=0.389257
		y[79]=0.49631
		y[80]=0.608564
		y[81]=0.726272
		y[82]=0.849699
		y[83]=0.979122
		y[84]=1.11483
		y[85]=1.25714
		y[86]=1.40636
		y[87]=1.56282
		y[88]=1.72689
		y[89]=1.89893
		y[90]=2.07933
		y[91]=2.2685
		y[92]=2.46685
		y[93]=2.67484
		y[94]=2.89294
		y[95]=3.12163
		y[96]=3.36137
	Nz=32
		z[0]=-1.38682
		z[1]=-1.23827
		z[2]=-1.09696
		z[3]=-0.96249
		z[4]=-0.834538
		z[5]=-0.712787
		z[6]=-0.596937
		z[7]=-0.4867
		z[8]=-0.381805
		z[9]=-0.281994
		z[10]=-0.187019
		z[11]=-0.0966473
		z[12]=-0.0106547
		z[13]=0.0711706
		z[14]=0.150285
		z[15]=0.2294
		z[16]=0.308515
		z[17]=0.38763
		z[18]=0.466744
		z[19]=0.545859
		z[20]=0.627679
		z[21]=0.713666
		z[22]=0.804034
		z[23]=0.899006
		z[24]=0.998816
		z[25]=1.10371
		z[26]=1.21395
		z[27]=1.3298
		z[28]=1.45156
		z[29]=1.57952
		z[30]=1.71399
		z[31]=1.85532
		z[32]=2.00382
-----------------------------------------------------------------------
Input_mesh_settings--------------------------------
Settings 0----------------
	Scope: GLOBAL
	Type:	------MESHER_SETTINGS----------
	RefAllCells           =0
	RefFluidCells         =0
	RefPartCells          =0
	RefSolidCells         =0
	l_SSFR(Capture crit)  =1
	l_curv(Curvature crit)=0
	l_tol(Tolerance crit) =0
	UseChannelRef         =1
	  NCR_method          =0
	  l_NCR               =1
	  N_gap               =5
	  Use d_NCR_min       =0
	  Use d_NCR_max       =0
	CloseThinSlotsHeight         =0
	--END_OF_MESHER_SETTINGS-------
End of input mesh settings-------------------------
-----------------------------------------------------------------------
Memory Working Set Current = 103.04 Mb, Memory Working Set Peak = 103.04 Mb
Memory Private Bytes Current = 107.59 Mb, Memory Private Bytes Peak = 107.59 Mb
Process Threads Number: 12
-----------------------------------------------------------------------
MMP (msh): locals=1, allc_sz=19.50 MB, used_sz=16.50 MB, blks-min-max=31/31
MMP (brx): locals=6, allc_sz=17.65 MB, used_sz=15.54 MB, blks-min-max=11/22
MMP (bcf): locals=0, allc_sz=0.00 MB, used_sz=0.00 MB, blks-min-max=0/0
MMP (xsl): locals=0, allc_sz=0.00 MB, used_sz=0.00 MB, blks-min-max=0/0
NxNyNz = [44, 96, 32]
base_dx=0.108605; 
NxNyNz_reverse = [44, 99, 31]

-----------------------------------------------------------------------
Refining geometries:
-----------------------------------------------------------------------

-----------------------------------------------------------------------
Refining by triangulation...
Refinement input: 135168 bricks
	Checking crit (135168 / 135168)...52 marked (0.040 s)
	Time(refinement): 0.000 s
Setting regions (416 / 135532)...OK (0.001 s)
	Checking crit (0 / 135532)...0 marked (0.001 s)
Refinement result (1 iterations): 135532 bricks (0.051 s)
Refinement input: 135532 bricks
	Checking crit (135116 / 135532)...0 marked (0.004 s)
Refinement result (0 iterations): 135532 bricks (0.005 s)
Collecting and processing rays:
	Adding rays...OK (0.014 s)
	new bricks = 135532 / 135532
	new rays   = 9452 (x=3260, y=1614, z=4578)
	Processing rays...
		Rays process:  0.134 (0.134) s
		Sort xstacks:  0.000 (0.000) s
		Put xstacks:   0.001 (0.001) s
		Total:         0.135 s
	Correcting rays...
		Lame vertices: 0.008 (0.008) s
		Bad rays:      0.000 (0.000) s
		Emit rays:     0.000 (0.000) s
		Correct ray f: 0.000 (0.000) s
		Undef:         0.000 (0.000) s
		Sum:           0.008 (0.008) s
		Total:         0.009 s
	Time (rays): 0.160 s
Capturing (135532 / 135532)...OK (0.005 s)
Refining by triangulation takes 0.221 s
-----------------------------------------------------------------------

-----------------------------------------------------------------------
Refining peculiar surfaces...
Collecting and processing rays:
	Adding rays...OK (0.001 s)
	new bricks = 0 / 135532
	new rays   = 0 (x=0, y=0, z=0)
	Processing rays...
		Rays process:  0.000 (0.000) s
		Sort xstacks:  0.000 (0.000) s
		Put xstacks:   0.000 (0.000) s
		Total:         0.000 s
	Correcting rays...
		Total:         0.000 s
	Time (rays): 0.001 s
Capturing (0 / 135532)...OK (0.001 s)
0 surfaces refined
Refining peculiar surfaces takes 0.003 s
-----------------------------------------------------------------------

-----------------------------------------------------------------------
Base mesh 1 Refining...
Collecting and processing rays:
	Adding rays...OK (0.001 s)
	new bricks = 0 / 135532
	new rays   = 0 (x=0, y=0, z=0)
	Processing rays...
		Rays process:  0.000 (0.000) s
		Sort xstacks:  0.000 (0.000) s
		Put xstacks:   0.000 (0.000) s
		Total:         0.001 s
	Correcting rays...
		Total:         0.000 s
	Time (rays): 0.002 s
Capturing (0 / 135532)...OK (0.001 s)
Refinement input: 135532 bricks
	Checking crit (135116 / 135532)...0 marked (0.002 s)
Refinement result (0 iterations): 135532 bricks (0.003 s)
-----------------------------------------------------------------------
Refining channels...
FYI: CNarrowChannelRefiner::RefineChannels_PRLL
Refinement input: 135532 bricks
	Time(refinement): 0.001 s
Setting regions (96 / 135616)...OK (0.003 s)
Refinement result (1 iterations): 135616 bricks (0.016 s)
Collecting and processing rays:
	Adding rays...OK (0.002 s)
	new bricks = 96 / 135616
	new rays   = 64 (x=22, y=18, z=24)
	Processing rays...
		Rays process:  0.006 (0.006) s
		Sort xstacks:  0.000 (0.000) s
		Put xstacks:   0.000 (0.000) s
		Total:         0.006 s
	Correcting rays...
		Lame vertices: 0.001 (0.001) s
		Bad rays:      0.000 (0.000) s
		Emit rays:     0.000 (0.000) s
		Correct ray f: 0.000 (0.000) s
		Undef:         0.000 (0.000) s
		Sum:           0.001 (0.001) s
		Total:         0.001 s
	Time (rays): 0.011 s
Capturing (96 / 135616)...OK (0.001 s)
FYI: m_iteration_count = 0
FYI: level1 statistics:
     level1_cnt_plus[1]=96;		level1_cnt_minus[1]=0
     level1_cnt_plus[2]=0;		level1_cnt_minus[2]=0
     level1_cnt_plus[3]=0;		level1_cnt_minus[3]=0
     level1_cnt_plus[4]=0;		level1_cnt_minus[4]=0
     level1_cnt_plus[5]=0;		level1_cnt_minus[5]=0
     level1_cnt_plus[6]=0;		level1_cnt_minus[6]=0
     level1_cnt_plus[7]=0;		level1_cnt_minus[7]=0
     level1_cnt_plus[8]=0;		level1_cnt_minus[8]=0
     level1_cnt_plus[9]=0;		level1_cnt_minus[9]=0
Refinement input: 135616 bricks
	Time(refinement): 0.000 s
Setting regions (24 / 135637)...OK (0.002 s)
Refinement result (1 iterations): 135637 bricks (0.012 s)
Collecting and processing rays:
	Adding rays...OK (0.001 s)
	new bricks = 24 / 135637
	new rays   = 17 (x=7, y=0, z=10)
	Processing rays...
		Rays process:  0.000 (0.000) s
		Sort xstacks:  0.000 (0.000) s
		Put xstacks:   0.000 (0.000) s
		Total:         0.000 s
	Correcting rays...
		Lame vertices: 0.001 (0.001) s
		Bad rays:      0.000 (0.000) s
		Emit rays:     0.000 (0.000) s
		Correct ray f: 0.000 (0.000) s
		Undef:         0.000 (0.000) s
		Sum:           0.001 (0.001) s
		Total:         0.001 s
	Time (rays): 0.003 s
Capturing (24 / 135637)...OK (0.002 s)
FYI: m_iteration_count = 1
FYI: level1 statistics:
     level1_cnt_plus[1]=120;		level1_cnt_minus[1]=0
     level1_cnt_plus[2]=0;		level1_cnt_minus[2]=0
     level1_cnt_plus[3]=0;		level1_cnt_minus[3]=0
     level1_cnt_plus[4]=0;		level1_cnt_minus[4]=0
     level1_cnt_plus[5]=0;		level1_cnt_minus[5]=0
     level1_cnt_plus[6]=0;		level1_cnt_minus[6]=0
     level1_cnt_plus[7]=0;		level1_cnt_minus[7]=0
     level1_cnt_plus[8]=0;		level1_cnt_minus[8]=0
     level1_cnt_plus[9]=0;		level1_cnt_minus[9]=0
FYI: m_iteration_count = 2
FYI: level1 statistics:
     level1_cnt_plus[1]=120;		level1_cnt_minus[1]=0
     level1_cnt_plus[2]=0;		level1_cnt_minus[2]=0
     level1_cnt_plus[3]=0;		level1_cnt_minus[3]=0
     level1_cnt_plus[4]=0;		level1_cnt_minus[4]=0
     level1_cnt_plus[5]=0;		level1_cnt_minus[5]=0
     level1_cnt_plus[6]=0;		level1_cnt_minus[6]=0
     level1_cnt_plus[7]=0;		level1_cnt_minus[7]=0
     level1_cnt_plus[8]=0;		level1_cnt_minus[8]=0
     level1_cnt_plus[9]=0;		level1_cnt_minus[9]=0
FYI: level1 statistics:
     level1_cnt_plus[1]=120;		level1_cnt_minus[1]=0
     level1_cnt_plus[2]=0;		level1_cnt_minus[2]=0
     level1_cnt_plus[3]=0;		level1_cnt_minus[3]=0
     level1_cnt_plus[4]=0;		level1_cnt_minus[4]=0
     level1_cnt_plus[5]=0;		level1_cnt_minus[5]=0
     level1_cnt_plus[6]=0;		level1_cnt_minus[6]=0
     level1_cnt_plus[7]=0;		level1_cnt_minus[7]=0
     level1_cnt_plus[8]=0;		level1_cnt_minus[8]=0
     level1_cnt_plus[9]=0;		level1_cnt_minus[9]=0

-----------------------------------------------------------------------
U-shapes refinement...
Refinement input: 135637 bricks
	Checking crit (135101 / 135637)...8 marked (0.008 s)
	Time(refinement): 0.000 s
Setting regions (64 / 135693)...OK (0.001 s)
	Checking crit (0 / 135693)...0 marked (0.001 s)
Refinement result (1 iterations): 135693 bricks (0.019 s)
Collecting and processing rays:
	Adding rays...OK (0.001 s)
	new bricks = 64 / 135693
	new rays   = 52 (x=16, y=18, z=18)
	Processing rays...
		Rays process:  0.000 (0.000) s
		Sort xstacks:  0.000 (0.000) s
		Put xstacks:   0.000 (0.000) s
		Total:         0.000 s
	Correcting rays...
		Lame vertices: 0.000 (0.000) s
		Bad rays:      0.000 (0.000) s
		Emit rays:     0.000 (0.000) s
		Correct ray f: 0.000 (0.000) s
		Undef:         0.000 (0.000) s
		Sum:           0.000 (0.000) s
		Total:         0.001 s
	Time (rays): 0.002 s
Capturing (64 / 135693)...OK (0.001 s)
-----------------------------------------------------------------------

-----------------------------------------------------------------------
Equi Distant Refiner:
Equi Distant Refiner takes 0.00 s
-----------------------------------------------------------------------

/-Ray Intersection---------------/ Time	0.774 s
Calls                9585
CorrectRay Calls     0



-----------------------------------------------------------------------
Refining geometries takes 0.462 s
-----------------------------------------------------------------------
-----------------------------------------------------------------------
Memory Working Set Current = 111.22 Mb, Memory Working Set Peak = 111.22 Mb
Memory Private Bytes Current = 115.70 Mb, Memory Private Bytes Peak = 115.73 Mb
Process Threads Number: 12
-----------------------------------------------------------------------
Defect ray count	0
FYI: CNarrowChannelRefiner::RedistributeLevel1_step_1: is started
FYI: CNarrowChannelRefiner::RedistributeLevel1_step_1: is finished (0.002 s)
FYI: level1 statistics:
     level1_cnt_plus[1]=120;		level1_cnt_minus[1]=0
     level1_cnt_plus[2]=0;		level1_cnt_minus[2]=0
     level1_cnt_plus[3]=0;		level1_cnt_minus[3]=0
     level1_cnt_plus[4]=0;		level1_cnt_minus[4]=0
     level1_cnt_plus[5]=0;		level1_cnt_minus[5]=0
     level1_cnt_plus[6]=0;		level1_cnt_minus[6]=0
     level1_cnt_plus[7]=0;		level1_cnt_minus[7]=0
     level1_cnt_plus[8]=0;		level1_cnt_minus[8]=0
     level1_cnt_plus[9]=0;		level1_cnt_minus[9]=0
FYI: CNarrowChannelRefiner::RedistributeLevel1_step_2: is started
FYI: CNarrowChannelRefiner::RedistributeLevel1_step_2: is finished (0.039 s)
FYI: level1 statistics:
     level1_cnt_plus[1]=122;		level1_cnt_minus[1]=0
     level1_cnt_plus[2]=0;		level1_cnt_minus[2]=0
     level1_cnt_plus[3]=0;		level1_cnt_minus[3]=0
     level1_cnt_plus[4]=0;		level1_cnt_minus[4]=0
     level1_cnt_plus[5]=0;		level1_cnt_minus[5]=0
     level1_cnt_plus[6]=0;		level1_cnt_minus[6]=0
     level1_cnt_plus[7]=0;		level1_cnt_minus[7]=0
     level1_cnt_plus[8]=0;		level1_cnt_minus[8]=0
     level1_cnt_plus[9]=0;		level1_cnt_minus[9]=0
FYI: CNarrowChannelRefiner::RedistributeLevel1_step_3: is started
FYI: CNarrowChannelRefiner::RedistributeLevel1_step_3: is finished (0.009 s)
RedistributeLevel1 takes:
FYI: level1 statistics:
     level1_cnt_plus[1]=122;		level1_cnt_minus[1]=75
     level1_cnt_plus[2]=0;		level1_cnt_minus[2]=0
     level1_cnt_plus[3]=0;		level1_cnt_minus[3]=0
     level1_cnt_plus[4]=0;		level1_cnt_minus[4]=0
     level1_cnt_plus[5]=0;		level1_cnt_minus[5]=0
     level1_cnt_plus[6]=0;		level1_cnt_minus[6]=0
     level1_cnt_plus[7]=0;		level1_cnt_minus[7]=0
     level1_cnt_plus[8]=0;		level1_cnt_minus[8]=0
     level1_cnt_plus[9]=0;		level1_cnt_minus[9]=0
-----------------------------------------------------------------------
MSH format builder (Iteration 0)
-----------------------------------------------------------------------
Memory Working Set Current = 115.26 Mb, Memory Working Set Peak = 115.26 Mb
Memory Private Bytes Current = 119.89 Mb, Memory Private Bytes Peak = 119.89 Mb
Process Threads Number: 12
-----------------------------------------------------------------------
Total bricks count: 135693
-----------------------------------------------------------------------
MSH (Real Geometry) format constructor:
	Geom    Count = 2
	Bodyset Count = 2
	3D task
	Getting brick sets...OK (0.004 s)

	Min x-stack xeps = 0.00324393
	D / dh / eps [axis=0] = (4.7314, 0.0447154, 4.47154e-05)
	D / dh / eps [axis=1] = (10.7833, 0.0480912, 4.80912e-05)
	D / dh / eps [axis=2] = (3.39064, 0.0395571, 3.95571e-05)
	Time (xeps): 0.001 s
Level 1
	Set (0)  size: 300
	Set (0)  time: 0.011 s
	Set (1)  size: 300
	Set (1)  time: 0.018 s
Level 0
	Set (0)  size: 67546
	Set (0)  time: 0.041 s
	Set (1)  size: 67547
	Set (1)  time: 0.042 s

	Spread npq bricks...0 marked (0.001 s)

Result:
	Bricks number:                        135693

	Memory usage:                         2.819 MB
	Memory usage (per brick):             0.021 KB
	Construction time:                    0.120 s

	Topology features:
	------------------
	- High quality bricks                  100.00 % (135687)
	- Medium quality bricks                  0.00 % (6)
	- Bad quality bricks                     0.00 % (0)
	- NPQ bricks                             0.00 % (6)
	- Type-1 bricks                          2.12 % (2877)
	- Ribs corrected bricks                  0.00 % (0)
	- Points with geom-info (bricks)         0.01 % (9)
	- Points with closest-info (bricks)      0.00 % (0)
	- Triangulated by center (bricks)        0.00 % (6)
	- Facet w-faces mergings (bricks)        0.00 % (0)
	- To refine (bricks)                     0.00 % (0)
	- Points-count                           0.00 % (0)
	- T-self-intersection-all (bricks)       0.00 % (0)
	- T-self-intersection-simple (bricks)    0.00 % (0)
	- T-self-intersection-complex (bricks)   0.00 % (0)
	- NPQ by reason 1 u-shape                0.00 % (0)
	- NPQ by reason 2 tri-by-ctr             0.00 % (0)
	- NPQ by reason 3 ray-correction         0.00 % (0)
	- NPQ by reason 4 t-self-intersection    0.00 % (0)
	- NPQ by reason 5 non-good               0.00 % (6)
	- NPQ by reason 6 npq-worker             0.00 % (0)

-----------------------------------------------------------------------
Memory Working Set Current = 125.52 Mb, Memory Working Set Peak = 125.52 Mb
Memory Private Bytes Current = 129.32 Mb, Memory Private Bytes Peak = 129.32 Mb
Process Threads Number: 12
-----------------------------------------------------------------------
-----------------------------------------------------------------------
msh-iterations: 1
-----------------------------------------------------------------------
high---q-brick-count = 100.00 % (135693 135687)
medium-q-brick-count =   0.00 % (135693 6)
bad----q-brick-count =   0.00 % (135693 0)
np-----q-brick-count =   0.00 % (135693 6)
-----------------------------------------------------------------------
Free brick parser storage...OK(0.001 s)
-----------------------------------------------------------------------
Memory Working Set Current = 125.57 Mb, Memory Working Set Peak = 125.57 Mb
Memory Private Bytes Current = 129.32 Mb, Memory Private Bytes Peak = 129.32 Mb
Process Threads Number: 12
-----------------------------------------------------------------------
-----------------------------------------------------------------------
MSH --> BCF format (Iteration 0)...
BCF collector...(remove mode=0)
	Time (alloc counter per brick): 0.003 s
	Brick    count: 135693
	Av.f all count: 134674
	Av.s all count: 3995
	Av.f pid count: 2976
	Av.s pid count: 2877
	Faces fs count: 6265
	Faces ff count: 0
	Faces ss count: 0
	Faces bb count: 0
	Faces fe count: 17408
	Faces se count: 0
	Faces fw count: 23673
	Faces af count: 394427
	Faces as count: 10453
	Time (all count): 	0.008 s
	Time (bcf alloc): 	0.001 s
	Time (shifts alloc): 	0.005 s
	Time (shifts init): 	0.005 s
	Time (bcf fill): 	0.013 s
	Time (add av to faces): 0.001 s
	Time (add faces to av): 0.007 s
Time (bcf collect): 		0.044 s
	AV checker...
		Hole marker...
			Subdomains:               1.
			Subdomains (cond):        1.
			Time (sd):      0.018 s.
			Time (sd_cond): 0.018 s.
			Time (potential-hole marking): 	0.002 s
			Time (hole checking): 0.000 s.
			0 av(s) are marked to fill subdomain holes.
		Time (hole marker): 0.041 s.
	Time (check av): 	0.070 s
	Subdomain checker...
		Subdomains construction time: 0.018 s.
		Subdomains sort time: 0.000 s.
			Subdomain 0 (geom_ind=0): 134674 av
			Subdomain 1 (geom_ind=1): 3995 av
		gi: 0, real bodies: 1
		gi: 0, subdomains:  1
		gi: 1, real bodies: 0
		gi: 1, subdomains:  1
		Defect subdomains: 0
	Time (check subdoms): 	0.020 s
Time (bcf iteration total): 	0.136 s
	Time (fw-nb): 		0.001 s
	Fixed mutual fw-nb:     4007 (bb: 0)
	Time (fw-nb mutual): 	0.002 s
	Time (fw-nb sort): 	0.000 s
	Fw-opt BEFORE total:    23673 (fs=6265, ff=0, ss=0)
	Fw-opt AFTER  total:    21100 (fs=3692, ff=0, ss=0, failed fw/br=80/0, big_curv=4, big_poly=0)
	Fw-opt RESULT:          2573 (res/(fs+ff+ss) = 41.07 %)
	Time (fw-opt): 		0.003 s
	Time (fw-re-order): 	0.002 s
	Time (fw-nb): 		0.006 s
	Fixed mutual fw-nb:     42197 (bb: 0)
	Time (fw-nb mutual): 	0.003 s
	Time (fw-nb sort): 	0.001 s
	Time (rfd fix): 	0.000 s
	Time (av convexity): 	0.002 s
	Time (av small volume): 0.001 s
	Time (diagonal fw-nb): 	0.019 s
	Fixed mutual fw-nb:     0 (bb: 0)
	Time (fw-nb mutual): 	0.002 s
	Time (fw-nb sort): 	0.001 s
	Fluid subdomains: 1
	Faces fw-nb diff sd:    0
	Time (fw-nb diff sd): 	0.024 s
Time (bcf calc): 		0.075 s
-----------------------------------------------------------------------
Time (bcf total): 		0.211 s
-----------------------------------------------------------------------
bcf-iterations: 1
-----------------------------------------------------------------------
-----------------------------------------------------------------------
Mega-cv constructor for fluid...
	 0 av's is treated as thin
Relative size generator (threshold = 0.05)...
	Iteration 1 (small cluster count = 245)
	Iteration 2 (small cluster count = 118)
	Iteration 3 (small cluster count = 28)
	Iteration 4 (small cluster count = 6)
	Iteration 5 (small cluster count = 4)
	Iteration 6 (small cluster count = 3)
	Iteration 7 (small cluster count = 2)
	Iteration 8 (small cluster count = 1)
	Iteration 9 (small cluster count = 0)
	 231 mega-cv's generated
	 1 mega-cv's removed
Relative size generator is completed OK (0.010 s)
Apply fa-rules to mega-cv clusters fixes...
	Fa-rule violation fixes:        9 of        9 (total cluster# =      235)
OK (0.001 s)
There are 1 clusters with nbrs connected in more than one axis
Convert clusters:
	 229 mega-cv's total
Mega-cv count: 229
Time (mega-cv fill): 	0.001 s
Time (mega-cv total): 	0.037 s
-----------------------------------------------------------------------
Mixing plane rotation regions: NO.
Sliding mesh rotation regions: NO.
Fluid/fluid faces: NO.
-----------------------------------------------------------------------
Memory Working Set Current = 159.34 Mb, Memory Working Set Peak = 183.30 Mb
Memory Private Bytes Current = 175.52 Mb, Memory Private Bytes Peak = 190.96 Mb
Process Threads Number: 12
-----------------------------------------------------------------------
----------------------------------------------------------
BCF --> BCF.GEOMSUBDOM (bridge arrays):
MESH (0):
	Fluid Subdom Constructor: 1 subdom(s).
	Solid Subdom Constructor: 1 subdom(s).
	Net Asm Subdom Constructor: 0 subdom(s).
	GEOMSUBDOM (0): gi=0 Fluid av=134674 cv=134427 fa=394427 fb=0 fw=21100 V=1.716597e+02
	Cache data...OK
	GEOMSUBDOM (1): gi=1 Solid av=3995 cv=3995 fa=10453 fb=0 fw=3692 V=1.331099e+00
	Cache data...OK
	Setting nb of w-faces...OK (0.003 s).
	Correcting nb of w-faces...
	Time(correct_fw_nb)=0.006 s

MESH (0) checking:
	GEOMSUBDOM (0):fa_s=4630.8170170388784754 fb_s=0.0000000000000000 fw_s=226.1888213312203391 fw_nb=169446
	              :d_const(63204)=1.42428e-12 d_linear(66971)=1.39652e-12
	GEOMSUBDOM (1):fa_s=48.7718687803975541 fb_s=0.0000000000000000 fw_s=18.9391013841624698 fw_nb=30206
	              :d_const(2452)=9.13698e-12 d_linear(2419)=2.62024e-11
MESH (0) checking: OK.
Time (MDS): 	0.178 s
----------------------------------------------------------
-----------------------------------------------------------------------
Memory Working Set Current = 203.14 Mb, Memory Working Set Peak = 203.14 Mb
Memory Private Bytes Current = 217.68 Mb, Memory Private Bytes Peak = 217.68 Mb
Process Threads Number: 12
-----------------------------------------------------------------------

-----------------------------------------------------------------------
BCF CHECKSUM DATA (Mesh 0):

BRICK |Level1| Sum:               197
FACE_A Area Sum:   G.Fluid        4630.8170170388830229
FACE_A Area Sum:   G.Solid        48.7718687803975541
FACE_W Area Sum:                  226.1888213312203106
FACE_W Nb   Sum:                  169446
FACE_W min curvatures sum:        -880373.84136583
FACE_W max curvatures sum:        391275.15993280
AV Max Disbalance(Const) :        9.13698e-12 (cid=83036, t={22, 102, 38}, avid=138445, pid=2653)
AV Max Disbalance(Linear):        2.62024e-11 (cid=82791, t={60, 90, 38}, avid=138332, pid=2540)
-----------------------------------------------------------------------


-----------------------------------------------------------------------
MESHER TOPOLOGY DATA:

BRICKS: Total                 135693
BRICKS: Fluid                 134575
BRICKS: Fluid Partial         2877
BRICKS: Type 1                2877
BRICKS: Max AV number         3

AV:     G.Total               138669
AV:     G.Fluid               134674
AV:     G.Solid               3995

AV:     G.Fluid Thin Profile    0.00 % (0)
AV:     G.Solid Thin Profile    2.48 % (99)

AV:     G.Fluid Thin For Mega   0.00 % (0)
AV:     G.Solid Thin For Mega   2.48 % (99)

AV:     G.Fluid Non-Convex      0.96 % (1292)
AV:     G.Solid Non-Convex     28.59 % (1142)

AV:     G.Fluid Non-Ess-Convex      0.35 % (474)
AV:     G.Solid Non-Ess-Convex      4.48 % (179)

FACE_A: G.Fluid          (af) 394427 (partially opened 6037)
FACE_A: G.Solid          (as) 10453 (partially opened 5821)

FACE_B: G.Total          (b)  0

FACE_W: G.Total                 21100       Brick/Bound
FACE_W: G.Fluid/Solid    (fs_g) 3692        0           
FACE_W: G.Fluid/Fluid    (ff_g) 0           0           
FACE_W: G.Solid/Solid    (ss_g) 0           0           
FACE_W: G.Fluid/Void     (fv_g) 0           0           
FACE_W: G.Fluid/External (fe_g) 17408
FACE_W: G.Solid/External (se_g) 0

AV/CV max fa count (on brick side):5
AV/CV max fw count:                5
AV/CV max fb count:                0
AV/CV max fw poly count:           13

MEMORY: Total                   40.440 MB
MEMORY: Per Brick               0.305 KB
-----------------------------------------------------------------------

-----------------------------------------------------------------------
Connectivities information:
	Number of conns: 0
-----------------------------------------------------------------------
	Time (gap size): 	0.052 s
-----------------------------------------------------------------------
Memory Working Set Current = 202.19 Mb, Memory Working Set Peak = 203.14 Mb
Memory Private Bytes Current = 216.65 Mb, Memory Private Bytes Peak = 217.68 Mb
Process Threads Number: 12
-----------------------------------------------------------------------
-----------------------------------------------------------------------
Calculating curvature and tolerance criteria...
Curvature: min=0 (cid=0) max=3.14145 (cid=73636)
Tolerance: min=0 (cid=0) max=0.0565285 (cid=69610)
Calculating curvature and tolerance criteria takes 0.086 s
-----------------------------------------------------------------------
MESH Build(FS) finished. Time=1.295 s
-----------------------------------------------------------------------
Current CPU = 2 sec

Nx=44
Ny=96
Nz=32
Max BRICK Level=1
Mesh Level=1
-----------------CModelBodies2MeshMapper::CollectData started -------------------------------
	Time (collect mesh base data): 0.001 s.
	Time (collect model bodies mapping): 0.000 s.
	Time (collect positive bodies mapping): 0.000 s.
	Time (collect fluid bodies mapping): 0.000 s.
-----------------CModelBodies2MeshMapper Report -------------------------------
FluidDomains 1 SolidDomains 1 VoidDomains 0 
Domains RefIndexes
----------------- -------------------------------
	ModelBodies
Total resolved Bodies 0 BodySets 0

--------------------------------------------------------------------------
	Positive geometry Bodies
Total resolved Bodies 1 BodySets 1
BodySet 0
	Bodies list:
			#0	Name: ;	ID: 684e2460-a741-4bd4-9b1a-249a5bdc4400
	Domains list:mesh type	 (0, 1)		 0 


--------------------------------------------------------------------------
	Fluid regions
Total resolved Bodies 1 BodySets 1
BodySet 0	Material: Air; 
	Bodies list:
			#0	Name: ;	ID: 684e2460-a741-4bd4-9b1a-249a5bdc4400
	Domains list:mesh type	 (0, 1)		 0 


--------------------------------------------------------------------------
Collect data takes...0.003 s
-----------------CModelBodies2MeshMapper::CollectData finished successfully-------------------
Saving initial mesh in: C:\Users\juded\OneDrive\Desktop\Car shit\30\30.fld .
Storing results...
	Estimated CPT size=15.153 MB.
	Time (write bcf): 0.357 s
Storing results takes 0.370 s
-----------------------------------------------------------------------
Memory Working Set Current = 202.56 Mb, Memory Working Set Peak = 203.14 Mb
Memory Private Bytes Current = 216.79 Mb, Memory Private Bytes Peak = 217.68 Mb
Process Threads Number: 12
-----------------------------------------------------------------------
Cleaning memory...
-----------------------------------------------------------------------
Start to free mesher data...
MMP (msh): locals=5, allc_sz=19.62 MB, used_sz=16.58 MB, blks-min-max=1/31
MMP (brx): locals=6, allc_sz=20.21 MB, used_sz=18.39 MB, blks-min-max=13/23
MMP (bcf): locals=6, allc_sz=60.57 MB, used_sz=58.20 MB, blks-min-max=21/43
MMP (xsl): locals=6, allc_sz=0.21 MB, used_sz=0.15 MB, blks-min-max=2/2
Free xsl...            OK	Time=0.000 s
Free ray collector...  OK	Time=0.000 s
Free ray intersector...OK	Time=0.000 s
Free body sets...      OK	Time=0.013 s
Free Geometry DB takes 0.000 s
Free mesh conn...      OK	Time=0.000 s
Free geomsd...         OK	Time=0.000 s
Free mbricks...        OK	Time=0.002 s
Free hash info...      OK	Time=0.003 s
Free bricks-x...       OK	Time=0.001 s
Free bcf...            OK	Time=0.006 s
Free mesh h...         OK	Time=0.000 s
Free bricks arr..      OK	Time=0.000 s
Free bricks tree...    OK	Time=0.000 s
Free mesh pools...     OK	Time=0.012 s
Free bodies mapper...  OK	Time=0.000 s
Free geom crits...     OK	Time=0.000 s
Free cpt regions...    OK	Time=0.000 s
Free peculiar surfs... OK	Time=0.000 s
Free sw-geometries...  OK	Time=0.000 s
Total free mesher data time: 0.041 s
-----------------------------------------------------------------------
Copying... OK
CPT size=4.647 MB (4872484 bytes).
Mesh generation normally finished at	15.12.2024	18:40:55
Mesher CPU = 2 sec
Mesher is finished at	15.12.2024	18:40:55
-----------------------------------------------------------------------
Memory Working Set Current = 37.94 Mb, Memory Working Set Peak = 203.14 Mb
Memory Private Bytes Current = 44.66 Mb, Memory Private Bytes Peak = 217.68 Mb
Process Threads Number: 12
-----------------------------------------------------------------------
Algebra Pool      : mem_usage = 3.81 Mb, allocated count = 0
-----------------------------------------------------------------------
Memory Working Set Current = 34.29 Mb, Memory Working Set Peak = 203.14 Mb
Memory Private Bytes Current = 40.91 Mb, Memory Private Bytes Peak = 217.68 Mb
Process Threads Number: 12
Process Threads Number Peak: 12
-----------------------------------------------------------------------
Log ended at 15.12.2024	18:40:55
