Log started at 15.12.2024	15:22:37
Number of used processors (NPROC): 6.
Number of mesh partitions (NPART): 6.
Total Physical Memory = 31.91 Gb, Available Physical Memory = 16.55 Gb
Computer name:	DESKTOP-C408A46
Operating system:	Windows 11 (or higher) (Version 10.0.22631)

Commandline:	"C:\Program Files\SOLIDWORKS Corp\SOLIDWORKS Flow Simulation\BINCFW\efdsolver.exe" /config:"C:\Users\juded\OneDrive\Desktop\Car shit\29\29.xmlconfig" /guid:5e7415dc-2666-46ae-862e-c456ce938cab /processors:max /m /s /prjnamelm:"Flow Simulation 2023" /prjnamehabout:"Flow Simulation 2023" /companyname:"COSMOS Applications" /prjaliasid:1009 /lang:English /port:36672

SOLIDWORKS 2023 SP2.1
Flow Simulation 2023  x64 / 5965

Project: C:\Users\juded\OneDrive\Desktop\Car shit\29\29.xmlconfig
Configuration name: Default
Project name: Project(1)
Problem type: external-with-void-internal-space-type
Exclude cavities without flow conditions: ON
NGK: OFF
MBO: OFF
-----------------------------------------------------------------------
Mesher option run = eRunMesherNormal
-----------------------------------------------------------------------

Mesh generation started:	15.12.2024	15:22:37
-----------------------------------------------------------------------
Memory Working Set Current = 15.45 Mb, Memory Working Set Peak = 15.45 Mb
Memory Private Bytes Current = 15.95 Mb, Memory Private Bytes Peak = 15.95 Mb
Process Threads Number: 7
-----------------------------------------------------------------------
Mesher adjust APD = OFF; AdjustAPD_method=0; N_per_Channel = 0; N2_per_Channel = 0
Current CPU = 0 sec
-----------------------------------------------------------------------
Geometries initialization:
-----------------------------------------------------------------------
Loading mesh settings (global/local)...
-----------------------------------------------------------------------
Number of geometries from DB: 1
Geometry(0):
	Guid = {00000000-0000-0000-0000-000000000000}
	Fluid..
	1 Body.
	1 Real body.
	-- Bodyset 0 --
		Tolerance=0.000242188.
		25 Face(s).
			25 of b-spline type.
		0 Face(s) that have no ref faces
		11 Plane surface(s).
		14 B- surface(s).
		78292 Triangle(s).
		Getting triangle connectivities from DB: 0.008 s
		73 Edge(s).
			73 of b-spline type.
		BodyGeom reading: 0.039 s.
		78292 Reference Triangles.
		Getting triangle connectivities from DB (Ref): 0.007 s
		BodyGeom Ref reading: 0.013 s.
Geometry(1):
	Solid.
	-- Bodyset 1 --
	Empty
-----------------------------------------------------------------------
Number of geometries in task: 2
	G : 0	Type: Fluid
	G : 1	Type: Solid
Number of bodysets   in task: 2
-----------------------------------------------------------------------
BodySet (0):
	Making hash and connectivity for Bodyset ...
		CBodyGeom:
		Hash size: {44, 344, 32}.
		Mesh size: {44, 86, 32}.
		Hashing triangles...Ok.
			axis(0) tr sizes: average=40 max=660
			axis(1) tr sizes: average=154 max=913
			axis(2) tr sizes: average=20 max=287
		Number of t-connected sets:1 (cavity=0)
		CBodyGeomRef:
		Hashing triangles...Ok.
			axis(0) tr sizes: average=84 max=985
			axis(1) tr sizes: average=148 max=880
			axis(2) tr sizes: average=42 max=374
	0.0912 s.
Geometries reading and preparing has taken 0.170 s.
-----------------------------------------------------------------------
Mapped triangles:
Hashing rough geometry(bodies) triangulation:
BodySet (0):
	Triangles num=78292
	Triangles box={-0.910101 ,0.913452 ,-5 ,0 ,0.06731 ,0.550589}
		3d-hash size is 969096 bytes
BodySet (1):
no log info (empty stream)

Mapped triangles processed in 0.074 s.
-----------------------------------------------------------------------
-----------------------------------------------------------------------
Getting sectors:
Number of sectors: 0
-----------------------------------------------------------------------
-----------------------------------------------------------------------
Bodies:     2
Faces:      25
Edges:      73
Triangles:  78292
-----------------------------------------------------------------------

Current CPU = 1 sec
-----------------------------------------------------------------------
Memory Working Set Current = 70.52 Mb, Memory Working Set Peak = 85.97 Mb
Memory Private Bytes Current = 70.77 Mb, Memory Private Bytes Peak = 85.42 Mb
Process Threads Number: 12
-----------------------------------------------------------------------
-----------------------------------------------------------------------
Checking faces on CD...
FCD = [0 0 0 0 0 0]
FCD_conflicts = 0
Time (check faces on CD)=0.000 s
-----------------------------------------------------------------------

-----------------------------------------------------------------------
Mesh dimensions:
				I[0 ]=44
				I[1 ]=86
				I[2 ]=32

Comp. domain size:
				a[0  ]=-2.3638
				a[1  ]=2.3676
				a[2  ]=-7.42193
				a[3  ]=1.45318
				a[4  ]=-1.38682
				a[5  ]=2.00382

Fluid calculated			1
Solid calculated			0
-----------------------------------------------------------------------
MESH Build started...
-----------------------------------------------------------------------
Mesh LEVEL = 1
-----------------------------------------------------------------------
-----------------------------------------------------------------------
CPT-mode xeps:
	D / dh / eps [axis=0] = (4.7314, 0.0447154, 4.47154e-05)
	D / dh / eps [axis=1] = (8.87512, 0.0461294, 4.61294e-05)
	D / dh / eps [axis=2] = (3.39064, 0.0395571, 3.95571e-05)
-----------------------------------------------------------------------
Initial allocation and brick-body-box intersection...OK (0.002 s)
Initial triangle brick intersection...OK (0.001 s)
Setting regions (121088 / 121088)...OK (0.002 s)
-----------------------------------------------------------------------
Base mesh info:
	3D task
	Nx=44
	Ny=86
	Nz=32
	N(Nx*Ny*Nz) = 3784
	Period    axis=[0, 0, 0]
	Symmetry  ni=[0 0 0 0 0 0]
	ZoomingBC ni=[0 0 0 0 0 0]
	Nx=44
		x[0]=-2.3638
		x[1]=-2.20545
		x[2]=-2.05473
		x[3]=-1.91123
		x[4]=-1.77459
		x[5]=-1.64449
		x[6]=-1.52061
		x[7]=-1.40267
		x[8]=-1.29036
		x[9]=-1.18344
		x[10]=-1.08163
		x[11]=-0.984687
		x[12]=-0.892387
		x[13]=-0.802956
		x[14]=-0.713525
		x[15]=-0.624093
		x[16]=-0.534661
		x[17]=-0.445229
		x[18]=-0.355798
		x[19]=-0.266366
		x[20]=-0.176934
		x[21]=-0.0875023
		x[22]=0.00192945
		x[23]=0.0913612
		x[24]=0.180793
		x[25]=0.270225
		x[26]=0.359656
		x[27]=0.449088
		x[28]=0.53852
		x[29]=0.627952
		x[30]=0.717384
		x[31]=0.806815
		x[32]=0.896247
		x[33]=0.988555
		x[34]=1.0855
		x[35]=1.18732
		x[36]=1.29425
		x[37]=1.40656
		x[38]=1.52451
		x[39]=1.64839
		x[40]=1.77849
		x[41]=1.91514
		x[42]=2.05864
		x[43]=2.20936
		x[44]=2.3676
	Ny=86
		y[0]=-7.42193
		y[1]=-7.26708
		y[2]=-7.11939
		y[3]=-6.97848
		y[4]=-6.84405
		y[5]=-6.7158
		y[6]=-6.59345
		y[7]=-6.47672
		y[8]=-6.36535
		y[9]=-6.2591
		y[10]=-6.15774
		y[11]=-6.06104
		y[12]=-5.96878
		y[13]=-5.87242
		y[14]=-5.77607
		y[15]=-5.67971
		y[16]=-5.58336
		y[17]=-5.487
		y[18]=-5.39064
		y[19]=-5.29429
		y[20]=-5.19793
		y[21]=-5.10158
		y[22]=-5.00522
		y[23]=-4.90887
		y[24]=-4.81251
		y[25]=-4.71615
		y[26]=-4.6198
		y[27]=-4.52344
		y[28]=-4.42709
		y[29]=-4.33073
		y[30]=-4.23438
		y[31]=-4.13802
		y[32]=-4.04166
		y[33]=-3.94531
		y[34]=-3.84895
		y[35]=-3.7526
		y[36]=-3.65624
		y[37]=-3.55989
		y[38]=-3.46353
		y[39]=-3.36717
		y[40]=-3.27082
		y[41]=-3.17446
		y[42]=-3.07811
		y[43]=-2.98175
		y[44]=-2.8854
		y[45]=-2.78904
		y[46]=-2.69269
		y[47]=-2.59633
		y[48]=-2.49997
		y[49]=-2.40379
		y[50]=-2.30761
		y[51]=-2.21143
		y[52]=-2.11524
		y[53]=-2.01906
		y[54]=-1.92288
		y[55]=-1.8267
		y[56]=-1.73051
		y[57]=-1.63433
		y[58]=-1.53815
		y[59]=-1.44197
		y[60]=-1.34578
		y[61]=-1.2496
		y[62]=-1.15342
		y[63]=-1.05724
		y[64]=-0.961055
		y[65]=-0.864873
		y[66]=-0.76869
		y[67]=-0.672508
		y[68]=-0.576325
		y[69]=-0.480143
		y[70]=-0.383961
		y[71]=-0.287778
		y[72]=-0.191596
		y[73]=-0.0954133
		y[74]=0.000769101
		y[75]=0.0969515
		y[76]=0.192391
		y[77]=0.292609
		y[78]=0.397843
		y[79]=0.508344
		y[80]=0.624375
		y[81]=0.746215
		y[82]=0.874152
		y[83]=1.00849
		y[84]=1.14956
		y[85]=1.29768
		y[86]=1.45318
	Nz=32
		z[0]=-1.38682
		z[1]=-1.23827
		z[2]=-1.09696
		z[3]=-0.96249
		z[4]=-0.834538
		z[5]=-0.712787
		z[6]=-0.596937
		z[7]=-0.4867
		z[8]=-0.381805
		z[9]=-0.281994
		z[10]=-0.187019
		z[11]=-0.0966473
		z[12]=-0.0106547
		z[13]=0.0711706
		z[14]=0.150285
		z[15]=0.2294
		z[16]=0.308515
		z[17]=0.38763
		z[18]=0.466744
		z[19]=0.545859
		z[20]=0.627679
		z[21]=0.713666
		z[22]=0.804034
		z[23]=0.899006
		z[24]=0.998816
		z[25]=1.10371
		z[26]=1.21395
		z[27]=1.3298
		z[28]=1.45156
		z[29]=1.57952
		z[30]=1.71399
		z[31]=1.85532
		z[32]=2.00382
-----------------------------------------------------------------------
Input_mesh_settings--------------------------------
Settings 0----------------
	Scope: GLOBAL
	Type:	------MESHER_SETTINGS----------
	RefAllCells           =0
	RefFluidCells         =0
	RefPartCells          =0
	RefSolidCells         =0
	l_SSFR(Capture crit)  =1
	l_curv(Curvature crit)=0
	l_tol(Tolerance crit) =0
	UseChannelRef         =1
	  NCR_method          =0
	  l_NCR               =1
	  N_gap               =5
	  Use d_NCR_min       =0
	  Use d_NCR_max       =0
	CloseThinSlotsHeight         =0
	--END_OF_MESHER_SETTINGS-------
End of input mesh settings-------------------------
-----------------------------------------------------------------------
Memory Working Set Current = 99.70 Mb, Memory Working Set Peak = 99.70 Mb
Memory Private Bytes Current = 101.99 Mb, Memory Private Bytes Peak = 101.99 Mb
Process Threads Number: 12
-----------------------------------------------------------------------
MMP (msh): locals=1, allc_sz=16.30 MB, used_sz=14.79 MB, blks-min-max=30/30
MMP (brx): locals=6, allc_sz=15.03 MB, used_sz=13.93 MB, blks-min-max=13/21
MMP (bcf): locals=0, allc_sz=0.00 MB, used_sz=0.00 MB, blks-min-max=0/0
MMP (xsl): locals=0, allc_sz=0.00 MB, used_sz=0.00 MB, blks-min-max=0/0
NxNyNz = [44, 86, 32]
base_dx=0.105563; 
NxNyNz_reverse = [45, 84, 32]

-----------------------------------------------------------------------
Refining geometries:
-----------------------------------------------------------------------

-----------------------------------------------------------------------
Refining by triangulation...
Refinement input: 121088 bricks
	Checking crit (121088 / 121088)...61 marked (0.041 s)
	Time(refinement): 0.000 s
Setting regions (488 / 121515)...OK (0.002 s)
	Checking crit (0 / 121515)...0 marked (0.001 s)
Refinement result (1 iterations): 121515 bricks (0.051 s)
Refinement input: 121515 bricks
	Checking crit (121027 / 121515)...0 marked (0.003 s)
Refinement result (0 iterations): 121515 bricks (0.003 s)
Collecting and processing rays:
	Adding rays...OK (0.015 s)
	new bricks = 121515 / 121515
	new rays   = 8706 (x=2932, y=1612, z=4162)
	Processing rays...
		Rays process:  0.132 (0.132) s
		Sort xstacks:  0.000 (0.000) s
		Put xstacks:   0.001 (0.001) s
		Total:         0.134 s
	Correcting rays...
		Lame vertices: 0.006 (0.006) s
		Bad rays:      0.000 (0.000) s
		Emit rays:     0.000 (0.000) s
		Correct ray f: 0.000 (0.000) s
		Undef:         0.000 (0.000) s
		Sum:           0.006 (0.006) s
		Total:         0.007 s
	Time (rays): 0.157 s
Capturing (121515 / 121515)...OK (0.005 s)
Refining by triangulation takes 0.216 s
-----------------------------------------------------------------------

-----------------------------------------------------------------------
Refining peculiar surfaces...
Collecting and processing rays:
	Adding rays...OK (0.001 s)
	new bricks = 0 / 121515
	new rays   = 0 (x=0, y=0, z=0)
	Processing rays...
		Rays process:  0.000 (0.000) s
		Sort xstacks:  0.000 (0.000) s
		Put xstacks:   0.000 (0.000) s
		Total:         0.001 s
	Correcting rays...
		Total:         0.000 s
	Time (rays): 0.003 s
Capturing (0 / 121515)...OK (0.002 s)
0 surfaces refined
Refining peculiar surfaces takes 0.005 s
-----------------------------------------------------------------------

-----------------------------------------------------------------------
Base mesh 1 Refining...
Collecting and processing rays:
	Adding rays...OK (0.001 s)
	new bricks = 0 / 121515
	new rays   = 0 (x=0, y=0, z=0)
	Processing rays...
		Rays process:  0.000 (0.000) s
		Sort xstacks:  0.000 (0.000) s
		Put xstacks:   0.000 (0.000) s
		Total:         0.000 s
	Correcting rays...
		Total:         0.000 s
	Time (rays): 0.002 s
Capturing (0 / 121515)...OK (0.001 s)
Refinement input: 121515 bricks
	Checking crit (121027 / 121515)...0 marked (0.002 s)
Refinement result (0 iterations): 121515 bricks (0.002 s)
-----------------------------------------------------------------------
Refining channels...
FYI: CNarrowChannelRefiner::RefineChannels_PRLL
Refinement input: 121515 bricks
	Time(refinement): 0.000 s
Setting regions (184 / 121676)...OK (0.002 s)
Refinement result (1 iterations): 121676 bricks (0.010 s)
Collecting and processing rays:
	Adding rays...OK (0.001 s)
	new bricks = 184 / 121676
	new rays   = 125 (x=28, y=20, z=77)
	Processing rays...
		Rays process:  0.001 (0.001) s
		Sort xstacks:  0.000 (0.000) s
		Put xstacks:   0.000 (0.000) s
		Total:         0.001 s
	Correcting rays...
		Lame vertices: 0.001 (0.001) s
		Bad rays:      0.000 (0.000) s
		Emit rays:     0.000 (0.000) s
		Correct ray f: 0.000 (0.000) s
		Undef:         0.000 (0.000) s
		Sum:           0.001 (0.001) s
		Total:         0.002 s
	Time (rays): 0.004 s
Capturing (184 / 121676)...OK (0.001 s)
FYI: m_iteration_count = 0
FYI: level1 statistics:
     level1_cnt_plus[1]=184;		level1_cnt_minus[1]=0
     level1_cnt_plus[2]=0;		level1_cnt_minus[2]=0
     level1_cnt_plus[3]=0;		level1_cnt_minus[3]=0
     level1_cnt_plus[4]=0;		level1_cnt_minus[4]=0
     level1_cnt_plus[5]=0;		level1_cnt_minus[5]=0
     level1_cnt_plus[6]=0;		level1_cnt_minus[6]=0
     level1_cnt_plus[7]=0;		level1_cnt_minus[7]=0
     level1_cnt_plus[8]=0;		level1_cnt_minus[8]=0
     level1_cnt_plus[9]=0;		level1_cnt_minus[9]=0
Refinement input: 121676 bricks
	Time(refinement): 0.000 s
Setting regions (24 / 121697)...OK (0.001 s)
Refinement result (1 iterations): 121697 bricks (0.009 s)
Collecting and processing rays:
	Adding rays...OK (0.001 s)
	new bricks = 24 / 121697
	new rays   = 11 (x=0, y=0, z=11)
	Processing rays...
		Rays process:  0.000 (0.000) s
		Sort xstacks:  0.000 (0.000) s
		Put xstacks:   0.000 (0.000) s
		Total:         0.000 s
	Correcting rays...
		Lame vertices: 0.001 (0.001) s
		Bad rays:      0.000 (0.000) s
		Emit rays:     0.000 (0.000) s
		Correct ray f: 0.000 (0.000) s
		Undef:         0.000 (0.000) s
		Sum:           0.001 (0.001) s
		Total:         0.001 s
	Time (rays): 0.002 s
Capturing (24 / 121697)...OK (0.001 s)
FYI: m_iteration_count = 1
FYI: level1 statistics:
     level1_cnt_plus[1]=208;		level1_cnt_minus[1]=0
     level1_cnt_plus[2]=0;		level1_cnt_minus[2]=0
     level1_cnt_plus[3]=0;		level1_cnt_minus[3]=0
     level1_cnt_plus[4]=0;		level1_cnt_minus[4]=0
     level1_cnt_plus[5]=0;		level1_cnt_minus[5]=0
     level1_cnt_plus[6]=0;		level1_cnt_minus[6]=0
     level1_cnt_plus[7]=0;		level1_cnt_minus[7]=0
     level1_cnt_plus[8]=0;		level1_cnt_minus[8]=0
     level1_cnt_plus[9]=0;		level1_cnt_minus[9]=0
FYI: m_iteration_count = 2
FYI: level1 statistics:
     level1_cnt_plus[1]=208;		level1_cnt_minus[1]=0
     level1_cnt_plus[2]=0;		level1_cnt_minus[2]=0
     level1_cnt_plus[3]=0;		level1_cnt_minus[3]=0
     level1_cnt_plus[4]=0;		level1_cnt_minus[4]=0
     level1_cnt_plus[5]=0;		level1_cnt_minus[5]=0
     level1_cnt_plus[6]=0;		level1_cnt_minus[6]=0
     level1_cnt_plus[7]=0;		level1_cnt_minus[7]=0
     level1_cnt_plus[8]=0;		level1_cnt_minus[8]=0
     level1_cnt_plus[9]=0;		level1_cnt_minus[9]=0
FYI: level1 statistics:
     level1_cnt_plus[1]=208;		level1_cnt_minus[1]=0
     level1_cnt_plus[2]=0;		level1_cnt_minus[2]=0
     level1_cnt_plus[3]=0;		level1_cnt_minus[3]=0
     level1_cnt_plus[4]=0;		level1_cnt_minus[4]=0
     level1_cnt_plus[5]=0;		level1_cnt_minus[5]=0
     level1_cnt_plus[6]=0;		level1_cnt_minus[6]=0
     level1_cnt_plus[7]=0;		level1_cnt_minus[7]=0
     level1_cnt_plus[8]=0;		level1_cnt_minus[8]=0
     level1_cnt_plus[9]=0;		level1_cnt_minus[9]=0

-----------------------------------------------------------------------
U-shapes refinement...
Refinement input: 121697 bricks
	Checking crit (121001 / 121697)...8 marked (0.008 s)
	Time(refinement): 0.001 s
Setting regions (64 / 121753)...OK (0.001 s)
	Checking crit (0 / 121753)...0 marked (0.001 s)
Refinement result (1 iterations): 121753 bricks (0.019 s)
Collecting and processing rays:
	Adding rays...OK (0.000 s)
	new bricks = 64 / 121753
	new rays   = 52 (x=16, y=18, z=18)
	Processing rays...
		Rays process:  0.000 (0.000) s
		Sort xstacks:  0.000 (0.000) s
		Put xstacks:   0.000 (0.000) s
		Total:         0.000 s
	Correcting rays...
		Lame vertices: 0.000 (0.000) s
		Bad rays:      0.000 (0.000) s
		Emit rays:     0.000 (0.000) s
		Correct ray f: 0.000 (0.000) s
		Undef:         0.000 (0.000) s
		Sum:           0.000 (0.000) s
		Total:         0.001 s
	Time (rays): 0.002 s
Capturing (64 / 121753)...OK (0.001 s)
-----------------------------------------------------------------------

-----------------------------------------------------------------------
Equi Distant Refiner:
Equi Distant Refiner takes 0.00 s
-----------------------------------------------------------------------

/-Ray Intersection---------------/ Time	0.757 s
Calls                8894
CorrectRay Calls     0



-----------------------------------------------------------------------
Refining geometries takes 0.354 s
-----------------------------------------------------------------------
-----------------------------------------------------------------------
Memory Working Set Current = 109.27 Mb, Memory Working Set Peak = 109.27 Mb
Memory Private Bytes Current = 109.93 Mb, Memory Private Bytes Peak = 109.93 Mb
Process Threads Number: 12
-----------------------------------------------------------------------
Defect ray count	0
FYI: CNarrowChannelRefiner::RedistributeLevel1_step_1: is started
FYI: CNarrowChannelRefiner::RedistributeLevel1_step_1: is finished (0.002 s)
FYI: level1 statistics:
     level1_cnt_plus[1]=208;		level1_cnt_minus[1]=0
     level1_cnt_plus[2]=0;		level1_cnt_minus[2]=0
     level1_cnt_plus[3]=0;		level1_cnt_minus[3]=0
     level1_cnt_plus[4]=0;		level1_cnt_minus[4]=0
     level1_cnt_plus[5]=0;		level1_cnt_minus[5]=0
     level1_cnt_plus[6]=0;		level1_cnt_minus[6]=0
     level1_cnt_plus[7]=0;		level1_cnt_minus[7]=0
     level1_cnt_plus[8]=0;		level1_cnt_minus[8]=0
     level1_cnt_plus[9]=0;		level1_cnt_minus[9]=0
FYI: CNarrowChannelRefiner::RedistributeLevel1_step_2: is started
FYI: CNarrowChannelRefiner::RedistributeLevel1_step_2: is finished (0.041 s)
FYI: level1 statistics:
     level1_cnt_plus[1]=216;		level1_cnt_minus[1]=0
     level1_cnt_plus[2]=0;		level1_cnt_minus[2]=0
     level1_cnt_plus[3]=0;		level1_cnt_minus[3]=0
     level1_cnt_plus[4]=0;		level1_cnt_minus[4]=0
     level1_cnt_plus[5]=0;		level1_cnt_minus[5]=0
     level1_cnt_plus[6]=0;		level1_cnt_minus[6]=0
     level1_cnt_plus[7]=0;		level1_cnt_minus[7]=0
     level1_cnt_plus[8]=0;		level1_cnt_minus[8]=0
     level1_cnt_plus[9]=0;		level1_cnt_minus[9]=0
FYI: CNarrowChannelRefiner::RedistributeLevel1_step_3: is started
FYI: CNarrowChannelRefiner::RedistributeLevel1_step_3: is finished (0.012 s)
RedistributeLevel1 takes:
FYI: level1 statistics:
     level1_cnt_plus[1]=216;		level1_cnt_minus[1]=112
     level1_cnt_plus[2]=0;		level1_cnt_minus[2]=0
     level1_cnt_plus[3]=0;		level1_cnt_minus[3]=0
     level1_cnt_plus[4]=0;		level1_cnt_minus[4]=0
     level1_cnt_plus[5]=0;		level1_cnt_minus[5]=0
     level1_cnt_plus[6]=0;		level1_cnt_minus[6]=0
     level1_cnt_plus[7]=0;		level1_cnt_minus[7]=0
     level1_cnt_plus[8]=0;		level1_cnt_minus[8]=0
     level1_cnt_plus[9]=0;		level1_cnt_minus[9]=0
-----------------------------------------------------------------------
MSH format builder (Iteration 0)
-----------------------------------------------------------------------
Memory Working Set Current = 112.09 Mb, Memory Working Set Peak = 112.09 Mb
Memory Private Bytes Current = 112.75 Mb, Memory Private Bytes Peak = 112.75 Mb
Process Threads Number: 12
-----------------------------------------------------------------------
Total bricks count: 121753
-----------------------------------------------------------------------
MSH (Real Geometry) format constructor:
	Geom    Count = 2
	Bodyset Count = 2
	3D task
	Getting brick sets...OK (0.003 s)

	Min x-stack xeps = 1.40897e-05
	D / dh / eps [axis=0] = (4.7314, 0.0447154, 4.69657e-06)
	D / dh / eps [axis=1] = (8.87512, 0.0480912, 4.69657e-06)
	D / dh / eps [axis=2] = (3.39064, 0.0395571, 4.69657e-06)
	Time (xeps): 0.001 s
Level 1
	Set (0)  size: 380
	Set (0)  time: 0.007 s
	Set (1)  size: 380
	Set (1)  time: 0.016 s
Level 0
	Set (0)  size: 60495
	Set (0)  time: 0.040 s
	Set (1)  size: 60498
	Set (1)  time: 0.038 s

	Spread npq bricks...0 marked (0.001 s)

Result:
	Bricks number:                        121753

	Memory usage:                         2.765 MB
	Memory usage (per brick):             0.023 KB
	Construction time:                    0.109 s

	Topology features:
	------------------
	- High quality bricks                  100.00 % (121753)
	- Medium quality bricks                  0.00 % (0)
	- Bad quality bricks                     0.00 % (0)
	- NPQ bricks                             0.00 % (0)
	- Type-1 bricks                          2.42 % (2948)
	- Ribs corrected bricks                  0.00 % (0)
	- Points with geom-info (bricks)         0.00 % (0)
	- Points with closest-info (bricks)      0.00 % (0)
	- Triangulated by center (bricks)        0.00 % (0)
	- Facet w-faces mergings (bricks)        0.00 % (0)
	- To refine (bricks)                     0.00 % (0)
	- Points-count                           0.00 % (0)
	- T-self-intersection-all (bricks)       0.00 % (0)
	- T-self-intersection-simple (bricks)    0.00 % (0)
	- T-self-intersection-complex (bricks)   0.00 % (0)
	- NPQ by reason 1 u-shape                0.00 % (0)
	- NPQ by reason 2 tri-by-ctr             0.00 % (0)
	- NPQ by reason 3 ray-correction         0.00 % (0)
	- NPQ by reason 4 t-self-intersection    0.00 % (0)
	- NPQ by reason 5 non-good               0.00 % (0)
	- NPQ by reason 6 npq-worker             0.00 % (0)

-----------------------------------------------------------------------
Memory Working Set Current = 120.49 Mb, Memory Working Set Peak = 120.49 Mb
Memory Private Bytes Current = 121.21 Mb, Memory Private Bytes Peak = 121.21 Mb
Process Threads Number: 12
-----------------------------------------------------------------------
-----------------------------------------------------------------------
msh-iterations: 1
-----------------------------------------------------------------------
high---q-brick-count = 100.00 % (121753 121753)
medium-q-brick-count =   0.00 % (121753 0)
bad----q-brick-count =   0.00 % (121753 0)
np-----q-brick-count =   0.00 % (121753 0)
-----------------------------------------------------------------------
Free brick parser storage...OK(0.001 s)
-----------------------------------------------------------------------
Memory Working Set Current = 120.54 Mb, Memory Working Set Peak = 120.54 Mb
Memory Private Bytes Current = 121.21 Mb, Memory Private Bytes Peak = 121.21 Mb
Process Threads Number: 12
-----------------------------------------------------------------------
-----------------------------------------------------------------------
MSH --> BCF format (Iteration 0)...
BCF collector...(remove mode=0)
	Time (alloc counter per brick): 0.002 s
	Brick    count: 121753
	Av.f all count: 120672
	Av.s all count: 4132
	Av.f pid count: 3051
	Av.s pid count: 2948
	Faces fs count: 6494
	Faces ff count: 0
	Faces ss count: 0
	Faces bb count: 0
	Faces fe count: 15888
	Faces se count: 0
	Faces fw count: 22382
	Faces af count: 353142
	Faces as count: 10958
	Time (all count): 	0.008 s
	Time (bcf alloc): 	0.001 s
	Time (shifts alloc): 	0.004 s
	Time (shifts init): 	0.004 s
	Time (bcf fill): 	0.014 s
	Time (add av to faces): 0.001 s
	Time (add faces to av): 0.009 s
Time (bcf collect): 		0.046 s
	AV checker...
		Hole marker...
			Subdomains:               1.
			Subdomains (cond):        1.
			Time (sd):      0.018 s.
			Time (sd_cond): 0.021 s.
			Time (potential-hole marking): 	0.001 s
			Time (hole checking): 0.000 s.
			0 av(s) are marked to fill subdomain holes.
		Time (hole marker): 0.045 s.
	Time (check av): 	0.083 s
	Subdomain checker...
		Subdomains construction time: 0.020 s.
		Subdomains sort time: 0.000 s.
			Subdomain 0 (geom_ind=0): 120672 av
			Subdomain 1 (geom_ind=1): 4132 av
		gi: 0, real bodies: 1
		gi: 0, subdomains:  1
		gi: 1, real bodies: 0
		gi: 1, subdomains:  1
		Defect subdomains: 0
	Time (check subdoms): 	0.022 s
Time (bcf iteration total): 	0.152 s
	Time (fw-nb): 		0.001 s
	Fixed mutual fw-nb:     4129 (bb: 0)
	Time (fw-nb mutual): 	0.001 s
	Time (fw-nb sort): 	0.000 s
	Fw-opt BEFORE total:    22382 (fs=6494, ff=0, ss=0)
	Fw-opt AFTER  total:    19688 (fs=3800, ff=0, ss=0, failed fw/br=74/1, big_curv=1, big_poly=0)
	Fw-opt RESULT:          2694 (res/(fs+ff+ss) = 41.48 %)
	Time (fw-opt): 		0.004 s
	Time (fw-re-order): 	0.002 s
	Time (fw-nb): 		0.005 s
	Fixed mutual fw-nb:     39423 (bb: 0)
	Time (fw-nb mutual): 	0.004 s
	Time (fw-nb sort): 	0.001 s
	Time (rfd fix): 	0.000 s
	Time (av convexity): 	0.002 s
	Time (av small volume): 0.001 s
	Time (diagonal fw-nb): 	0.020 s
	Fixed mutual fw-nb:     0 (bb: 0)
	Time (fw-nb mutual): 	0.002 s
	Time (fw-nb sort): 	0.001 s
	Fluid subdomains: 1
	Faces fw-nb diff sd:    0
	Time (fw-nb diff sd): 	0.020 s
Time (bcf calc): 		0.071 s
-----------------------------------------------------------------------
Time (bcf total): 		0.224 s
-----------------------------------------------------------------------
bcf-iterations: 1
-----------------------------------------------------------------------
-----------------------------------------------------------------------
Mega-cv constructor for fluid...
	 0 av's is treated as thin
Relative size generator (threshold = 0.05)...
	Iteration 1 (small cluster count = 281)
	Iteration 2 (small cluster count = 126)
	Iteration 3 (small cluster count = 30)
	Iteration 4 (small cluster count = 6)
	Iteration 5 (small cluster count = 4)
	Iteration 6 (small cluster count = 3)
	Iteration 7 (small cluster count = 2)
	Iteration 8 (small cluster count = 1)
	Iteration 9 (small cluster count = 0)
	 249 mega-cv's generated
	 6 mega-cv's removed
Relative size generator is completed OK (0.006 s)
Apply fa-rules to mega-cv clusters fixes...
	Fa-rule violation fixes:       10 of       10 (total cluster# =      252)
OK (0.001 s)
There are 1 clusters with nbrs connected in more than one axis
Convert clusters:
	 243 mega-cv's total
Mega-cv count: 243
Time (mega-cv fill): 	0.000 s
Time (mega-cv total): 	0.028 s
-----------------------------------------------------------------------
Mixing plane rotation regions: NO.
Sliding mesh rotation regions: NO.
Fluid/fluid faces: NO.
-----------------------------------------------------------------------
Memory Working Set Current = 153.13 Mb, Memory Working Set Peak = 172.66 Mb
Memory Private Bytes Current = 163.89 Mb, Memory Private Bytes Peak = 176.84 Mb
Process Threads Number: 12
-----------------------------------------------------------------------
----------------------------------------------------------
BCF --> BCF.GEOMSUBDOM (bridge arrays):
MESH (0):
	Fluid Subdom Constructor: 1 subdom(s).
	Solid Subdom Constructor: 1 subdom(s).
	Net Asm Subdom Constructor: 0 subdom(s).
	GEOMSUBDOM (0): gi=0 Fluid av=120672 cv=120388 fa=353142 fb=0 fw=19688 V=1.410473e+02
	Cache data...OK
	GEOMSUBDOM (1): gi=1 Solid av=4132 cv=4132 fa=10958 fb=0 fw=3800 V=1.331401e+00
	Cache data...OK
	Setting nb of w-faces...OK (0.003 s).
	Correcting nb of w-faces...
	Time(correct_fw_nb)=0.003 s

MESH (0) checking:
	GEOMSUBDOM (0):fa_s=3912.3479197195792949 fb_s=0.0000000000000000 fw_s=195.2232263760683963 fw_nb=157796
	              :d_const(63204)=1.42397e-12 d_linear(67012)=1.39701e-12
	GEOMSUBDOM (1):fa_s=49.1934636660068350 fb_s=0.0000000000000000 fw_s=18.9702473262088844 fw_nb=30716
	              :d_const(2589)=9.13237e-12 d_linear(2556)=2.621e-11
MESH (0) checking: OK.
Time (MDS): 	0.130 s
----------------------------------------------------------
-----------------------------------------------------------------------
Memory Working Set Current = 191.14 Mb, Memory Working Set Peak = 191.14 Mb
Memory Private Bytes Current = 200.36 Mb, Memory Private Bytes Peak = 200.36 Mb
Process Threads Number: 12
-----------------------------------------------------------------------

-----------------------------------------------------------------------
BCF CHECKSUM DATA (Mesh 0):

BRICK |Level1| Sum:               328
FACE_A Area Sum:   G.Fluid        3912.3479197195811139
FACE_A Area Sum:   G.Solid        49.1934636660068350
FACE_W Area Sum:                  195.2232263760683963
FACE_W Nb   Sum:                  157796
FACE_W min curvatures sum:        -3686.86438499
FACE_W max curvatures sum:        306238.37733770
AV Max Disbalance(Const) :        9.13237e-12 (cid=74816, t={22, 102, 38}, avid=124580, pid=2724)
AV Max Disbalance(Linear):        2.621e-11 (cid=74571, t={60, 90, 38}, avid=124467, pid=2611)
-----------------------------------------------------------------------


-----------------------------------------------------------------------
MESHER TOPOLOGY DATA:

BRICKS: Total                 121753
BRICKS: Fluid                 120569
BRICKS: Fluid Partial         2948
BRICKS: Type 1                2948
BRICKS: Max AV number         3

AV:     G.Total               124804
AV:     G.Fluid               120672
AV:     G.Solid               4132

AV:     G.Fluid Thin Profile    0.00 % (0)
AV:     G.Solid Thin Profile    2.49 % (103)

AV:     G.Fluid Thin For Mega   0.00 % (0)
AV:     G.Solid Thin For Mega   2.37 % (98)

AV:     G.Fluid Non-Convex      1.11 % (1342)
AV:     G.Solid Non-Convex     28.80 % (1190)

AV:     G.Fluid Non-Ess-Convex      0.40 % (482)
AV:     G.Solid Non-Ess-Convex      5.11 % (211)

FACE_A: G.Fluid          (af) 353142 (partially opened 6195)
FACE_A: G.Solid          (as) 10958 (partially opened 5987)

FACE_B: G.Total          (b)  0

FACE_W: G.Total                 19688       Brick/Bound
FACE_W: G.Fluid/Solid    (fs_g) 3800        0           
FACE_W: G.Fluid/Fluid    (ff_g) 0           0           
FACE_W: G.Solid/Solid    (ss_g) 0           0           
FACE_W: G.Fluid/Void     (fv_g) 0           0           
FACE_W: G.Fluid/External (fe_g) 15888
FACE_W: G.Solid/External (se_g) 0

AV/CV max fa count (on brick side):4
AV/CV max fw count:                4
AV/CV max fb count:                0
AV/CV max fw poly count:           56

MEMORY: Total                   36.506 MB
MEMORY: Per Brick               0.307 KB
-----------------------------------------------------------------------

-----------------------------------------------------------------------
Connectivities information:
	Number of conns: 0
-----------------------------------------------------------------------
	Time (gap size): 	0.051 s
-----------------------------------------------------------------------
Memory Working Set Current = 191.18 Mb, Memory Working Set Peak = 191.18 Mb
Memory Private Bytes Current = 200.36 Mb, Memory Private Bytes Peak = 200.36 Mb
Process Threads Number: 12
-----------------------------------------------------------------------
-----------------------------------------------------------------------
Calculating curvature and tolerance criteria...
Curvature: min=0 (cid=0) max=3.14081 (cid=65602)
Tolerance: min=0 (cid=0) max=0.0565285 (cid=62521)
Calculating curvature and tolerance criteria takes 0.086 s
-----------------------------------------------------------------------
MESH Build(FS) finished. Time=1.116 s
-----------------------------------------------------------------------
Current CPU = 2 sec

Nx=44
Ny=86
Nz=32
Max BRICK Level=1
Mesh Level=1
-----------------CModelBodies2MeshMapper::CollectData started -------------------------------
	Time (collect mesh base data): 0.001 s.
	Time (collect model bodies mapping): 0.000 s.
	Time (collect positive bodies mapping): 0.000 s.
	Time (collect fluid bodies mapping): 0.001 s.
-----------------CModelBodies2MeshMapper Report -------------------------------
FluidDomains 1 SolidDomains 1 VoidDomains 0 
Domains RefIndexes
----------------- -------------------------------
	ModelBodies
Total resolved Bodies 0 BodySets 0

--------------------------------------------------------------------------
	Positive geometry Bodies
Total resolved Bodies 1 BodySets 1
BodySet 0
	Bodies list:
			#0	Name: ;	ID: 569ba441-143c-43f5-82c4-ba8ecd995bb9
	Domains list:mesh type	 (0, 1)		 0 


--------------------------------------------------------------------------
	Fluid regions
Total resolved Bodies 1 BodySets 1
BodySet 0	Material: Air; 
	Bodies list:
			#0	Name: ;	ID: 569ba441-143c-43f5-82c4-ba8ecd995bb9
	Domains list:mesh type	 (0, 1)		 0 


--------------------------------------------------------------------------
Collect data takes...0.002 s
-----------------CModelBodies2MeshMapper::CollectData finished successfully-------------------
Saving initial mesh in: C:\Users\juded\OneDrive\Desktop\Car shit\29\29.fld .
Storing results...
	Estimated CPT size=13.749 MB.
	Time (write bcf): 0.333 s
Storing results takes 0.343 s
-----------------------------------------------------------------------
Memory Working Set Current = 191.48 Mb, Memory Working Set Peak = 191.48 Mb
Memory Private Bytes Current = 200.36 Mb, Memory Private Bytes Peak = 200.36 Mb
Process Threads Number: 12
-----------------------------------------------------------------------
Cleaning memory...
-----------------------------------------------------------------------
Start to free mesher data...
MMP (msh): locals=6, allc_sz=16.44 MB, used_sz=14.88 MB, blks-min-max=1/30
MMP (brx): locals=6, allc_sz=18.57 MB, used_sz=16.88 MB, blks-min-max=16/22
MMP (bcf): locals=6, allc_sz=54.33 MB, used_sz=52.67 MB, blks-min-max=17/42
MMP (xsl): locals=6, allc_sz=0.23 MB, used_sz=0.16 MB, blks-min-max=1/3
Free xsl...            OK	Time=0.000 s
Free ray collector...  OK	Time=0.000 s
Free ray intersector...OK	Time=0.000 s
Free body sets...      OK	Time=0.012 s
Free Geometry DB takes 0.000 s
Free mesh conn...      OK	Time=0.000 s
Free geomsd...         OK	Time=0.000 s
Free mbricks...        OK	Time=0.001 s
Free hash info...      OK	Time=0.002 s
Free bricks-x...       OK	Time=0.001 s
Free bcf...            OK	Time=0.006 s
Free mesh h...         OK	Time=0.000 s
Free bricks arr..      OK	Time=0.000 s
Free bricks tree...    OK	Time=0.000 s
Free mesh pools...     OK	Time=0.009 s
Free bodies mapper...  OK	Time=0.000 s
Free geom crits...     OK	Time=0.000 s
Free cpt regions...    OK	Time=0.000 s
Free peculiar surfs... OK	Time=0.000 s
Free sw-geometries...  OK	Time=0.000 s
Total free mesher data time: 0.034 s
-----------------------------------------------------------------------
Copying... OK
CPT size=4.409 MB (4623038 bytes).
Mesh generation normally finished at	15.12.2024	15:22:39
Mesher CPU = 2 sec
Mesher is finished at	15.12.2024	15:22:39
-----------------------------------------------------------------------
Memory Working Set Current = 36.16 Mb, Memory Working Set Peak = 191.48 Mb
Memory Private Bytes Current = 40.78 Mb, Memory Private Bytes Peak = 200.36 Mb
Process Threads Number: 12
-----------------------------------------------------------------------
Algebra Pool      : mem_usage = 3.38 Mb, allocated count = 0
-----------------------------------------------------------------------
Memory Working Set Current = 32.88 Mb, Memory Working Set Peak = 191.48 Mb
Memory Private Bytes Current = 37.46 Mb, Memory Private Bytes Peak = 200.36 Mb
Process Threads Number: 12
Process Threads Number Peak: 12
-----------------------------------------------------------------------
Log ended at 15.12.2024	15:22:39
