OK
Log started at 12.12.2024	23:23:37
Number of used processors (NPROC): 6.
Number of mesh partitions (NPART): 6.
Total Physical Memory = 31.91 Gb, Available Physical Memory = 19.04 Gb
Computer name:	DESKTOP-C408A46
Operating system:	Windows 11 (or higher) (Version 10.0.22631)

Commandline:	"C:\Program Files\SOLIDWORKS Corp\SOLIDWORKS Flow Simulation\BINCFW\efdsolver.exe" /config:"C:\Users\juded\OneDrive\Desktop\Car shit\5\5.xmlconfig" /guid:fedf6f20-2d8e-4ff4-9a65-165d790b3044 /processors:max /m /s /prjnamelm:"Flow Simulation 2023" /prjnamehabout:"Flow Simulation 2023" /companyname:"COSMOS Applications" /prjaliasid:1009 /lang:English /port:15047

SOLIDWORKS 2023 SP2.1
Flow Simulation 2023  x64 / 5965

Project: C:\Users\juded\OneDrive\Desktop\Car shit\5\5.xmlconfig
Configuration name: 27
Project name: Project(1)
Problem type: external-with-void-internal-space-type
Exclude cavities without flow conditions: ON
NGK: OFF
MBO: OFF
-----------------------------------------------------------------------
Mesher option run = eRunMesherNormal
-----------------------------------------------------------------------

Mesh generation started:	12.12.2024	23:23:37
-----------------------------------------------------------------------
Memory Working Set Current = 15.49 Mb, Memory Working Set Peak = 15.49 Mb
Memory Private Bytes Current = 15.98 Mb, Memory Private Bytes Peak = 15.98 Mb
Process Threads Number: 7
-----------------------------------------------------------------------
Mesher adjust APD = OFF; AdjustAPD_method=0; N_per_Channel = 0; N2_per_Channel = 0
Current CPU = 0 sec
-----------------------------------------------------------------------
Geometries initialization:
-----------------------------------------------------------------------
Loading mesh settings (global/local)...
-----------------------------------------------------------------------
Number of geometries from DB: 1
Geometry(0):
	Guid = {00000000-0000-0000-0000-000000000000}
	Fluid..
	1 Body.
	1 Real body.
	-- Bodyset 0 --
		Tolerance=0.000500009.
		46 Face(s).
			46 of b-spline type.
		0 Face(s) that have no ref faces
		16 Plane surface(s).
		4 Cylinder surface(s).
		26 B- surface(s).
		40560 Triangle(s).
		Getting triangle connectivities from DB: 0.005 s
		126 Edge(s).
			126 of b-spline type.
		BodyGeom reading: 0.033 s.
		40560 Reference Triangles.
		Getting triangle connectivities from DB (Ref): 0.005 s
		BodyGeom Ref reading: 0.009 s.
Geometry(1):
	Solid.
	-- Bodyset 1 --
	Empty
-----------------------------------------------------------------------
Number of geometries in task: 2
	G : 0	Type: Fluid
	G : 1	Type: Solid
Number of bodysets   in task: 2
-----------------------------------------------------------------------
BodySet (0):
	Making hash and connectivity for Bodyset ...
		CBodyGeom:
		Hash size: {34, 240, 32}.
		Mesh size: {34, 60, 32}.
		Hashing triangles...Ok.
			axis(0) tr sizes: average=45 max=320
			axis(1) tr sizes: average=139 max=619
			axis(2) tr sizes: average=24 max=425
		Number of t-connected sets:1 (cavity=0)
		CBodyGeomRef:
		Hashing triangles...Ok.
			axis(0) tr sizes: average=89 max=375
			axis(1) tr sizes: average=132 max=589
			axis(2) tr sizes: average=49 max=661
	0.047 s.
Geometries reading and preparing has taken 0.107 s.
-----------------------------------------------------------------------
Mapped triangles:
Hashing rough geometry(bodies) triangulation:
BodySet (0):
	Triangles num=40560
	Triangles box={-0.9 ,0.9 ,0 ,5 ,5.91345e-05 ,1}
		3d-hash size is 487172 bytes
BodySet (1):
no log info (empty stream)

Mapped triangles processed in 0.045 s.
-----------------------------------------------------------------------
-----------------------------------------------------------------------
Getting sectors:
Number of sectors: 0
-----------------------------------------------------------------------
-----------------------------------------------------------------------
Bodies:     2
Faces:      46
Edges:      126
Triangles:  40560
-----------------------------------------------------------------------

Current CPU = 0 sec
-----------------------------------------------------------------------
Memory Working Set Current = 46.33 Mb, Memory Working Set Peak = 54.68 Mb
Memory Private Bytes Current = 45.36 Mb, Memory Private Bytes Peak = 53.73 Mb
Process Threads Number: 12
-----------------------------------------------------------------------
-----------------------------------------------------------------------
Checking faces on CD...
FCD = [0 0 0 0 0 0]
FCD_conflicts = 0
Time (check faces on CD)=0.001 s
-----------------------------------------------------------------------

-----------------------------------------------------------------------
Mesh dimensions:
				I[0 ]=34
				I[1 ]=60
				I[2 ]=32

Comp. domain size:
				a[0  ]=-3.90006
				a[1  ]=3.90006
				a[2  ]=-3.00006
				a[3  ]=10.0001
				a[4  ]=-3.00007
				a[5  ]=4.00006

Fluid calculated			1
Solid calculated			0
-----------------------------------------------------------------------
MESH Build started...
-----------------------------------------------------------------------
Mesh LEVEL = 1
-----------------------------------------------------------------------
-----------------------------------------------------------------------
CPT-mode xeps:
	D / dh / eps [axis=0] = (7.80012, 0.088199, 8.8199e-05)
	D / dh / eps [axis=1] = (13.0002, 0.0949717, 9.49717e-05)
	D / dh / eps [axis=2] = (7.00013, 0.0816675, 8.16675e-05)
-----------------------------------------------------------------------
Initial allocation and brick-body-box intersection...OK (0.002 s)
Initial triangle brick intersection...OK (0.001 s)
Setting regions (65280 / 65280)...OK (0.001 s)
-----------------------------------------------------------------------
Base mesh info:
	3D task
	Nx=34
	Ny=60
	Nz=32
	N(Nx*Ny*Nz) = 2040
	Period    axis=[0, 0, 0]
	Symmetry  ni=[0 0 0 0 0 0]
	ZoomingBC ni=[0 0 0 0 0 0]
	Nx=34
		x[0]=-3.90006
		x[1]=-3.57216
		x[2]=-3.26065
		x[3]=-2.96463
		x[4]=-2.68332
		x[5]=-2.416
		x[6]=-2.16195
		x[7]=-1.92054
		x[8]=-1.69112
		x[9]=-1.47311
		x[10]=-1.26593
		x[11]=-1.06904
		x[12]=-0.881946
		x[13]=-0.705548
		x[14]=-0.529147
		x[15]=-0.352745
		x[16]=-0.176344
		x[17]=5.71857e-05
		x[18]=0.176459
		x[19]=0.35286
		x[20]=0.529261
		x[21]=0.705663
		x[22]=0.882064
		x[23]=1.06914
		x[24]=1.26601
		x[25]=1.47318
		x[26]=1.69118
		x[27]=1.9206
		x[28]=2.16202
		x[29]=2.41606
		x[30]=2.68341
		x[31]=2.96474
		x[32]=3.26079
		x[33]=3.57233
		x[34]=3.90006
	Ny=60
		y[0]=-3.00006
		y[1]=-2.67813
		y[2]=-2.37178
		y[3]=-2.08018
		y[4]=-1.80262
		y[5]=-1.53842
		y[6]=-1.28695
		y[7]=-1.04758
		y[8]=-0.819744
		y[9]=-0.602875
		y[10]=-0.396448
		y[11]=-0.19996
		y[12]=-0.00710291
		y[13]=0.185755
		y[14]=0.378613
		y[15]=0.571471
		y[16]=0.764329
		y[17]=0.957187
		y[18]=1.15005
		y[19]=1.3429
		y[20]=1.53576
		y[21]=1.72862
		y[22]=1.92148
		y[23]=2.11434
		y[24]=2.30719
		y[25]=2.50005
		y[26]=2.69571
		y[27]=2.89136
		y[28]=3.08702
		y[29]=3.28267
		y[30]=3.47832
		y[31]=3.67398
		y[32]=3.86963
		y[33]=4.06529
		y[34]=4.26094
		y[35]=4.45659
		y[36]=4.65225
		y[37]=4.8479
		y[38]=5.04356
		y[39]=5.23921
		y[40]=5.43487
		y[41]=5.63052
		y[42]=5.82617
		y[43]=6.02183
		y[44]=6.21748
		y[45]=6.41314
		y[46]=6.60879
		y[47]=6.80444
		y[48]=7.0001
		y[49]=7.19004
		y[50]=7.38923
		y[51]=7.59812
		y[52]=7.81716
		y[53]=8.04687
		y[54]=8.28776
		y[55]=8.54036
		y[56]=8.80526
		y[57]=9.08305
		y[58]=9.37436
		y[59]=9.67984
		y[60]=10.0001
	Nz=32
		z[0]=-3.00007
		z[1]=-2.69338
		z[2]=-2.40163
		z[3]=-2.12401
		z[4]=-1.85985
		z[5]=-1.60849
		z[6]=-1.36931
		z[7]=-1.14172
		z[8]=-0.92516
		z[9]=-0.719095
		z[10]=-0.523016
		z[11]=-0.336439
		z[12]=-0.158903
		z[13]=0.0100292
		z[14]=0.173364
		z[15]=0.336701
		z[16]=0.500037
		z[17]=0.663373
		z[18]=0.82671
		z[19]=0.990046
		z[20]=1.15897
		z[21]=1.33649
		z[22]=1.52306
		z[23]=1.71913
		z[24]=1.9252
		z[25]=2.14176
		z[26]=2.36935
		z[27]=2.60853
		z[28]=2.8599
		z[29]=3.12408
		z[30]=3.40171
		z[31]=3.69349
		z[32]=4.00006
-----------------------------------------------------------------------
Input_mesh_settings--------------------------------
Settings 0----------------
	Scope: GLOBAL
	Type:	------MESHER_SETTINGS----------
	RefAllCells           =0
	RefFluidCells         =0
	RefPartCells          =0
	RefSolidCells         =0
	l_SSFR(Capture crit)  =1
	l_curv(Curvature crit)=0
	l_tol(Tolerance crit) =0
	UseChannelRef         =1
	  NCR_method          =0
	  l_NCR               =1
	  N_gap               =5
	  Use d_NCR_min       =0
	  Use d_NCR_max       =0
	CloseThinSlotsHeight         =0
	--END_OF_MESHER_SETTINGS-------
End of input mesh settings-------------------------
-----------------------------------------------------------------------
Memory Working Set Current = 62.33 Mb, Memory Working Set Peak = 62.33 Mb
Memory Private Bytes Current = 63.66 Mb, Memory Private Bytes Peak = 63.66 Mb
Process Threads Number: 12
-----------------------------------------------------------------------
MMP (msh): locals=1, allc_sz=9.36 MB, used_sz=7.97 MB, blks-min-max=27/27
MMP (brx): locals=6, allc_sz=8.23 MB, used_sz=7.49 MB, blks-min-max=9/18
MMP (bcf): locals=0, allc_sz=0.00 MB, used_sz=0.00 MB, blks-min-max=0/0
MMP (xsl): locals=0, allc_sz=0.00 MB, used_sz=0.00 MB, blks-min-max=0/0
NxNyNz = [34, 60, 32]
base_dx=0.221613; 
NxNyNz_reverse = [35, 59, 32]

-----------------------------------------------------------------------
Refining geometries:
-----------------------------------------------------------------------

-----------------------------------------------------------------------
Refining by triangulation...
Refinement input: 65280 bricks
	Checking crit (65280 / 65280)...58 marked (0.044 s)
	Time(refinement): 0.000 s
Setting regions (464 / 65686)...OK (0.001 s)
	Checking crit (0 / 65686)...0 marked (0.001 s)
Refinement result (1 iterations): 65686 bricks (0.050 s)
Refinement input: 65686 bricks
	Checking crit (65222 / 65686)...0 marked (0.003 s)
Refinement result (0 iterations): 65686 bricks (0.004 s)
Collecting and processing rays:
	Adding rays...OK (0.012 s)
	new bricks = 65686 / 65686
	new rays   = 5711 (x=2106, y=1248, z=2357)
	Processing rays...
		Rays process:  0.069 (0.069) s
		Sort xstacks:  0.000 (0.000) s
		Put xstacks:   0.000 (0.000) s
		Total:         0.069 s
	Correcting rays...
		Lame vertices: 0.004 (0.004) s
		Bad rays:      0.000 (0.000) s
		Emit rays:     0.000 (0.000) s
		Correct ray f: 0.000 (0.000) s
		Undef:         0.000 (0.000) s
		Sum:           0.004 (0.004) s
		Total:         0.005 s
	Time (rays): 0.088 s
Capturing (65686 / 65686)...OK (0.003 s)
Refining by triangulation takes 0.145 s
-----------------------------------------------------------------------

-----------------------------------------------------------------------
Refining peculiar surfaces...
Collecting and processing rays:
	Adding rays...OK (0.001 s)
	new bricks = 0 / 65686
	new rays   = 0 (x=0, y=0, z=0)
	Processing rays...
		Rays process:  0.000 (0.000) s
		Sort xstacks:  0.000 (0.000) s
		Put xstacks:   0.000 (0.000) s
		Total:         0.001 s
	Correcting rays...
		Total:         0.000 s
	Time (rays): 0.003 s
Capturing (0 / 65686)...OK (0.001 s)
0 surfaces refined
Refining peculiar surfaces takes 0.004 s
-----------------------------------------------------------------------

-----------------------------------------------------------------------
Base mesh 1 Refining...
Collecting and processing rays:
	Adding rays...OK (0.000 s)
	new bricks = 0 / 65686
	new rays   = 0 (x=0, y=0, z=0)
	Processing rays...
		Rays process:  0.000 (0.000) s
		Sort xstacks:  0.000 (0.000) s
		Put xstacks:   0.000 (0.000) s
		Total:         0.000 s
	Correcting rays...
		Total:         0.000 s
	Time (rays): 0.001 s
Capturing (0 / 65686)...OK (0.001 s)
Refinement input: 65686 bricks
	Checking crit (65222 / 65686)...0 marked (0.001 s)
Refinement result (0 iterations): 65686 bricks (0.001 s)
-----------------------------------------------------------------------
Refining channels...
FYI: CNarrowChannelRefiner::RefineChannels_PRLL
Refinement input: 65686 bricks
	Time(refinement): 0.000 s
Setting regions (128 / 65798)...OK (0.001 s)
Refinement result (1 iterations): 65798 bricks (0.006 s)
Collecting and processing rays:
	Adding rays...OK (0.000 s)
	new bricks = 128 / 65798
	new rays   = 57 (x=16, y=3, z=38)
	Processing rays...
		Rays process:  0.000 (0.000) s
		Sort xstacks:  0.000 (0.000) s
		Put xstacks:   0.000 (0.000) s
		Total:         0.001 s
	Correcting rays...
		Lame vertices: 0.000 (0.000) s
		Bad rays:      0.000 (0.000) s
		Emit rays:     0.000 (0.000) s
		Correct ray f: 0.000 (0.000) s
		Undef:         0.000 (0.000) s
		Sum:           0.000 (0.000) s
		Total:         0.001 s
	Time (rays): 0.002 s
Capturing (128 / 65798)...OK (0.001 s)
FYI: m_iteration_count = 0
FYI: level1 statistics:
     level1_cnt_plus[1]=128;		level1_cnt_minus[1]=0
     level1_cnt_plus[2]=0;		level1_cnt_minus[2]=0
     level1_cnt_plus[3]=0;		level1_cnt_minus[3]=0
     level1_cnt_plus[4]=0;		level1_cnt_minus[4]=0
     level1_cnt_plus[5]=0;		level1_cnt_minus[5]=0
     level1_cnt_plus[6]=0;		level1_cnt_minus[6]=0
     level1_cnt_plus[7]=0;		level1_cnt_minus[7]=0
     level1_cnt_plus[8]=0;		level1_cnt_minus[8]=0
     level1_cnt_plus[9]=0;		level1_cnt_minus[9]=0
Refinement input: 65798 bricks
	Time(refinement): 0.000 s
Setting regions (16 / 65812)...OK (0.001 s)
Refinement result (1 iterations): 65812 bricks (0.005 s)
Collecting and processing rays:
	Adding rays...OK (0.000 s)
	new bricks = 16 / 65812
	new rays   = 5 (x=2, y=0, z=3)
	Processing rays...
		Rays process:  0.000 (0.000) s
		Sort xstacks:  0.000 (0.000) s
		Put xstacks:   0.000 (0.000) s
		Total:         0.000 s
	Correcting rays...
		Lame vertices: 0.000 (0.000) s
		Bad rays:      0.000 (0.000) s
		Emit rays:     0.000 (0.000) s
		Correct ray f: 0.000 (0.000) s
		Undef:         0.000 (0.000) s
		Sum:           0.000 (0.000) s
		Total:         0.001 s
	Time (rays): 0.002 s
Capturing (16 / 65812)...OK (0.001 s)
FYI: m_iteration_count = 1
FYI: level1 statistics:
     level1_cnt_plus[1]=144;		level1_cnt_minus[1]=0
     level1_cnt_plus[2]=0;		level1_cnt_minus[2]=0
     level1_cnt_plus[3]=0;		level1_cnt_minus[3]=0
     level1_cnt_plus[4]=0;		level1_cnt_minus[4]=0
     level1_cnt_plus[5]=0;		level1_cnt_minus[5]=0
     level1_cnt_plus[6]=0;		level1_cnt_minus[6]=0
     level1_cnt_plus[7]=0;		level1_cnt_minus[7]=0
     level1_cnt_plus[8]=0;		level1_cnt_minus[8]=0
     level1_cnt_plus[9]=0;		level1_cnt_minus[9]=0
FYI: m_iteration_count = 2
FYI: level1 statistics:
     level1_cnt_plus[1]=144;		level1_cnt_minus[1]=0
     level1_cnt_plus[2]=0;		level1_cnt_minus[2]=0
     level1_cnt_plus[3]=0;		level1_cnt_minus[3]=0
     level1_cnt_plus[4]=0;		level1_cnt_minus[4]=0
     level1_cnt_plus[5]=0;		level1_cnt_minus[5]=0
     level1_cnt_plus[6]=0;		level1_cnt_minus[6]=0
     level1_cnt_plus[7]=0;		level1_cnt_minus[7]=0
     level1_cnt_plus[8]=0;		level1_cnt_minus[8]=0
     level1_cnt_plus[9]=0;		level1_cnt_minus[9]=0
FYI: level1 statistics:
     level1_cnt_plus[1]=144;		level1_cnt_minus[1]=0
     level1_cnt_plus[2]=0;		level1_cnt_minus[2]=0
     level1_cnt_plus[3]=0;		level1_cnt_minus[3]=0
     level1_cnt_plus[4]=0;		level1_cnt_minus[4]=0
     level1_cnt_plus[5]=0;		level1_cnt_minus[5]=0
     level1_cnt_plus[6]=0;		level1_cnt_minus[6]=0
     level1_cnt_plus[7]=0;		level1_cnt_minus[7]=0
     level1_cnt_plus[8]=0;		level1_cnt_minus[8]=0
     level1_cnt_plus[9]=0;		level1_cnt_minus[9]=0

-----------------------------------------------------------------------
U-shapes refinement...
Refinement input: 65812 bricks
	Checking crit (65204 / 65812)...0 marked (0.006 s)
Refinement result (0 iterations): 65812 bricks (0.006 s)
Collecting and processing rays:
	Adding rays...OK (0.000 s)
	new bricks = 0 / 65812
	new rays   = 0 (x=0, y=0, z=0)
	Processing rays...
		Rays process:  0.000 (0.000) s
		Sort xstacks:  0.000 (0.000) s
		Put xstacks:   0.000 (0.000) s
		Total:         0.000 s
	Correcting rays...
		Total:         0.000 s
	Time (rays): 0.001 s
Capturing (0 / 65812)...OK (0.001 s)
-----------------------------------------------------------------------

-----------------------------------------------------------------------
Equi Distant Refiner:
Equi Distant Refiner takes 0.00 s
-----------------------------------------------------------------------

/-Ray Intersection---------------/ Time	0.334 s
Calls                5773
CorrectRay Calls     0



-----------------------------------------------------------------------
Refining geometries takes 0.234 s
-----------------------------------------------------------------------
-----------------------------------------------------------------------
Memory Working Set Current = 71.11 Mb, Memory Working Set Peak = 71.11 Mb
Memory Private Bytes Current = 72.81 Mb, Memory Private Bytes Peak = 72.81 Mb
Process Threads Number: 12
-----------------------------------------------------------------------
Defect ray count	0
FYI: CNarrowChannelRefiner::RedistributeLevel1_step_1: is started
FYI: CNarrowChannelRefiner::RedistributeLevel1_step_1: is finished (0.002 s)
FYI: level1 statistics:
     level1_cnt_plus[1]=144;		level1_cnt_minus[1]=0
     level1_cnt_plus[2]=0;		level1_cnt_minus[2]=0
     level1_cnt_plus[3]=0;		level1_cnt_minus[3]=0
     level1_cnt_plus[4]=0;		level1_cnt_minus[4]=0
     level1_cnt_plus[5]=0;		level1_cnt_minus[5]=0
     level1_cnt_plus[6]=0;		level1_cnt_minus[6]=0
     level1_cnt_plus[7]=0;		level1_cnt_minus[7]=0
     level1_cnt_plus[8]=0;		level1_cnt_minus[8]=0
     level1_cnt_plus[9]=0;		level1_cnt_minus[9]=0
FYI: CNarrowChannelRefiner::RedistributeLevel1_step_2: is started
FYI: CNarrowChannelRefiner::RedistributeLevel1_step_2: is finished (0.034 s)
FYI: level1 statistics:
     level1_cnt_plus[1]=145;		level1_cnt_minus[1]=0
     level1_cnt_plus[2]=0;		level1_cnt_minus[2]=0
     level1_cnt_plus[3]=0;		level1_cnt_minus[3]=0
     level1_cnt_plus[4]=0;		level1_cnt_minus[4]=0
     level1_cnt_plus[5]=0;		level1_cnt_minus[5]=0
     level1_cnt_plus[6]=0;		level1_cnt_minus[6]=0
     level1_cnt_plus[7]=0;		level1_cnt_minus[7]=0
     level1_cnt_plus[8]=0;		level1_cnt_minus[8]=0
     level1_cnt_plus[9]=0;		level1_cnt_minus[9]=0
FYI: CNarrowChannelRefiner::RedistributeLevel1_step_3: is started
FYI: CNarrowChannelRefiner::RedistributeLevel1_step_3: is finished (0.008 s)
RedistributeLevel1 takes:
FYI: level1 statistics:
     level1_cnt_plus[1]=145;		level1_cnt_minus[1]=225
     level1_cnt_plus[2]=0;		level1_cnt_minus[2]=0
     level1_cnt_plus[3]=0;		level1_cnt_minus[3]=0
     level1_cnt_plus[4]=0;		level1_cnt_minus[4]=0
     level1_cnt_plus[5]=0;		level1_cnt_minus[5]=0
     level1_cnt_plus[6]=0;		level1_cnt_minus[6]=0
     level1_cnt_plus[7]=0;		level1_cnt_minus[7]=0
     level1_cnt_plus[8]=0;		level1_cnt_minus[8]=0
     level1_cnt_plus[9]=0;		level1_cnt_minus[9]=0
-----------------------------------------------------------------------
MSH format builder (Iteration 0)
-----------------------------------------------------------------------
Memory Working Set Current = 72.64 Mb, Memory Working Set Peak = 72.64 Mb
Memory Private Bytes Current = 74.50 Mb, Memory Private Bytes Peak = 74.50 Mb
Process Threads Number: 12
-----------------------------------------------------------------------
Total bricks count: 65812
-----------------------------------------------------------------------
MSH (Real Geometry) format constructor:
	Geom    Count = 2
	Bodyset Count = 2
	3D task
	Getting brick sets...OK (0.002 s)

	Min x-stack xeps = 1.74513e-05
	D / dh / eps [axis=0] = (7.80012, 0.088199, 5.81711e-06)
	D / dh / eps [axis=1] = (13.0002, 0.096429, 5.81711e-06)
	D / dh / eps [axis=2] = (7.00013, 0.0816682, 5.81711e-06)
	Time (xeps): 0.001 s
Level 1
	Set (0)  size: 304
	Set (0)  time: 0.014 s
	Set (1)  size: 304
	Set (1)  time: 0.006 s
Level 0
	Set (0)  size: 32602
	Set (0)  time: 0.027 s
	Set (1)  size: 32602
	Set (1)  time: 0.028 s

	Spread npq bricks...0 marked (0.001 s)

Result:
	Bricks number:                        65812

	Memory usage:                         1.123 MB
	Memory usage (per brick):             0.017 KB
	Construction time:                    0.079 s

	Topology features:
	------------------
	- High quality bricks                  100.00 % (65811)
	- Medium quality bricks                  0.00 % (1)
	- Bad quality bricks                     0.00 % (0)
	- NPQ bricks                             0.00 % (1)
	- Type-1 bricks                          1.32 % (871)
	- Ribs corrected bricks                  0.00 % (0)
	- Points with geom-info (bricks)         0.00 % (1)
	- Points with closest-info (bricks)      0.00 % (0)
	- Triangulated by center (bricks)        0.00 % (1)
	- Facet w-faces mergings (bricks)        0.00 % (0)
	- To refine (bricks)                     0.00 % (0)
	- Points-count                           0.00 % (0)
	- T-self-intersection-all (bricks)       0.00 % (0)
	- T-self-intersection-simple (bricks)    0.00 % (0)
	- T-self-intersection-complex (bricks)   0.00 % (0)
	- NPQ by reason 1 u-shape                0.00 % (0)
	- NPQ by reason 2 tri-by-ctr             0.00 % (0)
	- NPQ by reason 3 ray-correction         0.00 % (0)
	- NPQ by reason 4 t-self-intersection    0.00 % (0)
	- NPQ by reason 5 non-good               0.00 % (1)
	- NPQ by reason 6 npq-worker             0.00 % (0)

-----------------------------------------------------------------------
Memory Working Set Current = 79.21 Mb, Memory Working Set Peak = 79.21 Mb
Memory Private Bytes Current = 79.12 Mb, Memory Private Bytes Peak = 79.12 Mb
Process Threads Number: 12
-----------------------------------------------------------------------
-----------------------------------------------------------------------
msh-iterations: 1
-----------------------------------------------------------------------
high---q-brick-count = 100.00 % (65812 65811)
medium-q-brick-count =   0.00 % (65812 1)
bad----q-brick-count =   0.00 % (65812 0)
np-----q-brick-count =   0.00 % (65812 1)
-----------------------------------------------------------------------
Free brick parser storage...OK(0.001 s)
-----------------------------------------------------------------------
Memory Working Set Current = 79.26 Mb, Memory Working Set Peak = 79.26 Mb
Memory Private Bytes Current = 79.12 Mb, Memory Private Bytes Peak = 79.12 Mb
Process Threads Number: 12
-----------------------------------------------------------------------
-----------------------------------------------------------------------
MSH --> BCF format (Iteration 0)...
BCF collector...(remove mode=0)
	Time (alloc counter per brick): 0.001 s
	Brick    count: 65812
	Av.f all count: 65797
	Av.s all count: 946
	Av.f pid count: 931
	Av.s pid count: 871
	Faces fs count: 2446
	Faces ff count: 0
	Faces ss count: 0
	Faces bb count: 0
	Faces fe count: 10096
	Faces se count: 0
	Faces fw count: 12542
	Faces af count: 192366
	Faces as count: 2377
	Time (all count): 	0.006 s
	Time (bcf alloc): 	0.001 s
	Time (shifts alloc): 	0.004 s
	Time (shifts init): 	0.004 s
	Time (bcf fill): 	0.009 s
	Time (add av to faces): 0.001 s
	Time (add faces to av): 0.005 s
Time (bcf collect): 		0.035 s
	AV checker...
		Hole marker...
			Subdomains:               1.
			Subdomains (cond):        1.
			Time (sd):      0.014 s.
			Time (sd_cond): 0.011 s.
			Time (potential-hole marking): 	0.001 s
			Time (hole checking): 0.000 s.
			0 av(s) are marked to fill subdomain holes.
		Time (hole marker): 0.028 s.
	Time (check av): 	0.053 s
	Subdomain checker...
		Subdomains construction time: 0.012 s.
		Subdomains sort time: 0.000 s.
			Subdomain 0 (geom_ind=0): 65797 av
			Subdomain 1 (geom_ind=1): 946 av
		gi: 0, real bodies: 1
		gi: 0, subdomains:  1
		gi: 1, real bodies: 0
		gi: 1, subdomains:  1
		Defect subdomains: 0
	Time (check subdoms): 	0.013 s
Time (bcf iteration total): 	0.102 s
	Time (fw-nb): 		0.001 s
	Fixed mutual fw-nb:     2082 (bb: 0)
	Time (fw-nb mutual): 	0.001 s
	Time (fw-nb sort): 	0.000 s
	Fw-opt BEFORE total:    12542 (fs=2446, ff=0, ss=0)
	Fw-opt AFTER  total:    11591 (fs=1495, ff=0, ss=0, failed fw/br=2/1, big_curv=6, big_poly=0)
	Fw-opt RESULT:          951 (res/(fs+ff+ss) = 38.88 %)
	Time (fw-opt): 		0.002 s
	Time (fw-re-order): 	0.001 s
	Time (fw-nb): 		0.005 s
	Fixed mutual fw-nb:     23252 (bb: 0)
	Time (fw-nb mutual): 	0.002 s
	Time (fw-nb sort): 	0.000 s
	Time (rfd fix): 	0.000 s
	Time (av convexity): 	0.001 s
	Time (av small volume): 0.000 s
	Time (diagonal fw-nb): 	0.015 s
	Fixed mutual fw-nb:     0 (bb: 0)
	Time (fw-nb mutual): 	0.002 s
	Time (fw-nb sort): 	0.001 s
	Fluid subdomains: 1
	Faces fw-nb diff sd:    0
	Time (fw-nb diff sd): 	0.013 s
Time (bcf calc): 		0.053 s
-----------------------------------------------------------------------
Time (bcf total): 		0.156 s
-----------------------------------------------------------------------
bcf-iterations: 1
-----------------------------------------------------------------------
-----------------------------------------------------------------------
Mega-cv constructor for fluid...
	 0 av's is treated as thin
Relative size generator (threshold = 0.05)...
	Iteration 1 (small cluster count = 35)
	Iteration 2 (small cluster count = 13)
	Iteration 3 (small cluster count = 2)
	Iteration 4 (small cluster count = 1)
	Iteration 5 (small cluster count = 0)
	 31 mega-cv's generated
	 0 mega-cv's removed
Relative size generator is completed OK (0.004 s)
Apply fa-rules to mega-cv clusters fixes...
	Fa-rule violation fixes:        5 of        5 (total cluster# =       36)
OK (0.001 s)
Convert clusters:
	 31 mega-cv's total
Mega-cv count: 31
Time (mega-cv fill): 	0.000 s
Time (mega-cv total): 	0.017 s
-----------------------------------------------------------------------
Mixing plane rotation regions: NO.
Sliding mesh rotation regions: NO.
Fluid/fluid faces: NO.
-----------------------------------------------------------------------
Memory Working Set Current = 96.37 Mb, Memory Working Set Peak = 106.31 Mb
Memory Private Bytes Current = 109.88 Mb, Memory Private Bytes Peak = 109.88 Mb
Process Threads Number: 12
-----------------------------------------------------------------------
----------------------------------------------------------
BCF --> BCF.GEOMSUBDOM (bridge arrays):
MESH (0):
	Fluid Subdom Constructor: 1 subdom(s).
	Solid Subdom Constructor: 1 subdom(s).
	Net Asm Subdom Constructor: 0 subdom(s).
	GEOMSUBDOM (0): gi=0 Fluid av=65797 cv=65762 fa=192366 fb=0 fw=11591 V=7.086881e+02
	Cache data...OK
	GEOMSUBDOM (1): gi=1 Solid av=946 cv=946 fa=2377 fb=0 fw=1495 V=1.145323e+00
	Cache data...OK
	Setting nb of w-faces...OK (0.002 s).
	Correcting nb of w-faces...
	Time(correct_fw_nb)=0.003 s

MESH (0) checking:
	GEOMSUBDOM (0):fa_s=9351.5611043686894845 fb_s=0.0000000000000000 fw_s=510.0203536572221310 fw_nb=92662
	              :d_const(53839)=5.21982e-15 d_linear(53864)=5.81285e-14
	GEOMSUBDOM (1):fa_s=23.7673799974066213 fb_s=0.0000000000000000 fw_s=16.0051167337620441 fw_nb=11918
	              :d_const(564)=2.12114e-12 d_linear(395)=3.66853e-11
MESH (0) checking: OK.
Time (MDS): 	0.093 s
----------------------------------------------------------
-----------------------------------------------------------------------
Memory Working Set Current = 116.78 Mb, Memory Working Set Peak = 116.78 Mb
Memory Private Bytes Current = 129.33 Mb, Memory Private Bytes Peak = 129.33 Mb
Process Threads Number: 12
-----------------------------------------------------------------------

-----------------------------------------------------------------------
BCF CHECKSUM DATA (Mesh 0):

BRICK |Level1| Sum:               370
FACE_A Area Sum:   G.Fluid        9351.5611043686949415
FACE_A Area Sum:   G.Solid        23.7673799974066213
FACE_W Area Sum:                  510.0203536572220742
FACE_W Nb   Sum:                  92662
FACE_W min curvatures sum:        -956236.43532413
FACE_W max curvatures sum:        10600172.84876517
AV Max Disbalance(Const) :        2.12114e-12 (cid=37820, t={38, 49, 37}, avid=66279, pid=431)
AV Max Disbalance(Linear):        3.66853e-11 (cid=37779, t={25, 49, 37}, avid=66264, pid=416)
-----------------------------------------------------------------------


-----------------------------------------------------------------------
MESHER TOPOLOGY DATA:

BRICKS: Total                 65812
BRICKS: Fluid                 65737
BRICKS: Fluid Partial         871
BRICKS: Type 1                871
BRICKS: Max AV number         3

AV:     G.Total               66743
AV:     G.Fluid               65797
AV:     G.Solid               946

AV:     G.Fluid Thin Profile    0.00 % (0)
AV:     G.Solid Thin Profile    6.34 % (60)

AV:     G.Fluid Thin For Mega   0.00 % (0)
AV:     G.Solid Thin For Mega   5.50 % (52)

AV:     G.Fluid Non-Convex      0.75 % (496)
AV:     G.Solid Non-Convex     33.62 % (318)

AV:     G.Fluid Non-Ess-Convex      0.53 % (347)
AV:     G.Solid Non-Ess-Convex     16.28 % (154)

FACE_A: G.Fluid          (af) 192366 (partially opened 1926)
FACE_A: G.Solid          (as) 2377 (partially opened 1799)

FACE_B: G.Total          (b)  0

FACE_W: G.Total                 11591       Brick/Bound
FACE_W: G.Fluid/Solid    (fs_g) 1495        0           
FACE_W: G.Fluid/Fluid    (ff_g) 0           0           
FACE_W: G.Solid/Solid    (ss_g) 0           0           
FACE_W: G.Fluid/Void     (fv_g) 0           0           
FACE_W: G.Fluid/External (fe_g) 10096
FACE_W: G.Solid/External (se_g) 0

AV/CV max fa count (on brick side):4
AV/CV max fw count:                4
AV/CV max fb count:                0
AV/CV max fw poly count:           21

MEMORY: Total                   19.655 MB
MEMORY: Per Brick               0.306 KB
-----------------------------------------------------------------------

-----------------------------------------------------------------------
Connectivities information:
	Number of conns: 0
-----------------------------------------------------------------------
	Time (gap size): 	0.019 s
-----------------------------------------------------------------------
Memory Working Set Current = 116.82 Mb, Memory Working Set Peak = 116.82 Mb
Memory Private Bytes Current = 129.33 Mb, Memory Private Bytes Peak = 129.33 Mb
Process Threads Number: 12
-----------------------------------------------------------------------
-----------------------------------------------------------------------
Calculating curvature and tolerance criteria...
Curvature: min=0 (cid=0) max=3.14076 (cid=38266)
Tolerance: min=0 (cid=0) max=0.0721274 (cid=28985)
Calculating curvature and tolerance criteria takes 0.051 s
-----------------------------------------------------------------------
MESH Build(FS) finished. Time=0.764 s
-----------------------------------------------------------------------
Current CPU = 0 sec

Nx=34
Ny=60
Nz=32
Max BRICK Level=1
Mesh Level=1
-----------------CModelBodies2MeshMapper::CollectData started -------------------------------
	Time (collect mesh base data): 0.001 s.
	Time (collect model bodies mapping): 0.000 s.
	Time (collect positive bodies mapping): 0.000 s.
	Time (collect fluid bodies mapping): 0.000 s.
-----------------CModelBodies2MeshMapper Report -------------------------------
FluidDomains 1 SolidDomains 1 VoidDomains 0 
Domains RefIndexes
----------------- -------------------------------
	ModelBodies
Total resolved Bodies 0 BodySets 0

--------------------------------------------------------------------------
	Positive geometry Bodies
Total resolved Bodies 1 BodySets 1
BodySet 0
	Bodies list:
			#0	Name: ;	ID: c6c235f1-a4bc-4e18-8e5f-e05b64dcb20a
	Domains list:mesh type	 (0, 1)		 0 


--------------------------------------------------------------------------
	Fluid regions
Total resolved Bodies 1 BodySets 1
BodySet 0	Material: Air; 
	Bodies list:
			#0	Name: ;	ID: c6c235f1-a4bc-4e18-8e5f-e05b64dcb20a
	Domains list:mesh type	 (0, 1)		 0 


--------------------------------------------------------------------------
Collect data takes...0.002 s
-----------------CModelBodies2MeshMapper::CollectData finished successfully-------------------
Saving initial mesh in: C:\Users\juded\OneDrive\Desktop\Car shit\5\5.fld .
Storing results...
	Estimated CPT size=7.282 MB.
	Time (write bcf): 0.178 s
Storing results takes 0.183 s
-----------------------------------------------------------------------
Memory Working Set Current = 117.17 Mb, Memory Working Set Peak = 117.17 Mb
Memory Private Bytes Current = 129.33 Mb, Memory Private Bytes Peak = 129.33 Mb
Process Threads Number: 12
-----------------------------------------------------------------------
Cleaning memory...
-----------------------------------------------------------------------
Start to free mesher data...
MMP (msh): locals=5, allc_sz=9.48 MB, used_sz=8.05 MB, blks-min-max=1/27
MMP (brx): locals=6, allc_sz=9.24 MB, used_sz=8.52 MB, blks-min-max=11/18
MMP (bcf): locals=6, allc_sz=29.21 MB, used_sz=28.05 MB, blks-min-max=15/38
MMP (xsl): locals=6, allc_sz=0.11 MB, used_sz=0.06 MB, blks-min-max=1/2
Free xsl...            OK	Time=0.000 s
Free ray collector...  OK	Time=0.000 s
Free ray intersector...OK	Time=0.000 s
Free body sets...      OK	Time=0.006 s
Free Geometry DB takes 0.000 s
Free mesh conn...      OK	Time=0.000 s
Free geomsd...         OK	Time=0.000 s
Free mbricks...        OK	Time=0.001 s
Free hash info...      OK	Time=0.001 s
Free bricks-x...       OK	Time=0.001 s
Free bcf...            OK	Time=0.002 s
Free mesh h...         OK	Time=0.000 s
Free bricks arr..      OK	Time=0.000 s
Free bricks tree...    OK	Time=0.000 s
Free mesh pools...     OK	Time=0.005 s
Free bodies mapper...  OK	Time=0.000 s
Free geom crits...     OK	Time=0.000 s
Free cpt regions...    OK	Time=0.000 s
Free peculiar surfs... OK	Time=0.000 s
Free sw-geometries...  OK	Time=0.000 s
Total free mesher data time: 0.018 s
-----------------------------------------------------------------------
Copying... OK
CPT size=2.172 MB (2277027 bytes).
Mesh generation normally finished at	12.12.2024	23:23:38
Mesher CPU = 1 sec
Mesher is finished at	12.12.2024	23:23:38
-----------------------------------------------------------------------
Memory Working Set Current = 35.58 Mb, Memory Working Set Peak = 117.17 Mb
Memory Private Bytes Current = 44.95 Mb, Memory Private Bytes Peak = 129.33 Mb
Process Threads Number: 12
-----------------------------------------------------------------------
Algebra Pool      : mem_usage = 2.06 Mb, allocated count = 0
-----------------------------------------------------------------------
Memory Working Set Current = 33.79 Mb, Memory Working Set Peak = 117.17 Mb
Memory Private Bytes Current = 42.95 Mb, Memory Private Bytes Peak = 129.33 Mb
Process Threads Number: 12
Process Threads Number Peak: 12
-----------------------------------------------------------------------
Log ended at 12.12.2024	23:23:38
