Log started at 12.12.2024	21:09:29
Number of used processors (NPROC): 6.
Number of mesh partitions (NPART): 6.
Total Physical Memory = 31.91 Gb, Available Physical Memory = 17.48 Gb
Computer name:	DESKTOP-C408A46
Operating system:	Windows 11 (or higher) (Version 10.0.22631)

Commandline:	"C:\Program Files\SOLIDWORKS Corp\SOLIDWORKS Flow Simulation\BINCFW\efdsolver.exe" /config:"C:\Users\juded\OneDrive\Desktop\Car shit\1\1.xmlconfig" /guid:23336c8c-9fbc-4be8-8b23-b33ec8645609 /processors:max /m /s /prjnamelm:"Flow Simulation 2023" /prjnamehabout:"Flow Simulation 2023" /companyname:"COSMOS Applications" /prjaliasid:1009 /lang:English /port:3752

SOLIDWORKS 2023 SP2.1
Flow Simulation 2023  x64 / 5965

Project: C:\Users\juded\OneDrive\Desktop\Car shit\1\1.xmlconfig
Configuration name: Default
Project name: Project(1)
Problem type: external-with-void-internal-space-type
Exclude cavities without flow conditions: ON
NGK: OFF
MBO: OFF
-----------------------------------------------------------------------
Mesher option run = eRunMesherNormal
-----------------------------------------------------------------------

Mesh generation started:	12.12.2024	21:9:29
-----------------------------------------------------------------------
Memory Working Set Current = 15.46 Mb, Memory Working Set Peak = 15.46 Mb
Memory Private Bytes Current = 15.96 Mb, Memory Private Bytes Peak = 15.96 Mb
Process Threads Number: 7
-----------------------------------------------------------------------
Mesher adjust APD = OFF; AdjustAPD_method=0; N_per_Channel = 0; N2_per_Channel = 0
Current CPU = 0 sec
-----------------------------------------------------------------------
Geometries initialization:
-----------------------------------------------------------------------
Loading mesh settings (global/local)...
-----------------------------------------------------------------------
Number of geometries from DB: 1
Geometry(0):
	Guid = {00000000-0000-0000-0000-000000000000}
	Fluid..
	1 Body.
	1 Real body.
	-- Bodyset 0 --
		Tolerance=0.000500056.
		44 Face(s).
			44 of b-spline type.
		0 Face(s) that have no ref faces
		11 Plane surface(s).
		4 Cylinder surface(s).
		29 B- surface(s).
		50018 Triangle(s).
		Getting triangle connectivities from DB: 0.008 s
		115 Edge(s).
			115 of b-spline type.
		BodyGeom reading: 0.030 s.
		50018 Reference Triangles.
		Getting triangle connectivities from DB (Ref): 0.004 s
		BodyGeom Ref reading: 0.008 s.
Geometry(1):
	Solid.
	-- Bodyset 1 --
	Empty
-----------------------------------------------------------------------
Number of geometries in task: 2
	G : 0	Type: Fluid
	G : 1	Type: Solid
Number of bodysets   in task: 2
-----------------------------------------------------------------------
BodySet (0):
	Making hash and connectivity for Bodyset ...
		CBodyGeom:
		Hash size: {34, 240, 32}.
		Mesh size: {34, 60, 32}.
		Hashing triangles...Ok.
			axis(0) tr sizes: average=47 max=490
			axis(1) tr sizes: average=158 max=972
			axis(2) tr sizes: average=27 max=487
		Making triangles connectivity...Ok. (0.003 s).
		Neighbour triangles: 100.00 % (good connect:50016) - 0.00 % (bad connect:2). Min: 1. Max: 3.
		Number of t-connected sets:1 (cavity=0)
		CBodyGeomRef:
		Hashing triangles...Ok.
			axis(0) tr sizes: average=97 max=1037
			axis(1) tr sizes: average=149 max=904
			axis(2) tr sizes: average=56 max=670
	0.053 s.
Geometries reading and preparing has taken 0.110 s.
-----------------------------------------------------------------------
Mapped triangles:
Hashing rough geometry(bodies) triangulation:
BodySet (0):
	Triangles num=50018
	Triangles box={-0.9 ,0.9 ,0 ,5 ,4.08743e-06 ,1.00001}
		3d-hash size is 530388 bytes
		Making triangles connectivity...Ok. (0.003 s).
		Neighbour triangles: 100.00 % (good connect:50016) - 0.00 % (bad connect:2). Min: 1. Max: 3.
BodySet (1):
no log info (empty stream)

Mapped triangles processed in 0.053 s.
-----------------------------------------------------------------------
-----------------------------------------------------------------------
Getting sectors:
Number of sectors: 0
-----------------------------------------------------------------------
-----------------------------------------------------------------------
Bodies:     2
Faces:      44
Edges:      115
Triangles:  50018
-----------------------------------------------------------------------

Current CPU = 1 sec
-----------------------------------------------------------------------
Memory Working Set Current = 52.71 Mb, Memory Working Set Peak = 64.26 Mb
Memory Private Bytes Current = 52.55 Mb, Memory Private Bytes Peak = 63.64 Mb
Process Threads Number: 12
-----------------------------------------------------------------------
-----------------------------------------------------------------------
Checking faces on CD...
FCD = [0 0 0 0 0 0]
FCD_conflicts = 0
Time (check faces on CD)=0.000 s
-----------------------------------------------------------------------

-----------------------------------------------------------------------
Mesh dimensions:
				I[0 ]=34
				I[1 ]=60
				I[2 ]=32

Comp. domain size:
				a[0  ]=-3.90034
				a[1  ]=3.90034
				a[2  ]=-3.00034
				a[3  ]=10.0006
				a[4  ]=-3.00034
				a[5  ]=4.00044

Fluid calculated			1
Solid calculated			0
-----------------------------------------------------------------------
MESH Build started...
-----------------------------------------------------------------------
Mesh LEVEL = 1
-----------------------------------------------------------------------
-----------------------------------------------------------------------
CPT-mode xeps:
	D / dh / eps [axis=0] = (7.80068, 0.088199, 8.8199e-05)
	D / dh / eps [axis=1] = (13.0009, 0.0949805, 9.49805e-05)
	D / dh / eps [axis=2] = (7.00078, 0.0816752, 8.16752e-05)
-----------------------------------------------------------------------
Initial allocation and brick-body-box intersection...OK (0.002 s)
Initial triangle brick intersection...OK (0.001 s)
Setting regions (65280 / 65280)...OK (0.001 s)
-----------------------------------------------------------------------
Base mesh info:
	3D task
	Nx=34
	Ny=60
	Nz=32
	N(Nx*Ny*Nz) = 2040
	Period    axis=[0, 0, 0]
	Symmetry  ni=[0 0 0 0 0 0]
	ZoomingBC ni=[0 0 0 0 0 0]
	Nx=34
		x[0]=-3.90034
		x[1]=-3.57241
		x[2]=-3.26087
		x[3]=-2.96483
		x[4]=-2.68349
		x[5]=-2.41614
		x[6]=-2.16207
		x[7]=-1.92063
		x[8]=-1.6912
		x[9]=-1.47316
		x[10]=-1.26596
		x[11]=-1.06906
		x[12]=-0.881946
		x[13]=-0.705548
		x[14]=-0.529147
		x[15]=-0.352746
		x[16]=-0.176344
		x[17]=5.699e-05
		x[18]=0.176458
		x[19]=0.35286
		x[20]=0.529261
		x[21]=0.705662
		x[22]=0.882063
		x[23]=1.06916
		x[24]=1.26604
		x[25]=1.47323
		x[26]=1.69126
		x[27]=1.92069
		x[28]=2.16213
		x[29]=2.41621
		x[30]=2.68357
		x[31]=2.96493
		x[32]=3.26101
		x[33]=3.57257
		x[34]=3.90034
	Ny=60
		y[0]=-3.00034
		y[1]=-2.67837
		y[2]=-2.37199
		y[3]=-2.08037
		y[4]=-1.80278
		y[5]=-1.53856
		y[6]=-1.28707
		y[7]=-1.04768
		y[8]=-0.819817
		y[9]=-0.602928
		y[10]=-0.396481
		y[11]=-0.199975
		y[12]=-0.00711694
		y[13]=0.185742
		y[14]=0.378602
		y[15]=0.571461
		y[16]=0.76432
		y[17]=0.957179
		y[18]=1.15004
		y[19]=1.3429
		y[20]=1.53576
		y[21]=1.72862
		y[22]=1.92148
		y[23]=2.11433
		y[24]=2.30719
		y[25]=2.50005
		y[26]=2.69572
		y[27]=2.89138
		y[28]=3.08704
		y[29]=3.2827
		y[30]=3.47837
		y[31]=3.67403
		y[32]=3.86969
		y[33]=4.06535
		y[34]=4.26101
		y[35]=4.45668
		y[36]=4.65234
		y[37]=4.848
		y[38]=5.04366
		y[39]=5.23933
		y[40]=5.43499
		y[41]=5.63065
		y[42]=5.82631
		y[43]=6.02197
		y[44]=6.21764
		y[45]=6.4133
		y[46]=6.60896
		y[47]=6.80462
		y[48]=7.00029
		y[49]=7.19025
		y[50]=7.38946
		y[51]=7.59836
		y[52]=7.81743
		y[53]=8.04715
		y[54]=8.28806
		y[55]=8.54069
		y[56]=8.80562
		y[57]=9.08343
		y[58]=9.37477
		y[59]=9.68028
		y[60]=10.0006
	Nz=32
		z[0]=-3.00034
		z[1]=-2.69363
		z[2]=-2.40185
		z[3]=-2.1242
		z[4]=-1.86002
		z[5]=-1.60863
		z[6]=-1.36943
		z[7]=-1.14182
		z[8]=-0.925242
		z[9]=-0.719158
		z[10]=-0.52306
		z[11]=-0.336466
		z[12]=-0.158913
		z[13]=0.0100345
		z[14]=0.173385
		z[15]=0.336736
		z[16]=0.500088
		z[17]=0.66344
		z[18]=0.826791
		z[19]=0.990143
		z[20]=1.15908
		z[21]=1.33662
		z[22]=1.52321
		z[23]=1.7193
		z[24]=1.92538
		z[25]=2.14196
		z[26]=2.36957
		z[27]=2.60878
		z[28]=2.86018
		z[29]=3.12438
		z[30]=3.40204
		z[31]=3.69384
		z[32]=4.00044
-----------------------------------------------------------------------
Input_mesh_settings--------------------------------
Settings 0----------------
	Scope: GLOBAL
	Type:	------MESHER_SETTINGS----------
	RefAllCells           =0
	RefFluidCells         =0
	RefPartCells          =0
	RefSolidCells         =0
	l_SSFR(Capture crit)  =1
	l_curv(Curvature crit)=0
	l_tol(Tolerance crit) =0
	UseChannelRef         =1
	  NCR_method          =0
	  l_NCR               =1
	  N_gap               =5
	  Use d_NCR_min       =0
	  Use d_NCR_max       =0
	CloseThinSlotsHeight         =0
	--END_OF_MESHER_SETTINGS-------
End of input mesh settings-------------------------
-----------------------------------------------------------------------
Memory Working Set Current = 68.11 Mb, Memory Working Set Peak = 68.11 Mb
Memory Private Bytes Current = 69.80 Mb, Memory Private Bytes Peak = 69.80 Mb
Process Threads Number: 12
-----------------------------------------------------------------------
MMP (msh): locals=1, allc_sz=9.36 MB, used_sz=7.97 MB, blks-min-max=27/27
MMP (brx): locals=6, allc_sz=8.04 MB, used_sz=7.49 MB, blks-min-max=9/18
MMP (bcf): locals=0, allc_sz=0.00 MB, used_sz=0.00 MB, blks-min-max=0/0
MMP (xsl): locals=0, allc_sz=0.00 MB, used_sz=0.00 MB, blks-min-max=0/0
NxNyNz = [34, 60, 32]
base_dx=0.221629; 
NxNyNz_reverse = [35, 59, 32]

-----------------------------------------------------------------------
Refining geometries:
-----------------------------------------------------------------------

-----------------------------------------------------------------------
Refining by triangulation...
Refinement input: 65280 bricks
	Checking crit (65280 / 65280)...59 marked (0.049 s)
	Time(refinement): 0.000 s
Setting regions (472 / 65693)...OK (0.000 s)
	Checking crit (0 / 65693)...0 marked (0.000 s)
Refinement result (1 iterations): 65693 bricks (0.053 s)
Refinement input: 65693 bricks
	Checking crit (65221 / 65693)...0 marked (0.001 s)
Refinement result (0 iterations): 65693 bricks (0.002 s)
Collecting and processing rays:
	Adding rays...OK (0.006 s)
	new bricks = 65693 / 65693
	new rays   = 5740 (x=2115, y=1257, z=2368)
	Processing rays...
		Rays process:  0.066 (0.066) s
		Sort xstacks:  0.000 (0.000) s
		Put xstacks:   0.000 (0.000) s
		Total:         0.067 s
	Correcting rays...
		Lame vertices: 0.002 (0.002) s
		Bad rays:      0.000 (0.000) s
		Emit rays:     0.000 (0.000) s
		Correct ray f: 0.000 (0.000) s
		Undef:         0.000 (0.000) s
		Sum:           0.002 (0.002) s
		Total:         0.003 s
	Time (rays): 0.076 s
Capturing (65693 / 65693)...OK (0.002 s)
Refining by triangulation takes 0.133 s
-----------------------------------------------------------------------

-----------------------------------------------------------------------
Refining peculiar surfaces...
Collecting and processing rays:
	Adding rays...OK (0.000 s)
	new bricks = 0 / 65693
	new rays   = 0 (x=0, y=0, z=0)
	Processing rays...
		Rays process:  0.000 (0.000) s
		Sort xstacks:  0.000 (0.000) s
		Put xstacks:   0.000 (0.000) s
		Total:         0.000 s
	Correcting rays...
		Total:         0.000 s
	Time (rays): 0.001 s
Capturing (0 / 65693)...OK (0.000 s)
0 surfaces refined
Refining peculiar surfaces takes 0.002 s
-----------------------------------------------------------------------

-----------------------------------------------------------------------
Base mesh 1 Refining...
Collecting and processing rays:
	Adding rays...OK (0.000 s)
	new bricks = 0 / 65693
	new rays   = 0 (x=0, y=0, z=0)
	Processing rays...
		Rays process:  0.000 (0.000) s
		Sort xstacks:  0.000 (0.000) s
		Put xstacks:   0.000 (0.000) s
		Total:         0.000 s
	Correcting rays...
		Total:         0.000 s
	Time (rays): 0.001 s
Capturing (0 / 65693)...OK (0.000 s)
Refinement input: 65693 bricks
	Checking crit (65221 / 65693)...0 marked (0.001 s)
Refinement result (0 iterations): 65693 bricks (0.001 s)
-----------------------------------------------------------------------
Refining channels...
FYI: CNarrowChannelRefiner::RefineChannels_PRLL
Refinement input: 65693 bricks
	Time(refinement): 0.000 s
Setting regions (248 / 65910)...OK (0.001 s)
Refinement result (1 iterations): 65910 bricks (0.004 s)
Collecting and processing rays:
	Adding rays...OK (0.000 s)
	new bricks = 248 / 65910
	new rays   = 107 (x=16, y=8, z=83)
	Processing rays...
		Rays process:  0.001 (0.001) s
		Sort xstacks:  0.000 (0.000) s
		Put xstacks:   0.000 (0.000) s
		Total:         0.001 s
	Correcting rays...
		Lame vertices: 0.000 (0.000) s
		Bad rays:      0.000 (0.000) s
		Emit rays:     0.000 (0.000) s
		Correct ray f: 0.000 (0.000) s
		Undef:         0.000 (0.000) s
		Sum:           0.000 (0.000) s
		Total:         0.000 s
	Time (rays): 0.002 s
Capturing (248 / 65910)...OK (0.000 s)
FYI: m_iteration_count = 0
FYI: level1 statistics:
     level1_cnt_plus[1]=248;		level1_cnt_minus[1]=0
     level1_cnt_plus[2]=0;		level1_cnt_minus[2]=0
     level1_cnt_plus[3]=0;		level1_cnt_minus[3]=0
     level1_cnt_plus[4]=0;		level1_cnt_minus[4]=0
     level1_cnt_plus[5]=0;		level1_cnt_minus[5]=0
     level1_cnt_plus[6]=0;		level1_cnt_minus[6]=0
     level1_cnt_plus[7]=0;		level1_cnt_minus[7]=0
     level1_cnt_plus[8]=0;		level1_cnt_minus[8]=0
     level1_cnt_plus[9]=0;		level1_cnt_minus[9]=0
Refinement input: 65910 bricks
	Time(refinement): 0.000 s
Setting regions (80 / 65980)...OK (0.001 s)
Refinement result (1 iterations): 65980 bricks (0.004 s)
Collecting and processing rays:
	Adding rays...OK (0.000 s)
	new bricks = 80 / 65980
	new rays   = 22 (x=10, y=0, z=12)
	Processing rays...
		Rays process:  0.000 (0.000) s
		Sort xstacks:  0.000 (0.000) s
		Put xstacks:   0.000 (0.000) s
		Total:         0.000 s
	Correcting rays...
		Lame vertices: 0.000 (0.000) s
		Bad rays:      0.000 (0.000) s
		Emit rays:     0.000 (0.000) s
		Correct ray f: 0.000 (0.000) s
		Undef:         0.000 (0.000) s
		Sum:           0.000 (0.000) s
		Total:         0.001 s
	Time (rays): 0.001 s
Capturing (80 / 65980)...OK (0.000 s)
FYI: m_iteration_count = 1
FYI: level1 statistics:
     level1_cnt_plus[1]=328;		level1_cnt_minus[1]=0
     level1_cnt_plus[2]=0;		level1_cnt_minus[2]=0
     level1_cnt_plus[3]=0;		level1_cnt_minus[3]=0
     level1_cnt_plus[4]=0;		level1_cnt_minus[4]=0
     level1_cnt_plus[5]=0;		level1_cnt_minus[5]=0
     level1_cnt_plus[6]=0;		level1_cnt_minus[6]=0
     level1_cnt_plus[7]=0;		level1_cnt_minus[7]=0
     level1_cnt_plus[8]=0;		level1_cnt_minus[8]=0
     level1_cnt_plus[9]=0;		level1_cnt_minus[9]=0
Refinement input: 65980 bricks
	Time(refinement): 0.000 s
Setting regions (32 / 66008)...OK (0.000 s)
Refinement result (1 iterations): 66008 bricks (0.003 s)
Collecting and processing rays:
	Adding rays...OK (0.000 s)
	new bricks = 32 / 66008
	new rays   = 7 (x=5, y=0, z=2)
	Processing rays...
		Rays process:  0.000 (0.000) s
		Sort xstacks:  0.000 (0.000) s
		Put xstacks:   0.000 (0.000) s
		Total:         0.000 s
	Correcting rays...
		Lame vertices: 0.000 (0.000) s
		Bad rays:      0.000 (0.000) s
		Emit rays:     0.000 (0.000) s
		Correct ray f: 0.000 (0.000) s
		Undef:         0.000 (0.000) s
		Sum:           0.000 (0.000) s
		Total:         0.000 s
	Time (rays): 0.001 s
Capturing (32 / 66008)...OK (0.001 s)
FYI: m_iteration_count = 2
FYI: level1 statistics:
     level1_cnt_plus[1]=360;		level1_cnt_minus[1]=0
     level1_cnt_plus[2]=0;		level1_cnt_minus[2]=0
     level1_cnt_plus[3]=0;		level1_cnt_minus[3]=0
     level1_cnt_plus[4]=0;		level1_cnt_minus[4]=0
     level1_cnt_plus[5]=0;		level1_cnt_minus[5]=0
     level1_cnt_plus[6]=0;		level1_cnt_minus[6]=0
     level1_cnt_plus[7]=0;		level1_cnt_minus[7]=0
     level1_cnt_plus[8]=0;		level1_cnt_minus[8]=0
     level1_cnt_plus[9]=0;		level1_cnt_minus[9]=0
FYI: m_iteration_count = 3
FYI: level1 statistics:
     level1_cnt_plus[1]=360;		level1_cnt_minus[1]=0
     level1_cnt_plus[2]=0;		level1_cnt_minus[2]=0
     level1_cnt_plus[3]=0;		level1_cnt_minus[3]=0
     level1_cnt_plus[4]=0;		level1_cnt_minus[4]=0
     level1_cnt_plus[5]=0;		level1_cnt_minus[5]=0
     level1_cnt_plus[6]=0;		level1_cnt_minus[6]=0
     level1_cnt_plus[7]=0;		level1_cnt_minus[7]=0
     level1_cnt_plus[8]=0;		level1_cnt_minus[8]=0
     level1_cnt_plus[9]=0;		level1_cnt_minus[9]=0
FYI: level1 statistics:
     level1_cnt_plus[1]=360;		level1_cnt_minus[1]=0
     level1_cnt_plus[2]=0;		level1_cnt_minus[2]=0
     level1_cnt_plus[3]=0;		level1_cnt_minus[3]=0
     level1_cnt_plus[4]=0;		level1_cnt_minus[4]=0
     level1_cnt_plus[5]=0;		level1_cnt_minus[5]=0
     level1_cnt_plus[6]=0;		level1_cnt_minus[6]=0
     level1_cnt_plus[7]=0;		level1_cnt_minus[7]=0
     level1_cnt_plus[8]=0;		level1_cnt_minus[8]=0
     level1_cnt_plus[9]=0;		level1_cnt_minus[9]=0

-----------------------------------------------------------------------
U-shapes refinement...
Refinement input: 66008 bricks
	Checking crit (65176 / 66008)...0 marked (0.004 s)
Refinement result (0 iterations): 66008 bricks (0.004 s)
Collecting and processing rays:
	Adding rays...OK (0.000 s)
	new bricks = 0 / 66008
	new rays   = 0 (x=0, y=0, z=0)
	Processing rays...
		Rays process:  0.000 (0.000) s
		Sort xstacks:  0.000 (0.000) s
		Put xstacks:   0.000 (0.000) s
		Total:         0.000 s
	Correcting rays...
		Total:         0.000 s
	Time (rays): 0.001 s
Capturing (0 / 66008)...OK (0.000 s)
-----------------------------------------------------------------------

-----------------------------------------------------------------------
Equi Distant Refiner:
Equi Distant Refiner takes 0.00 s
-----------------------------------------------------------------------

/-Ray Intersection---------------/ Time	0.371 s
Calls                5876
CorrectRay Calls     0



-----------------------------------------------------------------------
Refining geometries takes 0.204 s
-----------------------------------------------------------------------
-----------------------------------------------------------------------
Memory Working Set Current = 77.75 Mb, Memory Working Set Peak = 77.75 Mb
Memory Private Bytes Current = 78.96 Mb, Memory Private Bytes Peak = 78.96 Mb
Process Threads Number: 12
-----------------------------------------------------------------------
Defect ray count	0
FYI: CNarrowChannelRefiner::RedistributeLevel1_step_1: is started
FYI: CNarrowChannelRefiner::RedistributeLevel1_step_1: is finished (0.001 s)
FYI: level1 statistics:
     level1_cnt_plus[1]=360;		level1_cnt_minus[1]=0
     level1_cnt_plus[2]=0;		level1_cnt_minus[2]=0
     level1_cnt_plus[3]=0;		level1_cnt_minus[3]=0
     level1_cnt_plus[4]=0;		level1_cnt_minus[4]=0
     level1_cnt_plus[5]=0;		level1_cnt_minus[5]=0
     level1_cnt_plus[6]=0;		level1_cnt_minus[6]=0
     level1_cnt_plus[7]=0;		level1_cnt_minus[7]=0
     level1_cnt_plus[8]=0;		level1_cnt_minus[8]=0
     level1_cnt_plus[9]=0;		level1_cnt_minus[9]=0
FYI: CNarrowChannelRefiner::RedistributeLevel1_step_2: is started
FYI: CNarrowChannelRefiner::RedistributeLevel1_step_2: is finished (0.035 s)
FYI: level1 statistics:
     level1_cnt_plus[1]=360;		level1_cnt_minus[1]=0
     level1_cnt_plus[2]=0;		level1_cnt_minus[2]=0
     level1_cnt_plus[3]=0;		level1_cnt_minus[3]=0
     level1_cnt_plus[4]=0;		level1_cnt_minus[4]=0
     level1_cnt_plus[5]=0;		level1_cnt_minus[5]=0
     level1_cnt_plus[6]=0;		level1_cnt_minus[6]=0
     level1_cnt_plus[7]=0;		level1_cnt_minus[7]=0
     level1_cnt_plus[8]=0;		level1_cnt_minus[8]=0
     level1_cnt_plus[9]=0;		level1_cnt_minus[9]=0
FYI: CNarrowChannelRefiner::RedistributeLevel1_step_3: is started
FYI: CNarrowChannelRefiner::RedistributeLevel1_step_3: is finished (0.004 s)
RedistributeLevel1 takes:
FYI: level1 statistics:
     level1_cnt_plus[1]=360;		level1_cnt_minus[1]=364
     level1_cnt_plus[2]=0;		level1_cnt_minus[2]=0
     level1_cnt_plus[3]=0;		level1_cnt_minus[3]=0
     level1_cnt_plus[4]=0;		level1_cnt_minus[4]=0
     level1_cnt_plus[5]=0;		level1_cnt_minus[5]=0
     level1_cnt_plus[6]=0;		level1_cnt_minus[6]=0
     level1_cnt_plus[7]=0;		level1_cnt_minus[7]=0
     level1_cnt_plus[8]=0;		level1_cnt_minus[8]=0
     level1_cnt_plus[9]=0;		level1_cnt_minus[9]=0
-----------------------------------------------------------------------
MSH format builder (Iteration 0)
-----------------------------------------------------------------------
Memory Working Set Current = 79.61 Mb, Memory Working Set Peak = 79.61 Mb
Memory Private Bytes Current = 81.01 Mb, Memory Private Bytes Peak = 81.01 Mb
Process Threads Number: 12
-----------------------------------------------------------------------
Total bricks count: 66008
-----------------------------------------------------------------------
MSH (Real Geometry) format constructor:
	Geom    Count = 2
	Bodyset Count = 2
	3D task
	Getting brick sets...OK (0.002 s)

	Min x-stack xeps = 1.7968e-05
	D / dh / eps [axis=0] = (7.80068, 0.088199, 5.98933e-06)
	D / dh / eps [axis=1] = (13.0009, 0.0964296, 5.98933e-06)
	D / dh / eps [axis=2] = (7.00078, 0.0816752, 5.98933e-06)
	Time (xeps): 0.001 s
Level 1
	Set (0)  size: 416
	Set (0)  time: 0.015 s
	Set (1)  size: 416
	Set (1)  time: 0.011 s
Level 0
	Set (0)  size: 32589
	Set (0)  time: 0.016 s
	Set (1)  size: 32587
	Set (1)  time: 0.017 s

	Spread npq bricks...0 marked (0.001 s)

Result:
	Bricks number:                        66008

	Memory usage:                         1.200 MB
	Memory usage (per brick):             0.019 KB
	Construction time:                    0.064 s

	Topology features:
	------------------
	- High quality bricks                  100.00 % (66008)
	- Medium quality bricks                  0.00 % (0)
	- Bad quality bricks                     0.00 % (0)
	- NPQ bricks                             0.00 % (0)
	- Type-1 bricks                          1.48 % (978)
	- Ribs corrected bricks                  0.00 % (0)
	- Points with geom-info (bricks)         0.00 % (0)
	- Points with closest-info (bricks)      0.01 % (8)
	- Triangulated by center (bricks)        0.00 % (0)
	- Facet w-faces mergings (bricks)        0.00 % (0)
	- To refine (bricks)                     0.00 % (0)
	- Points-count                           0.00 % (0)
	- T-self-intersection-all (bricks)       0.00 % (0)
	- T-self-intersection-simple (bricks)    0.00 % (0)
	- T-self-intersection-complex (bricks)   0.00 % (0)
	- NPQ by reason 1 u-shape                0.00 % (0)
	- NPQ by reason 2 tri-by-ctr             0.00 % (0)
	- NPQ by reason 3 ray-correction         0.00 % (0)
	- NPQ by reason 4 t-self-intersection    0.00 % (0)
	- NPQ by reason 5 non-good               0.00 % (0)
	- NPQ by reason 6 npq-worker             0.00 % (0)

-----------------------------------------------------------------------
Memory Working Set Current = 86.84 Mb, Memory Working Set Peak = 86.84 Mb
Memory Private Bytes Current = 89.99 Mb, Memory Private Bytes Peak = 89.99 Mb
Process Threads Number: 12
-----------------------------------------------------------------------
-----------------------------------------------------------------------
msh-iterations: 1
-----------------------------------------------------------------------
high---q-brick-count = 100.00 % (66008 66008)
medium-q-brick-count =   0.00 % (66008 0)
bad----q-brick-count =   0.00 % (66008 0)
np-----q-brick-count =   0.00 % (66008 0)
-----------------------------------------------------------------------
Free brick parser storage...OK(0.001 s)
-----------------------------------------------------------------------
Memory Working Set Current = 86.89 Mb, Memory Working Set Peak = 86.89 Mb
Memory Private Bytes Current = 89.99 Mb, Memory Private Bytes Peak = 89.99 Mb
Process Threads Number: 12
-----------------------------------------------------------------------
-----------------------------------------------------------------------
MSH --> BCF format (Iteration 0)...
BCF collector...(remove mode=0)
	Time (alloc counter per brick): 0.001 s
	Brick    count: 66008
	Av.f all count: 65879
	Av.s all count: 1170
	Av.f pid count: 1041
	Av.s pid count: 978
	Faces fs count: 2751
	Faces ff count: 0
	Faces ss count: 0
	Faces bb count: 0
	Faces fe count: 10096
	Faces se count: 0
	Faces fw count: 12847
	Faces af count: 192566
	Faces as count: 3100
	Time (all count): 	0.003 s
	Time (bcf alloc): 	0.001 s
	Time (shifts alloc): 	0.002 s
	Time (shifts init): 	0.002 s
	Time (bcf fill): 	0.005 s
	Time (add av to faces): 0.000 s
	Time (add faces to av): 0.003 s
Time (bcf collect): 		0.019 s
	AV checker...
		Hole marker...
			Subdomains:               1.
			Subdomains (cond):        1.
			Time (sd):      0.009 s.
			Time (sd_cond): 0.008 s.
			Time (potential-hole marking): 	0.001 s
			Time (hole checking): 0.000 s.
			0 av(s) are marked to fill subdomain holes.
		Time (hole marker): 0.019 s.
	Time (check av): 	0.033 s
	Subdomain checker...
		Subdomains construction time: 0.009 s.
		Subdomains sort time: 0.000 s.
			Subdomain 0 (geom_ind=0): 65879 av
			Subdomain 1 (geom_ind=1): 1170 av
		gi: 0, real bodies: 1
		gi: 0, subdomains:  1
		gi: 1, real bodies: 0
		gi: 1, subdomains:  1
		Defect subdomains: 0
	Time (check subdoms): 	0.010 s
Time (bcf iteration total): 	0.063 s
	Time (fw-nb): 		0.001 s
	Fixed mutual fw-nb:     2269 (bb: 0)
	Time (fw-nb mutual): 	0.000 s
	Time (fw-nb sort): 	0.000 s
	Fw-opt BEFORE total:    12847 (fs=2751, ff=0, ss=0)
	Fw-opt AFTER  total:    11711 (fs=1615, ff=0, ss=0, failed fw/br=0/0, big_curv=4, big_poly=0)
	Fw-opt RESULT:          1136 (res/(fs+ff+ss) = 41.29 %)
	Time (fw-opt): 		0.001 s
	Time (fw-re-order): 	0.001 s
	Time (fw-nb): 		0.002 s
	Fixed mutual fw-nb:     23504 (bb: 0)
	Time (fw-nb mutual): 	0.001 s
	Time (fw-nb sort): 	0.000 s
	Time (rfd fix): 	0.000 s
	Time (av convexity): 	0.001 s
	Time (av small volume): 0.000 s
	Time (diagonal fw-nb): 	0.013 s
	Fixed mutual fw-nb:     0 (bb: 0)
	Time (fw-nb mutual): 	0.001 s
	Time (fw-nb sort): 	0.001 s
	Fluid subdomains: 1
	Faces fw-nb diff sd:    0
	Time (fw-nb diff sd): 	0.009 s
Time (bcf calc): 		0.036 s
-----------------------------------------------------------------------
Time (bcf total): 		0.100 s
-----------------------------------------------------------------------
bcf-iterations: 1
-----------------------------------------------------------------------
-----------------------------------------------------------------------
Mega-cv constructor for fluid...
	 0 av's is treated as thin
Relative size generator (threshold = 0.05)...
	Iteration 1 (small cluster count = 84)
	Iteration 2 (small cluster count = 36)
	Iteration 3 (small cluster count = 11)
	Iteration 4 (small cluster count = 1)
	Iteration 5 (small cluster count = 0)
	 75 mega-cv's generated
	 2 mega-cv's removed
Relative size generator is completed OK (0.004 s)
Apply fa-rules to mega-cv clusters fixes...
	Fa-rule violation fixes:       17 of       17 (total cluster# =       86)
OK (0.002 s)
There are 1 clusters with nbrs connected in more than one axis
Convert clusters:
	 75 mega-cv's total
Mega-cv count: 75
Time (mega-cv fill): 	0.000 s
Time (mega-cv total): 	0.016 s
-----------------------------------------------------------------------
Mixing plane rotation regions: NO.
Sliding mesh rotation regions: NO.
Fluid/fluid faces: NO.
-----------------------------------------------------------------------
Memory Working Set Current = 102.85 Mb, Memory Working Set Peak = 114.36 Mb
Memory Private Bytes Current = 119.56 Mb, Memory Private Bytes Peak = 121.43 Mb
Process Threads Number: 12
-----------------------------------------------------------------------
----------------------------------------------------------
BCF --> BCF.GEOMSUBDOM (bridge arrays):
MESH (0):
	Fluid Subdom Constructor: 1 subdom(s).
	Solid Subdom Constructor: 1 subdom(s).
	Net Asm Subdom Constructor: 0 subdom(s).
	GEOMSUBDOM (0): gi=0 Fluid av=65879 cv=65795 fa=192566 fb=0 fw=11711 V=7.087617e+02
	Cache data...OK
	GEOMSUBDOM (1): gi=1 Solid av=1170 cv=1170 fa=3100 fb=0 fw=1615 V=1.229596e+00
	Cache data...OK
	Setting nb of w-faces...OK (0.001 s).
	Correcting nb of w-faces...
	Time(correct_fw_nb)=0.001 s

MESH (0) checking:
	GEOMSUBDOM (0):fa_s=9351.7247471342798235 fb_s=0.0000000000000000 fw_s=510.3585395056985590 fw_nb=93552
	              :d_const(53737)=4.86614e-13 d_linear(26425)=1.79129e-12
	GEOMSUBDOM (1):fa_s=27.6496725089872868 fb_s=0.0000000000000000 fw_s=16.2716815580134408 fw_nb=12808
	              :d_const(629)=1.61568e-09 d_linear(629)=9.99227e-08
MESH (0) checking: OK.
Time (MDS): 	0.059 s
----------------------------------------------------------
-----------------------------------------------------------------------
Memory Working Set Current = 124.72 Mb, Memory Working Set Peak = 124.72 Mb
Memory Private Bytes Current = 140.44 Mb, Memory Private Bytes Peak = 140.44 Mb
Process Threads Number: 12
-----------------------------------------------------------------------

-----------------------------------------------------------------------
BCF CHECKSUM DATA (Mesh 0):

BRICK |Level1| Sum:               724
FACE_A Area Sum:   G.Fluid        9351.7247471342780045
FACE_A Area Sum:   G.Solid        27.6496725089872868
FACE_W Area Sum:                  510.3585395056985590
FACE_W Nb   Sum:                  93552
FACE_W min curvatures sum:        -4577597514.02754211
FACE_W max curvatures sum:        23796402.60343176
AV Max Disbalance(Const) :        1.61568e-09 (cid=35664, t={32, 38, 34}, avid=66419, pid=417)
AV Max Disbalance(Linear):        9.99227e-08 (cid=35664, t={32, 38, 34}, avid=66419, pid=417)
-----------------------------------------------------------------------


-----------------------------------------------------------------------
MESHER TOPOLOGY DATA:

BRICKS: Total                 66008
BRICKS: Fluid                 65816
BRICKS: Fluid Partial         978
BRICKS: Type 1                978
BRICKS: Max AV number         3

AV:     G.Total               67049
AV:     G.Fluid               65879
AV:     G.Solid               1170

AV:     G.Fluid Thin Profile    0.00 % (0)
AV:     G.Solid Thin Profile    5.38 % (63)

AV:     G.Fluid Thin For Mega   0.00 % (0)
AV:     G.Solid Thin For Mega   4.87 % (57)

AV:     G.Fluid Non-Convex      0.84 % (551)
AV:     G.Solid Non-Convex     31.11 % (364)

AV:     G.Fluid Non-Ess-Convex      0.50 % (331)
AV:     G.Solid Non-Ess-Convex     17.09 % (200)

FACE_A: G.Fluid          (af) 192566 (partially opened 2159)
FACE_A: G.Solid          (as) 3100 (partially opened 2030)

FACE_B: G.Total          (b)  0

FACE_W: G.Total                 11711       Brick/Bound
FACE_W: G.Fluid/Solid    (fs_g) 1615        0           
FACE_W: G.Fluid/Fluid    (ff_g) 0           0           
FACE_W: G.Solid/Solid    (ss_g) 0           0           
FACE_W: G.Fluid/Void     (fv_g) 0           0           
FACE_W: G.Fluid/External (fe_g) 10096
FACE_W: G.Solid/External (se_g) 0

AV/CV max fa count (on brick side):5
AV/CV max fw count:                5
AV/CV max fb count:                0
AV/CV max fw poly count:           24

MEMORY: Total                   19.759 MB
MEMORY: Per Brick               0.307 KB
-----------------------------------------------------------------------

-----------------------------------------------------------------------
Connectivities information:
	Number of conns: 0
-----------------------------------------------------------------------
	Time (gap size): 	0.023 s
-----------------------------------------------------------------------
Memory Working Set Current = 124.77 Mb, Memory Working Set Peak = 124.77 Mb
Memory Private Bytes Current = 140.45 Mb, Memory Private Bytes Peak = 140.46 Mb
Process Threads Number: 12
-----------------------------------------------------------------------
-----------------------------------------------------------------------
Calculating curvature and tolerance criteria...
Curvature: min=0 (cid=0) max=3.14159 (cid=38244)
Tolerance: min=0 (cid=0) max=0.0764498 (cid=29162)
Calculating curvature and tolerance criteria takes 0.071 s
-----------------------------------------------------------------------
MESH Build(FS) finished. Time=0.627 s
-----------------------------------------------------------------------
Current CPU = 1 sec

Nx=34
Ny=60
Nz=32
Max BRICK Level=1
Mesh Level=1
-----------------CModelBodies2MeshMapper::CollectData started -------------------------------
	Time (collect mesh base data): 0.001 s.
	Time (collect model bodies mapping): 0.000 s.
	Time (collect positive bodies mapping): 0.000 s.
	Time (collect fluid bodies mapping): 0.000 s.
-----------------CModelBodies2MeshMapper Report -------------------------------
FluidDomains 1 SolidDomains 1 VoidDomains 0 
Domains RefIndexes
----------------- -------------------------------
	ModelBodies
Total resolved Bodies 0 BodySets 0

--------------------------------------------------------------------------
	Positive geometry Bodies
Total resolved Bodies 1 BodySets 1
BodySet 0
	Bodies list:
			#0	Name: ;	ID: a42794fd-ad10-455d-bc71-1ff814daaf58
	Domains list:mesh type	 (0, 1)		 0 


--------------------------------------------------------------------------
	Fluid regions
Total resolved Bodies 1 BodySets 1
BodySet 0	Material: Air; 
	Bodies list:
			#0	Name: ;	ID: a42794fd-ad10-455d-bc71-1ff814daaf58
	Domains list:mesh type	 (0, 1)		 0 


--------------------------------------------------------------------------
Collect data takes...0.002 s
-----------------CModelBodies2MeshMapper::CollectData finished successfully-------------------
Saving initial mesh in: C:\Users\juded\OneDrive\Desktop\Car shit\1\1.fld .
Storing results...
	Estimated CPT size=7.344 MB.
	Time (write bcf): 0.165 s
Storing results takes 0.171 s
-----------------------------------------------------------------------
Memory Working Set Current = 125.07 Mb, Memory Working Set Peak = 125.07 Mb
Memory Private Bytes Current = 140.45 Mb, Memory Private Bytes Peak = 140.46 Mb
Process Threads Number: 12
-----------------------------------------------------------------------
Cleaning memory...
-----------------------------------------------------------------------
Start to free mesher data...
MMP (msh): locals=5, allc_sz=9.50 MB, used_sz=8.07 MB, blks-min-max=2/27
MMP (brx): locals=6, allc_sz=9.96 MB, used_sz=8.66 MB, blks-min-max=11/19
MMP (bcf): locals=6, allc_sz=29.12 MB, used_sz=28.26 MB, blks-min-max=16/38
MMP (xsl): locals=6, allc_sz=0.11 MB, used_sz=0.07 MB, blks-min-max=1/2
Free xsl...            OK	Time=0.000 s
Free ray collector...  OK	Time=0.000 s
Free ray intersector...OK	Time=0.000 s
Free body sets...      OK	Time=0.009 s
Free Geometry DB takes 0.000 s
Free mesh conn...      OK	Time=0.000 s
Free geomsd...         OK	Time=0.000 s
Free mbricks...        OK	Time=0.001 s
Free hash info...      OK	Time=0.001 s
Free bricks-x...       OK	Time=0.000 s
Free bcf...            OK	Time=0.003 s
Free mesh h...         OK	Time=0.000 s
Free bricks arr..      OK	Time=0.000 s
Free bricks tree...    OK	Time=0.000 s
Free mesh pools...     OK	Time=0.006 s
Free bodies mapper...  OK	Time=0.000 s
Free geom crits...     OK	Time=0.000 s
Free cpt regions...    OK	Time=0.000 s
Free peculiar surfs... OK	Time=0.000 s
Free sw-geometries...  OK	Time=0.000 s
Total free mesher data time: 0.023 s
-----------------------------------------------------------------------
Copying... OK
CPT size=2.261 MB (2370876 bytes).
Mesh generation normally finished at	12.12.2024	21:9:30
Mesher CPU = 1 sec
Mesher is finished at	12.12.2024	21:9:30
-----------------------------------------------------------------------
Memory Working Set Current = 37.07 Mb, Memory Working Set Peak = 125.07 Mb
Memory Private Bytes Current = 49.67 Mb, Memory Private Bytes Peak = 140.46 Mb
Process Threads Number: 12
-----------------------------------------------------------------------
Algebra Pool      : mem_usage = 2.06 Mb, allocated count = 0
-----------------------------------------------------------------------
Memory Working Set Current = 35.29 Mb, Memory Working Set Peak = 125.07 Mb
Memory Private Bytes Current = 47.66 Mb, Memory Private Bytes Peak = 140.46 Mb
Process Threads Number: 12
Process Threads Number Peak: 12
-----------------------------------------------------------------------
Log ended at 12.12.2024	21:09:30
