OK
Log started at 14.12.2024	20:08:51
Number of used processors (NPROC): 6.
Number of mesh partitions (NPART): 6.
Total Physical Memory = 31.91 Gb, Available Physical Memory = 16.50 Gb
Computer name:	DESKTOP-C408A46
Operating system:	Windows 11 (or higher) (Version 10.0.22631)

Commandline:	"C:\Program Files\SOLIDWORKS Corp\SOLIDWORKS Flow Simulation\BINCFW\efdsolver.exe" /config:"C:\Users\juded\OneDrive\Desktop\Car shit\19\19.xmlconfig" /guid:a6c57017-72c8-4abe-9fcd-847ec2e4a3c2 /processors:max /m /s /prjnamelm:"Flow Simulation 2023" /prjnamehabout:"Flow Simulation 2023" /companyname:"COSMOS Applications" /prjaliasid:1009 /lang:English /port:10250

SOLIDWORKS 2023 SP2.1
Flow Simulation 2023  x64 / 5965

Project: C:\Users\juded\OneDrive\Desktop\Car shit\19\19.xmlconfig
Configuration name: Default
Project name: Project(1)
Problem type: external-with-void-internal-space-type
Exclude cavities without flow conditions: ON
NGK: OFF
MBO: OFF
-----------------------------------------------------------------------
Mesher option run = eRunMesherNormal
-----------------------------------------------------------------------

Mesh generation started:	14.12.2024	20:8:51
-----------------------------------------------------------------------
Memory Working Set Current = 15.48 Mb, Memory Working Set Peak = 15.48 Mb
Memory Private Bytes Current = 15.98 Mb, Memory Private Bytes Peak = 15.98 Mb
Process Threads Number: 7
-----------------------------------------------------------------------
Mesher adjust APD = OFF; AdjustAPD_method=0; N_per_Channel = 0; N2_per_Channel = 0
Current CPU = 0 sec
-----------------------------------------------------------------------
Geometries initialization:
-----------------------------------------------------------------------
Loading mesh settings (global/local)...
-----------------------------------------------------------------------
Number of geometries from DB: 1
Geometry(0):
	Guid = {00000000-0000-0000-0000-000000000000}
	Fluid..
	1 Body.
	1 Real body.
	-- Bodyset 0 --
		Tolerance=0.000244675.
		19 Face(s).
			19 of b-spline type.
		0 Face(s) that have no ref faces
		5 Plane surface(s).
		14 B- surface(s).
		90252 Triangle(s).
		Getting triangle connectivities from DB: 0.008 s
		55 Edge(s).
			55 of b-spline type.
		BodyGeom reading: 0.042 s.
		90252 Reference Triangles.
		Getting triangle connectivities from DB (Ref): 0.008 s
		BodyGeom Ref reading: 0.013 s.
Geometry(1):
	Solid.
	-- Bodyset 1 --
	Empty
-----------------------------------------------------------------------
Number of geometries in task: 2
	G : 0	Type: Fluid
	G : 1	Type: Solid
Number of bodysets   in task: 2
-----------------------------------------------------------------------
BodySet (0):
	Making hash and connectivity for Bodyset ...
		CBodyGeom:
		Hash size: {44, 344, 32}.
		Mesh size: {44, 86, 32}.
		Hashing triangles...Ok.
			axis(0) tr sizes: average=45 max=546
			axis(1) tr sizes: average=168 max=1173
			axis(2) tr sizes: average=24 max=219
		Number of t-connected sets:1 (cavity=0)
		CBodyGeomRef:
		Hashing triangles...Ok.
			axis(0) tr sizes: average=94 max=1342
			axis(1) tr sizes: average=161 max=1136
			axis(2) tr sizes: average=51 max=436
	0.0885 s.
Geometries reading and preparing has taken 0.173 s.
-----------------------------------------------------------------------
Mapped triangles:
Hashing rough geometry(bodies) triangulation:
BodySet (0):
	Triangles num=90252
	Triangles box={-0.906828 ,0.905842 ,-5 ,0 ,0.0675703 ,0.555917}
		3d-hash size is 1034108 bytes
BodySet (1):
no log info (empty stream)

Mapped triangles processed in 0.074 s.
-----------------------------------------------------------------------
-----------------------------------------------------------------------
Getting sectors:
Number of sectors: 0
-----------------------------------------------------------------------
-----------------------------------------------------------------------
Bodies:     2
Faces:      19
Edges:      55
Triangles:  90252
-----------------------------------------------------------------------

Current CPU = 0 sec
-----------------------------------------------------------------------
Memory Working Set Current = 78.58 Mb, Memory Working Set Peak = 94.99 Mb
Memory Private Bytes Current = 78.97 Mb, Memory Private Bytes Peak = 94.54 Mb
Process Threads Number: 12
-----------------------------------------------------------------------
-----------------------------------------------------------------------
Checking faces on CD...
FCD = [0 0 0 0 0 0]
FCD_conflicts = 0
Time (check faces on CD)=0.000 s
-----------------------------------------------------------------------

-----------------------------------------------------------------------
Mesh dimensions:
				I[0 ]=44
				I[1 ]=86
				I[2 ]=32

Comp. domain size:
				a[0  ]=-2.37516
				a[1  ]=2.37411
				a[2  ]=-7.4468
				a[3  ]=1.46806
				a[4  ]=-1.40105
				a[5  ]=2.0244

Fluid calculated			1
Solid calculated			0
-----------------------------------------------------------------------
MESH Build started...
-----------------------------------------------------------------------
Mesh LEVEL = 1
-----------------------------------------------------------------------
-----------------------------------------------------------------------
CPT-mode xeps:
	D / dh / eps [axis=0] = (4.74927, 0.044422, 4.4422e-05)
	D / dh / eps [axis=1] = (8.91485, 0.0466029, 4.66029e-05)
	D / dh / eps [axis=2] = (3.42544, 0.0399632, 3.99632e-05)
-----------------------------------------------------------------------
Initial allocation and brick-body-box intersection...OK (0.002 s)
Initial triangle brick intersection...OK (0.001 s)
Setting regions (121088 / 121088)...OK (0.001 s)
-----------------------------------------------------------------------
Base mesh info:
	3D task
	Nx=44
	Ny=86
	Nz=32
	N(Nx*Ny*Nz) = 3784
	Period    axis=[0, 0, 0]
	Symmetry  ni=[0 0 0 0 0 0]
	ZoomingBC ni=[0 0 0 0 0 0]
	Nx=44
		x[0]=-2.37516
		x[1]=-2.21522
		x[2]=-2.06298
		x[3]=-1.91804
		x[4]=-1.78002
		x[5]=-1.64861
		x[6]=-1.52349
		x[7]=-1.40436
		x[8]=-1.29093
		x[9]=-1.18293
		x[10]=-1.08009
		x[11]=-0.982178
		x[12]=-0.88895
		x[13]=-0.800106
		x[14]=-0.711261
		x[15]=-0.622415
		x[16]=-0.53357
		x[17]=-0.444725
		x[18]=-0.355879
		x[19]=-0.267034
		x[20]=-0.178189
		x[21]=-0.0893433
		x[22]=-0.000498002
		x[23]=0.0883473
		x[24]=0.177193
		x[25]=0.266038
		x[26]=0.354883
		x[27]=0.443729
		x[28]=0.532574
		x[29]=0.621419
		x[30]=0.710265
		x[31]=0.79911
		x[32]=0.887955
		x[33]=0.981177
		x[34]=1.07908
		x[35]=1.18192
		x[36]=1.28992
		x[37]=1.40335
		x[38]=1.52248
		x[39]=1.64761
		x[40]=1.77902
		x[41]=1.91704
		x[42]=2.062
		x[43]=2.21425
		x[44]=2.37411
	Ny=86
		y[0]=-7.4468
		y[1]=-7.29035
		y[2]=-7.14114
		y[3]=-6.99879
		y[4]=-6.86298
		y[5]=-6.73341
		y[6]=-6.6098
		y[7]=-6.49187
		y[8]=-6.37937
		y[9]=-6.27203
		y[10]=-6.16963
		y[11]=-6.07193
		y[12]=-5.97872
		y[13]=-5.88209
		y[14]=-5.78546
		y[15]=-5.68883
		y[16]=-5.5922
		y[17]=-5.49557
		y[18]=-5.39893
		y[19]=-5.3023
		y[20]=-5.20567
		y[21]=-5.10904
		y[22]=-5.01241
		y[23]=-4.91578
		y[24]=-4.81915
		y[25]=-4.72251
		y[26]=-4.62588
		y[27]=-4.52925
		y[28]=-4.43262
		y[29]=-4.33599
		y[30]=-4.23936
		y[31]=-4.14273
		y[32]=-4.0461
		y[33]=-3.94946
		y[34]=-3.85283
		y[35]=-3.7562
		y[36]=-3.65957
		y[37]=-3.56294
		y[38]=-3.46631
		y[39]=-3.36968
		y[40]=-3.27304
		y[41]=-3.17641
		y[42]=-3.07978
		y[43]=-2.98315
		y[44]=-2.88652
		y[45]=-2.78989
		y[46]=-2.69326
		y[47]=-2.59663
		y[48]=-2.49999
		y[49]=-2.40378
		y[50]=-2.30756
		y[51]=-2.21134
		y[52]=-2.11512
		y[53]=-2.0189
		y[54]=-1.92268
		y[55]=-1.82646
		y[56]=-1.73025
		y[57]=-1.63403
		y[58]=-1.53781
		y[59]=-1.44159
		y[60]=-1.34537
		y[61]=-1.24915
		y[62]=-1.15293
		y[63]=-1.05672
		y[64]=-0.960498
		y[65]=-0.864279
		y[66]=-0.768061
		y[67]=-0.671842
		y[68]=-0.575624
		y[69]=-0.479405
		y[70]=-0.383187
		y[71]=-0.286968
		y[72]=-0.19075
		y[73]=-0.094531
		y[74]=0.00168749
		y[75]=0.097906
		y[76]=0.194322
		y[77]=0.295567
		y[78]=0.401879
		y[79]=0.513512
		y[80]=0.630734
		y[81]=0.753824
		y[82]=0.883075
		y[83]=1.0188
		y[84]=1.16131
		y[85]=1.31096
		y[86]=1.46806
	Nz=32
		z[0]=-1.40105
		z[1]=-1.25097
		z[2]=-1.10821
		z[3]=-0.972358
		z[4]=-0.843093
		z[5]=-0.720092
		z[6]=-0.603052
		z[7]=-0.491683
		z[8]=-0.385712
		z[9]=-0.284876
		z[10]=-0.188927
		z[11]=-0.0976268
		z[12]=-0.0107514
		z[13]=0.0719139
		z[14]=0.15184
		z[15]=0.231767
		z[16]=0.311694
		z[17]=0.391621
		z[18]=0.471548
		z[19]=0.551476
		z[20]=0.634135
		z[21]=0.721005
		z[22]=0.812301
		z[23]=0.908248
		z[24]=1.00908
		z[25]=1.11505
		z[26]=1.22642
		z[27]=1.34347
		z[28]=1.46647
		z[29]=1.59574
		z[30]=1.7316
		z[31]=1.87438
		z[32]=2.0244
-----------------------------------------------------------------------
Input_mesh_settings--------------------------------
Settings 0----------------
	Scope: GLOBAL
	Type:	------MESHER_SETTINGS----------
	RefAllCells           =0
	RefFluidCells         =0
	RefPartCells          =0
	RefSolidCells         =0
	l_SSFR(Capture crit)  =1
	l_curv(Curvature crit)=0
	l_tol(Tolerance crit) =0
	UseChannelRef         =1
	  NCR_method          =0
	  l_NCR               =1
	  N_gap               =5
	  Use d_NCR_min       =0
	  Use d_NCR_max       =0
	CloseThinSlotsHeight         =0
	--END_OF_MESHER_SETTINGS-------
End of input mesh settings-------------------------
-----------------------------------------------------------------------
Memory Working Set Current = 107.17 Mb, Memory Working Set Peak = 107.17 Mb
Memory Private Bytes Current = 109.73 Mb, Memory Private Bytes Peak = 109.73 Mb
Process Threads Number: 12
-----------------------------------------------------------------------
MMP (msh): locals=1, allc_sz=16.30 MB, used_sz=14.79 MB, blks-min-max=30/30
MMP (brx): locals=6, allc_sz=15.01 MB, used_sz=13.93 MB, blks-min-max=14/20
MMP (bcf): locals=0, allc_sz=0.00 MB, used_sz=0.00 MB, blks-min-max=0/0
MMP (xsl): locals=0, allc_sz=0.00 MB, used_sz=0.00 MB, blks-min-max=0/0
NxNyNz = [44, 86, 32]
base_dx=0.106215; 
NxNyNz_reverse = [45, 84, 32]

-----------------------------------------------------------------------
Refining geometries:
-----------------------------------------------------------------------

-----------------------------------------------------------------------
Refining by triangulation...
Refinement input: 121088 bricks
	Checking crit (121088 / 121088)...61 marked (0.043 s)
	Time(refinement): 0.000 s
Setting regions (488 / 121515)...OK (0.001 s)
	Checking crit (0 / 121515)...0 marked (0.001 s)
Refinement result (1 iterations): 121515 bricks (0.053 s)
Refinement input: 121515 bricks
	Checking crit (121027 / 121515)...0 marked (0.003 s)
Refinement result (0 iterations): 121515 bricks (0.003 s)
Collecting and processing rays:
	Adding rays...OK (0.014 s)
	new bricks = 121515 / 121515
	new rays   = 8683 (x=2924, y=1602, z=4157)
	Processing rays...
		Rays process:  0.077 (0.077) s
		Sort xstacks:  0.000 (0.000) s
		Put xstacks:   0.001 (0.001) s
		Total:         0.078 s
	Correcting rays...
		Lame vertices: 0.004 (0.004) s
		Bad rays:      0.000 (0.000) s
		Emit rays:     0.000 (0.000) s
		Correct ray f: 0.000 (0.000) s
		Undef:         0.000 (0.000) s
		Sum:           0.004 (0.004) s
		Total:         0.005 s
	Time (rays): 0.097 s
Capturing (121515 / 121515)...OK (0.005 s)
Refining by triangulation takes 0.158 s
-----------------------------------------------------------------------

-----------------------------------------------------------------------
Refining peculiar surfaces...
Collecting and processing rays:
	Adding rays...OK (0.001 s)
	new bricks = 0 / 121515
	new rays   = 0 (x=0, y=0, z=0)
	Processing rays...
		Rays process:  0.000 (0.000) s
		Sort xstacks:  0.000 (0.000) s
		Put xstacks:   0.000 (0.000) s
		Total:         0.000 s
	Correcting rays...
		Total:         0.000 s
	Time (rays): 0.001 s
Capturing (0 / 121515)...OK (0.001 s)
0 surfaces refined
Refining peculiar surfaces takes 0.003 s
-----------------------------------------------------------------------

-----------------------------------------------------------------------
Base mesh 1 Refining...
Collecting and processing rays:
	Adding rays...OK (0.000 s)
	new bricks = 0 / 121515
	new rays   = 0 (x=0, y=0, z=0)
	Processing rays...
		Rays process:  0.000 (0.000) s
		Sort xstacks:  0.000 (0.000) s
		Put xstacks:   0.000 (0.000) s
		Total:         0.000 s
	Correcting rays...
		Total:         0.000 s
	Time (rays): 0.001 s
Capturing (0 / 121515)...OK (0.001 s)
Refinement input: 121515 bricks
	Checking crit (121027 / 121515)...0 marked (0.001 s)
Refinement result (0 iterations): 121515 bricks (0.002 s)
-----------------------------------------------------------------------
Refining channels...
FYI: CNarrowChannelRefiner::RefineChannels_PRLL
Refinement input: 121515 bricks
	Time(refinement): 0.000 s
Setting regions (64 / 121571)...OK (0.001 s)
Refinement result (1 iterations): 121571 bricks (0.008 s)
Collecting and processing rays:
	Adding rays...OK (0.000 s)
	new bricks = 64 / 121571
	new rays   = 42 (x=9, y=12, z=21)
	Processing rays...
		Rays process:  0.000 (0.000) s
		Sort xstacks:  0.000 (0.000) s
		Put xstacks:   0.000 (0.000) s
		Total:         0.000 s
	Correcting rays...
		Lame vertices: 0.000 (0.000) s
		Bad rays:      0.000 (0.000) s
		Emit rays:     0.000 (0.000) s
		Correct ray f: 0.000 (0.000) s
		Undef:         0.000 (0.000) s
		Sum:           0.000 (0.000) s
		Total:         0.001 s
	Time (rays): 0.002 s
Capturing (64 / 121571)...OK (0.001 s)
FYI: m_iteration_count = 0
FYI: level1 statistics:
     level1_cnt_plus[1]=64;		level1_cnt_minus[1]=0
     level1_cnt_plus[2]=0;		level1_cnt_minus[2]=0
     level1_cnt_plus[3]=0;		level1_cnt_minus[3]=0
     level1_cnt_plus[4]=0;		level1_cnt_minus[4]=0
     level1_cnt_plus[5]=0;		level1_cnt_minus[5]=0
     level1_cnt_plus[6]=0;		level1_cnt_minus[6]=0
     level1_cnt_plus[7]=0;		level1_cnt_minus[7]=0
     level1_cnt_plus[8]=0;		level1_cnt_minus[8]=0
     level1_cnt_plus[9]=0;		level1_cnt_minus[9]=0
FYI: m_iteration_count = 1
FYI: level1 statistics:
     level1_cnt_plus[1]=64;		level1_cnt_minus[1]=0
     level1_cnt_plus[2]=0;		level1_cnt_minus[2]=0
     level1_cnt_plus[3]=0;		level1_cnt_minus[3]=0
     level1_cnt_plus[4]=0;		level1_cnt_minus[4]=0
     level1_cnt_plus[5]=0;		level1_cnt_minus[5]=0
     level1_cnt_plus[6]=0;		level1_cnt_minus[6]=0
     level1_cnt_plus[7]=0;		level1_cnt_minus[7]=0
     level1_cnt_plus[8]=0;		level1_cnt_minus[8]=0
     level1_cnt_plus[9]=0;		level1_cnt_minus[9]=0
FYI: level1 statistics:
     level1_cnt_plus[1]=64;		level1_cnt_minus[1]=0
     level1_cnt_plus[2]=0;		level1_cnt_minus[2]=0
     level1_cnt_plus[3]=0;		level1_cnt_minus[3]=0
     level1_cnt_plus[4]=0;		level1_cnt_minus[4]=0
     level1_cnt_plus[5]=0;		level1_cnt_minus[5]=0
     level1_cnt_plus[6]=0;		level1_cnt_minus[6]=0
     level1_cnt_plus[7]=0;		level1_cnt_minus[7]=0
     level1_cnt_plus[8]=0;		level1_cnt_minus[8]=0
     level1_cnt_plus[9]=0;		level1_cnt_minus[9]=0

-----------------------------------------------------------------------
U-shapes refinement...
Refinement input: 121571 bricks
	Checking crit (121019 / 121571)...0 marked (0.007 s)
Refinement result (0 iterations): 121571 bricks (0.008 s)
Collecting and processing rays:
	Adding rays...OK (0.001 s)
	new bricks = 0 / 121571
	new rays   = 0 (x=0, y=0, z=0)
	Processing rays...
		Rays process:  0.000 (0.000) s
		Sort xstacks:  0.000 (0.000) s
		Put xstacks:   0.000 (0.000) s
		Total:         0.000 s
	Correcting rays...
		Total:         0.000 s
	Time (rays): 0.001 s
Capturing (0 / 121571)...OK (0.001 s)
-----------------------------------------------------------------------

-----------------------------------------------------------------------
Equi Distant Refiner:
Equi Distant Refiner takes 0.00 s
-----------------------------------------------------------------------

/-Ray Intersection---------------/ Time	0.448 s
Calls                8725
CorrectRay Calls     0



-----------------------------------------------------------------------
Refining geometries takes 0.243 s
-----------------------------------------------------------------------
-----------------------------------------------------------------------
Memory Working Set Current = 116.93 Mb, Memory Working Set Peak = 116.93 Mb
Memory Private Bytes Current = 118.25 Mb, Memory Private Bytes Peak = 118.25 Mb
Process Threads Number: 12
-----------------------------------------------------------------------
Defect ray count	0
FYI: CNarrowChannelRefiner::RedistributeLevel1_step_1: is started
FYI: CNarrowChannelRefiner::RedistributeLevel1_step_1: is finished (0.001 s)
FYI: level1 statistics:
     level1_cnt_plus[1]=64;		level1_cnt_minus[1]=0
     level1_cnt_plus[2]=0;		level1_cnt_minus[2]=0
     level1_cnt_plus[3]=0;		level1_cnt_minus[3]=0
     level1_cnt_plus[4]=0;		level1_cnt_minus[4]=0
     level1_cnt_plus[5]=0;		level1_cnt_minus[5]=0
     level1_cnt_plus[6]=0;		level1_cnt_minus[6]=0
     level1_cnt_plus[7]=0;		level1_cnt_minus[7]=0
     level1_cnt_plus[8]=0;		level1_cnt_minus[8]=0
     level1_cnt_plus[9]=0;		level1_cnt_minus[9]=0
FYI: CNarrowChannelRefiner::RedistributeLevel1_step_2: is started
FYI: CNarrowChannelRefiner::RedistributeLevel1_step_2: is finished (0.043 s)
FYI: level1 statistics:
     level1_cnt_plus[1]=64;		level1_cnt_minus[1]=0
     level1_cnt_plus[2]=0;		level1_cnt_minus[2]=0
     level1_cnt_plus[3]=0;		level1_cnt_minus[3]=0
     level1_cnt_plus[4]=0;		level1_cnt_minus[4]=0
     level1_cnt_plus[5]=0;		level1_cnt_minus[5]=0
     level1_cnt_plus[6]=0;		level1_cnt_minus[6]=0
     level1_cnt_plus[7]=0;		level1_cnt_minus[7]=0
     level1_cnt_plus[8]=0;		level1_cnt_minus[8]=0
     level1_cnt_plus[9]=0;		level1_cnt_minus[9]=0
FYI: CNarrowChannelRefiner::RedistributeLevel1_step_3: is started
FYI: CNarrowChannelRefiner::RedistributeLevel1_step_3: is finished (0.012 s)
RedistributeLevel1 takes:
FYI: level1 statistics:
     level1_cnt_plus[1]=64;		level1_cnt_minus[1]=74
     level1_cnt_plus[2]=0;		level1_cnt_minus[2]=0
     level1_cnt_plus[3]=0;		level1_cnt_minus[3]=0
     level1_cnt_plus[4]=0;		level1_cnt_minus[4]=0
     level1_cnt_plus[5]=0;		level1_cnt_minus[5]=0
     level1_cnt_plus[6]=0;		level1_cnt_minus[6]=0
     level1_cnt_plus[7]=0;		level1_cnt_minus[7]=0
     level1_cnt_plus[8]=0;		level1_cnt_minus[8]=0
     level1_cnt_plus[9]=0;		level1_cnt_minus[9]=0
-----------------------------------------------------------------------
MSH format builder (Iteration 0)
-----------------------------------------------------------------------
Memory Working Set Current = 119.74 Mb, Memory Working Set Peak = 119.74 Mb
Memory Private Bytes Current = 121.07 Mb, Memory Private Bytes Peak = 121.07 Mb
Process Threads Number: 12
-----------------------------------------------------------------------
Total bricks count: 121571
-----------------------------------------------------------------------
MSH (Real Geometry) format constructor:
	Geom    Count = 2
	Bodyset Count = 2
	3D task
	Getting brick sets...OK (0.004 s)

	Min x-stack xeps = 7.84842e-05
	D / dh / eps [axis=0] = (4.74927, 0.044422, 2.61614e-05)
	D / dh / eps [axis=1] = (8.91485, 0.0481093, 2.61614e-05)
	D / dh / eps [axis=2] = (3.42544, 0.0399635, 2.61614e-05)
	Time (xeps): 0.001 s
Level 1
	Set (0)  size: 276
	Set (0)  time: 0.008 s
	Set (1)  size: 276
	Set (1)  time: 0.003 s
Level 0
	Set (0)  size: 60509
	Set (0)  time: 0.043 s
	Set (1)  size: 60510
	Set (1)  time: 0.041 s

	Spread npq bricks...0 marked (0.001 s)

Result:
	Bricks number:                        121571

	Memory usage:                         2.633 MB
	Memory usage (per brick):             0.022 KB
	Construction time:                    0.101 s

	Topology features:
	------------------
	- High quality bricks                  100.00 % (121571)
	- Medium quality bricks                  0.00 % (0)
	- Bad quality bricks                     0.00 % (0)
	- NPQ bricks                             0.00 % (0)
	- Type-1 bricks                          2.18 % (2652)
	- Ribs corrected bricks                  0.00 % (0)
	- Points with geom-info (bricks)         0.00 % (0)
	- Points with closest-info (bricks)      0.00 % (0)
	- Triangulated by center (bricks)        0.00 % (0)
	- Facet w-faces mergings (bricks)        0.00 % (0)
	- To refine (bricks)                     0.00 % (0)
	- Points-count                           0.00 % (0)
	- T-self-intersection-all (bricks)       0.00 % (0)
	- T-self-intersection-simple (bricks)    0.00 % (0)
	- T-self-intersection-complex (bricks)   0.00 % (0)
	- NPQ by reason 1 u-shape                0.00 % (0)
	- NPQ by reason 2 tri-by-ctr             0.00 % (0)
	- NPQ by reason 3 ray-correction         0.00 % (0)
	- NPQ by reason 4 t-self-intersection    0.00 % (0)
	- NPQ by reason 5 non-good               0.00 % (0)
	- NPQ by reason 6 npq-worker             0.00 % (0)

-----------------------------------------------------------------------
Memory Working Set Current = 128.45 Mb, Memory Working Set Peak = 128.45 Mb
Memory Private Bytes Current = 128.92 Mb, Memory Private Bytes Peak = 128.92 Mb
Process Threads Number: 12
-----------------------------------------------------------------------
-----------------------------------------------------------------------
msh-iterations: 1
-----------------------------------------------------------------------
high---q-brick-count = 100.00 % (121571 121571)
medium-q-brick-count =   0.00 % (121571 0)
bad----q-brick-count =   0.00 % (121571 0)
np-----q-brick-count =   0.00 % (121571 0)
-----------------------------------------------------------------------
Free brick parser storage...OK(0.001 s)
-----------------------------------------------------------------------
Memory Working Set Current = 128.50 Mb, Memory Working Set Peak = 128.50 Mb
Memory Private Bytes Current = 128.92 Mb, Memory Private Bytes Peak = 128.92 Mb
Process Threads Number: 12
-----------------------------------------------------------------------
-----------------------------------------------------------------------
MSH --> BCF format (Iteration 0)...
BCF collector...(remove mode=0)
	Time (alloc counter per brick): 0.002 s
	Brick    count: 121571
	Av.f all count: 121085
	Av.s all count: 3292
	Av.f pid count: 2772
	Av.s pid count: 2686
	Faces fs count: 6359
	Faces ff count: 0
	Faces ss count: 0
	Faces bb count: 0
	Faces fe count: 15888
	Faces se count: 0
	Faces fw count: 22247
	Faces af count: 354338
	Faces as count: 8496
	Time (all count): 	0.006 s
	Time (bcf alloc): 	0.001 s
	Time (shifts alloc): 	0.004 s
	Time (shifts init): 	0.004 s
	Time (bcf fill): 	0.011 s
	Time (add av to faces): 0.001 s
	Time (add faces to av): 0.007 s
Time (bcf collect): 		0.038 s
	AV checker...
		Hole marker...
			Subdomains:               1.
			Subdomains (cond):        1.
			Time (sd):      0.017 s.
			Time (sd_cond): 0.016 s.
			Time (potential-hole marking): 	0.001 s
			Time (hole checking): 0.000 s.
			0 av(s) are marked to fill subdomain holes.
		Time (hole marker): 0.037 s.
	Time (check av): 	0.064 s
	Subdomain checker...
		Subdomains construction time: 0.016 s.
		Subdomains sort time: 0.000 s.
			Subdomain 0 (geom_ind=0): 121085 av
			Subdomain 1 (geom_ind=1): 3292 av
		gi: 0, real bodies: 1
		gi: 0, subdomains:  1
		gi: 1, real bodies: 0
		gi: 1, subdomains:  1
		Defect subdomains: 0
	Time (check subdoms): 	0.019 s
Time (bcf iteration total): 	0.123 s
	Time (fw-nb): 		0.001 s
	Fixed mutual fw-nb:     4227 (bb: 0)
	Time (fw-nb mutual): 	0.001 s
	Time (fw-nb sort): 	0.000 s
	Fw-opt BEFORE total:    22247 (fs=6359, ff=0, ss=0)
	Fw-opt AFTER  total:    19634 (fs=3746, ff=0, ss=0, failed fw/br=161/0, big_curv=0, big_poly=0)
	Fw-opt RESULT:          2613 (res/(fs+ff+ss) = 41.09 %)
	Time (fw-opt): 		0.003 s
	Time (fw-re-order): 	0.002 s
	Time (fw-nb): 		0.005 s
	Fixed mutual fw-nb:     39178 (bb: 0)
	Time (fw-nb mutual): 	0.002 s
	Time (fw-nb sort): 	0.001 s
	Time (rfd fix): 	0.000 s
	Time (av convexity): 	0.002 s
	Time (av small volume): 0.001 s
	Time (diagonal fw-nb): 	0.018 s
	Fixed mutual fw-nb:     0 (bb: 0)
	Time (fw-nb mutual): 	0.002 s
	Time (fw-nb sort): 	0.001 s
	Fluid subdomains: 1
	Faces fw-nb diff sd:    0
	Time (fw-nb diff sd): 	0.018 s
Time (bcf calc): 		0.064 s
-----------------------------------------------------------------------
Time (bcf total): 		0.188 s
-----------------------------------------------------------------------
bcf-iterations: 1
-----------------------------------------------------------------------
-----------------------------------------------------------------------
Mega-cv constructor for fluid...
	 28 av's is treated as thin
Relative size generator (threshold = 0.05)...
	Iteration 1 (small cluster count = 858)
	Iteration 2 (small cluster count = 449)
	Iteration 3 (small cluster count = 85)
	Iteration 4 (small cluster count = 30)
	Iteration 5 (small cluster count = 1)
	Iteration 6 (small cluster count = 0)
	 824 mega-cv's generated
	 5 mega-cv's removed
Relative size generator is completed OK (0.007 s)
Apply fa-rules to mega-cv clusters fixes...
	Fa-rule violation fixes:        3 of        3 (total cluster# =      822)
OK (0.001 s)
There are 20 clusters with nbrs connected in more than one axis
Convert clusters:
	 819 mega-cv's total
Mega-cv count: 819
Time (mega-cv fill): 	0.001 s
Time (mega-cv total): 	0.028 s
-----------------------------------------------------------------------
Mixing plane rotation regions: NO.
Sliding mesh rotation regions: NO.
Fluid/fluid faces: NO.
-----------------------------------------------------------------------
Memory Working Set Current = 158.85 Mb, Memory Working Set Peak = 180.77 Mb
Memory Private Bytes Current = 178.68 Mb, Memory Private Bytes Peak = 184.20 Mb
Process Threads Number: 12
-----------------------------------------------------------------------
----------------------------------------------------------
BCF --> BCF.GEOMSUBDOM (bridge arrays):
MESH (0):
	Fluid Subdom Constructor: 1 subdom(s).
	Solid Subdom Constructor: 1 subdom(s).
	Net Asm Subdom Constructor: 0 subdom(s).
	GEOMSUBDOM (0): gi=0 Fluid av=121085 cv=120226 fa=354338 fb=0 fw=19634 V=1.437421e+02
	Cache data...OK
	GEOMSUBDOM (1): gi=1 Solid av=3292 cv=3292 fa=8496 fb=0 fw=3746 V=1.287825e+00
	Cache data...OK
	Setting nb of w-faces...OK (0.002 s).
	Correcting nb of w-faces...
	Time(correct_fw_nb)=0.003 s

MESH (0) checking:
	GEOMSUBDOM (0):fa_s=3967.8453084085231239 fb_s=0.0000000000000000 fw_s=196.3870665842125334 fw_nb=158298
	              :d_const(62961)=1.15882e-12 d_linear(62909)=2.82734e-12
	GEOMSUBDOM (1):fa_s=42.1986274644768855 fb_s=0.0000000000000000 fw_s=18.0976698351496026 fw_nb=31218
	              :d_const(1120)=1.84954e-12 d_linear(2577)=1.64735e-11
MESH (0) checking: OK.
Time (MDS): 	0.114 s
----------------------------------------------------------
-----------------------------------------------------------------------
Memory Working Set Current = 198.66 Mb, Memory Working Set Peak = 198.66 Mb
Memory Private Bytes Current = 215.43 Mb, Memory Private Bytes Peak = 215.43 Mb
Process Threads Number: 12
-----------------------------------------------------------------------

-----------------------------------------------------------------------
BCF CHECKSUM DATA (Mesh 0):

BRICK |Level1| Sum:               138
FACE_A Area Sum:   G.Fluid        3967.8453084085199407
FACE_A Area Sum:   G.Solid        42.1986274644768926
FACE_W Area Sum:                  196.3870665842125618
FACE_W Nb   Sum:                  158298
FACE_W min curvatures sum:        -1136290.69267210
FACE_W max curvatures sum:        11547311.29526329
AV Max Disbalance(Const) :        3.1643e-12 (cid=70501, t={28, 86, 36}, avid=70033, pid=2211)
AV Max Disbalance(Linear):        6.21314e-11 (cid=70243, t={40, 74, 36}, avid=69775, pid=2085)
-----------------------------------------------------------------------


-----------------------------------------------------------------------
MESHER TOPOLOGY DATA:

BRICKS: Total                 121571
BRICKS: Fluid                 120965
BRICKS: Fluid Partial         2652
BRICKS: Type 1                2652
BRICKS: Max AV number         4

AV:     G.Total               124377
AV:     G.Fluid               121085
AV:     G.Solid               3292

AV:     G.Fluid Thin Profile    0.03 % (34)
AV:     G.Solid Thin Profile    3.65 % (120)

AV:     G.Fluid Thin For Mega   0.02 % (28)
AV:     G.Solid Thin For Mega   2.86 % (94)

AV:     G.Fluid Non-Convex      1.09 % (1315)
AV:     G.Solid Non-Convex     35.60 % (1172)

AV:     G.Fluid Non-Ess-Convex      0.47 % (573)
AV:     G.Solid Non-Ess-Convex     11.18 % (368)

FACE_A: G.Fluid          (af) 354338 (partially opened 5592)
FACE_A: G.Solid          (as) 8496 (partially opened 5433)

FACE_B: G.Total          (b)  0

FACE_W: G.Total                 19634       Brick/Bound
FACE_W: G.Fluid/Solid    (fs_g) 3746        0           
FACE_W: G.Fluid/Fluid    (ff_g) 0           0           
FACE_W: G.Solid/Solid    (ss_g) 0           0           
FACE_W: G.Fluid/Void     (fv_g) 0           0           
FACE_W: G.Fluid/External (fe_g) 15888
FACE_W: G.Solid/External (se_g) 0

AV/CV max fa count (on brick side):4
AV/CV max fw count:                4
AV/CV max fb count:                0
AV/CV max fw poly count:           30

MEMORY: Total                   36.390 MB
MEMORY: Per Brick               0.307 KB
-----------------------------------------------------------------------

-----------------------------------------------------------------------
Connectivities information:
	Number of conns: 0
-----------------------------------------------------------------------
	Time (gap size): 	0.027 s
-----------------------------------------------------------------------
Memory Working Set Current = 198.70 Mb, Memory Working Set Peak = 198.70 Mb
Memory Private Bytes Current = 215.43 Mb, Memory Private Bytes Peak = 215.43 Mb
Process Threads Number: 12
-----------------------------------------------------------------------
-----------------------------------------------------------------------
Calculating curvature and tolerance criteria...
Curvature: min=0 (cid=0) max=3.14148 (cid=65611)
Tolerance: min=0 (cid=0) max=0.0503819 (cid=63365)
Calculating curvature and tolerance criteria takes 0.085 s
-----------------------------------------------------------------------
MESH Build(FS) finished. Time=0.913 s
-----------------------------------------------------------------------
Current CPU = 1 sec

Nx=44
Ny=86
Nz=32
Max BRICK Level=1
Mesh Level=1
-----------------CModelBodies2MeshMapper::CollectData started -------------------------------
	Time (collect mesh base data): 0.001 s.
	Time (collect model bodies mapping): 0.000 s.
	Time (collect positive bodies mapping): 0.000 s.
	Time (collect fluid bodies mapping): 0.000 s.
-----------------CModelBodies2MeshMapper Report -------------------------------
FluidDomains 1 SolidDomains 1 VoidDomains 0 
Domains RefIndexes
----------------- -------------------------------
	ModelBodies
Total resolved Bodies 0 BodySets 0

--------------------------------------------------------------------------
	Positive geometry Bodies
Total resolved Bodies 1 BodySets 1
BodySet 0
	Bodies list:
			#0	Name: ;	ID: 81cd01f5-d5ed-4bd6-8a29-f72cd928969a
	Domains list:mesh type	 (0, 1)		 0 


--------------------------------------------------------------------------
	Fluid regions
Total resolved Bodies 1 BodySets 1
BodySet 0	Material: Air; 
	Bodies list:
			#0	Name: ;	ID: 81cd01f5-d5ed-4bd6-8a29-f72cd928969a
	Domains list:mesh type	 (0, 1)		 0 


--------------------------------------------------------------------------
Collect data takes...0.002 s
-----------------CModelBodies2MeshMapper::CollectData finished successfully-------------------
Saving initial mesh in: C:\Users\juded\OneDrive\Desktop\Car shit\19\19.fld .
Storing results...
	Estimated CPT size=13.665 MB.
	Time (write bcf): 0.325 s
Storing results takes 0.333 s
-----------------------------------------------------------------------
Memory Working Set Current = 199.01 Mb, Memory Working Set Peak = 199.01 Mb
Memory Private Bytes Current = 215.43 Mb, Memory Private Bytes Peak = 215.43 Mb
Process Threads Number: 12
-----------------------------------------------------------------------
Cleaning memory...
-----------------------------------------------------------------------
Start to free mesher data...
MMP (msh): locals=3, allc_sz=16.40 MB, used_sz=14.85 MB, blks-min-max=1/30
MMP (brx): locals=6, allc_sz=18.35 MB, used_sz=16.64 MB, blks-min-max=16/21
MMP (bcf): locals=6, allc_sz=53.56 MB, used_sz=52.46 MB, blks-min-max=20/42
MMP (xsl): locals=6, allc_sz=0.21 MB, used_sz=0.14 MB, blks-min-max=2/2
Free xsl...            OK	Time=0.000 s
Free ray collector...  OK	Time=0.000 s
Free ray intersector...OK	Time=0.000 s
Free body sets...      OK	Time=0.013 s
Free Geometry DB takes 0.000 s
Free mesh conn...      OK	Time=0.000 s
Free geomsd...         OK	Time=0.000 s
Free mbricks...        OK	Time=0.001 s
Free hash info...      OK	Time=0.002 s
Free bricks-x...       OK	Time=0.002 s
Free bcf...            OK	Time=0.005 s
Free mesh h...         OK	Time=0.000 s
Free bricks arr..      OK	Time=0.000 s
Free bricks tree...    OK	Time=0.000 s
Free mesh pools...     OK	Time=0.009 s
Free bodies mapper...  OK	Time=0.000 s
Free geom crits...     OK	Time=0.000 s
Free cpt regions...    OK	Time=0.000 s
Free peculiar surfs... OK	Time=0.000 s
Free sw-geometries...  OK	Time=0.000 s
Total free mesher data time: 0.036 s
-----------------------------------------------------------------------
Copying... OK
CPT size=4.352 MB (4562898 bytes).
Mesh generation normally finished at	14.12.2024	20:8:52
Mesher CPU = 1 sec
Mesher is finished at	14.12.2024	20:8:52
-----------------------------------------------------------------------
Memory Working Set Current = 36.86 Mb, Memory Working Set Peak = 199.01 Mb
Memory Private Bytes Current = 48.24 Mb, Memory Private Bytes Peak = 215.43 Mb
Process Threads Number: 12
-----------------------------------------------------------------------
Algebra Pool      : mem_usage = 3.38 Mb, allocated count = 0
-----------------------------------------------------------------------
Memory Working Set Current = 33.58 Mb, Memory Working Set Peak = 199.01 Mb
Memory Private Bytes Current = 44.91 Mb, Memory Private Bytes Peak = 215.43 Mb
Process Threads Number: 12
Process Threads Number Peak: 12
-----------------------------------------------------------------------
Log ended at 14.12.2024	20:08:52
